cache_lines,MRC
256,0.04009132
512,0.03607162
768,0.031152819999999998
1024,0.023495620000000002
1280,0.015945420000000002
1536,0.01172162
1792,0.01112762
2048,0.01086302
2304,0.01063362
2560,0.01049192
2816,0.01035442
3072,0.01020692
3328,0.01003542
3584,0.009910519999999999
3840,0.00982642
4096,0.00975652
4352,0.00968682
4608,0.00961322
4864,0.00954212
5120,0.00945742
5376,0.00937332
5632,0.00927699
5888,0.00921263
6144,0.0091552
6400,0.00909805
6656,0.00904748
6912,0.00898535
7168,0.0088749
7424,0.00876896
7680,0.00868489
7936,0.0086076
8192,0.00849818
8448,0.00838856
8704,0.00822171
8960,0.00814802
9216,0.007931239999999999
9472,0.00787124
9728,0.00770555
9984,0.00753114
10240,0.00749668
10496,0.00738308
10752,0.007350819999999999
11008,0.00729078
11264,0.00727333
11520,0.00723326
11776,0.007218209999999999
12032,0.0071835300000000005
12288,0.0071658699999999995
12544,0.00714374
12800,0.00712927
13056,0.00711044
13312,0.00709549
13568,0.00707498
13824,0.00706058
14080,0.00703432
14336,0.00698583
14592,0.00696587
14848,0.00695451
15104,0.00694452
15360,0.00693368
15616,0.00692033
15872,0.00690525
16128,0.00689492
16384,0.0068844299999999995
16640,0.0068743499999999996
16896,0.00686159
17152,0.00684639
17408,0.00682273
17664,0.00681439
17920,0.00680596
18176,0.00678572
18432,0.00677923
18688,0.0067729999999999995
18944,0.00676653
19200,0.00676035
19456,0.00673808
19712,0.00673132
19968,0.0067254
20224,0.0067178
20480,0.00671233
20736,0.00670386
20992,0.00669813
21248,0.00668921
21504,0.00668198
21760,0.00665666
22016,0.00665047
22272,0.00664145
22528,0.00663547
22784,0.00661914
23040,0.00660788
23296,0.0066007999999999995
23552,0.0065945299999999995
23808,0.0065886
24064,0.00658442
24320,0.00657912
24576,0.00657377
24832,0.00656822
25088,0.00656335
25344,0.00655664
25600,0.00655117
25856,0.00653277
26112,0.00652286
26368,0.00651611
26624,0.00651138
26880,0.00650735
27136,0.00650097
27392,0.00648301
27648,0.00647828
27904,0.00647322
28160,0.00646811
28416,0.00646363
28672,0.00645828
28928,0.00645382
29184,0.00644888
29440,0.00644043
29696,0.00643495
29952,0.00643116
30208,0.00642703
30464,0.00642299
30720,0.00641929
30976,0.00641449
31232,0.00640983
31488,0.00640536
31744,0.00640161
32000,0.00637376
32256,0.00637076
32512,0.0063661099999999995
32768,0.00636218
33024,0.00635848
33280,0.0063554
33536,0.0063516499999999995
33792,0.00634877
34048,0.0063447799999999995
34304,0.00634192
34560,0.00633735
34816,0.00633297
35072,0.0063275499999999995
35328,0.0063233
35584,0.00631472
35840,0.00631123
36096,0.00630721
36352,0.00630348
36608,0.0062707399999999995
36864,0.00626437
37120,0.00625426
37376,0.0062474
37632,0.00624212
37888,0.00623779
38144,0.0062330499999999995
38400,0.00622919
38656,0.00620626
38912,0.00620177
39168,0.00619784
39424,0.00619368
39680,0.00618308
39936,0.0061790199999999995
40192,0.00615597
40448,0.00614346
40704,0.00614066
40960,0.00613737
41216,0.00613419
41472,0.00612636
41728,0.00610259
41984,0.0060982499999999995
42240,0.00609457
42496,0.00608954
42752,0.0060859
43008,0.00607713
43264,0.0060218599999999995
43520,0.00601918
43776,0.00601676
44032,0.00601447
44288,0.0060119
44544,0.00600592
44800,0.00600267
45056,0.00599928
45312,0.00599599
45568,0.00599253
45824,0.00598799
46080,0.00594485
46336,0.00594252
46592,0.00594014
46848,0.00593743
47104,0.00590671
47360,0.00589033
47616,0.00588736
47872,0.00588452
48128,0.00588192
48384,0.00587908
48640,0.0058763
48896,0.00586693
49152,0.0058629599999999995
49408,0.0058601899999999995
49664,0.00585735
49920,0.00585479
50176,0.00585163
50432,0.00584811
50688,0.00584146
50944,0.00583719
51200,0.00583206
51456,0.00582917
51712,0.00582447
51968,0.0058200199999999995
52224,0.0058162199999999996
52480,0.0059037000000000004
52736,0.0059009200000000005
52992,0.00589859
53248,0.005896230000000001
53504,0.005893890000000001
53760,0.00589104
54016,0.0058851
54272,0.00588253
54528,0.00587616
54784,0.00587106
55040,0.00585789
55296,0.00585249
55552,0.0058408800000000006
55808,0.00583813
56064,0.005835460000000001
56320,0.0058325
56576,0.00583001
56832,0.00582747
57088,0.0058227800000000005
57344,0.0058195600000000005
57600,0.00581511
57856,0.0058121100000000005
58112,0.005806690000000001
58368,0.00580352
58624,0.00579274
58880,0.00578914
59136,0.00578501
59392,0.00578265
59648,0.00578002
59904,0.00577771
60160,0.0057749
60416,0.00577172
60672,0.0057684500000000005
60928,0.00576197
61184,0.00575979
61440,0.005757480000000001
61696,0.005687510000000001
61952,0.00568435
62208,0.005680360000000001
62464,0.0056770200000000005
62720,0.005673190000000001
62976,0.00567107
63232,0.00566889
63488,0.005666490000000001
63744,0.00566441
64000,0.005662540000000001
64256,0.00565968
64512,0.00565477
64768,0.00565258
65024,0.0056500100000000004
65280,0.00564439
65536,0.005642530000000001
65792,0.00564058
66048,0.00563704
66304,0.005634920000000001
66560,0.005633020000000001
66816,0.00563106
67072,0.0056288200000000005
67328,0.00562684
67584,0.005624850000000001
67840,0.00562235
68096,0.0056199100000000005
68352,0.0056178700000000005
68608,0.0056156800000000005
68864,0.00561369
69120,0.0056109
69376,0.005608640000000001
69632,0.00560642
69888,0.00560434
70144,0.0056018100000000005
70400,0.00559925
70656,0.0055965400000000005
70912,0.00559396
71168,0.005591840000000001
71424,0.00558976
71680,0.00558765
71936,0.00558549
72192,0.0055836
72448,0.005535320000000001
72704,0.00549157
72960,0.0054894900000000005
73216,0.00548717
73472,0.00548507
73728,0.00548316
73984,0.005481000000000001
74240,0.00547901
74496,0.005477050000000001
74752,0.005475160000000001
75008,0.00547293
75264,0.005470340000000001
75520,0.00546849
75776,0.0054665600000000005
76032,0.005464480000000001
76288,0.005462730000000001
76544,0.0054607100000000006
76800,0.00545873
77056,0.00545665
77312,0.00545469
77568,0.005452670000000001
77824,0.0054503
78080,0.00544804
78336,0.005446250000000001
78592,0.00544412
78848,0.005442300000000001
79104,0.00544061
79360,0.00543876
79616,0.00543624
79872,0.00543374
80128,0.0054313700000000005
80384,0.00542896
80640,0.00542657
80896,0.00542475
81152,0.00542268
81408,0.00542046
81664,0.005418490000000001
81920,0.00541637
82176,0.005413970000000001
82432,0.00541172
82688,0.00540935
82944,0.00540685
83200,0.005404890000000001
83456,0.005403140000000001
83712,0.00540131
83968,0.005399660000000001
84224,0.00539801
84480,0.00539621
84736,0.00539313
84992,0.00539115
85248,0.00538889
85504,0.00538631
85760,0.005384020000000001
86016,0.00538208
86272,0.00538049
86528,0.00537883
86784,0.00537712
87040,0.00537524
87296,0.00537319
87552,0.0053710400000000005
87808,0.00536818
88064,0.00536614
88320,0.005364160000000001
88576,0.0053622
88832,0.00536029
89088,0.00535843
89344,0.005356550000000001
89600,0.00535488
89856,0.00535317
90112,0.00535125
90368,0.005348370000000001
90624,0.0053462100000000005
90880,0.00534352
91136,0.00534147
91392,0.0053398000000000004
91648,0.00533798
91904,0.005336250000000001
92160,0.0053343900000000005
92416,0.00533227
92672,0.00533021
92928,0.00532847
93184,0.00532682
93440,0.00532514
93696,0.005323550000000001
93952,0.00532177
94208,0.00532
94464,0.005306040000000001
94720,0.0051866
94976,0.00518502
95232,0.00518331
95488,0.005181580000000001
95744,0.005179850000000001
96000,0.0051782600000000005
96256,0.00517674
96512,0.005174880000000001
96768,0.005173110000000001
97024,0.005171210000000001
97280,0.005169320000000001
97536,0.00516741
97792,0.00516587
98048,0.00516429
98304,0.005162620000000001
98560,0.00516107
98816,0.00515946
99072,0.005157640000000001
99328,0.00515579
99584,0.0051542
99840,0.00515244
100096,0.005150790000000001
100352,0.005149020000000001
100608,0.005147280000000001
100864,0.00514557
101120,0.00514388
101376,0.00514228
101632,0.00514037
101888,0.0051386
102144,0.0051367900000000005
102400,0.005135010000000001
102656,0.00513333
102912,0.0051316600000000006
103168,0.0051299200000000005
103424,0.0051280300000000004
103680,0.00512645
103936,0.005124640000000001
104192,0.005123
104448,0.00512147
104704,0.00538428
104960,0.00538252
105216,0.0053809
105472,0.005379269999999999
105728,0.00537742
105984,0.00537556
106240,0.005373879999999999
106496,0.00537231
106752,0.00537054
107008,0.005368909999999999
107264,0.0053674199999999995
107520,0.00536586
107776,0.00536432
108032,0.0053627
108288,0.0053604099999999995
108544,0.005357509999999999
108800,0.00535537
109056,0.005353999999999999
109312,0.0053526
109568,0.00535113
109824,0.005349339999999999
110080,0.00534774
110336,0.00534617
110592,0.00534411
110848,0.0053420099999999995
111104,0.005339839999999999
111360,0.0053380599999999995
111616,0.00533658
111872,0.00533504
112128,0.00533352
112384,0.00533197
112640,0.00533037
112896,0.0053287099999999995
113152,0.00532723
113408,0.0052666499999999995
113664,0.00515701
113920,0.0051553
114176,0.005153759999999999
114432,0.00515225
114688,0.00515064
114944,0.005149
115200,0.00514737
115456,0.005145749999999999
115712,0.00514418
115968,0.00514258
116224,0.0051410299999999996
116480,0.00513964
116736,0.00513787
116992,0.00513617
117248,0.00513454
117504,0.0051328699999999994
117760,0.0051312499999999995
118016,0.0051297
118272,0.00512827
118528,0.00512664
118784,0.00512495
119040,0.00512326
119296,0.00512174
119552,0.00512014
119808,0.00511851
120064,0.0051169
120320,0.005115219999999999
120576,0.00511368
120832,0.00511221
121088,0.005110679999999999
121344,0.00510914
121600,0.0051075899999999995
121856,0.005105999999999999
122112,0.00510415
122368,0.00510227
122624,0.005100459999999999
122880,0.005098849999999999
123136,0.00509729
123392,0.00509557
123648,0.005093749999999999
123904,0.00509203
124160,0.0050902199999999995
124416,0.00508807
124672,0.0050855299999999996
124928,0.0050829199999999995
125184,0.00508093
125440,0.00507922
125696,0.00507748
125952,0.00507589
126208,0.00507442
126464,0.005073009999999999
126720,0.0050715099999999996
126976,0.005069499999999999
127232,0.0050674
127488,0.0050653799999999995
127744,0.0050633
128000,0.005061619999999999
128256,0.005060149999999999
128512,0.0050586699999999995
128768,0.00505705
129024,0.00505551
129280,0.00505406
129536,0.00505264
129792,0.005050949999999999
130048,0.0050493099999999996
130304,0.00503586
130560,0.00486948
130816,0.0048229
131072,0.00482124
131328,0.00481971
131584,0.00481831
131840,0.00481675
132096,0.00481518
132352,0.00481366
132608,0.0048122
132864,0.00481079
133120,0.00480926
133376,0.00480769
133632,0.00480627
133888,0.00480477
134144,0.004803239999999999
134400,0.00480167
134656,0.00480009
134912,0.00479862
135168,0.0047970999999999995
135424,0.00479562
135680,0.004794199999999999
135936,0.00479261
136192,0.00479117
136448,0.00478977
136704,0.0047883399999999994
136960,0.004786759999999999
137216,0.004785419999999999
137472,0.00478401
137728,0.00478256
137984,0.00478114
138240,0.00477918
138496,0.00477746
138752,0.00477581
139008,0.00477414
139264,0.00477265
139520,0.00477131
139776,0.00476928
140032,0.00476668
140288,0.004764689999999999
140544,0.0047632099999999995
140800,0.0047618899999999995
141056,0.00476067
141312,0.00475951
141568,0.00475822
141824,0.00475691
142080,0.0047556
142336,0.004754169999999999
142592,0.004751999999999999
142848,0.00474968
143104,0.00474742
143360,0.0047453799999999996
143616,0.00474375
143872,0.00474227
144128,0.00474079
144384,0.00473937
144640,0.00473807
144896,0.004736809999999999
145152,0.004735489999999999
145408,0.00473421
145664,0.0047329699999999995
145920,0.00473174
146176,0.004534089999999999
146432,0.00446389
146688,0.00446255
146944,0.00446125
147200,0.00445991
147456,0.00445846
147712,0.004457
147968,0.0044554899999999995
148224,0.0044540199999999995
148480,0.00445269
148736,0.00445136
148992,0.0044503
149248,0.0044490499999999995
149504,0.00444765
149760,0.004445859999999999
150016,0.0044432199999999995
150272,0.0044405799999999995
150528,0.00443879
150784,0.00443743
151040,0.0044361
151296,0.00443467
151552,0.004433459999999999
151808,0.004431999999999999
152064,0.004430519999999999
152320,0.004429079999999999
152576,0.004427329999999999
152832,0.00442504
153088,0.00442282
153344,0.00442083
153600,0.004419149999999999
153856,0.00441772
154112,0.00441645
154368,0.00441527
154624,0.004414039999999999
154880,0.004412859999999999
155136,0.004411549999999999
155392,0.00441025
155648,0.00440899
155904,0.00440765
156160,0.00440623
156416,0.0041740499999999995
156672,0.0040980899999999995
156928,0.00405573
157184,0.00405426
157440,0.00405271
157696,0.0040512099999999995
157952,0.00404982
158208,0.00404837
158464,0.00404693
158720,0.00404546
158976,0.00404415
159232,0.00404287
159488,0.00404155
159744,0.00404005
160000,0.0040384
160256,0.00403696
160512,0.00403571
160768,0.0040344199999999995
161024,0.00403308
161280,0.0040305
161536,0.00402736
161792,0.004025229999999999
162048,0.004023919999999999
162304,0.0040224399999999995
162560,0.00402119
162816,0.00401975
163072,0.0040184
163328,0.00401741
163584,0.004016179999999999
163840,0.00401466
164096,0.00401278
164352,0.00401069
164608,0.0040085799999999994
164864,0.00400645
165120,0.00400455
165376,0.00400323
165632,0.0040018499999999995
165888,0.00400056
166144,0.0039991
166400,0.00399794
166656,0.00399676
166912,0.0039954
167168,0.0039941099999999995
167424,0.00399297
167680,0.00394873
167936,0.0036314599999999995
168192,0.0036301599999999995
168448,0.0036288600000000002
168704,0.00362745
168960,0.0036259400000000002
169216,0.0036247499999999995
169472,0.0036234499999999994
169728,0.0036223799999999997
169984,0.00362114
170240,0.00361998
170496,0.0036187800000000003
170752,0.0036174599999999994
171008,0.00361505
171264,0.0036118
171520,0.0036094400000000002
171776,0.0036081099999999994
172032,0.00360698
172288,0.00360582
172544,0.0036046999999999997
172800,0.0036035899999999994
173056,0.00360231
173312,0.0036010699999999996
173568,0.0035998000000000002
173824,0.00359753
174080,0.00359532
174336,0.00359315
174592,0.0035910199999999995
174848,0.00358958
175104,0.00358841
175360,0.00358731
175616,0.0035860700000000002
175872,0.00358476
176128,0.0035836
176384,0.00358246
176640,0.00358126
176896,0.0035801699999999997
177152,0.0035791499999999997
177408,0.00327213
177664,0.00315761
177920,0.00315632
178176,0.00315499
178432,0.0031539999999999997
178688,0.00315296
178944,0.0031518699999999998
179200,0.00315059
179456,0.00314912
179712,0.0031461799999999997
179968,0.00314237
180224,0.00314081
180480,0.0031397
180736,0.0031386599999999997
180992,0.0031374999999999997
181248,0.00313637
181504,0.00313547
181760,0.0031345699999999997
182016,0.00313365
182272,0.0031315699999999998
182528,0.0031289399999999998
182784,0.0031267499999999998
183040,0.00312481
183296,0.00312349
183552,0.0031223899999999996
183808,0.0031213599999999997
184064,0.0031202499999999998
184320,0.00311918
184576,0.0031182799999999997
184832,0.00311717
185088,0.00311608
185344,0.0031150799999999997
185600,0.0027885099999999997
185856,0.0026558999999999997
186112,0.0026547299999999997
186368,0.00265367
186624,0.0026525399999999997
186880,0.00265124
187136,0.00265
187392,0.00264885
187648,0.00264768
187904,0.00264653
188160,0.00264541
188416,0.0026443599999999997
188672,0.0026433399999999997
188928,0.0026423899999999997
189184,0.00264142
189440,0.0026404199999999997
189696,0.00263934
189952,0.00263841
190208,0.0026374799999999998
190464,0.0026363299999999997
190720,0.0026352399999999996
190976,0.00263423
191232,0.0026334799999999997
191488,0.00263263
191744,0.00263169
192000,0.00263065
192256,0.0026295199999999998
192512,0.00262835
192768,0.0026272699999999997
193024,0.00262622
193280,0.00262517
193536,0.00262417
193792,0.00262336
194048,0.0026227499999999996
194304,0.00262185
194560,0.0026182799999999997
194816,0.00261146
195072,0.00260789
195328,0.00260578
195584,0.00260532
195840,0.00260467
196096,0.00260399
196352,0.00260329
196608,0.0026029
196864,0.00260189
197120,0.00259985
197376,0.00259603
197632,0.0025919999999999997
197888,0.0025879899999999996
198144,0.0025867299999999998
198400,0.00258603
198656,0.0025856399999999997
198912,0.0025851399999999997
199168,0.0025846099999999998
199424,0.00258406
199680,0.0025835999999999997
199936,0.00258319
200192,0.0025828599999999998
200448,0.0017057599999999997
200704,0.0013315599999999999
200960,0.0013265999999999998
201216,0.0013237099999999999
201472,0.0013230999999999998
201728,0.0013226999999999998
201984,0.0013222
202240,0.0013215999999999998
202496,0.0013186899999999997
202752,0.00131519
203008,0.0013132399999999998
203264,0.0013129499999999998
203520,0.0013126799999999999
203776,0.00131231
204032,0.00131187
204288,0.0010812299999999999
204544,6.202989999999998E-4
204800,6.194469999999999E-4
205056,6.187579999999999E-4
205312,6.182389999999998E-4
205568,6.177249999999998E-4
205824,6.171519999999998E-4
206080,6.163519999999998E-4
206336,6.157389999999998E-4
206592,6.152169999999998E-4
206848,6.144179999999998E-4
207104,6.136339999999998E-4
207360,6.128599999999998E-4
207616,6.119489999999999E-4
207872,6.111149999999999E-4
208128,6.101859999999999E-4
208384,6.092989999999998E-4
208640,6.084099999999999E-4
208896,6.075959999999999E-4
209152,8.59762E-4
209408,8.59009E-4
209664,8.58046E-4
209920,8.572100000000001E-4
210176,8.56458E-4
210432,8.55728E-4
210688,8.5523E-4
210944,8.54723E-4
211200,8.540970000000001E-4
211456,8.5355E-4
211712,8.5299E-4
211968,8.524800000000001E-4
212224,8.520380000000001E-4
212480,8.51561E-4
212736,8.51161E-4
212992,8.50756E-4
213248,8.503240000000001E-4
213504,8.49879E-4
213760,8.493800000000001E-4
214016,8.48958E-4
214272,8.4849E-4
214528,8.48016E-4
214784,8.4761E-4
215040,8.4716E-4
215296,8.466670000000001E-4
215552,8.46251E-4
215808,8.45744E-4
216064,8.452150000000001E-4
216320,8.44438E-4
216576,8.436180000000001E-4
216832,8.42878E-4
217088,8.421440000000001E-4
217344,8.41507E-4
217600,8.409530000000001E-4
217856,8.40187E-4
218112,8.39528E-4
218368,8.38664E-4
218624,8.3788E-4
218880,8.3712E-4
219136,8.362970000000001E-4
219392,8.357470000000001E-4
219648,8.35094E-4
219904,8.34488E-4
220160,8.33752E-4
220416,8.33139E-4
220672,8.32445E-4
220928,8.319600000000001E-4
221184,8.316360000000001E-4
221440,8.31263E-4
221696,8.308580000000001E-4
221952,8.30508E-4
222208,8.30048E-4
222464,8.29627E-4
222720,8.29282E-4
222976,8.288340000000001E-4
223232,8.28412E-4
223488,8.280000000000001E-4
223744,8.276350000000001E-4
224000,8.2719E-4
224256,8.267750000000001E-4
224512,8.26456E-4
224768,8.260920000000001E-4
225024,8.25533E-4
225280,8.24767E-4
225536,8.24125E-4
225792,8.23389E-4
226048,8.22764E-4
226304,8.22128E-4
226560,8.214790000000001E-4
226816,8.20993E-4
227072,8.20431E-4
227328,8.199780000000001E-4
227584,8.19205E-4
227840,8.18602E-4
228096,8.17887E-4
228352,8.17256E-4
228608,8.16623E-4
228864,8.15868E-4
229120,8.151020000000001E-4
229376,8.14404E-4
229632,8.137040000000001E-4
229888,8.129960000000001E-4
230144,8.123420000000001E-4
230400,8.11696E-4
230656,8.11176E-4
230912,8.10892E-4
231168,8.10637E-4
231424,8.103850000000001E-4
231680,8.10022E-4
231936,8.09708E-4
232192,8.09354E-4
232448,8.08989E-4
232704,8.086990000000001E-4
232960,8.08324E-4
233216,8.0795E-4
233472,8.07613E-4
233728,8.07192E-4
233984,8.0671E-4
234240,8.059860000000001E-4
234496,8.05253E-4
234752,8.04607E-4
235008,8.03894E-4
235264,8.03064E-4
235520,8.02349E-4
235776,8.01684E-4
236032,8.01054E-4
236288,8.00459E-4
236544,7.99854E-4
236800,7.99249E-4
237056,7.986930000000001E-4
237312,7.98091E-4
237568,7.97567E-4
237824,7.97086E-4
238080,7.964630000000001E-4
238336,7.95873E-4
238592,7.951610000000001E-4
238848,7.94609E-4
239104,7.94017E-4
239360,7.93443E-4
239616,7.92543E-4
239872,7.91789E-4
240128,7.911610000000001E-4
240384,7.90544E-4
240640,7.89878E-4
240896,7.89228E-4
241152,7.88485E-4
241408,7.876830000000001E-4
241664,7.86931E-4
241920,7.86151E-4
242176,7.85394E-4
242432,7.84793E-4
242688,7.84167E-4
242944,7.833590000000001E-4
243200,7.826210000000001E-4
243456,7.818580000000001E-4
243712,7.81185E-4
243968,7.80626E-4
244224,7.80029E-4
244480,7.795020000000001E-4
244736,7.78867E-4
244992,7.78379E-4
245248,7.77752E-4
245504,7.77005E-4
245760,7.76571E-4
246016,7.760460000000001E-4
246272,7.75368E-4
246528,7.74939E-4
246784,7.74416E-4
247040,7.73786E-4
247296,7.7308E-4
247552,7.72471E-4
247808,7.71813E-4
248064,7.71211E-4
248320,7.70437E-4
248576,7.69689E-4
248832,7.68973E-4
249088,7.682380000000001E-4
249344,7.675550000000001E-4
249600,7.66993E-4
249856,7.66424E-4
250112,7.65763E-4
250368,7.65227E-4
250624,7.64624E-4
250880,7.64121E-4
251136,7.63578E-4
251392,7.62926E-4
251648,7.62351E-4
251904,7.61714E-4
252160,7.61022E-4
252416,7.6037E-4
252672,7.5964E-4
252928,7.59048E-4
253184,7.581630000000001E-4
253440,7.57332E-4
253696,7.56371E-4
253952,7.55536E-4
254208,7.547400000000001E-4
254464,7.541620000000001E-4
254720,7.535980000000001E-4
254976,7.52973E-4
255232,7.523930000000001E-4
255488,7.51782E-4
255744,7.51115E-4
256000,7.50515E-4
256256,7.49871E-4
256512,7.49323E-4
256768,7.48718E-4
257024,7.48059E-4
257280,7.4745E-4
257536,7.46955E-4
257792,7.46421E-4
258048,7.457550000000001E-4
258304,7.45201E-4
258560,7.445290000000001E-4
258816,7.43804E-4
259072,7.433520000000001E-4
259328,7.42548E-4
259584,7.41633E-4
259840,7.40682E-4
260096,7.396270000000001E-4
260352,7.3873E-4
260608,7.376300000000001E-4
260864,7.368450000000001E-4
261120,7.362310000000001E-4
