cache_lines,MRC
256,0.037446618475073315
512,0.03002523695014664
768,0.017113355425219953
1024,0.008276673900293262
1280,0.002351092375366577
1536,-0.0016835891495601135
1792,-0.004703470674486794
2048,-0.006524452199413479
2304,-0.007855433724340166
2560,-0.008745015249266859
2816,-0.009245396774193539
3072,-0.009725678299120223
3328,-0.010030959824046913
3584,-0.010183541348973604
3840,-0.010220722873900284
4096,-0.01023160439882697
4352,-0.01020328592375366
4608,-0.010162067448680347
4864,-0.010164448973607028
5120,-0.010161530498533716
5376,-0.010138112023460401
5632,-0.010056493548387092
5888,-0.009939075073313774
6144,-0.009804756598240458
6400,-0.009684638123167149
6656,-0.009705519648093835
6912,-0.009592101173020524
7168,-0.009629982697947206
7424,-0.009576364222873893
7680,-0.009606045747800582
7936,-0.009634927272727262
8192,-0.009848508797653949
8448,-0.009762490322580638
8704,-0.010148571847507327
8960,-0.010073753372434015
9216,-0.010669034897360694
9472,-0.010458716422287382
9728,-0.010510397947214072
9984,-0.010303479472140751
10240,-0.010149960997067439
10496,-0.009951642521994129
10752,-0.009767624046920817
11008,-0.009517705571847505
11264,-0.009325087096774185
11520,-0.009073668621700875
11776,-0.008836850146627561
12032,-0.008580531671554242
12288,-0.008328813196480933
12544,-0.008066694721407617
12800,-0.007824176246334306
13056,-0.007559557771260991
13312,-0.007337739296187678
13568,-0.007184420821114364
13824,-0.006932902346041051
14080,-0.006654483870967735
14336,-0.006373765395894425
14592,-0.006114246920821107
14848,-0.005856128445747795
15104,-0.005579009970674481
15360,-0.005304791495601167
15616,-0.005035073020527855
15872,-0.0047664545454545425
16128,-0.004525636070381225
16384,-0.004262617595307914
16640,-0.003986699120234603
16896,-0.0037022806451612877
17152,-0.0034501621700879746
17408,-0.003159343695014659
17664,-0.0028730252199413477
17920,-0.002584106744868031
18176,-0.00234798826979472
18432,-0.0020603697947214027
18688,-0.0017713513196480901
18944,-0.0014834328445747745
19200,-0.001191914369501463
19456,-9.123958944281495E-4
19712,-6.238774193548374E-4
19968,-3.450589442815198E-4
20224,-9.344046920821067E-5
20480,1.6607800586510707E-4
20736,4.535964809384181E-4
20992,7.380149560117337E-4
21248,9.99633431085046E-4
21504,0.001268951906158361
21760,0.001553370381231673
22016,0.0018447888563049887
22272,0.0021349073313783017
22528,0.0024301258064516155
22784,0.002723644281524929
23040,0.0030155627565982453
23296,0.0033082812316715567
23552,0.003597999706744872
23808,0.003885218181818185
24064,0.004176836656891499
24320,0.00441885513196481
24576,0.004706773607038122
24832,0.00500079208211144
25088,0.005296910557184752
25344,0.005580929032258066
25600,0.005841247507331379
25856,0.006133765982404692
26112,0.006429884457478007
26368,0.006529180967741936
26624,0.006533951935483872
26880,0.006529522903225808
27136,0.006529293870967743
27392,0.006516264838709681
27648,0.006517535806451612
27904,0.00651900677419355
28160,0.0065204777419354855
28416,0.0065225487096774205
28672,0.006524319677419357
28928,0.0065247906451612915
29184,0.006525761612903226
29440,0.006527132580645162
29696,0.006511603548387097
29952,0.006461974516129034
30208,0.0064660454838709695
30464,0.006466716451612902
30720,0.006469887419354838
30976,0.0064753583870967735
31232,0.006479329354838711
31488,0.006484300322580646
31744,0.006487371290322582
32000,0.006493742258064516
32256,0.006495213225806451
32512,0.006497784193548387
32768,0.006496655161290322
33024,0.006495726129032257
33280,0.006488797096774194
33536,0.006489968064516131
33792,0.006494639032258064
34048,0.006466410000000002
34304,0.006402580967741937
34560,0.006397551935483872
34816,0.006384022903225806
35072,0.0063788938709677424
35328,0.006380164838709679
35584,0.006380135806451614
35840,0.00638270677419355
36096,0.006327277741935483
36352,0.006325848709677421
36608,0.006326619677419354
36864,0.0063201906451612905
37120,0.006315361612903225
37376,0.0063154325806451615
37632,0.006230803548387098
37888,0.006236874516129032
38144,0.006240945483870969
38400,0.006244616451612905
38656,0.0062480874193548384
38912,0.006176258387096775
39168,0.006177429354838709
39424,0.006180700322580647
39680,0.006180571290322581
39936,0.006184142258064518
40192,0.006177813225806454
40448,0.006009684193548387
40704,0.006016555161290323
40960,0.006023426129032257
41216,0.006031497096774195
41472,0.006035468064516129
41728,0.006033339032258065
41984,0.0060376100000000005
42240,0.006041180967741937
42496,0.00604475193548387
42752,0.006046822903225809
43008,0.005926893870967743
43264,0.005930664838709677
43520,0.005936735806451612
43776,0.005942106774193549
44032,0.005843777741935483
44288,0.00583204870967742
44544,0.005836719677419354
44800,0.005842890645161292
45056,0.005849461612903225
45312,0.005856332580645163
45568,0.005851503548387097
45824,0.005848974516129032
46080,0.005850745483870967
46336,0.005857116451612904
46592,0.005865087419354839
46848,0.0058685583870967725
47104,0.005872329354838711
47360,0.005865400322580644
47616,0.005865871290322582
47872,0.005864742258064515
48128,0.005870413225806453
48384,0.005870384193548385
48640,0.005865655161290322
48896,0.005873326129032259
49152,0.005881297096774193
49408,0.005888568064516129
49664,0.005895739032258065
49920,0.005903510000000001
50176,0.005910380967741935
50432,0.005906251935483872
50688,0.005909522903225807
50944,0.0059075938709677416
51200,0.005904364838709675
51456,0.00587893580645161
51712,0.005860606774193549
51968,0.005859877741935483
52224,0.0058665487096774185
52480,0.005870955454545454
52736,0.00587100090909091
52992,0.0058722463636363634
53248,0.005872291818181819
53504,0.005865737272727272
53760,0.005864482727272729
54016,0.005856928181818183
54272,0.005848673636363636
54528,0.005847419090909092
54784,0.005830864545454546
55040,0.005821010000000003
55296,0.005817555454545455
55552,0.005817500909090912
55808,0.005818146363636364
56064,0.005819391818181819
56320,0.005819937272727274
56576,0.0058179827272727275
56832,0.005804728181818182
57088,0.005806573636363638
57344,0.0058078190909090915
57600,0.0056718645454545465
57856,0.005597810000000002
58112,0.005596355454545456
58368,0.005594100909090908
58624,0.005590646363636365
58880,0.0055926918181818195
59136,0.005594437272727272
59392,0.005595182727272727
59648,0.005597428181818182
59904,0.005599073636363638
60160,0.005592619090909091
60416,0.005593264545454547
60672,0.005594110000000003
60928,0.005589355454545456
61184,0.005587600909090912
61440,0.005590546363636364
61696,0.005592491818181819
61952,0.005587037272727274
62208,0.00558998272727273
62464,0.005592128181818184
62720,0.005593073636363638
62976,0.0055947190909090925
63232,0.005596864545454546
63488,0.005597110000000001
63744,0.0055990554545454554
64000,0.0056015009090909125
64256,0.005603446363636364
64512,0.005604791818181819
64768,0.005605437272727274
65024,0.005607682727272727
65280,0.005609228181818183
65536,0.005611073636363638
65792,0.005612519090909093
66048,0.005613564545454546
66304,0.0056149100000000025
66560,0.005617855454545455
66816,0.00562030090909091
67072,0.005621946363636363
67328,0.00562409181818182
67584,0.005624637272727275
67840,0.00538998272727273
68096,0.005371028181818184
68352,0.005373073636363638
68608,0.005375219090909093
68864,0.005377164545454548
69120,0.0053795100000000005
69376,0.005381355454545456
69632,0.00538350090909091
69888,0.005386246363636365
70144,0.0053878918181818215
70400,0.005388937272727275
70656,0.005389982727272728
70912,0.005391828181818185
71168,0.0053941736363636375
71424,0.005396119090909092
71680,0.005398264545454546
71936,0.005400510000000001
72192,0.005402755454545457
72448,0.005404900909090911
72704,0.005406746363636366
72960,0.005408991818181819
73216,0.005411237272727274
73472,0.00541298272727273
73728,0.005415428181818182
73984,0.005418173636363639
74240,0.005420819090909095
74496,0.005422864545454549
74752,0.00542371
75008,0.005424155454545457
75264,0.005425500909090913
75520,0.005426246363636365
75776,0.0054278918181818216
76032,0.005429537272727275
76288,0.0054314827272727295
76544,0.005434228181818185
76800,0.005436373636363638
77056,0.005437119090909093
77312,0.005438064545454547
77568,0.0054398100000000015
77824,0.005439855454545457
78080,0.00544210090909091
78336,0.005444246363636364
78592,0.005448534173998045
78848,0.005449848347996087
79104,0.005450162521994133
79360,0.005449776695992179
79616,0.0054469908699902245
79872,0.005441705043988268
80128,0.005439819217986313
80384,0.00543973339198436
80640,0.005440247565982404
80896,0.0054415617399804495
81152,0.005442975913978491
81408,0.0054442900879765384
81664,0.005445204261974583
81920,0.0054452184359726295
82176,0.005444832609970671
82432,0.00544184678396872
82688,0.0054417609579667636
82944,0.005442275131964807
83200,0.005443389305962854
83456,0.005444803479960899
83712,0.0054454176539589436
83968,0.005447131827956987
84224,0.005448546001955032
84480,0.005449760175953078
84736,0.005449274349951122
84992,0.005449288523949169
85248,0.005445702697947212
85504,0.005446416871945258
85760,0.005446731045943303
86016,0.00544804521994135
86272,0.005449459393939392
86528,0.005449773567937436
86784,0.005449887741935482
87040,0.0054499019159335305
87296,0.005450516089931573
87552,0.005451830263929619
87808,0.005452744437927664
88064,0.005453458611925706
88320,0.005453672785923753
88576,0.005455186959921797
88832,0.005203001133919843
89088,0.0050629153079178885
89344,0.005060829481915935
89600,0.005061943655913979
89856,0.005063057829912022
90112,0.005064272003910068
90368,0.005066086177908111
90624,0.005067400351906158
90880,0.0050688145259042035
91136,0.005070628699902246
91392,0.005071842873900292
91648,0.00507315704789834
91904,0.005074571221896385
92160,0.005075885395894427
92416,0.005077099569892473
92672,0.0050784137438905155
92928,0.005079927917888562
93184,0.005081342091886607
93440,0.005082956265884654
93696,0.005084470439882699
93952,0.005085484613880744
94208,0.005086498787878788
94464,0.005088012961876833
94720,0.005090027135874878
94976,0.005092041309872923
95232,0.005093755483870968
95488,0.005095369657869012
95744,0.0050964838318670585
96000,0.005098098005865102
96256,0.005099512179863149
96512,0.005101026353861194
96768,0.0051026405278592375
97024,0.005103954701857283
97280,0.005105568875855327
97536,0.005107283049853372
97792,0.005108897223851416
98048,0.005110411397849464
98304,0.005112025571847508
98560,0.005113639745845552
98816,0.0051150539198435985
99072,0.005116968093841644
99328,0.0051184822678396885
99584,0.005119596441837732
99840,0.005121110615835778
100096,0.005122924789833821
100352,0.005124538963831868
100608,0.00512585313782991
100864,0.005126967311827959
101120,0.005128481485826003
101376,0.005130495659824048
101632,0.005132609833822093
101888,0.005133124007820136
102144,0.005131838181818182
102400,0.005131352355816228
102656,0.0051325665298142704
102912,0.005133780703812317
103168,0.0051349948778103595
103424,0.005136509051808409
103680,0.0051382232258064525
103936,0.005140037399804495
104192,0.00514085157380254
104448,0.0051398657478005875
104704,0.005150805376344086
104960,0.005157410752688172
105216,0.005165116129032258
105472,0.005173321505376343
105728,0.00518152688172043
105984,0.0051893322580645156
106240,0.005197637634408602
106496,0.005206543010752688
106752,0.005146548387096774
107008,0.004908253763440859
107264,0.004726559139784946
107520,0.004735464516129032
107776,0.004744269892473119
108032,0.0047529752688172024
108288,0.0047614806451612875
108544,0.004769886021505375
108800,0.004777891397849463
109056,0.004786096774193546
109312,0.004794502150537635
109568,0.004803407526881718
109824,0.004812512903225806
110080,0.004821318279569891
110336,0.004829423655913979
110592,0.0048376290322580656
110848,0.004846534408602148
111104,0.004855539784946237
111360,0.00486444516129032
111616,0.00487295053763441
111872,0.004881655913978494
112128,0.00489006129032258
112384,0.004898866666666666
112640,0.0049081720430107535
112896,0.0049162774193548375
113152,0.0049247827956989225
113408,0.004933288172043009
113664,0.004941893548387097
113920,0.004950698924731184
114176,0.004959304301075268
114432,0.004967709677419354
114688,0.004976215053763439
114944,0.004984920430107528
115200,0.004993825806451614
115456,0.0050027311827957
115712,0.005011036559139783
115968,0.00501924193548387
116224,0.005028147311827956
116480,0.005036852688172045
116736,0.005045158064516128
116992,0.005053863440860215
117248,0.0050624688172042995
117504,0.005071774193548387
117760,0.005078779569892474
118016,0.00508388494623656
118272,0.005091590322580646
118528,0.00509969569892473
118784,0.005107801075268818
119040,0.005116306451612903
119296,0.005124911827956987
119552,0.005133517204301077
119808,0.005142122580645161
120064,0.005150027956989246
120320,0.005157233333333332
120576,0.005164538709677417
120832,0.005171944086021505
121088,0.0051798494623655905
121344,0.005188554838709676
121600,0.005197360215053763
121856,0.005205365591397851
122112,0.005213070967741934
122368,0.0052222763440860215
122624,0.005231381720430106
122880,0.005239887096774193
123136,0.00523809247311828
123392,0.004670497849462366
123648,0.004583803225806451
123904,0.004591408602150538
124160,0.0046001139784946216
124416,0.00460891935483871
124672,0.004618024731182795
124928,0.0046265301075268835
125184,0.004635535483870969
125440,0.004644240860215053
125696,0.004653446236559141
125952,0.004662551612903227
126208,0.004671356989247311
126464,0.004679862365591399
126720,0.004688667741935482
126976,0.004697473118279569
127232,0.004705778494623655
127488,0.004713983870967744
127744,0.004722689247311828
128000,0.004731394623655915
128256,0.0047405
128512,0.0047495053763440855
128768,0.004757910752688171
129024,0.004766716129032258
129280,0.004775721505376345
129536,0.004785026881720429
129792,0.004794032258064518
130048,0.004802837634408601
130304,0.004811743010752687
130560,0.004821148387096774
130816,0.00483698504398827
131072,0.004848270087976539
131328,0.004860355131964809
131584,0.004871240175953079
131840,0.0048825252199413485
132096,0.004894610263929618
132352,0.004906095307917888
132608,0.004915180351906159
132864,0.004923365395894427
133120,0.004934550439882697
133376,0.004946235483870968
133632,0.004957820527859237
133888,0.004969905571847507
134144,0.004981990615835777
134400,0.004993775659824047
134656,0.005005660703812316
134912,0.0050173457478005865
135168,0.005027430791788856
135424,0.005037415835777126
135680,0.0050461008797653955
135936,0.005055485923753666
136192,0.005066370967741936
136448,0.005077356011730205
136704,0.005088941055718475
136960,0.005101226099706743
137216,0.005113011143695013
137472,0.005124596187683284
137728,0.005136281231671555
137984,0.005147766275659825
138240,0.005160151319648094
138496,0.005156236363636362
138752,0.0044666214076246324
139008,0.004384406451612904
139264,0.004395991495601173
139520,0.004407176539589443
139776,0.004419261583577711
140032,0.004430146627565981
140288,0.004440931671554252
140544,0.004452216715542521
140800,0.004464001759530791
141056,0.004475786803519063
141312,0.00448767184750733
141568,0.0045000568914956
141824,0.0045120419354838705
142080,0.004523426979472141
142336,0.004534012023460411
142592,0.004541197067448681
142848,0.004549382111436949
143104,0.004559967155425219
143360,0.004571452199413489
143616,0.00458373724340176
143872,0.00459522228739003
144128,0.004607007331378298
144384,0.004618692375366568
144640,0.004630577419354838
144896,0.004642562463343108
145152,0.004652847507331378
145408,0.004662132551319647
145664,0.0046721175953079175
145920,0.004682102639296188
146176,0.004693287683284458
146432,0.0047050727272727275
146688,0.0047162577712609975
146944,0.004728142815249265
147200,0.0047401278592375355
147456,0.0047513129032258055
147712,0.004762697947214076
147968,0.004773882991202346
148224,0.004786268035190616
148480,0.004796853079178884
148736,0.0044250381231671545
148992,0.0038946231671554248
149248,0.003906308211143695
149504,0.0039184932551319645
149760,0.003930178299120233
150016,0.003941563343108504
150272,0.003953048387096774
150528,0.003964733431085044
150784,0.0039766184750733135
151040,0.003988303519061582
151296,0.003999588563049853
151552,0.004011273607038122
151808,0.004022558651026393
152064,0.004034543695014664
152320,0.004045528739002933
152576,0.0040571137829912025
152832,0.004069398826979471
153088,0.004081583870967742
153344,0.004092668914956011
153600,0.004103153958944282
153856,0.004110339002932553
154112,0.00411902404692082
154368,0.00413030909090909
154624,0.00414169413489736
154880,0.004153279178885631
155136,0.0041652642228739
155392,0.004177149266862169
155648,0.004188934310850439
155904,0.0042005193548387085
156160,0.004211904398826979
156416,0.00422208944281525
156672,0.004231674486803519
156928,0.004233960518084065
157184,0.004258751036168133
157440,0.004284941554252198
157696,0.004307032072336264
157952,0.004323322590420332
158208,0.004346913108504399
158464,0.004373903626588465
158720,0.004400394144672531
158976,0.004426884662756599
159232,0.004453375180840664
159488,0.00448016569892473
159744,0.004507156217008798
160000,0.004066146735092865
160256,0.00347813725317693
160512,0.0035051277712609963
160768,0.003532018289345063
161024,0.0035589088074291283
161280,0.003585799325513197
161536,0.0036127898435972614
161792,0.0036397803616813277
162048,0.003667070879765394
162304,0.0036944613978494613
162560,0.003721651915933528
162816,0.0037490424340175937
163072,0.0037765329521016605
163328,0.0037993234701857274
163584,0.003821913988269794
163840,0.0038453045063538607
164096,0.003871095024437927
164352,0.003897885542521993
164608,0.00392527606060606
164864,0.003952466578690127
165120,0.003979657096774194
165376,0.004006847614858259
165632,0.004033838132942325
165888,0.004060328651026393
166144,0.004085219169110459
166400,0.004109609687194525
166656,0.004133700205278592
166912,0.004158690723362659
167168,0.004184281241446725
167424,0.004211371759530793
167680,0.004238562277614858
167936,0.004265852795698926
168192,0.0042923433137829915
168448,0.004318733831867058
168704,0.004344824349951124
168960,0.004371714868035191
169216,0.004379305386119258
169472,0.004192195904203323
169728,0.003789986422287391
169984,0.003207176940371455
170240,0.003233867458455523
170496,0.0032608579765395877
170752,0.0032880484946236554
171008,0.0033152390127077222
171264,0.0033423295307917896
171520,0.003369320048875855
171776,0.0033961105669599208
172032,0.003417401085043988
172288,0.0034396916031280544
172544,0.0034634821212121206
172800,0.003490772639296187
173056,0.003517863157380254
173312,0.003544753675464321
173568,0.0035713441935483863
173824,0.0035983347116324543
174080,0.00362542522971652
174336,0.003652315747800587
174592,0.0036765062658846524
174848,0.0036999967839687203
175104,0.003723287302052786
175360,0.0037470778201368522
175616,0.0037734683382209186
175872,0.0038003588563049855
176128,0.0038272493743890523
176384,0.00385403989247312
176640,0.0038799304105571857
176896,0.0039056209286412527
177152,0.003932911446725319
177408,0.003960301964809385
177664,0.003954392482893451
177920,0.0038856830009775167
178176,0.0030124535190615845
178432,0.00267680403714565
178688,0.002703924555229717
178944,0.002730815073313784
179200,0.0027579555913978494
179456,0.0027848361094819163
179712,0.0028119766275659826
179968,0.0028393271456500484
180224,0.0028667676637341155
180480,0.0028940881818181816
180736,0.0029209186999022488
180992,0.0029475892179863152
181248,0.0029747497360703822
181504,0.003002260254154447
181760,0.003028280772238514
182016,0.003044611290322581
182272,0.0030650118084066483
182528,0.003090322326490714
182784,0.0031179028445747804
183040,0.003164493773216032
183296,0.0032024475464320643
183552,0.0032404713196480953
183808,0.003278235092864126
184064,0.0033160688660801574
184320,0.0033539226392961894
184576,0.003391586412512221
184832,0.0034292701857282512
185088,0.0034670739589442836
185344,0.003505057732160315
185600,0.0035429115053763442
185856,0.003580535278592376
186112,0.0036181890518084073
186368,0.003656382825024438
186624,0.0036947665982404706
186880,0.0037330803714565016
187136,0.003764774144672533
187392,0.0037853179178885636
187648,0.003809541691104595
187904,0.003846985464320627
188160,0.0038856492375366576
188416,0.003924163010752689
188672,0.00396229678396872
188928,0.004000060557184751
189184,0.004038174330400783
189440,0.0040761981036168135
189696,0.004110171876832846
189952,0.004141165650048876
190208,0.004171049423264907
190464,0.0042003731964809395
190720,0.004233236969696972
190976,0.004270350742913002
191232,0.004308614516129033
191488,0.004346708289345065
191744,0.004384082062561096
192000,0.004420025835777127
192256,0.004457749608993158
192512,0.004496093382209188
192768,0.0045348071554252205
193024,0.0033439809286412523
193280,7.83534701857283E-4
193536,8.151784750733146E-4
193792,8.373822482893459E-4
194048,8.722160215053768E-4
194304,9.108997947214082E-4
194560,9.492235679374392E-4
194816,9.87407341153471E-4
195072,0.0010240011143695027
195328,0.0010559348875855334
195584,0.0010864586608015647
195840,0.0011213424340175962
196096,0.0011594562072336266
196352,0.001197419980449658
196608,0.0012338637536656897
196864,0.0012723075268817217
197120,0.0013102613000977523
197376,-7.569349266862164E-4
197632,-7.465511534701856E-4
197888,-7.08767380254154E-4
198144,-6.708436070381224E-4
198400,-6.328798338220911E-4
198656,-5.961160606060604E-4
198912,-5.584022873900288E-4
199168,-5.207385141739974E-4
199424,-4.8272474095796634E-4
199680,-4.4456096774193486E-4
199936,-4.071871945259039E-4
200192,-3.698834213098725E-4
200448,-3.3220964809384116E-4
200704,-2.9515587487781E-4
200960,-2.5818210166177885E-4
201216,-2.2089832844574735E-4
201472,-1.8369455522971624E-4
201728,-1.4595078201368487E-4
201984,-1.0876700879765364E-4
202240,-7.179323558162247E-5
202496,-3.4449462365591325E-5
202752,2.744310850440277E-6
203008,4.025808406647128E-5
203264,7.804185728250241E-5
203520,1.1611563049853399E-4
203776,1.536694037145652E-4
204032,1.8973317693059656E-4
204288,1.9640695014662814E-4
204544,2.3407072336265912E-4
204800,2.7240449657869E-4
205056,3.100982697947217E-4
205312,3.4843204301075303E-4
205568,3.864458162267841E-4
205824,4.247895894428154E-4
206080,4.6275336265884674E-4
206336,5.01317135874878E-4
206592,5.394109090909095E-4
206848,5.773546823069405E-4
207104,6.156684555229715E-4
207360,6.539122287390034E-4
207616,6.925760019550345E-4
207872,7.310997751710656E-4
208128,7.694035483870971E-4
208384,8.079773216031279E-4
208640,8.102310948191593E-4
208896,8.447948680351909E-4
209152,8.602131671554252E-4
209408,8.625863343108501E-4
209664,8.651695014662755E-4
209920,8.682626686217004E-4
210176,8.705658357771261E-4
210432,8.727390029325509E-4
210688,8.751621700879763E-4
210944,8.775753372434014E-4
211200,8.799585043988267E-4
211456,8.824516715542517E-4
211712,8.855448387096775E-4
211968,8.877480058651025E-4
212224,8.902511730205279E-4
212480,8.924143401759527E-4
212736,8.939275073313784E-4
212992,8.962906744868033E-4
213248,8.986138416422285E-4
213504,9.010470087976535E-4
213760,9.031701759530789E-4
214016,8.58553343108504E-4
214272,8.609065102639295E-4
214528,8.630096774193546E-4
214784,8.651928445747798E-4
215040,8.68016011730205E-4
215296,8.707291788856305E-4
215552,8.735623460410552E-4
215808,8.769355131964807E-4
216064,8.80478680351906E-4
216320,8.838818475073312E-4
216576,8.868450146627565E-4
216832,8.897881818181819E-4
217088,8.929213489736066E-4
217344,8.956245161290321E-4
217600,8.989076832844572E-4
217856,9.021508504398826E-4
218112,9.052840175953077E-4
218368,9.07287184750733E-4
218624,9.028703519061579E-4
218880,8.649835190615834E-4
219136,8.582566862170085E-4
219392,8.61479853372434E-4
219648,8.64783020527859E-4
219904,8.677561876832842E-4
220160,8.706193548387096E-4
220416,8.73202521994135E-4
220672,8.759356891495599E-4
220928,8.787188563049854E-4
221184,8.813020234604103E-4
221440,8.836051906158356E-4
221696,8.859483577712607E-4
221952,8.88751524926686E-4
222208,8.913546920821113E-4
222464,8.941578592375366E-4
222720,8.965510263929618E-4
222976,8.988241935483873E-4
223232,9.002273607038123E-4
223488,8.490805278592375E-4
223744,8.468936950146626E-4
224000,8.492068621700878E-4
224256,8.519200293255129E-4
224512,8.542331964809385E-4
224768,8.565163636363635E-4
225024,8.591995307917887E-4
225280,8.61872697947214E-4
225536,8.643458651026391E-4
225792,8.670090322580645E-4
226048,8.700121994134899E-4
226304,8.733153665689149E-4
226560,8.764985337243402E-4
226816,8.796417008797653E-4
227072,8.831448680351908E-4
227328,8.844080351906158E-4
227584,8.870612023460412E-4
227840,8.901343695014662E-4
228096,8.936375366568913E-4
228352,8.969107038123165E-4
228608,9.00413870967742E-4
228864,9.035970381231669E-4
229120,9.061502052785924E-4
229376,9.087133724340174E-4
229632,9.11116539589443E-4
229888,9.13539706744868E-4
230144,9.163928739002931E-4
230400,9.192760410557184E-4
230656,9.214692082111439E-4
230912,9.239223753665688E-4
231168,9.267855425219942E-4
231424,9.294987096774192E-4
231680,9.322918768328446E-4
231936,9.347450439882695E-4
232192,9.371182111436952E-4
232448,9.402213782991201E-4
232704,8.110645454545455E-4
232960,7.835677126099704E-4
233216,7.848908797653958E-4
233472,7.869140469208211E-4
233728,7.896172140762466E-4
233984,7.923103812316713E-4
234240,7.948735483870968E-4
234496,7.97546715542522E-4
234752,7.998798826979472E-4
235008,8.024230498533723E-4
235264,8.051693470185728E-4
235520,8.054446940371452E-4
235776,8.060200410557185E-4
236032,8.063853880742912E-4
236288,8.06510735092864E-4
236544,8.064060821114368E-4
236800,7.416414291300099E-4
237056,7.145567761485826E-4
237312,7.146921231671554E-4
237568,7.151774701857282E-4
237824,7.149328172043011E-4
238080,7.150281642228737E-4
238336,7.154335112414467E-4
238592,7.161788582600193E-4
238848,7.166042052785921E-4
239104,7.169495522971652E-4
239360,7.17294899315738E-4
239616,7.176802463343106E-4
239872,7.162755933528835E-4
240128,7.155809403714564E-4
240384,7.160862873900292E-4
240640,7.166016344086019E-4
240896,7.172569814271747E-4
241152,7.175423284457474E-4
241408,7.182676754643206E-4
241664,7.188230224828933E-4
241920,7.192383695014662E-4
242176,7.195737165200391E-4
242432,7.20209063538612E-4
242688,7.204544105571845E-4
242944,7.208697575757574E-4
243200,7.211651045943301E-4
243456,7.210804516129029E-4
243712,7.212257986314761E-4
243968,7.214811456500486E-4
244224,7.220664926686216E-4
244480,7.223418396871944E-4
244736,7.228671867057675E-4
244992,7.231325337243404E-4
245248,7.23737880742913E-4
245504,7.24203227761486E-4
245760,7.244285747800587E-4
246016,7.222039217986316E-4
246272,7.22699268817204E-4
246528,7.229246158357771E-4
246784,7.2384996285435E-4
247040,7.24345309872923E-4
247296,7.244906568914958E-4
247552,7.247260039100684E-4
247808,7.25401350928641E-4
248064,7.256466979472141E-4
248320,7.256620449657867E-4
248576,7.260073919843596E-4
248832,7.262227390029323E-4
249088,7.267480860215054E-4
249344,7.273834330400785E-4
249600,7.279887800586511E-4
249856,7.277841270772237E-4
250112,7.282194740957969E-4
250368,7.287248211143697E-4
250624,7.290101681329425E-4
250880,7.29555515151515E-4
251136,7.29510862170088E-4
251392,7.300862091886608E-4
251648,7.274315562072337E-4
251904,7.275569032258065E-4
252160,7.27892250244379E-4
252416,7.284975972629522E-4
252672,7.292629442815252E-4
252928,7.29978291300098E-4
253184,7.302636383186708E-4
253440,7.309889853372436E-4
253696,7.320343323558162E-4
253952,7.324196793743892E-4
254208,7.319250263929618E-4
254464,7.314403734115349E-4
254720,7.312157204301078E-4
254976,7.310110674486805E-4
255232,7.308164144672535E-4
255488,7.312817614858261E-4
255744,7.321571085043988E-4
256000,7.324224555229717E-4
256256,7.326678025415447E-4
256512,7.327531495601174E-4
256768,7.330984965786902E-4
257024,7.33823843597263E-4
257280,7.342291906158359E-4
257536,7.345945376344089E-4
257792,7.350498846529815E-4
258048,7.356252316715543E-4
258304,7.365605786901271E-4
258560,7.372059257086999E-4
258816,7.378512727272727E-4
259072,7.385366197458457E-4
259328,7.390719667644183E-4
259584,7.395673137829911E-4
259840,7.400826608015641E-4
260096,7.406480078201369E-4
260352,7.412133548387097E-4
260608,7.416687018572828E-4
260864,7.419440488758556E-4
261120,7.422793958944281E-4
