cache_lines,MRC
256,0.0371394
512,0.03336570132794388
768,0.026911117041556014
1024,0.022446359739144963
1280,0.019403026006878904
1536,0.017282975510773464
1792,0.01565842865211886
2048,0.01461927725162332
2304,0.013819381647689574
2560,0.01323501157151578
2816,0.01284067895661107
3072,0.012456160712136757
3328,0.012157090966434508
3584,0.011932581139375089
3840,0.011764418493791656
4096,0.011609097536880823
4352,0.011472917043694932
4608,0.011343035325561388
4864,0.011191864724305202
5120,0.011043281991868964
5376,0.010904708940717461
5632,0.010794553618871865
5888,0.010701878618489355
6144,0.010617455501702556
6400,0.010526098849586812
6656,0.010365895121317577
6912,0.01027126701239171
7168,0.010102762572813184
7424,0.009978935491164055
7680,0.009814434924099426
7936,0.00965032497874347
8192,0.009396030246397787
8448,0.009288023343949889
8704,0.00894950080567174
8960,0.00883602519930243
9216,0.008395355084206468
9472,0.008348041029743531
9728,0.008172798365690414
9984,0.008123824168965621
10240,0.008048775973186945
10496,0.007995602593093929
10752,0.00793544684995839
11008,0.007907468570074738
11264,0.007851512010307423
11520,0.00782426614612753
11776,0.007789891435764369
12032,0.007765038129550088
12288,0.007737938748510947
12544,0.007715917449684549
12800,0.007684325918995677
13056,0.00766352531300887
13312,0.007621826445608101
13568,0.007546680594402264
13824,0.007519483557935951
14080,0.007505421176423749
14336,0.007492481832323979
14592,0.007469191012944392
14848,0.00744521660557463
15104,0.007430519463785833
15360,0.0074144063183030975
15616,0.007396095925709084
15872,0.007377248428265645
16128,0.007344826826445841
16384,0.007323244977041694
16640,0.007307961902689893
16896,0.0072968291839927285
17152,0.007269925113807921
17408,0.0072619173687801415
17664,0.007251712376641076
17920,0.007242776905055197
18176,0.007208060400696947
18432,0.007198490168834476
18688,0.007189603524962177
18944,0.007180179776240459
19200,0.007172513825207765
19456,0.007158988548544985
19712,0.007149857766104769
19968,0.007135990695446903
20224,0.007108842486694179
20480,0.007085551667314588
20736,0.007075932607738533
20992,0.007064799889041372
21248,0.007042534451647046
21504,0.007024028748198699
21760,0.007012896029501534
22016,0.0070051812507552595
22272,0.006996831711732387
22528,0.006990972386102301
22784,0.006984282989341287
23040,0.00697681234916293
23296,0.006969732330693243
23552,0.00696118748081604
23808,0.0069514219380992295
24064,0.006943804814780116
24320,0.006911969145523323
24576,0.006902545396801605
24832,0.006896100138608512
25088,0.006890680262400684
25344,0.00687935223284919
25600,0.0068564520351782725
25856,0.006849274361281417
26112,0.006843854485073589
26368,0.00683550494605072
26624,0.006831452245823242
26880,0.0068229073959460325
27136,0.006816413310039359
27392,0.006803669276793923
27648,0.006797907606591002
27904,0.00679224359181526
28160,0.006786579577039511
28416,0.0067812085285452635
28672,0.0067756909969102705
28928,0.0067695387049986795
29184,0.006763630551655013
29440,0.00675791770916568
29696,0.006743952983080642
29952,0.006713338006663447
30208,0.006708943512440883
30464,0.006702888875956464
30720,0.006698054932311643
30976,0.006694344026079262
31232,0.006689900704143114
31488,0.006685945659342801
31744,0.006681062887984399
32000,0.006677791431174269
32256,0.006672127416398516
32512,0.006667000506472197
32768,0.006660066971143259
33024,0.006653231091241496
33280,0.006643465548524689
33536,0.0066376550506081905
33792,0.006633553522667132
34048,0.006613387676956923
34304,0.006575839165210793
34560,0.006567001349052082
34816,0.006554013177238721
35072,0.006545126533366433
35328,0.006539364863163515
35584,0.00653296843268401
35840,0.006527841522757677
36096,0.006494394538952609
36352,0.006487314520482922
36608,0.00648130871171209
36864,0.0064717873075632
37120,0.006463047146831654
37376,0.006456699544065733
37632,0.006408994867894129
37888,0.006405576927943243
38144,0.006401182433720683
38400,0.006396592628643782
38656,0.00639190516813971
38912,0.006350450439306859
39168,0.006344639941390361
39424,0.006339854825459124
39680,0.006333409567266038
39936,0.0063287709344755465
40192,0.006319298358040248
40448,0.006230822541025964
40704,0.006227795222783758
40960,0.006224767904541538
41216,0.006222326518862339
41472,0.0062178831969261945
41728,0.006210461384461418
41984,0.00620616454566603
42240,0.006201525912875535
42496,0.006196887280085054
42752,0.006191516231590817
43008,0.006126575372524035
43264,0.0061220343951607185
43520,0.006118616455209839
43776,0.0061148567212638665
44032,0.006060462648331249
44288,0.006048353375362404
44544,0.0060442518474213384
44800,0.0060408827351840465
45056,0.006037708933801084
45312,0.006034681615558871
45568,0.006025941454827332
45824,0.006018324331508219
46080,0.006012806799873222
46336,0.006009535343063095
46592,0.006007045129670305
46848,0.006002357669166236
47104,0.005997816691802927
47360,0.005988051149086116
47616,0.005981898857174525
47872,0.005974965321845591
48128,0.005971352071040378
48384,0.005964955640560866
48640,0.005956264307542904
48896,0.005953627611009364
49152,0.005951137397616581
49408,0.005948305390228711
49664,0.0059454245551272475
49920,0.005942836686307292
50176,0.005939809368065086
50432,0.005931411001328636
50688,0.005926625885397399
50944,0.005919301728359791
51200,0.005911342811045585
51456,0.005892544141315733
51712,0.005877212239250348
51968,0.005870474014775744
52224,0.005867349041106369
52480,0.00586481
52736,0.005862372856119864
52992,0.005860415150380081
53248,0.005857978006499945
53504,0.005852903952847857
53760,0.005849947417649003
54016,0.005844473832213286
54272,0.005838720574529029
54528,0.005835764039330176
54784,0.005826694667841798
55040,0.005820302159303735
55296,0.005816466654180897
55552,0.005813989557122398
55808,0.0058117921323124384
56064,0.005809834426572656
56320,0.005807597048584334
56576,0.005804360841136939
56832,0.005796609924534538
57088,0.005794891937864934
57344,0.005792934232125151
57600,0.005736160765671477
57856,0.005704118316624436
58112,0.005701081875068856
58368,0.005697725808086372
58624,0.0056938903029635345
58880,0.005692252222650656
59136,0.0056904942828026875
59392,0.005688336811171092
59648,0.005686778637214938
59904,0.005684980744188609
60160,0.005679946643714883
60416,0.005677749218904925
60672,0.005675631700451692
60928,0.005671276804010136
61184,0.005668120502919468
61440,0.005666842001211854
61696,0.005665163967720613
61952,0.005660529399030517
62208,0.005659250897322905
62464,0.005657652770188389
62720,0.005655575204913518
62976,0.0056537773118871875
63232,0.005652179184752671
63488,0.0056498219472292605
63744,0.005648143913738019
64000,0.005646665646138593
64256,0.00564498761264735
64512,0.005643069860085931
64768,0.005640872435275972
65024,0.005639314261319819
65280,0.005637476415115126
65536,0.0056357584284455215
65792,0.005633880629062466
66048,0.005631843016965957
66304,0.005629925264404539
66560,0.005628646762696926
66816,0.005627168495097499
67072,0.005625370602071168
67328,0.005623772474936653
67584,0.005621535096948331
67840,0.00552532784345048
68096,0.005515299595681393
68352,0.005513661515368514
68608,0.005512063388233998
68864,0.0055103853547427565
69120,0.005508867133964966
69376,0.005507149147295362
69632,0.005505551020160846
69888,0.005504192612096507
70144,0.005502394719070178
70400,0.0055003571069736695
70656,0.005498319494877162
70912,0.005496601508207558
71168,0.005495083287429767
71424,0.005493405253938526
71680,0.00549180712680401
71936,0.005490248952847857
72192,0.005488690778891705
72448,0.005487092651757189
72704,0.005485374665087584
72960,0.005483816491131431
73216,0.005482258317175278
73472,0.005480500377327311
73728,0.005479022109727883
73984,0.005477663701663546
74240,0.005476265340420844
74496,0.005474627260107966
74752,0.005472509741654731
75008,0.0054702324104880466
75264,0.005468314657926628
75520,0.005466157186295031
75776,0.005464359293268701
76032,0.005462561400242371
76288,0.005460883366751129
76544,0.005459524958686791
76800,0.005457926831552275
77056,0.005455769359920679
77312,0.0054536917946458085
77568,0.00545193385479784
77824,0.005449496710917704
78080,0.005447938536961551
78336,0.005446340409827034
78592,0.005444982001762698
78848,0.0054437434532334465
79104,0.005442105372920568
79360,0.0054401876203591494
79616,0.005437310991517021
79872,0.00543343553321582
80128,0.005430918482978957
80384,0.0054291205899526275
80640,0.005427562415996475
80896,0.005426323867467225
81152,0.0054251252721163375
81408,0.005423886723587088
81664,0.005422488362344387
81920,0.00542073042249642
82176,0.005418812669935
82432,0.005415856134736146
82688,0.005414058241709816
82944,0.005412500067753663
83200,0.005411181612867688
83456,0.005409983017516801
83712,0.005408464796739011
83968,0.005407386060923212
84224,0.005406187465572325
84480,0.005404908963864713
84736,0.005402951258124931
84992,0.005401193318276964
85248,0.005397997064007932
85504,0.005396518796408505
85760,0.005394880716095627
86016,0.005393642167566377
86272,0.005392443572215489
86528,0.00539080549190261
86784,0.005389087505233006
87040,0.00538732956538504
87296,0.005385811344607249
87552,0.005384572796077999
87808,0.005383174434835298
88064,0.00538169616723587
88320,0.0053800181337446285
88576,0.005378859491572105
88832,0.005276339635892916
89088,0.005218607293158532
89344,0.005216010336564944
89600,0.005214691881678969
89856,0.005213373426792993
90112,0.00521209492508538
90368,0.0052110561424479444
90624,0.005209817593918696
90880,0.005208618998567808
91136,0.005207580215930372
91392,0.005206301714222761
91648,0.005205063165693511
91904,0.005203864570342625
92160,0.005202626021813374
92416,0.005201347520105762
92672,0.005200108971576511
92928,0.0051989503294039875
93184,0.0051977517340531
93440,0.00519663304505894
93696,0.005195474402886416
93952,0.005194115994822078
94208,0.005192757586757739
94464,0.005191598944585215
94720,0.005190640068304506
94976,0.005189681192023796
95232,0.005188602456207998
95488,0.005187483767213836
95744,0.005186165312327862
96000,0.0051850466233337
96256,0.0051838480279828136
96512,0.00518268938581029
96768,0.005181570696816128
97024,0.005180332148286879
97280,0.005179213459292718
97536,0.005178134723476919
97792,0.005177016034482757
98048,0.005175857392310235
98304,0.005174738703316074
98560,0.005173620014321912
98816,0.005172421418971025
99072,0.005171422589511953
99328,0.00517026394733943
99584,0.005168945492453453
99840,0.00516778685028093
100096,0.005166748067643494
100352,0.005165629378649334
100608,0.0051643908301200825
100864,0.005163072375234108
101120,0.005161913733061584
101376,0.005160954856780875
101632,0.005160035933678528
101888,0.005158477759722375
102144,0.00515620042855569
102400,0.005154242722815908
102656,0.005152964221108294
102912,0.005151685719400683
103168,0.005150407217693069
103424,0.0051492485755205465
103680,0.005148169839704748
103936,0.005147131057067312
104192,0.005145692742646248
104448,0.005143535271014652
104704,0.0051395
104960,0.005138247278820375
105216,0.005137287747704067
105472,0.005136461484798357
105728,0.005135635221892647
105984,0.005134702344418459
106240,0.0051339027351548685
106496,0.005133263047743996
106752,0.005114259000912669
107008,0.005047731510181962
107264,0.004996289980890993
107520,0.00499565029348012
107776,0.004994983952427129
108032,0.004994290957732017
108288,0.0049935446557526665
108544,0.004992771700131195
108800,0.0049918921299412465
109056,0.0049910658670355365
109312,0.004990292911414067
109568,0.004989653224003194
109824,0.004989066843876562
110080,0.004988400502823569
110336,0.00498754758627574
110592,0.00498672132337003
110848,0.004986081635959158
111104,0.004985468602190406
111360,0.004984828914779533
111616,0.004984082612800183
111872,0.004983389618105071
112128,0.0049826166624836
112384,0.0049819503214306084
112640,0.004981417248588215
112896,0.0049805643320403855
113152,0.004979818030061034
113408,0.004979071728081683
113664,0.0049783520797444525
113920,0.004977685738691461
114176,0.0049769660903542295
114432,0.004976193134732759
114688,0.004975446832753408
114944,0.0049747538380582965
115200,0.004974114150647425
115456,0.004973474463236553
115712,0.004972674853972962
115968,0.004971848591067252
116224,0.00497120890365638
116480,0.004970515908961269
116736,0.004969716299697678
116992,0.004969023305002567
117248,0.004968303656665335
117504,0.004967770583822942
117760,0.004966624477211796
118016,0.004964971951400376
118272,0.004964012420284068
118528,0.0049631595037362385
118784,0.004962306587188409
119040,0.004961560285209058
119296,0.004960840636871826
119552,0.0049601209885345955
119808,0.004959401340197365
120064,0.004958495116365295
120320,0.004957402317038388
120576,0.004956336171353602
120832,0.004955296679310935
121088,0.004954390455478866
121344,0.004953697460783754
121600,0.004953031119730762
121856,0.004952151549540813
122112,0.004951192018424504
122368,0.004950632291939992
122624,0.004950045911813359
122880,0.004949299609834008
123136,0.004945807982716331
123392,0.00479151004848554
123648,0.004765389479208259
123904,0.004764403294449831
124160,0.004763710299754719
124416,0.004763043958701728
124672,0.004762457578575095
124928,0.004761711276595745
125184,0.004761098242826992
125440,0.00476040524813188
125696,0.004759845521647368
125952,0.004759259141520734
126208,0.004758592800467742
126464,0.004757846498488392
126720,0.0047571801574353995
126976,0.004756513816382408
127232,0.004755714207118818
127488,0.004754887944213108
127744,0.004754194949517996
128000,0.004753501954822885
128256,0.004752915574696252
128512,0.0047523025409275
128768,0.004751529585306029
129024,0.004750863244253037
129280,0.004750250210484285
129536,0.004749717137641891
129792,0.004749104103873139
130048,0.004748437762820147
130304,0.004747798075409274
130560,0.004747291656209001
130816,0.0047466786224402485
131072,0.004745932320460897
131328,0.004745399247618505
131584,0.004744546331070675
131840,0.004743800029091323
132096,0.00474326695624893
132352,0.004742573961553818
132608,0.004741241279447835
132864,0.004739668714562774
133120,0.004738895758941304
133376,0.0047382560715304315
133632,0.004737589730477439
133888,0.004737056657635046
134144,0.004736523584792653
134400,0.0047359105510239
134656,0.004735324170897268
134912,0.004734684483486395
135168,0.004733618337801608
135424,0.004732525538474702
135680,0.004731086241800239
135936,0.0047298335206206145
136192,0.0047289806040727855
136448,0.0047281543411670755
136704,0.004727488000114083
136960,0.004727008234555929
137216,0.004726395200787176
137472,0.004725728859734185
137728,0.004725089172323313
137984,0.004724396177628202
138240,0.004723943065712167
138496,0.004719145410130626
138752,0.0045315837305344815
139008,0.004505916273173236
139264,0.004505249932120244
139520,0.004504476976498774
139776,0.00450394390365638
140032,0.004503090987108551
140288,0.004502211416918601
140544,0.0045014651149392505
140800,0.004500852081170497
141056,0.004500239047401745
141312,0.004499652667275113
141568,0.004499199555359078
141824,0.004498639828874565
142080,0.004497920180537334
142336,0.004496987303063145
142592,0.004495148201756887
142848,0.004493575636871827
143104,0.004492642759397638
143360,0.004491949764702526
143616,0.004491469999144373
143872,0.004490777004449261
144128,0.004490163970680508
144384,0.004489524283269637
144640,0.004488937903143003
144896,0.00448837817665849
145152,0.004487365338257943
145408,0.004486085963436199
145664,0.004484993164109292
145920,0.004483900364782386
146176,0.004483127409160915
146432,0.004482514375392163
146688,0.004481741419770691
146944,0.0044811550396440586
147200,0.004480595313159546
147456,0.004479822357538075
147712,0.004479102709200844
147968,0.004478329753579373
148224,0.004477876641663339
148480,0.00447694376418915
148736,0.0043740873592493295
148992,0.004228958277907706
149248,0.004228318590496834
149504,0.0042278121712965595
149760,0.004227172483885688
150016,0.004226452835548457
150272,0.004225759840853345
150528,0.004225120153442473
150784,0.00422453377331584
151040,0.004223894085904968
151296,0.004223147783925617
151552,0.004222508096514745
151808,0.004221761794535394
152064,0.004221202068050881
152320,0.004220375805145171
152576,0.004219709464092179
152832,0.0042192296985340254
153088,0.004218723279333751
153344,0.004217923670070161
153600,0.004216964138953853
153856,0.004215125037647595
154112,0.004213685740973133
154368,0.004212939438993782
154624,0.004212219790656551
154880,0.004211553449603559
155136,0.004210993723119046
155392,0.004210407342992413
155648,0.004209794309223661
155904,0.004209127968170669
156160,0.004208408319833438
156416,0.00420736882779077
156672,0.004206169413895385
156928,0.00420497
157184,0.0042036143219362125
157440,0.004202710536560354
157696,0.004200483351169846
157952,0.004196384038929346
158208,0.004194641024275906
158464,0.004193995463293149
158720,0.0041931885120647045
158976,0.00419238156083626
159232,0.004191574609607815
159488,0.004190864492526783
159744,0.004190218931544028
160000,0.0040385121005963925
160256,0.0038393565374161983
160512,0.0038387109764334423
160768,0.0038380331374015487
161024,0.003837355298369655
161280,0.0038366774593377615
161536,0.0038360318983550056
161792,0.0038353863373722496
162048,0.003834837610536907
162304,0.0038343211617507026
162560,0.0038337401568662222
162816,0.003833223708080017
163072,0.0038327395373429505
163328,0.0038307382982964073
163584,0.003828672503151588
163840,0.003826864932399872
164096,0.0038258320348274625
164352,0.003825121917746431
164608,0.003824605468960226
164864,0.003824024464075746
165120,0.003823443459191266
165376,0.003822862454306785
165632,0.003822216893324029
165888,0.0038214099420955843
166144,0.003820086542080935
166400,0.0038186017518205963
166656,0.003817020127412844
166912,0.0038157290054473326
167168,0.0038146315517766476
167424,0.0038140182688430296
167680,0.003813437263958549
167936,0.003812888537123207
168192,0.0038120815858947617
168448,0.003811242356617179
168704,0.003810306293192183
168960,0.0038096284541602895
169216,0.0038027209516448015
169472,0.0037329680874580266
169728,0.003593785139575856
169984,0.003396308034950827
170240,0.003395565639820658
170496,0.003394920078837902
170752,0.0033943390739534216
171008,0.0033937580690689413
171264,0.0033931447861353234
171520,0.0033924992251525674
171776,0.0033917891080715358
172032,0.003389303698287926
172288,0.0033871410689956935
172544,0.003385462610440528
172800,0.0033849138836051854
173056,0.003384300600671568
173312,0.0033836227616396743
173568,0.0033828480884603666
173824,0.003382202527477611
174080,0.0033815892445439926
174336,0.003380911405512099
174592,0.0033793620591534845
174848,0.0033775867664509063
175104,0.003375746917650052
175360,0.0033740684590948863
175616,0.003373229229817304
175872,0.00337255139078541
176128,0.0033718735517535166
176384,0.0033711634346724854
176640,0.0033701628151492132
176896,0.0033690976395276667
177152,0.003368548912692324
177408,0.003368032463906119
177664,0.0033567674247570287
177920,0.003325231770749403
178176,0.0030340127558183914
178432,0.002916314077442336
178688,0.0029157104779234597
178944,0.002915032638891566
179200,0.0029144354949825167
179456,0.002913754428145709
179712,0.00291315728423666
179968,0.0029126279242308
180224,0.0029121276144691644
180480,0.002911588571048563
180736,0.0029108913651871866
180992,0.00291014251444719
181248,0.0029095518261479684
181504,0.0029090741110207284
181760,0.002908115452961336
182016,0.0029040290519404916
182272,0.002901256367519555
182528,0.002900068535311284
182784,0.0028996134148184414
183040,0.002899174433350167
183296,0.0028986160231000836
183552,0.002898080207484396
183808,0.0028974604689409504
184064,0.002896863325031901
184320,0.0028962726367326797
184576,0.002895620620140096
184832,0.00289497505915734
185088,0.00289436823183355
185344,0.002893819504998207
185600,0.002893228816698985
185856,0.0028925638888867467
186112,0.0028919086444892496
186368,0.0028914277015570965
186624,0.0028910080869183055
186880,0.0028905658776451175
187136,0.0028879868615190075
187392,0.0028818088429140333
187648,0.0028768186565173307
187904,0.002876095628216644
188160,0.0028757663921154383
188416,0.0028753887389405264
188672,0.0028748884291788903
188928,0.002874268690635445
189184,0.0028737619252639816
189440,0.002873226109648294
189696,0.002871383033042526
189952,0.0028685780705724516
190208,0.0028654148217569474
190464,0.002862070815866272
190720,0.0028598694529150745
190976,0.0028590399070522335
191232,0.0028585815587544765
191488,0.0028580683377731862
191744,0.0028573227148381026
192000,0.002856115515800349
192256,0.0028554828660372483
192512,0.0028550503401788014
192768,0.002854737243102165
193024,0.002457552620656687
193280,0.0016182813816101437
193536,0.0016156862264594643
193792,0.0016100440234701778
194048,0.001608478538086995
194304,0.0016081557575956173
194560,0.0016077167761273433
194816,0.0016072326053902766
195072,0.0016062352136719184
195328,0.0016037336648637391
195584,0.0016007769955627177
195840,0.0015992276492041032
196096,0.0015987208838326395
196352,0.0015981657013874693
196608,0.0015971198925954053
196864,0.0015967196447860968
197120,0.0015961612345360126
197376,9.161014728616421E-4
197632,9.066440044642682E-4
197888,9.060307215306498E-4
198144,9.054626278658254E-4
198400,9.049074454206547E-4
198656,9.03964926385831E-4
198912,9.033290488178166E-4
199168,9.026770322252331E-4
199424,9.021379888046323E-4
199680,9.016473624577376E-4
199936,9.009017395226544E-4
200192,9.001335219531751E-4
200448,8.994847331655052E-4
200704,8.986358204731812E-4
200960,8.977610853415472E-4
201216,8.969864121622403E-4
201472,8.961859165436221E-4
201728,8.955597223903496E-4
201984,8.947527711619043E-4
202240,8.938780360302706E-4
202496,8.931227296804459E-4
202752,8.92319006256915E-4
203008,8.916185725906245E-4
203264,8.910052896570065E-4
203520,8.904856130658879E-4
203776,8.897980906192537E-4
204032,8.88629625240465E-4
204288,8.779746412200789E-4
204544,8.77322624627495E-4
204800,8.768868709641349E-4
205056,8.762445377862929E-4
205312,8.758087841229324E-4
205568,8.752697407023316E-4
205824,8.748372148438851E-4
206080,8.742820323987153E-4
206336,8.73920518248372E-4
206592,8.734072972670808E-4
206848,8.728456592120831E-4
207104,8.724034499388959E-4
207360,8.71938646031311E-4
207616,8.716094099301061E-4
207872,8.712349845601077E-4
208128,8.707895474820062E-4
208384,8.70431261136576E-4
208640,8.583495873442995E-4
208896,8.566969512284451E-4
209152,8.5589E-4
209408,8.556032206182636E-4
209664,8.553473251699449E-4
209920,8.551664335599265E-4
210176,8.548693595337175E-4
210432,8.545531668820595E-4
210688,8.542737408178035E-4
210944,8.539928440900514E-4
211200,8.53707535371811E-4
211456,8.534384039520276E-4
211712,8.532575123420094E-4
211968,8.529457316808395E-4
212224,8.526780709245522E-4
212480,8.52360407609398E-4
212736,8.519471511669983E-4
212992,8.516589011217659E-4
213248,8.51364768422549E-4
213504,8.510868130217891E-4
213760,8.507632670526505E-4
214016,8.435658399028147E-4
214272,8.432761191940861E-4
214528,8.429496318979555E-4
214784,8.426349099097934E-4
215040,8.424143103853808E-4
215296,8.421775335625113E-4
215552,8.419584047015947E-4
215808,8.418186916694667E-4
216064,8.417039799167721E-4
216320,8.415686788751324E-4
216576,8.41368668639665E-4
216832,8.411657170772054E-4
217088,8.409907081211713E-4
217344,8.407524606348057E-4
217600,8.40599511631213E-4
217856,8.404406799736359E-4
218112,8.402656710176019E-4
218368,8.399244770865103E-4
218624,8.386391171909328E-4
218880,8.324314465739615E-4
219136,8.308063634107886E-4
219392,8.306445904262193E-4
219648,8.304945827496187E-4
219904,8.302960431776473E-4
220160,8.300813263072191E-4
220416,8.298254308589005E-4
220672,8.295915953630231E-4
220928,8.29365113184626E-4
221184,8.291092177363075E-4
221440,8.288121437100985E-4
221696,8.285209523378737E-4
221952,8.28297411486469E-4
222208,8.280444573651425E-4
222464,8.278209165137377E-4
222720,8.275370784589935E-4
222976,8.272355924422962E-4
223232,8.268061587014397E-4
223488,8.186483882886608E-4
223744,8.1769098635271E-4
224000,8.173953829899971E-4
224256,8.171586061671276E-4
224512,8.168630028044147E-4
224768,8.165629874512135E-4
225024,8.163217986378557E-4
225280,8.160791391610018E-4
225536,8.158070664142262E-4
225792,8.155629362738763E-4
226048,8.153688086923932E-4
226304,8.152188010157926E-4
226560,8.15051145377239E-4
226816,8.148776070847011E-4
227072,8.147570126780222E-4
227328,8.143069896482205E-4
227584,8.140613888443744E-4
227840,8.138775559073638E-4
228096,8.137569615006848E-4
228352,8.136025418335961E-4
228608,8.134819474269172E-4
228864,8.133142917883635E-4
229120,8.130539843495567E-4
229376,8.127951475742458E-4
229632,8.125127801829978E-4
229888,8.122333541187418E-4
230144,8.120171665848173E-4
230400,8.118053910413812E-4
230656,8.114921397167153E-4
230912,8.112171256429476E-4
231168,8.110024087725193E-4
231424,8.107656319496497E-4
231680,8.105406204347488E-4
231936,8.102656063609811E-4
232192,8.099788269792448E-4
232448,8.097994060327225E-4
232704,7.90168989686991E-4
232960,7.854893384424513E-4
233216,7.850481393936261E-4
233472,7.847098867895268E-4
233728,7.844716393031611E-4
233984,7.842319211532993E-4
234240,7.839730843779885E-4
234496,7.837304249011347E-4
234752,7.834377628654139E-4
235008,7.831759847631109E-4
235264,7.828597921114528E-4
235520,7.825906606916695E-4
235776,7.823656491767686E-4
236032,7.821097537284499E-4
236288,7.818185623562253E-4
236544,7.814935457235906E-4
236800,7.716592189252759E-4
237056,7.673663521802062E-4
237312,7.670766314714776E-4
237568,7.66838383985112E-4
237824,7.664927780635322E-4
238080,7.661971747008193E-4
238336,7.659471619064851E-4
238592,7.657471516710175E-4
238848,7.655000802036754E-4
239104,7.652412434283647E-4
239360,7.649824066530538E-4
239616,7.647294525317273E-4
239872,7.642132496446018E-4
240128,7.638014638656982E-4
240384,7.635661577063248E-4
240640,7.633323222104474E-4
240896,7.631190760035152E-4
241152,7.628514152472278E-4
241408,7.626484636847683E-4
241664,7.624205108428751E-4
241920,7.62171968712037E-4
242176,7.619116612732301E-4
242432,7.616954737393058E-4
242688,7.61421930329034E-4
242944,7.611733881981958E-4
243200,7.609071981054046E-4
243456,7.605851227997621E-4
243712,7.602968727545297E-4
243968,7.60024800007754E-4
244224,7.598012591563493E-4
244480,7.595321277365658E-4
244736,7.592997629041847E-4
244992,7.590291608209051E-4
245248,7.588085612964925E-4
245504,7.585673724831348E-4
245760,7.582908877458709E-4
246016,7.576540904520665E-4
246272,7.574173136291969E-4
246528,7.571408288919331E-4
246784,7.569672905993951E-4
247040,7.567305137765256E-4
247296,7.564422637312931E-4
247552,7.561672496575253E-4
247808,7.559569447775853E-4
248064,7.556834013673137E-4
248320,7.553760326966321E-4
248576,7.551171959213213E-4
248832,7.548392405205614E-4
249088,7.546068756881801E-4
249344,7.543906881542558E-4
249600,7.54170088629843E-4
249856,7.538303653622477E-4
250112,7.535847645584016E-4
250368,7.533494583990281E-4
250624,7.530817976427408E-4
250880,7.528523741373517E-4
251136,7.525361814856936E-4
251392,7.523111699707927E-4
251648,7.516111341466566E-4
251904,7.51319942774432E-4
252160,7.51059635335625E-4
252416,7.508390358112124E-4
252672,7.506419669027372E-4
252928,7.504375446767815E-4
253184,7.501698839204942E-4
253440,7.499669323580346E-4
253696,7.498110420274496E-4
253952,7.495580879061231E-4
254208,7.491757153971413E-4
254464,7.487948135516555E-4
254720,7.484521489570679E-4
254976,7.481124256894724E-4
255232,7.477741730853731E-4
255488,7.475329842720152E-4
255744,7.473520926619968E-4
256000,7.470814905787174E-4
256256,7.468079471684458E-4
256512,7.465108731422368E-4
256768,7.46252036366926E-4
257024,7.460490848044663E-4
257280,7.45799072010132E-4
257536,7.455431765618134E-4
257792,7.453005170849594E-4
258048,7.450755055700587E-4
258304,7.449034379410168E-4
258560,7.446887210705885E-4
258816,7.444740042001601E-4
259072,7.442651699837163E-4
259328,7.44034275814831E-4
259584,7.437974989919615E-4
259840,7.435636634960841E-4
260096,7.433371813176872E-4
260352,7.431106991392901E-4
260608,7.428680396624364E-4
260864,7.425989082426529E-4
261120,7.42338600803846E-4
