cache_lines,MRC
256,0.03731397917888563
512,0.031531758357771264
768,0.023282137536656897
1024,0.013338116715542522
1280,0.0050647958944281535
1536,0.001544575073313785
1792,-4.5744574780058264E-4
2048,-0.001640966568914954
2304,-0.002146287390029325
2560,-0.002407408211143696
2816,-0.002559129032258061
3072,-0.002701849853372431
3328,-0.002819270674486802
3584,-0.0028707914956011688
3840,-0.0028549123167155403
4096,-0.0028211331378299107
4352,-0.0027919539589442814
4608,-0.0027456747800586496
4864,-0.0027106956011730167
5120,-0.0027152164222873885
5376,-0.002696337243401757
5632,-0.0026716580645161254
5888,-0.002613478885630495
6144,-0.002544199706744868
6400,-0.0024669205278592364
6656,-0.0024023413489736058
6912,-0.002421462170087974
7168,-0.0023511829912023427
7424,-0.0023791038123167144
7680,-0.0023457246334310823
7936,-0.0023188454545454533
8192,-0.0023711662756598223
8448,-0.002536687096774192
8704,-0.0024723079178885637
8960,-0.00242782873900293
9216,-0.0026370495601173004
9472,-0.0026133703812316715
9728,-0.0029156912023460373
9984,-0.0028035120234604083
10240,-0.002831032844574779
10496,-0.002708953665689148
10752,-0.0026499744868035188
11008,-0.002505395307917886
11264,-0.0024006161290322566
11520,-0.002256736950146627
11776,-0.0021436577712609945
12032,-0.001996378592375364
12288,-0.0018655994134897345
12544,-0.001716120234604105
12800,-0.0015707410557184737
13056,-0.001421361876832842
13312,-0.0012807826979472133
13568,-0.0011320035190615831
13824,-0.0010047243401759519
14080,-9.136451612903208E-4
14336,-7.77065982404691E-4
14592,-6.231868035190616E-4
14848,-4.6850762463343E-4
15104,-3.1572844574779754E-4
15360,-1.6404926686216896E-4
15616,-1.2670087976538597E-5
15872,1.4030909090909267E-4
16128,2.9878826979472424E-4
16384,4.519674486803526E-4
16640,6.070466275659835E-4
16896,7.506258064516151E-4
17152,8.895049853372451E-4
17408,0.0010477841642228761
17664,0.001209063343108505
17920,0.001346142521994137
18176,0.001510721700879767
18432,0.0016748008797653965
18688,0.0018386800586510273
18944,0.001984159237536658
19200,0.0021353384164222895
19456,0.0022980175953079187
19712,0.0024614967741935483
19968,0.0026251759530791802
20224,0.002790355131964812
20480,0.0029518343108504413
20736,0.003114113489736071
20992,0.003271392668621703
21248,0.003412271847507333
21504,0.003560651026392964
21760,0.003723330205278593
22016,0.0038848093841642242
22272,0.004046488563049856
22528,0.004187667741935486
22784,0.0043491469208211155
23040,0.004511826099706745
23296,0.0046778052785923785
23552,0.004844784457478006
23808,0.005012063636363638
24064,0.0051782428152492704
24320,0.0053437219941349
24576,0.0055099011730205295
24832,0.005673280351906158
25088,0.005837759530791789
25344,0.005985338709677421
25600,0.006140417888563052
25856,0.006303697067448681
26112,0.006469676246334315
26368,0.006521431212121212
26624,0.006512352424242423
26880,0.006489973636363635
27136,0.006484794848484849
27392,0.00648291606060606
27648,0.0064791372727272725
27904,0.006477858484848484
28160,0.006472579696969697
28416,0.006471200909090909
28672,0.006465622121212122
28928,0.006458543333333333
29184,0.006454864545454545
29440,0.0064543857575757565
29696,0.00645300696969697
29952,0.006452628181818181
30208,0.006450749393939393
30464,0.006447070606060606
30720,0.006444591818181818
30976,0.006442713030303029
31232,0.006420934242424241
31488,0.006399855454545454
31744,0.0063994766666666675
32000,0.006397097878787878
32256,0.006396819090909091
32512,0.006396540303030303
32768,0.006396761515151514
33024,0.006396782727272727
33280,0.0063960039393939384
33536,0.006396225151515151
33792,0.006394446363636364
34048,0.006393467575757575
34304,0.006390488787878788
34560,0.00638851
34816,0.006379931212121211
35072,0.0063770524242424236
35328,0.006374373636363636
35584,0.006374594848484848
35840,0.00631891606060606
36096,0.006313637272727273
36352,0.006304258484848485
36608,0.006296079696969696
36864,0.0062921009090909094
37120,0.006290722121212121
37376,0.006288343333333332
37632,0.006287564545454544
37888,0.006268085757575758
38144,0.006250706969696969
38400,0.006249928181818181
38656,0.006247349393939393
38912,0.0062371706060606056
39168,0.006235891818181818
39424,0.00622801303030303
39680,0.006182134242424243
39936,0.006182955454545454
40192,0.006183076666666667
40448,0.006183997878787878
40704,0.006182419090909091
40960,0.006138540303030302
41216,0.006136661515151515
41472,0.006135582727272727
41728,0.006133003939393939
41984,0.006132225151515151
42240,0.006124246363636362
42496,0.006028567575757576
42752,0.0060302887878787865
43008,0.006031709999999999
43264,0.0060336312121212115
43520,0.006034652424242425
43776,0.006028973636363636
44032,0.006029094848484848
44288,0.00602861606060606
44544,0.006028537272727273
44800,0.006028158484848484
45056,0.006025379696969697
45312,0.005954100909090908
45568,0.005955222121212121
45824,0.005956843333333332
46080,0.005957364545454545
46336,0.005883085757575756
46592,0.005883406969696969
46848,0.0058837281818181816
47104,0.005884849393939394
47360,0.005886070606060606
47616,0.005887791818181817
47872,0.0058849130303030295
48128,0.005878134242424242
48384,0.005876955454545455
48640,0.005878576666666666
48896,0.005879997878787879
49152,0.00588081909090909
49408,0.0058796403030303025
49664,0.005878761515151515
49920,0.005873782727272726
50176,0.005868003939393938
50432,0.005867325151515151
50688,0.005867546363636362
50944,0.005865767575757575
51200,0.005861888787878788
51456,0.00586381
51712,0.005865331212121212
51968,0.005867252424242423
52224,0.005868873636363636
52480,0.005867913421309873
52736,0.0058669168426197455
52992,0.005858520263929619
53248,0.005858023685239493
53504,0.005850927106549365
53760,0.005847130527859238
54016,0.005828533949169111
54272,0.005822537370478984
54528,0.005805240791788857
54784,0.005804644213098729
55040,0.005803947634408602
55296,0.005802551055718476
55552,0.005801854477028349
55808,0.005801757898338222
56064,0.005799761319648094
56320,0.005796364740957967
56576,0.005794068162267841
56832,0.005789871583577713
57088,0.005785575004887585
57344,0.005783378426197459
57600,0.005773181847507332
57856,0.005766285268817204
58112,0.005763188690127078
58368,0.0057625921114369495
58624,0.005761895532746823
58880,0.005761898954056696
59136,0.005761602375366569
59392,0.005759705796676442
59648,0.005754309217986315
59904,0.005751212639296188
60160,0.00575131606060606
60416,0.005750519481915933
60672,0.0056217229032258075
60928,0.00562082632453568
61184,0.005618029745845553
61440,0.005615233167155425
61696,0.005613836588465298
61952,0.005614040009775171
62208,0.0056137434310850436
62464,0.0056135468523949164
62720,0.005613550273704791
62976,0.005613453695014664
63232,0.005608357116324536
63488,0.00560766053763441
63744,0.005607263958944283
64000,0.0056037673802541545
64256,0.005601170801564027
64512,0.005601674222873901
64768,0.005601977644183773
65024,0.005599681065493646
65280,0.0056004844868035196
65536,0.0056008879081133915
65792,0.005600791329423265
66048,0.005600694750733137
66304,0.005600998172043011
66560,0.005601101593352885
66816,0.005600305014662756
67072,0.00560060843597263
67328,0.005601211857282502
67584,0.005601115278592375
67840,0.005600718699902248
68096,0.00559982212121212
68352,0.005600525542521994
68608,0.005600928963831867
68864,0.005600632385141739
69120,0.0056003358064516135
69376,0.005599839227761486
69632,0.005599142649071358
69888,0.005598846070381232
70144,0.0055990494916911045
70400,0.005599152913000978
70656,0.005599656334310851
70912,0.005599959755620723
71168,0.0055552631769305956
71424,0.00543846659824047
71680,0.005438170019550341
71936,0.005438273440860215
72192,0.005438876862170087
72448,0.005439180283479961
72704,0.005439283704789835
72960,0.005439187126099707
73216,0.005439590547409579
73472,0.0054399939687194525
73728,0.005439497390029325
73984,0.005439000811339199
74240,0.005439204232649072
74496,0.005440207653958943
74752,0.005440611075268817
75008,0.005441114496578689
75264,0.005441517917888563
75520,0.005441821339198435
75776,0.005442224760508308
76032,0.005442428181818181
76288,0.005443031603128055
76544,0.0054434350244379264
76800,0.0054438384457478
77056,0.0054444418670576734
77312,0.0054439452883675455
77568,0.0054447487096774185
77824,0.005445652130987292
78080,0.0054454555522971656
78336,0.005445158973607038
78592,0.005446110909090909
78848,0.0054442018181818175
79104,0.005442292727272727
79360,0.005441283636363636
79616,0.005440174545454545
79872,0.005439065454545453
80128,0.005438556363636364
80384,0.0054376472727272725
80640,0.005436638181818182
80896,0.00543562909090909
81152,0.005434420000000001
81408,0.005433210909090909
81664,0.005430801818181817
81920,0.005429992727272727
82176,0.005429783636363636
82432,0.005428774545454545
82688,0.005427965454545455
82944,0.005427656363636364
83200,0.005426747272727273
83456,0.005424538181818181
83712,0.0054228290909090916
83968,0.00542102
84224,0.005418810909090909
84480,0.005418001818181819
84736,0.005417392727272727
84992,0.005417283636363637
85248,0.005417274545454546
85504,0.005417165454545455
85760,0.005416456363636363
86016,0.005415647272727273
86272,0.005413838181818183
86528,0.0054120290909090915
86784,0.00541122
87040,0.00541041090909091
87296,0.005409901818181818
87552,0.005409492727272727
87808,0.005409383636363637
88064,0.005409374545454546
88320,0.005409365454545455
88576,0.0054086563636363645
88832,0.005407647272727272
89088,0.005405538181818182
89344,0.0054037290909090905
89600,0.00540302
89856,0.00540231090909091
90112,0.005402001818181818
90368,0.005401492727272727
90624,0.005401283636363637
90880,0.005400174545454545
91136,0.005398965454545455
91392,0.005398256363636364
91648,0.005397947272727272
91904,0.005397738181818183
92160,0.00539762909090909
92416,0.0053970200000000015
92672,0.005396910909090909
92928,0.005396501818181818
93184,0.005360692727272728
93440,0.005152883636363638
93696,0.005152174545454545
93952,0.005151765454545455
94208,0.005151456363636364
94464,0.005151147272727273
94720,0.005150638181818183
94976,0.005150629090909091
95232,0.005150020000000001
95488,0.005149810909090909
95744,0.005149701818181818
96000,0.005149092727272727
96256,0.0051486836363636365
96512,0.005148374545454545
96768,0.005147865454545456
97024,0.005147156363636363
97280,0.005146847272727274
97536,0.005146338181818182
97792,0.0051456290909090915
98048,0.005145320000000001
98304,0.00514471090909091
98560,0.005144401818181818
98816,0.005143892727272729
99072,0.005143883636363637
99328,0.005143474545454547
99584,0.005142865454545456
99840,0.005142856363636364
100096,0.005142747272727274
100352,0.005142438181818183
100608,0.005142329090909092
100864,0.00514192
101120,0.00514201090909091
101376,0.00514220181818182
101632,0.0051421927272727284
101888,0.005141883636363637
102144,0.005141874545454546
102400,0.005141865454545455
102656,0.0051419563636363646
102912,0.005142047272727273
103168,0.005142038181818182
103424,0.005141729090909091
103680,0.005141520000000001
103936,0.00514171090909091
104192,0.005140901818181819
104448,0.0051405927272727275
104704,0.005145592766373412
104960,0.0051496855327468226
105216,0.005153278299120235
105472,0.0051572710654936476
105728,0.005161263831867057
105984,0.00516515659824047
106240,0.00516904936461388
106496,0.005173342130987292
106752,0.005176834897360704
107008,0.005179527663734116
107264,0.005181520430107528
107520,0.005185113196480939
107776,0.00518880596285435
108032,0.005192898729227762
108288,0.005197191495601173
108544,0.005201084261974584
108800,0.0052050770283479965
109056,0.005208869794721407
109312,0.00521216256109482
109568,0.005215055327468232
109824,0.005218448093841642
110080,0.005222240860215055
110336,0.005226233626588465
110592,0.005230326392961876
110848,0.0052344191593352895
111104,0.0052385119257087
111360,0.005242704692082111
111616,0.005247197458455524
111872,0.005251390224828934
112128,0.005066832991202347
112384,0.004948795757575759
112640,0.00495314852394917
112896,0.0049570812903225805
113152,0.004961124056695992
113408,0.004965096823069404
113664,0.004968989589442817
113920,0.004972792355816227
114176,0.004976555122189639
114432,0.004980847888563051
114688,0.004985050654936461
114944,0.004989173421309873
115200,0.0049932461876832845
115456,0.004997308954056695
115712,0.005001351720430107
115968,0.005005334486803519
116224,0.005009327253176931
116480,0.005013320019550343
116736,0.005017092785923754
116992,0.005021405552297166
117248,0.005025488318670578
117504,0.005029571085043988
117760,0.005033783851417401
118016,0.005037646617790811
118272,0.005041869384164224
118528,0.005046152150537634
118784,0.005050384916911046
119040,0.0050544976832844575
119296,0.005058300449657869
119552,0.005062193216031281
119808,0.005066395982404692
120064,0.005070698748778104
120320,0.005074861515151516
120576,0.005078784281524927
120832,0.005082917047898337
121088,0.005086679814271751
121344,0.005090442580645163
121600,0.005094505347018574
121856,0.005098368113391985
122112,0.005102260879765396
122368,0.005106243646138807
122624,0.005110246412512219
122880,0.005114239178885632
123136,0.005118381945259042
123392,0.005120374711632454
123648,0.005122957478005865
123904,0.005126430244379277
124160,0.005130533010752688
124416,0.0051344757771261
124672,0.0051385685434995115
124928,0.005142801309872924
125184,0.005147144076246335
125440,0.005151406842619747
125696,0.0051551496089931575
125952,0.005158472375366569
126208,0.005161865141739982
126464,0.005165247908113391
126720,0.005168710674486803
126976,0.005172633440860216
127232,0.005176866207233627
127488,0.005181348973607038
127744,0.005185701739980449
128000,0.005189774506353861
128256,0.005193657272727274
128512,0.005197410039100685
128768,0.005201072805474096
129024,0.0050333555718475075
129280,0.00480206833822092
129536,0.004806201104594331
129792,0.004809823870967744
130048,0.004814246637341154
130304,0.004818489403714565
130560,0.0048227121700879765
130816,0.00482954633431085
131072,0.004834492668621701
131328,0.004839529002932551
131584,0.004844355337243401
131840,0.004849141671554252
132096,0.004853898005865103
132352,0.004858534340175954
132608,0.004863030674486802
132864,0.004867607008797653
133120,0.004871913343108504
133376,0.004876699677419355
133632,0.004881726011730205
133888,0.0048867523460410555
134144,0.004891708680351906
134400,0.004896635014662756
134656,0.004901481348973607
134912,0.004906157683284457
135168,0.004911294017595307
135424,0.004916310351906157
135680,0.004921186686217008
135936,0.0049260630205278585
136192,0.00493075935483871
136448,0.00493566568914956
136704,0.004940502023460411
136960,0.004945208357771261
137216,0.004949994692082112
137472,0.0049548310263929606
137728,0.004959557360703812
137984,0.004964563695014662
138240,0.004969470029325513
138496,0.004973216363636363
138752,0.004976242697947214
139008,0.004979879032258065
139264,0.004984765366568915
139520,0.004989891700879765
139776,0.004994938035190616
140032,0.004999694369501465
140288,0.0050044207038123165
140544,0.005009307038123167
140800,0.005014283372434017
141056,0.005019109706744868
141312,0.005023296041055718
141568,0.005027052375366569
141824,0.005030648709677419
142080,0.00503400504398827
142336,0.0050380113782991206
142592,0.0050427577126099694
142848,0.0050472940469208204
143104,0.0050518203812316715
143360,0.005056736715542522
143616,0.005061733049853372
143872,0.005066879384164222
144128,0.005072015718475073
144384,0.005077002052785923
144640,0.005044298387096775
144896,0.004615754721407625
145152,0.0045961910557184744
145408,0.004600837390029325
145664,0.004605803724340175
145920,0.004610590058651026
146176,0.004615206392961877
146432,0.004619752727272727
146688,0.0046242190615835765
146944,0.004628705395894428
147200,0.004633601730205278
147456,0.004638638064516128
147712,0.004643874398826979
147968,0.0046488507331378295
148224,0.004653607067448679
148480,0.00465843340175953
148736,0.00466222973607038
148992,0.00466474607038123
149248,0.004667362404692082
149504,0.004671438739002933
149760,0.004676505073313782
150016,0.004681731407624632
150272,0.004686617741935482
150528,0.004691684076246334
150784,0.004696430410557185
151040,0.004701426744868035
151296,0.004706423079178885
151552,0.004710689413489736
151808,0.004714325747800586
152064,0.004717922082111436
152320,0.004721518416422287
152576,0.004725394750733136
152832,0.0047301710850439875
153088,0.0047354674193548375
153344,0.0047405837536656885
153600,0.004745820087976539
153856,0.004751026422287389
154112,0.004755952756598239
154368,0.00476108909090909
154624,0.004766355425219942
154880,0.004771231759530792
155136,0.004669678093841641
155392,0.004210064428152492
155648,0.004214780762463342
155904,0.0042197070967741925
156160,0.0042246534310850445
156416,0.004229399765395894
156672,0.0042339060997067446
156928,0.004210445268817204
157184,0.00421402053763441
157440,0.0042178258064516135
157696,0.004221401075268817
157952,0.004224976344086022
158208,0.0042289116129032266
158464,0.0042326868817204304
158720,0.004235892150537634
158976,0.004239357419354838
159232,0.004242792688172042
159488,0.004246407956989247
159744,0.004250133225806451
160000,0.0042537184946236555
160256,0.00425530376344086
160512,0.004255749032258065
160768,0.0042574743010752696
161024,0.004260799569892474
161280,0.004264684838709678
161536,0.0042685701075268825
161792,0.004272535376344085
162048,0.004276360645161291
162304,0.004280235913978494
162560,0.004284111182795699
162816,0.0042877564516129035
163072,0.004290481720430107
163328,0.004292606989247312
163584,0.004295042258064516
163840,0.00429727752688172
164096,0.004299802795698924
164352,0.00430336806451613
164608,0.0043069733333333336
164864,0.0043104386021505375
165120,0.004314343870967742
165376,0.004318199139784946
165632,0.00432191440860215
165888,0.004325959677419354
166144,0.004329804946236559
166400,0.004333870215053763
166656,0.004149915483870968
166912,0.003691300752688172
167168,0.0036916060215053765
167424,0.0036956512903225805
167680,0.0036995365591397846
167936,0.0037034918279569896
168192,0.0037072670967741935
168448,0.003711042365591398
168704,0.003715047634408603
168960,0.0037189829032258067
169216,0.003722988172043011
169472,0.0037272234408602155
169728,0.00373156870967742
169984,0.003734893978494624
170240,0.003735849247311828
170496,0.0037365345161290324
170752,0.0037387697849462368
171008,0.003742775053763441
171264,0.003746980322580645
171520,0.0037511055913978498
171776,0.0037551808602150545
172032,0.003759146129032258
172288,0.0037634813978494625
172544,0.0037675066666666666
172800,0.003771221935483871
173056,0.0037735572043010755
173312,0.00377551247311828
173568,0.0037774577419354845
173824,0.0037798630107526887
174080,0.003783468279569893
174336,0.003787713548387097
174592,0.0037917888172043016
174848,0.0037961240860215056
175104,0.0037999793548387103
175360,0.0038040146236559143
175616,0.003808079892473118
175872,0.003812195161290323
176128,0.0038027404301075275
176384,0.0037445756989247314
176640,0.0035652909677419357
176896,0.00318376623655914
177152,0.003053011505376345
177408,0.0030568167741935486
177664,0.0030606520430107535
177920,0.0030646673118279576
178176,0.0030690125806451616
178432,0.003073137849462366
178688,0.0030769031182795704
178944,0.0030780283870967744
179200,0.0030792336559139787
179456,0.003080518924731183
179712,0.003084104193548388
179968,0.003088149462365592
180224,0.0030921347311827965
180480,0.003096170000000001
180736,0.0031002552688172047
180992,0.003104550537634409
181248,0.003108495806451614
181504,0.0031116010752688175
181760,0.0031138863440860224
182016,0.0031157616129032263
182272,0.0031179268817204306
182528,0.003120862150537635
182784,0.003124957419354839
183040,0.0031482072629521016
183296,0.0031701345259042032
183552,0.0031921817888563055
183808,0.003214279051808407
184064,0.003236406314760509
184320,0.00325859357771261
184576,0.003280790840664712
184832,0.0033029881036168137
185088,0.002984385366568915
185344,0.0024911426295210174
185600,0.0025131598924731185
185856,0.0025350471554252203
186112,0.002556964418377322
186368,0.0025790716813294235
186624,0.0026011689442815254
186880,0.002623116207233627
187136,0.0026449334701857284
187392,0.00266686073313783
187648,0.002688907996089932
187904,0.0027109352590420337
188160,0.002732762521994135
188416,0.0027549197849462363
188672,0.0027772170478983387
188928,0.0027995643108504405
189184,0.0028212915738025416
189440,0.002843518836754643
189696,0.002865896099706745
189952,0.0028880233626588474
190208,0.0029100406256109485
190464,0.0029320478885630505
190720,0.0029540851515151515
190976,0.0029762824144672533
191232,0.0029982996774193553
191488,0.0030203069403714564
191744,0.0030425442033235584
192000,0.0030647114662756604
192256,0.0030868687292277615
192512,0.0031090059921798636
192768,0.003131023255131965
193024,0.003153030518084067
193280,0.0031751877810361684
193536,0.0031977550439882697
193792,0.0032200623069403717
194048,0.0032402295698924733
194304,0.003257446832844575
194560,0.003267524095796676
194816,0.003286051358748778
195072,0.00330824862170088
195328,0.0033309658846529815
195584,0.003353533147605083
195840,0.0033760904105571855
196096,0.003398647673509287
196352,0.0034212849364613886
196608,0.0034428521994134898
196864,0.003462349462365592
197120,0.0034790567253176934
197376,0.003495613988269795
197632,0.0035136312512218963
197888,0.003533488514173998
198144,0.0035563557771260998
198400,0.0035790430400782012
198656,0.0036016403030303032
198912,0.0036241675659824052
199168,0.003646794828934507
199424,0.0036695320918866082
199680,0.00369233935483871
199936,0.003715206617790811
200192,0.0017282138807429132
200448,0.001424471143695015
200704,0.0014398284066471166
200960,0.0014575056695992179
201216,0.0014800929325513197
201472,0.0015028901955034214
201728,0.001525767458455523
201984,0.0015485147214076248
202240,0.0015668519843597265
202496,0.001583749247311828
202752,0.0016040165102639298
203008,0.0016267637732160314
203264,0.0016495210361681329
203520,0.0016720382991202347
203776,0.0016946955620723363
204032,0.001423712825024438
204288,4.546000879765398E-4
204544,4.7595735092864134E-4
204800,4.980446138807429E-4
205056,5.204718768328446E-4
205312,5.428891397849462E-4
205568,5.648464027370481E-4
205824,5.870636656891497E-4
206080,6.092809286412514E-4
206336,6.314481915933529E-4
206592,6.533654545454546E-4
206848,6.753527174975561E-4
207104,6.969299804496581E-4
207360,7.188072434017596E-4
207616,7.407045063538612E-4
207872,7.624917693059628E-4
208128,7.844490322580645E-4
208384,8.06426295210166E-4
208640,8.28053558162268E-4
208896,8.496808211143697E-4
209152,8.56434183773216E-4
209408,8.552283675464323E-4
209664,8.546625513196482E-4
209920,8.539167350928642E-4
210176,8.521409188660802E-4
210432,8.514551026392964E-4
210688,8.510992864125123E-4
210944,8.509134701857284E-4
211200,8.506776539589445E-4
211456,8.503818377321605E-4
211712,8.499760215053765E-4
211968,8.498202052785923E-4
212224,8.494443890518084E-4
212480,8.490885728250246E-4
212736,8.489127565982406E-4
212992,8.488169403714566E-4
213248,8.484011241446726E-4
213504,8.480253079178886E-4
213760,8.478294916911047E-4
214016,8.474536754643206E-4
214272,8.457078592375368E-4
214528,8.453520430107528E-4
214784,8.449262267839687E-4
215040,8.446504105571848E-4
215296,8.441945943304009E-4
215552,8.44008778103617E-4
215808,8.435829618768329E-4
216064,8.42727145650049E-4
216320,8.41791329423265E-4
216576,8.40905513196481E-4
216832,8.404096969696969E-4
217088,8.39873880742913E-4
217344,8.38858064516129E-4
217600,8.380022482893452E-4
217856,8.369764320625612E-4
218112,8.361106158357772E-4
218368,8.353747996089931E-4
218624,8.347689833822093E-4
218880,8.341531671554253E-4
219136,8.317173509286412E-4
219392,8.310715347018574E-4
219648,8.302257184750735E-4
219904,8.296399022482895E-4
220160,8.289340860215053E-4
220416,8.282682697947213E-4
220672,8.279024535679374E-4
220928,8.278166373411535E-4
221184,8.276508211143696E-4
221440,8.274050048875856E-4
221696,8.271591886608016E-4
221952,8.270333724340176E-4
222208,8.267575562072337E-4
222464,8.266417399804496E-4
222720,8.264059237536657E-4
222976,8.262001075268818E-4
223232,8.259042913000979E-4
223488,8.256784750733139E-4
223744,8.233526588465298E-4
224000,8.233168426197458E-4
224256,8.231310263929619E-4
224512,8.230352101661778E-4
224768,8.22709393939394E-4
225024,8.2209357771261E-4
225280,8.21497761485826E-4
225536,8.206419452590419E-4
225792,8.19876129032258E-4
226048,8.19390312805474E-4
226304,8.188644965786902E-4
226560,8.184286803519062E-4
226816,8.180128641251223E-4
227072,8.174370478983381E-4
227328,8.170012316715542E-4
227584,8.165854154447703E-4
227840,8.153395992179863E-4
228096,8.132937829912023E-4
228352,8.125479667644185E-4
228608,8.118321505376344E-4
228864,8.111763343108503E-4
229120,8.105705180840665E-4
229376,8.099447018572825E-4
229632,8.094088856304985E-4
229888,8.090730694037145E-4
230144,8.085672531769305E-4
230400,8.083814369501465E-4
230656,8.082356207233625E-4
230912,8.081098044965786E-4
231168,8.081939882697948E-4
231424,8.081581720430108E-4
231680,8.080123558162268E-4
231936,8.077565395894429E-4
232192,8.078207233626588E-4
232448,8.078849071358749E-4
232704,8.078390909090908E-4
232960,8.078932746823069E-4
233216,8.07927458455523E-4
233472,8.074616422287389E-4
233728,8.06965826001955E-4
233984,8.063700097751711E-4
234240,8.05794193548387E-4
234496,8.051283773216031E-4
234752,8.04272561094819E-4
235008,8.035567448680352E-4
235264,8.037103049853372E-4
235520,8.031966099706747E-4
235776,8.022729149560119E-4
236032,8.017592199413491E-4
236288,8.011355249266863E-4
236544,8.008518299120236E-4
236800,7.944881348973608E-4
237056,7.94064439882698E-4
237312,7.937207448680352E-4
237568,7.933270498533727E-4
237824,7.927833548387098E-4
238080,7.923396598240469E-4
238336,7.917859648093842E-4
238592,7.912322697947216E-4
238848,7.907285747800587E-4
239104,7.898948797653959E-4
239360,7.887511847507331E-4
239616,7.881174897360703E-4
239872,7.876937947214077E-4
240128,7.872800997067449E-4
240384,7.868764046920821E-4
240640,7.863727096774195E-4
240896,7.826090146627567E-4
241152,7.82035319648094E-4
241408,7.814916246334312E-4
241664,7.810679296187684E-4
241920,7.804142346041057E-4
242176,7.79980539589443E-4
242432,7.795168445747801E-4
242688,7.788831495601174E-4
242944,7.780494545454547E-4
243200,7.777257595307918E-4
243456,7.77292064516129E-4
243712,7.766983695014662E-4
243968,7.762646744868036E-4
244224,7.758109794721409E-4
244480,7.752972844574781E-4
244736,7.748635894428152E-4
244992,7.743198944281526E-4
245248,7.736861994134898E-4
245504,7.73042504398827E-4
245760,7.726388093841644E-4
246016,7.725951143695016E-4
246272,7.722514193548389E-4
246528,7.718077243401761E-4
246784,7.712140293255133E-4
247040,7.707703343108505E-4
247296,7.703966392961877E-4
247552,7.701029442815249E-4
247808,7.696492492668622E-4
248064,7.691055542521995E-4
248320,7.686018592375366E-4
248576,7.681581642228739E-4
248832,7.678744692082112E-4
249088,7.672807741935484E-4
249344,7.667670791788857E-4
249600,7.66523384164223E-4
249856,7.660896891495602E-4
250112,7.654659941348973E-4
250368,7.649922991202347E-4
250624,7.646686041055719E-4
250880,7.642849090909092E-4
251136,7.636212140762463E-4
251392,7.630875190615837E-4
251648,7.624838240469208E-4
251904,7.620101290322581E-4
252160,7.616864340175953E-4
252416,7.610827390029326E-4
252672,7.599890439882697E-4
252928,7.592753489736071E-4
253184,7.583916539589443E-4
253440,7.576979589442815E-4
253696,7.570642639296187E-4
253952,7.56830568914956E-4
254208,7.565968739002933E-4
254464,7.561731788856306E-4
254720,7.556994838709677E-4
254976,7.55215788856305E-4
255232,7.546520938416422E-4
255488,7.541683988269794E-4
255744,7.536747038123168E-4
256000,7.53371008797654E-4
256256,7.530573137829912E-4
256512,7.526936187683285E-4
256768,7.523699237536656E-4
257024,7.519362287390029E-4
257280,7.516525337243401E-4
257536,7.512988387096774E-4
257792,7.509251436950147E-4
258048,7.50461448680352E-4
258304,7.500677536656891E-4
258560,7.495640586510265E-4
258816,7.487903636363637E-4
259072,7.477366686217008E-4
259328,7.467729736070381E-4
259584,7.458792785923754E-4
259840,7.449155835777126E-4
260096,7.439018885630498E-4
260352,7.436781935483872E-4
260608,7.433444985337245E-4
260864,7.430408035190617E-4
261120,7.427171085043988E-4
