cache_lines,MRC
256,0.0371394
512,0.03347185143105452
768,0.02898396977298824
1024,0.021997589470445934
1280,0.015108835283503586
1536,0.011255067180035192
1792,0.010713105379414844
2048,0.010471686031865778
2304,0.010262382939168289
2560,0.010133096765518622
2816,0.010007642645004651
3072,0.0098730645884533
3328,0.009716589085412241
3584,0.009602631124305375
3840,0.00952589882223101
4096,0.009462122509329724
4352,0.009398528675149193
4608,0.009331376505914077
4864,0.009266505320688307
5120,0.009189225582451704
5376,0.009112493280377342
5632,0.00902460240452926
5888,0.008965880752192689
6144,0.008913481987530017
6400,0.008861338693076388
6656,0.008815198948535361
6912,0.00875851193393512
7168,0.008657738060402265
7424,0.00856107908202227
7680,0.008484374151756017
7936,0.008413855250123108
8192,0.008314021142002095
8448,0.008214004555160345
8704,0.008061771682376668
8960,0.007994537397717216
9216,0.0077967487122989
9472,0.007742005096074627
9728,0.007590830599871281
9984,0.007431700031443344
10240,0.007400258947858538
10496,0.007296611034473901
10752,0.007267177216817314
11008,0.007212397104848889
11264,0.0071964758364636595
11520,0.0071599162247618815
11776,0.007146184701025623
12032,0.007114542890847994
12288,0.007098430019805979
12544,0.0070782387493552555
12800,0.007065036413909171
13056,0.007047856042350784
13312,0.0070342157579749015
13568,0.007015502565162233
13824,0.007002364097268406
14080,0.00697840464123425
14336,0.006934162675388999
14592,0.006915951299058386
14848,0.006905586507719923
15104,0.006896471695618578
15360,0.006886581348954063
15616,0.0068744008943441605
15872,0.006860641998799797
16128,0.006851216972873178
16384,0.00684164596396997
16640,0.006832449036444293
16896,0.0068208068940605986
17152,0.006806938511283781
17408,0.006785351278619334
17664,0.0067777419159641625
17920,0.006770050437884655
18176,0.006751583591344992
18432,0.006745662156856732
18688,0.006739977944705454
18944,0.006734074758089265
19200,0.006728436165618162
19456,0.006708117160062921
19712,0.006701949379301648
19968,0.006696548009167521
20224,0.006689613817779109
20480,0.006684623024766662
20736,0.006676895050943005
20992,0.006671667035593586
21248,0.006663528484648247
21504,0.0066569318788932165
21760,0.006633830072846569
22016,0.006628182356439437
22272,0.006619952566133722
22528,0.006614496452383364
22784,0.006599597064834321
23040,0.006589323512856234
23296,0.006582863766141773
23552,0.006577143058246332
23808,0.006571732564176168
24064,0.006567918758912546
24320,0.006563083072812732
24576,0.0065582017670327356
24832,0.006553137982531987
25088,0.006548694625681781
25344,0.006542572464600702
25600,0.006537581671588254
25856,0.00652079362927948
26112,0.006511751808666432
26368,0.0065055931518412
26624,0.006501277530095523
26880,0.0064976005838724565
27136,0.006491779512680606
27392,0.0064753929235574735
27648,0.006471077301811793
27904,0.006466460590176887
28160,0.0064617982588617805
28416,0.006457710735517035
28672,0.006452829429737034
28928,0.006448760154264363
29184,0.0064442529298619
29440,0.006436543203910315
29696,0.006431543286961824
29952,0.006428085315203662
30208,0.00642431712962023
30464,0.00642063105946112
30720,0.006417255203127293
30976,0.006412875713829345
31232,0.0064086239596359285
31488,0.006404545560227223
31744,0.00640112408421321
32000,0.0063757139223491015
32256,0.006372976741537889
32512,0.0063687341112805065
32768,0.006365148404417816
33024,0.0063617725480839896
33280,0.006358962375784476
33536,0.006355540899770463
33792,0.00635291320619169
34048,0.006349272755712773
34304,0.006346663310006093
34560,0.006342493671237005
34816,0.006338497387252635
35072,0.006333552213920374
35328,0.006329674541104481
35584,0.006321846203984415
35840,0.006318661950307371
36096,0.006314994128020345
36352,0.0063115908998784
36608,0.006281719133292018
36864,0.006275907186036208
37120,0.006266682886702419
37376,0.00626042386658078
37632,0.006255606428353037
37888,0.006251655764048857
38144,0.0062473310183671325
38400,0.006243809179056706
38656,0.006222887993722993
38912,0.0062187913464422095
39168,0.006215205639579519
39424,0.006211410082187976
39680,0.006201738709988348
39936,0.006198034391957177
40192,0.006177003719391016
40448,0.006165589675408249
40704,0.006163034973317782
40960,0.006160033198361489
41216,0.006157131786701596
41472,0.0061499877447843306
41728,0.006128300148823481
41984,0.00612434036058326
42240,0.0061209827521215045
42496,0.006116393412294696
42752,0.006113072299577093
43008,0.006105070607672316
43264,0.0060546426131937135
43520,0.0060521973983357
43776,0.006049989405814648
44032,0.006047900024462094
44288,0.00604555517290049
44544,0.006040099059150133
44800,0.006037133779937986
45056,0.006034040765621314
45312,0.006031038990665018
45568,0.006027882108796078
45824,0.006023739841835109
46080,0.005984379181769861
46336,0.005982253304673148
46592,0.005980081807896248
46848,0.005977609221230123
47104,0.005949580489723286
47360,0.005934635482494066
47616,0.0059319256734909655
47872,0.0059293344756563456
48128,0.0059269622522866265
48384,0.00592437105445201
48640,0.005921834600233621
48896,0.005913285472166591
49152,0.005909663269559752
49408,0.005907135939277407
49664,0.00590454474144278
49920,0.005902209013817217
50176,0.0058993258500294014
50432,0.005896114224544242
50688,0.005890046807079389
50944,0.005886150886391425
51200,0.005881470307204248
51456,0.005878833489689442
51712,0.00587454523975188
51968,0.005870485088215242
52224,0.00586701799252104
52480,0.00586481
52736,0.005862237683416893
52992,0.0058600817490145046
53248,0.005857898055800069
53504,0.005855732868460331
53760,0.005853095781315779
54016,0.005847599536530291
54272,0.00584522153163152
54528,0.005839327410540013
54784,0.005834608412491867
55040,0.0058224222940028315
55296,0.005817425707834206
55552,0.005806683047571664
55808,0.005804138489800604
56064,0.00580166795552834
56320,0.005798929086072945
56576,0.005796625104672968
56832,0.005794274858586245
57088,0.005789935230969421
57344,0.0057869557851429445
57600,0.005782838228022503
57856,0.0057800623468177124
58112,0.005775047254774388
58368,0.005772114073634658
58624,0.005762139407172107
58880,0.005758808349726357
59136,0.005754986886601094
59392,0.005752803193386658
59648,0.005750369670863791
59904,0.0057482322423361015
60160,0.005745632166940947
60416,0.005742689732863867
60672,0.005739664022350645
60928,0.005733668118948295
61184,0.005731650978606145
61440,0.005729513550078457
61696,0.005664770747445367
61952,0.005661846819242987
62208,0.005658154897240614
62464,0.005655064416165946
62720,0.005651520541161162
62976,0.005649558918443109
63232,0.00564754177810096
63488,0.0056453210731371275
63744,0.005643396462168471
64000,0.0056416661628841515
64256,0.00563901982280225
64512,0.005634476630563741
64768,0.005632450237284243
65024,0.005630072232385472
65280,0.0056248720815951616
65536,0.005623151035248191
65792,0.005621346712465077
66048,0.005618071172643423
66304,0.00561610954992537
66560,0.005614351491829002
66816,0.005612537916108538
67072,0.005610465258142294
67328,0.005608633176547131
67584,0.00560679184201462
67840,0.005604478607677293
68096,0.005602220890964063
68352,0.005600333291744804
68608,0.0055983068984653064
68864,0.005596465563932795
69120,0.005593883994412338
69376,0.0055917928305713955
69632,0.005589738678479849
69888,0.005587814067511194
70144,0.00558547307436182
70400,0.005583104322400397
70656,0.005580596776378736
70912,0.005578209518542615
71168,0.005576247895824562
71424,0.005574323284855907
71680,0.005572370915075203
71936,0.005570372280607754
72192,0.005568623475448735
72448,0.005523950293926289
72704,0.005483468693023077
72960,0.005481544082054422
73216,0.005479397400589383
73472,0.005477454283746029
73728,0.005475686972712311
73984,0.005473688338244862
74240,0.00547184700371235
74496,0.005470033427991887
74752,0.005468284622832868
75008,0.005466221217803972
75264,0.005463824707030503
75520,0.005462112913620881
75776,0.005460327096712465
76032,0.00545840248574381
76288,0.0054567832217076815
76544,0.005454914128363121
76800,0.005453082046767959
77056,0.005451157435799304
77312,0.005449343860078839
77568,0.00544747476673428
77824,0.005445281820582494
78080,0.005443190656741551
78336,0.005441534380956026
78592,0.005439563505300623
78848,0.00543787947070305
79104,0.0054363157242910175
79360,0.005434603930881396
79616,0.005432272190669371
79872,0.005429958956332044
80128,0.005427766010180259
80384,0.005425536052279077
80640,0.005423324600252593
80896,0.005421640565655019
81152,0.005419725207623713
81408,0.005417671055532167
81664,0.005415848226874354
81920,0.005413886604156301
82176,0.005411665899192468
82432,0.005409583988288874
82688,0.005407391042137089
82944,0.005405077807799762
83200,0.005403264232079299
83456,0.0054016449680431705
83712,0.005399951680508247
83968,0.0053984249458456125
84224,0.005396898211182976
84480,0.005395232682460101
84736,0.005392382777756516
84992,0.0053905506961613526
85248,0.00538845953232041
85504,0.005386072274484289
85760,0.005383953351831299
86016,0.005382158281985533
86272,0.005380687064946993
86528,0.0053791510773470086
86784,0.005377568825060277
87040,0.005375829272838608
87296,0.005373932420682
87552,0.0053719430391519
87808,0.005369296699069999
88064,0.005367409099850741
88320,0.005365577018255578
88576,0.005363763442535114
88832,0.0053619961315013965
89088,0.0053602750851544255
89344,0.005358535532932757
89600,0.005356990292395423
89856,0.0053554080401086905
90112,0.005353631476137624
90368,0.005350966630181025
90624,0.005348967995713575
90880,0.005346478955566611
91136,0.005344582103410003
91392,0.00534303686287267
91648,0.005341352828275096
91904,0.005339752070113667
92160,0.005338031023766696
92416,0.005336069401048643
92672,0.0053341632959546855
92928,0.0053325532848559065
93184,0.005331026550193272
93440,0.005329472056718588
93696,0.005328000839680049
93952,0.005326353816831872
94208,0.005324716046921045
94464,0.0053117989463814155
94720,0.005201281862681312
94976,0.005199819898580121
95232,0.00519823764629339
95488,0.0051966368881319605
95744,0.005195036129970531
96000,0.005193564912931992
96256,0.005192158466454896
96512,0.005190437420107926
96768,0.005188799650197099
97024,0.005187041592100731
97280,0.0051852927869417125
97536,0.005183525475907994
97792,0.005182100523556202
98048,0.005180638559455011
98304,0.005179093318917678
98560,0.005177659113628535
98816,0.0051761693907152965
99072,0.005174485356117723
99328,0.005172773562708102
99584,0.0051713023456695624
99840,0.0051696738286960845
100096,0.005168147094033449
100352,0.0051665093241226225
100608,0.0051648993130238435
100864,0.005163317060737112
101120,0.005161753314325079
101376,0.00516027284434919
101632,0.005158505533315472
101888,0.005156867763404646
102144,0.005155192981744422
102400,0.005153545958896246
102656,0.005151991465421562
102912,0.005150446224884228
103168,0.005148836213785449
103424,0.00514708740862643
103680,0.0051456254445252396
103936,0.005143950662865016
104192,0.005142433181139729
104448,0.005141017481725286
104704,0.0051395
104960,0.005138222496640751
105216,0.005137046612866896
105472,0.005135863470551227
105728,0.005134520640315653
105984,0.005133170551538264
106240,0.0051319511165135254
106496,0.005130811525448742
106752,0.005129526763547678
107008,0.005128343621232009
107264,0.005127262098501736
107520,0.005126129765978765
107776,0.005125011950539421
108032,0.005123836066765567
108288,0.0051221738606901795
108544,0.005120068883564144
108800,0.005118515555615966
109056,0.005117521135387459
109312,0.005116504939533511
109568,0.005115437933886865
109824,0.005114138654902173
110080,0.005112977288211948
110336,0.005111837697147162
110592,0.005110342437533495
110848,0.0051088181437525726
111104,0.005107243040178952
111360,0.005105951019736076
111616,0.005104876755547615
111872,0.005103758940108272
112128,0.005102655641752557
112384,0.0051015305677714
112640,0.005100369201081174
112896,0.005099164283140063
113152,0.005098090018951603
113408,0.005054117772642894
113664,0.004974535120195109
113920,0.004973293909544928
114176,0.0049721760941055845
114432,0.004971080054291683
114688,0.004969911429059643
114944,0.004968721028202161
115200,0.004967537885886493
115456,0.0049663620021126375
115712,0.004965222411047853
115968,0.004964061044357626
116224,0.004962935970376468
116480,0.004961927033064335
116736,0.004960642271163271
116992,0.004959408319054905
117248,0.004958225176739237
117504,0.004957013000256312
117760,0.004955837116482458
118016,0.004954712042501301
118272,0.0049536740710219105
118528,0.0049524909287062425
118784,0.00495126423513969
119040,0.004950037541573139
119296,0.004948934243217423
119552,0.004947772876527196
119808,0.004946589734211528
120064,0.004945421108979487
120320,0.004944201673954748
120576,0.0049430838585154055
120832,0.0049420168528687605
121088,0.00494090629597123
121344,0.004939788480531887
121600,0.00493866340655073
121856,0.004937509298402317
122112,0.004936166468166743
122368,0.004934801862305727
122624,0.004933488066237407
122880,0.004932319441005367
123136,0.004931187108482396
123392,0.004929938639290402
123648,0.004928617584680269
123904,0.004927369115488276
124160,0.004926055319419956
124416,0.004924494732929965
124672,0.0049226510633092295
124928,0.004920756583895797
125184,0.004919312134074828
125440,0.004918070923424648
125696,0.004916807937149026
125952,0.004915653829000614
126208,0.004914586823353968
126464,0.004913563368958205
126720,0.004912474587686118
126976,0.00491101562078152
127232,0.004909491327000598
127488,0.004908025101554187
127744,0.004906515324856892
128000,0.004905295889832154
128256,0.004904228884185508
128512,0.004903154619997048
128768,0.004901978736223194
129024,0.004900860920783851
129280,0.004899808432220833
129536,0.004898777719283256
129792,0.004897551025716704
130048,0.004896360624859222
130304,0.004886597886119504
130560,0.004765830267419553
130816,0.0047320199796503275
131072,0.004730815061709217
131328,0.004729704504811688
131584,0.00472868830895774
131840,0.004727555976434769
132096,0.004726416385369983
132352,0.004725313087014268
132608,0.004724253339909436
132864,0.0047232298855136735
133120,0.004722119328616145
133376,0.0047209797375513595
133632,0.004719949024613783
133888,0.004718860243341696
134144,0.0047177496864441665
134400,0.004716610095379382
134656,0.004715463245772783
134912,0.004714396240126137
135168,0.004713292941770421
135424,0.004712218677581962
135680,0.0047111879646443856
135936,0.004710033856495973
136192,0.004708988626474769
136448,0.00470797243062082
136704,0.00470693445914143
136960,0.004705787609534831
137216,0.004704814964931766
137472,0.004703791510536005
137728,0.004702739021972986
137984,0.00470170830903541
138240,0.004700285634839882
138496,0.004699037165647888
138752,0.004697839506248592
139008,0.004696627329765668
139264,0.004695545807035394
139520,0.004694573162432329
139776,0.004693099678444105
140032,0.004691212457572486
140288,0.004689768007751516
140544,0.0046886937435630565
140800,0.004687735616043619
141056,0.004686850073942322
141312,0.004686008083091908
141568,0.004685071731197912
141824,0.004684120862220289
142080,0.004683169993242666
142336,0.0046821320217632755
142592,0.004680556918189655
142848,0.004678872936488827
143104,0.004677232506038882
143360,0.004675751763508843
143616,0.004674568621193174
143872,0.004673494357004714
144128,0.004672420092816255
144384,0.004671389379878679
144640,0.004670445769442869
144896,0.004669531193174315
145152,0.004668573065654879
145408,0.0046676439723026975
145664,0.004666743913117772
145920,0.00466585111247466
146176,0.00452238603352259
146432,0.004471431069988893
146688,0.004470458425385828
146944,0.004469514814950019
147200,0.004468542170346954
147456,0.0044674896817839364
147712,0.004466429934679104
147968,0.004465333894865203
148224,0.004464266889218557
148480,0.004463301503157306
148736,0.004462336117096055
148992,0.00446156671166378
149248,0.00446065939393704
149504,0.004459643198083092
149760,0.004458343919098401
150016,0.004456427664059527
150272,0.004454511409020652
150528,0.004453212130035961
150784,0.004452224968349269
151040,0.004451259582288018
151296,0.0044502216108086275
151552,0.004449343327249143
151808,0.004448283580144312
152064,0.0044472093159558515
152320,0.004446164085934647
152576,0.0044448938411172124
152832,0.004443231635041825
153088,0.004441620238759136
153344,0.004440175788938167
153600,0.004438956353913428
153856,0.004437918382434038
154112,0.004436996547623671
154368,0.004436140039689628
154624,0.004435247239046517
154880,0.004434390731112474
155136,0.004433439862134851
155392,0.004432496251699043
155648,0.004431581675430489
155904,0.004430609030827424
156160,0.004429578317889847
156416,0.004261049494054323
156672,0.004205913610435809
156928,0.00420497
157184,0.004203542591091357
157440,0.004202037500065236
157696,0.004200580960362538
157952,0.004199231233571373
158208,0.004197823245192098
158464,0.004196424967077509
158720,0.004194997558168866
158976,0.004193725513495177
159232,0.004192482599615541
159488,0.0041912008446771684
159744,0.004189744304974471
160000,0.004188142111301504
160256,0.004186743833186915
160512,0.0041855300501013335
160768,0.004184277425957014
161024,0.0041829762504892705
161280,0.004180471002200632
161536,0.004177421979089652
161792,0.004175353692711822
162048,0.004174081648038132
162304,0.004172644528864804
162560,0.004171430745779223
162816,0.004170032467664634
163072,0.004168721581932207
163328,0.004167760265728427
163584,0.004166565903172214
163840,0.004165089942940148
164096,0.004163264413179434
164352,0.004161234967860343
164608,0.004159186102011881
164864,0.004157117815634052
165120,0.004155272865343968
165376,0.0041539911104055945
165632,0.004152651093879113
165888,0.004151398469734794
166144,0.0041499807710908354
166400,0.004148854380387416
166656,0.004147708569154627
166912,0.004146387973157514
167168,0.0041451353490131945
167424,0.004144028378839145
167680,0.00410107016787426
167936,0.003792992600224412
168192,0.0037917302658154075
168448,0.003790467931406404
168704,0.003789098784085868
168960,0.0037876325341184864
169216,0.0037864770126210126
169472,0.003785214678212008
169728,0.003784175679890751
169984,0.003782971607069855
170240,0.003781845216366436
170496,0.003780679984604278
170752,0.0037793982296659037
171008,0.0037770580558769036
171264,0.0037739022198543934
171520,0.0037716105973888163
171776,0.0037703191321857574
172032,0.0037692218722763923
172288,0.0037680954815729733
172544,0.0037670079319282925
172800,0.003765930092548296
173056,0.0037646871786686615
173312,0.0037634831058477648
173568,0.003762249902232815
173824,0.0037600456721493996
174080,0.003757899703654092
174336,0.0037557925762175233
174592,0.0037537242898396926
174848,0.003752326011725104
175104,0.003751189910757
175360,0.0037501217816416884
175616,0.0037489177088207925
175872,0.0037476456641471036
176128,0.003746519273443684
176384,0.003745412303269634
176640,0.003744247071507476
176896,0.0037431886526568493
177152,0.003742198205659015
177408,0.003444073659310933
177664,0.0033328717081423367
177920,0.0033316190839980165
178176,0.0033303276187949585
178432,0.003329366302591178
178688,0.0033283564350639746
178944,0.003327298016213348
179200,0.003326055102333713
179456,0.00332462769342507
179712,0.003321772875607783
179968,0.003318073264762932
180224,0.003316558463472127
180480,0.003315480624092131
180736,0.003314470756564927
180992,0.003313344365861508
181248,0.003312247105952143
181504,0.0033113731821305245
181760,0.0033104992583089057
182016,0.003309605913957918
182272,0.0033075861789035113
182528,0.003305032379291449
182784,0.0033029058313255107
183040,0.0033010220399766893
183296,0.0032997402850383157
183552,0.0032986721559230036
183808,0.003297671998660485
184064,0.003296594159280489
184320,0.003295555160959232
184576,0.003294681237137613
184832,0.003293603397757617
185088,0.0032925449789069907
185344,0.0032915739524385255
185600,0.0029744658386319546
185856,0.0028456980186488297
186112,0.0028445619176807255
186368,0.002843532629624153
186624,0.0028424353697147874
186880,0.0028411730353057833
187136,0.002839968962484887
187392,0.0028388522820461523
187648,0.0028377161810780485
187904,0.0028365995006393134
188160,0.0028355119509946335
188416,0.002834492373202745
188672,0.0028335019262049105
188928,0.002832579451059869
189184,0.0028316375553854582
189440,0.0028306665289169934
189696,0.0028296178203310518
189952,0.002828714765715379
190208,0.0028278117110997064
190464,0.0028266950306609718
190720,0.0028256366118103453
190976,0.002824655875077196
191232,0.0028239276052258473
191488,0.0028231022327276523
191744,0.002822189467847295
192000,0.002821179600320092
192256,0.0028200823404107263
192512,0.0028189462394426225
192768,0.0028178975308566804
193024,0.0028168779530647926
193280,0.0028158583752729044
193536,0.0028148873488044396
193792,0.002814100817364983
194048,0.002813508491219219
194304,0.0028126345673976007
194560,0.002809168002905181
194816,0.002802545602390251
195072,0.0027990790378978315
195328,0.0027970301720493702
195584,0.0027965834998738767
195840,0.0027959523326693747
196096,0.0027952920346708187
196352,0.0027946123161428933
196608,0.002794233615820192
196864,0.0027932528790870423
197120,0.002791271985091374
197376,0.0027875626639818386
197632,0.0027836494273139247
197888,0.0027797556111753803
198144,0.0027785321178251145
198400,0.00277785239929719
198656,0.0027774736989744885
198912,0.0027769881857402554
199168,0.0027764735417119693
199424,0.002775939477154314
199680,0.0027754928049788198
199936,0.0027750946841267497
200192,0.002774774245392156
200448,0.0019230869299016237
200704,0.0015597288254020716
200960,0.0015549125341184863
201216,0.0015521062676246223
201472,0.0015515139414788589
201728,0.0015511255308914727
201984,0.0015506400176572405
202240,0.001550057401776162
202496,0.0015472317147529292
202752,0.0015438331221133022
203008,0.0015419396204997956
203264,0.0015416580228239407
203520,0.0015413958456774552
203776,0.001541036565884123
204032,0.0015406093142379985
204288,0.0013166517695512624
204544,8.690755684152844E-4
204800,8.682482538641522E-4
205056,8.675792166273799E-4
205312,8.670752538902462E-4
205568,8.66576146285456E-4
205824,8.660197481190255E-4
206080,8.652429269442536E-4
206336,8.646476877190844E-4
206592,8.641408119025458E-4
206848,8.633649617542424E-4
207104,8.626036770029663E-4
207360,8.61852102516374E-4
207616,8.609674974036025E-4
207872,8.601576613289025E-4
208128,8.592555777396991E-4
208384,8.583942772621704E-4
208640,8.575310347317053E-4
208896,8.567406191863748E-4
209152,8.5589E-4
209408,8.551996878217367E-4
209664,8.543168583029219E-4
209920,8.535504559376788E-4
210176,8.528610605086561E-4
210432,8.521918335629295E-4
210688,8.517352924410502E-4
210944,8.512705005760044E-4
211200,8.506966155513128E-4
211456,8.50195153716638E-4
211712,8.49681774141834E-4
211968,8.492142320290661E-4
212224,8.488090288646672E-4
212480,8.48371739476843E-4
212736,8.480050397805544E-4
212992,8.476337563380623E-4
213248,8.472377206660706E-4
213504,8.468297672539494E-4
213760,8.463723093828294E-4
214016,8.45985441203245E-4
214272,8.455564025585873E-4
214528,8.451218634184854E-4
214784,8.447496632267524E-4
215040,8.443371260684277E-4
215296,8.43885168692752E-4
215552,8.435038010086119E-4
215808,8.430390091435661E-4
216064,8.425540487952244E-4
216320,8.418417346351837E-4
216576,8.410900002577922E-4
216832,8.404116058196582E-4
217088,8.397387118769688E-4
217344,8.391547426106291E-4
217600,8.386468635312695E-4
217856,8.379446336128768E-4
218112,8.373404958632412E-4
218368,8.365484245192579E-4
218624,8.358296931145322E-4
218880,8.351329636915838E-4
219136,8.343784790664701E-4
219392,8.338742669840733E-4
219648,8.332756297298821E-4
219904,8.327200796900048E-4
220160,8.320453522488338E-4
220416,8.314833849642716E-4
220672,8.308471609912108E-4
220928,8.30402537609461E-4
221184,8.301055108554672E-4
221440,8.297635633886781E-4
221696,8.293922799461859E-4
221952,8.290714177119333E-4
222208,8.286497130612014E-4
222464,8.282637616308576E-4
222720,8.279474831428087E-4
222976,8.275367794829656E-4
223232,8.271499113033811E-4
223488,8.267722106162039E-4
223744,8.264375971433405E-4
224000,8.260296437312194E-4
224256,8.256491927963201E-4
224512,8.253567497885298E-4
224768,8.250230530649072E-4
225024,8.245105902393439E-4
225280,8.238083603209512E-4
225536,8.23219807308408E-4
225792,8.22545079867237E-4
226048,8.219721115917861E-4
226304,8.213890590746872E-4
226560,8.20794088817459E-4
226816,8.203485486864683E-4
227072,8.198333356131828E-4
227328,8.19418048207136E-4
227584,8.187094010440582E-4
227840,8.181566012519032E-4
228096,8.175011255447873E-4
228352,8.169226567738921E-4
228608,8.163423545045154E-4
228864,8.156502088277706E-4
229120,8.14947978909378E-4
229376,8.143080879393544E-4
229632,8.136663634708493E-4
229888,8.130173050084186E-4
230144,8.124177510049867E-4
230400,8.118255309954805E-4
230656,8.113488213903054E-4
230912,8.110884646059405E-4
231168,8.108546935495565E-4
231424,8.106236727408947E-4
231680,8.102908927665127E-4
231936,8.100030335049263E-4
232192,8.096785042737108E-4
232448,8.093438908008474E-4
232704,8.090780335210382E-4
232960,8.087342525557677E-4
233216,8.083913883397379E-4
233472,8.080824438456147E-4
233728,8.076964924152709E-4
233984,8.072546192812431E-4
234240,8.065908928309609E-4
234496,8.05918915637512E-4
234752,8.053266956280059E-4
235008,8.046730534193715E-4
235264,8.039121515495726E-4
235520,8.032566758424568E-4
235776,8.026470375973769E-4
236032,8.020694855757224E-4
236288,8.015240197774931E-4
236544,8.009693864868566E-4
236800,8.004147531962201E-4
237056,7.99905040618379E-4
237312,7.993531575754647E-4
237568,7.988727809733265E-4
237824,7.984318245885395E-4
238080,7.9786068981157E-4
238336,7.973198077595443E-4
238592,7.966670823001507E-4
238848,7.961610367192724E-4
239104,7.956183211687653E-4
239360,7.950921071045911E-4
239616,7.942670327879417E-4
239872,7.935758038604377E-4
240128,7.930000853372647E-4
240384,7.924344510557395E-4
240640,7.91823896061419E-4
240896,7.9122800905495E-4
241152,7.905468643690939E-4
241408,7.898116314780353E-4
241664,7.891222360490128E-4
241920,7.884071716412499E-4
242176,7.877131924660238E-4
242432,7.871622261723502E-4
242688,7.865883411476585E-4
242944,7.858476077611555E-4
243200,7.851710468215031E-4
243456,7.844715671508326E-4
243712,7.83854594911827E-4
243968,7.833421320862636E-4
244224,7.827948327895529E-4
244480,7.823117059396927E-4
244736,7.817295701718345E-4
244992,7.812821965423625E-4
245248,7.807073947684301E-4
245504,7.80022583085611E-4
245760,7.79624713915138E-4
246016,7.791434205637593E-4
246272,7.7852186457855E-4
246528,7.781285791542805E-4
246784,7.776491193013832E-4
247040,7.770715672797287E-4
247296,7.764243423157792E-4
247552,7.758660420281799E-4
247808,7.752628210277851E-4
248064,7.747109379848708E-4
248320,7.740013740725523E-4
248576,7.733156456404927E-4
248832,7.726592531841362E-4
249088,7.719854424922058E-4
249344,7.71359302760793E-4
249600,7.708440896875076E-4
249856,7.70322459369537E-4
250112,7.697164881214201E-4
250368,7.692251105283934E-4
250624,7.686723107362383E-4
250880,7.682111858681554E-4
251136,7.677133910304436E-4
251392,7.671156705254932E-4
251648,7.665885397120783E-4
251904,7.660045704457387E-4
252160,7.653701799711594E-4
252416,7.64772459466209E-4
252672,7.641032325204824E-4
252928,7.635605169699752E-4
253184,7.627491938919368E-4
253440,7.619873752728972E-4
253696,7.611063792525638E-4
253952,7.603408936365613E-4
254208,7.59611161240947E-4
254464,7.5908128017981E-4
254720,7.585642336080432E-4
254976,7.579912653325921E-4
255232,7.574595507729737E-4
255488,7.568994169868928E-4
255744,7.562879452433315E-4
256000,7.557378956988987E-4
256256,7.551475091878741E-4
256512,7.546451306039586E-4
256768,7.540904973133222E-4
257024,7.534863595636867E-4
257280,7.529280592760873E-4
257536,7.524742684019302E-4
257792,7.519847243073849E-4
258048,7.513741693130644E-4
258304,7.508662902337047E-4
258560,7.502502347439398E-4
258816,7.495855915444167E-4
259072,7.491712208876107E-4
259328,7.484341544980706E-4
259584,7.475953289428104E-4
259840,7.467235004148843E-4
260096,7.45756329965923E-4
260352,7.449340058969959E-4
260608,7.439255817322022E-4
260864,7.432059335782359E-4
261120,7.426430495444329E-4
