cache_lines,MRC
256,0.0371394
512,0.03346151701389519
768,0.028071218965455995
1024,0.021992961793721975
1280,0.017400426495952526
1536,0.015408372149239988
1792,0.013876336613135351
2048,0.012855111859826497
2304,0.012261934184632284
2560,0.01185009972264012
2816,0.011576809434785448
3072,0.01131440314097103
3328,0.011105793255199364
3584,0.010927907977603856
3840,0.0108050662323682
4096,0.010703255538116591
4352,0.010590107350073045
4608,0.010493795340310526
4864,0.010388073210700705
5120,0.010265628277747768
5376,0.010140802471098529
5632,0.010049592333542384
5888,0.009966658566454352
6144,0.009892738106930917
6400,0.009827774267503107
6656,0.009753400308227994
6912,0.009609074012256615
7168,0.009511741628052822
7424,0.009374444578232454
7680,0.009270309697753502
7936,0.00913408970984336
8192,0.008993504786823321
8448,0.008784611463706855
8704,0.0086918707644888
8960,0.008424022473654254
9216,0.008331055024560361
9472,0.007995068396036267
9728,0.007922281685892024
9984,0.00786361015551874
10240,0.007734079288945841
10496,0.007692697436605264
10752,0.007626826597674104
11008,0.007601827423862881
11264,0.007555683824129692
11520,0.0075371470217798775
11776,0.007495368357156581
12032,0.007473430306669179
12288,0.007445199947127255
12544,0.007421788022446901
12800,0.0074004168466490945
13056,0.007381199794671764
13312,0.007359318431653321
13568,0.007337153631290078
13824,0.007266521044966303
14080,0.007243505932568669
14336,0.007225082505156768
14592,0.007211931012358123
14848,0.007200650206035143
15104,0.007181716591402605
15360,0.0071635766013355
15616,0.0071504251085368516
15872,0.0071378404904277985
16128,0.007123271810905163
16384,0.007109043256196278
16640,0.007088579079901829
16896,0.007061879282021816
17152,0.007050825225574677
17408,0.007041868605479045
17664,0.0070157356822886305
17920,0.0070090465609513805
18176,0.0070019039398624625
18432,0.0069937409443322635
18688,0.006968004833424565
18944,0.006957404276729105
19200,0.006949978218295381
19456,0.006942155347578947
19712,0.006935126101427942
19968,0.006927983480339024
20224,0.006918516673022752
20480,0.006909843490271926
20736,0.006898392621542064
20992,0.006866194139172957
21248,0.006856840706794608
21504,0.006847033774664581
21760,0.006839324278886064
22016,0.006818916790060574
22272,0.006805141735103371
22528,0.006796355177414618
22784,0.006790006180891133
23040,0.006783090309678049
23296,0.006778441937223358
23552,0.006772489752982589
23808,0.0067661974439280625
24064,0.0067592248852460166
24320,0.00675332938847421
24576,0.00674573326763361
24832,0.006739554333517004
25088,0.006712401035885315
25344,0.006703897915541362
25600,0.006697832356362669
25856,0.006692673796687341
26112,0.006687628611949929
26368,0.006663876562455821
26624,0.006660191876973434
26880,0.006652992568415554
27136,0.006648684320774621
27392,0.006641995199437378
27648,0.0066374602019206
27904,0.0066308844555212805
28160,0.006624592146466754
28416,0.006613254652674816
28672,0.0066084929052821935
28928,0.0066044680949860594
29184,0.006599366222779686
29440,0.006595001287669794
29696,0.006590012790401341
29952,0.006584854230726005
30208,0.006579525608643794
30464,0.006574480423906383
30720,0.006568244802320818
30976,0.006538483881116976
31232,0.006534799195634596
31488,0.006529810698366147
31744,0.006525275700849372
32000,0.006521534327898031
32256,0.006518076392291492
32512,0.006514391706809106
32768,0.006510877083733605
33024,0.006507305773189146
33280,0.006502940838079254
33536,0.006498632590438317
33792,0.006493020531011303
34048,0.0064882587836186945
34304,0.0064794155384609795
34560,0.0064743136662546025
34816,0.006469438543924073
35072,0.006465583796034815
35328,0.006418476509329314
35584,0.00641326126218502
35840,0.00640254733055164
36096,0.006393193898173288
36352,0.006386901589118761
36608,0.00638185640438135
36864,0.006376641157237059
37120,0.006372162847189243
37376,0.0063458598615919425
37632,0.006339227427723661
37888,0.006334975867551686
38144,0.006327209684304207
38400,0.006318819938898171
38656,0.006313944816567642
38912,0.006284467332708599
39168,0.006270578902813472
39424,0.00626751777948965
39680,0.006264286593758949
39936,0.006260715283214487
40192,0.00624421922974722
40448,0.006221204117349586
40704,0.006217009244646566
40960,0.006212134122316033
41216,0.006208392749364692
41472,0.006202497252592882
41728,0.006130957666765753
41984,0.006125175544931864
42240,0.006122397858952838
42496,0.006119903610318611
42752,0.006117522736622305
43008,0.0061121374270711355
43264,0.0061076591170233195
43520,0.0061043712438236565
43776,0.0061005164959343945
44032,0.006096888497920977
44288,0.0060923535004042025
44544,0.006041788278092156
44800,0.006034078782313639
45056,0.006031357783803575
45312,0.006028920222638307
45568,0.006006755422275072
45824,0.0059692850052927085
46080,0.0059659404446240905
46336,0.005963049383707144
46592,0.0059605551350729175
46848,0.0059580041989697324
47104,0.00595454626336319
47360,0.005944399206419405
47616,0.00593975083396471
47872,0.005937143210392563
48128,0.005934195462006662
48384,0.005931644525903473
48640,0.005927109528386699
48896,0.005923651592780157
49152,0.005915148472436203
49408,0.005908686100974801
49664,0.005904321165864902
49920,0.005901430104947963
50176,0.005895704670583028
50432,0.005889582423935384
50688,0.005887371612645957
50944,0.005884934051480689
51200,0.005882496490315421
51456,0.005879888866743281
51712,0.005877394618109051
51968,0.0058750704318817
52224,0.005867360936103183
52480,0.00586481
52736,0.0058589007597257105
52992,0.005854074880168375
53248,0.005839892703510081
53504,0.005833540270215221
53760,0.005822608175707787
54016,0.005820244479598072
54272,0.005817979270826261
54528,0.005815566331047592
54784,0.0058135473406205436
55040,0.005811232888179781
55296,0.005806603983298255
55552,0.005804388018195396
55808,0.005800005331658632
56064,0.005797149198859392
56320,0.005792126344626247
56576,0.005789664161178627
56832,0.005778190386312715
57088,0.0057743986238033805
57344,0.005770951566976712
57600,0.005769178794894426
57856,0.005767209048136329
58112,0.005765190057709281
58368,0.005763072579944327
58624,0.005760364178151944
58880,0.005753026871478036
59136,0.00575105712471994
59392,0.005749481327313463
59648,0.00572958688505669
59904,0.005667293643831895
60160,0.005665028435060085
60416,0.005661384403557607
60672,0.005657050960689795
60928,0.005655524406952271
61184,0.005653899365876841
61440,0.005651584913436078
61696,0.0056499598723606485
61952,0.005648285587616267
62208,0.00564651281553398
62464,0.005641145255618168
62720,0.005639421727204834
62976,0.005637402736777785
63232,0.005631788958517211
63488,0.005630114673772829
63744,0.005628440389028447
64000,0.00562563349989816
64256,0.005623269803788444
64512,0.005621890981057777
64768,0.005620561401996061
65024,0.0056185916552379655
65280,0.005617065101500441
65536,0.005615341573087107
65792,0.005613421069997963
66048,0.005611943759929391
66304,0.005610367962522914
66560,0.005608742921447484
66816,0.00560701939303415
67072,0.005604852671600244
67328,0.005603375361531672
67584,0.005601405614773575
67840,0.005599780573698146
68096,0.005597909314277955
68352,0.005595939567519858
68608,0.005593723602417
68864,0.005591901586665761
69120,0.005590424276597189
69376,0.00558860226084595
69632,0.005586878732432615
69888,0.005585450666032996
70144,0.00553315388960554
70400,0.005488391394527802
70656,0.005483073078280942
70912,0.005481448037205513
71168,0.005479872239799035
71424,0.005478394929730464
71680,0.005476966863330843
71936,0.005475243334917509
72192,0.005473864512186843
72448,0.005472682664131984
72704,0.005471057623056555
72960,0.005469186363636363
73216,0.005467512078891981
73472,0.005466034768823409
73728,0.005464458971416932
73984,0.005463030905017313
74240,0.005461455107610836
74496,0.005459780822866454
74752,0.0054580572944531195
75008,0.005456432253377689
75264,0.005455053430647023
75520,0.005453182171226831
75776,0.005451458642813497
76032,0.005450129063751782
76288,0.0054484547790074
76544,0.005446829737931971
76800,0.005445352427863398
77056,0.005443727386787969
77312,0.005441954614705683
77568,0.005439886380609681
77824,0.00543781814651368
78080,0.005436045374431394
78336,0.005434174115011203
78592,0.0054324505865978685
78848,0.005430382352501866
79104,0.0054286095804195805
79360,0.005427083026682055
79616,0.005425556472944531
79872,0.005423783700862244
80128,0.005421961685111006
80384,0.005419450257994432
80640,0.005417578998574241
80896,0.0054162001758435736
81152,0.005414821353112906
81408,0.005413294799375382
81664,0.00541181748930681
81920,0.005410044717224523
82176,0.005408321188811189
82432,0.005405514299680901
82688,0.0054038892586054715
82944,0.005401427075157852
83200,0.005399457328399755
83456,0.005397980018331183
83712,0.005396650439269468
83968,0.005395173129200896
84224,0.005393794306470229
84480,0.005392464727408514
84736,0.005391184392015751
84992,0.005389559350940322
85248,0.005387441873175369
85504,0.005384930446058795
85760,0.005383453135990223
86016,0.005382172800597461
86272,0.005380597003190983
86528,0.0053794151551361255
86784,0.005378381038088125
87040,0.005377199190033268
87296,0.005376017341978409
87552,0.005374737006585647
87808,0.0053725210414827885
88064,0.005370403563717836
88320,0.005367990623939168
88576,0.005366513313870595
88832,0.005365380709484689
89088,0.005364001886754023
89344,0.005362820038699165
89600,0.005361342728630592
89856,0.005359471469210401
90112,0.005357600209790209
90368,0.005356270630728494
90624,0.005355088782673637
90880,0.005353857690949827
91136,0.005352823573901826
91392,0.005351740213184873
91648,0.005350410634123158
91904,0.005325591824971145
92160,0.005212183655373752
92416,0.0051987893774186975
92672,0.005197558285694888
92928,0.005196277950302125
93184,0.00519494837124041
93440,0.005193421817502886
93696,0.005192092238441171
93952,0.005190910390386313
94208,0.005189728542331455
94464,0.005188497450607645
94720,0.005187020140539072
94976,0.005185838292484215
95232,0.005184705688098309
95488,0.005183573083712404
95744,0.005182046529974879
96000,0.005180716950913164
96256,0.005179485859189354
96512,0.005177910061782877
96768,0.0051766789700590675
97024,0.005175595609342114
97280,0.005174266030280399
97536,0.005172936451218684
97792,0.005171754603163826
98048,0.005170523511440017
98304,0.005169243176047254
98560,0.005167913596985539
98816,0.005166682505261729
99072,0.005165599144544776
99328,0.005164417296489918
99584,0.005163333935772965
99840,0.005162250575056012
100096,0.005161117970670107
100352,0.005159886878946297
100608,0.005158606543553534
100864,0.005157424695498677
101120,0.005156292091112771
101376,0.005155159486726866
101632,0.0051538791513341025
101888,0.005152845034286102
102144,0.0051515154552243874
102400,0.005150284363500577
102656,0.0051491517591146715
102912,0.005147822180052957
103168,0.005146443357322289
103424,0.005145261509267432
103680,0.005144276635888383
103936,0.0051429470568266685
104192,0.005141814452440763
104448,0.0051406818480548575
104704,0.0051395
104960,0.005138701707322509
105216,0.005137938123022299
105472,0.0051367580381947026
105728,0.005135092036085155
105984,0.005133530159107453
106240,0.005132593032920832
106496,0.005131655906734212
106752,0.005130788197302155
107008,0.005130094029756511
107264,0.005129365153833583
107520,0.0051285321527788095
107776,0.005127595026592189
108032,0.005126414941764593
108288,0.005125338982068842
108544,0.0051238118134684235
108800,0.005122944104036368
109056,0.005122111102981594
109312,0.005121278101926819
109568,0.005120340975740199
109824,0.005119507974685425
110080,0.005118779098762498
110336,0.005118119639594135
110592,0.005097468155111196
110848,0.004984492387057477
111104,0.004980917424197406
111360,0.004980223256651761
111616,0.0049795290891061165
111872,0.004978730796428624
112128,0.00497789779537385
112384,0.004977099502696359
112640,0.004976335918396149
112896,0.004975641750850504
113152,0.0049748087497957305
113408,0.004974114582250086
113664,0.004973281581195312
113920,0.0049724138717632555
114176,0.004971650287463046
114432,0.004970782578030989
114688,0.0049699495769762155
114944,0.004969220701053288
115200,0.004968352991621232
115456,0.004967519990566458
115712,0.004966686989511684
115968,0.004965923405211474
116224,0.0049652986544203945
116480,0.004964604486874749
116736,0.0049637367774426925
116992,0.004963007901519766
117248,0.004962279025596839
117504,0.004961480732919347
117760,0.004960682440241855
118016,0.004960057689450775
118272,0.004959398230282412
118528,0.004958634645982203
118784,0.004958079311945687
119040,0.0049574545611546054
119296,0.0049567603936089616
119552,0.004955996809308752
119808,0.004955233225008542
120064,0.00495457376584018
120320,0.0049537754731626875
120576,0.004952977180485196
120832,0.004952178887807704
121088,0.00495134588675293
121344,0.004950547594075439
121600,0.004949818718152511
121856,0.004948569216570351
122112,0.004946903214460802
122368,0.004945861963142335
122624,0.004944959545332996
122880,0.004944161252655505
123136,0.004943501793487143
123392,0.004942807625941497
123648,0.00494207875001857
123904,0.0049414192908502075
124160,0.004940620998172715
124416,0.004939440913345119
124672,0.004938191411762958
124928,0.004936976618558079
125184,0.00493590065886233
125440,0.004935102366184838
125696,0.004934408198639193
125952,0.004933644614338983
126208,0.004932915738416056
126464,0.004932186862493129
126720,0.00493142327819292
126976,0.0049303473184971695
127232,0.00492895898340588
127488,0.004815913798597596
127744,0.004748753088556445
128000,0.004747989504256235
128256,0.00474698296131505
128512,0.0047461499602602765
128768,0.004745490501091914
129024,0.004744796333546269
129280,0.004744032749246059
129536,0.00474326916494585
129792,0.004742679122532052
130048,0.004742054371740971
130304,0.004741394912572608
130560,0.0047407701617815275
130816,0.004740145410990448
131072,0.004739485951822085
131328,0.004738757075899157
131584,0.004737993491598948
131840,0.004737229907298739
132096,0.004736466322998529
132352,0.004735806863830167
132608,0.004735182113039086
132864,0.004734487945493441
133120,0.004733793777947796
133376,0.004733099610402151
133632,0.004732405442856506
133888,0.004731676566933579
134144,0.004730982399387934
134400,0.004730288231842289
134656,0.004729628772673926
134912,0.0047290040218828456
135168,0.004728344562714483
135424,0.004727615686791555
135680,0.004726886810868629
135936,0.004726123226568419
136192,0.0047251861003817985
136448,0.004724353099327025
136704,0.004723520098272251
136960,0.0047222705966900895
137216,0.004720916969976082
137472,0.004719632760016639
137728,0.004718834467339147
137984,0.00471810559141622
138240,0.004717411423870575
138496,0.004716786673079495
138752,0.004716161922288413
139008,0.004715537171497333
139264,0.004714947129083534
139520,0.0047142529615378905
139776,0.0047132811269739875
140032,0.004711996917014544
140288,0.004710573873545972
140544,0.004709324371963811
140800,0.004708283120645343
141056,0.0047075889530996985
141312,0.004706894785554054
141568,0.004706200618008408
141824,0.004705575867217328
142080,0.004704916408048965
142336,0.004704256948880602
142592,0.004703632198089522
142848,0.004703042155675724
143104,0.004654172760462318
143360,0.004503330152793666
143616,0.004489065009730661
143872,0.0044885096756941455
144128,0.0044879196332803465
144384,0.0044870866322255735
144640,0.004486218922793516
144896,0.004485316504984178
145152,0.00448441408717484
145408,0.004483615794497348
145664,0.004482956335328985
145920,0.004482366292915187
146176,0.004481776250501389
146432,0.004481151499710308
146688,0.004480526748919228
146944,0.004479797872996301
147200,0.0044784095379050105
147456,0.004476847660927309
147712,0.0044755634509678665
147968,0.004474799866667658
148224,0.004474175115876577
148480,0.0044736197818400604
148736,0.004473029739426262
148992,0.004472335571880617
149248,0.004471641404334973
149504,0.00447098194516661
149760,0.004470287777620965
150016,0.00446914240117065
150272,0.00446789289958849
150528,0.004466539272874482
150784,0.004465185646160474
151040,0.004464491478614829
151296,0.004463901436201031
151552,0.004463346102164515
151808,0.004462686642996152
152064,0.0044622007257142
152320,0.004461680100054967
152576,0.004461090057641169
152832,0.004460465306850088
153088,0.0044599099728135725
153344,0.004441653366363109
153600,0.0043918468449630835
153856,0.0042450998258137355
154112,0.004212605843002095
154368,0.004211984563048742
154624,0.004211283453827641
154880,0.004210554577904714
155136,0.004209815289468601
155392,0.004209110709409772
155648,0.004208406129350943
155904,0.004207684195103471
156160,0.004207069856825576
156416,0.004206323626714008
156672,0.004205629459168363
156928,0.00420497
157184,0.004204094447092927
157440,0.004203270397298035
157696,0.004202450639429158
157952,0.00420158796230013
158208,0.0042006823659109516
158464,0.004199776769521774
158720,0.004197600763032137
158976,0.004195583557805057
159232,0.00419407709177377
159488,0.0041931972469406815
159744,0.004192437576036016
160000,0.004191609234315109
160256,0.004190845271484428
160512,0.004190158563322017
160768,0.004189510482493743
161024,0.0041886907246248654
161280,0.004187570531934934
161536,0.004186188531758084
161792,0.004184669189948751
162048,0.004183248562437766
162304,0.004181853686482871
162560,0.0041809867174278275
162816,0.004179935195554137
163072,0.004178493108413076
163328,0.004177608971653973
163584,0.004176647580226599
163840,0.0041757076484293006
164096,0.004174853555152303
164352,0.004174115343877712
164608,0.004173325629490941
164864,0.004172574542438304
165120,0.004005738794380774
165376,0.0038170185155724378
165632,0.0038162674285198016
165888,0.0038156880185077676
166144,0.0038149197637510714
166400,0.0038143017264049024
166656,0.0038135849747603866
166912,0.0038130012728223384
167168,0.003812404695106245
167424,0.003811657899979624
167680,0.003810979775669244
167936,0.003810232980542623
168192,0.003809593483566378
168448,0.0038077651230839617
168704,0.0038054131476277066
168960,0.003803662041813561
169216,0.003802765029276413
169472,0.003802086904966033
169728,0.003801468867619864
169984,0.003800773575605424
170240,0.0038000224885527878
170496,0.003799327196538348
170752,0.003798619028745862
171008,0.003797717724282699
171264,0.0037964473141822407
171520,0.003794794922666441
171776,0.003793219785818913
172032,0.003791580270081159
172288,0.0037904472016131825
172544,0.003789661779152426
172800,0.0037890008225461057
173056,0.003788348449791816
173312,0.003787708952815572
173568,0.0037870694558393278
173824,0.003786262573748495
174080,0.0037855071947698444
174336,0.0037848333623854797
174592,0.003784176697705175
174848,0.003613315123045516
175104,0.00336813884943504
175360,0.00336742638971654
175616,0.003366662426885858
175872,0.0033659628429454033
176128,0.0033653576813772795
176384,0.0033646666812888544
176640,0.0033638812588280974
176896,0.0033631215879234315
177152,0.0033619670598253795
177408,0.003359091469395287
177664,0.0033564819783781286
177920,0.003355799562141734
178176,0.0033549712204208266
178432,0.0033541857979600704
178688,0.00335349908979766
178944,0.003352949723267732
179200,0.0033524304002199093
179456,0.003351919661024117
179712,0.003351310207529978
179968,0.003349357381193124
180224,0.003347473225672511
180480,0.00334564057326408
180736,0.0033439109270800094
180992,0.0033430825853591017
181248,0.0033424473803088726
181504,0.003341769255998493
181760,0.0033410396285759323
182016,0.003340305709227356
182272,0.0033396190010649466
182528,0.0033388722059383255
182784,0.003338232708962081
183040,0.0033376575908760624
183296,0.0029801744892294325
183552,0.002884631924208114
183808,0.002883872253303448
184064,0.0028833400544775803
184320,0.0028826447624631397
184576,0.0028818507561503533
184832,0.002881022414429446
185088,0.0028803614578231263
185344,0.002879709085068837
185600,0.0028789880414983064
185856,0.002878262706001761
186112,0.002877597457469426
186368,0.0028769107493070156
186624,0.0028762412088486657
186880,0.0028756660907626476
187136,0.0028750738049725688
187392,0.0028726574506260883
187648,0.002871906363573452
187904,0.0028712926181532986
188160,0.002870640245399009
188416,0.002869979288792689
188672,0.00286936983529855
188928,0.0028687947172125316
189184,0.002868215307200498
189440,0.002867730319560796
189696,0.0028670006921382354
189952,0.0028664041144221414
190208,0.0028656701950735657
190464,0.002864931983798975
190720,0.0028643525737869413
190976,0.0028637645799228775
191232,0.0028632924680612208
191488,0.002862627219528886
191744,0.0028622023188533945
192000,0.002861743082769783
192256,0.002861331057872337
192512,0.002857854597800136
192768,0.002851249323662954
193024,0.0028470174846121016
193280,0.0028466011677886404
193536,0.0028462320621513455
193792,0.002845811453401869
194048,0.0028452964222800614
194304,0.0028449015650866757
194560,0.00284450670789329
194816,0.0028439702171414068
195072,0.0028422791982914723
195328,0.0028387512351070905
195584,0.002835124557624362
195840,0.0028314935882156186
196096,0.002829618016547036
196352,0.0028291931158715452
196608,0.002828742463639963
196864,0.0028282961033343967
197120,0.0028278540349548453
197376,0.002827296084572887
197632,0.0028269183950835617
197888,0.002826665171448673
198144,0.002826416239739799
198400,0.0025553081491463125
198656,0.0015836461428181477
198912,0.0015817190680373844
199168,0.0015758305455447182
199424,0.001575336974052986
199680,0.0015750365392319314
199936,0.0015746631416686209
200192,0.00157425540869719
200448,0.0015730150420788366
200704,0.001569860476457765
200960,0.0015671222276601548
201216,0.0015660792896384948
201472,0.0015656973082231545
201728,0.0015652681156216475
201984,0.001564804587612021
202240,0.0015644397739007407
202496,0.0012974133049475792
202752,8.758217044139527E-4
203008,8.751006608434214E-4
203264,8.744869154232678E-4
203520,8.738645861510836E-4
203776,8.733152196211558E-4
204032,8.72722933831077E-4
204288,8.721349399670136E-4
204544,8.715426541769347E-4
204800,8.707786913462537E-4
205056,8.699675173294064E-4
205312,8.692293060548156E-4
205568,8.684567593721043E-4
205824,8.676241257251824E-4
206080,8.668859144505916E-4
206336,8.66246417474347E-4
206592,8.654781627176508E-4
206848,8.647141998869693E-4
207104,8.640017401684691E-4
207360,8.632420692638028E-4
207616,8.625296095453022E-4
207872,8.618171498268015E-4
208128,8.611647770725124E-4
208384,8.605166962442376E-4
208640,8.590188140649808E-4
208896,8.564179068998525E-4
209152,8.5589E-4
209408,8.555630523914146E-4
209664,8.552585423638105E-4
209920,8.548771034871275E-4
210176,8.54492459241733E-4
210432,8.541110203650499E-4
210688,8.537199653822321E-4
210944,8.533834016675117E-4
211200,8.530724809024844E-4
211456,8.527839977184384E-4
211712,8.524410232662949E-4
211968,8.521172810264211E-4
212224,8.518063602613938E-4
212480,8.515178770773477E-4
212736,8.510434825080277E-4
212992,8.483509727902653E-4
213248,8.479535070700242E-4
213504,8.475945057743226E-4
213760,8.473092279589882E-4
214016,8.469790749816913E-4
214272,8.465367340994874E-4
214528,8.461520898540927E-4
214784,8.457161597093122E-4
215040,8.451712470283364E-4
215296,8.446872363528816E-4
215552,8.442192525209848E-4
215808,8.437288311081067E-4
216064,8.432063560081122E-4
216320,8.426325950087319E-4
216576,8.419049763111938E-4
216832,8.415812340713199E-4
217088,8.410683750774605E-4
217344,8.40690141569489E-4
217600,8.402830597431131E-4
217856,8.369142172271986E-4
218112,8.364526441327249E-4
218368,8.358115703904005E-4
218624,8.353948724578897E-4
218880,8.350102282124951E-4
219136,8.34654432285505E-4
219392,8.341223410793758E-4
219648,8.338787330572926E-4
219904,8.335710176609769E-4
220160,8.332825344769309E-4
220416,8.329459707622106E-4
220672,8.325901748352205E-4
220928,8.32349772181849E-4
221184,8.321157802659006E-4
221440,8.318144756070082E-4
221696,8.315003494732691E-4
221952,8.312086609205115E-4
222208,8.299393349107093E-4
222464,8.274135043659513E-4
222720,8.27000011802152E-4
222976,8.266794749309898E-4
223232,8.263781702720973E-4
223488,8.260127582389725E-4
223744,8.254806670328432E-4
224000,8.2511846036843E-4
224256,8.247562537040166E-4
224512,8.242241624978874E-4
224768,8.238234914089347E-4
225024,8.233555075770379E-4
225280,8.228650861641598E-4
225536,8.224099238071094E-4
225792,8.219130916568081E-4
226048,8.213842058193905E-4
226304,8.210155884175539E-4
226560,8.182301230071545E-4
226816,8.166851352881528E-4
227072,8.162043299814096E-4
227328,8.158036588924568E-4
227584,8.153965770660808E-4
227840,8.149574415525885E-4
228096,8.144221449777478E-4
228352,8.139637772519858E-4
228608,8.135150256323588E-4
228864,8.132041048673315E-4
229120,8.128034337783786E-4
229376,8.125758525998536E-4
229632,8.123354499464818E-4
229888,8.120533774998591E-4
230144,8.118354124274689E-4
230400,8.115661614556927E-4
230656,8.1128408900907E-4
230912,8.110693293053912E-4
231168,8.109026501323869E-4
231424,8.106430152667455E-4
231680,8.103994072446623E-4
231936,8.100852811109233E-4
232192,8.097519227649147E-4
232448,8.093544570446736E-4
232704,8.089730181679906E-4
232960,8.085210611796519E-4
233216,8.079505055489832E-4
233472,8.073671284434679E-4
233728,8.069055553489945E-4
233984,8.063221782434793E-4
234240,8.058734266238522E-4
234496,8.05424675004225E-4
234752,8.049631019097516E-4
235008,8.045047341839897E-4
235264,8.04068804039209E-4
235520,7.999531106134865E-4
235776,7.93337229592699E-4
236032,7.928339867049743E-4
236288,7.92414083403752E-4
236544,7.92023028420934E-4
236800,7.915935090135767E-4
237056,7.910774446510056E-4
237312,7.90615871556532E-4
237568,7.902536648921188E-4
237824,7.897760649540871E-4
238080,7.890804999436652E-4
238336,7.884650691510338E-4
238592,7.880259336375416E-4
238848,7.874938424314123E-4
239104,7.869681619627064E-4
239360,7.865450532927723E-4
239616,7.836441946087545E-4
239872,7.801567534505098E-4
240128,7.797047964621712E-4
240384,7.792015535744466E-4
240640,7.787528019548195E-4
240896,7.783457201284435E-4
241152,7.779290221959326E-4
241408,7.774514222579009E-4
241664,7.769545901075996E-4
241920,7.765090438566841E-4
242176,7.761308103487128E-4
242432,7.757205231536252E-4
242688,7.752397178468818E-4
242944,7.747204481155991E-4
243200,7.742941340769534E-4
243456,7.738069180327869E-4
243712,7.733293180947552E-4
243968,7.729703167990536E-4
244224,7.724798953861754E-4
244480,7.721433316714551E-4
244736,7.719125451242184E-4
244992,7.714509720297448E-4
245248,7.709317022984621E-4
245504,7.705310312095093E-4
245760,7.701560030702496E-4
246016,7.697585373500084E-4
246272,7.69220035406456E-4
246528,7.68652685144499E-4
246784,7.682359872119881E-4
247040,7.678321107543237E-4
247296,7.674218235592361E-4
247552,7.670371793138415E-4
247808,7.666589458058701E-4
248064,7.662294263985127E-4
248320,7.658095230972903E-4
248576,7.653639768463749E-4
248832,7.649216359641711E-4
249088,7.644248038138696E-4
249344,7.639792575629542E-4
249600,7.635369166807504E-4
249856,7.630721382175653E-4
250112,7.626201812292265E-4
250368,7.623060550954876E-4
250624,7.619310269562278E-4
250880,7.614758645991775E-4
251136,7.608347908568532E-4
251392,7.601873063771055E-4
251648,7.59700090332939E-4
251904,7.590942756464425E-4
252160,7.586102649709875E-4
252416,7.581166381893978E-4
252672,7.57674297307194E-4
252928,7.571806705256041E-4
253184,7.566934544814376E-4
253440,7.562543189679454E-4
253696,7.558055673483184E-4
253952,7.55385664047096E-4
254208,7.549369124274689E-4
254464,7.543984104839165E-4
254720,7.540554360317729E-4
254976,7.536451488366852E-4
255232,7.531515220550955E-4
255488,7.526707167483522E-4
255744,7.521642684919159E-4
256000,7.517668027716748E-4
256256,7.51350104839164E-4
256512,7.510071303870204E-4
256768,7.506449237226072E-4
257024,7.502346365275196E-4
257280,7.495807413103487E-4
257536,7.48942872936736E-4
257792,7.483627011999323E-4
258048,7.477729133569939E-4
258304,7.471991523576137E-4
258560,7.465067927159033E-4
258816,7.460388088840065E-4
259072,7.456060841079375E-4
259328,7.452054130189849E-4
259584,7.449233405723622E-4
259840,7.445419016956791E-4
260096,7.441380252380148E-4
260352,7.437662024674666E-4
260608,7.433366830601093E-4
260864,7.428783153343474E-4
261120,7.424840549828178E-4
