cache_lines,MRC
256,0.0144243
512,0.014423898934192773
768,0.014423798667740967
1024,0.014423748534515064
1280,0.014423598134837354
1536,0.009532600615724777
1792,0.009532600615724777
2048,0.009532600615724777
2304,0.009532600615724777
2560,0.00952944222249288
2816,0.00952944222249288
3072,0.00952944222249288
3328,0.00952944222249288
3584,0.009528740357330236
3840,0.009526534495390496
4096,0.009526534495390496
4352,0.00952628382926098
4608,0.00952628382926098
4864,0.00952628382926098
5120,0.00952628382926098
5376,0.009526083296357367
5632,0.009526083296357367
5888,0.009526083296357367
6144,0.009525080631839305
6400,0.009510742529231
6656,0.009498961221143756
6912,0.009486728714023385
7168,0.009478005532716233
7424,0.009473092476577724
7680,0.009468480219794632
7936,0.009463517030430222
8192,0.009458403441388097
8448,0.009453640784927296
8704,0.009448577329111078
8960,0.009443764539424374
9216,0.009439052016189477
9472,0.009434138960050966
9728,0.009429677102945585
9984,0.009424513380677558
10240,0.009420101656798081
10496,0.009415589666466797
10752,0.009410526210650577
11008,0.00940581368741568
11264,0.009401301697084394
11520,0.009396488907397691
11776,0.009391625984485084
12032,0.009386612661894767
12288,0.009381699605756258
12544,0.00937633535058462
12800,0.009371372161220207
13056,0.009365957772822665
13312,0.009360844183780543
13568,0.009355830861190226
13824,0.009350867671825813
14080,0.009346054882139108
14336,0.009341141826000599
14592,0.009336479435991606
14848,0.009331716779530805
15104,0.009326452790810973
15360,0.009321740267576074
15616,0.009316927477889371
15872,0.009312164821428572
16128,0.009307251765290061
16384,0.009302238442699746
16640,0.009297325386561235
16896,0.009291961131389597
17152,0.009287148341702892
17408,0.009282084885886673
17664,0.009276921163618647
17920,0.009271607041672913
18176,0.009236263117411183
18432,0.009231500460950382
18688,0.00922608607255284
18944,0.009221223149640233
19200,0.00921605942737221
19456,0.009210795438652376
19712,0.009205882382513866
19968,0.009200919193149453
20224,0.009196106403462748
20480,0.009191143214098337
20736,0.009185929358604407
20992,0.009181116568917704
21248,0.00917585258019787
21504,0.009170989657285265
21760,0.009165976334694948
22016,0.009160963012104631
22272,0.009155749156610703
22528,0.0091509865001499
22784,0.009146073444011393
23040,0.009140859588517463
23296,0.00913589639915305
23552,0.009130582277207314
23808,0.009125218022035676
24064,0.00912005429976765
24320,0.009114990843951433
24576,0.009109626588779791
24832,0.009104412733285862
25088,0.009099750343276869
25344,0.009094436221331135
25600,0.00908897169970769
25856,0.009083707710987859
26112,0.009078594121945734
26368,0.00907328
26624,0.009068075799553736
26880,0.009062972651543324
27136,0.009057667398661212
27392,0.009052109514689474
27648,0.009046905314243214
27904,0.00904190321866865
28160,0.009036496913350687
28416,0.009031393765340274
28672,0.009026139038676087
28928,0.009020682207140201
29184,0.009015680111565637
29440,0.009010475911119375
29696,0.009005322236891038
29952,0.008999814879137225
30208,0.008994256995165487
30464,0.008988800163629603
30720,0.00898339385831164
30976,0.008978290710301226
31232,0.008972783352547416
31488,0.008967377047229453
31744,0.008962122320565266
32000,0.008957019172554852
32256,0.008951966550762365
32512,0.008946408666790627
32768,0.00894135604499814
33024,0.008936151844551878
33280,0.008931149748977315
33536,0.008925996074748976
33792,0.008921044505392339
34048,0.008915587673856452
34304,0.008910535052063965
34560,0.008905229799181852
34816,0.008899671915210116
35072,0.00889431613611008
35328,0.008889516145407216
35584,0.008883907735217553
35840,0.00887880458720714
36096,0.008873600386760879
36352,0.00886844671253254
36608,0.008863242512086278
36864,0.008858189890293789
37120,0.008853187794719226
37376,0.008847781489401263
37632,0.008842577288955003
37888,0.00883706993120119
38144,0.008831512047229453
38400,0.00882630784678319
38656,0.008821103646336929
38912,0.00881594997210859
39168,0.008810594193008553
39424,0.008805389992562291
39680,0.008800135265898104
39936,0.008794627908144292
40192,0.008789423707698028
40448,0.008784118454815916
40704,0.008778459518408329
40960,0.008773204791744144
41216,0.008767950065079955
41472,0.008762796390851618
41728,0.008757491137969505
41984,0.008752286937523243
42240,0.00874728484194868
42496,0.008742181693938266
42752,0.008736674336184455
43008,0.008731520661956118
43264,0.008725508042023057
43520,0.008720404894012644
43776,0.008715200693566382
44032,0.008709642809594645
44288,0.008704084925622907
44544,0.008698476515433247
44800,0.008692868105243584
45056,0.008687209168835999
45312,0.00868195444217181
45568,0.008676396558200076
45824,0.008670990252882113
46080,0.008665836578653776
46336,0.008660379747117888
46592,0.008654468179620676
46848,0.00864901134808479
47104,0.008643503990330977
47360,0.008638047158795093
47616,0.008632792432130904
47872,0.008627537705466716
48128,0.008622030347712905
48384,0.008616472463741169
48640,0.00861141984194868
48896,0.008605912484194869
49152,0.008600101969133507
49408,0.00859484724246932
49664,0.008589693568240983
49920,0.008583933579397546
50176,0.008578123064336186
50432,0.008572464127928597
50688,0.008566855717738936
50944,0.008561702043510599
51200,0.008556447316846412
51456,0.008551091537746374
51712,0.008546038915953886
51968,0.0085407841892897
52224,0.008535175779100037
52480,0.00852982
52736,0.008524319334255577
52992,0.008518568638250042
53248,0.008513167984610064
53504,0.008507967355178973
53760,0.008502566701538995
54016,0.008497016029742349
54272,0.008491765394259035
54528,0.0084864647527235
54784,0.008480614044613524
55040,0.008475413415182433
55296,0.008469912749438008
55552,0.008464412083693584
55808,0.008458961424001384
56064,0.008453510764309183
56320,0.008448160116721424
56576,0.008443059499394778
56832,0.008437458821545911
57088,0.008431458095279266
57344,0.008425957429534843
57600,0.008420156727477089
57856,0.008414306019367112
58112,0.008408805353622689
58368,0.008403354693930486
58624,0.008397403973716066
58880,0.008391703283762753
59136,0.00838645264827944
59392,0.008380951982535016
59648,0.008375151280477262
59904,0.008369050542106174
60160,0.008363399858205084
60416,0.008357799180356217
60672,0.00835219850250735
60928,0.00834654781860626
61184,0.008340947140757391
61440,0.008335496481065192
61696,0.008329895803216325
61952,0.008324245119315234
62208,0.008318544429361923
62464,0.008312943751513056
62720,0.008307243061559744
62976,0.008301642383710877
63232,0.008295991699809789
63488,0.00829039102196092
63744,0.008285040374373163
64000,0.00827978973888985
64256,0.008274239067093205
64512,0.008269038437662113
64768,0.008263687790074357
65024,0.008257887088016601
65280,0.008252536440428844
65536,0.008246735738371088
65792,0.008241235072626665
66048,0.008235784412934462
66304,0.008229883698772264
66560,0.008224133002766731
66816,0.008218282294656754
67072,0.008212931647068995
67328,0.008206730896593465
67584,0.008200830182431266
67840,0.008195129492477953
68096,0.00818937879647242
68352,0.008183778118623551
68608,0.008177977416565797
68864,0.008171776666090265
69120,0.008165975964032509
69376,0.00816007524987031
69632,0.008153924505447
69888,0.00814797378523258
70144,0.00814207307107038
70400,0.008136172356908179
70656,0.008130821709320422
70912,0.008125271037523777
71168,0.008118920268891579
71424,0.008113369597094933
71680,0.008107718913193845
71936,0.00810191821113609
72192,0.008096417545391666
72448,0.008090766861490576
72704,0.008085216189693932
72960,0.008079415487636176
73216,0.00807361478557842
73472,0.008067864089572887
73728,0.008062213405671797
73984,0.008056462709666265
74240,0.008050261959190732
74496,0.008044261232924088
74752,0.008038460530866333
75008,0.008032509810651912
75264,0.00802655909043749
75520,0.0080209084065364
75776,0.008014907680269755
76032,0.008009156984264224
76288,0.008003556306415357
76544,0.00799800563461871
76800,0.007991954902299845
77056,0.007986254212346533
77312,0.007980503516341001
77568,0.007974902838492132
77824,0.007969102136434378
78080,0.007963101410167733
78336,0.0079573507141622
78592,0.00795145
78848,0.007945502889812892
79104,0.007939704457380459
79360,0.007933955584199586
79616,0.007928107592515594
79872,0.00792240827858628
80128,0.007916560286902288
80384,0.007910662735966736
80640,0.007904864303534305
80896,0.007898917193347194
81152,0.007893069201663203
81408,0.007887072532224534
81664,0.007881174981288982
81920,0.007875277430353432
82176,0.007869379879417882
82432,0.007863531887733888
82688,0.007857832573804575
82944,0.00785218281912682
83200,0.007846334827442828
83456,0.007840585954261955
83712,0.0078349361995842
83968,0.007829385563409563
84224,0.007823735808731809
84480,0.00781773913929314
84736,0.007811841588357589
84992,0.007806092715176715
85248,0.0077998482494802505
85504,0.007793851580041581
85760,0.007787805351351353
86016,0.007781511326403327
86272,0.007775514656964658
86528,0.0077695675467775475
86784,0.0077631248440748445
87040,0.007757029056133057
87296,0.007751379301455302
87552,0.007745283513513514
87808,0.007739237284823285
88064,0.007733290174636175
88320,0.007727343064449065
88576,0.007721197717255718
88832,0.00771510192931393
89088,0.007708807904365905
89344,0.007702910353430354
89600,0.007697062361746362
89856,0.007690718777546778
90112,0.0076847716673596675
90368,0.007678824557172558
90624,0.007673075683991684
90880,0.007667128573804574
91136,0.0076609336673596675
91392,0.007654936997920999
91648,0.007648989887733888
91904,0.007642943659043659
92160,0.007636847871101872
92416,0.00763099987941788
92672,0.007624804972972974
92928,0.007618560507276508
93184,0.007612316041580042
93440,0.007605873338877339
93696,0.007599975787941788
93952,0.007594127796257797
94208,0.007587734652806654
94464,0.007581440627858628
94720,0.007575196162162162
94976,0.007569050814968815
95232,0.007562955027027028
95488,0.007556710561330561
95744,0.0075507138918918925
96000,0.007544618103950105
96256,0.007538274519750521
96512,0.0075320796133056134
96768,0.007526132503118503
97024,0.0075200367151767155
97280,0.007513742690228691
97536,0.007507746020790021
97792,0.007501352877338878
98048,0.00749525708939709
98304,0.007489062182952183
98560,0.007482916835758836
98816,0.0074767714885654885
99072,0.007470725259875261
99328,0.00746477814968815
99584,0.007458533683991684
99840,0.007452140540540541
100096,0.007446143871101872
100352,0.007440989708939709
100608,0.007438908220374222
100864,0.0074387595426195436
101120,0.0074386108648648655
101376,0.007438511746361747
101632,0.007438412627858628
101888,0.00743831350935551
102144,0.0074382143908523915
102400,0.007438115272349273
102656,0.007437966594594595
102912,0.007437817916839918
103168,0.007294988153846155
103424,0.006064085022869023
103680,0.006063837226611227
103936,0.00550674167983368
104192,0.005479335413721413
104448,0.005453614162162162
104704,0.00544846
104960,0.005448353421975452
105216,0.005448193554938632
105472,0.005448140265926359
105728,0.005448033687901811
105984,0.005447927109877264
106240,0.005447927109877264
106496,0.005447820531852717
106752,0.005447767242840444
107008,0.005447660664815897
107264,0.0054475540867913496
107520,0.005447340930742256
107776,0.005443877144944477
108032,0.0054378021975452955
108288,0.005432686452367037
108544,0.005429116088544711
108800,0.005425279279661016
109056,0.005421495759789597
109312,0.005417818817942723
109568,0.005414088587083576
109824,0.00541035835622443
110080,0.005406787992402104
110336,0.005402897894506136
110592,0.00539916766364699
110848,0.005395117698714202
111104,0.005391387467855055
111360,0.005387390791934541
111616,0.005383500694038574
111872,0.005379504018118059
112128,0.0053755606312098185
112384,0.005371777111338398
112640,0.005368100169491526
112896,0.0053644232276446515
113152,0.005360533129748685
113408,0.005356589742840444
113664,0.00535275293395675
113920,0.005348702969023962
114176,0.005345239183226183
114432,0.005341295796317942
114688,0.0053373524094097015
114944,0.005333515600526008
115200,0.005329678791642314
115456,0.005325575537697253
115712,0.005321738728813559
115968,0.005317475607831677
116224,0.00531374537697253
116480,0.005309642123027469
116736,0.005305752025131501
116992,0.005302075083284629
117248,0.005298291563413208
117504,0.0052942415984804205
117760,0.00529029821157218
118016,0.005286035090590297
118272,0.0052817719696084155
118528,0.005277988449736996
118784,0.005273938484804208
119040,0.005269835230859146
119296,0.005265465531852717
119552,0.005261628722969024
119808,0.005257632047048509
120064,0.005253741949152542
120320,0.005249532117182934
120576,0.005245588730274693
120832,0.005241432187317358
121088,0.005237488800409118
121344,0.005233651991525423
121600,0.005229655315604909
121856,0.0052253921946230275
122112,0.00522150209672706
122368,0.0052173455537697245
122624,0.005213562033898305
122880,0.005209458779953244
123136,0.0052053555260081815
123392,0.005201198983050846
123648,0.005197255596142606
123904,0.005193258920222091
124160,0.0051888892212156625
124416,0.005184892545295149
124672,0.005180842580362361
124928,0.005176632748392753
125184,0.005172582783459965
125440,0.005168692685563998
125696,0.00516480258766803
125952,0.00516117893483343
126208,0.005157182258912916
126464,0.005153238872004675
126720,0.005149082329047341
126976,0.0051449257860900054
127232,0.005141035688194039
127488,0.005137092301285798
127744,0.0051329357583284625
128000,0.005128885793395675
128256,0.005124782539450614
128512,0.005120732574517826
128768,0.005116789187609584
129024,0.005112739222676797
129280,0.005108422812682641
129536,0.005104372847749853
129792,0.005100322882817065
130048,0.005096219628872004
130304,0.0050920630859146694
130560,0.005088013120981881
130816,0.00508375
131072,0.005079747458082808
131328,0.005075794947939581
131584,0.005071842437796353
131840,0.005068190118296915
132096,0.005064587830571442
132352,0.00506078541575011
132608,0.0050567328420589525
132864,0.00505283036368969
133120,0.005048927885320428
133376,0.005044875311629271
133632,0.005040772706164149
133888,0.005036670100699027
134144,0.005033202898763259
134400,0.005029445512538495
134656,0.00502543296426651
134912,0.005021240301608251
135168,0.005017027626240406
135424,0.0050132302145964695
135680,0.005009372764823776
135936,0.0050055203182284794
136192,0.005001732912939336
136448,0.0049977453805543325
136704,0.004993762851346726
136960,0.004989905401574033
137216,0.004986158021704061
137472,0.004982425651366281
137728,0.004978623236544948
137984,0.004974675729579117
138240,0.004970758241677665
138496,0.004966890785550178
138752,0.004962928269052157
139008,0.004958910717602776
139264,0.0049549031725081875
139520,0.004950925646477978
139776,0.0049470031553991295
140032,0.00494311068338466
140288,0.004939303265385931
140544,0.004935435809258444
140800,0.004931588365840543
141056,0.0049278009605514
141312,0.004923943510778706
141568,0.004919925959329325
141824,0.0049158583761059775
142080,0.004911845827833993
142336,0.004907963362174316
142592,0.004904246001368725
142848,0.004900413567483012
143104,0.004896350987437063
143360,0.004892283404213716
143616,0.004888335897247886
143872,0.004884333355330693
144128,0.004880210737155985
144384,0.004876133147577845
144640,0.004872040548467516
144896,0.004867902920760619
145152,0.004863740277166739
145408,0.00485946256049274
145664,0.004855284907366671
145920,0.004851247343207703
146176,0.004847349868015837
146432,0.004843542450017108
146688,0.004839489876325952
146944,0.004835192146942367
147200,0.004830459141125287
147456,0.004825831202033533
147712,0.004821878691890306
147968,0.004818041254827198
148224,0.00481401870020042
148480,0.004810151244072933
148736,0.0048062137434618955
148992,0.004802081118932395
149248,0.004797903465806325
149504,0.004793810866695996
149760,0.004789903385149337
150016,0.004786045935376643
150272,0.004782228511023122
150528,0.004778421093024393
150784,0.004774338500268856
151040,0.004770025761353081
151296,0.004765713022437308
151552,0.004761525362956444
151808,0.004757357716185169
152064,0.00475297993596324
152320,0.004748947374981668
152576,0.004744874788580925
152832,0.004740822214889768
153088,0.004736779647553404
153344,0.0047326520262013
153600,0.004728354296817715
153856,0.004724271704062179
154112,0.004720174101774453
154368,0.004715951420051816
154624,0.004711698719264799
154880,0.0047074610280099715
155136,0.0047032133304003515
155392,0.004699030674096885
155648,0.004694853020970817
155904,0.0046905252725228525
156160,0.004686342616219387
156416,0.0046824301314953316
156672,0.0046785726817226364
156928,0.00467435
157184,0.004669856730094217
157440,0.00466533629410678
157696,0.004660837590984666
157952,0.004656317154997229
158208,0.004651769552928136
158464,0.004647374080916313
158720,0.004642473319785701
158976,0.004638072414557546
159232,0.004633475913541474
159488,0.004628895712174395
159744,0.0046244459079992604
160000,0.004619724443007574
160256,0.004615084476260853
160512,0.004610531440975429
160768,0.004605864308147053
161024,0.004601121110290042
161280,0.004596318147053391
161536,0.0045915803824127105
161792,0.004587103412155922
162048,0.004582121152780344
162304,0.004577497485682616
162560,0.004572939017180862
162816,0.00456679948272677
163072,0.004560556717162388
163328,0.004557025126547202
163584,0.004557025126547202
163840,0.004557014260114539
164096,0.004557014260114539
164352,0.004557014260114539
164608,0.004557014260114539
164864,0.004557014260114539
165120,0.004557014260114539
165376,0.004557014260114539
165632,0.004557014260114539
165888,0.004556976227600222
166144,0.004556970794383892
166400,0.004556970794383892
166656,0.004556970794383892
166912,0.004556970794383892
167168,0.004556970794383892
167424,0.004556970794383892
167680,0.004556970794383892
167936,0.004556970794383892
168192,0.004556970794383892
168448,0.004556970794383892
168704,0.00455696536116756
168960,0.00455696536116756
169216,0.00455696536116756
169472,0.00455696536116756
169728,0.00455696536116756
169984,0.00455696536116756
170240,0.00455696536116756
170496,0.00455696536116756
170752,0.00455696536116756
171008,0.00455696536116756
171264,0.00455696536116756
171520,0.004556959927951229
171776,0.004556949061518567
172032,0.004556932761869574
172288,0.00455691102900425
172544,0.004556889296138925
172800,0.0045568675632736005
173056,0.00455686213005727
173312,0.004556851263624608
173568,0.004556834963975615
173824,0.004556829530759284
174080,0.004556818664326621
174336,0.004556802364677629
174592,0.004556791498244966
174848,0.004556786065028635
175104,0.004556786065028635
175360,0.004556786065028635
175616,0.004556786065028635
175872,0.004556786065028635
176128,0.004556786065028635
176384,0.004556786065028635
176640,0.004556786065028635
176896,0.004556786065028635
177152,0.004556786065028635
177408,0.004556786065028635
177664,0.004556786065028635
177920,0.004556786065028635
178176,0.004556786065028635
178432,0.004556786065028635
178688,0.004556786065028635
178944,0.004556786065028635
179200,0.004556786065028635
179456,0.004556786065028635
179712,0.004556786065028635
179968,0.004556780631812305
180224,0.004556764332163311
180480,0.00455675889894698
180736,0.0045567534657306496
180992,0.0045567534657306496
181248,0.004556742599297987
181504,0.0045567317328653245
181760,0.004556715433216331
182016,0.00455671
182272,0.00455671
182528,0.00455671
182784,0.00455671
183040,0.00455671
183296,0.00455671
183552,0.00455671
183808,0.00455671
184064,0.00455671
184320,0.00455671
184576,0.00455671
184832,0.00455671
185088,0.00455671
185344,0.00455671
185600,0.00455671
185856,0.00455671
186112,0.00455671
186368,0.00455671
186624,0.00455671
186880,0.00455671
187136,0.00455671
187392,0.00455671
187648,0.00455671
187904,0.00455671
188160,0.00455671
188416,0.00455671
188672,0.00455671
188928,0.00455671
189184,0.004556705789473685
189440,0.004556684736842106
189696,0.004556663684210527
189952,0.004556655263157895
190208,0.004556655263157895
190464,0.004556638421052632
190720,0.0045566215789473695
190976,0.004556617368421053
191232,0.004556613157894737
191488,0.004556608947368421
191744,0.004556608947368421
192000,0.004556608947368421
192256,0.004556608947368421
192512,0.004556608947368421
192768,0.004556608947368421
193024,0.004556608947368421
193280,0.004556608947368421
193536,0.004556608947368421
193792,0.004556608947368421
194048,0.004556608947368421
194304,0.004556604736842105
194560,0.00455660052631579
194816,0.00455660052631579
195072,0.00455660052631579
195328,0.00455660052631579
195584,0.00455660052631579
195840,0.00455660052631579
196096,0.00455660052631579
196352,0.00455660052631579
196608,0.004556592105263158
196864,0.004556571052631579
197120,0.004556562631578947
197376,0.004556558421052632
197632,0.004556545789473685
197888,0.004556533157894737
198144,0.0045565163157894745
198400,0.004556499473684211
198656,0.00455649105263158
198912,0.00455649105263158
199168,0.004556474210526316
199424,0.00455647
199680,0.00455647
199936,0.00455647
200192,0.00455647
200448,0.00455647
200704,0.00455647
200960,0.00455647
201216,0.00455647
201472,0.00455647
201728,0.00455647
201984,0.00455647
202240,0.00455647
202496,0.00455647
202752,0.00455647
203008,0.00455647
203264,0.00455647
203520,0.00455647
203776,0.00455647
204032,0.00455647
204288,0.00455647
204544,0.00455647
204800,0.00455647
205056,0.00455647
205312,0.00455647
205568,0.00455647
205824,0.00455647
206080,0.00455647
206336,0.00455647
206592,0.00455647
206848,0.00455647
207104,0.00455647
207360,0.00455647
207616,0.00455647
207872,0.00455647
208128,0.00455647
208384,0.00455647
208640,0.00455647
208896,0.00455647
209152,0.00455647
209408,0.00455647
209664,0.00455647
209920,0.00455647
210176,0.00455647
210432,0.00455647
210688,0.00455647
210944,0.00455647
211200,0.00455647
211456,0.00455647
211712,0.00455647
211968,0.00455647
212224,0.00455647
212480,0.00455647
212736,0.00455647
212992,0.00455647
213248,0.00455647
213504,0.00455647
213760,0.00455647
214016,0.00455647
214272,0.00455647
214528,0.00455647
214784,0.00455647
215040,0.00455647
215296,0.00455647
215552,0.00455647
215808,0.00455647
216064,0.004556466829268292
216320,0.004556466829268292
216576,0.004556463658536586
216832,0.004556463658536586
217088,0.004556463658536586
217344,0.004556463658536586
217600,0.004556463658536586
217856,0.004556463658536586
218112,0.004556463658536586
218368,0.004556463658536586
218624,0.004556463658536586
218880,0.004556463658536586
219136,0.004556463658536586
219392,0.004556463658536586
219648,0.004556463658536586
219904,0.004556463658536586
220160,0.004556463658536586
220416,0.004556463658536586
220672,0.004556463658536586
220928,0.004556463658536586
221184,0.004556463658536586
221440,0.004556463658536586
221696,0.004556463658536586
221952,0.004556460487804878
222208,0.004556454146341464
222464,0.004556447804878049
222720,0.004556447804878049
222976,0.004556447804878049
223232,0.004556447804878049
223488,0.004556447804878049
223744,0.004556447804878049
224000,0.004556447804878049
224256,0.004556447804878049
224512,0.004556447804878049
224768,0.004556447804878049
225024,0.004556447804878049
225280,0.004556447804878049
225536,0.004556447804878049
225792,0.004556447804878049
226048,0.004556447804878049
226304,0.004556447804878049
226560,0.004556447804878049
226816,0.004556447804878049
227072,0.004556447804878049
227328,0.004556447804878049
227584,0.004556447804878049
227840,0.004556444634146341
228096,0.004556438292682927
228352,0.004556428780487805
228608,0.004556422439024391
228864,0.0045564160975609756
229120,0.004556406585365854
229376,0.004556397073170732
229632,0.004556387560975609
229888,0.004556378048780487
230144,0.004556368536585365
230400,0.004556355853658536
230656,0.00455634
230912,0.00455634
231168,0.00455634
231424,0.00455634
231680,0.00455634
231936,0.00455634
232192,0.00455634
232448,0.00455634
232704,0.00455634
232960,0.00455634
233216,0.00455634
233472,0.00455634
233728,0.00455634
233984,0.00455634
234240,0.00455634
234496,0.00455634
234752,0.00455634
235008,0.00455634
235264,0.00455634
235520,0.00455634
235776,0.004556331818181818
236032,0.004556327727272727
236288,0.004556319545454546
236544,0.004556307272727273
236800,0.004556303181818182
237056,0.004556299090909091
237312,0.0045562909090909095
237568,0.004556286818181819
237824,0.004556278636363636
238080,0.004556274545454545
238336,0.004556266363636363
238592,0.004556266363636363
238848,0.004556266363636363
239104,0.004556266363636363
239360,0.004556266363636363
239616,0.004556266363636363
239872,0.004556266363636363
240128,0.004556266363636363
240384,0.004556266363636363
240640,0.004556266363636363
240896,0.004556266363636363
241152,0.004556266363636363
241408,0.004556266363636363
241664,0.004556266363636363
241920,0.004556266363636363
242176,0.004556266363636363
242432,0.004556266363636363
242688,0.004556266363636363
242944,0.004556266363636363
243200,0.004556266363636363
243456,0.004556266363636363
243712,0.004556266363636363
243968,0.004556266363636363
244224,0.004556266363636363
244480,0.004556266363636363
244736,0.004556266363636363
244992,0.004556266363636363
245248,0.004556254090909091
245504,0.004556245909090909
245760,0.004556229545454545
246016,0.004556213181818182
246272,0.0045561968181818185
246528,0.0045561763636363635
246784,0.00455616
247040,0.004556147727272727
247296,0.004556139545454545
247552,0.004556139545454545
247808,0.004556139545454545
248064,0.004556139545454545
248320,0.004556139545454545
248576,0.004556139545454545
248832,0.004556139545454545
249088,0.004556139545454545
249344,0.004556139545454545
249600,0.004556139545454545
249856,0.004556139545454545
250112,0.004556139545454545
250368,0.004556139545454545
250624,0.004556139545454545
250880,0.004556139545454545
251136,0.004556139545454545
251392,0.004556139545454545
251648,0.004556139545454545
251904,0.004556139545454545
252160,0.0045561354545454544
252416,0.004556131363636364
252672,0.004556127272727272
252928,0.004556110909090909
253184,0.004556098636363637
253440,0.004556082272727273
253696,0.004556070000000001
253952,0.004556053636363637
254208,0.004556029090909091
254464,0.0045560086363636365
254720,0.004555996363636364
254976,0.004555984090909091
255232,0.00455598
255488,0.00455598
255744,0.00455598
256000,0.00455598
256256,0.00455598
256512,0.00455598
256768,0.00455598
257024,0.00455598
257280,0.00455598
257536,0.00455598
257792,0.00455598
258048,0.00455598
258304,0.00455598
258560,0.00455598
258816,0.00455598
259072,0.00455598
259328,0.00455598
259584,0.00455598
259840,0.00455598
260096,0.00455598
260352,0.00455598
260608,0.00455598
260864,0.00455598
261120,0.00455598
