cache_lines,MRC
256,0.0161123
512,0.016111900000000002
768,0.016111800000000003
1024,0.016111800000000003
1280,0.0161117
1536,0.009586200000000001
1792,0.009586200000000001
2048,0.009586200000000001
2304,0.009586200000000001
2560,0.0095843
2816,0.0095843
3072,0.0095843
3328,0.0095843
3584,0.009583900000000001
3840,0.009580000000000002
4096,0.009580000000000002
4352,0.0095799
4608,0.009579800000000001
4864,0.009579800000000001
5120,0.009579800000000001
5376,0.009579800000000001
5632,0.009579800000000001
5888,0.009579800000000001
6144,0.009579500000000001
6400,0.009561300000000002
6656,0.0095463
6912,0.009530900000000002
7168,0.009518200000000001
7424,0.0095115
7680,0.009505300000000001
7936,0.009498900000000001
8192,0.009492
8448,0.009485300000000002
8704,0.009479300000000001
8960,0.0094727
9216,0.009466
9472,0.009459500000000001
9728,0.009452900000000002
9984,0.009446000000000001
10240,0.009439600000000001
10496,0.0094333
10752,0.009426400000000001
11008,0.0094201
11264,0.009413500000000002
11520,0.009406900000000001
11776,0.009400100000000002
12032,0.0093935
12288,0.0093874
12544,0.009380900000000001
12800,0.0093748
13056,0.009368500000000002
13312,0.0093617
13568,0.009355100000000002
13824,0.009348500000000001
14080,0.0093418
14336,0.0093351
14592,0.009328800000000002
14848,0.0093223
15104,0.0093155
15360,0.009309300000000001
15616,0.009302500000000002
15872,0.009295800000000002
16128,0.009289100000000002
16384,0.009282000000000002
16640,0.0092761
16896,0.0092685
17152,0.009262200000000002
17408,0.0092551
17664,0.009248500000000002
17920,0.009241200000000001
18176,0.0091946
18432,0.009188100000000001
18688,0.009180700000000002
18944,0.009174100000000001
19200,0.009167100000000001
19456,0.009160300000000001
19712,0.0091537
19968,0.009146900000000001
20224,0.009140100000000002
20480,0.009133
20736,0.0091263
20992,0.009119600000000002
21248,0.009112300000000002
21504,0.0091052
21760,0.009098100000000001
22016,0.009091000000000002
22272,0.0090839
22528,0.009077100000000001
22784,0.009070400000000001
23040,0.0090629
23296,0.009056100000000001
23552,0.0090497
23808,0.009043100000000002
24064,0.0090363
24320,0.009029400000000002
24576,0.009022700000000002
24832,0.009015700000000001
25088,0.009008900000000002
25344,0.0090024
25600,0.0089948
25856,0.008988500000000002
26112,0.008982
26368,0.00915961
26624,0.009152710000000001
26880,0.009146010000000001
27136,0.009139310000000001
27392,0.00913251
27648,0.00912601
27904,0.00911931
28160,0.009112410000000001
28416,0.00910561
28672,0.009098710000000001
28928,0.00909191
29184,0.00908461
29440,0.00907781
29696,0.009071010000000001
29952,0.009064210000000001
30208,0.009057210000000001
30464,0.00905031
30720,0.00904331
30976,0.00903611
31232,0.009029210000000001
31488,0.009022510000000001
31744,0.00901531
32000,0.00900861
32256,0.009001710000000001
32512,0.00899421
32768,0.00898701
33024,0.00898001
33280,0.00897301
33536,0.00896651
33792,0.008959710000000001
34048,0.00895281
34304,0.00894581
34560,0.008938910000000001
34816,0.00893231
35072,0.008925210000000001
35328,0.00891841
35584,0.008911210000000001
35840,0.00890431
36096,0.008897110000000001
36352,0.00889021
36608,0.00888291
36864,0.00887591
37120,0.00886891
37376,0.00886221
37632,0.00885531
37888,0.00884851
38144,0.008841610000000001
38400,0.008834310000000001
38656,0.00882721
38912,0.00882011
39168,0.008813010000000001
39424,0.00880611
39680,0.00879971
39936,0.00879241
40192,0.00878511
40448,0.00877791
40704,0.008771210000000002
40960,0.008764010000000001
41216,0.00875701
41472,0.008749910000000001
41728,0.008742910000000001
41984,0.00873601
42240,0.00872881
42496,0.00872141
42752,0.00871421
43008,0.00870751
43264,0.00870081
43520,0.00869321
43776,0.00868561
44032,0.00867881
44288,0.008671710000000001
44544,0.008664610000000001
44800,0.00865771
45056,0.00865071
45312,0.00864351
45568,0.00863641
45824,0.00862911
46080,0.00862191
46336,0.00861461
46592,0.00860761
46848,0.008600110000000001
47104,0.008593410000000001
47360,0.008586110000000001
47616,0.00857841
47872,0.00857141
48128,0.008564410000000001
48384,0.00855701
48640,0.008549610000000001
48896,0.008542510000000001
49152,0.008534410000000001
49408,0.008527410000000001
49664,0.008520110000000001
49920,0.00851261
50176,0.008505410000000001
50432,0.00849801
50688,0.00849061
50944,0.00848331
51200,0.00847611
51456,0.008469210000000001
51712,0.008461910000000001
51968,0.00845471
52224,0.00844751
52480,0.00862742
52736,0.008620319999999999
52992,0.00861322
53248,0.00860582
53504,0.00859882
53760,0.008591719999999999
54016,0.00858452
54272,0.00857732
54528,0.00856972
54784,0.008561919999999999
55040,0.00855452
55296,0.00854722
55552,0.00853962
55808,0.00853192
56064,0.008524519999999999
56320,0.00851702
56576,0.00850942
56832,0.008502319999999999
57088,0.008495019999999999
57344,0.00848762
57600,0.008480419999999999
57856,0.008472819999999999
58112,0.00846502
58368,0.00845772
58624,0.00845042
58880,0.008442419999999999
59136,0.00843472
59392,0.00842742
59648,0.00842002
59904,0.00841252
60160,0.00840512
60416,0.00839762
60672,0.00839032
60928,0.00838292
61184,0.00837542
61440,0.00836752
61696,0.00835982
61952,0.008351919999999999
62208,0.008344319999999999
62464,0.00833682
62720,0.00832922
62976,0.00832192
63232,0.00831472
63488,0.00830742
63744,0.00829982
64000,0.00829222
64256,0.008284719999999999
64512,0.00827732
64768,0.00826972
65024,0.008262519999999999
65280,0.008254919999999999
65536,0.00824722
65792,0.00823962
66048,0.008231819999999999
66304,0.00822442
66560,0.00821702
66816,0.008209319999999999
67072,0.00820192
67328,0.00819442
67584,0.00818702
67840,0.00817972
68096,0.008172519999999999
68352,0.00816472
68608,0.00815732
68864,0.00814992
69120,0.00814242
69376,0.00813492
69632,0.00812782
69888,0.00811992
70144,0.00811182
70400,0.00810462
70656,0.00809712
70912,0.00808962
71168,0.00808242
71424,0.008074119999999999
71680,0.00806632
71936,0.008058919999999999
72192,0.00805122
72448,0.00804362
72704,0.00803622
72960,0.008028219999999999
73216,0.00802042
73472,0.00801252
73728,0.00800472
73984,0.007997019999999999
74240,0.00798922
74496,0.00798142
74752,0.00797382
75008,0.007966319999999999
75264,0.00795802
75520,0.00795032
75776,0.00794282
76032,0.00793502
76288,0.00792722
76544,0.00791952
76800,0.00791152
77056,0.00790372
77312,0.00789602
77568,0.00788812
77824,0.00788062
78080,0.00787262
78336,0.00786482
78592,0.00805573
78848,0.00804753
79104,0.008039629999999999
79360,0.00803193
79616,0.00802413
79872,0.008016430000000001
80128,0.00800903
80384,0.008001129999999999
80640,0.007992929999999999
80896,0.00798513
81152,0.007977330000000001
81408,0.00796933
81664,0.007961429999999999
81920,0.00795303
82176,0.007945130000000002
82432,0.00793723
82688,0.00792913
82944,0.00792153
83200,0.007913630000000001
83456,0.00790563
83712,0.007897330000000001
83968,0.00788933
84224,0.007880829999999998
84480,0.00787303
84736,0.007865029999999999
84992,0.00785723
85248,0.007849430000000001
85504,0.007841230000000001
85760,0.007832929999999998
86016,0.007825229999999999
86272,0.00781733
86528,0.0078092299999999995
86784,0.0078013299999999995
87040,0.00779333
87296,0.00778553
87552,0.00777763
87808,0.007769829999999999
88064,0.0077613299999999994
88320,0.00775303
88576,0.00774483
88832,0.00773673
89088,0.007728629999999999
89344,0.0077204299999999995
89600,0.00771223
89856,0.00770393
90112,0.007695329999999999
90368,0.0076871299999999995
90624,0.00767893
90880,0.00767043
91136,0.007662629999999999
91392,0.00765463
91648,0.00764673
91904,0.007638730000000001
92160,0.007630830000000001
92416,0.00762253
92672,0.00761453
92928,0.0076066300000000005
93184,0.0075983299999999995
93440,0.00759033
93696,0.00758193
93952,0.00757393
94208,0.00756583
94464,0.0075574299999999995
94720,0.00754923
94976,0.00754063
95232,0.0075320299999999995
95488,0.00752383
95744,0.00751523
96000,0.007507229999999999
96256,0.007499329999999999
96512,0.00749103
96768,0.00748253
97024,0.0074737300000000005
97280,0.007464630000000001
97536,0.007456129999999999
97792,0.00744779
98048,0.007439489999999999
98304,0.00743121
98560,0.007422860000000001
98816,0.00741452
99072,0.00740635
99328,0.00739819
99584,0.007389819999999999
99840,0.007381639999999999
100096,0.007373220000000001
100352,0.00736483
100608,0.00735701
100864,0.00735061
101120,0.00735023
101376,0.00735001
101632,0.007349799999999999
101888,0.0073495900000000005
102144,0.00734942
102400,0.007349240000000001
102656,0.00734905
102912,0.0073488699999999995
103168,0.00734872
103424,0.0073485799999999995
103680,0.006037079999999999
103936,0.005494710000000001
104192,0.00498971
104448,0.0047136
104704,0.0055079000000000005
104960,0.00547436
105216,0.0054697700000000005
105472,0.005469610000000001
105728,0.00546957
105984,0.0054694900000000005
106240,0.0054693300000000005
106496,0.0054692000000000005
106752,0.00546909
107008,0.00546897
107264,0.00546885
107520,0.0054687600000000005
107776,0.00546867
108032,0.0054677200000000006
108288,0.00546067
108544,0.00545304
108800,0.00544794
109056,0.0054427600000000005
109312,0.0054380900000000005
109568,0.0054332700000000005
109824,0.00542853
110080,0.005424030000000001
110336,0.00541912
110592,0.005414250000000001
110848,0.00540967
111104,0.005404760000000001
111360,0.00539986
111616,0.0053949900000000005
111872,0.00538994
112128,0.00538495
112384,0.0053799600000000005
112640,0.005374830000000001
112896,0.00536992
113152,0.005364900000000001
113408,0.005360050000000001
113664,0.00535492
113920,0.00535005
114176,0.00534515
114432,0.00534001
114688,0.005335240000000001
114944,0.00533038
115200,0.00532549
115456,0.00532042
115712,0.00531558
115968,0.005310570000000001
116224,0.00530565
116480,0.005301070000000001
116736,0.00529592
116992,0.005290990000000001
117248,0.005286
117504,0.005281190000000001
117760,0.00527631
118016,0.005271400000000001
118272,0.00526665
118528,0.00526156
118784,0.005256530000000001
119040,0.0052518600000000006
119296,0.00524683
119552,0.00524199
119808,0.00523675
120064,0.0052320100000000005
120320,0.005227300000000001
120576,0.00522255
120832,0.0052177000000000005
121088,0.0052128
121344,0.00520742
121600,0.00520214
121856,0.00519714
122112,0.005192250000000001
122368,0.00518708
122624,0.00518199
122880,0.00517697
123136,0.005171800000000001
123392,0.0051667200000000005
123648,0.00516193
123904,0.00515686
124160,0.005151810000000001
124416,0.00514681
124672,0.00514179
124928,0.005136610000000001
125184,0.0051313800000000005
125440,0.00512618
125696,0.005120850000000001
125952,0.00511554
126208,0.00511039
126464,0.00510531
126720,0.00509985
126976,0.00509479
127232,0.005089730000000001
127488,0.0050847
127744,0.00507972
128000,0.005074830000000001
128256,0.00506954
128512,0.005064460000000001
128768,0.00505915
129024,0.00505377
129280,0.005048690000000001
129536,0.00504337
129792,0.0050380600000000005
130048,0.005032770000000001
130304,0.00502821
130560,0.00502295
130816,0.00514948
131072,0.005144289999999999
131328,0.005139029999999999
131584,0.00513408
131840,0.0051293499999999995
132096,0.00512416
132352,0.005118729999999999
132608,0.005113459999999999
132864,0.0051086
133120,0.00510358
133376,0.00509832
133632,0.0050931299999999995
133888,0.00508782
134144,0.0050827599999999995
134400,0.0050776599999999995
134656,0.005072429999999999
134912,0.00506754
135168,0.00506225
135424,0.005056949999999999
135680,0.00505156
135936,0.00504603
136192,0.00504053
136448,0.00503536
136704,0.005030209999999999
136960,0.0050249199999999996
137216,0.00501977
137472,0.00501482
137728,0.00500972
137984,0.00500446
138240,0.004998949999999999
138496,0.0049938299999999994
138752,0.004988589999999999
139008,0.0049831499999999996
139264,0.004977919999999999
139520,0.004972679999999999
139776,0.0049676699999999996
140032,0.004962299999999999
140288,0.0049570199999999995
140544,0.004951789999999999
140800,0.00494659
141056,0.00494116
141312,0.0049358399999999995
141568,0.00493109
141824,0.00492612
142080,0.00492058
142336,0.00491535
142592,0.0049102
142848,0.00490481
143104,0.0048994
143360,0.0048940599999999996
143616,0.00488879
143872,0.00488339
144128,0.004877899999999999
144384,0.0048725999999999995
144640,0.00486783
144896,0.004862699999999999
145152,0.004857299999999999
145408,0.00485199
145664,0.00484657
145920,0.00484114
146176,0.0048356499999999995
146432,0.004830269999999999
146688,0.004824999999999999
146944,0.004819769999999999
147200,0.004814489999999999
147456,0.004809239999999999
147712,0.00480346
147968,0.00479788
148224,0.00479284
148480,0.00478743
148736,0.00478202
148992,0.00477669
149248,0.004771129999999999
149504,0.00476561
149760,0.004760019999999999
150016,0.00475482
150272,0.0047499
150528,0.0047445199999999995
150784,0.00473937
151040,0.00473411
151296,0.00472887
151552,0.00472383
151808,0.00471859
152064,0.00471291
152320,0.00470747
152576,0.004702199999999999
152832,0.00469687
153088,0.00469128
153344,0.0046857
153600,0.004680269999999999
153856,0.0046747099999999995
154112,0.00466924
154368,0.0046637
154624,0.0046577
154880,0.00465201
155136,0.00464688
155392,0.0046412499999999995
155648,0.004635599999999999
155904,0.00463
156160,0.00462439
156416,0.00461883
156672,0.00461334
156928,0.004715029999999999
157184,0.00470914
157440,0.00470341
157696,0.00469803
157952,0.004692839999999999
158208,0.004687469999999999
158464,0.0046820099999999995
158720,0.0046764599999999995
158976,0.00467088
159232,0.004665229999999999
159488,0.004659389999999999
159744,0.004653569999999999
160000,0.0046478
160256,0.004642339999999999
160512,0.0046367299999999995
160768,0.00463099
161024,0.0046251999999999995
161280,0.0046193599999999994
161536,0.004613429999999999
161792,0.00460777
162048,0.0046021199999999995
162304,0.00459637
162560,0.00459052
162816,0.004584649999999999
163072,0.004578809999999999
163328,0.004571789999999999
163584,0.0045639899999999995
163840,0.00455941
164096,0.0045569799999999995
164352,0.00455697
164608,0.00455696
164864,0.00455696
165120,0.00455696
165376,0.00455696
165632,0.00455696
165888,0.00455696
166144,0.00455696
166400,0.00455696
166656,0.00455695
166912,0.00455695
167168,0.00455695
167424,0.00455695
167680,0.00455695
167936,0.00455695
168192,0.00455695
168448,0.00455695
168704,0.00455695
168960,0.00455695
169216,0.00455695
169472,0.00455695
169728,0.00455695
169984,0.00455695
170240,0.00455695
170496,0.00455695
170752,0.00455695
171008,0.00455695
171264,0.00455695
171520,0.00455695
171776,0.00455695
172032,0.00455695
172288,0.00455695
172544,0.00455695
172800,0.00455695
173056,0.00455694
173312,0.00455693
173568,0.00455692
173824,0.004556899999999999
174080,0.004556879999999999
174336,0.004556859999999999
174592,0.00455681
174848,0.00455679
175104,0.00455679
175360,0.00455678
175616,0.00455678
175872,0.00455678
176128,0.00455678
176384,0.00455678
176640,0.00455678
176896,0.00455678
177152,0.00455678
177408,0.00455678
177664,0.00455678
177920,0.00455678
178176,0.00455678
178432,0.00455678
178688,0.00455678
178944,0.00455678
179200,0.00455678
179456,0.00455678
179712,0.00455678
179968,0.00455678
180224,0.00455678
180480,0.004556759999999999
180736,0.004556749999999999
180992,0.004556749999999999
181248,0.004556739999999999
181504,0.004556729999999999
181760,0.0045566999999999995
182016,0.00455667
182272,0.00455663
182528,0.004556609999999999
182784,0.004556599999999999
183040,0.00455679
183296,0.00455679
183552,0.00455679
183808,0.00455679
184064,0.00455678
184320,0.00455678
184576,0.00455678
184832,0.00455678
185088,0.00455678
185344,0.00455678
185600,0.00455678
185856,0.00455678
186112,0.00455678
186368,0.00455678
186624,0.00455678
186880,0.00455678
187136,0.00455678
187392,0.00455678
187648,0.00455678
187904,0.00455678
188160,0.00455677
188416,0.00455677
188672,0.00455677
188928,0.00455676
189184,0.00455676
189440,0.00455676
189696,0.00455675
189952,0.00455674
190208,0.00455672
190464,0.00455671
190720,0.00455668
190976,0.00455666
191232,0.00455664
191488,0.00455662
191744,0.00455661
192000,0.0045566
192256,0.0045566
192512,0.0045566
192768,0.0045566
193024,0.0045566
193280,0.0045566
193536,0.0045566
193792,0.0045566
194048,0.0045566
194304,0.0045566
194560,0.0045566
194816,0.0045566
195072,0.0045566
195328,0.0045566
195584,0.0045566
195840,0.0045566
196096,0.0045566
196352,0.0045566
196608,0.0045566
196864,0.0045566
197120,0.00455659
197376,0.00455659
197632,0.00455658
197888,0.00455656
198144,0.00455654
198400,0.00455652
198656,0.00455649
198912,0.00455648
199168,0.00455647
199424,0.00455646
199680,0.00455643
199936,0.00455642
200192,0.00455642
200448,0.00455642
200704,0.00455642
200960,0.00455642
201216,0.00455642
201472,0.00455642
201728,0.00455642
201984,0.00455642
202240,0.00455642
202496,0.00455642
202752,0.00455642
203008,0.00455642
203264,0.00455642
203520,0.00455642
203776,0.00455642
204032,0.00455642
204288,0.00455642
204544,0.00455642
204800,0.00455642
205056,0.00455641
205312,0.00455641
205568,0.00455641
205824,0.00455641
206080,0.00455641
206336,0.00455641
206592,0.00455641
206848,0.00455641
207104,0.00455641
207360,0.00455641
207616,0.00455641
207872,0.00455641
208128,0.00455641
208384,0.00455641
208640,0.00455641
208896,0.00455641
209152,0.00455647
209408,0.00455647
209664,0.00455647
209920,0.00455647
210176,0.00455647
210432,0.00455647
210688,0.00455647
210944,0.00455647
211200,0.00455647
211456,0.00455647
211712,0.00455647
211968,0.00455647
212224,0.00455647
212480,0.00455647
212736,0.00455647
212992,0.00455647
213248,0.00455647
213504,0.00455647
213760,0.00455647
214016,0.00455647
214272,0.00455647
214528,0.00455647
214784,0.00455647
215040,0.00455647
215296,0.00455647
215552,0.00455647
215808,0.00455647
216064,0.00455647
216320,0.00455647
216576,0.00455647
216832,0.00455647
217088,0.00455647
217344,0.00455647
217600,0.00455647
217856,0.00455647
218112,0.00455647
218368,0.00455647
218624,0.00455647
218880,0.00455647
219136,0.00455647
219392,0.00455647
219648,0.00455647
219904,0.00455647
220160,0.00455647
220416,0.00455647
220672,0.00455647
220928,0.00455647
221184,0.00455647
221440,0.00455647
221696,0.00455647
221952,0.00455647
222208,0.00455647
222464,0.00455647
222720,0.00455647
222976,0.00455647
223232,0.00455647
223488,0.00455647
223744,0.00455647
224000,0.00455647
224256,0.00455647
224512,0.00455647
224768,0.00455647
225024,0.00455647
225280,0.00455647
225536,0.00455647
225792,0.00455647
226048,0.00455647
226304,0.00455647
226560,0.00455647
226816,0.00455647
227072,0.00455647
227328,0.00455647
227584,0.00455647
227840,0.00455647
228096,0.00455647
228352,0.00455647
228608,0.00455647
228864,0.00455646
229120,0.004556439999999999
229376,0.004556419999999999
229632,0.0045564099999999995
229888,0.00455638
230144,0.00455636
230400,0.00455634
230656,0.00455631
230912,0.004556279999999999
231168,0.0045562599999999995
231424,0.00455624
231680,0.00455624
231936,0.00455624
232192,0.00455624
232448,0.00455624
232704,0.00455624
232960,0.00455624
233216,0.00455624
233472,0.00455624
233728,0.00455624
233984,0.00455624
234240,0.00455624
234496,0.00455624
234752,0.00455624
235008,0.00455624
235264,0.0045564099999999995
235520,0.0045564099999999995
235776,0.0045564099999999995
236032,0.0045564099999999995
236288,0.0045564099999999995
236544,0.0045563999999999995
236800,0.00455638
237056,0.00455637
237312,0.00455636
237568,0.00455636
237824,0.00455635
238080,0.00455634
238336,0.00455634
238592,0.004556309999999999
238848,0.004556289999999999
239104,0.004556269999999999
239360,0.004556269999999999
239616,0.004556269999999999
239872,0.004556269999999999
240128,0.004556269999999999
240384,0.004556269999999999
240640,0.004556269999999999
240896,0.004556269999999999
241152,0.004556269999999999
241408,0.004556269999999999
241664,0.004556269999999999
241920,0.004556269999999999
242176,0.004556269999999999
242432,0.004556269999999999
242688,0.004556269999999999
242944,0.004556269999999999
243200,0.004556269999999999
243456,0.004556269999999999
243712,0.004556269999999999
243968,0.004556269999999999
244224,0.004556269999999999
244480,0.004556269999999999
244736,0.004556269999999999
244992,0.004556269999999999
245248,0.004556269999999999
245504,0.004556269999999999
245760,0.0045562599999999995
246016,0.00455624
246272,0.00455621
246528,0.0045562
246784,0.00455619
247040,0.004556169999999999
247296,0.004556149999999999
247552,0.004556139999999999
247808,0.0045561099999999995
248064,0.00455609
248320,0.00455608
248576,0.00455608
248832,0.00455608
249088,0.00455608
249344,0.00455608
249600,0.00455608
249856,0.00455608
250112,0.00455608
250368,0.00455608
250624,0.00455608
250880,0.00455608
251136,0.00455608
251392,0.00455608
251648,0.00455608
251904,0.00455608
252160,0.00455608
252416,0.00455608
252672,0.00455608
252928,0.00455608
253184,0.00455608
253440,0.00455608
253696,0.00455605
253952,0.004556019999999999
254208,0.004555979999999999
254464,0.0045559699999999995
254720,0.0045559699999999995
254976,0.00455595
255232,0.00455594
255488,0.00455593
255744,0.00455592
256000,0.00455591
256256,0.0045559
256512,0.0045559
256768,0.0045559
257024,0.0045559
257280,0.0045559
257536,0.0045559
257792,0.0045559
258048,0.0045559
258304,0.0045559
258560,0.0045559
258816,0.0045559
259072,0.0045559
259328,0.0045559
259584,0.0045559
259840,0.0045559
260096,0.0045559
260352,0.0045559
260608,0.0045559
260864,0.0045559
261120,0.0045559
