cache_lines,MRC
256,0.014448307869012708
512,0.014471615738025415
768,0.014495423607038121
1024,0.014519431476050828
1280,0.014543339345063537
1536,0.005588647214076245
1792,0.005612555083088954
2048,0.005636562952101661
2304,0.005660570821114369
2560,0.005683578690127075
2816,0.005707586559139784
3072,0.005731594428152492
3328,0.005755602297165199
3584,0.0057796101661779075
3840,0.005803618035190614
4096,0.005822625904203321
4352,0.005846633773216028
4608,0.0058706416422287366
4864,0.005894649511241443
5120,0.005918657380254152
5376,0.00594266524926686
5632,0.005966673118279567
5888,0.005990680987292276
6144,0.0060146888563049825
6400,0.006038696725317691
6656,0.006062704594330398
6912,0.006068012463343106
7168,0.006070520332355816
7424,0.006072928201368524
7680,0.006075336070381233
7936,0.006090043939393939
8192,0.006105251808406648
8448,0.006120259677419353
8704,0.006134667546432063
8960,0.006149575415444768
9216,0.006164783284457477
9472,0.006179291153470184
9728,0.006194399022482894
9984,0.006208706891495601
10240,0.0062238147605083085
10496,0.006237922629521017
10752,0.006252830498533722
11008,0.006268238367546433
11264,0.006282746236559137
11520,0.0062980541055718455
11776,0.006313761974584553
12032,0.0063292698435972634
12288,0.006344077712609971
12544,0.006359185581622679
12800,0.006374293450635386
13056,0.006388301319648092
13312,0.006403609188660803
13568,0.006418517057673509
13824,0.006432724926686216
14080,0.006447232795698924
14336,0.006462740664711631
14592,0.006477748533724339
14848,0.0064924564027370475
15104,0.006507764271749754
15360,0.006522972140762463
15616,0.006537580009775171
15872,0.006552987878787877
16128,0.006567895747800588
16384,0.006582803616813293
16640,0.006597511485826001
16896,0.006612219354838708
17152,0.006627027223851419
17408,0.006641735092864125
17664,0.006656842961876831
17920,0.0066710508308895425
18176,0.006685958699902248
18432,0.006700466568914957
18688,0.006715274437927663
18944,0.0067297823069403725
19200,0.0067435901759530775
19456,0.006758098044965787
19712,0.006772305913978493
19968,0.006786113782991203
20224,0.006745921652003911
20480,0.0067612295210166175
20736,0.006776137390029325
20992,0.006790145259042032
21248,0.006804753128054741
21504,0.0068190609970674495
21760,0.0068335688660801554
22016,0.006848376735092865
22272,0.0068631846041055725
22528,0.0068780924731182795
22784,0.006892700342130987
23040,0.0069075082111436925
23296,0.006922416080156403
23552,0.006936523949169111
23808,0.0069511318181818185
24064,0.006965539687194525
24320,0.0069797475562072345
24576,0.006994755425219941
24832,0.00700936329423265
25088,0.007023471163245356
25344,0.007037979032258064
25600,0.007052386901270771
25856,0.007066694770283481
26112,0.007080302639296187
26368,0.007094810508308897
26624,0.007109018377321603
26880,0.00712272624633431
27136,0.007136934115347021
27392,0.007151741984359727
27648,0.007165649853372435
27904,0.007179757722385143
28160,0.007194365591397852
28416,0.0072095734604105555
28672,0.007223681329423267
28928,0.007238689198435972
29184,0.00725289706744868
29440,0.007266304936461387
29696,0.007281012805474095
29952,0.007296120674486803
30208,0.007310128543499512
30464,0.0073249364125122195
30720,0.0073395442815249266
30976,0.007354352150537634
31232,0.007368160019550343
31488,0.00738296788856305
31744,0.007397475757575758
32000,0.007411383626588467
32256,0.007426391495601172
32512,0.007440699364613883
32768,0.007454307233626591
33024,0.007468415102639297
33280,0.007482422971652004
33536,0.0074967308406647115
33792,0.0075107387096774204
34048,0.0075253465786901275
34304,0.007539654447702835
34560,0.007553062316715542
34816,0.007567670185728251
35072,0.007581978054740958
35328,0.007594985923753668
35584,0.007609593792766375
35840,0.007624001661779081
36096,0.00763800953079179
36352,0.007652717399804497
36608,0.007667525268817204
36864,0.0076815331378299115
37120,0.007695841006842622
37376,0.00771054887585533
37632,0.007725256744868037
37888,0.007739564613880742
38144,0.007754172482893451
38400,0.00776878035190616
38656,0.007782488220918865
38912,0.007796996089931575
39168,0.007811203958944281
39424,0.007825011827956991
39680,0.007839519696969699
39936,0.007854227565982407
40192,0.007867835434995113
40448,0.00788214330400782
40704,0.007896251173020528
40960,0.007910059042033237
41216,0.007923666911045945
41472,0.007937774780058651
41728,0.007951982649071359
41984,0.007965390518084068
42240,0.007979198387096776
42496,0.007993506256109482
42752,0.00800641412512219
43008,0.008020521994134899
43264,0.008035229863147605
43520,0.008048937732160314
43776,0.008063145601173022
44032,0.00807725347018573
44288,0.008090861339198438
44544,0.008104569208211143
44800,0.008118677077223854
45056,0.00813238494623656
45312,0.008146792815249267
45568,0.008161300684261975
45824,0.008175008553274684
46080,0.008188116422287391
46336,0.0082022242913001
46592,0.008216432160312806
46848,0.008230440029325515
47104,0.008244547898338221
47360,0.008258955767350931
47616,0.008272063636363639
47872,0.008285971505376346
48128,0.008299679374389052
48384,0.00831318724340176
48640,0.008326795112414468
48896,0.008340702981427176
49152,0.008355210850439885
49408,0.008368718719452592
49664,0.0083823265884653
49920,0.00839613445747801
50176,0.008409742326490716
50432,0.008423250195503423
50688,0.008436758064516131
50944,0.00845026593352884
51200,0.008464073802541544
51456,0.008477981671554252
51712,0.008491889540566962
51968,0.008506397409579671
52224,0.008520905278592377
52480,0.008542747956989248
52736,0.008544975913978497
52992,0.008547903870967741
53248,0.00855043182795699
53504,0.008553359784946235
53760,0.008556187741935483
54016,0.008558315698924731
54272,0.008561143655913976
54528,0.008563771612903226
54784,0.008565999569892471
55040,0.008569027526881722
55296,0.008571655483870969
55552,0.008573683440860215
55808,0.008576111397849463
56064,0.008579039354838709
56320,0.008581667311827959
56576,0.008583795268817203
56832,0.008586623225806451
57088,0.008589751182795698
57344,0.008592079139784947
57600,0.008594807096774194
57856,0.008597535053763442
58112,0.008599663010752687
58368,0.008602390967741937
58624,0.008605218924731182
58880,0.00860664688172043
59136,0.008608674838709678
59392,0.008611502795698923
59648,0.008613730752688172
59904,0.008616958709677418
60160,0.008618886666666667
60416,0.008620714623655915
60672,0.008623442580645162
60928,0.00862587053763441
61184,0.008628498494623656
61440,0.008630626451612902
61696,0.00863245440860215
61952,0.008634482365591396
62208,0.008637710322580646
62464,0.008640238279569893
62720,0.008642066236559139
62976,0.008644094193548387
63232,0.008646522150537635
63488,0.008648850107526883
63744,0.008651078064516128
64000,0.008653906021505377
64256,0.008656033978494624
64512,0.008658561935483871
64768,0.008661689892473116
65024,0.008664117849462364
65280,0.008666745806451612
65536,0.00866907376344086
65792,0.008671401720430108
66048,0.008673929677419354
66304,0.008676057634408603
66560,0.00867868559139785
66816,0.008680913548387096
67072,0.008683241505376344
67328,0.008684769462365592
67584,0.008686997419354837
67840,0.008689125376344085
68096,0.008691653333333334
68352,0.00869428129032258
68608,0.008696509247311829
68864,0.008698837204301074
69120,0.008700965161290323
69376,0.00870359311827957
69632,0.008705821075268818
69888,0.008708149032258064
70144,0.008710276989247312
70400,0.00871270494623656
70656,0.008714532903225805
70912,0.008716760860215054
71168,0.008718988817204301
71424,0.008720816774193549
71680,0.008722944731182795
71936,0.008724772688172042
72192,0.00872660064516129
72448,0.008729028602150538
72704,0.008731256559139786
72960,0.008733284516129033
73216,0.00873531247311828
73472,0.008736640430107526
73728,0.008738968387096775
73984,0.008741296344086023
74240,0.008743424301075269
74496,0.008745852258064516
74752,0.008748380215053763
75008,0.00875020817204301
75264,0.008752336129032257
75520,0.008753964086021505
75776,0.008755692043010752
76032,0.008757919999999999
76288,0.008760247956989247
76544,0.008762275913978495
76800,0.008764403870967743
77056,0.008765931827956989
77312,0.008767659784946237
77568,0.008769987741935483
77824,0.008771915698924732
78080,0.008773643655913977
78336,0.008775671612903227
78592,0.008777699569892473
78848,0.00877962752688172
79104,0.008781855483870967
79360,0.008783283440860216
79616,0.008784711397849462
79872,0.00878693935483871
80128,0.008789267311827957
80384,0.008790295268817205
80640,0.008792323225806451
80896,0.0087946511827957
81152,0.008796679139784946
81408,0.008798607096774193
81664,0.008800535053763442
81920,0.008802363010752687
82176,0.008804290967741935
82432,0.008806318924731183
82688,0.00880744688172043
82944,0.008810174838709677
83200,0.008811902795698925
83456,0.008813930752688173
83712,0.00881545870967742
83968,0.008816586666666666
84224,0.008818814623655915
84480,0.008820542580645161
84736,0.008821870537634408
84992,0.008823598494623656
85248,0.008825126451612902
85504,0.008827054408602151
85760,0.008829082365591398
86016,0.008830510322580646
86272,0.008832438279569893
86528,0.008833666236559139
86784,0.008834994193548386
87040,0.008836522150537634
87296,0.008838350107526882
87552,0.00883997806451613
87808,0.008842106021505376
88064,0.008843933978494624
88320,0.00884536193548387
88576,0.008847089892473119
88832,0.008848317849462366
89088,0.008849145806451613
89344,0.00885067376344086
89600,0.008853101720430108
89856,0.008854629677419356
90112,0.008856257634408601
90368,0.008857585591397849
90624,0.008859213548387097
90880,0.008861341505376345
91136,0.008862769462365592
91392,0.00886429741935484
91648,0.008865425376344086
91904,0.008866753333333333
92160,0.00886918129032258
92416,0.008871009247311828
92672,0.008872837204301074
92928,0.008874465161290323
93184,0.00887589311827957
93440,0.008877921075268818
93696,0.008879949032258064
93952,0.008881176989247312
94208,0.00888260494623656
94464,0.008884032903225807
94720,0.008884860860215053
94976,0.008886588817204302
95232,0.008888016774193548
95488,0.008889244731182796
95744,0.008890972688172042
96000,0.00889240064516129
96256,0.008894028602150538
96512,0.008895456559139786
96768,0.008896784516129033
97024,0.008898412473118279
97280,0.008899740430107527
97536,0.008900368387096774
97792,0.008901196344086022
98048,0.00890272430107527
98304,0.008903952258064516
98560,0.008905280215053763
98816,0.008906408172043011
99072,0.008907436129032258
99328,0.008908364086021504
99584,0.008909092043010752
99840,0.008910119999999999
100096,0.008910747956989247
100352,0.008915575913978496
100608,0.008927903870967743
100864,0.00894043182795699
101120,0.008953159784946237
101376,0.008965787741935485
101632,0.00897841569892473
101888,0.00899114365591398
102144,0.009003871612903225
102400,0.009016499569892472
102656,0.00902922752688172
102912,0.009041955483870968
103168,0.009054683440860216
103424,0.009067411397849463
103680,0.0071539393548387085
103936,0.006507767311827957
104192,0.005953495268817204
104448,0.005441523225806452
104704,0.005451637565982405
104960,0.005408215131964808
105216,0.005411092697947213
105472,0.005414070263929617
105728,0.005417047829912023
105984,0.005420025395894427
106240,0.0054231029618768325
106496,0.0054261805278592356
106752,0.005429258093841641
107008,0.005432335659824047
107264,0.005435313225806451
107520,0.005438290791788855
107776,0.00544136835777126
108032,0.005444445923753666
108288,0.005446923489736069
108544,0.005442601055718475
108800,0.00543437862170088
109056,0.005428856187683284
109312,0.0054248337536656885
109568,0.005421111319648094
109824,0.005417448885630498
110080,0.005413666451612902
110336,0.005410034017595307
110592,0.005406571583577711
110848,0.005402999149560116
111104,0.005399396715542522
111360,0.005396424281524926
111616,0.0053927018475073306
111872,0.005389089413489735
112128,0.00538533697947214
112384,0.005381764545454544
112640,0.00537846211143695
112896,0.005374719677419353
113152,0.005371057243401759
113408,0.005367084809384163
113664,0.005363352375366569
113920,0.005359819941348974
114176,0.005356497507331378
114432,0.005352565073313782
114688,0.005348612639296187
114944,0.005344840205278592
115200,0.005340917771260997
115456,0.005336885337243401
115712,0.005333202903225807
115968,0.005329760469208211
116224,0.005326098035190615
116480,0.0053223056011730205
116736,0.005318713167155424
116992,0.00531524073313783
117248,0.005312018299120235
117504,0.005307985865102638
117760,0.005304303431085044
118016,0.005300680997067448
118272,0.005297108563049852
118528,0.005293356129032257
118784,0.005289813695014661
119040,0.005285761260997068
119296,0.0052818588269794705
119552,0.005277846392961877
119808,0.005273773958944281
120064,0.005270351524926685
120320,0.005266389090909091
120576,0.005262896656891495
120832,0.0052590242228739
121088,0.005255191788856304
121344,0.00525127935483871
121600,0.005247796920821114
121856,0.005244244486803519
122112,0.005240502052785923
122368,0.005236939618768328
122624,0.005233307184750733
122880,0.005229594750733137
123136,0.005225822316715542
123392,0.005222009882697946
123648,0.005218477448680352
123904,0.005214765014662756
124160,0.005211102580645162
124416,0.005207380146627566
124672,0.005203437712609971
124928,0.005199325278592376
125184,0.00519497284457478
125440,0.005190960410557184
125696,0.005187097976539589
125952,0.005183205542521994
126208,0.005179213108504398
126464,0.005175200674486804
126720,0.005171448240469208
126976,0.005167805806451613
127232,0.005164253372434018
127488,0.005160770938416422
127744,0.005157088504398826
128000,0.005153456070381231
128256,0.005149953636363636
128512,0.00514622120234604
128768,0.0051422387683284455
129024,0.00513826633431085
129280,0.005134073900293254
129536,0.00513014146627566
129792,0.005126319032258064
130048,0.00512237659824047
130304,0.005118184164222873
130560,0.0051139417302052785
130816,0.005110109296187684
131072,0.005106286862170088
131328,0.005102104428152493
131584,0.005097891994134896
131840,0.005093999560117302
132096,0.005089977126099707
132352,0.005086214692082112
132608,0.005081742258064516
132864,0.0050771598240469205
133120,0.005072837390029325
133376,0.00506880495601173
133632,0.005064642521994136
133888,0.005060450087976539
134144,0.005056607653958944
134400,0.005052295219941349
134656,0.005047772785923753
134912,0.005043640351906157
135168,0.005039857917888562
135424,0.0050354954838709685
135680,0.0050315930498533714
135936,0.005027440615835777
136192,0.005023258181818181
136448,0.005019135747800586
136704,0.005014683313782991
136960,0.005010830879765396
137216,0.0050070784457478
137472,0.005003136011730205
137728,0.00499910357771261
137984,0.004994991143695014
138240,0.004990838709677419
138496,0.0049871262756598245
138752,0.004982973841642228
139008,0.004978701407624633
139264,0.004974558973607038
139520,0.004970136539589443
139776,0.004965414105571848
140032,0.004961171671554252
140288,0.0049570792375366575
140544,0.004953356803519062
140800,0.004949394369501465
141056,0.004945441935483871
141312,0.004941469501466276
141568,0.004937327067448681
141824,0.004933074633431085
142080,0.004929022199413489
142336,0.004924629765395894
142592,0.004919807331378299
142848,0.004915284897360705
143104,0.004910692463343108
143360,0.004905720029325513
143616,0.0049012775953079174
143872,0.0048972851612903235
144128,0.004893382727272727
144384,0.004889220293255132
144640,0.004885097859237537
144896,0.004880825425219942
145152,0.0048764829912023465
145408,0.00487244055718475
145664,0.004868188123167156
145920,0.00486362568914956
146176,0.004859373255131965
146432,0.004854810821114369
146688,0.004849988387096774
146944,0.00484544595307918
147200,0.004841343519061584
147456,0.004836941085043989
147712,0.004832688651026392
147968,0.004828246217008798
148224,0.004823843782991203
148480,0.004819251348973608
148736,0.0048146289149560125
148992,0.004810116480938417
149248,0.004805724046920822
149504,0.004801331612903226
149760,0.00479707917888563
150016,0.004793026744868036
150272,0.00478876431085044
150528,0.004784131876832845
150784,0.004779959442815249
151040,0.004775867008797654
151296,0.0047714045747800585
151552,0.004767042140762463
151808,0.004762569706744868
152064,0.004758247272727272
152320,0.004753504838709677
152576,0.004748662404692083
152832,0.004744179970674488
153088,0.004739787536656892
153344,0.004735285102639296
153600,0.004730812668621701
153856,0.004726410234604106
154112,0.00472134780058651
154368,0.004717495366568915
154624,0.004712862932551319
154880,0.004708450498533724
155136,0.004703758064516129
155392,0.0046990356304985334
155648,0.0046944531964809395
155904,0.004689920762463343
156160,0.004685358328445749
156416,0.004680725894428152
156672,0.004676383460410557
156928,0.0046748137341153465
157184,0.004667797468230693
157440,0.00466071120234604
157696,0.004653764936461388
157952,0.0046463686705767344
158208,0.004639002404692081
158464,0.004631726138807429
158720,0.004623499872922775
158976,0.004614553607038123
159232,0.0046069273411534694
159488,0.004599601075268816
159744,0.004592544809384164
160000,0.004585158543499511
160256,0.004577912277614857
160512,0.004570656011730205
160768,0.004563119745845551
161024,0.004555563479960899
161280,0.004548087214076246
161536,0.004540650948191593
161792,0.00453347468230694
162048,0.004526148416422287
162304,0.004518912150537634
162560,0.004511825884652982
162816,0.004504209618768328
163072,0.004495803352883675
163328,0.004484067086999022
163584,0.004477160821114369
163840,0.004475724555229716
164096,0.004476168289345063
164352,0.004476622023460409
164608,0.004477085757575757
164864,0.004477549491691104
165120,0.004478013225806451
165376,0.004478476959921798
165632,0.004478940694037145
165888,0.004479404428152492
166144,0.004479868162267839
166400,0.004480331896383186
166656,0.004480795630498533
166912,0.00448125936461388
167168,0.004481723098729227
167424,0.004482186832844574
167680,0.004482650566959921
167936,0.004483114301075268
168192,0.004483578035190615
168448,0.004484041769305962
168704,0.00448450550342131
168960,0.004484969237536656
169216,0.004485432971652003
169472,0.0044858967057673504
169728,0.004486360439882697
169984,0.004486824173998045
170240,0.004487287908113391
170496,0.004487751642228738
170752,0.0044882153763440855
171008,0.004488679110459432
171264,0.00448914284457478
171520,0.004489606578690126
171776,0.004490070312805474
172032,0.0044905340469208205
172288,0.004490997781036167
172544,0.004491461515151515
172800,0.004491925249266861
173056,0.004492388983382209
173312,0.004492852717497556
173568,0.004493296451612902
173824,0.00449374018572825
174080,0.004494183919843597
174336,0.0044946276539589445
174592,0.004495061388074291
174848,0.004495495122189639
175104,0.004495938856304986
175360,0.004496382590420333
175616,0.0044968163245356785
175872,0.004497270058651025
176128,0.004497713792766373
176384,0.00449817752688172
176640,0.004498641260997066
176896,0.004499104995112414
177152,0.0044995687292277604
177408,0.004500032463343108
177664,0.004500496197458455
177920,0.004500959931573802
178176,0.004501423665689149
178432,0.0045018873998044955
178688,0.004502351133919843
178944,0.00450281486803519
179200,0.004503278602150537
179456,0.004503742336265884
179712,0.0045042060703812305
179968,0.004504669804496578
180224,0.004505133538611925
180480,0.004505597272727272
180736,0.004506061006842619
180992,0.0045065247409579665
181248,0.004506988475073313
181504,0.00450745220918866
181760,0.004507905943304007
182016,0.004508359677419354
182272,0.004508773411534702
182528,0.004509217145650049
182784,0.004509640879765396
183040,0.004510084613880743
183296,0.00451050834799609
183552,0.004510942082111438
183808,0.004511375816226783
184064,0.0045118295503421306
184320,0.004512283284457477
184576,0.004512737018572824
184832,0.004513170752688172
185088,0.004513634486803518
185344,0.004514098220918866
185600,0.004514561955034213
185856,0.004515025689149559
186112,0.004515489423264907
186368,0.004515953157380253
186624,0.004516416891495601
186880,0.004516880625610948
187136,0.004517344359726295
187392,0.004517808093841642
187648,0.0045182718279569885
187904,0.004518725562072336
188160,0.004519189296187683
188416,0.00451965303030303
188672,0.004520116764418377
188928,0.004520580498533724
189184,0.004521044232649071
189440,0.004521507966764418
189696,0.004521971700879765
189952,0.004522435434995112
190208,0.0045228991691104595
190464,0.004523362903225806
190720,0.004523826637341153
190976,0.0045242903714565
191232,0.004524754105571847
191488,0.0045252178396871946
191744,0.004525681573802541
192000,0.004526145307917888
192256,0.004526609042033235
192512,0.004527042776148582
192768,0.00452747651026393
193024,0.004527880244379277
193280,0.004528313978494625
193536,0.004528767712609971
193792,0.004529211446725318
194048,0.004529645180840666
194304,0.004530088914956011
194560,0.0045305526490713585
194816,0.004530996383186705
195072,0.004531420117302052
195328,0.0045318538514174
195584,0.0045323175855327465
195840,0.004532781319648094
196096,0.004533245053763441
196352,0.004533708787878788
196608,0.004534172521994135
196864,0.004534636256109482
197120,0.004535099990224829
197376,0.004535563724340176
197632,0.004536027458455523
197888,0.00453649119257087
198144,0.004536954926686217
198400,0.004537418660801564
198656,0.004537882394916911
198912,0.004538346129032258
199168,0.004538809863147605
199424,0.0045392735972629526
199680,0.004539737331378299
199936,0.004540201065493646
200192,0.004540664799608993
200448,0.00454112853372434
200704,0.004541582267839688
200960,0.004542036001955034
201216,0.004542499736070381
201472,0.004542963470185729
201728,0.004543407204301075
201984,0.004543830938416423
202240,0.00454425467253177
202496,0.004544688406647118
202752,0.004545112140762463
203008,0.00454556587487781
203264,0.004546019608993157
203520,0.004546473343108504
203776,0.0045469270772238515
204032,0.004547380811339198
204288,0.004547844545454545
204544,0.0045483082795698924
204800,0.00454877201368524
205056,0.004549235747800586
205312,0.004549699481915933
205568,0.004550163216031281
205824,0.0045506269501466275
206080,0.004551090684261974
206336,0.004551554418377322
206592,0.004552018152492668
206848,0.004552481886608015
207104,0.0045529456207233625
207360,0.00455340935483871
207616,0.004553873088954057
207872,0.004554336823069403
208128,0.004554800557184751
208384,0.004555264291300098
208640,0.004555728025415444
208896,0.004556191759530792
209152,0.004556472003910068
209408,0.0045564740078201365
209664,0.004556476011730206
209920,0.004556478015640274
210176,0.004556480019550342
210432,0.00455648202346041
210688,0.004556484027370479
210944,0.004556486031280548
211200,0.004556488035190615
211456,0.004556490039100684
211712,0.004556492043010753
211968,0.004556494046920821
212224,0.00455649605083089
212480,0.004556498054740957
212736,0.0045565000586510265
212992,0.004556502062561095
213248,0.004556504066471163
213504,0.004556506070381232
213760,0.0045565080742913
214016,0.004556510078201369
214272,0.004556512082111437
214528,0.004556514086021505
214784,0.004556516089931574
215040,0.004556518093841642
215296,0.004556520097751711
215552,0.004556522101661779
215808,0.0045565241055718474
216064,0.004556526109481917
216320,0.004556528113391984
216576,0.004556530117302053
216832,0.004556532121212121
217088,0.00455652412512219
217344,0.004556526129032258
217600,0.004556528132942326
217856,0.004556530136852395
218112,0.004556532140762464
218368,0.004556534144672532
218624,0.0045565361485826
218880,0.004556538152492668
219136,0.0045565401564027375
219392,0.004556542160312805
219648,0.004556544164222874
219904,0.004556546168132942
220160,0.004556548172043011
220416,0.00455655017595308
220672,0.004556552179863147
220928,0.004556554183773216
221184,0.0045565561876832845
221440,0.004556558191593353
221696,0.004556560195503422
221952,0.004556562199413489
222208,0.0045565642033235584
222464,0.004556566207233627
222720,0.004556568211143695
222976,0.004556570215053764
223232,0.0045565722189638315
223488,0.004556574222873901
223744,0.004556576226783969
224000,0.004556578230694037
224256,0.004556580234604106
224512,0.004556582238514174
224768,0.004556584242424243
225024,0.004556586246334311
225280,0.004556588250244379
225536,0.004556590254154448
225792,0.004556592258064516
226048,0.004556594261974585
226304,0.004556596265884653
226560,0.0045565982697947215
226816,0.00455660027370479
227072,0.004556602277614858
227328,0.004556604281524927
227584,0.004556606285434995
227840,0.004556608289345064
228096,0.004556610293255132
228352,0.0045566122971652
228608,0.004556614301075269
228864,0.004556616304985337
229120,0.004556618308895406
229376,0.004556620312805474
229632,0.0045566223167155424
229888,0.004556624320625612
230144,0.004556616324535679
230400,0.004556608328445748
230656,0.004556580332355817
230912,0.004556542336265885
231168,0.004556524340175954
231424,0.004556526344086022
231680,0.004556518347996091
231936,0.004556500351906159
232192,0.004556482355816228
232448,0.004556474359726297
232704,0.004556466363636364
232960,0.0045564683675464335
233216,0.004556470371456502
233472,0.00455647237536657
233728,0.004556474379276638
233984,0.004556476383186707
234240,0.004556478387096776
234496,0.004556480391006844
234752,0.004556482394916912
235008,0.0045564843988269805
235264,0.004556486402737049
235520,0.004556488406647118
235776,0.004556490410557185
236032,0.0045564924144672544
236288,0.004556494418377323
236544,0.004556496422287391
236800,0.00455649842619746
237056,0.0045565004301075275
237312,0.004556502434017597
237568,0.004556504437927665
237824,0.004556506441837733
238080,0.004556498445747802
238336,0.00455648044965787
238592,0.0045564424535679375
238848,0.004556404457478006
239104,0.0045563764613880745
239360,0.004556348465298144
239616,0.004556340469208211
239872,0.0045563224731182805
240128,0.004556304477028349
240384,0.004556286480938417
240640,0.004556278484848486
240896,0.004556270488758554
241152,0.004556272492668623
241408,0.004556274496578691
241664,0.0045562765004887595
241920,0.004556278504398828
242176,0.004556280508308896
242432,0.004556282512218965
242688,0.0045562845161290335
242944,0.004556286520039102
243200,0.00455628852394917
243456,0.004556280527859238
243712,0.0045562725317693075
243968,0.004556274535679375
244224,0.004556276539589444
244480,0.004556278543499512
244736,0.0045562805474095806
244992,0.00455628255131965
245248,0.004556284555229717
245504,0.004556286559139786
245760,0.0045562885630498545
246016,0.004556290566959923
246272,0.004556292570869992
246528,0.004556294574780059
246784,0.004556296578690128
247040,0.004556298582600197
247296,0.004556300586510265
247552,0.004556302590420334
247808,0.0045563045943304015
248064,0.004556306598240471
248320,0.004556308602150539
248576,0.004556290606060607
248832,0.0045562726099706765
249088,0.004556244613880742
249344,0.004556216617790812
249600,0.00455620862170088
249856,0.004556200625610948
250112,0.004556182629521017
250368,0.004556164633431085
250624,0.004556156637341154
250880,0.0045561586412512225
251136,0.004556140645161291
251392,0.004556112649071359
251648,0.004556104652981428
251904,0.004556106656891497
252160,0.004556108660801564
252416,0.004556110664711633
252672,0.004556112668621702
252928,0.00455611467253177
253184,0.004556116676441839
253440,0.004556118680351906
253696,0.0045561206842619755
253952,0.004556122688172044
254208,0.004556124692082112
254464,0.004556126695992181
254720,0.004556128699902249
254976,0.004556130703812318
255232,0.004556132707722386
255488,0.004556134711632454
255744,0.004556136715542523
256000,0.004556138719452591
256256,0.00455614072336266
256512,0.004556142727272728
256768,0.004556144731182796
257024,0.0045561467350928656
257280,0.004556148739002933
257536,0.004556140742913002
257792,0.0045561227468230705
258048,0.004556094750733139
258304,0.004556076754643207
258560,0.004556058758553276
258816,0.004556050762463345
259072,0.0045560427663734115
259328,0.00455604477028348
259584,0.004556036774193548
259840,0.004556028778103616
260096,0.004556010782013686
260352,0.004555992785923753
260608,0.004555984789833822
260864,0.004555976793743891
261120,0.004555978797653959
