cache_lines,MRC
256,0.0144243
512,0.014423917873968354
768,0.014423808695102168
1024,0.014423808695102168
1280,0.014423754105669076
1536,0.009522332676616712
1792,0.00952227808718362
2048,0.00952227808718362
2304,0.00952227808718362
2560,0.009521732192852697
2816,0.009521732192852697
3072,0.009521732192852697
3328,0.009521732192852697
3584,0.009521732192852697
3840,0.009521732192852697
4096,0.009519002721198084
4352,0.009519002721198084
4608,0.009519002721198084
4864,0.009519002721198084
5120,0.009519002721198084
5376,0.009519002721198084
5632,0.009519002721198084
5888,0.009519002721198084
6144,0.009519002721198084
6400,0.009519002721198084
6656,0.009519002721198084
6912,0.009508794497209837
7168,0.00949705776909501
7424,0.009485266451547085
7680,0.009473475133999164
7936,0.009468398316721586
8192,0.00946359444660947
8448,0.009458681397631168
8704,0.009453440812054313
8960,0.009448473173642918
9216,0.009443669303530803
9472,0.00943848330738704
9728,0.009433624847841833
9984,0.009428329672831885
10240,0.009423471213286676
10496,0.009418066859410545
10752,0.00941309922099915
11008,0.009408404529753221
11264,0.009403218533609457
11520,0.009398469252930433
11776,0.009393938329983777
12032,0.00938929822817094
12288,0.009384276000326453
12544,0.009379417540781244
12800,0.009374559081236036
13056,0.00936910013792681
13312,0.009364350857247789
13568,0.009359383218836396
13824,0.009354033454393356
14080,0.009348847458249595
14336,0.009344207356436754
14592,0.009339294307458453
14848,0.009334217490180874
15104,0.00932946820950185
15360,0.009324664339389735
15616,0.009319532932679064
15872,0.009314838241433133
16128,0.00930987060302174
16384,0.009304902964610347
16640,0.009299826147332768
16896,0.00929474933005519
17152,0.009289727102210706
17408,0.009284650284933128
17664,0.009279791825387917
17920,0.00927444206094488
18176,0.009269474422533487
18432,0.009264288426389725
18688,0.009259266198545238
18944,0.009254080202401477
19200,0.009248512080226068
19456,0.009243326084082307
19712,0.009237976319639268
19968,0.00923240819746386
20224,0.009197361781418646
20480,0.009192612500739623
20736,0.009187644862328228
20992,0.009182185919019004
21248,0.009177054512308335
21504,0.009171759337298389
21760,0.009166573341154626
22016,0.009161551113310141
22272,0.009156528885465656
22528,0.009151561247054261
22784,0.009146429840343591
23040,0.009141407612499106
23296,0.009136439974087713
23552,0.009131035620211583
23808,0.009125904213500912
24064,0.009120663627924058
24320,0.00911531386348102
24576,0.009110400814502716
24832,0.009105269407792048
25088,0.009099865053915916
25344,0.009094679057772155
25600,0.009089438472195299
25856,0.009084143297185354
26112,0.009078465996143762
26368,0.00907328
26624,0.009068001074437506
26880,0.009062452815938149
27136,0.009057173890375657
27392,0.009052218164337397
27648,0.009046777639012786
27904,0.00904144484686292
28160,0.009036381387649915
28416,0.009031641127961143
28672,0.00902630833581128
28928,0.009021460342947764
29184,0.00901618141738527
29440,0.009010471559123797
29696,0.009005461966498166
29952,0.009000667840222023
30208,0.008995281181484785
30464,0.008990325455446525
30720,0.00898526199623352
30976,0.00898030627019526
31232,0.008974811878283279
31488,0.008969856152245019
31744,0.008964738826444642
32000,0.008959298301120033
32256,0.008954450308256517
32512,0.008949225249281396
32768,0.008943623124194668
33024,0.008938290332044801
33280,0.008932903673307563
33536,0.00892767861433244
33792,0.008922291955595203
34048,0.008917228496382198
34304,0.008912003437407076
34560,0.008906293579145604
34816,0.0089012301199326
35072,0.008896005060957477
35328,0.008890079736346515
35584,0.008885016277133511
35840,0.008879845084745762
36096,0.008874458426008524
36352,0.008869448833382892
36608,0.008864493107344633
36864,0.008859106448607393
37120,0.008853881389632274
37376,0.00884887179700664
37632,0.00884386220438101
37888,0.008838637145405887
38144,0.008833573686192883
38400,0.008828510226979879
38656,0.008822961968480522
38912,0.008817844642680147
39168,0.008812565717117651
39424,0.00880707132520567
39680,0.008801953999405292
39936,0.008796944406779661
40192,0.008791342281692933
40448,0.00878611722271781
40704,0.008780784430567944
40960,0.008775290038655962
41216,0.008769687913569234
41472,0.008764355121419367
41728,0.008759076195856873
41984,0.0087533663375954
42240,0.008747871945683418
42496,0.008742646886708295
42752,0.00873666769550996
43008,0.008731334903360095
43264,0.008726325310734463
43520,0.008720777052235108
43776,0.008715498126672614
44032,0.008710165334522747
44288,0.008704563209436019
44544,0.008699014950936662
44800,0.008693682158786797
45056,0.008688133900287442
45312,0.008682962707899691
45568,0.008677845382099316
45824,0.00867229712359996
46080,0.00866642566557637
46336,0.008661092873426503
46592,0.00865581394786401
46848,0.008650427289126772
47104,0.008645094496976905
47360,0.008639923304589157
47616,0.008634051846565566
47872,0.008628611321240955
48128,0.0086230630627416
48384,0.0086174070710675
48640,0.00861180494598077
48896,0.00860636442065616
49152,0.008601247094855784
49408,0.008595591103181683
49664,0.008589988978094956
49920,0.008584494586182972
50176,0.008578892461096244
50432,0.008573236469422143
50688,0.008567580477748043
50944,0.008561924486073942
51200,0.008556430094161958
51456,0.008550989568837347
51712,0.008545549043512736
51968,0.008540431717712361
52224,0.008535314391911982
52480,0.00852982
52736,0.008524109416812772
52992,0.008518772423179846
53248,0.008513221949801607
53504,0.008507884956168681
53760,0.008502494592599427
54016,0.00849673063947587
54272,0.008491340275906615
54528,0.008485843172464706
54784,0.008480132589277475
55040,0.008474848965580881
55296,0.00846935186213897
55552,0.00846353453907908
55808,0.008457930695764511
56064,0.008452593702131587
56320,0.008447096598689675
56576,0.008441332645566115
56832,0.008435942281996863
57088,0.008430712028236597
57344,0.008425054814985698
57600,0.008419611081480115
57856,0.008414167347974531
58112,0.008408403394850973
58368,0.008402959661345391
58624,0.008397569297776138
58880,0.008391431755098275
59136,0.008385614432038387
59392,0.008380224068469133
59648,0.008374513485281905
59904,0.008369336601457968
60160,0.008363465908461752
60416,0.008357541845529205
60672,0.008352098112023624
60928,0.008346494268709053
61184,0.00834099716526714
61440,0.008335233212143581
61696,0.008329309149211036
61952,0.008323491826151148
62208,0.008318314942327213
62464,0.00831276446894897
62720,0.008306840406016425
62976,0.008301023082956539
63232,0.008295419239641968
63488,0.008289762026391067
63744,0.008284051443203839
64000,0.008278661079634585
64256,0.008272897126511027
64512,0.008267346653132786
64768,0.00826211639937252
65024,0.008256512556057949
65280,0.008251015452616037
65536,0.008245358239365138
65792,0.00823970102611424
66048,0.008234150552735997
66304,0.008228386599612439
66560,0.008222889496170527
66816,0.008217178912983299
67072,0.008211521699732398
67328,0.008205437526990865
67584,0.008199726943803635
67840,0.008193962990680077
68096,0.008188412517301838
68352,0.008182915413859924
68608,0.008177204830672696
68864,0.008171547617421795
69120,0.008165783664298237
69376,0.008160286560856326
69632,0.008154575977669097
69888,0.008148918764418197
70144,0.008143154811294639
70400,0.008137550967980068
70656,0.008131626905047522
70912,0.008125916321860294
71168,0.008120205738673064
71424,0.008114281675740518
71680,0.00810851772261696
71936,0.008102593659684415
72192,0.00809666959675187
72448,0.008091065753437298
72704,0.00808535517025007
72960,0.008079537847190182
73216,0.008073720524130294
73472,0.008067529611516102
73728,0.008061872398265203
73984,0.008056215185014303
74240,0.008050451231890745
74496,0.008044847388576176
74752,0.008039296915197933
75008,0.008033372852265387
75264,0.008027608899141829
75520,0.008021578096336624
75776,0.008015600663467749
76032,0.00800989008028052
76288,0.00800423286702962
76544,0.007998415543969734
76800,0.007992651590846176
77056,0.007986567418104641
77312,0.007980589985235768
77568,0.007974932771984867
77824,0.007969062078988651
78080,0.007963084646119774
78336,0.007957267323059888
78592,0.00795145
78848,0.007945528821049916
79104,0.00793976912879847
79360,0.007933578805350653
79616,0.007927388481902838
79872,0.007921628789651391
80128,0.00791592292629949
80384,0.00790951728725349
80640,0.007903649937202951
80896,0.00789794407385105
81152,0.007892076723800512
81408,0.007886155544850428
81664,0.007880234365900343
81920,0.00787425935805071
82176,0.007868338179100626
82432,0.007862470829050087
82688,0.007856119018903632
82944,0.007850628471149918
83200,0.00784459963440074
83456,0.0078387322843502
83712,0.007832595789801932
83968,0.007826243979655477
84224,0.00782048428740403
84480,0.007814455450654853
84736,0.007808211298307491
84992,0.007802182461558313
85248,0.007796045967010043
85504,0.007790124788059959
85760,0.00778425743800942
86016,0.007778067114561604
86272,0.007772145935611518
86528,0.00776584795436461
86784,0.007759603802017247
87040,0.007753467307468977
87296,0.007747492299619347
87552,0.007741409633970624
87808,0.007735596112819631
88064,0.00772962110497
88320,0.007723430781522183
88576,0.007717401944773006
88832,0.007711103963526097
89088,0.0077045906666810045
89344,0.007698454172132735
89600,0.0076928021376803804
89856,0.007686665643132111
90112,0.007680582977483387
90368,0.007674338825136024
90624,0.007668256159487301
90880,0.0076624426383363085
91136,0.0076562523148884926
91392,0.007650115820340223
91648,0.007643764010193768
91904,0.007637519857846406
92160,0.007631867823394051
92416,0.007625892815544421
92672,0.007619917807694789
92928,0.007613835142046065
93184,0.007607644818598249
93440,0.007601777468547711
93696,0.007595910118497171
93952,0.007589612137250263
94208,0.007583421813802447
94464,0.007577231490354632
94720,0.007570718193509538
94976,0.00756468935676036
95232,0.007558499033312544
95488,0.007552201052065635
95744,0.0075461722153164585
96000,0.007539981891868643
96256,0.007533899226219919
96512,0.007527708902772103
96768,0.00752146475042474
97024,0.007515382084776016
97280,0.007509137932428655
97536,0.007502516977784468
97792,0.007496003680939375
98048,0.0074898671863911056
98304,0.007483569205144197
98560,0.0074773250527968346
98816,0.0074709732426503795
99072,0.007464567603604378
99328,0.007458108135658831
99584,0.007451541009914192
99840,0.007445135370868191
100096,0.007438514416224004
100352,0.00743415427536076
100608,0.007433831301963484
100864,0.007433615986365298
101120,0.0074335083285662065
101376,0.007433346841867567
101632,0.007433185355168928
101888,0.007433077697369836
102144,0.007432970039570743
102400,0.007432808552872105
102656,0.007432700895073012
102912,0.0074325932372739205
103168,0.0074324855794748275
103424,0.007432377921675734
103680,0.006395418000817221
103936,0.006040631723908041
104192,0.005735314205681842
104448,0.0054527663119636974
104704,0.00544846
104960,0.005422927450874346
105216,0.005422763078240489
105472,0.005422653496484586
105728,0.005422543914728682
105984,0.005422434332972777
106240,0.005422379542094825
106496,0.005422324751216873
106752,0.005422269960338922
107008,0.00542221516946097
107264,0.005422105587705065
107520,0.0054219960059491605
107776,0.005421941215071209
108032,0.005421886424193258
108288,0.005421502888047592
108544,0.00541739357220119
108800,0.0054111474121146565
109056,0.005406380605732828
109312,0.0054024356625202805
109568,0.00539865509194159
109824,0.005394907395889669
110080,0.005391093950784207
110336,0.005387362691995673
110592,0.005383724577699657
110848,0.005380026193437894
111104,0.005376311371912745
111360,0.0053729417329186945
111616,0.0053691611623400025
111872,0.0053654408617270595
112128,0.005361643853884982
112384,0.005357945469623219
112640,0.005354395020731926
112896,0.005350603491977645
113152,0.005346855795925725
113408,0.0053429382481521535
113664,0.005339152198485668
113920,0.005335475730575085
114176,0.005331914323508203
114432,0.005328018692085812
114688,0.005324112102487831
114944,0.005320304136470164
115200,0.005316413984135569
115456,0.005312463561835226
115712,0.005308704907607716
115968,0.00530507775148729
116224,0.00530133005543537
116480,0.005297511131242113
116736,0.005293801788804758
116992,0.005290158195420948
117248,0.005286651579232017
117504,0.005282701156931674
117760,0.005278942502704165
118016,0.005275216723003425
118272,0.005271518338741662
118528,0.005267721330899584
118784,0.005264039383901207
119040,0.0052600780034252744
119296,0.00525619880926627
119552,0.005252259345141517
119808,0.005248287006489994
120064,0.005244670808545159
120320,0.005240758739859383
120576,0.005237104188299982
120832,0.005233241431404362
121088,0.005229400590859924
121344,0.005225515917613124
121600,0.005221866845141518
121856,0.005218179419055345
122112,0.005214387890301063
122368,0.0052106949851270954
122624,0.005206963726338561
122880,0.005203188634847665
123136,0.0051993806688299974
123392,0.005195550786461149
123648,0.005191874318550568
123904,0.005188099227059671
124160,0.005184351531007752
124416,0.005180570960429061
124672,0.005176669849918875
124928,0.005172675594916171
125184,0.005168549841806381
125440,0.005164610377681629
125696,0.005160753099873805
125952,0.005156879384802596
126208,0.0051529508788534335
126464,0.005149011414728682
126720,0.005145214406886605
126976,0.005141477669010276
127232,0.005137790242924103
127488,0.005134141170452497
127744,0.005130382516224986
128000,0.005126651257436452
128256,0.005122991226789255
128512,0.005119205177122769
128768,0.005115282150261402
129024,0.005111364602487831
129280,0.005107326514782765
129536,0.005103430883360374
129792,0.005099595521903731
130048,0.005095694411393546
130304,0.00509165632368848
130560,0.005087590840544438
130816,0.00508375
131072,0.00507998989713446
131328,0.00507603641755012
131584,0.005072066823239214
131840,0.0050682691193450185
132096,0.0050644015849690355
132352,0.005060673711556629
132608,0.005056564456282145
132864,0.0050523961136769175
133120,0.005048367432035268
133376,0.005044494526083762
133632,0.005040551789650467
133888,0.005036592938490605
134144,0.005032822092474021
134400,0.005028798782407893
134656,0.005024662669255798
134912,0.00502073604754907
135168,0.005016997430985619
135424,0.005012947263041881
135680,0.005009144187572163
135936,0.0050052068227143896
136192,0.005001253343130051
136448,0.004997332092998845
136704,0.0049932335808754065
136960,0.004989457363283299
137216,0.0049857348614464145
137472,0.004981910299674609
137728,0.004978037393723102
137984,0.004974121515167418
138240,0.004970184150309646
138496,0.004966483134774851
138752,0.004962545769917077
139008,0.004958543946153038
139264,0.004954611952870788
139520,0.004950529555473916
139776,0.004946286010811378
140032,0.004942300301773905
140288,0.004938395166369266
140544,0.004934688779258948
140800,0.004930853474336096
141056,0.0049270235409887685
141312,0.004923182864490396
141568,0.004919250871208146
141824,0.00491525979059515
142080,0.004911376141492599
142336,0.004907309858822294
142592,0.004903012598404534
142848,0.004898876485252441
143104,0.004894702771071691
143360,0.004890324937021098
143616,0.004886231796473181
143872,0.004882380376823764
144128,0.004878577301354046
144384,0.004874634564920751
144640,0.004870713314789545
144896,0.004866711491025506
145152,0.004862672066232812
145408,0.004858793788705783
145664,0.0048548027080927885
145920,0.004850645108638606
146176,0.004846654028025611
146432,0.004842496428571428
146688,0.0048381991681536686
146944,0.00483405231185053
147200,0.004830141804870369
147456,0.004826070150624541
147712,0.004822079070011545
147968,0.004817985929463629
148224,0.0048139142752178015
148480,0.004809740561037053
148736,0.004805550732129737
148992,0.004801419990553165
149248,0.004797353707882859
149504,0.004793287425212554
149760,0.004789296344599558
150016,0.004785412695497008
150272,0.0047814162433084915
150528,0.004777221042825653
150784,0.004773272934816836
151040,0.004769367799412196
151296,0.004765263915713236
151552,0.004761213747769497
151808,0.004757104492495013
152064,0.0047530758108533635
152320,0.004748821523039781
152576,0.004744513519470977
152832,0.004740398892620972
153088,0.004736332609950667
153344,0.004732207239949616
153600,0.004728097984675134
153856,0.0047240263304293055
154112,0.004719600152199013
154368,0.004715823934606907
154624,0.004711628734124068
154880,0.004707551708302718
155136,0.004703324278366746
155392,0.004699080733704208
155648,0.004694912391098982
155904,0.004690770906371365
156160,0.004686613306917183
156416,0.004682418106434344
156672,0.004678378681641649
156928,0.00467435
157184,0.004670199892939678
157440,0.004666010947979059
157696,0.004661899678819035
157952,0.004657538737442814
158208,0.004653194440881007
158464,0.004648900078762439
158720,0.004644078630854124
158976,0.004638857707399896
159232,0.004634369155779842
159488,0.004630047052303919
159744,0.004625874752157714
160000,0.004621519359052965
160256,0.004617241641748809
160512,0.004612958376173183
160768,0.004608519758996368
161024,0.0046040700452766115
161280,0.004599664717728624
161536,0.004595281583266519
161792,0.004591042703862661
162048,0.004586720600386738
162304,0.004582448431354054
162560,0.004578259486393435
162816,0.004573776483044852
163072,0.004568855166250059
163328,0.004562086275055417
163584,0.004557997198981276
163840,0.004556943027401783
164096,0.004556931930858841
164352,0.00455692638258737
164608,0.00455692638258737
164864,0.00455692638258737
165120,0.00455692638258737
165376,0.00455692638258737
165632,0.00455692638258737
165888,0.00455692638258737
166144,0.00455692638258737
166400,0.00455692638258737
166656,0.00455692638258737
166912,0.00455692638258737
167168,0.00455692638258737
167424,0.00455692638258737
167680,0.00455692638258737
167936,0.00455692638258737
168192,0.00455692638258737
168448,0.00455692638258737
168704,0.00455692638258737
168960,0.00455692638258737
169216,0.00455692638258737
169472,0.00455692638258737
169728,0.00455692638258737
169984,0.00455692638258737
170240,0.00455692638258737
170496,0.00455692638258737
170752,0.00455692638258737
171008,0.00455692638258737
171264,0.00455692638258737
171520,0.00455692638258737
171776,0.00455692638258737
172032,0.00455692638258737
172288,0.00455692638258737
172544,0.00455692638258737
172800,0.00455692638258737
173056,0.00455692638258737
173312,0.00455692638258737
173568,0.004556915286044428
173824,0.004556904189501485
174080,0.004556893092958544
174336,0.0045568819964156015
174592,0.0045568653516011885
174848,0.0045568487067867754
175104,0.004556837610243834
175360,0.004556826513700892
175616,0.004556809868886478
175872,0.004556804320615007
176128,0.004556793224072065
176384,0.004556793224072065
176640,0.004556793224072065
176896,0.004556793224072065
177152,0.004556793224072065
177408,0.004556793224072065
177664,0.004556793224072065
177920,0.004556793224072065
178176,0.004556793224072065
178432,0.004556793224072065
178688,0.004556793224072065
178944,0.004556793224072065
179200,0.004556793224072065
179456,0.004556793224072065
179712,0.004556793224072065
179968,0.004556793224072065
180224,0.004556793224072065
180480,0.004556793224072065
180736,0.004556793224072065
180992,0.004556793224072065
181248,0.004556793224072065
181504,0.004556793224072065
181760,0.004556787675800594
182016,0.004556782127529123
182272,0.004556754386171768
182528,0.004556743289628826
182784,0.004556721096542943
183040,0.00455671
183296,0.004556696849315069
183552,0.00455668698630137
183808,0.004556677123287671
184064,0.004556673835616439
184320,0.004556670547945205
184576,0.004556667260273973
184832,0.004556657397260274
185088,0.004556657397260274
185344,0.004556657397260274
185600,0.004556657397260274
185856,0.004556657397260274
186112,0.004556657397260274
186368,0.004556657397260274
186624,0.004556657397260274
186880,0.004556657397260274
187136,0.004556657397260274
187392,0.004556657397260274
187648,0.004556657397260274
187904,0.004556654109589041
188160,0.004556654109589041
188416,0.004556654109589041
188672,0.004556654109589041
188928,0.004556654109589041
189184,0.004556654109589041
189440,0.004556654109589041
189696,0.004556654109589041
189952,0.004556654109589041
190208,0.004556654109589041
190464,0.004556654109589041
190720,0.004556654109589041
190976,0.004556654109589041
191232,0.004556654109589041
191488,0.004556654109589041
191744,0.004556654109589041
192000,0.004556654109589041
192256,0.004556654109589041
192512,0.004556644246575343
192768,0.004556634383561644
193024,0.004556614657534247
193280,0.004556604794520548
193536,0.0045566015068493155
193792,0.00455659493150685
194048,0.004556585068493151
194304,0.004556578493150685
194560,0.004556578493150685
194816,0.004556571917808219
195072,0.004556558767123288
195328,0.004556548904109589
195584,0.004556548904109589
195840,0.004556548904109589
196096,0.004556548904109589
196352,0.004556548904109589
196608,0.004556548904109589
196864,0.004556548904109589
197120,0.004556548904109589
197376,0.004556548904109589
197632,0.004556548904109589
197888,0.004556548904109589
198144,0.004556548904109589
198400,0.004556548904109589
198656,0.004556548904109589
198912,0.004556548904109589
199168,0.004556548904109589
199424,0.004556548904109589
199680,0.004556548904109589
199936,0.004556548904109589
200192,0.004556548904109589
200448,0.004556548904109589
200704,0.0045565456164383565
200960,0.004556542328767123
201216,0.004556542328767123
201472,0.004556542328767123
201728,0.004556535753424657
201984,0.0045565226027397265
202240,0.004556509452054795
202496,0.004556499589041097
202752,0.004556486438356164
203008,0.004556483150684932
203264,0.004556479863013698
203520,0.004556476575342466
203776,0.0045564732876712324
204032,0.00455647
204288,0.00455647
204544,0.00455647
204800,0.00455647
205056,0.00455647
205312,0.00455647
205568,0.00455647
205824,0.00455647
206080,0.00455647
206336,0.00455647
206592,0.00455647
206848,0.00455647
207104,0.00455647
207360,0.00455647
207616,0.00455647
207872,0.00455647
208128,0.00455647
208384,0.00455647
208640,0.00455647
208896,0.00455647
209152,0.00455647
209408,0.00455647
209664,0.00455647
209920,0.00455647
210176,0.00455647
210432,0.00455647
210688,0.00455647
210944,0.00455647
211200,0.00455647
211456,0.00455647
211712,0.00455647
211968,0.00455647
212224,0.00455647
212480,0.00455647
212736,0.00455647
212992,0.00455647
213248,0.00455647
213504,0.00455647
213760,0.00455647
214016,0.00455647
214272,0.00455647
214528,0.00455647
214784,0.00455647
215040,0.00455647
215296,0.00455647
215552,0.00455647
215808,0.00455647
216064,0.00455647
216320,0.00455647
216576,0.00455647
216832,0.00455647
217088,0.0045564631578947365
217344,0.0045564631578947365
217600,0.0045564631578947365
217856,0.0045564631578947365
218112,0.0045564631578947365
218368,0.0045564631578947365
218624,0.0045564631578947365
218880,0.0045564631578947365
219136,0.0045564631578947365
219392,0.0045564631578947365
219648,0.0045564631578947365
219904,0.0045564631578947365
220160,0.0045564631578947365
220416,0.0045564631578947365
220672,0.0045564631578947365
220928,0.0045564631578947365
221184,0.0045564631578947365
221440,0.0045564631578947365
221696,0.0045564631578947365
221952,0.0045564631578947365
222208,0.0045564631578947365
222464,0.0045564631578947365
222720,0.0045564631578947365
222976,0.0045564631578947365
223232,0.0045564631578947365
223488,0.0045564631578947365
223744,0.0045564631578947365
224000,0.0045564631578947365
224256,0.0045564631578947365
224512,0.0045564631578947365
224768,0.0045564631578947365
225024,0.0045564631578947365
225280,0.0045564631578947365
225536,0.0045564631578947365
225792,0.0045564631578947365
226048,0.0045564631578947365
226304,0.0045564631578947365
226560,0.0045564631578947365
226816,0.0045564631578947365
227072,0.0045564631578947365
227328,0.0045564631578947365
227584,0.0045564631578947365
227840,0.0045564631578947365
228096,0.0045564631578947365
228352,0.0045564631578947365
228608,0.0045564631578947365
228864,0.0045564631578947365
229120,0.0045564631578947365
229376,0.0045564631578947365
229632,0.0045564631578947365
229888,0.0045564631578947365
230144,0.004556456315789474
230400,0.0045564494736842105
230656,0.004556428947368421
230912,0.004556401578947368
231168,0.004556387894736842
231424,0.004556387894736842
231680,0.004556381052631579
231936,0.004556367368421053
232192,0.004556353684210526
232448,0.004556346842105263
232704,0.00455634
232960,0.00455634
233216,0.00455634
233472,0.00455634
233728,0.00455634
233984,0.00455634
234240,0.00455634
234496,0.00455634
234752,0.00455634
235008,0.00455634
235264,0.00455634
235520,0.00455634
235776,0.00455634
236032,0.00455634
236288,0.00455634
236544,0.00455634
236800,0.00455634
237056,0.00455634
237312,0.00455634
237568,0.00455634
237824,0.00455634
238080,0.004556334929577465
238336,0.004556324788732394
238592,0.0045563045070422525
238848,0.004556284225352112
239104,0.004556269014084507
239360,0.004556253802816901
239616,0.004556248732394366
239872,0.0045562385915492954
240128,0.0045562284507042255
240384,0.004556218309859155
240640,0.00455621323943662
240896,0.004556208169014085
241152,0.004556208169014085
241408,0.004556208169014085
241664,0.004556208169014085
241920,0.004556208169014085
242176,0.004556208169014085
242432,0.004556208169014085
242688,0.004556208169014085
242944,0.004556208169014085
243200,0.004556208169014085
243456,0.00455620309859155
243712,0.004556198028169014
243968,0.004556198028169014
244224,0.004556198028169014
244480,0.004556198028169014
244736,0.004556198028169014
244992,0.004556198028169014
245248,0.004556198028169014
245504,0.004556198028169014
245760,0.004556198028169014
246016,0.004556198028169014
246272,0.004556198028169014
246528,0.004556198028169014
246784,0.004556198028169014
247040,0.004556198028169014
247296,0.004556198028169014
247552,0.004556198028169014
247808,0.004556198028169014
248064,0.004556198028169014
248320,0.004556198028169014
248576,0.004556187887323944
248832,0.004556177746478873
249088,0.0045561625352112676
249344,0.004556147323943662
249600,0.004556142253521127
249856,0.004556137183098591
250112,0.004556127042253521
250368,0.00455611690140845
250624,0.004556111830985915
250880,0.004556111830985915
251136,0.004556101690140845
251392,0.00455608647887324
251648,0.004556081408450705
251904,0.004556081408450705
252160,0.004556081408450705
252416,0.004556081408450705
252672,0.004556081408450705
252928,0.004556081408450705
253184,0.004556081408450705
253440,0.004556081408450705
253696,0.004556081408450705
253952,0.004556081408450705
254208,0.004556081408450705
254464,0.004556081408450705
254720,0.004556081408450705
254976,0.004556081408450705
255232,0.004556081408450705
255488,0.004556081408450705
255744,0.004556081408450705
256000,0.004556081408450705
256256,0.004556081408450705
256512,0.004556081408450705
256768,0.004556081408450705
257024,0.004556081408450705
257280,0.004556081408450705
257536,0.00455607633802817
257792,0.004556066197183099
258048,0.004556050985915493
258304,0.004556040845070423
258560,0.0045560307042253525
258816,0.0045560256338028175
259072,0.004556020563380282
259328,0.004556020563380282
259584,0.004556015492957747
259840,0.004556010422535211
260096,0.004556000281690141
260352,0.00455599014084507
260608,0.004555985070422535
260864,0.00455598
261120,0.00455598
