cache_lines,MRC
256,0.04024760000000001
512,0.040161600000000006
768,0.0401556
1024,0.013142000000000001
1280,0.013141700000000006
1536,0.013124900000000009
1792,0.010894899999999999
2048,0.01089480000000001
2304,0.010886300000000002
2560,0.010886300000000002
2816,0.010884700000000011
3072,0.01088030000000001
3328,0.01088030000000001
3584,0.010877800000000007
3840,0.010877800000000007
4096,0.010877800000000007
4352,0.01087550000000001
4608,0.010843500000000006
4864,0.010768400000000011
5120,0.010694800000000004
5376,0.010645500000000002
5632,0.010602
5888,0.010560800000000009
6144,0.010518700000000006
6400,0.01047640000000001
6656,0.010439500000000004
6912,0.01039820000000001
7168,0.010356600000000007
7424,0.010314000000000004
7680,0.010274400000000003
7936,0.010234000000000007
8192,0.01019260000000001
8448,0.01015060000000001
8704,0.010108200000000012
8960,0.010067500000000007
9216,0.010025100000000009
9472,0.009981900000000002
9728,0.009941400000000003
9984,0.009900500000000007
10240,0.009860800000000003
10496,0.009819600000000012
10752,0.00977560000000001
11008,0.009735900000000006
11264,0.009694100000000011
11520,0.009655400000000008
11776,0.009614700000000004
12032,0.009574100000000002
12288,0.009529300000000004
12544,0.009487900000000007
12800,0.009445599999999998
13056,0.009403300000000003
13312,0.0093617
13568,0.009240300000000007
13824,0.009180800000000003
14080,0.009139300000000003
14336,0.009097400000000005
14592,0.009056000000000008
14848,0.009011000000000005
15104,0.00896870000000001
15360,0.008928600000000009
15616,0.0088873
15872,0.008845800000000001
16128,0.008803400000000003
16384,0.008765100000000012
16640,0.008724300000000004
16896,0.008678000000000005
17152,0.008634200000000009
17408,0.008593900000000002
17664,0.00854880000000001
17920,0.0085065
18176,0.008465200000000006
18432,0.00841850000000001
18688,0.008377900000000008
18944,0.008335300000000004
19200,0.008293000000000009
19456,0.008249199999999998
19712,0.008204200000000009
19968,0.0081595
20224,0.008114900000000008
20480,0.0080712
20736,0.0080292
20992,0.007986900000000005
21248,0.007942900000000003
21504,0.007901100000000008
21760,0.00785920000000001
22016,0.007816799999999999
22272,0.0077739
22528,0.0077324
22784,0.007688200000000006
23040,0.007644600000000001
23296,0.007602200000000003
23552,0.007556800000000002
23808,0.007519000000000012
24064,0.007475099999999998
24320,0.007433900000000007
24576,0.007391800000000004
24832,0.007348400000000005
25088,0.007303900000000002
25344,0.0072591000000000044
25600,0.007217500000000002
25856,0.007171200000000003
26112,0.007129200000000002
26368,0.011041009999999997
26624,0.011000409999999995
26880,0.010957710000000002
27136,0.010913310000000002
27392,0.010870010000000006
27648,0.010825610000000006
27904,0.01078341
28160,0.010740010000000001
28416,0.010701410000000001
28672,0.010658110000000005
28928,0.01061351
29184,0.010569210000000002
29440,0.010525009999999994
29696,0.010483410000000006
29952,0.01043931
30208,0.010394010000000002
30464,0.010351510000000001
30720,0.010307809999999994
30976,0.010261609999999997
31232,0.010218910000000005
31488,0.010175010000000005
31744,0.010132110000000007
32000,0.010088309999999996
32256,0.010043009999999998
32512,0.009999410000000007
32768,0.009953609999999995
33024,0.009910910000000002
33280,0.009865710000000007
33536,0.009823309999999995
33792,0.009777310000000004
34048,0.009735909999999993
34304,0.009691810000000002
34560,0.009649410000000004
34816,0.009605110000000007
35072,0.009561309999999996
35328,0.009517909999999997
35584,0.009473710000000003
35840,0.009430009999999996
36096,0.009386910000000005
36352,0.009345109999999997
36608,0.009299209999999995
36864,0.00925401
37120,0.009205310000000001
37376,0.009161510000000005
37632,0.009116809999999996
37888,0.009076709999999995
38144,0.009032909999999998
38400,0.008987810000000006
38656,0.008942209999999999
38912,0.008896510000000003
39168,0.008852809999999996
39424,0.008806109999999999
39680,0.008761510000000007
39936,0.00871881
40192,0.008675709999999996
40448,0.008633910000000002
40704,0.008593410000000003
40960,0.008550010000000004
41216,0.008504409999999997
41472,0.008458509999999995
41728,0.008413109999999994
41984,0.008367309999999996
42240,0.008317810000000002
42496,0.008274209999999997
42752,0.008230209999999995
43008,0.008184409999999996
43264,0.008138910000000006
43520,0.008094609999999995
43776,0.00804941
44032,0.008004809999999994
44288,0.007958109999999997
44544,0.007914109999999995
44800,0.007867809999999996
45056,0.007822710000000004
45312,0.007776410000000004
45568,0.007731209999999995
45824,0.00768841
46080,0.007647709999999995
46336,0.007601710000000005
46592,0.0075544100000000045
46848,0.007511209999999997
47104,0.007464409999999998
47360,0.007418009999999996
47616,0.007371209999999996
47872,0.007324509999999999
48128,0.007279410000000007
48384,0.007234209999999998
48640,0.007188610000000005
48896,0.0071438099999999935
49152,0.007096810000000002
49408,0.00705041
49664,0.007002909999999994
49920,0.006956609999999995
50176,0.006913110000000007
50432,0.006868110000000004
50688,0.00682261
50944,0.006778009999999994
51200,0.006733709999999997
51456,0.006686909999999997
51712,0.006641109999999999
51968,0.006597109999999996
52224,0.0065515100000000034
52480,0.010637820000000006
52736,0.01059322
52992,0.010546920000000001
53248,0.010501720000000006
53504,0.010457220000000003
53760,0.010411920000000005
54016,0.01036442
54272,0.010317320000000005
54528,0.01027082
54784,0.010223319999999994
55040,0.010175619999999996
55296,0.010127120000000003
55552,0.010080119999999998
55808,0.010034020000000005
56064,0.009989020000000001
56320,0.009942720000000002
56576,0.009895020000000004
56832,0.009848019999999999
57088,0.009800719999999999
57344,0.009756620000000008
57600,0.00970952
57856,0.009660420000000003
58112,0.009612120000000002
58368,0.009564820000000002
58624,0.009520920000000002
58880,0.009472920000000003
59136,0.00942552
59392,0.009376219999999998
59648,0.009333420000000002
59904,0.009287219999999999
60160,0.009238320000000001
60416,0.00918762
60672,0.009141820000000002
60928,0.009095119999999998
61184,0.009045120000000004
61440,0.00899962
61696,0.008951519999999998
61952,0.008903620000000001
62208,0.008858020000000001
62464,0.00880922
62720,0.00876412
62976,0.00871442
63232,0.00866882
63488,0.008623220000000001
63744,0.008578620000000002
64000,0.008532020000000001
64256,0.008485520000000003
64512,0.008436119999999998
64768,0.008390620000000001
65024,0.008340720000000003
65280,0.00829552
65536,0.00824722
65792,0.008199320000000003
66048,0.00815022
66304,0.00810102
66560,0.008051420000000004
66816,0.008002519999999999
67072,0.00795212
67328,0.007905019999999999
67584,0.00785632
67840,0.007805920000000001
68096,0.007758519999999998
68352,0.007711120000000002
68608,0.007663120000000002
68864,0.007614820000000001
69120,0.007563420000000001
69376,0.007515920000000002
69632,0.007465520000000003
69888,0.007419620000000002
70144,0.00739952
70400,0.007396420000000001
70656,0.007395220000000001
70912,0.00739422
71168,0.007393320000000002
71424,0.007392320000000001
71680,0.007391220000000004
71936,0.007390319999999999
72192,0.007274919999999997
72448,0.004847120000000003
72704,-5.239800000000003E-4
72960,-0.005654079999999999
73216,-0.010342280000000002
73472,-0.01475758
73728,-0.015426179999999998
73984,-0.015520479999999996
74240,-0.015539079999999997
74496,-0.015539579999999997
74752,-0.015540279999999997
75008,-0.015540680000000001
75264,-0.015541479999999996
75520,-0.015547480000000002
75776,-0.015610979999999997
76032,-0.015656080000000003
76288,-0.015688479999999998
76544,-0.015719579999999997
76800,-0.015752379999999996
77056,-0.015782579999999997
77312,-0.01581408
77568,-0.01586518
77824,-0.015922979999999996
78080,-0.01598028
78336,-0.016042179999999996
78592,0.009328929999999996
78848,0.009296329999999995
79104,0.009262329999999996
79360,0.00922773
79616,0.009199129999999996
79872,0.00916473
80128,0.009132930000000001
80384,0.009101129999999995
80640,0.00907113
80896,0.00903683
81152,0.009005629999999997
81408,0.008970829999999996
81664,0.008938029999999996
81920,0.008906729999999998
82176,0.008875230000000001
82432,0.008843229999999997
82688,0.00881293
82944,0.00877843
83200,0.008745029999999997
83456,0.00871253
83712,0.008680629999999998
83968,0.00865003
84224,0.00861673
84480,0.00858513
84736,0.008550329999999998
84992,0.008515729999999996
85248,0.008483229999999998
85504,0.008447929999999996
85760,0.008415530000000001
86016,0.00838243
86272,0.008347730000000001
86528,0.008313829999999998
86784,0.00828133
87040,0.008248129999999996
87296,0.00821283
87552,0.008179829999999996
87808,0.00814623
88064,0.008113229999999996
88320,0.008080429999999996
88576,0.008046229999999998
88832,0.008013629999999997
89088,0.007978530000000001
89344,0.00794663
89600,0.007912929999999995
89856,0.00788003
90112,0.00784773
90368,0.007812629999999997
90624,0.007778629999999998
90880,0.00774613
91136,0.0077107299999999955
91392,0.007677529999999998
91648,0.007646730000000001
91904,0.007614729999999997
92160,0.007580630000000001
92416,0.00754633
92672,0.007512830000000002
92928,0.00748043
93184,0.007444629999999997
93440,0.007412529999999997
93696,0.0073787299999999965
93952,0.007344729999999997
94208,0.00731153
94464,0.0072788299999999966
94720,0.007243829999999996
94976,0.00720993
95232,0.007174129999999997
95488,0.007140829999999997
95744,0.007107829999999999
96000,0.007074529999999999
96256,0.007041329999999995
96512,0.0070085299999999955
96768,0.0069741299999999985
97024,0.006940229999999995
97280,0.006904730000000001
97536,0.006871729999999996
97792,0.006838130000000001
98048,0.006803929999999996
98304,0.00677003
98560,0.006737129999999997
98816,0.0067027300000000005
99072,0.006670329999999999
99328,0.006636029999999998
99584,0.006600229999999995
99840,0.006563429999999999
100096,0.006528429999999998
100352,0.00649423
100608,0.006459030000000001
100864,0.006424429999999998
101120,0.00638903
101376,0.006352529999999999
101632,0.006315529999999996
101888,0.006279829999999997
102144,0.006244030000000001
102400,0.006208729999999999
102656,0.006174829999999996
102912,0.006142129999999999
103168,0.006106730000000001
103424,0.006072230000000001
103680,0.006037230000000001
103936,0.006000829999999995
104192,0.00596503
104448,0.005929630000000002
104704,0.007093010000000004
104960,0.007058109999999999
105216,0.007022510000000003
105472,0.00698961
105728,0.006953810000000005
105984,0.006917810000000003
106240,0.006881210000000006
106496,0.006844510000000005
106752,0.006808910000000001
107008,0.006776610000000002
107264,0.006738510000000003
107520,0.00670171
107776,0.0066664100000000046
108032,0.006632410000000005
108288,0.006597110000000003
108544,0.006561310000000001
108800,0.006524710000000003
109056,0.006488710000000002
109312,0.006452110000000004
109568,0.006415110000000002
109824,0.00636921
110080,0.006317110000000001
110336,0.006299910000000006
110592,0.00629971
110848,0.006299610000000004
111104,0.006298910000000005
111360,0.006284610000000003
111616,0.006127110000000005
111872,0.00559921
112128,0.005332910000000003
112384,0.0052983100000000005
112640,0.005295810000000005
112896,0.005295710000000002
113152,0.005295610000000006
113408,0.00529541
113664,0.005295110000000006
113920,0.005293410000000005
114176,0.005289710000000003
114432,0.005289410000000001
114688,0.005289310000000005
114944,0.0052892100000000025
115200,0.00528911
115456,0.005288810000000005
115712,0.005287710000000001
115968,0.005282510000000004
116224,0.005277410000000003
116480,0.005276910000000003
116736,0.005276710000000004
116992,0.005276610000000001
117248,0.005276410000000002
117504,0.005276309999999999
117760,0.005276309999999999
118016,0.0052761100000000005
118272,0.00527561
118528,0.005275310000000005
118784,0.005275310000000005
119040,0.0052751099999999995
119296,0.0052751099999999995
119552,0.005274910000000001
119808,0.005274810000000005
120064,0.005274610000000006
120320,0.005274310000000004
120576,0.005274310000000004
120832,0.0052741100000000055
121088,0.005273810000000004
121344,0.005273710000000001
121600,0.005273310000000003
121856,0.005272810000000003
122112,0.005272410000000005
122368,0.005272010000000001
122624,0.005271710000000006
122880,0.00527151
123136,0.005271310000000001
123392,0.0052711100000000025
123648,0.005270810000000001
123904,0.005270610000000002
124160,0.005270410000000003
124416,0.005270210000000004
124672,0.005269910000000003
124928,0.005269610000000001
125184,0.005269210000000003
125440,0.005268810000000006
125696,0.00526861
125952,0.005268310000000005
126208,0.0052680100000000035
126464,0.005267710000000002
126720,0.005267510000000003
126976,0.005267210000000001
127232,0.005266810000000004
127488,0.005266710000000001
127744,0.005266410000000006
128000,0.00526621
128256,0.005265810000000003
128512,0.005265410000000005
128768,0.005265110000000003
129024,0.0052650100000000005
129280,0.005264710000000006
129536,0.00526451
129792,0.005264310000000001
130048,0.0052640099999999995
130304,0.005263810000000001
130560,0.005263710000000005
130816,0.0048963900000000005
131072,0.004896190000000002
131328,0.00489589
131584,0.004895589999999998
131840,0.0048953899999999995
132096,0.004895089999999998
132352,0.004894790000000003
132608,0.004894490000000001
132864,0.0048942900000000025
133120,0.00489419
133376,0.004893990000000001
133632,0.004893689999999999
133888,0.0048932900000000015
134144,0.004892889999999997
134400,0.004892689999999998
134656,0.004892390000000003
134912,0.004891989999999999
135168,0.004891689999999997
135424,0.0048912899999999995
135680,0.004890989999999998
135936,0.004890789999999999
136192,0.00489059
136448,0.004890390000000001
136704,0.0048902899999999985
136960,0.004890190000000003
137216,0.004889989999999997
137472,0.004889890000000001
137728,0.004889789999999998
137984,0.004889490000000003
138240,0.004889089999999999
138496,0.004888690000000001
138752,0.004888490000000002
139008,0.004888190000000001
139264,0.004887490000000001
139520,0.004886790000000002
139776,0.004886590000000003
140032,0.00488649
140288,0.004886189999999999
140544,0.004885790000000001
140800,0.004885590000000002
141056,0.0048852900000000005
141312,0.004885090000000002
141568,0.004884890000000003
141824,0.004884890000000003
142080,0.00488479
142336,0.004884689999999997
142592,0.004884489999999998
142848,0.0048842899999999995
143104,0.004883989999999998
143360,0.004883789999999999
143616,0.00488359
143872,0.004883390000000001
144128,0.0048831900000000025
144384,0.00488309
144640,0.004882589999999999
144896,0.004880990000000002
145152,0.004878090000000002
145408,0.004877590000000001
145664,0.004877590000000001
145920,0.004877590000000001
146176,0.00486719
146432,0.004820190000000002
146688,0.004753489999999999
146944,0.004708790000000001
147200,0.00467499
147456,0.004673090000000001
147712,0.00467279
147968,0.00467279
148224,0.00467279
148480,0.004672590000000001
148736,0.0046723899999999985
148992,0.004671689999999999
149248,0.0046712900000000016
149504,0.0046712900000000016
149760,0.0046712900000000016
150016,0.0046712900000000016
150272,0.0046712900000000016
150528,0.004671189999999999
150784,0.004670790000000001
151040,0.0046702900000000006
151296,0.004670090000000002
151552,0.004669989999999999
151808,0.00466979
152064,0.004669690000000001
152320,0.004669690000000001
152576,0.004669690000000001
152832,0.004669690000000001
153088,0.004669690000000001
153344,0.004669690000000001
153600,0.004669690000000001
153856,0.004669590000000001
154112,0.004669590000000001
154368,0.004669590000000001
154624,0.004669590000000001
154880,0.004669590000000001
155136,0.004669590000000001
155392,0.004669590000000001
155648,0.004669590000000001
155904,0.004669590000000001
156160,0.004669590000000001
156416,0.004669590000000001
156672,0.004669590000000001
156928,0.004559050000000002
157184,0.004559050000000002
157440,0.004559050000000002
157696,0.004558949999999999
157952,0.00455885
158208,0.00455875
158464,0.00455875
158720,0.00455875
158976,0.00455875
159232,0.00455875
159488,0.00455875
159744,0.00455875
160000,0.00455875
160256,0.00455875
160512,0.00455875
160768,0.004558650000000001
161024,0.004558650000000001
161280,0.004558650000000001
161536,0.004558650000000001
161792,0.004558650000000001
162048,0.004558650000000001
162304,0.0045585500000000015
162560,0.0045585500000000015
162816,0.004558449999999999
163072,0.004558349999999999
163328,0.004558349999999999
163584,0.00455825
163840,0.00455815
164096,0.004558050000000001
164352,0.004557950000000002
164608,0.004557849999999999
164864,0.004557849999999999
165120,0.004557849999999999
165376,0.004557849999999999
165632,0.004557849999999999
165888,0.004557849999999999
166144,0.004557849999999999
166400,0.004557749999999999
166656,0.004557749999999999
166912,0.004557749999999999
167168,0.004557749999999999
167424,0.004557749999999999
167680,0.004557749999999999
167936,0.004557749999999999
168192,0.00455765
168448,0.004557450000000001
168704,0.004557249999999999
168960,0.00455705
169216,0.00455705
169472,0.00455705
169728,0.004556950000000001
169984,0.004556950000000001
170240,0.004556950000000001
170496,0.004556950000000001
170752,0.004556950000000001
171008,0.004556950000000001
171264,0.004556950000000001
171520,0.004556850000000001
171776,0.004556850000000001
172032,0.004556750000000002
172288,0.004556750000000002
172544,0.004556750000000002
172800,0.004556750000000002
173056,0.004556750000000002
173312,0.004556750000000002
173568,0.004556750000000002
173824,0.004556649999999999
174080,0.004556350000000001
174336,0.004556250000000001
174592,0.004556049999999999
174848,0.004556049999999999
175104,0.004556049999999999
175360,0.004556049999999999
175616,0.00455595
175872,0.00455595
176128,0.00455595
176384,0.00455595
176640,0.00455585
176896,0.004555750000000001
177152,0.004555750000000001
177408,0.004555750000000001
177664,0.004555750000000001
177920,0.004555750000000001
178176,0.004555750000000001
178432,0.004555750000000001
178688,0.004555750000000001
178944,0.004555750000000001
179200,0.004555750000000001
179456,0.004555550000000002
179712,0.0045550500000000015
179968,0.004554849999999999
180224,0.004554849999999999
180480,0.004554849999999999
180736,0.004554849999999999
180992,0.0045544500000000016
181248,0.004553749999999999
181504,0.004552150000000001
181760,0.004549850000000001
182016,0.00454885
182272,0.00454885
182528,0.00454885
182784,0.00454885
183040,0.004561800000000001
183296,0.004561800000000001
183552,0.0045608
183808,0.0045591
184064,0.004558300000000001
184320,0.004558300000000001
184576,0.004558300000000001
184832,0.004558300000000001
185088,0.004558100000000002
185344,0.004557700000000001
185600,0.0045575000000000025
185856,0.0045575000000000025
186112,0.004557400000000003
186368,0.004557400000000003
186624,0.004557400000000003
186880,0.004557400000000003
187136,0.004557400000000003
187392,0.004557400000000003
187648,0.0045573
187904,0.0045573
188160,0.0045573
188416,0.0045573
188672,0.0045573
188928,0.0045573
189184,0.0045573
189440,0.0045573
189696,0.0045573
189952,0.004557200000000001
190208,0.004557200000000001
190464,0.004557200000000001
190720,0.004557200000000001
190976,0.004557200000000001
191232,0.004557200000000001
191488,0.004557100000000001
191744,0.004557000000000002
192000,0.004556900000000003
192256,0.0045568
192512,0.0045567
192768,0.0045567
193024,0.0045567
193280,0.0045567
193536,0.0045567
193792,0.0045567
194048,0.0045567
194304,0.0045567
194560,0.0045567
194816,0.0045567
195072,0.0045567
195328,0.0045567
195584,0.0045567
195840,0.004556600000000001
196096,0.004556600000000001
196352,0.004556600000000001
196608,0.004556600000000001
196864,0.004556600000000001
197120,0.0045565000000000015
197376,0.0045565000000000015
197632,0.004556400000000002
197888,0.004556300000000003
198144,0.0045562
198400,0.0045561
198656,0.0045561
198912,0.004556000000000001
199168,0.004556000000000001
199424,0.004556000000000001
199680,0.004556000000000001
199936,0.004556000000000001
200192,0.004555900000000002
200448,0.004555900000000002
200704,0.004555900000000002
200960,0.004555900000000002
201216,0.004555900000000002
201472,0.004555900000000002
201728,0.004555900000000002
201984,0.004555900000000002
202240,0.004555800000000002
202496,0.004555700000000003
202752,0.0045556
203008,0.0045555000000000005
203264,0.0045555000000000005
203520,0.004555400000000001
203776,0.004555400000000001
204032,0.004555300000000002
204288,0.004555200000000002
204544,0.004555100000000003
204800,0.004555100000000003
205056,0.004555100000000003
205312,0.004555100000000003
205568,0.004555100000000003
205824,0.004555100000000003
206080,0.004555100000000003
206336,0.004555100000000003
206592,0.004555100000000003
206848,0.004555100000000003
207104,0.004555100000000003
207360,0.004555100000000003
207616,0.004555100000000003
207872,0.004555100000000003
208128,0.004555100000000003
208384,0.004555100000000003
208640,0.004555
208896,0.004554900000000001
209152,0.00456117
209408,0.00456117
209664,0.00456117
209920,0.00456107
210176,0.00456107
210432,0.00456107
210688,0.00456107
210944,0.00456107
211200,0.00456107
211456,0.00456107
211712,0.00456107
211968,0.00456107
212224,0.00456107
212480,0.00456107
212736,0.00456107
212992,0.00456107
213248,0.00456107
213504,0.00456107
213760,0.00456107
214016,0.00456107
214272,0.004559870000000001
214528,0.004558570000000001
214784,0.004558470000000002
215040,0.004558470000000002
215296,0.004558470000000002
215552,0.004558470000000002
215808,0.004558369999999999
216064,0.00455827
216320,0.004557870000000002
216576,0.00455757
216832,0.00455757
217088,0.00455757
217344,0.00455757
217600,0.00455757
217856,0.004557470000000001
218112,0.0045573700000000016
218368,0.0045573700000000016
218624,0.0045573700000000016
218880,0.0045573700000000016
219136,0.004557270000000002
219392,0.004557270000000002
219648,0.004557270000000002
219904,0.004557270000000002
220160,0.004557270000000002
220416,0.004557169999999999
220672,0.00455707
220928,0.0045569700000000005
221184,0.004556770000000002
221440,0.004556670000000002
221696,0.00455647
221952,0.00455647
222208,0.00455647
222464,0.00455647
222720,0.00455647
222976,0.00455647
223232,0.00455647
223488,0.00455647
223744,0.00455647
224000,0.00455647
224256,0.00455647
224512,0.00455647
224768,0.00455647
225024,0.00455647
225280,0.00455647
225536,0.00455647
225792,0.00455647
226048,0.00455647
226304,0.0045563700000000006
226560,0.0045563700000000006
226816,0.004556270000000001
227072,0.004556270000000001
227328,0.004556270000000001
227584,0.004556170000000002
227840,0.004556170000000002
228096,0.004556170000000002
228352,0.004556170000000002
228608,0.004556170000000002
228864,0.004556170000000002
229120,0.004556170000000002
229376,0.004556170000000002
229632,0.004556170000000002
229888,0.004556170000000002
230144,0.004556170000000002
230400,0.004556170000000002
230656,0.004556170000000002
230912,0.004556170000000002
231168,0.004556170000000002
231424,0.004556170000000002
231680,0.004556170000000002
231936,0.004556170000000002
232192,0.0045559699999999995
232448,0.00455587
232704,0.004555770000000001
232960,0.004555670000000001
233216,0.004555570000000002
233472,0.004555469999999999
233728,0.004555469999999999
233984,0.0045553699999999996
234240,0.0045553699999999996
234496,0.00455527
234752,0.00455527
235008,0.00455527
235264,0.004557479999999999
235520,0.00455738
235776,0.00455728
236032,0.00455728
236288,0.0045571799999999975
236544,0.0045571799999999975
236800,0.0045571799999999975
237056,0.0045571799999999975
237312,0.004557079999999998
237568,0.004556979999999999
237824,0.004556979999999999
238080,0.004556879999999999
238336,0.00455678
238592,0.0045566800000000005
238848,0.004556479999999998
239104,0.004556379999999999
239360,0.004556379999999999
239616,0.004556379999999999
239872,0.004556379999999999
240128,0.004556379999999999
240384,0.004556379999999999
240640,0.004556379999999999
240896,0.004556379999999999
241152,0.004556379999999999
241408,0.004556279999999999
241664,0.004556279999999999
241920,0.004556279999999999
242176,0.004556279999999999
242432,0.004556279999999999
242688,0.004556279999999999
242944,0.004556279999999999
243200,0.004556279999999999
243456,0.004556279999999999
243712,0.004556279999999999
243968,0.00455618
244224,0.00455618
244480,0.00455618
244736,0.0045560800000000005
244992,0.0045560800000000005
245248,0.0045560800000000005
245504,0.0045560800000000005
245760,0.0045560800000000005
246016,0.0045560800000000005
246272,0.0045560800000000005
246528,0.0045560800000000005
246784,0.0045560800000000005
247040,0.0045560800000000005
247296,0.0045560800000000005
247552,0.0045560800000000005
247808,0.0045560800000000005
248064,0.0045560800000000005
248320,0.0045560800000000005
248576,0.0045560800000000005
248832,0.0045560800000000005
249088,0.004555979999999998
249344,0.004555979999999998
249600,0.004555979999999998
249856,0.004555979999999998
250112,0.004555979999999998
250368,0.004555879999999998
250624,0.0045556799999999995
250880,0.004555279999999998
251136,0.004554279999999997
251392,0.004553579999999998
251648,0.004553579999999998
251904,0.004553579999999998
252160,0.004553579999999998
252416,0.004553479999999999
252672,0.004553479999999999
252928,0.004553479999999999
253184,0.004553379999999999
253440,0.004553379999999999
253696,0.004553379999999999
253952,0.004553379999999999
254208,0.004553379999999999
254464,0.004553379999999999
254720,0.004553379999999999
254976,0.004553379999999999
255232,0.00455318
255488,0.0045530799999999975
255744,0.004552979999999998
256000,0.004552879999999999
256256,0.004552879999999999
256512,0.004552779999999999
256768,0.004552779999999999
257024,0.00455268
257280,0.00455268
257536,0.00455268
257792,0.00455268
258048,0.00455268
258304,0.00455268
258560,0.00455268
258816,0.00455268
259072,0.00455268
259328,0.00455268
259584,0.00455268
259840,0.00455268
260096,0.00455268
260352,0.00455268
260608,0.00455268
260864,0.0045525800000000005
261120,0.004552479999999998
