cache_lines,MRC
256,0.026744080000000003
512,0.02673598
768,0.02673338
1024,0.02673288
1280,0.026732480000000003
1536,0.010732779999999997
1792,0.010732779999999997
2048,0.010732680000000001
2304,0.010661879999999999
2560,0.010623479999999998
2816,0.010623479999999998
3072,0.010623479999999998
3328,0.010618780000000001
3584,0.01061608
3840,0.01061608
4096,0.01061608
4352,0.010614079999999998
4608,0.010614079999999998
4864,0.010614079999999998
5120,0.01061268
5376,0.01061268
5632,0.01061268
5888,0.010606879999999999
6144,0.010559180000000001
6400,0.010522179999999999
6656,0.01048338
6912,0.010459780000000002
7168,0.010443880000000003
7424,0.010428279999999998
7680,0.010411980000000001
7936,0.010395479999999999
8192,0.010379180000000002
8448,0.010361880000000004
8704,0.010344279999999997
8960,0.010328379999999998
9216,0.010313580000000003
9472,0.01029658
9728,0.010279379999999998
9984,0.01026308
10240,0.010246780000000004
10496,0.010229479999999999
10752,0.010214180000000003
11008,0.010197379999999999
11264,0.010180580000000002
11520,0.010162980000000002
11776,0.01014638
12032,0.01012898
12288,0.010113280000000002
12544,0.01009678
12800,0.010078779999999999
13056,0.010061880000000002
13312,0.010044980000000002
13568,0.01002728
13824,0.010011080000000002
14080,0.009994180000000002
14336,0.009977280000000002
14592,0.009959080000000002
14848,0.00994188
15104,0.009924780000000001
15360,0.009905980000000002
15616,0.00988998
15872,0.00987348
16128,0.00985538
16384,0.009839480000000001
16640,0.00982218
16896,0.00980418
17152,0.009781680000000001
17408,0.009679380000000001
17664,0.00966198
17920,0.00964388
18176,0.009626180000000002
18432,0.00960838
18688,0.00959008
18944,0.00957278
19200,0.009556080000000002
19456,0.009538979999999999
19712,0.00952238
19968,0.00950488
20224,0.009486979999999999
20480,0.00946988
20736,0.009453079999999999
20992,0.009435080000000002
21248,0.00941728
21504,0.00940048
21760,0.00938398
22016,0.009366280000000001
22272,0.009348580000000002
22528,0.00933258
22784,0.009315480000000001
23040,0.00929858
23296,0.009281580000000001
23552,0.00926428
23808,0.009246480000000001
24064,0.009229580000000001
24320,0.00921338
24576,0.009195480000000002
24832,0.009177980000000002
25088,0.00916138
25344,0.00914318
25600,0.00912628
25856,0.00910778
26112,0.009089780000000002
26368,0.00907328
26624,0.00905618
26880,0.00903878
27136,0.00902168
27392,0.009004080000000001
27648,0.00898628
27904,0.008967880000000001
28160,0.00895218
28416,0.008934480000000002
28672,0.008917480000000002
28928,0.00889918
29184,0.008881880000000002
29440,0.00886298
29696,0.00884528
29952,0.00882718
30208,0.008809480000000001
30464,0.00879228
30720,0.008775480000000002
30976,0.008757480000000002
31232,0.008739380000000001
31488,0.008721679999999999
31744,0.008703680000000002
32000,0.00868588
32256,0.00866888
32512,0.00865138
32768,0.008633480000000002
33024,0.00861578
33280,0.00859708
33536,0.00858028
33792,0.00856368
34048,0.008546580000000002
34304,0.00852818
34560,0.00851018
34816,0.008493380000000002
35072,0.008475280000000002
35328,0.008457680000000002
35584,0.008440280000000001
35840,0.008420480000000001
36096,0.00840258
36352,0.008385280000000002
36608,0.008366580000000002
36864,0.008349080000000002
37120,0.00833248
37376,0.00831368
37632,0.00829678
37888,0.00827978
38144,0.00826128
38400,0.00824368
38656,0.00822558
38912,0.00820728
39168,0.00818928
39424,0.008172080000000002
39680,0.008153480000000001
39936,0.008135380000000001
40192,0.00811798
40448,0.00810118
40704,0.00808348
40960,0.00806558
41216,0.00804798
41472,0.008029580000000001
41728,0.00801218
41984,0.007993380000000001
42240,0.007975079999999999
42496,0.00795808
42752,0.00794098
43008,0.00792238
43264,0.00790408
43520,0.007885780000000002
43776,0.00786848
44032,0.00785158
44288,0.00783418
44544,0.00781648
44800,0.007798280000000001
45056,0.00778098
45312,0.0077621800000000005
45568,0.007743780000000002
45824,0.007725880000000001
46080,0.007706580000000001
46336,0.007688779999999999
46592,0.007670679999999999
46848,0.007650880000000002
47104,0.007632380000000001
47360,0.007613979999999999
47616,0.007594280000000002
47872,0.00757588
48128,0.0075582800000000006
48384,0.00754028
48640,0.00752328
48896,0.00750518
49152,0.00748658
49408,0.007467379999999999
49664,0.007448679999999999
49920,0.007429979999999999
50176,0.007410679999999999
50432,0.007391680000000001
50688,0.007372880000000002
50944,0.0073549800000000005
51200,0.0073368800000000005
51456,0.007317480000000001
51712,0.0072990799999999995
51968,0.007280780000000001
52224,0.007261880000000002
52480,0.009924449999999998
52736,0.00990645
52992,0.00988795
53248,0.00986925
53504,0.00985035
53760,0.009830849999999999
54016,0.00981255
54272,0.009794649999999998
54528,0.009776549999999998
54784,0.00975655
55040,0.009737949999999999
55296,0.00971855
55552,0.00969985
55808,0.009681249999999999
56064,0.009661549999999998
56320,0.009643949999999998
56576,0.009624749999999998
56832,0.009605949999999999
57088,0.00958535
57344,0.00956775
57600,0.009548649999999999
57856,0.00953025
58112,0.009510849999999998
58368,0.00949185
58624,0.00947125
58880,0.009451749999999998
59136,0.00943205
59392,0.00941395
59648,0.009396249999999998
59904,0.009376949999999998
60160,0.009358149999999999
60416,0.00933765
60672,0.009318549999999998
60928,0.009299749999999999
61184,0.009281049999999999
61440,0.00926155
61696,0.009242049999999998
61952,0.009222850000000001
62208,0.00920265
62464,0.00918395
62720,0.009165449999999999
62976,0.009144949999999999
63232,0.00912555
63488,0.009105849999999999
63744,0.009086750000000001
64000,0.009067450000000001
64256,0.00904905
64512,0.00902955
64768,0.00900995
65024,0.008990149999999999
65280,0.00897075
65536,0.00895145
65792,0.008932550000000001
66048,0.00891415
66304,0.008895049999999998
66560,0.008876249999999999
66816,0.00885665
67072,0.00883755
67328,0.00881755
67584,0.00879895
67840,0.008779349999999998
68096,0.008759549999999998
68352,0.008740849999999998
68608,0.00872115
68864,0.00870185
69120,0.00868325
69376,0.008664249999999998
69632,0.00864425
69888,0.00862495
70144,0.00860495
70400,0.008584350000000001
70656,0.00856475
70912,0.00854465
71168,0.008525249999999998
71424,0.008506050000000001
71680,0.00848705
71936,0.00846815
72192,0.00844885
72448,0.00842845
72704,0.00840875
72960,0.00838825
73216,0.00836905
73472,0.00834975
73728,0.008330649999999998
73984,0.00831165
74240,0.00829135
74496,0.00827135
74752,0.008251350000000001
75008,0.00823225
75264,0.00821245
75520,0.00819265
75776,0.00817265
76032,0.00815105
76288,0.008130249999999999
76544,0.00810955
76800,0.00808795
77056,0.00806815
77312,0.00804895
77568,0.00802905
77824,0.00800955
78080,0.007989650000000001
78336,0.007970749999999999
78592,0.007951449999999999
78848,0.007930650000000001
79104,0.007910150000000001
79360,0.007891449999999998
79616,0.00787175
79872,0.007851750000000001
80128,0.007831249999999998
80384,0.007810850000000001
80640,0.007791050000000001
80896,0.007771049999999998
81152,0.00774965
81408,0.007729349999999999
81664,0.007708650000000001
81920,0.007688250000000001
82176,0.007668649999999999
82432,0.00764695
82688,0.00762525
82944,0.00760545
83200,0.0075854500000000005
83456,0.0075647499999999986
83712,0.007544349999999998
83968,0.007523749999999999
84224,0.007503349999999999
84480,0.00748275
84736,0.00746175
84992,0.00744295
85248,0.007422950000000001
85504,0.00740215
85760,0.007382050000000001
86016,0.007360749999999999
86272,0.007340549999999998
86528,0.00732025
86784,0.007300149999999998
87040,0.0072802499999999985
87296,0.007258850000000001
87552,0.00723905
87808,0.00721805
88064,0.00719645
88320,0.0071753500000000005
88576,0.007154749999999998
88832,0.0071334499999999995
89088,0.00711235
89344,0.007091449999999999
89600,0.007070449999999999
89856,0.0070491500000000006
90112,0.0070290499999999985
90368,0.0070088500000000005
90624,0.006987750000000001
90880,0.006965849999999999
91136,0.00694525
91392,0.0069241500000000004
91648,0.00690375
91904,0.006883649999999998
92160,0.00686345
92416,0.00684245
92672,0.00682135
92928,0.00679985
93184,0.0067788499999999995
93440,0.00675895
93696,0.006738350000000001
93952,0.006718349999999998
94208,0.00669815
94464,0.00667715
94720,0.006657050000000001
94976,0.00663565
95232,0.006615349999999999
95488,0.00659415
95744,0.00657255
96000,0.006552249999999999
96256,0.006533850000000001
96512,0.006532549999999998
96768,0.006532050000000001
97024,0.006531450000000001
97280,0.006530950000000001
97536,0.0065305499999999995
97792,0.00652995
98048,0.0065295499999999985
98304,0.00652925
98560,0.006528849999999999
98816,0.006526850000000001
99072,0.0022302499999999996
99328,0.0019601500000000008
99584,0.0012575499999999996
99840,-3.656500000000021E-4
100096,-4.8474999999999907E-4
100352,-6.116500000000018E-4
100608,-6.124500000000005E-4
100864,-6.136500000000003E-4
101120,-6.141500000000008E-4
101376,-6.143499999999996E-4
101632,-6.146500000000013E-4
101888,-6.149499999999995E-4
102144,-6.152500000000012E-4
102400,-6.1545E-4
102656,-6.157500000000017E-4
102912,-6.159500000000005E-4
103168,-6.202499999999993E-4
103424,-6.399500000000002E-4
103680,-6.60850000000001E-4
103936,-6.725500000000009E-4
104192,-6.846500000000019E-4
104448,-6.96249999999999E-4
104704,0.00636315
104960,0.00635085
105216,0.006339050000000001
105472,0.00632625
105728,0.0063133500000000006
105984,0.0062983499999999994
106240,0.00628535
106496,0.006272450000000001
106752,0.006259550000000001
107008,0.00624515
107264,0.006233149999999998
107520,0.006219850000000001
107776,0.006208750000000001
108032,0.006197050000000001
108288,0.00618555
108544,0.006173049999999998
108800,0.006161749999999999
109056,0.006150149999999998
109312,0.006138949999999999
109568,0.00612765
109824,0.00611595
110080,0.006104150000000001
110336,0.006091849999999998
110592,0.006079949999999999
110848,0.006067249999999998
111104,0.0060545500000000006
111360,0.0060424499999999996
111616,0.006029649999999999
111872,0.006017449999999999
112128,0.006005749999999999
112384,0.00599385
112640,0.005981349999999998
112896,0.005968349999999999
113152,0.005956350000000001
113408,0.005945250000000001
113664,0.005932949999999998
113920,0.005921350000000001
114176,0.0059088499999999985
114432,0.00589635
114688,0.0058841499999999995
114944,0.00587185
115200,0.005859149999999999
115456,0.005846550000000001
115712,0.005834549999999999
115968,0.005821849999999998
116224,0.00580935
116480,0.005796149999999998
116736,0.0057836499999999996
116992,0.00577135
117248,0.005758749999999998
117504,0.00574625
117760,0.005734149999999999
118016,0.005721949999999998
118272,0.005709250000000001
118528,0.005696349999999998
118784,0.00568375
119040,0.005672149999999999
119296,0.005658849999999998
119552,0.005647149999999998
119808,0.005634249999999999
120064,0.005621050000000001
120320,0.00560835
120576,0.005596349999999998
120832,0.00558435
121088,0.005572249999999999
121344,0.0055602499999999975
121600,0.005547149999999999
121856,0.005534349999999999
122112,0.00552125
122368,0.005508849999999997
122624,0.00549615
122880,0.005483649999999998
123136,0.005471349999999998
123392,0.005458349999999999
123648,0.005445549999999999
123904,0.005433249999999999
124160,0.00542085
124416,0.00540845
124672,0.005396449999999999
124928,0.005383250000000001
125184,0.005370149999999999
125440,0.005356649999999999
125696,0.005343849999999999
125952,0.005332149999999999
126208,0.005318649999999999
126464,0.005306449999999999
126720,0.0052938499999999975
126976,0.005280450000000001
127232,0.00526715
127488,0.005254150000000001
127744,0.005241049999999999
128000,0.00522805
128256,0.005214849999999998
128512,0.00520165
128768,0.005188449999999999
129024,0.005175149999999998
129280,0.005162349999999998
129536,0.005149249999999999
129792,0.005135849999999999
130048,0.005122549999999998
130304,0.005110149999999999
130560,0.005096450000000001
130816,0.00508375
131072,0.005070750000000001
131328,0.005057850000000001
131584,0.005044149999999999
131840,0.00503165
132096,0.005019749999999998
132352,0.005006949999999998
132608,0.0049936500000000005
132864,0.0049805499999999985
133120,0.004967749999999998
133376,0.0049548499999999985
133632,0.0049416500000000006
133888,0.004928449999999999
134144,0.0049155499999999994
134400,0.00490255
134656,0.004889449999999998
134912,0.0048771499999999985
135168,0.004863649999999999
135424,0.00485115
135680,0.004838149999999998
135936,0.00482555
136192,0.0048125500000000005
136448,0.004799349999999999
136704,0.004786250000000001
136960,0.004772649999999998
137216,0.0047591499999999985
137472,0.004745549999999999
137728,0.004731649999999999
137984,0.004717749999999998
138240,0.004703850000000001
138496,0.004690249999999998
138752,0.00467705
139008,0.004663849999999999
139264,0.004650449999999999
139520,0.0046370499999999985
139776,0.004624249999999998
140032,0.00461115
140288,0.004597749999999999
140544,0.004582849999999998
140800,0.004568749999999998
141056,0.004555949999999998
141312,0.004542349999999999
141568,0.00452815
141824,0.004514249999999999
142080,0.004500550000000001
142336,0.00448725
142592,0.004473949999999999
142848,0.0044604499999999995
143104,0.00444745
143360,0.004433849999999998
143616,0.004419950000000001
143872,0.00440655
144128,0.00439315
144384,0.004379349999999999
144640,0.004365949999999999
144896,0.0043525499999999984
145152,0.00433885
145408,0.004325549999999999
145664,0.0043126499999999995
145920,0.00429965
146176,0.004286150000000001
146432,0.004272749999999999
146688,0.004259549999999999
146944,0.004246149999999999
147200,0.004232649999999999
147456,0.00421915
147712,0.0042051499999999995
147968,0.004191549999999999
148224,0.00417765
148480,0.0041635499999999985
148736,0.004149149999999999
148992,0.004134949999999998
149248,0.004121149999999999
149504,0.00410725
149760,0.0040941499999999995
150016,0.00408095
150272,0.00406725
150528,0.004054749999999999
150784,0.00404185
151040,0.004028049999999998
151296,0.00401375
151552,0.003999349999999999
151808,0.003985649999999999
152064,0.0039720499999999995
152320,0.00395855
152576,0.00394485
152832,0.003931249999999999
153088,0.003917249999999999
153344,0.00390305
153600,0.0038882499999999993
153856,0.00387385
154112,0.0038593499999999992
154368,0.00384465
154624,0.0038308499999999985
154880,0.003817649999999999
155136,0.00380345
155392,0.003785749999999999
155648,0.00376315
155904,0.0037559499999999992
156160,0.00375585
156416,0.0037557499999999987
156672,0.0037557499999999987
156928,0.00456401
157184,0.00456401
157440,0.00456401
157696,0.00456311
157952,0.0045603100000000014
158208,0.004559110000000002
158464,0.00455821
158720,0.00455821
158976,0.00455821
159232,0.00455821
159488,0.00455821
159744,0.00455821
160000,0.00455821
160256,0.00455821
160512,0.00455821
160768,0.00455821
161024,0.00455821
161280,0.00455821
161536,0.00455821
161792,0.00455821
162048,0.00455821
162304,0.004558110000000001
162560,0.004558110000000001
162816,0.004558110000000001
163072,0.004558110000000001
163328,0.004558110000000001
163584,0.004558110000000001
163840,0.004558110000000001
164096,0.004558010000000001
164352,0.004558010000000001
164608,0.00455791
164864,0.00455791
165120,0.004557810000000001
165376,0.004557810000000001
165632,0.004557810000000001
165888,0.004557710000000001
166144,0.004557710000000001
166400,0.004557710000000001
166656,0.00455761
166912,0.00455761
167168,0.00455761
167424,0.00455761
167680,0.00455761
167936,0.00455761
168192,0.00455761
168448,0.00455761
168704,0.00455761
168960,0.00455761
169216,0.00455761
169472,0.00455761
169728,0.00455761
169984,0.00455761
170240,0.00455761
170496,0.00455761
170752,0.00455761
171008,0.00455761
171264,0.00455761
171520,0.00455761
171776,0.004557510000000001
172032,0.004557410000000001
172288,0.004557410000000001
172544,0.004557410000000001
172800,0.00455731
173056,0.004557210000000001
173312,0.004557210000000001
173568,0.004557110000000001
173824,0.004557110000000001
174080,0.004557110000000001
174336,0.004557110000000001
174592,0.004557110000000001
174848,0.004557110000000001
175104,0.004557110000000001
175360,0.004557110000000001
175616,0.004557110000000001
175872,0.004557110000000001
176128,0.004557110000000001
176384,0.004557110000000001
176640,0.004557110000000001
176896,0.004557110000000001
177152,0.004557110000000001
177408,0.004557110000000001
177664,0.004557110000000001
177920,0.004557110000000001
178176,0.004557110000000001
178432,0.004557110000000001
178688,0.004557110000000001
178944,0.004557110000000001
179200,0.004557110000000001
179456,0.004557110000000001
179712,0.004557110000000001
179968,0.004557110000000001
180224,0.00455701
180480,0.00455701
180736,0.00455701
180992,0.00455701
181248,0.004556910000000001
181504,0.004556910000000001
181760,0.004556810000000001
182016,0.004556810000000001
182272,0.004556810000000001
182528,0.00455671
182784,0.00455671
183040,0.00455671
183296,0.00455671
183552,0.00455671
183808,0.00455671
184064,0.00455671
184320,0.00455671
184576,0.00455671
184832,0.00455671
185088,0.00455671
185344,0.00455671
185600,0.00455671
185856,0.00455671
186112,0.00455671
186368,0.00455671
186624,0.00455671
186880,0.00455671
187136,0.00455671
187392,0.00455671
187648,0.004556610000000001
187904,0.004556610000000001
188160,0.004556610000000001
188416,0.0045565100000000015
188672,0.0045565100000000015
188928,0.0045565100000000015
189184,0.00455641
189440,0.00455641
189696,0.00455641
189952,0.004556310000000001
190208,0.004556310000000001
190464,0.004556310000000001
190720,0.004556310000000001
190976,0.004556310000000001
191232,0.004556310000000001
191488,0.004556310000000001
191744,0.004556310000000001
192000,0.004556310000000001
192256,0.004556310000000001
192512,0.004556310000000001
192768,0.004556310000000001
193024,0.004556310000000001
193280,0.004556310000000001
193536,0.004556310000000001
193792,0.004556310000000001
194048,0.004556310000000001
194304,0.004556310000000001
194560,0.004556310000000001
194816,0.004556310000000001
195072,0.004556310000000001
195328,0.004556310000000001
195584,0.004556310000000001
195840,0.004556310000000001
196096,0.004556310000000001
196352,0.004556310000000001
196608,0.004556310000000001
196864,0.0045562100000000015
197120,0.0045562100000000015
197376,0.0045562100000000015
197632,0.0045562100000000015
197888,0.0045562100000000015
198144,0.0045562100000000015
198400,0.0045562100000000015
198656,0.0045562100000000015
198912,0.0045562100000000015
199168,0.0045562100000000015
199424,0.0045562100000000015
199680,0.0045562100000000015
199936,0.0045562100000000015
200192,0.0045562100000000015
200448,0.0045562100000000015
200704,0.0045562100000000015
200960,0.0045562100000000015
201216,0.0045562100000000015
201472,0.0045562100000000015
201728,0.0045562100000000015
201984,0.0045562100000000015
202240,0.0045562100000000015
202496,0.0045562100000000015
202752,0.0045562100000000015
203008,0.0045562100000000015
203264,0.0045562100000000015
203520,0.0045562100000000015
203776,0.0045562100000000015
204032,0.0045562100000000015
204288,0.0045562100000000015
204544,0.0045562100000000015
204800,0.0045562100000000015
205056,0.0045562100000000015
205312,0.0045562100000000015
205568,0.0045562100000000015
205824,0.0045562100000000015
206080,0.0045562100000000015
206336,0.0045562100000000015
206592,0.0045562100000000015
206848,0.0045562100000000015
207104,0.0045562100000000015
207360,0.0045562100000000015
207616,0.0045562100000000015
207872,0.0045562100000000015
208128,0.0045562100000000015
208384,0.0045562100000000015
208640,0.0045562100000000015
208896,0.0045562100000000015
209152,0.004559539999999999
209408,0.004559539999999999
209664,0.004559539999999999
209920,0.004559539999999999
210176,0.004559539999999999
210432,0.004559539999999999
210688,0.004559439999999998
210944,0.004559439999999998
211200,0.0045593399999999985
211456,0.004558739999999999
211712,0.004557839999999999
211968,0.004557539999999999
212224,0.004557439999999998
212480,0.004557439999999998
212736,0.004557439999999998
212992,0.004557439999999998
213248,0.004557439999999998
213504,0.004557439999999998
213760,0.004557439999999998
214016,0.004557439999999998
214272,0.004557439999999998
214528,0.004557439999999998
214784,0.004557439999999998
215040,0.004557439999999998
215296,0.004557439999999998
215552,0.004557439999999998
215808,0.004557439999999998
216064,0.004557439999999998
216320,0.004557439999999998
216576,0.004557439999999998
216832,0.004557439999999998
217088,0.004557439999999998
217344,0.004557439999999998
217600,0.004557439999999998
217856,0.004557439999999998
218112,0.004557339999999998
218368,0.004557339999999998
218624,0.004557239999999999
218880,0.004557239999999999
219136,0.004557239999999999
219392,0.004557239999999999
219648,0.004557139999999998
219904,0.004557139999999998
220160,0.004557039999999998
220416,0.004557039999999998
220672,0.004557039999999998
220928,0.004557039999999998
221184,0.004557039999999998
221440,0.004557039999999998
221696,0.004557039999999998
221952,0.004557039999999998
222208,0.004557039999999998
222464,0.004557039999999998
222720,0.004557039999999998
222976,0.004557039999999998
223232,0.004557039999999998
223488,0.004557039999999998
223744,0.004557039999999998
224000,0.004557039999999998
224256,0.004557039999999998
224512,0.004557039999999998
224768,0.004557039999999998
225024,0.004557039999999998
225280,0.004556939999999999
225536,0.004556939999999999
225792,0.004556939999999999
226048,0.004556839999999998
226304,0.004556839999999998
226560,0.004556839999999998
226816,0.004556739999999998
227072,0.004556639999999999
227328,0.004556639999999999
227584,0.004556639999999999
227840,0.004556639999999999
228096,0.004556639999999999
228352,0.004556639999999999
228608,0.004556639999999999
228864,0.004556639999999999
229120,0.004556639999999999
229376,0.004556639999999999
229632,0.004556639999999999
229888,0.004556639999999999
230144,0.004556639999999999
230400,0.004556639999999999
230656,0.004556639999999999
230912,0.004556639999999999
231168,0.004556639999999999
231424,0.004556639999999999
231680,0.004556639999999999
231936,0.004556639999999999
232192,0.004556639999999999
232448,0.004556639999999999
232704,0.004556639999999999
232960,0.004556639999999999
233216,0.004556639999999999
233472,0.004556639999999999
233728,0.004556539999999998
233984,0.004556539999999998
234240,0.004556439999999998
234496,0.004556439999999998
234752,0.004556439999999998
235008,0.004556439999999998
235264,0.004556339999999999
235520,0.004556339999999999
235776,0.004556339999999999
236032,0.004556239999999998
236288,0.004556239999999998
236544,0.004556239999999998
236800,0.004556239999999998
237056,0.004556239999999998
237312,0.004556239999999998
237568,0.004556239999999998
237824,0.004556239999999998
238080,0.004556239999999998
238336,0.004556239999999998
238592,0.004556239999999998
238848,0.004556239999999998
239104,0.004556239999999998
239360,0.004556239999999998
239616,0.004556239999999998
239872,0.004556239999999998
240128,0.004556239999999998
240384,0.004556239999999998
240640,0.004556239999999998
240896,0.004556239999999998
241152,0.004556239999999998
241408,0.004556239999999998
241664,0.0045561399999999985
241920,0.0045561399999999985
242176,0.004556039999999999
242432,0.004556039999999999
242688,0.004556039999999999
242944,0.004555939999999998
243200,0.004555939999999998
243456,0.004555939999999998
243712,0.004555939999999998
243968,0.004555939999999998
244224,0.004555939999999998
244480,0.004555939999999998
244736,0.004555939999999998
244992,0.004555939999999998
245248,0.004555939999999998
245504,0.004555939999999998
245760,0.004555939999999998
246016,0.004555939999999998
246272,0.004555939999999998
246528,0.004555939999999998
246784,0.004555939999999998
247040,0.004555939999999998
247296,0.004555939999999998
247552,0.004555939999999998
247808,0.004555939999999998
248064,0.004555939999999998
248320,0.004555939999999998
248576,0.004555939999999998
248832,0.004555939999999998
249088,0.004555939999999998
249344,0.004555939999999998
249600,0.004555939999999998
249856,0.004555939999999998
250112,0.004555939999999998
250368,0.004555939999999998
250624,0.004555939999999998
250880,0.0045558399999999985
251136,0.0045558399999999985
251392,0.0045558399999999985
251648,0.0045558399999999985
251904,0.0045558399999999985
252160,0.0045558399999999985
252416,0.0045558399999999985
252672,0.0045558399999999985
252928,0.0045558399999999985
253184,0.0045558399999999985
253440,0.0045558399999999985
253696,0.0045558399999999985
253952,0.0045558399999999985
254208,0.0045558399999999985
254464,0.0045558399999999985
254720,0.0045558399999999985
254976,0.0045558399999999985
255232,0.0045558399999999985
255488,0.0045558399999999985
255744,0.0045558399999999985
256000,0.0045558399999999985
256256,0.0045558399999999985
256512,0.0045558399999999985
256768,0.0045558399999999985
257024,0.0045558399999999985
257280,0.0045558399999999985
257536,0.0045558399999999985
257792,0.0045558399999999985
258048,0.0045558399999999985
258304,0.0045558399999999985
258560,0.0045558399999999985
258816,0.0045558399999999985
259072,0.0045558399999999985
259328,0.0045558399999999985
259584,0.0045558399999999985
259840,0.0045558399999999985
260096,0.0045558399999999985
260352,0.0045558399999999985
260608,0.0045558399999999985
260864,0.0045558399999999985
261120,0.0045558399999999985
