cache_lines,MRC
256,0.0144243
512,0.014421847181678247
768,0.014421059857278673
1024,0.014420908448740293
1280,0.01442078732190959
1536,0.009575804938882222
1792,0.009575804938882222
2048,0.009575774657174548
2304,0.009554335208139982
2560,0.00954270703239242
2816,0.00954270703239242
3072,0.00954270703239242
3328,0.009541283792131653
3584,0.009540466186024402
3840,0.009540466186024402
4096,0.009540466186024402
4352,0.009539860551870883
4608,0.009539860551870883
4864,0.009539860551870883
5120,0.00953943660796342
5376,0.00953943660796342
5632,0.00953943660796342
5888,0.009537680268918214
6144,0.009523235894356791
6400,0.009512031662516693
6656,0.009500282359938429
6912,0.009493135876926908
7168,0.009488321085406433
7424,0.009483597139008985
7680,0.009478661220657807
7936,0.009473664738891278
8192,0.0094687288205401
8448,0.009463490085112162
8704,0.009458160504561195
8960,0.009453345713040722
9216,0.009448864020304683
9472,0.009443716129999773
9728,0.00943850767627951
9984,0.009433571757928333
10240,0.009428635839577156
10496,0.009423397104149217
10752,0.0094187640028748
11008,0.00941367667598524
11264,0.009408589349095683
11520,0.009403259768544718
11776,0.009398233005070512
12032,0.009392963987934898
12288,0.009388209759829777
12544,0.009383213278063244
12800,0.009377762570681576
13056,0.009372644962084342
13312,0.009367527353487108
13568,0.009362167491228467
13824,0.009357261854584964
14080,0.009352144245987732
14336,0.009347026637390498
14592,0.009341515366593476
14848,0.009336306912873214
15104,0.009331128740860627
15360,0.009325435779817553
15616,0.009320590706589402
15872,0.009315594224822872
16128,0.009310113235733525
16384,0.009305298444213052
16640,0.009300059708785113
16896,0.009294609001403446
17152,0.009287795617176358
17408,0.009256817430223873
17664,0.00925154841308826
17920,0.009246067423998913
18176,0.009240707561740273
18432,0.009235317417773954
18688,0.009229775865269258
18944,0.00922453712984132
19200,0.009219480084659438
19456,0.009214301912646852
19712,0.009209275149172646
19968,0.009203975850329357
20224,0.009198555424655364
20480,0.009193377252642777
20736,0.00918828992575322
20992,0.009182839218371552
21248,0.009177449074405233
21504,0.009172361747515675
21760,0.009167365265749145
22016,0.009162005403490504
22272,0.009156645541231863
22528,0.009151800468003712
22784,0.009146622295991128
23040,0.009141504687393893
23296,0.009136356797088983
23552,0.009131118061661045
23808,0.009125727917694728
24064,0.009120610309097495
24320,0.00911570467245399
24576,0.009110284246779999
24832,0.009104984947936708
25088,0.009099958184462503
25344,0.009094446913665483
25600,0.009089329305068249
25856,0.009083727189148199
26112,0.00907827648176653
26368,0.00907328
26624,0.009068203986235526
26880,0.009063038919597989
27136,0.009057962905833515
27392,0.00905273847061394
27648,0.009047454666812322
27904,0.009041992757264583
28160,0.009037332323574393
28416,0.009032078204063798
28672,0.009027031874590344
28928,0.009021599649333625
29184,0.00901646426698711
29440,0.009010853935984268
29696,0.009005599816473673
29952,0.009000226959798996
30208,0.008994972840288398
30464,0.008989867142232903
30720,0.008984880181341491
30976,0.008979537008957834
31232,0.008974164152283155
31488,0.008968910032772557
31744,0.008963566860388902
32000,0.008958283056587284
32256,0.00895323672711383
32512,0.008948041976185274
32768,0.008942728488092638
33024,0.00893747436858204
33280,0.008931923406161241
33536,0.008926936445269828
33792,0.008922008852960454
34048,0.00891693283919598
34304,0.008911470929648242
34560,0.008906127757264584
34816,0.00890114079637317
35072,0.008895767939698493
35328,0.008890543504478918
35584,0.00888537843784138
35840,0.008879500948219357
36096,0.00887418746012672
36352,0.008869052077780206
36608,0.008863501115359407
36864,0.00885830636443085
37120,0.008853378772121476
37376,0.008847798125409657
37632,0.008842781480227224
37888,0.00883773515075377
38144,0.008832243556915009
38400,0.008827019121695433
38656,0.008821646265020756
38912,0.008816214039764039
39168,0.008810870867380381
39424,0.008805765169324886
39680,0.008800243891195107
39936,0.00879487103452043
40192,0.008789705967882894
40448,0.008784719006991478
40704,0.008779464887480883
40960,0.008774151399388246
41216,0.00876892696416867
41472,0.00876346505462093
41728,0.008758299987983395
41984,0.008752719341271576
42240,0.008747287116014857
42496,0.008742240786541403
42752,0.008737164772776928
43008,0.008731643494647149
43264,0.008726211269390431
43520,0.008720779044133714
43776,0.008715643661787197
44032,0.008710627016604763
44288,0.008705461949967228
44544,0.008700207830456632
44800,0.008694805289490933
45056,0.008689669907144417
45312,0.008684089260432598
45568,0.00867862735088486
45824,0.008673313862792223
46080,0.0086675847946253
46336,0.008662300990823685
46592,0.008656928134149006
46848,0.008651050644526984
47104,0.008645559050688225
47360,0.008640097141140486
47616,0.008634249335809483
47872,0.008628787426261744
48128,0.008623562991042168
48384,0.00861821981865851
48640,0.008613173489185057
48896,0.008607800632510378
49152,0.008602279354380599
49408,0.008596579970504697
49664,0.008591029008083898
49920,0.008585478045663099
50176,0.008579748977496178
50432,0.008574108962202317
50688,0.008568528315490497
50944,0.00856321482739786
51200,0.008557841970723182
51456,0.00855208321826524
51712,0.0085466213087175
51968,0.008541189083460783
52224,0.008535578752457943
52480,0.00852982
52736,0.008524543436391283
52992,0.008519120301571212
53248,0.0085136385382666
53504,0.008508098146477447
53760,0.008502381869234668
54016,0.008497017362899139
54272,0.008491770113532691
54528,0.008486464235681704
54784,0.008480601387227574
55040,0.008475148938165231
55296,0.008469461975164724
55552,0.008463980211860112
55808,0.00845852776279777
56064,0.008452752857070452
56320,0.008447593550430817
56576,0.008441965215914851
56832,0.008436454138367968
57088,0.008430415404460214
57344,0.008425256097820579
57600,0.008419657077546884
57856,0.008414263256969083
58112,0.008408576293968576
58368,0.008403006587937153
58624,0.008396967854029398
58880,0.008391251576786619
59136,0.008385476671059301
59392,0.008380170793208314
59648,0.008374982172326406
59904,0.00836932452356817
60160,0.008363813446021289
60416,0.008357804026355805
60672,0.008352205006082108
60928,0.008346693928535227
61184,0.008341212165230615
61440,0.008335495887987836
61696,0.00832977961074506
61952,0.008324151276229094
62208,0.008318229799290422
62464,0.00831274803598581
62720,0.008307324901165739
62976,0.008301315481500255
63232,0.008295628518499748
63488,0.008289853612772428
63744,0.008284254592498734
64000,0.008278596943740498
64256,0.008273203123162697
64512,0.00826748684591992
64768,0.008261741254434872
65024,0.008255937034465283
65280,0.008250250071464776
65536,0.008244592422706538
65792,0.008239052030917385
66048,0.008233658210339586
66304,0.00822805919006589
66560,0.008222548112519008
66816,0.00821680252103396
67072,0.008211203500760265
67328,0.008205340652306135
67584,0.008199888203243792
67840,0.008194142611758744
68096,0.008188338391789153
68352,0.008182856628484541
68608,0.008177081722757223
68864,0.008171424073998988
69120,0.008165971624936645
69376,0.00816040191890522
69632,0.00815453907045109
69888,0.008148881421692854
70144,0.008143018573238724
70400,0.00813697983933097
70656,0.00813123424784592
70912,0.00812534208514952
71168,0.008119655122149011
71424,0.008114026787633047
71680,0.008108457081601622
71936,0.00810291668981247
72192,0.008097259041054234
72448,0.00809127893563102
72704,0.008085504029903701
72960,0.008079494610238217
73216,0.008073866275722251
73472,0.008068208626964016
73728,0.00806260960669032
73984,0.008057039900658897
74240,0.008051089109477954
74496,0.008045226261023823
74752,0.008039363412569693
75008,0.008033764392295997
75264,0.008027960172326407
75520,0.008022155952356818
75776,0.008016293103902688
76032,0.008009961227572226
76288,0.00800386386517993
76544,0.007997795817029904
76800,0.007991463940699443
77056,0.007985659720729853
77312,0.007980031386213888
77568,0.007974197852002029
77824,0.00796848157475925
78080,0.007962648040547391
78336,0.007957107648758236
78592,0.00795145
78848,0.007945438060694244
79104,0.00793951283205155
79360,0.007934107867387238
79616,0.00792841386717938
79872,0.007922633156308461
80128,0.007916707927665766
80384,0.007910811602577427
80640,0.007905088698815217
80896,0.007899307987944295
81152,0.00789312262731241
81408,0.007887255205778425
81664,0.007881272170027022
81920,0.007875375844938684
82176,0.00786971074828518
82432,0.007863438676990232
82688,0.007857166605695283
82944,0.00785144370193307
83200,0.00784566299106215
83456,0.007839679955310746
83712,0.007833783630222408
83968,0.007827829498025358
84224,0.00782193317293702
84480,0.007815979040739971
84736,0.007809909294325504
84992,0.007804475426106839
85248,0.007798694715235919
85504,0.007792682775930161
85760,0.0077868731615048856
86016,0.007780716704427354
86272,0.007774878186447724
86528,0.007769010764913741
86784,0.0077632011504884645
87040,0.0077574493431718985
87296,0.007751263982540013
87552,0.007745541078777802
87808,0.007739471332363335
88064,0.007733228164622741
88320,0.007727129514653919
88576,0.00772117538245687
88832,0.00771501892537934
89088,0.007708920275410518
89344,0.007702879432550406
89600,0.007696809686135939
89856,0.007690653229058409
90112,0.007684843614633133
90368,0.007679005096653503
90624,0.007672906446684682
90880,0.007666576568281023
91136,0.007660622436083975
91392,0.007654523786115154
91648,0.007648627461026815
91904,0.0076428178466015385
92160,0.007636979328621909
92416,0.007630909582207442
92672,0.007624810932238621
92928,0.007618596668052381
93184,0.007612526921637913
93440,0.007606775114321347
93696,0.0076008209821243
93952,0.007595040271253378
94208,0.007589201753273748
94464,0.007583132006859282
94720,0.007577322392434006
94976,0.00757113703180212
95232,0.007565269610268136
95488,0.00755914205674496
95744,0.0075528988890043655
96000,0.007547031467470381
96256,0.007541713213469134
96512,0.007541337467262523
96768,0.007541192949490751
97024,0.0075410195281646235
97280,0.0075408750103928505
97536,0.007540759396175432
97792,0.007540585974849304
98048,0.007540470360631885
98304,0.007540383649968822
98560,0.007540268035751404
98816,0.0075396899646643116
99072,0.006297819848264394
99328,0.0062197513479526085
99584,0.0060166749750571605
99840,0.005547512480773228
100096,0.005513088347536894
100352,0.005476409737060902
100608,0.005476178508626065
100864,0.0054758316659738095
101120,0.0054756871482020365
101376,0.005475629341093328
101632,0.0054755426304302635
101888,0.0054754559197672005
102144,0.005475369209104136
102400,0.005475311401995427
102656,0.005475224691332362
102912,0.0054751668842236536
103168,0.005473924031386405
103424,0.005468230031178549
103680,0.0054621891883184365
103936,0.005458807472458947
104192,0.00545531014238204
104448,0.005451957330076907
104704,0.00544846
104960,0.005444953721275597
105216,0.005441589974206659
105472,0.005437941163826793
105728,0.005434263847115836
105984,0.00542998789745193
106240,0.0054262820744098795
106496,0.005422604757698921
106752,0.005418927440987963
107008,0.005414822529310614
107264,0.005411401769579489
107520,0.005407610427544161
107776,0.005404446224792871
108032,0.005401110984055026
108288,0.005397832755979365
108544,0.005394269464592777
108800,0.005391048249179302
109056,0.005387741514772549
109312,0.005384548805690167
109568,0.005381327590276692
109824,0.0053779923495388465
110080,0.0053746286024699075
110336,0.005371122323745505
110592,0.005367730070345474
110848,0.0053641097662967
111104,0.005360489462247929
111360,0.005357040196185711
111616,0.005353391385805846
111872,0.0053499136134125365
112128,0.005346578372674691
112384,0.005343186119274659
112640,0.005339622827888072
112896,0.005335917004846021
113152,0.005332496245114898
113408,0.005329332042363608
113664,0.005325825763639205
113920,0.005322519029232453
114176,0.0053189557378458645
114432,0.005315392446459278
114688,0.005311914674065968
114944,0.005308408395341566
115200,0.005304788091292793
115456,0.005301196293575113
115712,0.005297775533843989
115968,0.005294155229795216
116224,0.0052905919384086285
116480,0.005286829102704392
116736,0.005283265811317805
116992,0.005279759532593403
117248,0.005276167734875722
117504,0.005272604443489135
117760,0.005269155177426918
118016,0.005265677405033609
118272,0.0052620571009848365
118528,0.005258379784273877
118784,0.005254787986556198
119040,0.005251481252149444
119296,0.005247689910114115
119552,0.005244354669376269
119808,0.005240677352665311
120064,0.005236914516961075
120320,0.005233294212912303
120576,0.005229873453181178
120832,0.005226452693450055
121088,0.005223003427387837
121344,0.005219582667656713
121600,0.00521584833828357
121856,0.005212199527903704
122112,0.005208465198530561
122368,0.005204930413475066
122624,0.005201310109426293
122880,0.005197746818039705
123136,0.0051942405393153035
123392,0.005190534716273253
123648,0.005186885905893387
123904,0.005183379627168985
124160,0.00517984484211349
124416,0.005176310057057995
124672,0.005172889297326871
124928,0.0051691264616226355
125184,0.005165392132249491
125440,0.005161543777551977
125696,0.005157894967172111
125952,0.005154559726434266
126208,0.005150711371736751
126464,0.005147233599343441
126720,0.0051436418016257614
126976,0.0051398219532593405
127232,0.005136030611224011
127488,0.00513232478818196
127744,0.005128590458808816
128000,0.005124884635766765
128256,0.0051211218000625286
128512,0.005117358964358293
128768,0.005113596128654056
129024,0.005109804786618727
129280,0.005106155976238861
129536,0.005102421646865718
129792,0.005098601798499296
130048,0.005094810456463966
130304,0.005091275671408472
130560,0.005087370304048773
130816,0.00508375
131072,0.005079742319277108
131328,0.00507576546686747
131584,0.005071541987951807
131840,0.005067688448795181
132096,0.0050640198795180716
132352,0.005060073855421686
132608,0.005055973689759036
132864,0.005051935180722891
133120,0.005047989156626505
133376,0.005044012304216867
133632,0.00503994296686747
133888,0.005035873629518072
134144,0.005031896777108433
134400,0.005027889096385542
134656,0.005023850587349397
134912,0.005020058704819277
135168,0.00501589688253012
135424,0.005012043343373494
135680,0.005008035662650602
135936,0.005004151295180723
136192,0.005000143614457831
136448,0.004996074277108433
136704,0.0049920357680722895
136960,0.004987843117469879
137216,0.004983681295180722
137472,0.004979488644578313
137728,0.004975203509036144
137984,0.004970918373493975
138240,0.004966633237951807
138496,0.004962440587349397
138752,0.00495837125
139008,0.004954301912650602
139264,0.004950170918674698
139520,0.004946039924698794
139776,0.004942093900602409
140032,0.004938055391566265
140288,0.004933924397590361
140544,0.004929330978915662
140800,0.004924984186746987
141056,0.004921038162650602
141312,0.0049168455120481925
141568,0.004912467891566265
141824,0.004908182756024096
142080,0.004903959277108434
142336,0.0048998591114457835
142592,0.004895758945783132
142848,0.004891597123493976
143104,0.004887589442771085
143360,0.004883396792168674
143616,0.004879111656626506
143872,0.004874980662650603
144128,0.004870849668674699
144384,0.004866595361445783
144640,0.0048624643674698795
144896,0.004858333373493976
145152,0.004854109894578313
145408,0.004850009728915663
145664,0.004846032876506024
145920,0.0048420251957831326
146176,0.004837863373493977
146432,0.004833732379518072
146688,0.0048296630421686745
146944,0.0048255320481927705
147200,0.0048213702259036146
147456,0.004817208403614458
147712,0.0048128924397590365
147968,0.004808699789156626
148224,0.004804414653614458
148480,0.004800067861445783
148736,0.004795628584337349
148992,0.004791250963855421
149248,0.004786996656626506
149504,0.004782711521084337
149760,0.004778673012048193
150016,0.004774603674698796
150272,0.004770380195783132
150528,0.004766526656626506
150784,0.004762549804216867
151040,0.004758295496987952
151296,0.004753887048192771
151552,0.004749447771084337
151808,0.004745224292168675
152064,0.004741031641566265
152320,0.004736869819277108
152576,0.004732646340361446
152832,0.004728453689759036
153088,0.004724137725903614
153344,0.004719760105421687
153600,0.004715197515060241
153856,0.004710758237951807
154112,0.004706288132530121
154368,0.004701756370481928
154624,0.0046975020632530114
154880,0.004693432725903614
155136,0.004689055105421687
155392,0.004683598493975903
155648,0.004676631295180723
155904,0.0046744116566265065
156160,0.004674380828313254
156416,0.00467435
156672,0.00467435
156928,0.00467435
157184,0.00467435
157440,0.00467435
157696,0.004659846438356167
157952,0.004614724246575361
158208,0.004595386164383584
158464,0.004580882602739722
158720,0.004580882602739722
158976,0.004580882602739722
159232,0.004580882602739722
159488,0.004580882602739722
159744,0.004580882602739722
160000,0.004580882602739722
160256,0.004580882602739722
160512,0.004580882602739722
160768,0.004580882602739722
161024,0.004580882602739722
161280,0.004580882602739722
161536,0.004580882602739722
161792,0.004580882602739722
162048,0.004580882602739722
162304,0.0045792710958904165
162560,0.0045792710958904165
162816,0.0045792710958904165
163072,0.0045792710958904165
163328,0.0045792710958904165
163584,0.0045792710958904165
163840,0.0045792710958904165
164096,0.0045776595890411114
164352,0.0045776595890411114
164608,0.004576048082191778
164864,0.004576048082191778
165120,0.004574436575342473
165376,0.004574436575342473
165632,0.004574436575342473
165888,0.004572825068493167
166144,0.004572825068493167
166400,0.004572825068493167
166656,0.004571213561643833
166912,0.004571213561643833
167168,0.004571213561643833
167424,0.004571213561643833
167680,0.004571213561643833
167936,0.004571213561643833
168192,0.004571213561643833
168448,0.004571213561643833
168704,0.004571213561643833
168960,0.004571213561643833
169216,0.004571213561643833
169472,0.004571213561643833
169728,0.004571213561643833
169984,0.004571213561643833
170240,0.004571213561643833
170496,0.004571213561643833
170752,0.004571213561643833
171008,0.004571213561643833
171264,0.004571213561643833
171520,0.004571213561643833
171776,0.004569602054794528
172032,0.004567990547945222
172288,0.004567990547945222
172544,0.004567990547945222
172800,0.0045663790410958895
173056,0.0045647675342465836
173312,0.0045647675342465836
173568,0.0045631560273972785
173824,0.0045631560273972785
174080,0.0045631560273972785
174336,0.0045631560273972785
174592,0.0045631560273972785
174848,0.0045631560273972785
175104,0.0045631560273972785
175360,0.0045631560273972785
175616,0.0045631560273972785
175872,0.0045631560273972785
176128,0.0045631560273972785
176384,0.0045631560273972785
176640,0.0045631560273972785
176896,0.0045631560273972785
177152,0.0045631560273972785
177408,0.0045631560273972785
177664,0.0045631560273972785
177920,0.0045631560273972785
178176,0.0045631560273972785
178432,0.0045631560273972785
178688,0.0045631560273972785
178944,0.0045631560273972785
179200,0.0045631560273972785
179456,0.0045631560273972785
179712,0.0045631560273972785
179968,0.0045631560273972785
180224,0.004561544520547945
180480,0.004561544520547945
180736,0.004561544520547945
180992,0.004561544520547945
181248,0.004559933013698639
181504,0.004559933013698639
181760,0.004558321506849334
182016,0.004558321506849334
182272,0.004558321506849334
182528,0.00455671
182784,0.00455671
183040,0.00455671
183296,0.00455671
183552,0.00455671
183808,0.00455671
184064,0.00455671
184320,0.00455671
184576,0.00455671
184832,0.00455671
185088,0.00455671
185344,0.00455671
185600,0.00455671
185856,0.00455671
186112,0.00455671
186368,0.00455671
186624,0.00455671
186880,0.00455671
187136,0.00455671
187392,0.00455671
187648,0.004556662
187904,0.004556662
188160,0.004556662
188416,0.0045566140000000005
188672,0.0045566140000000005
188928,0.0045566140000000005
189184,0.004556566
189440,0.004556566
189696,0.004556566
189952,0.004556518
190208,0.004556518
190464,0.004556518
190720,0.004556518
190976,0.004556518
191232,0.004556518
191488,0.004556518
191744,0.004556518
192000,0.004556518
192256,0.004556518
192512,0.004556518
192768,0.004556518
193024,0.004556518
193280,0.004556518
193536,0.004556518
193792,0.004556518
194048,0.004556518
194304,0.004556518
194560,0.004556518
194816,0.004556518
195072,0.004556518
195328,0.004556518
195584,0.004556518
195840,0.004556518
196096,0.004556518
196352,0.004556518
196608,0.004556518
196864,0.00455647
197120,0.00455647
197376,0.00455647
197632,0.00455647
197888,0.00455647
198144,0.00455647
198400,0.00455647
198656,0.00455647
198912,0.00455647
199168,0.00455647
199424,0.00455647
199680,0.00455647
199936,0.00455647
200192,0.00455647
200448,0.00455647
200704,0.00455647
200960,0.00455647
201216,0.00455647
201472,0.00455647
201728,0.00455647
201984,0.00455647
202240,0.00455647
202496,0.00455647
202752,0.00455647
203008,0.00455647
203264,0.00455647
203520,0.00455647
203776,0.00455647
204032,0.00455647
204288,0.00455647
204544,0.00455647
204800,0.00455647
205056,0.00455647
205312,0.00455647
205568,0.00455647
205824,0.00455647
206080,0.00455647
206336,0.00455647
206592,0.00455647
206848,0.00455647
207104,0.00455647
207360,0.00455647
207616,0.00455647
207872,0.00455647
208128,0.00455647
208384,0.00455647
208640,0.00455647
208896,0.00455647
209152,0.00455647
209408,0.00455647
209664,0.00455647
209920,0.00455647
210176,0.00455647
210432,0.00455647
210688,0.0045564659374999995
210944,0.0045564659374999995
211200,0.004556461875
211456,0.0045564375
211712,0.0045564009375
211968,0.00455638875
212224,0.0045563846875
212480,0.0045563846875
212736,0.0045563846875
212992,0.0045563846875
213248,0.0045563846875
213504,0.0045563846875
213760,0.0045563846875
214016,0.0045563846875
214272,0.0045563846875
214528,0.0045563846875
214784,0.0045563846875
215040,0.0045563846875
215296,0.0045563846875
215552,0.0045563846875
215808,0.0045563846875
216064,0.0045563846875
216320,0.0045563846875
216576,0.0045563846875
216832,0.0045563846875
217088,0.0045563846875
217344,0.0045563846875
217600,0.0045563846875
217856,0.0045563846875
218112,0.004556380625
218368,0.004556380625
218624,0.0045563765625
218880,0.0045563765625
219136,0.0045563765625
219392,0.0045563765625
219648,0.0045563725
219904,0.0045563725
220160,0.0045563684375
220416,0.0045563684375
220672,0.0045563684375
220928,0.0045563684375
221184,0.0045563684375
221440,0.0045563684375
221696,0.0045563684375
221952,0.0045563684375
222208,0.0045563684375
222464,0.0045563684375
222720,0.0045563684375
222976,0.0045563684375
223232,0.0045563684375
223488,0.0045563684375
223744,0.0045563684375
224000,0.0045563684375
224256,0.0045563684375
224512,0.0045563684375
224768,0.0045563684375
225024,0.0045563684375
225280,0.004556364375
225536,0.004556364375
225792,0.004556364375
226048,0.0045563603125
226304,0.0045563603125
226560,0.0045563603125
226816,0.00455635625
227072,0.0045563521874999995
227328,0.0045563521874999995
227584,0.0045563521874999995
227840,0.0045563521874999995
228096,0.0045563521874999995
228352,0.0045563521874999995
228608,0.0045563521874999995
228864,0.0045563521874999995
229120,0.0045563521874999995
229376,0.0045563521874999995
229632,0.0045563521874999995
229888,0.0045563521874999995
230144,0.0045563521874999995
230400,0.0045563521874999995
230656,0.0045563521874999995
230912,0.0045563521874999995
231168,0.0045563521874999995
231424,0.0045563521874999995
231680,0.0045563521874999995
231936,0.0045563521874999995
232192,0.0045563521874999995
232448,0.0045563521874999995
232704,0.0045563521874999995
232960,0.0045563521874999995
233216,0.0045563521874999995
233472,0.0045563521874999995
233728,0.004556348125
233984,0.004556348125
234240,0.0045563440624999995
234496,0.0045563440624999995
234752,0.0045563440624999995
235008,0.0045563440624999995
235264,0.00455634
235520,0.00455634
235776,0.00455634
236032,0.004556268
236288,0.004556268
236544,0.004556268
236800,0.004556268
237056,0.004556268
237312,0.004556268
237568,0.004556268
237824,0.004556268
238080,0.004556268
238336,0.004556268
238592,0.004556268
238848,0.004556268
239104,0.004556268
239360,0.004556268
239616,0.004556268
239872,0.004556268
240128,0.004556268
240384,0.004556268
240640,0.004556268
240896,0.004556268
241152,0.004556268
241408,0.004556268
241664,0.004556196
241920,0.004556196
242176,0.004556124
242432,0.004556124
242688,0.004556124
242944,0.004556052
243200,0.004556052
243456,0.004556052
243712,0.004556052
243968,0.004556052
244224,0.004556052
244480,0.004556052
244736,0.004556052
244992,0.004556052
245248,0.004556052
245504,0.004556052
245760,0.004556052
246016,0.004556052
246272,0.004556052
246528,0.004556052
246784,0.004556052
247040,0.004556052
247296,0.004556052
247552,0.004556052
247808,0.004556052
248064,0.004556052
248320,0.004556052
248576,0.004556052
248832,0.004556052
249088,0.004556052
249344,0.004556052
249600,0.004556052
249856,0.004556052
250112,0.004556052
250368,0.004556052
250624,0.004556052
250880,0.00455598
251136,0.00455598
251392,0.00455598
251648,0.00455598
251904,0.00455598
252160,0.00455598
252416,0.00455598
252672,0.00455598
252928,0.00455598
253184,0.00455598
253440,0.00455598
253696,0.00455598
253952,0.00455598
254208,0.00455598
254464,0.00455598
254720,0.00455598
254976,0.00455598
255232,0.00455598
255488,0.00455598
255744,0.00455598
256000,0.00455598
256256,0.00455598
256512,0.00455598
256768,0.00455598
257024,0.00455598
257280,0.00455598
257536,0.00455598
257792,0.00455598
258048,0.00455598
258304,0.00455598
258560,0.00455598
258816,0.00455598
259072,0.00455598
259328,0.00455598
259584,0.00455598
259840,0.00455598
260096,0.00455598
260352,0.00455598
260608,0.00455598
260864,0.00455598
261120,0.00455598
