cache_lines,MRC
256,0.014579548338220921
512,0.014648796676441839
768,0.014798045014662753
1024,-0.012060306647116326
1280,-0.0119053583088954
1536,-0.011766909970674491
1792,-0.01384166163245358
2048,-0.01368651329423265
2304,-0.013539764956011738
2560,-0.013384516617790818
2816,-0.013230868279569888
3072,-0.01308001994134897
3328,-0.012924771603128049
3584,-0.012772023264907131
3840,-0.012616774926686211
4096,-0.012461526588465305
4352,-0.012308578250244381
4608,-0.012185329912023465
4864,-0.01210518157380254
5120,-0.012023533235581627
5376,-0.011917584897360708
5632,-0.01180583655913979
5888,-0.011691788220918861
6144,-0.011578639882697944
6400,-0.011465691544477019
6656,-0.01134734320625612
6912,-0.011233394868035193
7168,-0.011119746529814276
7424,-0.011007098191593359
7680,-0.01089144985337244
7936,-0.010776601515151515
8192,-0.010662753176930592
8448,-0.010549504838709672
8704,-0.01043665650048875
8960,-0.010322108162267835
9216,-0.010209259824046912
9472,-0.010097211485826013
9728,-0.009982463147605092
9984,-0.009868114809384168
10240,-0.009752566471163251
10496,-0.009638518132942323
10752,-0.009527269794721405
11008,-0.009411721456500488
11264,-0.009298273118279562
11520,-0.009181724780058645
11776,-0.009067176441837743
12032,-0.008952528103616825
12288,-0.008842079765395902
12544,-0.008728231427174979
12800,-0.008615283088954068
13056,-0.008502334750733143
13312,-0.008388686412512225
13568,-0.008354838074291299
13824,-0.008259089736070382
14080,-0.008145341397849462
14336,-0.00803199305962854
14592,-0.00791814472140763
14848,-0.007807896383186713
15104,-0.007694948044965788
15360,-0.007579799706744869
15616,-0.007465851368523957
15872,-0.007352103030303037
16128,-0.007239254692082114
16384,-0.007122306353861185
16640,-0.0070078580156402726
16896,-0.006898909677419365
17152,-0.006787461339198442
17408,-0.0066725130009775285
17664,-0.006562364662756601
17920,-0.0064494163245356895
18176,-0.006335467986314763
18432,-0.00622691964809384
18688,-0.0061122713098729214
18944,-0.005999622971652005
19200,-0.00588667463343108
19456,-0.00577522629521017
19712,-0.0056649779569892394
19968,-0.005554429618768342
20224,-0.005443781280547413
20480,-0.005332232942326501
20736,-0.005218984604105581
20992,-0.005106036265884656
21248,-0.004994787927663738
21504,-0.004881339589442812
21760,-0.00476799125122189
22016,-0.004655142913000981
22272,-0.0045427945747800735
22528,-0.004429046236559153
22784,-0.004317997898338227
23040,-0.004206349560117312
23296,-0.0040935012218963895
23552,-0.00398365288367547
23808,-0.0038662045454545407
24064,-0.003754856207233634
24320,-0.003640807869012705
24576,-0.003527659530791788
24832,-0.0034158111925708667
25088,-0.0033050628543499633
25344,-0.0031946145161290407
25600,-0.003080966177908123
25856,-0.002972017839687202
26112,-0.0028587695014662823
26368,-0.0027484211632453626
26624,-0.002633772825024444
26880,-0.0025212244868035166
27136,-0.0024103761485825964
27392,-0.002298427810361686
27648,-0.002187579472140766
27904,-0.002074531133919852
28160,-0.0019626827956989307
28416,-0.0018460344574780102
28672,-0.0017340861192570861
28928,-0.0016234377810361716
29184,-0.0015124894428152486
29440,-0.0014014411045943365
29696,-0.0012877927663734051
29952,-0.0011766444281524902
30208,-0.001066696089931568
30464,-9.539477517106487E-4
30720,-8.4239941348975E-4
30976,-7.33351075268826E-4
31232,-6.208027370478986E-4
31488,-5.094543988269779E-4
31744,-3.9710606060605613E-4
32000,-2.856577223851464E-4
32256,-1.7570938416422432E-4
32512,-6.406104594330886E-5
32768,4.5387292277598856E-5
33024,1.5793563049852632E-4
33280,2.679839687194513E-4
33536,3.8083230694035963E-4
33792,4.900806451612894E-4
34048,6.039289833821987E-4
34304,7.150773216031275E-4
34560,8.279256598240498E-4
34816,9.388739980449728E-4
35072,0.0010503223362658826
35328,0.0011621706744868038
35584,0.0012732190127077297
35840,0.0013847673509286285
36096,0.0014969156891495583
36352,0.00161036402737047
36608,0.0017197123655913887
36864,0.0018297607038123137
37120,0.0019363090420332352
37376,0.0020477573802541588
37632,0.0021583057184750704
37888,0.0022734540566959754
38144,0.002384902394916899
38400,0.002495050733137827
38656,0.0026046990713587403
38912,0.002714247409579665
39168,0.0028257957478005774
39424,0.002934344086021501
39680,0.0030449924242424292
39936,0.003157540762463343
40192,0.0032696891006842588
40448,0.0033831374389051774
40704,0.0034978857771260988
40960,0.00360973411534702
41216,0.0037193824535679265
41472,0.0038287307917888452
41728,0.0039385791300097645
41984,0.004048027468230686
42240,0.004153775806451612
42496,0.004265424144672528
42752,0.004376672482893446
43008,0.00448612082111436
43264,0.0045958691593352904
43520,0.0047068174975562
43776,0.004816865835777118
44032,0.004927514173998032
44288,0.005036062512218956
44544,0.0051473108504398735
44800,0.0052562591886607946
45056,0.005366407526881722
45312,0.0054753558651026435
45568,0.005585404203323548
45824,0.005697852541544472
46080,0.005812400879765388
46336,0.005921649217986311
46592,0.006029597556207231
46848,0.006141645894428144
47104,0.006250094232649064
47360,0.006358942570869983
47616,0.006467390909090903
47872,0.006575939247311827
48128,0.0066860875855327545
48384,0.006796135923753659
48640,0.006905784261974586
48896,0.007016232600195488
49152,0.0071244809384164165
49408,0.007233329276637335
49664,0.007341077614858249
49920,0.00745002595307917
50176,0.007561774291300102
50432,0.007672022629521019
50688,0.0077817709677419356
50944,0.007892419305962843
51200,0.008003367644183766
51456,0.00811181598240468
51712,0.008221264320625608
51968,0.00833251265884652
52224,0.008442160997067447
52480,0.008661956656891498
52736,0.008749493313782983
52992,0.008835329970674481
53248,0.008922266627565983
53504,0.009009903284457478
53760,0.00909673994134897
54016,0.009181376598240462
54272,0.009266413255131965
54528,0.009352049912023458
54784,0.009436686568914943
55040,0.009521123225806442
55296,0.009604759882697947
55552,0.009689896539589432
55808,0.009775933196480936
56064,0.00986306985337243
56320,0.009948906510263929
56576,0.010033343167155422
56832,0.010118479824046914
57088,0.010203316480938411
57344,0.010291353137829917
57600,0.0103763897947214
57856,0.0104594264516129
58112,0.010543263108504397
58368,0.010628099765395888
58624,0.010716336422287386
58880,0.010800473079178884
59136,0.010885209736070378
59392,0.010968046392961867
59648,0.011057383049853368
59904,0.011143319706744863
60160,0.011226556363636363
60416,0.011307993020527853
60672,0.011394329677419351
60928,0.011479766334310845
61184,0.011561902991202341
61440,0.011648539648093835
61696,0.01173257630498533
61952,0.011816812961876831
62208,0.011903349618768322
62464,0.011986686275659818
62720,0.012073722932551316
62976,0.012156159589442814
63232,0.012242696246334304
63488,0.012329232903225802
63744,0.012416769560117301
64000,0.01250230621700879
64256,0.01258794287390029
64512,0.012670679530791783
64768,0.012757316187683283
65024,0.012839552844574775
65280,0.01292648950146627
65536,0.013010326158357767
65792,0.013094562815249268
66048,0.013177599472140755
66304,0.013260536129032253
66560,0.013343072785923754
66816,0.01342630944281524
67072,0.013508046099706739
67328,0.013593082756598235
67584,0.013676519413489727
67840,0.013758256070381225
68096,0.01384299272727272
68352,0.013927729384164221
68608,0.01401186604105572
68864,0.014095702697947209
69120,0.014176439354838706
69376,0.014261076011730205
69632,0.014342812668621696
69888,0.014429049325513192
70144,0.014541085982404688
70400,0.01467012263929618
70656,0.014801059296187677
70912,0.014932195953079173
71168,0.015063432609970673
71424,0.01519456926686217
71680,0.015325605923753663
71936,0.015456842580645155
72192,0.015473579237536651
72448,0.013177915894428148
72704,0.007938952551319642
72960,0.002940989208211141
73216,-0.0016150741348973721
73472,-0.005898237478005872
73728,-0.0064347008211143725
73984,-0.0063968641642228735
74240,-0.006283327507331377
74496,-0.0061516908504398865
74752,-0.006020254193548388
75008,-0.005888517536656895
75264,-0.0057571808797654
75520,-0.0056310442228739085
75776,-0.005562407565982405
76032,-0.005475370909090921
76288,-0.005375634252199418
76544,-0.00527459759530792
76800,-0.005175260938416422
77056,-0.0050733242815249255
77312,-0.004972687624633439
77568,-0.0048916509677419395
77824,-0.004817314310850439
78080,-0.004742477653958951
78336,-0.0046722409970674506
78592,-0.004576504340175959
78848,-0.004476967683284469
79104,-0.004378831026392971
79360,-0.004281294369501469
79616,-0.004177757712609975
79872,-0.004080021055718475
80128,-0.0039796843988269825
80384,-0.0038793477419354905
80640,-0.0037772110850439883
80896,-0.0036793744281524987
81152,-0.0035784377712610033
81408,-0.0034811011143695073
81664,-0.003381764457478016
81920,-0.0032809278005865167
82176,-0.003180291143695016
82432,-0.0030801544868035227
82688,-0.002978317829912022
82944,-0.0028806811730205314
83200,-0.002781944516129037
83456,-0.002682307859237537
83712,-0.002582071202346048
83968,-0.002480534545454549
84224,-0.0023816978885630516
84480,-0.0022811612316715607
84736,-0.0021838245747800578
84992,-0.00208628791788857
85248,-0.001986651260997077
85504,-0.0018898146041055747
85760,-0.001790077947214079
86016,-0.0016910412903225827
86272,-0.0015936046334310838
86528,-0.0014953679765395966
86784,-0.001395731319648097
87040,-0.0012967946627566035
87296,-0.001199958005865108
87552,-0.0011008213489736088
87808,-0.001002284692082113
88064,-9.031480351906276E-4
88320,-8.038113782991227E-4
88576,-7.058747214076302E-4
88832,-6.063380645161334E-4
89088,-5.093014076246322E-4
89344,-4.0906475073314297E-4
89600,-3.1062809384165E-4
89856,-2.1139143695014795E-4
90112,-1.1155478005865638E-4
90368,-1.4518123167155117E-5
90624,8.361853372433614E-5
90880,1.832551906158289E-4
91136,2.799918475073285E-4
91392,3.789285043988219E-4
91648,4.8026516129032193E-4
91904,5.804018181818152E-4
92160,6.784384750733105E-4
92416,7.76275131964807E-4
92672,8.749117888563057E-4
92928,9.746484457477944E-4
93184,0.0010709851026392894
93440,0.0011710217595307867
93696,0.0012693584164222768
93952,0.001367495073313782
94208,0.0014664317302052754
94464,0.0015658683870967693
94720,0.0016630050439882665
94976,0.0017612417008797607
95232,0.0018575783577712557
95488,0.001956415014662753
95744,0.0020555516715542455
96000,0.002154388328445743
96256,0.0022533249853372364
96512,0.0023526616422287275
96768,0.002450398299120235
97024,0.002548634956011722
97280,0.002645271612903226
97536,0.002744408269794718
97792,0.002842944926686214
98048,0.0029408815835777063
98304,0.0030391182404692074
98560,0.003138354897360699
98816,0.003236091554252196
99072,0.003335828211143692
99328,0.003433664868035185
99584,0.00353000152492668
99840,0.0036253381818181774
100096,0.0037224748387096745
100352,0.0038204114956011705
100608,0.003917348152492669
100864,0.00401488480938416
101120,0.00411162146627566
101376,0.004207258123167152
101632,0.004302394780058644
101888,0.004398831436950142
102144,0.00449516809384164
102400,0.004592004750733136
102656,0.004690241407624626
102912,0.004789678064516127
103168,0.004886414721407623
103424,0.004984051378299121
103680,0.005081188035190615
103936,0.005176924692082106
104192,0.005273261348973605
104448,0.005369998005865101
104704,0.005454746559139783
104960,0.005426133118279563
105216,0.005396819677419354
105472,0.005370206236559136
105728,0.0053406927956989245
105984,0.005310979354838707
106240,0.005280665913978494
106496,0.005250252473118281
106752,0.005220939032258062
107008,0.005194925591397847
107264,0.005163112150537632
107520,0.005132598709677413
107776,0.005103585268817205
108032,0.00507587182795699
108288,0.005046858387096773
108544,0.005017344946236554
108800,0.004987031505376341
109056,0.004957318064516127
109312,0.004927004623655914
109568,0.004896291182795696
109824,0.0048566777419354785
110080,0.0048108643010752634
110336,0.004799950860215056
110592,0.004806037419354835
110848,0.004812223978494623
111104,0.004817810537634408
111360,0.00480979709677419
111616,0.00465858365591398
111872,0.00413697021505376
112128,0.003876956774193547
112384,0.0038486433333333285
112640,0.003852429892473117
112896,0.003858616451612902
113152,0.0038648030107526904
113408,0.003870889569892469
113664,0.0038768761290322584
113920,0.0038814626881720424
114176,0.003884049247311828
114432,0.0038900358064516104
114688,0.0038962223655913987
114944,0.00390240892473118
115200,0.0039085954838709615
115456,0.0039145820430107545
115712,0.003919768602150535
115968,0.003920855161290322
116224,0.003922041720430106
116480,0.003927828279569889
116736,0.003933914838709678
116992,0.00394010139784946
117248,0.003946187956989245
117504,0.0039523745161290265
117760,0.003958661075268811
118016,0.0039647476344086
118272,0.0039705341935483834
118528,0.003976520752688173
118784,0.003982807311827957
119040,0.003988893870967736
119296,0.0039951804301075235
119552,0.004001266989247309
119808,0.004007453548387097
120064,0.004013540107526883
120320,0.004019526666666665
120576,0.004025813225806453
120832,0.0040318997849462385
121088,0.004037886344086021
121344,0.004044072903225802
121600,0.004049959462365589
121856,0.004055746021505376
122112,0.004061632580645163
122368,0.004067519139784943
122624,0.004073505698924732
122880,0.004079592258064511
123136,0.0040856788172043
123392,0.004091765376344085
123648,0.004097751935483868
123904,0.004103838494623653
124160,0.0041099250537634385
124416,0.0041160116129032275
124672,0.00412199817204301
124928,0.004127984731182793
125184,0.004133871290322579
125440,0.004139757849462366
125696,0.004145844408602148
125952,0.004151830967741937
126208,0.00415781752688172
126464,0.0041638040860215025
126720,0.004169890645161288
126976,0.004175877204301074
127232,0.004181763763440861
127488,0.004187950322580642
127744,0.004193936881720432
128000,0.00420002344086021
128256,0.00420591
128512,0.004211796559139787
128768,0.004217783118279569
129024,0.004223969677419351
129280,0.00422995623655914
129536,0.004236042795698922
129792,0.004242129354838708
130048,0.00424811591397849
130304,0.004254202473118276
130560,0.004260389032258064
130816,0.00426637559139785
131072,0.004272462150537636
131328,0.004278448709677418
131584,0.004284435268817201
131840,0.004290521827956986
132096,0.004296508387096772
132352,0.004302494946236562
132608,0.004308481505376344
132864,0.00431456806451613
133120,0.004320754623655911
133376,0.0043268411827957
133632,0.004332827741935483
133888,0.004338714301075269
134144,0.004344600860215049
134400,0.0043506874193548345
134656,0.0043566739784946275
134912,0.004362560537634407
135168,0.00436854709677419
135424,0.004374433655913976
135680,0.004380420215053759
135936,0.004386506774193548
136192,0.004392593333333333
136448,0.004398679892473119
136704,0.0044048664516129
136960,0.0044110530107526885
137216,0.0044171395698924705
137472,0.004423326129032259
137728,0.00442951268817204
137984,0.00443549924731183
138240,0.0044413858064516094
138496,0.0044472723655913995
138752,0.004453358924731185
139008,0.004459345483870968
139264,0.0044649320430107525
139520,0.0044705186021505375
139776,0.004476605161290326
140032,0.004482791720430108
140288,0.00448877827956989
140544,0.004494664838709677
140800,0.0045007513978494625
141056,0.0045067379569892485
141312,0.004512824516129034
141568,0.004518911075268819
141824,0.004525197634408604
142080,0.004531384193548385
142336,0.00453757075268817
142592,0.004543657311827955
142848,0.004549743870967741
143104,0.004555730430107523
143360,0.004561816989247309
143616,0.004567903548387098
143872,0.004573990107526883
144128,0.004580076666666669
144384,0.00458626322580645
144640,0.004592049784946234
144896,0.004596736344086024
145152,0.004600122903225808
145408,0.004605909462365592
145664,0.004612196021505376
145920,0.004618482580645164
146176,0.004614369139784948
146432,0.0045736556989247334
146688,0.004513242258064515
146944,0.004474828817204301
147200,0.004447315376344085
147456,0.004451701935483873
147712,0.004457688494623656
147968,0.00446397505376344
148224,0.004470261612903224
148480,0.004476348172043013
148736,0.004482434731182795
148992,0.00448802129032258
149248,0.004493907849462367
149504,0.004500194408602151
149760,0.004506480967741935
150016,0.004512767526881723
150272,0.004519054086021507
150528,0.004525240645161289
150784,0.0045311272043010754
151040,0.004536913763440863
151296,0.004543000322580648
151552,0.0045491868817204295
151808,0.004555273440860215
152064,0.00456146
152320,0.004567746559139784
152576,0.004574033118279572
152832,0.004580319677419356
153088,0.00458660623655914
153344,0.004592892795698925
153600,0.004599179354838712
153856,0.004605365913978497
154112,0.0046116524731182815
154368,0.004617939032258066
154624,0.00462422559139785
154880,0.004630512150537634
155136,0.004636798709677422
155392,0.004643085268817206
155648,0.0046493718279569905
155904,0.004655658387096775
156160,0.0046619449462365625
156416,0.004668231505376347
156672,0.004674518064516131
156928,0.004673857429130009
157184,0.004673364858260021
157440,0.00467287228739003
157696,0.004672279716520036
157952,0.004671687145650048
158208,0.0046710945747800575
158464,0.004670602003910066
158720,0.004670109433040078
158976,0.004669616862170087
159232,0.004669124291300095
159488,0.004668631720430107
159744,0.004668139149560116
160000,0.004667646578690125
160256,0.004667154007820137
160512,0.004666661436950145
160768,0.004666068866080158
161024,0.0046655762952101665
161280,0.004665083724340175
161536,0.004664591153470187
161792,0.004664098582600196
162048,0.004663606011730204
162304,0.004663013440860217
162560,0.0046625208699902256
162816,0.004661928299120231
163072,0.004661335728250244
163328,0.0046608431573802525
163584,0.004660250586510262
163840,0.004659658015640274
164096,0.0046590654447702835
164352,0.004658472873900293
164608,0.004657880303030302
164864,0.0046573877321603105
165120,0.004656895161290319
165376,0.004656402590420331
165632,0.00465591001955034
165888,0.004655417448680348
166144,0.00465492487781036
166400,0.0046543323069403696
166656,0.004653839736070378
166912,0.00465334716520039
167168,0.004652854594330399
167424,0.004652362023460407
167680,0.0046518694525904195
167936,0.004651376881720428
168192,0.004650784310850437
168448,0.0046500917399804505
168704,0.004649399169110457
168960,0.00464870659824047
169216,0.004648214027370479
169472,0.004647721456500487
169728,0.0046471288856305
169984,0.0046466363147605085
170240,0.004646143743890517
170496,0.004645651173020529
170752,0.004645158602150538
171008,0.004644666031280546
171264,0.004644173460410558
171520,0.0046435808895405675
171776,0.004643088318670576
172032,0.004642495747800589
172288,0.004642003176930597
172544,0.004641510606060606
172800,0.004641018035190618
173056,0.004640525464320627
173312,0.004640032893450635
173568,0.004639540322580647
173824,0.004638947751710653
174080,0.004638155180840663
174336,0.004637562609970676
174592,0.004636870039100682
174848,0.004636377468230691
175104,0.004635884897360703
175360,0.0046353923264907115
175616,0.004634799755620721
175872,0.004634307184750733
176128,0.004633814613880741
176384,0.00463332204301075
176640,0.004632729472140763
176896,0.004632136901270772
177152,0.004631644330400784
177408,0.0046311517595307924
177664,0.004630659188660801
177920,0.004630166617790813
178176,0.004629674046920822
178432,0.00462918147605083
178688,0.004628688905180842
178944,0.004628196334310851
179200,0.0046277037634408595
179456,0.004627011192570873
179712,0.004626018621700881
179968,0.004625326050830887
180224,0.004624833479960899
180480,0.004624340909090908
180736,0.004623848338220916
180992,0.004622955767350931
181248,0.004621763196480937
181504,0.004619670625610948
181760,0.00461687805474096
182016,0.004615385483870967
182272,0.004614892913000976
182528,0.004614400342130988
182784,0.0046139077712609965
183040,0.004613415200391005
183296,0.004612922629521017
183552,0.004611430058651025
183808,0.004609237487781033
184064,0.004607944916911046
184320,0.004607452346041055
184576,0.004606959775171067
184832,0.0046064672043010756
185088,0.004605774633431085
185344,0.004604882062561096
185600,0.004604189491691106
185856,0.004603696920821115
186112,0.004603104349951127
186368,0.004602611779081136
186624,0.0046021192082111445
186880,0.004601626637341157
187136,0.004601134066471165
187392,0.004600641495601174
187648,0.004600048924731183
187904,0.0045995563538611915
188160,0.0045990637829912
188416,0.004598571212121212
188672,0.004598078641251221
188928,0.004597586070381229
189184,0.004597093499511241
189440,0.00459660092864125
189696,0.004596108357771259
189952,0.004595515786901271
190208,0.00459502321603128
190464,0.004594530645161288
190720,0.0045940380742913005
190976,0.004593545503421309
191232,0.004593052932551318
191488,0.00459246036168133
191744,0.0045918677908113395
192000,0.004591275219941349
192256,0.004590682649071358
192512,0.004590090078201367
192768,0.004589597507331379
193024,0.004589104936461388
193280,0.004588612365591396
193536,0.004588119794721408
193792,0.004587627223851417
194048,0.0045871346529814255
194304,0.004586642082111438
194560,0.004586149511241446
194816,0.004585656940371455
195072,0.004585164369501467
195328,0.004584671798631475
195584,0.004584179227761484
195840,0.004583586656891497
196096,0.004583094086021505
196352,0.004582601515151514
196608,0.004582108944281526
196864,0.0045816163734115345
197120,0.004581023802541544
197376,0.004580531231671556
197632,0.004579938660801565
197888,0.004579346089931574
198144,0.004578753519061583
198400,0.0045781609481915925
198656,0.004577668377321601
198912,0.004577075806451614
199168,0.004576583235581622
199424,0.004576090664711631
199680,0.004575598093841643
199936,0.0045751055229716515
200192,0.004574512952101661
200448,0.004574020381231673
200704,0.004573527810361681
200960,0.0045730352394916934
201216,0.004572542668621702
201472,0.004572050097751711
201728,0.004571557526881723
201984,0.004571064956011731
202240,0.0045704723851417405
202496,0.004569879814271753
202752,0.004569287243401759
203008,0.004568694672531768
203264,0.00456820210166178
203520,0.004567609530791789
203776,0.004567116959921798
204032,0.0045665243890518105
204288,0.00456593181818182
204544,0.004565339247311829
204800,0.004564846676441841
205056,0.0045643541055718495
205312,0.004563861534701858
205568,0.00456336896383187
205824,0.004562876392961879
206080,0.004562383822091887
206336,0.004561891251221899
206592,0.004561398680351908
206848,0.004560906109481917
207104,0.004560413538611929
207360,0.004559920967741937
207616,0.004559428396871946
207872,0.004558935826001958
208128,0.0045584432551319665
208384,0.0045579506842619785
208640,0.004557358113391984
208896,0.004556765542521993
209152,0.004556521368523948
209408,0.004556572737047897
209664,0.004556624105571849
209920,0.0045565754740957976
210176,0.004556626842619746
210432,0.004556678211143694
210688,0.004556729579667646
210944,0.0045567809481915945
211200,0.004556832316715543
211456,0.004556883685239491
211712,0.004556935053763443
211968,0.0045569864222873915
212224,0.00455703779081134
212480,0.004557089159335288
212736,0.004557140527859237
212992,0.0045571918963831885
213248,0.004557243264907137
213504,0.004557294633431085
213760,0.004557346001955034
214016,0.0045573973704789855
214272,0.004556248739002934
214528,0.004555000107526883
214784,0.004554951476050832
215040,0.004555002844574784
215296,0.0045550542130987325
215552,0.004555105581622681
215808,0.004555056950146626
216064,0.004555008318670575
216320,0.0045546596871945295
216576,0.004554411055718476
216832,0.004554462424242425
217088,0.004554513792766373
217344,0.004554565161290325
217600,0.004554616529814273
217856,0.004554567898338222
218112,0.004554519266862171
218368,0.0045545706353861196
218624,0.004554622003910071
218880,0.00455467337243402
219136,0.004554624740957969
219392,0.004554676109481917
219648,0.004554727478005869
219904,0.004554778846529817
220160,0.004554830215053766
220416,0.004554781583577711
220672,0.004554732952101664
220928,0.004554684320625613
221184,0.004554535689149562
221440,0.004554487057673511
221696,0.004554338426197457
221952,0.004554389794721409
222208,0.0045544411632453576
222464,0.004554492531769306
222720,0.004554543900293254
222976,0.004554595268817206
223232,0.0045546466373411545
223488,0.004554698005865103
223744,0.004554749374389051
224000,0.004554800742913003
224256,0.0045548521114369515
224512,0.0045549034799609
224768,0.004554954848484848
225024,0.004555006217008797
225280,0.0045550575855327485
225536,0.004555108954056697
225792,0.004555160322580645
226048,0.004555211691104594
226304,0.004555163059628546
226560,0.0045552144281524945
226816,0.0045551657966764435
227072,0.004555217165200392
227328,0.004555268533724344
227584,0.004555219902248293
227840,0.004555271270772241
228096,0.0045553226392961894
228352,0.004555374007820138
228608,0.00455542537634409
228864,0.004555476744868038
229120,0.004555528113391986
229376,0.004555579481915935
229632,0.004555630850439887
229888,0.004555682218963835
230144,0.004555733587487783
230400,0.004555784956011732
230656,0.004555836324535684
230912,0.004555887693059632
231168,0.00455593906158358
231424,0.004555990430107529
231680,0.004556041798631477
231936,0.004556093167155429
232192,0.004555944535679375
232448,0.004555895904203324
232704,0.004555847272727273
232960,0.0045557986412512255
233216,0.0045557500097751745
233472,0.00455570137829912
233728,0.004555752746823068
233984,0.004555704115347021
234240,0.004555755483870969
234496,0.004555706852394918
234752,0.0045557582209188666
235008,0.004555809589442815
235264,0.004555760957966767
235520,0.004555712326490716
235776,0.004555663695014665
236032,0.004555715063538614
236288,0.004555666432062563
236544,0.004555717800586511
236800,0.0045557691691104595
237056,0.004555820537634408
237312,0.004555771906158357
237568,0.004555723274682309
237824,0.004555774643206258
238080,0.004555726011730207
238336,0.004555677380254156
238592,0.004555628748778108
238848,0.004555480117302054
239104,0.004555431485826003
239360,0.0045554828543499515
239616,0.004555534222873903
239872,0.004555585591397852
240128,0.0045556369599218
240384,0.0045556883284457485
240640,0.004555739696969697
240896,0.004555791065493649
241152,0.004555842434017597
241408,0.004555793802541546
241664,0.0045558451710654944
241920,0.004555896539589446
242176,0.004555947908113395
242432,0.004555999276637343
242688,0.0045560506451612914
242944,0.004556102013685243
243200,0.004556153382209192
243456,0.00455620475073314
243712,0.004556256119257088
243968,0.004556207487781037
244224,0.004556258856304989
244480,0.004556310224828938
244736,0.004556261593352887
244992,0.004556312961876835
245248,0.004556364330400787
245504,0.004556415698924735
245760,0.004556467067448684
246016,0.004556518435972632
246272,0.004556569804496584
246528,0.004556621173020532
246784,0.004556672541544481
247040,0.004556723910068429
247296,0.004556775278592377
247552,0.004556826647116329
247808,0.004556878015640278
248064,0.004556929384164226
248320,0.004556980752688174
248576,0.004557032121212126
248832,0.004557083489736075
249088,0.00455703485826002
249344,0.0045570862267839685
249600,0.00455713759530792
249856,0.004557188963831869
250112,0.004557240332355817
250368,0.004557191700879766
250624,0.004557043069403716
250880,0.004556694437927666
251136,0.004555745806451614
251392,0.004555097174975563
251648,0.004555148543499511
251904,0.004555199912023463
252160,0.0045552512805474114
252416,0.00455520264907136
252672,0.004555254017595309
252928,0.004555305386119261
253184,0.00455525675464321
253440,0.004555308123167158
253696,0.004555359491691106
253952,0.004555410860215055
254208,0.004555462228739007
254464,0.004555513597262955
254720,0.004555564965786903
254976,0.004555616334310852
255232,0.004555467702834805
255488,0.00455541907135875
255744,0.004555370439882699
256000,0.004555321808406648
256256,0.004555373176930597
256512,0.004555324545454549
256768,0.0045553759139784974
257024,0.004555327282502446
257280,0.004555378651026395
257536,0.004555430019550347
257792,0.004555481388074295
258048,0.004555532756598243
258304,0.004555584125122192
258560,0.004555635493646144
258816,0.004555686862170092
259072,0.00455573823069404
259328,0.004555789599217989
259584,0.004555840967741937
259840,0.004555892336265889
260096,0.004555943704789837
260352,0.004555995073313786
260608,0.004556046441837734
260864,0.004555997810361687
261120,0.004555949178885632
