cache_lines,MRC
256,0.014467766764418376
512,0.014510533528836755
768,0.014553800293255129
1024,0.014597267057673507
1280,0.014640633822091884
1536,0.005705400586510263
1792,0.00574876735092864
2048,0.005792234115347019
2304,0.005835700879765395
2560,0.005878167644183772
2816,0.005921634408602149
3072,0.005965101173020527
3328,0.006008567937438904
3584,0.006052034701857282
3840,0.006095501466275658
4096,0.006133968230694035
4352,0.006177434995112412
4608,0.00622090175953079
4864,0.006264368523949166
5120,0.006307835288367545
5376,0.006351302052785921
5632,0.006394768817204299
5888,0.006438235581622676
6144,0.006481702346041052
6400,0.006525169110459431
6656,0.006568635874877809
6912,0.006593402639296185
7168,0.006615369403714565
7424,0.006637236168132943
7680,0.006659102932551319
7936,0.006693269696969697
8192,0.006727936461388074
8448,0.00676240322580645
8704,0.006796269990224828
8960,0.006830636754643205
9216,0.006865303519061582
9472,0.006899270283479961
9728,0.006933837047898338
9984,0.006967603812316715
10240,0.007002170576735092
10496,0.00703573734115347
10752,0.007070104105571845
11008,0.007104970869990226
11264,0.0071389376344086
11520,0.007173704398826978
11776,0.007208871163245355
12032,0.0072438379276637335
12288,0.007278104692082111
12544,0.00731267145650049
12800,0.007347238220918867
13056,0.007380704985337241
13312,0.007415471749755622
13568,0.007449838514173999
13824,0.0074835052785923745
14080,0.007517472043010752
14336,0.007552438807429129
14592,0.007586905571847508
14848,0.0076210723362658845
15104,0.007655839100684261
15360,0.007690505865102639
15616,0.007724572629521016
15872,0.007759439393939393
16128,0.007793806158357772
16384,0.007828172922776148
16640,0.007862339687194525
16896,0.007896506451612903
17152,0.007930773216031282
17408,0.00796493998044966
17664,0.007999506744868034
17920,0.008033173509286414
18176,0.00806754027370479
18432,0.008101507038123169
18688,0.008135773802541544
18944,0.008169740566959922
19200,0.008203007331378298
19456,0.008236974095796677
19712,0.008270640860215053
19968,0.008303907624633431
20224,0.008283174389051809
20480,0.008317941153470187
20736,0.008352307917888562
20992,0.008385774682306939
21248,0.008419841446725317
21504,0.008453608211143696
21760,0.008487574975562072
22016,0.00852184173998045
22272,0.008556108504398828
22528,0.008590475268817203
22784,0.008624542033235582
23040,0.008658808797653957
23296,0.008693175562072337
23552,0.008726742326490714
23808,0.00876080909090909
24064,0.008794675855327467
24320,0.008828342619745848
24576,0.008862809384164222
24832,0.008896876148582599
25088,0.008930442913000977
25344,0.008964409677419356
25600,0.00899827644183773
25856,0.00903204320625611
26112,0.009065109970674487
26368,0.009077783714565003
26624,0.009072487429130008
26880,0.009066691143695012
27136,0.009061394858260019
27392,0.009056698572825024
27648,0.00905110228739003
27904,0.009045706001955034
28160,0.00904080971652004
28416,0.009036513431085042
28672,0.00903111714565005
28928,0.009026620860215053
29184,0.009021324574780058
29440,0.009015228289345062
29696,0.009010432003910065
29952,0.009006035718475074
30208,0.009000539433040078
30464,0.00899584314760508
30720,0.008990946862170087
30976,0.008986250576735091
31232,0.008980554291300097
31488,0.008975858005865102
31744,0.008970861720430108
32000,0.008965265434995113
32256,0.008960769149560116
32512,0.008955572864125124
32768,0.008949676578690127
33024,0.008944280293255131
33280,0.008938784007820139
33536,0.008933587722385141
33792,0.008928091436950145
34048,0.008923195151515151
34304,0.008917998866080155
34560,0.00891190258064516
34816,0.008907006295210166
35072,0.00890181000977517
35328,0.008895313724340177
35584,0.008890417438905182
35840,0.008885321153470186
36096,0.00887982486803519
36352,0.008875028582600196
36608,0.0088703322971652
36864,0.008864836011730205
37120,0.00885963972629521
37376,0.008854843440860218
37632,0.008850047155425221
37888,0.008844850869990224
38144,0.00883995458455523
38400,0.008835058299120235
38656,0.008829262013685238
38912,0.008824265728250244
39168,0.00881896944281525
39424,0.008813273157380255
39680,0.008808276871945261
39936,0.008803480586510266
40192,0.00879758430107527
40448,0.008792388015640272
40704,0.008786991730205279
40960,0.008781295444770285
41216,0.008775399159335288
41472,0.008770002873900293
41728,0.008764706588465298
41984,0.008758610303030302
42240,0.00875291401759531
42496,0.008747717732160314
42752,0.008741121446725317
43008,0.008735725161290323
43264,0.008730928875855328
43520,0.008725132590420334
43776,0.008719836304985339
44032,0.008714440019550344
44288,0.008708543734115348
44544,0.00870274744868035
44800,0.008697351163245359
45056,0.008691554877810363
45312,0.008686458592375365
45568,0.008681462306940372
45824,0.00867566602150538
46080,0.008669269736070382
46336,0.008663873450635387
46592,0.008658577165200392
46848,0.008653080879765396
47104,0.008647684594330402
47360,0.008642588308895409
47616,0.008636192023460412
47872,0.008630595738025416
48128,0.008624799452590422
48384,0.008618803167155426
48640,0.00861290688172043
48896,0.008607310596285436
49152,0.008602314310850442
49408,0.008596318025415446
49664,0.008590421739980451
49920,0.008584725454545458
50176,0.008578829169110461
50432,0.008572832883675467
50688,0.008566836598240472
50944,0.008560840312805476
51200,0.008555144027370478
51456,0.008549547741935486
51712,0.008543951456500491
51968,0.008538955171065496
52224,0.008533958885630499
52480,0.00853470944281525
52736,0.0085288988856305
52992,0.008523788328445747
53248,0.008518277771260997
53504,0.008513167214076245
53760,0.008507956656891495
54016,0.008502046099706746
54272,0.008496835542521994
54528,0.008491424985337243
54784,0.008485614428152492
55040,0.008480603870967742
55296,0.008475193313782992
55552,0.00846918275659824
55808,0.008463572199413488
56064,0.00845846164222874
56320,0.008453051085043989
56576,0.008447140527859238
56832,0.008441929970674488
57088,0.008437019413489736
57344,0.008431308856304985
57600,0.008425998299120236
57856,0.008420687741935485
58112,0.008414777184750734
58368,0.008409466627565983
58624,0.008404256070381231
58880,0.00839764551319648
59136,0.00839163495601173
59392,0.008386424398826978
59648,0.008380613841642227
59904,0.008375803284457476
60160,0.008369692727272728
60416,0.008363482170087977
60672,0.008358171612903226
60928,0.008352561055718476
61184,0.008347150498533722
61440,0.008341239941348971
61696,0.008335029384164222
61952,0.008329018826979472
62208,0.008324208269794721
62464,0.008318697712609971
62720,0.008312487155425218
62976,0.008306476598240468
63232,0.008300866041055718
63488,0.008295155483870968
63744,0.008289344926686216
64000,0.008284134369501466
64256,0.008278223812316715
64512,0.008272713255131965
64768,0.008267802697947212
65024,0.008262192140762462
65280,0.008256781583577712
65536,0.008251071026392961
65792,0.00824536046920821
66048,0.00823984991202346
66304,0.00823393935483871
66560,0.008228528797653959
66816,0.008222718240469207
67072,0.008217007683284457
67328,0.008210497126099708
67584,0.008204686568914956
67840,0.008198776011730205
68096,0.008193265454545455
68352,0.008187854897360703
68608,0.008182044340175953
68864,0.0081763337829912
69120,0.00817042322580645
69376,0.008165012668621699
69632,0.00815920211143695
69888,0.008153491554252199
70144,0.008147580997067447
70400,0.008141970439882696
70656,0.008135759882697945
70912,0.008129949325513197
71168,0.008124138768328446
71424,0.008117928211143694
71680,0.008112017653958943
71936,0.008105807096774192
72192,0.008099596539589441
72448,0.00809398598240469
72704,0.008088175425219942
72960,0.00808216486803519
73216,0.00807615431085044
73472,0.008069443753665688
73728,0.008063733196480937
73984,0.008058022639296187
74240,0.008052112082111436
74496,0.008046501524926686
74752,0.008040990967741935
75008,0.008034780410557184
75264,0.008028869853372433
75520,0.008022459296187681
75776,0.008016148739002932
76032,0.00801033818181818
76288,0.00800462762463343
76544,0.00799861706744868
76800,0.007992706510263929
77056,0.007986195953079178
77312,0.007979885395894427
77568,0.007974174838709675
77824,0.007968064281524927
78080,0.007961753724340175
78336,0.007955743167155424
78592,0.007972366226783968
78848,0.007982282453567937
79104,0.007992498680351906
79360,0.008001914907135876
79616,0.008011331133919844
79872,0.008021547360703813
80128,0.00803186358748778
80384,0.00804087981427175
80640,0.00805089604105572
80896,0.008061212267839686
81152,0.008071228494623656
81408,0.008081144721407623
81664,0.008091060948191594
81920,0.008100877174975563
82176,0.00811079340175953
82432,0.0081208096285435
82688,0.008129925855327468
82944,0.008140642082111436
83200,0.008150358308895406
83456,0.008160374535679374
83712,0.008169890762463343
83968,0.008179006989247312
84224,0.008189223216031282
84480,0.008198939442815249
84736,0.008208255669599217
84992,0.008217971896383186
85248,0.008227488123167155
85504,0.008237404349951124
85760,0.008247420576735092
86016,0.008256836803519062
86272,0.008266753030303029
86528,0.008275969257086999
86784,0.008285285483870967
87040,0.008294801710654935
87296,0.008304617937438905
87552,0.008314234164222875
87808,0.008324350391006843
88064,0.008334166617790812
88320,0.00834358284457478
88576,0.008353299071358749
88832,0.008362515298142716
89088,0.008371331524926686
89344,0.008380847751710656
89600,0.008391263978494625
89856,0.008400780205278593
90112,0.008410396432062562
90368,0.008419712658846529
90624,0.0084293288856305
90880,0.008439445112414467
91136,0.008448861339198435
91392,0.008458377565982405
91648,0.008467493792766373
91904,0.008476810019550342
92160,0.008487226246334311
92416,0.00849704247311828
92672,0.008506858699902248
92928,0.008516474926686217
93184,0.008525891153470185
93440,0.008535907380254155
93696,0.008545923607038122
93952,0.008555139833822091
94208,0.008564556060606061
94464,0.008573972287390031
94720,0.008582788514173998
94976,0.008592504740957966
95232,0.008601920967741934
95488,0.008611137194525904
95744,0.008620853421309874
96000,0.008630269648093842
96256,0.00863988587487781
96512,0.00864930210166178
96768,0.008658618328445748
97024,0.008668234555229717
97280,0.008677550782013686
97536,0.008686167008797653
97792,0.008694983235581624
98048,0.008704499462365591
98304,0.00871371568914956
98560,0.00872303191593353
98816,0.008732148142717498
99072,0.008741164369501467
99328,0.008750080596285435
99584,0.008758796823069404
99840,0.00876781304985337
100096,0.00877642927663734
100352,0.008789245503421311
100608,0.008809561730205279
100864,0.008830077956989247
101120,0.008850794183773217
101376,0.008871410410557185
101632,0.008892026637341153
101888,0.008912742864125123
102144,0.00893345909090909
102400,0.00895407531769306
102656,0.008974791544477029
102912,0.008995507771260998
103168,0.009016223998044966
103424,0.009036940224828933
103680,0.007131456451612903
103936,0.006493272678396872
104192,0.00594698890518084
104448,0.00544300513196481
104704,0.005451370361681329
104960,0.005407680723362658
105216,0.005410291085043987
105472,0.005413001446725316
105728,0.0054157118084066464
105984,0.005418422170087976
106240,0.0054212325317693055
106496,0.005424042893450633
106752,0.005426853255131964
107008,0.0054296636168132935
107264,0.005432373978494623
107520,0.005435084340175951
107776,0.005437894701857282
108032,0.0054407050635386115
108288,0.00544291542521994
108544,0.005438325786901271
108800,0.0054298361485826
109056,0.005424046510263929
109312,0.005419756871945258
109568,0.005415767233626589
109824,0.005411837595307917
110080,0.005407787956989246
110336,0.005403888318670576
110592,0.0054001586803519045
110848,0.005396319042033235
111104,0.005392449403714564
111360,0.005389209765395894
111616,0.0053852201270772225
111872,0.005381340488758553
112128,0.005377320850439881
112384,0.005373481212121211
112640,0.005369911573802541
112896,0.005365901935483869
113152,0.0053619722971652
113408,0.005357732658846528
113664,0.005353733020527859
113920,0.005349933382209188
114176,0.0053463437438905186
114432,0.0053421441055718465
114688,0.005337924467253176
114944,0.005333884828934506
115200,0.005329695190615835
115456,0.005325395552297165
115712,0.005321445913978495
115968,0.005317736275659824
116224,0.005313806637341152
116480,0.0053097469990224825
116736,0.005305887360703811
116992,0.005302147722385141
117248,0.005298658084066471
117504,0.0052943584457478
117760,0.00529040880742913
118016,0.005286519169110458
118272,0.005282679530791788
118528,0.005278659892473117
118784,0.005274850254154446
119040,0.005270530615835777
119296,0.005266360977517105
119552,0.005262081339198436
119808,0.005257741700879765
120064,0.005254052062561094
120320,0.005249822424242424
120576,0.005246062785923752
120832,0.0052419231476050826
121088,0.005237823509286412
121344,0.005233643870967742
121600,0.005229894232649071
121856,0.005226074594330401
122112,0.005222064956011729
122368,0.005218235317693059
122624,0.005214335679374389
122880,0.005210356041055717
123136,0.005206316402737047
123392,0.005202236764418376
123648,0.005198437126099707
123904,0.005194457487781036
124160,0.005190527849462366
124416,0.005186538211143695
124672,0.005182328572825024
124928,0.005177948934506354
125184,0.005173329296187683
125440,0.005169049657869012
125696,0.005164920019550341
125952,0.005160760381231672
126208,0.005156500742913
126464,0.00515222110459433
126720,0.005148201466275659
126976,0.005144291827956989
127232,0.005140472189638319
127488,0.005136722551319648
127744,0.005132772913000977
128000,0.005128873274682306
128256,0.005125103636363636
128512,0.0051211039980449645
128768,0.005116854359726294
129024,0.0051126147214076234
129280,0.005108155083088953
129536,0.005103955444770283
129792,0.005099865806451612
130048,0.005095656168132943
130304,0.005091196529814271
130560,0.0050866868914956
130816,0.00508716348973607
131072,0.005083576979472141
131328,0.005079630469208211
131584,0.00507565395894428
131840,0.0050719974486803515
132096,0.005068210938416423
132352,0.0050646844281524925
132608,0.005060447917888563
132864,0.005056101407624633
133120,0.005052014897360703
133376,0.005048218387096774
133632,0.005044291876832845
133888,0.005040335366568914
134144,0.005036728856304984
134400,0.005032652346041056
134656,0.005028365835777125
134912,0.0050244693255131955
135168,0.005020922815249265
135424,0.005016796304985338
135680,0.005013129794721407
135936,0.005009213284457477
136192,0.005005266774193548
136448,0.005001380263929618
136704,0.004997163753665689
136960,0.00499354724340176
137216,0.004990030733137829
137472,0.0049863242228739
137728,0.00498252771260997
137984,0.004978651202346041
138240,0.004974734692082111
138496,0.004971258181818182
138752,0.0049673416715542516
139008,0.0049633051612903226
139264,0.004959398651026393
139520,0.004955212140762464
139776,0.004950725630498534
140032,0.004946719120234603
140288,0.004942862609970676
140544,0.004939376099706745
140800,0.004935649589442814
141056,0.004931933079178885
141312,0.004928196568914957
141568,0.004924290058651027
141824,0.004920273548387096
142080,0.004916457038123167
142336,0.004912300527859237
142592,0.004907714017595308
142848,0.004903427507331379
143104,0.004899070997067449
143360,0.004894334486803519
143616,0.004890127976539589
143872,0.004886371466275661
144128,0.00488270495601173
144384,0.0048787784457478
144640,0.004874891935483871
144896,0.004870855425219942
145152,0.004866748914956012
145408,0.004862942404692082
145664,0.004858925894428153
145920,0.004854599384164222
146176,0.004850582873900293
146432,0.004846256363636363
146688,0.004841669853372434
146944,0.004837363343108505
147200,0.004833496832844576
147456,0.004829330322580646
147712,0.004825313812316715
147968,0.004821107302052786
148224,0.004816940791788856
148480,0.0048125842815249275
148736,0.004808197771260998
148992,0.004803921260997069
149248,0.004799764750733139
149504,0.004795608240469209
149760,0.004791591730205279
150016,0.00478777521994135
150272,0.004783748709677419
150528,0.00477935219941349
150784,0.00477541568914956
151040,0.00477155917888563
151296,0.0047673326686217005
151552,0.004763206158357771
151808,0.004758969648093842
152064,0.004754883137829911
152320,0.004750376627565982
152576,0.004745770117302053
152832,0.004741523607038124
153088,0.004737367096774195
153344,0.004733100586510264
153600,0.004728864076246334
153856,0.004724697565982405
154112,0.0047198710557184755
154368,0.004716254545454546
154624,0.004711858035190615
154880,0.004707681524926686
155136,0.004703225014662756
155392,0.004698738504398827
155648,0.0046943919941348985
155904,0.004690095483870968
156160,0.004685768973607039
156416,0.004681372463343109
156672,0.004677265953079179
156928,0.00467527248289345
157184,0.0046687149657869
157440,0.004662087448680351
157696,0.004655599931573802
157952,0.004648662414467253
158208,0.004641754897360703
158464,0.004634937380254154
158720,0.004627169863147605
158976,0.004618682346041056
159232,0.004611514828934506
159488,0.004604647311827956
159744,0.0045980497947214075
160000,0.004591122277614859
160256,0.004584334760508308
160512,0.004577537243401759
160768,0.004570459726295209
161024,0.00456336220918866
161280,0.004556344692082111
161536,0.004549367174975562
161792,0.004542649657869013
162048,0.004535782140762463
162304,0.004529004623655914
162560,0.004522377106549364
162816,0.004515219589442815
163072,0.004507272072336266
163328,0.004495994555229716
163584,0.004489547038123167
163840,0.0044885695210166165
164096,0.004489472003910068
164352,0.0044903844868035185
164608,0.004491306969696969
164864,0.0044922294525904195
165120,0.00449315193548387
165376,0.004494074418377321
165632,0.004494996901270772
165888,0.004495919384164222
166144,0.004496841867057673
166400,0.004497764349951123
166656,0.0044986868328445746
166912,0.004499609315738025
167168,0.0045005317986314755
167424,0.004501454281524926
167680,0.0045023767644183765
167936,0.004503299247311827
168192,0.004504221730205278
168448,0.004505144213098729
168704,0.004506066695992179
168960,0.00450698917888563
169216,0.00450791166177908
169472,0.0045088341446725315
169728,0.004509756627565982
169984,0.0045106791104594325
170240,0.004511601593352883
170496,0.004512524076246333
170752,0.004513446559139785
171008,0.004514369042033235
171264,0.004515291524926686
171520,0.004516214007820136
171776,0.004517136490713587
172032,0.004518058973607038
172288,0.0045189814565004885
172544,0.004519903939393939
172800,0.0045208264222873894
173056,0.00452174890518084
173312,0.004522671388074291
173568,0.004523573870967742
173824,0.0045244763538611924
174080,0.004525378836754643
174336,0.004526281319648094
174592,0.004527173802541544
174848,0.004528066285434996
175104,0.004528968768328446
175360,0.004529871251221897
175616,0.004530763734115346
175872,0.0045316762170087965
176128,0.004532578699902248
176384,0.004533501182795698
176640,0.004534423665689149
176896,0.004535346148582599
177152,0.00453626863147605
177408,0.004537191114369501
177664,0.004538113597262952
177920,0.004539036080156402
178176,0.004539958563049853
178432,0.004540881045943303
178688,0.004541803528836754
178944,0.004542726011730205
179200,0.004543648494623655
179456,0.004544570977517106
179712,0.004545493460410556
179968,0.004546415943304008
180224,0.004547338426197458
180480,0.004548260909090909
180736,0.004549183391984359
180992,0.0045501058748778096
181248,0.004551028357771261
181504,0.0045519508406647105
181760,0.004552863323558162
182016,0.0045537758064516124
182272,0.004554648289345063
182528,0.004555550772238515
182784,0.0045564332551319645
183040,0.004556714789833822
183296,0.004556679579667645
183552,0.004556654369501467
183808,0.0045566291593352876
184064,0.00455662394916911
184320,0.004556618739002932
184576,0.004556613528836754
184832,0.004556588318670576
185088,0.0045565931085043984
185344,0.0045565978983382206
185600,0.004556602688172043
185856,0.004556607478005865
186112,0.004556612267839687
186368,0.004556617057673509
186624,0.004556621847507331
186880,0.004556626637341153
187136,0.004556631427174975
187392,0.004556636217008797
187648,0.0045566410068426195
187904,0.004556635796676442
188160,0.004556640586510264
188416,0.004556645376344086
188672,0.004556650166177908
188928,0.00455665495601173
189184,0.004556659745845551
189440,0.004556664535679374
189696,0.0045566693255131956
189952,0.0045566741153470185
190208,0.00455667890518084
190464,0.004556683695014663
190720,0.004556688484848484
190976,0.004556693274682307
191232,0.004556698064516128
191488,0.004556702854349951
191744,0.004556707644183772
192000,0.004556712434017595
192256,0.004556717223851417
192512,0.00455669201368524
192768,0.004556666803519061
193024,0.0045566115933528845
193280,0.004556586383186706
193536,0.004556581173020529
193792,0.00455656596285435
194048,0.0045565407526881735
194304,0.004556525542521993
194560,0.004556530332355816
194816,0.0045565151221896374
195072,0.004556479912023461
195328,0.004556454701857282
195584,0.004556459491691105
195840,0.004556464281524926
196096,0.004556469071358749
196352,0.0045564738611925705
196608,0.0045564786510263935
196864,0.004556483440860215
197120,0.004556488230694038
197376,0.004556493020527859
197632,0.004556497810361682
197888,0.004556502600195503
198144,0.004556507390029326
198400,0.004556512179863147
198656,0.00455651696969697
198912,0.004556521759530792
199168,0.0045565265493646145
199424,0.004556531339198436
199680,0.004556536129032259
199936,0.00455654091886608
200192,0.004556545708699903
200448,0.004556550498533724
200704,0.004556545288367546
200960,0.0045565400782013685
201216,0.004556544868035191
201472,0.004556549657869013
201728,0.004556534447702835
201984,0.004556499237536657
202240,0.00455646402737048
202496,0.004556438817204302
202752,0.0045564036070381226
203008,0.004556398396871945
203264,0.004556393186705767
203520,0.004556387976539589
203776,0.004556382766373411
204032,0.004556377556207233
204288,0.0045563823460410555
204544,0.004556387135874878
204800,0.0045563919257087
205056,0.004556396715542522
205312,0.004556401505376344
205568,0.004556406295210166
205824,0.004556411085043988
206080,0.00455641587487781
206336,0.004556420664711632
206592,0.0045564254545454545
206848,0.0045564302443792766
207104,0.004556435034213099
207360,0.004556439824046921
207616,0.004556444613880743
207872,0.004556449403714565
208128,0.004556454193548387
208384,0.004556458983382209
208640,0.004556463773216031
208896,0.004556468563049853
209152,0.004556470586510264
209408,0.004556471173020528
209664,0.004556471759530792
209920,0.004556472346041056
210176,0.00455647293255132
210432,0.004556473519061584
210688,0.004556474105571848
210944,0.004556474692082112
211200,0.004556475278592376
211456,0.00455647586510264
211712,0.004556476451612904
211968,0.004556477038123168
212224,0.0045564776246334315
212480,0.004556478211143695
212736,0.004556478797653959
212992,0.004556479384164223
213248,0.0045564799706744865
213504,0.0045564805571847505
213760,0.0045564811436950145
214016,0.0045564817302052784
214272,0.004556482316715542
214528,0.004556482903225806
214784,0.0045564834897360695
215040,0.0045564840762463334
215296,0.004556484662756597
215552,0.004556485249266861
215808,0.004556485835777125
216064,0.004556486422287389
216320,0.004556487008797653
216576,0.004556487595307917
216832,0.004556488181818181
217088,0.004556478768328445
217344,0.004556479354838709
217600,0.004556479941348973
217856,0.004556480527859237
218112,0.004556481114369501
218368,0.004556481700879765
218624,0.004556482287390029
218880,0.004556482873900293
219136,0.004556483460410557
219392,0.004556484046920821
219648,0.004556484633431085
219904,0.004556485219941349
220160,0.004556485806451613
220416,0.004556486392961877
220672,0.004556486979472141
220928,0.004556487565982405
221184,0.004556488152492669
221440,0.004556488739002932
221696,0.004556489325513196
221952,0.00455648991202346
222208,0.004556490498533724
222464,0.004556491085043988
222720,0.004556491671554252
222976,0.004556492258064516
223232,0.0045564928445747796
223488,0.0045564934310850435
223744,0.004556494017595307
224000,0.004556494604105571
224256,0.0045564951906158346
224512,0.0045564957771260985
224768,0.0045564963636363625
225024,0.0045564969501466265
225280,0.00455649753665689
225536,0.004556498123167154
225792,0.004556498709677418
226048,0.004556499296187682
226304,0.004556499882697946
226560,0.00455650046920821
226816,0.004556501055718474
227072,0.004556501642228738
227328,0.004556502228739002
227584,0.004556502815249266
227840,0.00455650340175953
228096,0.004556503988269794
228352,0.004556504574780058
228608,0.004556505161290322
228864,0.004556505747800586
229120,0.00455650633431085
229376,0.004556506920821114
229632,0.004556507507331378
229888,0.004556508093841642
230144,0.004556498680351906
230400,0.004556489266862169
230656,0.004556459853372433
230912,0.004556420439882697
231168,0.0045564010263929615
231424,0.004556401612903225
231680,0.0045563921994134894
231936,0.0045563727859237535
232192,0.004556353372434018
232448,0.004556343958944282
232704,0.004556334545454545
232960,0.004556335131964809
233216,0.004556335718475073
233472,0.004556336304985337
233728,0.004556336891495601
233984,0.004556337478005865
234240,0.004556338064516129
234496,0.004556338651026393
234752,0.0045563392375366565
235008,0.0045563398240469205
235264,0.004556343421309873
235520,0.004556346842619746
235776,0.004556350263929618
236032,0.004556353685239491
236288,0.004556357106549364
236544,0.004556360527859238
236800,0.00455636394916911
237056,0.004556367370478983
237312,0.004556370791788856
237568,0.00455637421309873
237824,0.004556377634408602
238080,0.004556371055718475
238336,0.004556354477028348
238592,0.00455631789833822
238848,0.004556281319648093
239104,0.004556254740957966
239360,0.004556228162267839
239616,0.004556221583577712
239872,0.004556205004887585
240128,0.0045561884261974585
240384,0.004556171847507331
240640,0.004556165268817204
240896,0.004556158690127077
241152,0.004556162111436951
241408,0.004556165532746823
241664,0.004556168954056696
241920,0.004556172375366568
242176,0.004556175796676442
242432,0.004556179217986315
242688,0.004556182639296188
242944,0.00455618606060606
243200,0.004556189481915934
243456,0.004556182903225807
243712,0.00455617632453568
243968,0.0045561797458455525
244224,0.004556183167155425
244480,0.0045561865884652985
244736,0.004556190009775172
244992,0.0045561934310850444
245248,0.004556196852394917
245504,0.00455620027370479
245760,0.004556203695014663
246016,0.004556207116324536
246272,0.004556210537634409
246528,0.0045562139589442816
246784,0.004556217380254155
247040,0.004556220801564028
247296,0.004556224222873901
247552,0.0045562276441837735
247808,0.004556231065493646
248064,0.0045562344868035195
248320,0.004556237908113393
248576,0.004556221329423266
248832,0.004556204750733138
249088,0.00455617817204301
249344,0.004556151593352883
249600,0.004556145014662756
249856,0.004556138435972629
250112,0.004556121857282502
250368,0.004556105278592375
250624,0.004556098699902249
250880,0.004556102121212121
251136,0.004556085542521994
251392,0.004556058963831867
251648,0.00455605238514174
251904,0.004556055806451614
252160,0.004556059227761486
252416,0.004556062649071359
252672,0.004556066070381232
252928,0.004556069491691105
253184,0.004556072913000978
253440,0.004556076334310851
253696,0.004556079755620723
253952,0.004556083176930597
254208,0.00455608659824047
254464,0.004556090019550343
254720,0.004556093440860215
254976,0.004556096862170088
255232,0.004556100283479961
255488,0.004556103704789835
255744,0.004556107126099707
256000,0.00455611054740958
256256,0.004556113968719453
256512,0.004556117390029327
256768,0.004556120811339199
257024,0.004556124232649072
257280,0.004556127653958944
257536,0.004556121075268818
257792,0.004556104496578691
258048,0.004556077917888564
258304,0.004556061339198437
258560,0.0045560447605083095
258816,0.004556038181818183
259072,0.004556031603128055
259328,0.004556035024437927
259584,0.0045560284457478
259840,0.004556021867057673
260096,0.004556005288367547
260352,0.00455598870967742
260608,0.004555982130987292
260864,0.004555975552297165
261120,0.004555978973607038
