cache_lines,MRC
256,0.014695778494623654
512,0.014881256989247305
768,0.015146735483870966
1024,-0.01159538602150538
1280,-0.011324207526881722
1536,-0.011069529032258066
1792,-0.013028050537634422
2048,-0.012756672043010744
2304,-0.0124936935483871
2560,-0.012222215053763447
2816,-0.011952336559139784
3072,-0.011685258064516132
3328,-0.011413779569892465
3584,-0.011144801075268815
3840,-0.010873322580645162
4096,-0.010601844086021509
4352,-0.010332665591397852
4608,-0.01009318709677419
4864,-0.00989680860215053
5120,-0.009698930107526885
5376,-0.009476751612903234
5632,-0.009248773118279568
5888,-0.009018494623655907
6144,-0.008789116129032257
6400,-0.008559937634408599
6656,-0.008325359139784952
6912,-0.008095180645161279
7168,-0.007865302150537629
7424,-0.007636423655913979
7680,-0.007404545161290327
7936,-0.00717346666666667
8192,-0.006943388172043
8448,-0.006713909677419347
8704,-0.006484831182795692
8960,-0.006254052688172043
9216,-0.006024974193548388
9472,-0.005796695698924728
9728,-0.005565717204301074
9984,-0.005335138709677417
10240,-0.005103360215053768
10496,-0.004873081720430106
10752,-0.004645603225806441
11008,-0.004413824731182792
11264,-0.004184146236559133
11520,-0.003951367741935483
11776,-0.003720589247311834
12032,-0.0034897107526881688
12288,-0.0032630322580645132
12544,-0.003032953763440857
12800,-0.002803775268817213
13056,-0.002574596774193555
13312,-0.0023447182795698907
13568,-0.0021946397849462312
13824,-0.001982661290322582
14080,-0.0017526827956989288
14336,-0.0015231043010752732
14592,-0.0012930258064516031
14848,-0.0010665473118279534
15104,-8.373688172042953E-4
15360,-6.059903225806434E-4
15616,-3.758118279569983E-4
15872,-1.4583333333333115E-4
16128,8.3245161290324E-5
16384,3.16423655913986E-4
16640,5.471021505376317E-4
16896,7.722806451612857E-4
17152,9.99959139784956E-4
17408,0.0012311376344086022
17664,0.001457516129032263
17920,0.0016866946236559072
18176,0.0019168731182795662
18432,0.0021416516129032365
18688,0.002372530107526888
18944,0.0026014086021505373
19200,0.0028305870967741953
19456,0.003058265591397838
19712,0.0032847440860215155
19968,0.00351152258064516
20224,0.0037384010752688213
20480,0.003966179569892467
20736,0.0041956580645161196
20992,0.0044248365591397915
21248,0.004652315053763442
21504,0.004881993548387101
21760,0.005111572043010756
22016,0.005340650537634398
22272,0.005569229032258066
22528,0.0057992075268817195
22784,0.006026486021505378
23040,0.006254364516129027
23296,0.006483443010752689
23552,0.006709521505376348
23808,0.0069432000000000105
24064,0.00717077849462365
24320,0.007401056989247312
24576,0.007630435483870969
24832,0.00785851397849463
25088,0.00808549247311828
25344,0.008312170967741936
25600,0.008542049462365586
25856,0.008767227956989247
26112,0.008996706451612907
26368,0.009111906881720436
26624,0.00910993376344086
26880,0.0091058606451613
27136,0.009100087526881726
27392,0.009095414408602162
27648,0.009089641290322595
27904,0.009086068172043014
28160,0.009081295053763448
28416,0.009081321935483881
28672,0.00907664881720431
28928,0.009070675698924738
29184,0.009065002580645166
29440,0.009059429462365591
29696,0.009056456344086035
29952,0.009050983225806455
30208,0.00904431010752689
30464,0.009040436989247322
30720,0.00903536387096774
30976,0.009027790752688176
31232,0.00902371763440861
31488,0.009018444516129043
31744,0.009014171397849477
32000,0.009008998279569892
32256,0.009002325161290327
32512,0.008997352043010762
32768,0.008990178924731182
33024,0.008986105806451622
33280,0.008979532688172052
33536,0.008975759569892473
33792,0.008968386451612909
34048,0.00896561333333333
34304,0.008960140215053772
34560,0.0089563670967742
34816,0.008950693978494635
35072,0.008945520860215057
35328,0.008940747741935484
35584,0.008935174623655923
35840,0.00893010150537634
36096,0.008925628387096783
36352,0.008922455268817207
36608,0.008915182150537632
36864,0.008908609032258069
37120,0.008898535913978503
37376,0.008893362795698932
37632,0.008887289677419356
37888,0.00888581655913978
38144,0.008880643440860217
38400,0.008874170322580657
38656,0.008867197204301076
38912,0.008860124086021513
39168,0.008855050967741931
39424,0.008846977849462367
39680,0.008841004731182808
39936,0.008836931612903227
40192,0.008832458494623656
40448,0.008829285376344094
40704,0.008827412258064521
40960,0.008822639139784955
41216,0.008815666021505374
41472,0.008808392903225805
41728,0.008801619784946237
41984,0.008794446666666664
42240,0.008783573548387102
42496,0.00877860043010753
42752,0.008773227311827954
43008,0.008766054193548388
43264,0.008759181075268824
43520,0.008753507956989245
43776,0.008746934838709683
44032,0.008740961720430103
44288,0.008732888602150539
44544,0.008727515483870962
44800,0.008719842365591396
45056,0.008713369247311836
45312,0.008705696129032263
45568,0.008699123010752687
45824,0.008694949892473117
46080,0.008692876774193545
46336,0.008685503655913987
46592,0.008676830537634413
46848,0.008672257419354838
47104,0.008664084301075271
47360,0.008656311182795695
47616,0.008648138064516128
47872,0.008640064946236557
48128,0.008633591827956998
48384,0.008627018709677421
48640,0.008620045591397854
48896,0.008613872473118275
49152,0.008605499354838717
49408,0.00859772623655914
49664,0.008588853118279567
49920,0.008581179999999994
50176,0.008576306881720439
50432,0.008569933763440868
50688,0.00856306064516129
50944,0.008557087526881717
51200,0.008551414408602145
51456,0.008543241290322579
51712,0.008536068172043013
51968,0.008530695053763436
52224,0.008523721935483876
52480,0.008785024203323562
52736,0.00899562840664711
52992,0.009204532609970673
53248,0.009414536813294232
53504,0.00962524101661779
53760,0.009835145219941346
54016,0.010042849423264902
54272,0.010250953626588462
54528,0.010459657829912018
54784,0.010667362033235567
55040,0.01087486623655913
55296,0.011081570439882699
55552,0.011289774643206248
55808,0.011498878846529816
56064,0.011709083049853367
56320,0.011917987253176929
56576,0.012125491456500485
56832,0.012333695659824041
57088,0.012541599863147596
57344,0.012752704066471166
57600,0.012960808269794719
57856,0.013166912473118277
58112,0.013373816676441837
58368,0.013581720879765391
58624,0.013793025083088953
58880,0.014000229286412508
59136,0.014208033489736066
59392,0.014413937693059618
59648,0.014626341896383184
59904,0.014835346099706735
60160,0.015041650303030299
60416,0.015246154506353853
60672,0.015455558709677415
60928,0.015664062913000973
61184,0.015869267116324533
61440,0.01607897131964809
61696,0.016286075522971642
61952,0.016493379726295207
62208,0.01670298392961876
62464,0.01690938813294232
62720,0.017119492336265876
62976,0.017324996539589438
63232,0.017534600742913
63488,0.017744204946236554
63744,0.01795480914956011
64000,0.01816341335288367
64256,0.018372117556207233
64512,0.018577921759530783
64768,0.018787625962854347
65024,0.018992930166177903
65280,0.019202934369501462
65536,0.019409838572825022
65792,0.01961714277614858
66048,0.01982324697947213
66304,0.020029251182795693
66560,0.020234855386119258
66816,0.020441159589442807
67072,0.02064596379276637
67328,0.020854067996089923
67584,0.021060572199413485
67840,0.02126537640273704
68096,0.0214731806060606
68352,0.021680984809384157
68608,0.02188818901270772
68864,0.02209509321603128
69120,0.022298897419354834
69376,0.02250660162267839
69632,0.02271140582600195
69888,0.02292071002932551
70144,0.02315581423264907
70400,0.023407918435972626
70656,0.02366192263929618
70912,0.02391612684261974
71168,0.024170431045943304
71424,0.024424635249266857
71680,0.024678739452590415
71936,0.02493304365591397
72192,0.02507284785923753
72448,0.02290025206256109
72704,0.01778435626588465
72960,0.012909460469208205
73216,0.008476464672531762
73472,0.004316368875855327
73728,0.0039029730791788828
73984,0.004063877282502439
74240,0.004300481485825999
74496,0.00455518568914956
74752,0.004809689892473115
75008,0.005064494095796665
75264,0.005318898299120231
75520,0.005568102502443786
75776,0.0057598067057673535
76032,0.005969910909090902
76288,0.006192715112414465
76544,0.006416819315738023
76800,0.0066392235190615816
77056,0.006864227722385138
77312,0.007087931925708692
77568,0.007292036129032252
77824,0.007489440332355813
78080,0.007687344535679368
78336,0.007880648739002932
78592,0.007960219599217985
78848,0.007936389198435971
79104,0.007911158797653958
79360,0.007885328396871949
79616,0.007865497996089932
79872,0.007839867595307921
80128,0.00781683719452591
80384,0.00779380679374389
80640,0.007772576392961878
80896,0.007747045992179864
81152,0.007724615591397848
81408,0.007698585190615833
81664,0.00767455478983382
81920,0.0076520243890518085
82176,0.007629293988269798
82432,0.00760606358748778
82688,0.00758453318670577
82944,0.0075588027859237565
83200,0.00753417238514174
83456,0.007510441984359729
83712,0.007487311583577714
83968,0.007465481182795702
84224,0.007440950782013688
84480,0.007418120381231675
84736,0.00739208998044966
84992,0.00736625957966764
85248,0.007342529178885629
85504,0.007315998778103613
85760,0.007292368377321605
86016,0.00726803797653959
86272,0.007242107575757578
86528,0.007216977174975561
86784,0.00719324677419355
87040,0.007168816373411532
87296,0.007142285972629524
87552,0.007118055571847505
87808,0.007093225171065497
88064,0.007068994770283478
88320,0.007044964369501465
88576,0.007019533968719453
88832,0.006995703567937439
89088,0.006969373167155429
89344,0.006946242766373411
89600,0.006921312365591393
89856,0.006897181964809384
90112,0.006873651564027371
90368,0.006847321163245355
90624,0.006822090762463342
90880,0.0067983603616813305
91136,0.006771729960899312
91392,0.0067472995601173015
91648,0.0067252691593352905
91904,0.006702038758553273
92160,0.006676708357771264
92416,0.0066511779569892494
92672,0.006626447556207237
92928,0.006602817155425222
93184,0.006575786754643206
93440,0.006552456353861192
93696,0.0065274259530791745
93952,0.006502195552297162
94208,0.006477765151515151
94464,0.006453834750733134
94720,0.00642760434995112
94976,0.00640247394916911
95232,0.006375443548387094
95488,0.006350913147605081
95744,0.006326682746823069
96000,0.006302152346041055
96256,0.006277721945259038
96512,0.006253691544477025
96768,0.006228061143695014
97024,0.006202930742912997
97280,0.00617620034213099
97536,0.006151969941348971
97792,0.006127139540566963
98048,0.006101709139784944
98304,0.006076578739002931
98560,0.006052448338220915
98816,0.0060268179374389046
99072,0.006003187536656889
99328,0.005977657135874875
99584,0.005950626735092859
99840,0.0059225963343108486
100096,0.005896365933528835
100352,0.005870935532746823
100608,0.0058445051319648104
100864,0.005818674731182794
101120,0.005792044330400783
101376,0.0057643139296187675
101632,0.005736083528836752
101888,0.0057091531280547385
102144,0.005682122727272729
102400,0.00565559232649071
102656,0.0056304619257086935
102912,0.005606531524926683
103168,0.005579901124144672
103424,0.005554170723362659
103680,0.005527940322580645
103936,0.005500309921798625
104192,0.005473279521016616
104448,0.005446649120234605
104704,0.005462813861192569
104960,0.005442267722385135
105216,0.0054210215835777086
105472,0.00540247544477028
105728,0.005381029305962855
105984,0.005359383167155424
106240,0.005337137028347996
106496,0.005314790889540566
106752,0.005293544750733133
107008,0.005275598611925707
107264,0.0052518524731182785
107520,0.005229406334310845
107776,0.005208460195503421
108032,0.005188814056695992
108288,0.00516786791788856
108544,0.005146421779081128
108800,0.005124175640273704
109056,0.005102529501466273
109312,0.005080283362658845
109568,0.005057637223851413
109824,0.005026091085043982
110080,0.004988344946236553
110336,0.004985498807429132
110592,0.0049996526686216965
110848,0.005013906529814271
111104,0.005027560391006842
111360,0.00502761425219941
111616,0.004884468113391983
111872,0.004370921974584548
112128,0.004118975835777125
112384,0.004098729696969693
112640,0.004110583558162267
112896,0.004124837419354835
113152,0.004139091280547409
113408,0.004153245141739974
113664,0.004167299002932553
113920,0.004179952864125123
114176,0.004190606725317691
114432,0.0042046605865102595
114688,0.004218914447702834
114944,0.004233168308895401
115200,0.004247422170087972
115456,0.004261476031280548
115712,0.004274729892473114
115968,0.004283883753665688
116224,0.004293137614858257
116480,0.004306991476050827
116736,0.004321145337243398
116992,0.004335399198435969
117248,0.004349553059628541
117504,0.004363806920821108
117760,0.0043781607820136785
118016,0.00439231464320625
118272,0.00440616850439882
118528,0.004420222365591399
118784,0.004434576226783969
119040,0.004448730087976534
119296,0.004463083949169104
119552,0.0044772378103616756
119808,0.00449149167155425
120064,0.0045056455327468214
120320,0.0045196993939393935
120576,0.004534053255131964
120832,0.004548207116324535
121088,0.004562260977517104
121344,0.0045765148387096714
121600,0.004590468699902244
121856,0.004604322561094817
122112,0.00461827642228739
122368,0.004632230283479956
122624,0.004646284144672531
122880,0.004660438005865096
123136,0.0046745918670576675
123392,0.004688745728250239
123648,0.004702799589442811
123904,0.004716953450635383
124160,0.004731107311827954
124416,0.004745261173020526
124672,0.004759315034213094
124928,0.004773368895405663
125184,0.004787322756598239
125440,0.004801276617790812
125696,0.004815430478983376
125952,0.004829484340175952
126208,0.0048435382013685205
126464,0.004857592062561089
126720,0.004871745923753661
126976,0.004885799784946233
127232,0.004899753646138805
127488,0.004914007507331373
127744,0.004928061368523948
128000,0.004942215229716513
128256,0.004956169090909086
128512,0.004970122952101662
128768,0.0049841768132942305
129024,0.004998430674486798
129280,0.0050124845356793735
129536,0.005026638396871938
129792,0.0050407922580645095
130048,0.005054846119257078
130304,0.005068999980449653
130560,0.0050832538416422275
130816,0.005082003567937438
131072,0.005080057135874876
131328,0.005078010703812315
131584,0.00507596427174975
131840,0.005074017839687191
132096,0.00507197140762463
132352,0.005069924975562072
132608,0.005067878543499511
132864,0.005065932111436952
133120,0.005064085679374386
133376,0.0050621392473118275
133632,0.005060092815249263
133888,0.005057946383186705
134144,0.005055799951124141
134400,0.005053853519061579
134656,0.0050518070869990245
134912,0.005049660654936457
135168,0.005047614222873895
135424,0.005045467790811338
135680,0.005043421358748773
135936,0.0050414749266862145
136192,0.005039528494623656
136448,0.005037582062561094
136704,0.005035735630498531
136960,0.005033889198435972
137216,0.005031942766373407
137472,0.005030096334310851
137728,0.005028249902248285
137984,0.0050262034701857305
138240,0.005024057038123163
138496,0.0050219106060606054
138752,0.005019964173998047
139008,0.005017917741935482
139264,0.005015471309872923
139520,0.0050130248778103605
139776,0.005011078445747802
140032,0.005009232013685239
140288,0.0050071855816226744
140544,0.005005039149560117
140800,0.0050030927174975585
141056,0.005001046285434994
141312,0.004999099853372435
141568,0.004997153421309873
141824,0.004995406989247313
142080,0.004993560557184751
142336,0.004991714125122185
142592,0.004989767693059626
142848,0.004987821260997064
143104,0.004985774828934503
143360,0.004983828396871944
143616,0.004981881964809382
143872,0.004979935532746824
144128,0.004977989100684265
144384,0.004976142668621699
144640,0.004973896236559139
144896,0.004970549804496578
145152,0.004965903372434018
145408,0.004963656940371458
145664,0.004961910508308895
145920,0.004960164076246335
146176,0.004948017644183771
146432,0.004899271212121213
146688,0.0048308247800586505
146944,0.004784378347996089
147200,0.004748831915933529
147456,0.00474518548387097
147712,0.004743139051808405
147968,0.0047413926197458454
148224,0.004739646187683282
148480,0.004737699755620724
148736,0.004735753323558162
148992,0.004733306891495599
149248,0.004731160459433042
149504,0.004729414027370479
149760,0.004727667595307919
150016,0.004725921163245359
150272,0.004724174731182796
150528,0.004722328299120233
150784,0.0047201818670576726
151040,0.004717935434995112
151296,0.004715989002932554
151552,0.004714142570869988
151808,0.004712196138807429
152064,0.00471034970674487
152320,0.004708603274682307
152576,0.004706856842619747
152832,0.004705110410557184
153088,0.004703363978494624
153344,0.0047016175464320645
153600,0.004699871114369501
153856,0.004698024682306942
154112,0.004696278250244379
154368,0.004694531818181819
154624,0.0046927853861192595
154880,0.004691038954056696
155136,0.004689292521994137
155392,0.004687546089931577
155648,0.004685799657869014
155904,0.004684053225806454
156160,0.004682306793743891
156416,0.004680560361681331
156672,0.004678813929618771
156928,0.0046732997556207245
157184,0.004672249511241448
157440,0.004671199266862172
157696,0.004670049022482893
157952,0.004668898778103614
158208,0.004667748533724338
158464,0.004666698289345062
158720,0.004665648044965786
158976,0.00466459780058651
159232,0.004663547556207234
159488,0.004662497311827957
159744,0.004661447067448681
160000,0.0046603968230694015
160256,0.004659346578690125
160512,0.004658296334310849
160768,0.0046571460899315735
161024,0.004656095845552297
161280,0.004655045601173021
161536,0.004653995356793745
161792,0.004652945112414469
162048,0.0046518948680351925
162304,0.004650744623655913
162560,0.004649694379276637
162816,0.004648544134897358
163072,0.0046473938905180825
163328,0.004646343646138806
163584,0.004645193401759531
163840,0.004644043157380255
164096,0.0046428929130009795
164352,0.0046417426686217005
164608,0.004640592424242421
164864,0.004639542179863145
165120,0.004638491935483869
165376,0.004637441691104593
165632,0.004636391446725317
165888,0.00463534120234604
166144,0.004634290957966764
166400,0.004633140713587489
166656,0.004632090469208209
166912,0.004631040224828933
167168,0.0046299899804496565
167424,0.00462893973607038
167680,0.004627889491691104
167936,0.004626839247311828
168192,0.004625689002932552
168448,0.004624438758553277
168704,0.004623188514173995
168960,0.00462193826979472
169216,0.004620888025415444
169472,0.004619837781036168
169728,0.004618687536656892
169984,0.004617637292277616
170240,0.00461658704789834
170496,0.004615536803519064
170752,0.0046144865591397875
171008,0.004613436314760508
171264,0.004612386070381232
171520,0.004611235826001956
171776,0.00461018558162268
172032,0.004609035337243404
172288,0.004607985092864128
172544,0.004606934848484852
172800,0.004605884604105576
173056,0.004604834359726296
173312,0.00460378411534702
173568,0.004602733870967744
173824,0.0046015836265884645
174080,0.00460023338220919
174336,0.0045990831378299145
174592,0.004597832893450636
174848,0.00459678264907136
175104,0.004595732404692084
175360,0.004594682160312804
175616,0.004593531915933528
175872,0.004592481671554252
176128,0.004591431427174976
176384,0.0045903811827957
176640,0.004589230938416424
176896,0.0045880806940371485
177152,0.004587030449657872
177408,0.004585980205278593
177664,0.0045849299608993165
177920,0.00458387971652004
178176,0.004582829472140764
178432,0.004581779227761488
178688,0.004580728983382212
178944,0.0045796787390029355
179200,0.004578628494623659
179456,0.004577378250244384
179712,0.004575828005865104
179968,0.004574577761485826
180224,0.004573527517106549
180480,0.004572477272727273
180736,0.004571427028347997
180992,0.004569976783968723
181248,0.004568226539589444
181504,0.0045655762952101706
181760,0.004562226050830894
182016,0.0045601758064516135
182272,0.004559125562072337
182528,0.004558075317693061
182784,0.004557025073313785
183040,0.004556775102639299
183296,0.004556840205278596
183552,0.004555905307917888
183808,0.004554270410557185
184064,0.004553535513196483
184320,0.00455360061583578
184576,0.0045536657184750765
184832,0.00455373082111437
185088,0.004553595923753668
185344,0.004553261026392964
185600,0.004553126129032262
185856,0.0045531912316715585
186112,0.0045531563343108525
186368,0.004553221436950149
186624,0.004553286539589446
186880,0.004553351642228743
187136,0.00455341674486804
187392,0.004553481847507333
187648,0.004553446950146627
187904,0.004553512052785924
188160,0.004553577155425221
188416,0.004553642258064518
188672,0.004553707360703815
188928,0.004553772463343108
189184,0.004553837565982405
189440,0.004553902668621702
189696,0.0045539677712609986
189952,0.004553932873900296
190208,0.004553997976539589
190464,0.004554063079178886
190720,0.004554128181818183
190976,0.00455419328445748
191232,0.004554258387096777
191488,0.004554223489736071
191744,0.004554188592375368
192000,0.004554153695014666
192256,0.00455411879765396
192512,0.004554083900293257
192768,0.00455414900293255
193024,0.004554214105571847
193280,0.004554279208211144
193536,0.004554344310850441
193792,0.004554409413489738
194048,0.004554474516129031
194304,0.004554539618768328
194560,0.004554604721407625
194816,0.004554669824046922
195072,0.004554734926686219
195328,0.004554800029325512
195584,0.004554865131964809
195840,0.004554830234604106
196096,0.004554895337243403
196352,0.0045549604398827
196608,0.004555025542521993
196864,0.00455509064516129
197120,0.004555055747800588
197376,0.0045551208504398845
197632,0.004555085953079182
197888,0.004555051055718479
198144,0.00455501615835777
198400,0.004554981260997067
198656,0.004555046363636364
198912,0.004555011466275662
199168,0.0045550765689149585
199424,0.004555141671554252
199680,0.004555206774193549
199936,0.0045552718768328455
200192,0.004555236979472143
200448,0.00455530208211144
200704,0.004555367184750733
200960,0.00455543228739003
201216,0.004555497390029327
201472,0.004555562492668624
201728,0.004555627595307921
201984,0.004555692697947214
202240,0.004555657800586511
202496,0.004555622903225809
202752,0.004555588005865103
203008,0.0045555531085044
203264,0.004555618211143694
203520,0.004555583313782991
203776,0.004555648416422288
204032,0.004555613519061585
204288,0.004555578621700883
204544,0.004555543724340177
204800,0.004555608826979474
205056,0.0045556739296187705
205312,0.004555739032258067
205568,0.004555804134897364
205824,0.004555869237536658
206080,0.0045559343401759544
206336,0.004555999442815251
206592,0.004556064545454548
206848,0.004556129648093845
207104,0.004556194750733142
207360,0.004556259853372435
207616,0.004556324956011732
207872,0.004556390058651029
208128,0.004556455161290326
208384,0.004556520263929623
208640,0.004556485366568913
208896,0.0045564504692082106
209152,0.004556526402737047
209408,0.004556582805474097
209664,0.004556639208211144
209920,0.004556595610948191
210176,0.004556652013685238
210432,0.004556708416422289
210688,0.0045567648191593355
210944,0.004556821221896382
211200,0.004556877624633433
211456,0.0045569340273704795
211712,0.004556990430107526
211968,0.004557046832844577
212224,0.0045571032355816235
212480,0.00455715963831867
212736,0.004557216041055717
212992,0.0045572724437927675
213248,0.004557328846529814
213504,0.004557385249266861
213760,0.0045574416520039115
214016,0.004557498054740958
214272,0.0045563544574780054
214528,0.0045551108602150565
214784,0.004555067262952104
215040,0.004555123665689151
215296,0.004555180068426198
215552,0.004555236471163248
215808,0.004555192873900292
216064,0.004555149276637339
216320,0.004554805679374392
216576,0.004554562082111437
216832,0.004554618484848484
217088,0.0045546748875855345
217344,0.004554731290322581
217600,0.004554787693059628
217856,0.004554744095796676
218112,0.0045547004985337265
218368,0.004554756901270773
218624,0.00455481330400782
218880,0.0045548697067448705
219136,0.004554826109481918
219392,0.004554882512218965
219648,0.004554938914956015
219904,0.004554995317693062
220160,0.004555051720430109
220416,0.004555008123167153
220672,0.004554964525904204
220928,0.004554920928641251
221184,0.004554777331378299
221440,0.00455473373411535
221696,0.004554590136852395
221952,0.004554646539589442
222208,0.004554702942326492
222464,0.004554759345063539
222720,0.004554815747800586
222976,0.0045548721505376324
223232,0.004554928553274683
223488,0.00455498495601173
223744,0.0045550413587487765
224000,0.004555097761485827
224256,0.004555154164222874
224512,0.0045552105669599205
224768,0.004555266969696967
225024,0.004555323372434018
225280,0.0045553797751710645
225536,0.004555436177908111
225792,0.004555492580645162
226048,0.0045555489833822085
226304,0.004555505386119256
226560,0.004555561788856306
226816,0.004555518191593354
227072,0.004555574594330401
227328,0.0045556309970674475
227584,0.004555587399804498
227840,0.004555643802541545
228096,0.004555700205278592
228352,0.004555756608015642
228608,0.004555813010752689
228864,0.004555869413489736
229120,0.004555925816226786
229376,0.004555982218963833
229632,0.00455603862170088
229888,0.004556095024437927
230144,0.004556151427174977
230400,0.004556207829912024
230656,0.004556264232649071
230912,0.004556320635386121
231168,0.004556377038123168
231424,0.004556433440860215
231680,0.004556489843597265
231936,0.004556546246334312
232192,0.004556402649071357
232448,0.004556359051808404
232704,0.004556315454545455
232960,0.0045562718572825026
233216,0.00455622826001955
233472,0.0045561846627565974
233728,0.004556241065493644
233984,0.004556197468230692
234240,0.004556253870967742
234496,0.0045562102737047895
234752,0.004556266676441836
235008,0.004556323079178883
235264,0.0045563853567937435
235520,0.0045563307135874885
235776,0.0045562760703812336
236032,0.0045563214271749745
236288,0.004556266783968716
236544,0.004556312140762461
236800,0.004556357497556205
237056,0.0045564028543499495
237312,0.0045563482111436945
237568,0.004556293567937436
237824,0.004556338924731181
238080,0.004556284281524926
238336,0.004556229638318671
238592,0.004556174995112416
238848,0.004556020351906158
239104,0.004555965708699903
239360,0.004556011065493644
239616,0.004556056422287388
239872,0.004556101779081133
240128,0.004556147135874877
240384,0.004556192492668622
240640,0.004556237849462366
240896,0.004556283206256107
241152,0.004556328563049852
241408,0.004556273919843597
241664,0.004556319276637341
241920,0.004556364633431086
242176,0.00455640999022483
242432,0.0045564553470185745
242688,0.0045565007038123155
242944,0.00455654606060606
243200,0.004556591417399804
243456,0.004556636774193549
243712,0.004556682130987293
243968,0.004556627487781038
244224,0.004556672844574783
244480,0.004556718201368524
244736,0.004556663558162269
244992,0.004556708914956013
245248,0.004556754271749758
245504,0.004556799628543502
245760,0.004556844985337247
246016,0.004556890342130988
246272,0.004556935698924732
246528,0.004556981055718477
246784,0.004557026412512221
247040,0.0045570717693059655
247296,0.00455711712609971
247552,0.004557162482893454
247808,0.004557207839687195
248064,0.00455725319648094
248320,0.004557298553274684
248576,0.004557343910068429
248832,0.004557389266862173
249088,0.004557334623655915
249344,0.004557379980449656
249600,0.0045574253372434
249856,0.004557470694037145
250112,0.004557516050830889
250368,0.004557461407624634
250624,0.00455730676441838
250880,0.004556952121212123
251136,0.004555997478005863
251392,0.004555342834799608
251648,0.004555388191593353
251904,0.004555433548387097
252160,0.004555478905180842
252416,0.004555424261974587
252672,0.004555469618768328
252928,0.004555514975562072
253184,0.004555460332355817
253440,0.004555505689149562
253696,0.004555551045943306
253952,0.004555596402737051
254208,0.004555641759530795
254464,0.004555687116324536
254720,0.0045557324731182805
254976,0.004555777829912025
255232,0.004555623186705771
255488,0.004555568543499512
255744,0.004555513900293257
256000,0.004555459257086999
256256,0.004555504613880743
256512,0.004555449970674488
256768,0.004555495327468233
257024,0.004555440684261978
257280,0.004555486041055722
257536,0.004555531397849467
257792,0.004555576754643208
258048,0.004555622111436952
258304,0.004555667468230697
258560,0.004555712825024441
258816,0.0045557581818181855
259072,0.00455580353861193
259328,0.0045558488954056744
259584,0.0045558942521994154
259840,0.00455593960899316
260096,0.004555984965786904
260352,0.004556030322580649
260608,0.004556075679374393
260864,0.004556021036168138
261120,0.004555966392961876
