cache_lines,MRC
256,0.015534800000000001
512,0.0155344
768,0.015534300000000001
1024,0.015534300000000001
1280,0.015534200000000001
1536,0.009556700000000001
1792,0.0095566
2048,0.0095566
2304,0.0095566
2560,0.0095566
2816,0.0095566
3072,0.0095566
3328,0.0095566
3584,0.0095566
3840,0.0095566
4096,0.0095519
4352,0.0095519
4608,0.0095519
4864,0.0095519
5120,0.0095519
5376,0.0095519
5632,0.0095519
5888,0.0095519
6144,0.0095519
6400,0.0095519
6656,0.0095519
6912,0.0095393
7168,0.0095247
7424,0.0095102
7680,0.009496000000000001
7936,0.0094897
8192,0.009483700000000001
8448,0.0094777
8704,0.0094715
8960,0.0094655
9216,0.009459400000000001
9472,0.0094529
9728,0.009447200000000001
9984,0.009441300000000001
10240,0.009435200000000001
10496,0.0094289
10752,0.009422900000000001
11008,0.0094166
11264,0.0094102
11520,0.0094044
11776,0.0093985
12032,0.009392500000000002
12288,0.009385800000000001
12544,0.0093801
12800,0.0093743
13056,0.009368000000000001
13312,0.0093617
13568,0.0093556
13824,0.0093491
14080,0.009342900000000001
14336,0.0093367
14592,0.009330600000000001
14848,0.009324200000000001
15104,0.009318
15360,0.009311700000000001
15616,0.0093057
15872,0.0092995
16128,0.009293000000000001
16384,0.0092866
16640,0.0092802
16896,0.009274200000000002
17152,0.0092677
17408,0.009261400000000001
17664,0.009255500000000002
17920,0.0092492
18176,0.009242700000000001
18432,0.009236300000000001
18688,0.009230100000000001
18944,0.0092236
19200,0.0092175
19456,0.009211100000000002
19712,0.0092048
19968,0.009198000000000001
20224,0.0091561
20480,0.009149800000000001
20736,0.0091435
20992,0.009137000000000001
21248,0.009130600000000001
21504,0.0091246
21760,0.0091178
22016,0.009111500000000002
22272,0.0091056
22528,0.0090991
22784,0.009092800000000002
23040,0.009086700000000001
23296,0.0090805
23552,0.009074200000000001
23808,0.009067700000000001
24064,0.009061300000000001
24320,0.009054300000000001
24576,0.009048
24832,0.009041400000000002
25088,0.009035300000000001
25344,0.009028900000000001
25600,0.0090229
25856,0.0090165
26112,0.00901
26368,0.00913931
26624,0.00913341
26880,0.00912671
27136,0.00912021
27392,0.00911371
27648,0.009106910000000001
27904,0.009100210000000001
28160,0.00909371
28416,0.00908741
28672,0.00908071
28928,0.00907441
29184,0.00906841
29440,0.00906161
29696,0.00905561
29952,0.00904971
30208,0.00904301
30464,0.00903631
30720,0.00902971
30976,0.00902351
31232,0.00901711
31488,0.009010210000000001
31744,0.009003810000000001
32000,0.00899691
32256,0.00899051
32512,0.00898391
32768,0.00897681
33024,0.008970210000000001
33280,0.00896391
33536,0.00895731
33792,0.00895081
34048,0.00894441
34304,0.00893811
34560,0.00893151
34816,0.00892511
35072,0.00891871
35328,0.00891191
35584,0.00890531
35840,0.00889891
36096,0.00889241
36352,0.008885510000000001
36608,0.00887951
36864,0.00887251
37120,0.00886581
37376,0.00885941
37632,0.008852510000000001
37888,0.00884561
38144,0.00883931
38400,0.008832910000000001
38656,0.00882641
38912,0.00881971
39168,0.00881301
39424,0.00880611
39680,0.00879951
39936,0.008792910000000001
40192,0.008786210000000001
40448,0.00877961
40704,0.00877311
40960,0.008766310000000001
41216,0.00875951
41472,0.00875321
41728,0.00874681
41984,0.00873951
42240,0.008732710000000001
42496,0.00872641
42752,0.00871941
43008,0.00871271
43264,0.00870621
43520,0.008699710000000001
43776,0.008692710000000001
44032,0.00868611
44288,0.00867931
44544,0.00867281
44800,0.00866601
45056,0.00865931
45312,0.008652410000000001
45568,0.00864581
45824,0.00863911
46080,0.00863151
46336,0.00862451
46592,0.008618210000000001
46848,0.00861171
47104,0.00860531
47360,0.00859861
47616,0.00859161
47872,0.00858501
48128,0.008578510000000001
48384,0.008571810000000001
48640,0.00856521
48896,0.00855881
49152,0.00855211
49408,0.00854591
49664,0.00853961
49920,0.00853301
50176,0.00852611
50432,0.00851971
50688,0.00851291
50944,0.00850611
51200,0.00849951
51456,0.00849281
51712,0.008485910000000001
51968,0.008479210000000001
52224,0.00847271
52480,0.00860222
52736,0.008595720000000001
52992,0.008589020000000001
53248,0.00858242
53504,0.00857592
53760,0.00856942
54016,0.008562420000000001
54272,0.008555720000000001
54528,0.00854852
54784,0.008541720000000001
55040,0.00853472
55296,0.00852802
55552,0.00852132
55808,0.008514220000000001
56064,0.00850772
56320,0.00850102
56576,0.00849402
56832,0.00848742
57088,0.00848012
57344,0.00847302
57600,0.00846652
57856,0.008459320000000001
58112,0.00845242
58368,0.00844582
58624,0.00843892
58880,0.00843172
59136,0.00842522
59392,0.008418420000000001
59648,0.00841122
59904,0.008404120000000001
60160,0.008397120000000001
60416,0.00839032
60672,0.00838312
60928,0.00837572
61184,0.00836852
61440,0.00836152
61696,0.00835452
61952,0.00834722
62208,0.00834012
62464,0.00833302
62720,0.00832562
62976,0.00831872
63232,0.008311520000000001
63488,0.008303920000000001
63744,0.00829652
64000,0.00828982
64256,0.00828242
64512,0.00827552
64768,0.00826882
65024,0.00826152
65280,0.00825402
65536,0.00824722
65792,0.00823982
66048,0.00823292
66304,0.00822602
66560,0.008218920000000001
66816,0.00821182
67072,0.00820502
67328,0.008197920000000001
67584,0.00819042
67840,0.00818322
68096,0.00817632
68352,0.00816942
68608,0.00816232
68864,0.00815502
69120,0.00814792
69376,0.008140920000000001
69632,0.00813352
69888,0.00812652
70144,0.008119320000000001
70400,0.00811222
70656,0.008105320000000001
70912,0.00809832
71168,0.008090720000000001
71424,0.00808392
71680,0.00807702
71936,0.00806992
72192,0.00806262
72448,0.00805552
72704,0.00804823
72960,0.00804082
73216,0.00803377
73472,0.00802654
73728,0.00801925
73984,0.00801201
74240,0.00800488
74496,0.00799777
74752,0.00799117
75008,0.00798371
75264,0.00797646
75520,0.007968890000000001
75776,0.00796142
76032,0.00795408
76288,0.00794693
76544,0.00793931
76800,0.00793222
77056,0.0079253
77312,0.00791774
77568,0.0079109
77824,0.00790327
78080,0.007895560000000001
78336,0.00788845
78592,0.00802941
78848,0.00802176
79104,0.008014480000000001
79360,0.008006760000000002
79616,0.00799903
79872,0.00799188
80128,0.007984060000000001
80384,0.007976819999999999
80640,0.007969690000000001
80896,0.00796216
81152,0.0079546
81408,0.00794761
81664,0.00794027
81920,0.00793303
82176,0.00792576
82432,0.00791822
82688,0.00791128
82944,0.007903879999999999
83200,0.007896219999999999
83456,0.00788885
83712,0.00788138
83968,0.007873660000000001
84224,0.007866169999999999
84480,0.00785831
84736,0.00785067
84992,0.007843139999999998
85248,0.007836309999999999
85504,0.00782849
85760,0.00782109
86016,0.00781383
86272,0.00780623
86528,0.007798770000000001
86784,0.007791190000000001
87040,0.007783620000000001
87296,0.00777619
87552,0.007768659999999999
87808,0.00776125
88064,0.00775368
88320,0.00774574
88576,0.00773814
88832,0.00773089
89088,0.00772295
89344,0.007715810000000001
89600,0.00770811
89856,0.00770021
90112,0.00769287
90368,0.00768497
90624,0.0076774
90880,0.00766976
91136,0.00766199
91392,0.007654470000000001
91648,0.00764673
91904,0.00763912
92160,0.0076316299999999995
92416,0.0076241500000000005
92672,0.00761665
92928,0.00760912
93184,0.0076014
93440,0.00759363
93696,0.007585860000000001
93952,0.00757808
94208,0.00757027
94464,0.00756238
94720,0.00755473
94976,0.00754718
95232,0.007539349999999999
95488,0.007531510000000001
95744,0.00752398
96000,0.0075166700000000005
96256,0.0075086499999999995
96512,0.00750095
96768,0.00749333
97024,0.007485640000000001
97280,0.0074778200000000005
97536,0.00746995
97792,0.007462310000000001
98048,0.0074546199999999995
98304,0.00744666
98560,0.007438640000000001
98816,0.007430740000000001
99072,0.00742301
99328,0.007415250000000001
99584,0.00740685
99840,0.0073991199999999995
100096,0.007391020000000001
100352,0.00738588
100608,0.00738478
100864,0.007384570000000001
101120,0.007384300000000001
101376,0.00738407
101632,0.00738388
101888,0.007383679999999999
102144,0.0073835
102400,0.00738333
102656,0.0073831700000000005
102912,0.007383
103168,0.0073828800000000005
103424,0.00738273
103680,0.0065667500000000005
103936,0.0056628
104192,0.00526439
104448,0.00493835
104704,0.005484660000000001
104960,0.00545072
105216,0.005450630000000001
105472,0.005450480000000001
105728,0.00545042
105984,0.005450330000000001
106240,0.00545024
106496,0.005450150000000001
106752,0.005450010000000001
107008,0.005449900000000001
107264,0.00544983
107520,0.00544978
107776,0.0054497
108032,0.005449570000000001
108288,0.0054491
108544,0.0054451000000000005
108800,0.005437590000000001
109056,0.00543154
109312,0.005426960000000001
109568,0.005422580000000001
109824,0.005418040000000001
110080,0.005413680000000001
110336,0.005409150000000001
110592,0.005404760000000001
110848,0.00540032
111104,0.005395710000000001
111360,0.00539108
111616,0.00538646
111872,0.0053816
112128,0.00537697
112384,0.00537274
112640,0.0053681200000000005
112896,0.005363580000000001
113152,0.0053587700000000005
113408,0.00535429
113664,0.00535004
113920,0.00534512
114176,0.005340920000000001
114432,0.00533618
114688,0.00533135
114944,0.00532667
115200,0.0053219700000000005
115456,0.00531721
115712,0.00531255
115968,0.0053079600000000005
116224,0.0053032900000000004
116480,0.005298550000000001
116736,0.005294180000000001
116992,0.005289640000000001
117248,0.00528507
117504,0.005280730000000001
117760,0.00527631
118016,0.005271830000000001
118272,0.0052672000000000005
118528,0.00526241
118784,0.005257530000000001
119040,0.005252730000000001
119296,0.00524796
119552,0.00524334
119808,0.0052389
120064,0.005234150000000001
120320,0.0052298100000000005
120576,0.005224950000000001
120832,0.00522036
121088,0.00521557
121344,0.0052108300000000005
121600,0.00520593
121856,0.00520113
122112,0.005196490000000001
122368,0.00519191
122624,0.00518736
122880,0.0051826400000000005
123136,0.00517773
123392,0.00517322
123648,0.005168860000000001
123904,0.0051640900000000005
124160,0.0051598
124416,0.00515507
124672,0.00515056
124928,0.00514573
125184,0.00514095
125440,0.00513592
125696,0.005131480000000001
125952,0.00512674
126208,0.0051218
126464,0.00511724
126720,0.00511226
126976,0.0051072
127232,0.00510239
127488,0.005097620000000001
127744,0.005092950000000001
128000,0.00508833
128256,0.005083600000000001
128512,0.0050791000000000005
128768,0.0050742
129024,0.00506968
129280,0.0050647900000000004
129536,0.00505986
129792,0.00505492
130048,0.00505064
130304,0.005045480000000001
130560,0.00504027
130816,0.00513617
131072,0.0051312
131328,0.00512646
131584,0.0051214
131840,0.00511657
132096,0.00511167
132352,0.00510681
132608,0.00510163
132864,0.00509654
133120,0.00509156
133376,0.00508669
133632,0.00508183
133888,0.00507676
134144,0.0050719
134400,0.00506671
134656,0.00506181
134912,0.00505688
135168,0.0050519
135424,0.00504701
135680,0.00504226
135936,0.00503754
136192,0.005033
136448,0.00502824
136704,0.00502353
136960,0.00501853
137216,0.00501364
137472,0.00500854
137728,0.0050038
137984,0.00499902
138240,0.00499399
138496,0.00498896
138752,0.00498378
139008,0.00497894
139264,0.0049740999999999995
139520,0.00496903
139776,0.00496406
140032,0.00495912
140288,0.004954
140544,0.00494888
140800,0.00494398
141056,0.00493913
141312,0.00493418
141568,0.00492924
141824,0.00492403
142080,0.00491887
142336,0.00491382
142592,0.0049089599999999995
142848,0.00490379
143104,0.00489863
143360,0.0048936
143616,0.00488848
143872,0.00488339
144128,0.00487847
144384,0.00487338
144640,0.00486866
144896,0.00486356
145152,0.00485846
145408,0.00485326
145664,0.00484839
145920,0.00484349
146176,0.0048384199999999995
146432,0.0048332
146688,0.00482816
146944,0.0048230799999999996
147200,0.00481799
147456,0.0048128599999999995
147712,0.00480781
147968,0.00480272
148224,0.00479784
148480,0.00479286
148736,0.00478784
148992,0.00478281
149248,0.00477774
149504,0.00477267
149760,0.00476759
150016,0.00476249
150272,0.0047573599999999995
150528,0.00475215
150784,0.00474724
151040,0.00474241
151296,0.00473734
151552,0.00473248
151808,0.00472767
152064,0.00472257
152320,0.0047175
152576,0.00471243
152832,0.00470724
153088,0.0047020099999999995
153344,0.00469681
153600,0.00469187
153856,0.00468688
154112,0.00468186
154368,0.00467682
154624,0.00467178
154880,0.00466673
155136,0.00466165
155392,0.00465635
155648,0.00465098
155904,0.00464577
156160,0.0046406699999999995
156416,0.00463559
156672,0.0046304
156928,0.00470054
157184,0.00469527
157440,0.004690229999999999
157696,0.00468489
157952,0.00467951
158208,0.004674209999999999
158464,0.004669029999999999
158720,0.00466343
158976,0.004657089999999999
159232,0.004651679999999999
159488,0.004646409999999999
159744,0.00464122
160000,0.00463584
160256,0.004630509999999999
160512,0.004625259999999999
160768,0.004620149999999999
161024,0.004614989999999999
161280,0.004609769999999999
161536,0.004604489999999999
161792,0.004599109999999999
162048,0.004593819999999999
162304,0.004588999999999999
162560,0.0045838499999999996
162816,0.00457858
163072,0.004573259999999999
163328,0.0045651699999999995
163584,0.0045593199999999995
163840,0.004556999999999999
164096,0.00455696
164352,0.00455696
164608,0.00455696
164864,0.00455696
165120,0.00455696
165376,0.00455696
165632,0.00455696
165888,0.00455696
166144,0.00455696
166400,0.00455696
166656,0.00455696
166912,0.00455696
167168,0.00455696
167424,0.00455696
167680,0.00455696
167936,0.00455696
168192,0.00455696
168448,0.00455696
168704,0.00455696
168960,0.00455695
169216,0.00455695
169472,0.00455695
169728,0.00455695
169984,0.00455695
170240,0.00455695
170496,0.00455695
170752,0.00455695
171008,0.00455695
171264,0.00455695
171520,0.00455695
171776,0.00455695
172032,0.00455695
172288,0.00455695
172544,0.00455695
172800,0.00455695
173056,0.00455695
173312,0.00455695
173568,0.00455695
173824,0.004556929999999999
174080,0.004556919999999999
174336,0.004556909999999999
174592,0.004556899999999999
174848,0.004556889999999999
175104,0.004556879999999999
175360,0.004556879999999999
175616,0.004556859999999999
175872,0.0045568399999999995
176128,0.0045568299999999996
176384,0.00455681
176640,0.00455681
176896,0.00455681
177152,0.00455681
177408,0.00455681
177664,0.00455681
177920,0.00455681
178176,0.004556799999999999
178432,0.004556799999999999
178688,0.004556799999999999
178944,0.004556799999999999
179200,0.004556799999999999
179456,0.004556799999999999
179712,0.004556799999999999
179968,0.004556799999999999
180224,0.004556799999999999
180480,0.004556799999999999
180736,0.004556799999999999
180992,0.004556799999999999
181248,0.004556799999999999
181504,0.004556799999999999
181760,0.004556799999999999
182016,0.004556799999999999
182272,0.004556779999999999
182528,0.004556769999999999
182784,0.004556759999999999
183040,0.00455684
183296,0.0045568200000000005
183552,0.0045568100000000005
183808,0.004556800000000001
184064,0.004556790000000001
184320,0.004556770000000001
184576,0.004556760000000001
184832,0.004556760000000001
185088,0.004556760000000001
185344,0.00455675
185600,0.00455675
185856,0.00455675
186112,0.00455675
186368,0.00455675
186624,0.00455675
186880,0.00455675
187136,0.00455675
187392,0.00455675
187648,0.00455675
187904,0.00455675
188160,0.00455675
188416,0.00455675
188672,0.00455675
188928,0.00455675
189184,0.00455675
189440,0.00455675
189696,0.00455675
189952,0.00455675
190208,0.00455675
190464,0.00455675
190720,0.00455675
190976,0.00455675
191232,0.00455675
191488,0.00455675
191744,0.00455675
192000,0.00455675
192256,0.00455675
192512,0.00455674
192768,0.00455673
193024,0.00455672
193280,0.0045567
193536,0.00455669
193792,0.0045566700000000005
194048,0.004556650000000001
194304,0.004556640000000001
194560,0.004556640000000001
194816,0.004556640000000001
195072,0.004556620000000001
195328,0.0045566
195584,0.0045566
195840,0.0045566
196096,0.0045566
196352,0.0045566
196608,0.0045566
196864,0.0045566
197120,0.0045566
197376,0.0045566
197632,0.0045566
197888,0.0045566
198144,0.0045566
198400,0.0045566
198656,0.0045566
198912,0.0045566
199168,0.0045566
199424,0.0045566
199680,0.0045566
199936,0.0045566
200192,0.0045566
200448,0.0045566
200704,0.0045566
200960,0.00455658
201216,0.00455656
201472,0.00455655
201728,0.00455654
201984,0.0045565300000000005
202240,0.0045565300000000005
202496,0.004556490000000001
202752,0.00455646
203008,0.00455645
203264,0.00455644
203520,0.00455642
203776,0.00455641
204032,0.00455641
204288,0.00455641
204544,0.00455641
204800,0.00455641
205056,0.00455641
205312,0.00455641
205568,0.00455641
205824,0.00455641
206080,0.00455641
206336,0.00455641
206592,0.00455641
206848,0.00455641
207104,0.00455641
207360,0.00455641
207616,0.00455641
207872,0.00455641
208128,0.00455641
208384,0.00455641
208640,0.00455641
208896,0.00455641
209152,0.00455647
209408,0.00455647
209664,0.00455647
209920,0.00455647
210176,0.00455647
210432,0.00455647
210688,0.00455647
210944,0.00455647
211200,0.00455647
211456,0.00455647
211712,0.00455647
211968,0.00455647
212224,0.00455647
212480,0.00455647
212736,0.00455647
212992,0.00455647
213248,0.00455647
213504,0.00455647
213760,0.00455647
214016,0.00455647
214272,0.00455647
214528,0.00455647
214784,0.00455647
215040,0.00455647
215296,0.00455647
215552,0.00455647
215808,0.00455647
216064,0.00455647
216320,0.00455647
216576,0.00455647
216832,0.00455647
217088,0.00455647
217344,0.00455647
217600,0.00455647
217856,0.00455647
218112,0.00455647
218368,0.00455647
218624,0.00455647
218880,0.00455647
219136,0.00455647
219392,0.00455647
219648,0.00455647
219904,0.00455647
220160,0.00455647
220416,0.00455647
220672,0.00455647
220928,0.00455647
221184,0.00455647
221440,0.00455647
221696,0.00455647
221952,0.00455647
222208,0.00455647
222464,0.00455647
222720,0.00455647
222976,0.00455647
223232,0.00455647
223488,0.00455647
223744,0.00455647
224000,0.00455647
224256,0.00455647
224512,0.00455647
224768,0.00455647
225024,0.00455647
225280,0.00455647
225536,0.00455647
225792,0.00455647
226048,0.00455647
226304,0.00455647
226560,0.00455647
226816,0.00455647
227072,0.00455647
227328,0.00455647
227584,0.00455647
227840,0.00455647
228096,0.00455647
228352,0.00455647
228608,0.00455647
228864,0.00455647
229120,0.00455647
229376,0.00455647
229632,0.00455647
229888,0.00455646
230144,0.00455646
230400,0.00455645
230656,0.00455643
230912,0.00455641
231168,0.0045564
231424,0.0045564
231680,0.0045563900000000004
231936,0.00455637
232192,0.00455635
232448,0.00455635
232704,0.00455635
232960,0.00455635
233216,0.00455635
233472,0.00455635
233728,0.00455635
233984,0.00455635
234240,0.00455635
234496,0.00455635
234752,0.00455635
235008,0.00455635
235264,0.00455623
235520,0.00455623
235776,0.00455623
236032,0.00455623
236288,0.00455623
236544,0.00455623
236800,0.00455623
237056,0.00455623
237312,0.00455623
237568,0.00455623
237824,0.00455623
238080,0.00455623
238336,0.00455621
238592,0.00455619
238848,0.00455618
239104,0.00455617
239360,0.00455617
239616,0.00455617
239872,0.00455614
240128,0.00455613
240384,0.00455612
240640,0.00455611
240896,0.00455609
241152,0.00455609
241408,0.00455609
241664,0.00455609
241920,0.00455609
242176,0.00455609
242432,0.00455609
242688,0.00455609
242944,0.00455609
243200,0.00455609
243456,0.00455609
243712,0.00455609
243968,0.00455609
244224,0.00455609
244480,0.00455609
244736,0.00455609
244992,0.00455609
245248,0.00455609
245504,0.00455609
245760,0.00455609
246016,0.00455609
246272,0.00455609
246528,0.00455609
246784,0.00455609
247040,0.00455609
247296,0.00455609
247552,0.00455609
247808,0.00455609
248064,0.00455609
248320,0.00455608
248576,0.00455608
248832,0.00455608
249088,0.00455607
249344,0.00455605
249600,0.00455604
249856,0.00455602
250112,0.00455599
250368,0.00455597
250624,0.00455595
250880,0.00455594
251136,0.00455593
251392,0.00455592
251648,0.00455592
251904,0.00455592
252160,0.00455592
252416,0.00455592
252672,0.00455592
252928,0.00455592
253184,0.00455592
253440,0.00455592
253696,0.00455592
253952,0.00455592
254208,0.00455592
254464,0.00455592
254720,0.00455592
254976,0.00455592
255232,0.00455591
255488,0.00455591
255744,0.00455591
256000,0.00455591
256256,0.00455591
256512,0.00455591
256768,0.00455591
257024,0.0045559
257280,0.00455589
257536,0.00455587
257792,0.00455585
258048,0.00455584
258304,0.00455583
258560,0.00455582
258816,0.0045558
259072,0.00455578
259328,0.00455577
259584,0.00455575
259840,0.00455574
260096,0.00455574
260352,0.00455574
260608,0.00455574
260864,0.00455574
261120,0.00455574
