cache_lines,MRC
256,0.019461700000000002
512,0.0194609
768,0.0194607
1024,0.0194606
1280,0.0194603
1536,0.009704299999999999
1792,0.009704299999999999
2048,0.009704299999999999
2304,0.009704299999999999
2560,0.009698000000000002
2816,0.009698000000000002
3072,0.009698000000000002
3328,0.009698000000000002
3584,0.0096966
3840,0.009692200000000002
4096,0.009692200000000002
4352,0.009691700000000001
4608,0.009691700000000001
4864,0.009691700000000001
5120,0.009691700000000001
5376,0.0096913
5632,0.0096913
5888,0.0096913
6144,0.009689300000000001
6400,0.009660700000000001
6656,0.009637200000000002
6912,0.009612800000000001
7168,0.0095954
7424,0.0095856
7680,0.009576399999999999
7936,0.009566500000000002
8192,0.0095563
8448,0.009546800000000001
8704,0.009536700000000002
8960,0.0095271
9216,0.0095177
9472,0.0095079
9728,0.009499
9984,0.0094887
10240,0.0094799
10496,0.0094709
10752,0.009460800000000002
11008,0.009451400000000002
11264,0.0094424
11520,0.009432800000000002
11776,0.0094231
12032,0.0094131
12288,0.0094033
12544,0.009392600000000001
12800,0.0093827
13056,0.009371899999999999
13312,0.0093617
13568,0.009351700000000001
13824,0.0093418
14080,0.009332199999999999
14336,0.009322400000000002
14592,0.009313100000000001
14848,0.009303600000000002
15104,0.009293100000000002
15360,0.009283699999999999
15616,0.0092741
15872,0.009264600000000001
16128,0.0092548
16384,0.009244800000000001
16640,0.009235
16896,0.009224300000000001
17152,0.0092147
17408,0.0092046
17664,0.009194299999999999
17920,0.0091837
18176,0.009113200000000002
18432,0.0091037
18688,0.009092900000000001
18944,0.0090832
19200,0.009072900000000002
19456,0.009062400000000002
19712,0.009052600000000001
19968,0.0090427
20224,0.009033099999999999
20480,0.009023200000000002
20736,0.009012800000000001
20992,0.0090032
21248,0.0089927
21504,0.008983000000000001
21760,0.008973000000000002
22016,0.008962999999999999
22272,0.008952600000000002
22528,0.008943099999999999
22784,0.008933300000000002
23040,0.008922900000000001
23296,0.008913
23552,0.008902400000000001
23808,0.008891699999999999
24064,0.008881400000000001
24320,0.008871300000000002
24576,0.0088606
24832,0.008850199999999999
25088,0.008840899999999999
25344,0.0088303
25600,0.008819400000000002
25856,0.008808900000000001
26112,0.0087987
26368,0.009336309999999999
26624,0.009326009999999997
26880,0.009315909999999998
27136,0.009305409999999998
27392,0.009294409999999998
27648,0.00928411
27904,0.00927421
28160,0.009263509999999997
28416,0.009253409999999998
28672,0.009243009999999998
28928,0.00923221
29184,0.00922231
29440,0.009212009999999998
29696,0.00920181
29952,0.009190909999999998
30208,0.009179909999999998
30464,0.00916911
30720,0.00915841
30976,0.009148309999999998
31232,0.00913741
31488,0.009126709999999998
31744,0.00911631
32000,0.009106209999999998
32256,0.009096209999999999
32512,0.009085209999999998
32768,0.009075209999999998
33024,0.00906491
33280,0.00905501
33536,0.009044809999999999
33792,0.009035009999999998
34048,0.00902421
34304,0.00901421
34560,0.00900371
34816,0.00899271
35072,0.00898211
35328,0.00897261
35584,0.00896151
35840,0.008951409999999998
36096,0.00894111
36352,0.008930909999999999
36608,0.00892061
36864,0.008910609999999998
37120,0.008900709999999997
37376,0.008890009999999999
37632,0.00887971
37888,0.00886881
38144,0.008857809999999999
38400,0.008847509999999998
38656,0.00883721
38912,0.008827009999999998
39168,0.008816409999999998
39424,0.00880611
39680,0.00879571
39936,0.008784809999999999
40192,0.008774509999999998
40448,0.008764009999999997
40704,0.008752809999999998
40960,0.00874241
41216,0.00873201
41472,0.008721809999999998
41728,0.008711309999999998
41984,0.00870101
42240,0.00869111
42496,0.008681009999999998
42752,0.00867011
43008,0.008659909999999998
43264,0.00864801
43520,0.00863791
43776,0.008627609999999999
44032,0.008616609999999999
44288,0.008605609999999998
44544,0.008594509999999998
44800,0.008583409999999998
45056,0.008572209999999999
45312,0.008561809999999998
45568,0.00855081
45824,0.008540109999999998
46080,0.00852991
46336,0.008519109999999998
46592,0.008507409999999998
46848,0.00849661
47104,0.008485709999999999
47360,0.00847491
47616,0.00846451
47872,0.008454109999999999
48128,0.008443209999999998
48384,0.00843221
48640,0.008422209999999998
48896,0.00841131
49152,0.008399809999999999
49408,0.008389409999999998
49664,0.00837921
49920,0.008367809999999998
50176,0.00835631
50432,0.008345109999999998
50688,0.008334009999999998
50944,0.00832381
51200,0.008313409999999999
51456,0.008302809999999999
51712,0.00829281
51968,0.008282409999999999
52224,0.008271309999999999
52480,0.00881332
52736,0.008802319999999999
52992,0.008790819999999998
53248,0.00878002
53504,0.008769619999999999
53760,0.00875882
54016,0.00874772
54272,0.00873722
54528,0.008726620000000001
54784,0.008714920000000001
55040,0.00870452
55296,0.00869352
55552,0.008682519999999999
55808,0.008671619999999998
56064,0.00866072
56320,0.008650019999999998
56576,0.00863982
56832,0.00862862
57088,0.008616619999999998
57344,0.008605619999999998
57600,0.00859402
57856,0.008582320000000001
58112,0.00857132
58368,0.00856042
58624,0.00854852
58880,0.008537119999999999
59136,0.008526619999999999
59392,0.008515619999999998
59648,0.008504020000000001
59904,0.00849182
60160,0.008480519999999998
60416,0.008469319999999999
60672,0.00845812
60928,0.00844682
61184,0.008435619999999998
61440,0.00842472
61696,0.00841352
61952,0.008402219999999998
62208,0.00839082
62464,0.00837962
62720,0.008368219999999999
62976,0.00835702
63232,0.008345720000000001
63488,0.008334519999999998
63744,0.00832382
64000,0.008313319999999999
64256,0.008302219999999999
64512,0.008291819999999998
64768,0.00828112
65024,0.008269519999999999
65280,0.00825882
65536,0.00824722
65792,0.008236219999999999
66048,0.008225319999999998
66304,0.008213519999999998
66560,0.00820202
66816,0.008190320000000001
67072,0.008179619999999999
67328,0.00816722
67584,0.00815542
67840,0.008144019999999998
68096,0.00813252
68352,0.008121319999999998
68608,0.00810972
68864,0.008097319999999998
69120,0.008085719999999998
69376,0.008073919999999998
69632,0.008061619999999999
69888,0.00804972
70144,0.00803792
70400,0.008026119999999998
70656,0.008015419999999999
70912,0.008004319999999999
71168,0.007991619999999998
71424,0.007980519999999998
71680,0.007969219999999999
71936,0.007957619999999999
72192,0.007946619999999998
72448,0.00793532
72704,0.00792422
72960,0.007912619999999999
73216,0.007901019999999998
73472,0.00788952
73728,0.007878219999999998
73984,0.00786672
74240,0.007854319999999998
74496,0.00784232
74752,0.00783072
75008,0.00781882
75264,0.0078069199999999984
75520,0.00779562
75776,0.007783619999999998
76032,0.00777212
76288,0.007760920000000001
76544,0.007749820000000001
76800,0.00773772
77056,0.007726319999999998
77312,0.007714820000000001
77568,0.007703619999999998
77824,0.007692020000000001
78080,0.007680019999999999
78336,0.007668519999999998
78592,0.008257029999999999
78848,0.00824503
79104,0.00823333
79360,0.00822173
79616,0.00820993
79872,0.00819843
80128,0.00818663
80384,0.008174729999999998
80640,0.008163029999999998
80896,0.00815103
81152,0.00813923
81408,0.00812713
81664,0.008115229999999998
81920,0.008103329999999999
82176,0.00809143
82432,0.008079629999999997
82688,0.00806813
82944,0.008056729999999998
83200,0.008044929999999999
83456,0.008033329999999998
83712,0.00802193
83968,0.00801073
84224,0.007999329999999999
84480,0.007987230000000001
84736,0.00797533
84992,0.007963729999999999
85248,0.00795113
85504,0.00793903
85760,0.00792683
86016,0.007914129999999998
86272,0.00790203
86528,0.00789003
86784,0.00787703
87040,0.00786473
87296,0.007853329999999999
87552,0.007841029999999999
87808,0.007828829999999998
88064,0.00781683
88320,0.00780483
88576,0.00779243
88832,0.0077801300000000006
89088,0.00776743
89344,0.007755529999999999
89600,0.00774373
89856,0.00773093
90112,0.00771893
90368,0.00770693
90624,0.007695329999999999
90880,0.0076833299999999995
91136,0.007670829999999999
91392,0.00765873
91648,0.00764673
91904,0.00763453
92160,0.00762223
92416,0.0076104300000000005
92672,0.00759793
92928,0.00758533
93184,0.007572730000000001
93440,0.00755973
93696,0.007547829999999999
93952,0.00753603
94208,0.00752313
94464,0.007510429999999999
94720,0.00749783
94976,0.00748543
95232,0.007473130000000001
95488,0.007460529999999999
95744,0.00744843
96000,0.00743613
96256,0.00742333
96512,0.007410829999999999
96768,0.0073988299999999995
97024,0.00738653
97280,0.0073738300000000005
97536,0.0073617299999999995
97792,0.00734883
98048,0.00733653
98304,0.00732403
98560,0.00731163
98816,0.0072992299999999994
99072,0.007287030000000001
99328,0.007275029999999999
99584,0.007262429999999999
99840,0.00724953
100096,0.00723743
100352,0.00722703
100608,0.00722283
100864,0.0072225300000000004
101120,0.0072222300000000005
101376,0.00722203
101632,0.007221829999999999
101888,0.007221630000000001
102144,0.00722143
102400,0.0072212299999999995
102656,0.0072209299999999995
102912,0.00722063
103168,0.006932430000000001
103424,0.0044487300000000006
103680,0.00444823
103936,0.0033241300000000007
104192,0.0032688299999999995
104448,0.0032169300000000007
104704,0.00557311
104960,0.0055729099999999995
105216,0.0055726099999999995
105472,0.00557251
105728,0.00557231
105984,0.005572110000000001
106240,0.005572110000000001
106496,0.00557191
106752,0.005571810000000001
107008,0.00557161
107264,0.00557141
107520,0.00557101
107776,0.005564510000000001
108032,0.005553110000000001
108288,0.005543510000000001
108544,0.0055368100000000005
108800,0.00552961
109056,0.0055225100000000004
109312,0.00551561
109568,0.00550861
109824,0.00550161
110080,0.0054949099999999996
110336,0.0054876099999999995
110592,0.0054806099999999995
110848,0.0054730099999999995
111104,0.0054660099999999994
111360,0.005458510000000001
111616,0.005451210000000001
111872,0.00544371
112128,0.005436310000000001
112384,0.005429209999999999
112640,0.0054223100000000005
112896,0.00541541
113152,0.00540811
113408,0.00540071
113664,0.00539351
113920,0.00538591
114176,0.00537941
114432,0.005372010000000001
114688,0.00536461
114944,0.005357410000000001
115200,0.00535021
115456,0.005342510000000001
115712,0.00533531
115968,0.005327309999999999
116224,0.005320310000000001
116480,0.00531261
116736,0.00530531
116992,0.005298410000000001
117248,0.00529131
117504,0.00528371
117760,0.00527631
118016,0.005268309999999999
118272,0.00526031
118528,0.00525321
118784,0.00524561
119040,0.005237909999999999
119296,0.005229709999999999
119552,0.0052225100000000005
119808,0.00521501
120064,0.00520771
120320,0.00519981
120576,0.005192410000000001
120832,0.00518461
121088,0.005177210000000001
121344,0.00517001
121600,0.0051625099999999995
121856,0.00515451
122112,0.00514721
122368,0.00513941
122624,0.00513231
122880,0.005124610000000001
123136,0.00511691
123392,0.005109109999999999
123648,0.00510171
123904,0.005094209999999999
124160,0.005086009999999999
124416,0.0050785100000000005
124672,0.0050709100000000005
124928,0.005063010000000001
125184,0.005055410000000001
125440,0.005048110000000001
125696,0.005040810000000001
125952,0.005034009999999999
126208,0.0050265100000000005
126464,0.005019109999999999
126720,0.005011310000000001
126976,0.00500351
127232,0.00499621
127488,0.004988810000000001
127744,0.00498101
128000,0.00497341
128256,0.004965710000000001
128512,0.004958110000000001
128768,0.00495071
129024,0.00494311
129280,0.004935009999999999
129536,0.004927409999999999
129792,0.004919809999999999
130048,0.00491211
130304,0.004904309999999999
130560,0.004896709999999999
130816,0.00528197
131072,0.005273970000000001
131328,0.005266070000000001
131584,0.0052581699999999995
131840,0.0052508699999999995
132096,0.005243670000000001
132352,0.005236070000000001
132608,0.00522797
132864,0.00522017
133120,0.005212370000000001
133376,0.00520427
133632,0.0051960700000000005
133888,0.005187870000000001
134144,0.00518094
134400,0.00517343
134656,0.0051654100000000005
134912,0.00515703
135168,0.00514861
135424,0.00514102
135680,0.00513331
135936,0.005125610000000001
136192,0.005118040000000001
136448,0.0051100699999999995
136704,0.00510211
136960,0.005094400000000001
137216,0.00508691
137472,0.005079450000000001
137728,0.005071850000000001
137984,0.005063960000000001
138240,0.005056130000000001
138496,0.0050484
138752,0.00504048
139008,0.005032450000000001
139264,0.00502444
139520,0.00501649
139776,0.00500865
140032,0.005000870000000001
140288,0.004993260000000001
140544,0.00498553
140800,0.004977840000000001
141056,0.004970270000000001
141312,0.0049625599999999995
141568,0.00495453
141824,0.0049464
142080,0.004938380000000001
142336,0.00493062
142592,0.004923190000000001
142848,0.0049155299999999996
143104,0.004907410000000001
143360,0.004899280000000001
143616,0.004891390000000001
143872,0.00488339
144128,0.00487515
144384,0.004867
144640,0.00485882
144896,0.00485055
145152,0.0048422299999999995
145408,0.00483368
145664,0.004825330000000001
145920,0.00481726
146176,0.00480947
146432,0.00480186
146688,0.004793760000000001
146944,0.00478517
147200,0.004775710000000001
147456,0.00476646
147712,0.00475856
147968,0.004750890000000001
148224,0.00474285
148480,0.004735120000000001
148736,0.0047272500000000005
148992,0.004718990000000001
149248,0.00471064
149504,0.00470246
149760,0.00469465
150016,0.0046869400000000006
150272,0.004679310000000001
150528,0.004671700000000001
150784,0.004663540000000001
151040,0.00465492
151296,0.004646300000000001
151552,0.00463793
151808,0.004629600000000001
152064,0.004620850000000001
152320,0.00461279
152576,0.00460465
152832,0.00459655
153088,0.004588470000000001
153344,0.004580220000000001
153600,0.00457163
153856,0.00456347
154112,0.00455528
154368,0.00454684
154624,0.00453834
154880,0.00452987
155136,0.00452138
155392,0.0045130199999999995
155648,0.0045046700000000005
155904,0.00449602
156160,0.004487660000000001
156416,0.0044798400000000006
156672,0.0044721299999999995
156928,0.004773
157184,0.004764729999999999
157440,0.00475641
157696,0.004748129999999999
157952,0.00473981
158208,0.004731439999999999
158464,0.00472335
158720,0.00471433
158976,0.00470623
159232,0.0046977699999999996
159488,0.004689339999999999
159744,0.004681149999999999
160000,0.004672459999999999
160256,0.004663919999999999
160512,0.004655539999999999
160768,0.0046469499999999995
161024,0.004638219999999999
161280,0.00462938
161536,0.0046206599999999995
161792,0.00461242
162048,0.004603249999999999
162304,0.004594739999999999
162560,0.00458635
162816,0.00457505
163072,0.00456356
163328,0.004557059999999999
163584,0.004557059999999999
163840,0.004557039999999999
164096,0.004557039999999999
164352,0.004557039999999999
164608,0.004557039999999999
164864,0.004557039999999999
165120,0.004557039999999999
165376,0.004557039999999999
165632,0.004557039999999999
165888,0.00455697
166144,0.00455696
166400,0.00455696
166656,0.00455696
166912,0.00455696
167168,0.00455696
167424,0.00455696
167680,0.00455696
167936,0.00455696
168192,0.00455696
168448,0.00455696
168704,0.00455695
168960,0.00455695
169216,0.00455695
169472,0.00455695
169728,0.00455695
169984,0.00455695
170240,0.00455695
170496,0.00455695
170752,0.00455695
171008,0.00455695
171264,0.00455695
171520,0.00455694
171776,0.00455692
172032,0.00455689
172288,0.00455685
172544,0.004556809999999999
172800,0.004556769999999999
173056,0.004556759999999999
173312,0.004556739999999999
173568,0.004556709999999999
173824,0.0045566999999999995
174080,0.00455668
174336,0.00455665
174592,0.00455663
174848,0.00455662
175104,0.00455662
175360,0.00455662
175616,0.00455662
175872,0.00455662
176128,0.00455662
176384,0.00455662
176640,0.00455662
176896,0.00455662
177152,0.00455662
177408,0.00455662
177664,0.00455662
177920,0.00455662
178176,0.00455662
178432,0.00455662
178688,0.00455662
178944,0.00455662
179200,0.00455662
179456,0.00455662
179712,0.00455662
179968,0.00455661
180224,0.00455658
180480,0.00455657
180736,0.00455656
180992,0.00455656
181248,0.00455654
181504,0.004556519999999999
181760,0.004556489999999999
182016,0.004556479999999999
182272,0.004556479999999999
182528,0.004556479999999999
182784,0.004556479999999999
183040,0.00455686
183296,0.00455686
183552,0.00455686
183808,0.00455686
184064,0.00455686
184320,0.00455686
184576,0.00455686
184832,0.00455686
185088,0.00455686
185344,0.00455686
185600,0.00455686
185856,0.00455686
186112,0.00455686
186368,0.00455686
186624,0.00455686
186880,0.00455686
187136,0.00455686
187392,0.00455686
187648,0.00455686
187904,0.00455686
188160,0.00455686
188416,0.00455686
188672,0.00455686
188928,0.00455686
189184,0.00455685
189440,0.004556800000000001
189696,0.004556750000000001
189952,0.004556730000000001
190208,0.004556730000000001
190464,0.004556690000000001
190720,0.0045566500000000015
190976,0.0045566400000000016
191232,0.004556630000000002
191488,0.00455662
191744,0.00455662
192000,0.00455662
192256,0.00455662
192512,0.00455662
192768,0.00455662
193024,0.00455662
193280,0.00455662
193536,0.00455662
193792,0.00455662
194048,0.00455662
194304,0.00455661
194560,0.0045566
194816,0.0045566
195072,0.0045566
195328,0.0045566
195584,0.0045566
195840,0.0045566
196096,0.0045566
196352,0.0045566
196608,0.00455658
196864,0.0045565300000000005
197120,0.004556510000000001
197376,0.004556500000000001
197632,0.004556470000000001
197888,0.004556440000000001
198144,0.004556400000000001
198400,0.0045563600000000015
198656,0.004556340000000002
198912,0.004556340000000002
199168,0.0045563
199424,0.00455629
199680,0.00455629
199936,0.00455629
200192,0.00455629
200448,0.00455629
200704,0.00455629
200960,0.00455629
201216,0.00455629
201472,0.00455629
201728,0.00455629
201984,0.00455629
202240,0.00455629
202496,0.00455629
202752,0.00455629
203008,0.00455629
203264,0.00455629
203520,0.00455629
203776,0.00455629
204032,0.00455629
204288,0.00455629
204544,0.00455629
204800,0.00455629
205056,0.00455629
205312,0.00455629
205568,0.00455629
205824,0.00455629
206080,0.00455629
206336,0.00455629
206592,0.00455629
206848,0.00455629
207104,0.00455629
207360,0.00455629
207616,0.00455629
207872,0.00455629
208128,0.00455629
208384,0.00455629
208640,0.00455629
208896,0.00455629
209152,0.00455652
209408,0.00455652
209664,0.00455652
209920,0.00455652
210176,0.00455652
210432,0.00455652
210688,0.00455652
210944,0.00455652
211200,0.00455652
211456,0.00455652
211712,0.00455652
211968,0.00455652
212224,0.00455652
212480,0.00455652
212736,0.00455652
212992,0.00455652
213248,0.00455652
213504,0.00455652
213760,0.00455652
214016,0.00455652
214272,0.00455652
214528,0.00455652
214784,0.00455652
215040,0.00455652
215296,0.00455652
215552,0.00455652
215808,0.00455652
216064,0.00455651
216320,0.00455651
216576,0.0045565
216832,0.0045565
217088,0.0045565
217344,0.0045565
217600,0.0045565
217856,0.0045565
218112,0.0045565
218368,0.0045565
218624,0.0045565
218880,0.0045565
219136,0.0045565
219392,0.0045565
219648,0.0045565
219904,0.0045565
220160,0.0045565
220416,0.0045565
220672,0.0045565
220928,0.0045565
221184,0.0045565
221440,0.0045565
221696,0.0045565
221952,0.00455649
222208,0.00455647
222464,0.00455645
222720,0.00455645
222976,0.00455645
223232,0.00455645
223488,0.00455645
223744,0.00455645
224000,0.00455645
224256,0.00455645
224512,0.00455645
224768,0.00455645
225024,0.00455645
225280,0.00455645
225536,0.00455645
225792,0.00455645
226048,0.00455645
226304,0.00455645
226560,0.00455645
226816,0.00455645
227072,0.00455645
227328,0.00455645
227584,0.00455645
227840,0.00455644
228096,0.00455642
228352,0.0045563900000000004
228608,0.0045563700000000006
228864,0.004556350000000001
229120,0.004556320000000001
229376,0.004556290000000001
229632,0.0045562599999999995
229888,0.00455623
230144,0.0045562
230400,0.00455616
230656,0.00455611
230912,0.00455611
231168,0.00455611
231424,0.00455611
231680,0.00455611
231936,0.00455611
232192,0.00455611
232448,0.00455611
232704,0.00455611
232960,0.00455611
233216,0.00455611
233472,0.00455611
233728,0.00455611
233984,0.00455611
234240,0.00455611
234496,0.00455611
234752,0.00455611
235008,0.00455611
235264,0.00455657
235520,0.00455657
235776,0.00455655
236032,0.00455654
236288,0.0045565200000000005
236544,0.004556490000000001
236800,0.004556480000000001
237056,0.004556470000000001
237312,0.004556450000000001
237568,0.004556440000000001
237824,0.004556419999999999
238080,0.0045564099999999995
238336,0.00455639
238592,0.00455639
238848,0.00455639
239104,0.00455639
239360,0.00455639
239616,0.00455639
239872,0.00455639
240128,0.00455639
240384,0.00455639
240640,0.00455639
240896,0.00455639
241152,0.00455639
241408,0.00455639
241664,0.00455639
241920,0.00455639
242176,0.00455639
242432,0.00455639
242688,0.00455639
242944,0.00455639
243200,0.00455639
243456,0.00455639
243712,0.00455639
243968,0.00455639
244224,0.00455639
244480,0.00455639
244736,0.00455639
244992,0.00455639
245248,0.00455636
245504,0.00455634
245760,0.0045563
246016,0.00455626
246272,0.004556220000000001
246528,0.004556170000000001
246784,0.004556129999999999
247040,0.0045560999999999996
247296,0.00455608
247552,0.00455608
247808,0.00455608
248064,0.00455608
248320,0.00455608
248576,0.00455608
248832,0.00455608
249088,0.00455608
249344,0.00455608
249600,0.00455608
249856,0.00455608
250112,0.00455608
250368,0.00455608
250624,0.00455608
250880,0.00455608
251136,0.00455608
251392,0.00455608
251648,0.00455608
251904,0.00455608
252160,0.00455607
252416,0.00455606
252672,0.00455605
252928,0.00455601
253184,0.00455598
253440,0.0045559400000000005
253696,0.004555910000000001
253952,0.004555870000000001
254208,0.0045558099999999995
254464,0.00455576
254720,0.00455573
254976,0.0045557
255232,0.00455569
255488,0.00455569
255744,0.00455569
256000,0.00455569
256256,0.00455569
256512,0.00455569
256768,0.00455569
257024,0.00455569
257280,0.00455569
257536,0.00455569
257792,0.00455569
258048,0.00455569
258304,0.00455569
258560,0.00455569
258816,0.00455569
259072,0.00455569
259328,0.00455569
259584,0.00455569
259840,0.00455569
260096,0.00455569
260352,0.00455569
260608,0.00455569
260864,0.00455569
261120,0.00455569
