cache_lines,MRC
256,0.023029900000000002
512,0.0230264
768,0.023026300000000003
1024,0.0230262
1280,0.023026100000000004
1536,0.009814
1792,0.0098139
2048,0.0098139
2304,0.009813800000000001
2560,0.0097947
2816,0.0097947
3072,0.0097947
3328,0.009794400000000002
3584,0.009794400000000002
3840,0.009794400000000002
4096,0.009790100000000003
4352,0.009790100000000003
4608,0.009790100000000003
4864,0.009790100000000003
5120,0.009790100000000003
5376,0.009790100000000003
5632,0.009790100000000003
5888,0.009790100000000003
6144,0.009790100000000003
6400,0.009790100000000003
6656,0.009789000000000003
6912,0.009753900000000003
7168,0.009722400000000003
7424,0.0096913
7680,0.0096638
7936,0.009650000000000002
8192,0.0096369
8448,0.009622600000000002
8704,0.0096082
8960,0.009594700000000001
9216,0.009581200000000002
9472,0.009567200000000001
9728,0.0095533
9984,0.009539700000000002
10240,0.009525500000000003
10496,0.009512600000000003
10752,0.009498800000000002
11008,0.009484100000000002
11264,0.0094698
11520,0.0094558
11776,0.009443300000000002
12032,0.009429200000000002
12288,0.0094156
12544,0.009403700000000001
12800,0.009389400000000003
13056,0.0093757
13312,0.0093617
13568,0.0093471
13824,0.009333500000000002
14080,0.009320700000000001
14336,0.009307300000000001
14592,0.009292400000000003
14848,0.0092789
15104,0.0092647
15360,0.009250900000000003
15616,0.0092361
15872,0.0092221
16128,0.009208400000000002
16384,0.009194500000000001
16640,0.009181400000000003
16896,0.009168100000000002
17152,0.0091538
17408,0.009140500000000003
17664,0.009126500000000003
17920,0.009112500000000003
18176,0.0090971
18432,0.009083500000000001
18688,0.009069800000000003
18944,0.009054600000000003
19200,0.009041200000000003
19456,0.0090277
19712,0.0090072
19968,0.008917900000000003
20224,0.008904100000000002
20480,0.008890000000000002
20736,0.0088757
20992,0.0088616
21248,0.008847300000000002
21504,0.0088325
21760,0.008818800000000002
22016,0.008804300000000001
22272,0.008788900000000002
22528,0.0087753
22784,0.0087606
23040,0.0087465
23296,0.0087326
23552,0.008718300000000002
23808,0.0087057
24064,0.008691
24320,0.008677200000000003
24576,0.008662900000000001
24832,0.008648200000000002
25088,0.008634600000000003
25344,0.008620600000000003
25600,0.0086064
25856,0.008590900000000002
26112,0.008576400000000001
26368,0.009550810000000002
26624,0.00953641
26880,0.009521610000000002
27136,0.00950721
27392,0.009492410000000001
27648,0.009478410000000001
27904,0.009464110000000003
28160,0.009449810000000001
28416,0.009435510000000003
28672,0.009422110000000003
28928,0.009408010000000003
29184,0.009392210000000003
29440,0.009377610000000003
29696,0.009363910000000001
29952,0.009348710000000001
30208,0.009335310000000001
30464,0.009321010000000003
30720,0.009305310000000002
30976,0.00929101
31232,0.009276610000000003
31488,0.009261510000000002
31744,0.009246510000000001
32000,0.009233010000000002
32256,0.009219010000000001
32512,0.00920451
32768,0.009190710000000003
33024,0.00917661
33280,0.00916141
33536,0.00914611
33792,0.009132010000000001
34048,0.00911701
34304,0.00910231
34560,0.009087010000000001
34816,0.009072110000000003
35072,0.00905731
35328,0.009042610000000001
35584,0.009027910000000002
35840,0.00901361
36096,0.008999810000000002
36352,0.00898491
36608,0.008969310000000003
36864,0.008954710000000003
37120,0.008940710000000003
37376,0.00892541
37632,0.008911410000000003
37888,0.008895810000000002
38144,0.00888091
38400,0.008866110000000002
38656,0.008851410000000002
38912,0.00883591
39168,0.008821210000000001
39424,0.00880611
39680,0.00879161
39936,0.008777210000000002
40192,0.00876241
40448,0.008748210000000001
40704,0.008732210000000002
40960,0.008718210000000002
41216,0.008703810000000001
41472,0.008689110000000002
41728,0.00867531
41984,0.008661710000000001
42240,0.008646410000000002
42496,0.00863151
42752,0.00861751
43008,0.008602410000000003
43264,0.008587910000000002
43520,0.008572810000000002
43776,0.008556810000000003
44032,0.008542310000000003
44288,0.008527710000000003
44544,0.008512710000000001
44800,0.008497610000000001
45056,0.008483310000000003
45312,0.008468810000000002
45568,0.008453210000000001
45824,0.008438410000000002
46080,0.00842471
46336,0.008409210000000002
46592,0.008394510000000003
46848,0.008379310000000003
47104,0.008362910000000003
47360,0.00834821
47616,0.008333910000000002
47872,0.00831771
48128,0.00830321
48384,0.008288410000000001
48640,0.008273010000000003
48896,0.00825821
49152,0.008242810000000001
49408,0.00822671
49664,0.008211910000000001
49920,0.008196510000000002
50176,0.00818041
50432,0.00816531
50688,0.008150910000000003
50944,0.008135710000000003
51200,0.008119510000000002
51456,0.008105510000000002
51712,0.00809001
51968,0.008074310000000003
52224,0.008059310000000002
52480,0.00904172
52736,0.00902592
52992,0.00900952
53248,0.00899372
53504,0.00897802
53760,0.008963220000000001
54016,0.008949019999999999
54272,0.00893352
54528,0.008918820000000001
54784,0.008904720000000001
55040,0.00888872
55296,0.008873119999999998
55552,0.00885772
55808,0.00884132
56064,0.00882552
56320,0.008810120000000001
56576,0.008794219999999998
56832,0.00877922
57088,0.008764419999999998
57344,0.00874792
57600,0.008732319999999998
57856,0.008716419999999999
58112,0.008700320000000001
58368,0.00868462
58624,0.008669119999999999
58880,0.00865362
59136,0.00863752
59392,0.008622620000000001
59648,0.00860642
59904,0.00859072
60160,0.008575119999999999
60416,0.008559419999999998
60672,0.00854382
60928,0.00852872
61184,0.00851302
61440,0.00849762
61696,0.008482320000000002
61952,0.008467220000000001
62208,0.00845212
62464,0.00843702
62720,0.00842072
62976,0.00840482
63232,0.008389919999999999
63488,0.008373619999999998
63744,0.008357819999999998
64000,0.008342220000000001
64256,0.00832552
64512,0.00830952
64768,0.008294220000000001
65024,0.008277819999999998
65280,0.00826242
65536,0.00824722
65792,0.00823132
66048,0.00821562
66304,0.008200019999999999
66560,0.008183119999999999
66816,0.008167319999999999
67072,0.00815182
67328,0.00813512
67584,0.00811852
67840,0.008102020000000001
68096,0.00808592
68352,0.008070319999999999
68608,0.008054120000000001
68864,0.008037820000000001
69120,0.008021919999999998
69376,0.00800582
69632,0.00798892
69888,0.00797302
70144,0.007958320000000001
70400,0.00794222
70656,0.00792642
70912,0.00791072
71168,0.007893319999999999
71424,0.007876520000000001
71680,0.00786092
71936,0.007844420000000001
72192,0.007828519999999999
72448,0.007811720000000001
72704,0.0077958199999999984
72960,0.007779620000000001
73216,0.007763220000000001
73472,0.007747219999999999
73728,0.0077306200000000005
73984,0.007714220000000001
74240,0.007697220000000001
74496,0.007680920000000001
74752,0.007664819999999999
75008,0.007648120000000001
75264,0.007632119999999999
75520,0.007615919999999998
75776,0.0076005199999999995
76032,0.0075849199999999985
76288,0.007569119999999999
76544,0.007553319999999999
76800,0.0075374199999999995
77056,0.0075203200000000005
77312,0.00750462
77568,0.00748832
77824,0.007472119999999999
78080,0.007455320000000001
78336,0.00743972
78592,0.008504530000000003
78848,0.008488430000000002
79104,0.008472030000000002
79360,0.00845533
79616,0.008438030000000003
79872,0.008421630000000003
80128,0.00840513
80384,0.008388030000000001
80640,0.008371530000000002
80896,0.008355030000000003
81152,0.008337830000000001
81408,0.008321030000000004
81664,0.008303730000000002
81920,0.008287130000000004
82176,0.00827013
82432,0.008254130000000002
82688,0.008238330000000002
82944,0.008220530000000004
83200,0.008203730000000003
83456,0.00818713
83712,0.00817023
83968,0.00815333
84224,0.008137030000000003
84480,0.008120730000000003
84736,0.008104930000000003
84992,0.008087630000000002
85248,0.008071630000000003
85504,0.008056130000000002
85760,0.008039430000000004
86016,0.008022730000000002
86272,0.008006830000000003
86528,0.007990030000000002
86784,0.00797393
87040,0.007957430000000001
87296,0.007938630000000002
87552,0.007921830000000001
87808,0.007904930000000001
88064,0.007887030000000003
88320,0.007870430000000001
88576,0.00785413
88832,0.007837330000000003
89088,0.007819630000000001
89344,0.007802530000000002
89600,0.007784530000000001
89856,0.0077677300000000005
90112,0.007750130000000001
90368,0.007732730000000004
90624,0.007715630000000001
90880,0.007696430000000001
91136,0.007679330000000002
91392,0.007662430000000001
91648,0.007646730000000001
91904,0.007630930000000001
92160,0.007614030000000001
92416,0.007596730000000003
92672,0.007579830000000003
92928,0.00756213
93184,0.007544430000000001
93440,0.0075270300000000005
93696,0.0075089300000000005
93952,0.0074912300000000015
94208,0.00747333
94464,0.0074558300000000036
94720,0.007438730000000001
94976,0.007421630000000002
95232,0.007404530000000003
95488,0.007386930000000003
95744,0.007368830000000003
96000,0.007351630000000001
96256,0.007334230000000001
96512,0.007315830000000002
96768,0.00729863
97024,0.007280930000000001
97280,0.0072632300000000025
97536,0.007246330000000002
97792,0.007229430000000002
98048,0.007212530000000002
98304,0.007195130000000001
98560,0.007177030000000001
98816,0.007159130000000003
99072,0.007141730000000002
99328,0.007139230000000003
99584,0.007138330000000002
99840,0.007137930000000001
100096,0.007137430000000004
100352,0.0071370300000000025
100608,0.007136730000000001
100864,0.007136330000000003
101120,0.0071360300000000015
101376,0.0071356300000000004
101632,0.007135330000000002
101888,0.007134930000000001
102144,0.007005830000000001
102400,0.006202430000000002
102656,0.004005630000000003
102912,0.0033114300000000006
103168,0.0022170300000000018
103424,0.0016358300000000013
103680,0.0015552300000000012
103936,0.0015264300000000022
104192,0.0015262300000000017
104448,0.0015260300000000011
104704,0.005713010000000001
104960,0.0057128100000000005
105216,0.0057125100000000005
105472,0.0057122100000000006
105728,0.005712110000000001
105984,0.005711810000000001
106240,0.005711610000000001
106496,0.005711310000000001
106752,0.005711010000000001
107008,0.005710110000000001
107264,0.005701610000000001
107520,0.005685310000000001
107776,0.0056719100000000005
108032,0.005661910000000001
108288,0.005652610000000001
108544,0.0056427100000000004
108800,0.005632510000000002
109056,0.005622510000000001
109312,0.0056129100000000005
109568,0.0056028100000000015
109824,0.005592910000000001
110080,0.005582910000000002
110336,0.0055723100000000005
110592,0.0055616100000000016
110848,0.005552010000000001
111104,0.005541910000000001
111360,0.005531810000000002
111616,0.005521910000000001
111872,0.005511610000000002
112128,0.005501210000000001
112384,0.0054908100000000005
112640,0.00548031
112896,0.005469810000000002
113152,0.005459810000000001
113408,0.005450110000000001
113664,0.005440010000000002
113920,0.005429710000000001
114176,0.005419810000000001
114432,0.00540991
114688,0.005399410000000002
114944,0.005388510000000001
115200,0.005378510000000001
115456,0.005368510000000002
115712,0.005358510000000002
115968,0.005348010000000002
116224,0.005336910000000002
116480,0.005326610000000001
116736,0.0053167100000000005
116992,0.005306310000000002
117248,0.005296410000000001
117504,0.005286610000000001
117760,0.005276310000000001
118016,0.005266110000000001
118272,0.005256210000000001
118528,0.005246210000000001
118784,0.005235910000000002
119040,0.0052251100000000016
119296,0.005214510000000002
119552,0.0052032100000000015
119808,0.005192510000000001
120064,0.005182410000000002
120320,0.0051724100000000005
120576,0.0051619100000000005
120832,0.005151910000000001
121088,0.005141510000000002
121344,0.005131110000000001
121600,0.0051207100000000005
121856,0.00511051
122112,0.005100410000000001
122368,0.005089510000000002
122624,0.005079410000000001
122880,0.005068910000000001
123136,0.005059010000000001
123392,0.005047910000000001
123648,0.005036910000000002
123904,0.005026610000000001
124160,0.005016410000000001
124416,0.005005610000000001
124672,0.004994710000000001
124928,0.004984210000000001
125184,0.004973610000000002
125440,0.00496271
125696,0.004951910000000002
125952,0.004941610000000001
126208,0.004931610000000001
126464,0.0049212100000000005
126720,0.004910310000000001
126976,0.004900210000000002
127232,0.004889610000000001
127488,0.004878510000000001
127744,0.0048667100000000015
128000,0.004855710000000001
128256,0.004844710000000002
128512,0.004834210000000002
128768,0.004823810000000001
129024,0.004812910000000002
129280,0.0048029100000000005
129536,0.0047915100000000006
129792,0.004781110000000002
130048,0.004770410000000001
130304,0.004760510000000001
130560,0.004750410000000002
130816,0.0054335899999999986
131072,0.00542319
131328,0.005412589999999998
131584,0.005401989999999999
131840,0.005390589999999999
132096,0.005379589999999998
132352,0.005368889999999999
132608,0.005357889999999999
132864,0.005347389999999999
133120,0.005336889999999999
133376,0.00532589
133632,0.0053152899999999986
133888,0.0053044899999999985
134144,0.005293989999999998
134400,0.005283689999999999
134656,0.00527269
134912,0.0052613899999999995
135168,0.00525049
135424,0.00523999
135680,0.005229289999999999
135936,0.005218589999999999
136192,0.005208989999999998
136448,0.005198689999999999
136704,0.005188389999999999
136960,0.005177689999999999
137216,0.00516729
137472,0.0051569899999999985
137728,0.005146089999999999
137984,0.005134689999999999
138240,0.0051236899999999985
138496,0.0051129899999999995
138752,0.005102089999999998
139008,0.005091489999999999
139264,0.005080889999999999
139520,0.005069889999999999
139776,0.005058489999999999
140032,0.005047089999999999
140288,0.005036589999999999
140544,0.005025789999999999
140800,0.005014389999999999
141056,0.00500339
141312,0.004992789999999999
141568,0.004981889999999999
141824,0.00497099
142080,0.004960089999999999
142336,0.00494909
142592,0.00493799
142848,0.004927289999999999
143104,0.004916489999999999
143360,0.0049054899999999985
143616,0.004894689999999998
143872,0.00488339
144128,0.004871789999999999
144384,0.0048604899999999986
144640,0.004848689999999999
144896,0.00483689
145152,0.004825589999999999
145408,0.004813789999999998
145664,0.004802289999999999
145920,0.004790889999999999
146176,0.004779789999999999
146432,0.0047681899999999985
146688,0.00475659
146944,0.004744689999999999
147200,0.00473319
147456,0.004721689999999999
147712,0.0047101899999999995
147968,0.004698989999999998
148224,0.004687489999999999
148480,0.004676489999999998
148736,0.004665689999999998
148992,0.0046546899999999995
149248,0.004643089999999999
149504,0.0046314899999999985
149760,0.004620889999999999
150016,0.00460999
150272,0.0045981899999999985
150528,0.0045870899999999985
150784,0.0045762899999999985
151040,0.0045651899999999985
151296,0.00455419
151552,0.004542289999999999
151808,0.004530389999999999
152064,0.004518689999999999
152320,0.00450769
152576,0.004496189999999999
152832,0.00448549
153088,0.004474789999999999
153344,0.004463189999999999
153600,0.004451289999999998
153856,0.00443969
154112,0.004428789999999998
154368,0.004417689999999998
154624,0.004406489999999999
154880,0.004395089999999999
155136,0.004383689999999999
155392,0.00437309
155648,0.00436169
155904,0.004349889999999999
156160,0.00433859
156416,0.00432719
156672,0.004315389999999999
156928,0.004775649999999999
157184,0.004762549999999999
157440,0.004751149999999999
157696,0.004740049999999999
157952,0.004728949999999999
158208,0.004717349999999999
158464,0.004705649999999999
158720,0.00469435
158976,0.004683149999999999
159232,0.004672049999999999
159488,0.004661149999999999
159744,0.004650049999999999
160000,0.004638149999999999
160256,0.00462655
160512,0.0046152499999999996
160768,0.00460345
161024,0.00458945
161280,0.004570649999999999
161536,0.004561649999999999
161792,0.004557249999999999
162048,0.004557249999999999
162304,0.004557249999999999
162560,0.004557249999999999
162816,0.004557249999999999
163072,0.004557249999999999
163328,0.004557249999999999
163584,0.004557249999999999
163840,0.004557249999999999
164096,0.004557149999999999
164352,0.00455705
164608,0.004556949999999999
164864,0.004556949999999999
165120,0.004556949999999999
165376,0.004556949999999999
165632,0.004556949999999999
165888,0.004556949999999999
166144,0.004556949999999999
166400,0.004556949999999999
166656,0.004556949999999999
166912,0.004556949999999999
167168,0.004556949999999999
167424,0.004556949999999999
167680,0.004556949999999999
167936,0.004556949999999999
168192,0.004556949999999999
168448,0.004556949999999999
168704,0.004556949999999999
168960,0.004556949999999999
169216,0.004556949999999999
169472,0.004556949999999999
169728,0.004556949999999999
169984,0.004556949999999999
170240,0.004556949999999999
170496,0.004556949999999999
170752,0.004556949999999999
171008,0.004556949999999999
171264,0.004556949999999999
171520,0.004556949999999999
171776,0.0045568499999999994
172032,0.0045568499999999994
172288,0.0045568499999999994
172544,0.00455675
172800,0.00455675
173056,0.00455675
173312,0.004556649999999999
173568,0.004556649999999999
173824,0.004556649999999999
174080,0.0045565499999999995
174336,0.0045565499999999995
174592,0.0045565499999999995
174848,0.0045565499999999995
175104,0.0045565499999999995
175360,0.0045565499999999995
175616,0.0045565499999999995
175872,0.0045565499999999995
176128,0.0045565499999999995
176384,0.0045565499999999995
176640,0.0045565499999999995
176896,0.0045565499999999995
177152,0.0045565499999999995
177408,0.0045565499999999995
177664,0.0045565499999999995
177920,0.0045565499999999995
178176,0.0045565499999999995
178432,0.0045565499999999995
178688,0.0045565499999999995
178944,0.0045565499999999995
179200,0.0045565499999999995
179456,0.0045565499999999995
179712,0.0045565499999999995
179968,0.0045565499999999995
180224,0.0045565499999999995
180480,0.00455645
180736,0.00455645
180992,0.00455645
181248,0.00455645
181504,0.00455645
181760,0.00455645
182016,0.004556349999999999
182272,0.004556349999999999
182528,0.004556349999999999
182784,0.004556349999999999
183040,0.004556900000000001
183296,0.004556900000000001
183552,0.004556900000000001
183808,0.004556900000000001
184064,0.004556900000000001
184320,0.004556900000000001
184576,0.004556900000000001
184832,0.004556900000000001
185088,0.004556900000000001
185344,0.004556900000000001
185600,0.004556900000000001
185856,0.004556900000000001
186112,0.004556900000000001
186368,0.004556900000000001
186624,0.004556900000000001
186880,0.004556900000000001
187136,0.004556900000000001
187392,0.004556900000000001
187648,0.004556900000000001
187904,0.004556900000000001
188160,0.004556900000000001
188416,0.004556900000000001
188672,0.004556900000000001
188928,0.004556900000000001
189184,0.004556900000000001
189440,0.004556900000000001
189696,0.004556900000000001
189952,0.0045568000000000015
190208,0.0045568000000000015
190464,0.0045568000000000015
190720,0.0045568000000000015
190976,0.004556700000000002
191232,0.004556700000000002
191488,0.004556700000000002
191744,0.004556700000000002
192000,0.004556700000000002
192256,0.004556600000000001
192512,0.004556600000000001
192768,0.004556600000000001
193024,0.004556600000000001
193280,0.004556600000000001
193536,0.004556600000000001
193792,0.004556600000000001
194048,0.004556600000000001
194304,0.004556600000000001
194560,0.004556600000000001
194816,0.004556600000000001
195072,0.004556600000000001
195328,0.004556600000000001
195584,0.004556600000000001
195840,0.004556600000000001
196096,0.004556600000000001
196352,0.004556600000000001
196608,0.004556600000000001
196864,0.004556600000000001
197120,0.004556600000000001
197376,0.004556600000000001
197632,0.004556600000000001
197888,0.004556600000000001
198144,0.004556600000000001
198400,0.0045565000000000015
198656,0.0045565000000000015
198912,0.0045565000000000015
199168,0.004556400000000002
199424,0.004556400000000002
199680,0.004556400000000002
199936,0.004556400000000002
200192,0.004556300000000001
200448,0.004556300000000001
200704,0.004556300000000001
200960,0.004556300000000001
201216,0.004556300000000001
201472,0.004556300000000001
201728,0.004556300000000001
201984,0.004556300000000001
202240,0.004556300000000001
202496,0.004556300000000001
202752,0.004556300000000001
203008,0.004556300000000001
203264,0.004556300000000001
203520,0.004556300000000001
203776,0.004556300000000001
204032,0.004556300000000001
204288,0.004556300000000001
204544,0.004556300000000001
204800,0.004556300000000001
205056,0.004556300000000001
205312,0.004556300000000001
205568,0.004556300000000001
205824,0.004556300000000001
206080,0.004556300000000001
206336,0.004556300000000001
206592,0.004556300000000001
206848,0.004556300000000001
207104,0.004556300000000001
207360,0.004556300000000001
207616,0.004556300000000001
207872,0.004556300000000001
208128,0.004556300000000001
208384,0.004556300000000001
208640,0.004556300000000001
208896,0.004556300000000001
209152,0.004556669999999999
209408,0.004556669999999999
209664,0.004556669999999999
209920,0.004556669999999999
210176,0.004556669999999999
210432,0.004556669999999999
210688,0.004556669999999999
210944,0.004556669999999999
211200,0.004556669999999999
211456,0.004556669999999999
211712,0.004556669999999999
211968,0.004556669999999999
212224,0.004556669999999999
212480,0.004556669999999999
212736,0.004556669999999999
212992,0.004556669999999999
213248,0.004556669999999999
213504,0.004556669999999999
213760,0.004556669999999999
214016,0.004556669999999999
214272,0.004556669999999999
214528,0.004556669999999999
214784,0.004556669999999999
215040,0.004556669999999999
215296,0.004556669999999999
215552,0.004556669999999999
215808,0.004556669999999999
216064,0.004556669999999999
216320,0.004556669999999999
216576,0.004556669999999999
216832,0.004556669999999999
217088,0.004556669999999999
217344,0.004556669999999999
217600,0.004556669999999999
217856,0.004556669999999999
218112,0.004556669999999999
218368,0.004556669999999999
218624,0.004556669999999999
218880,0.004556669999999999
219136,0.004556669999999999
219392,0.004556669999999999
219648,0.004556669999999999
219904,0.004556669999999999
220160,0.004556569999999999
220416,0.00455647
220672,0.00455647
220928,0.00455647
221184,0.00455647
221440,0.00455647
221696,0.00455647
221952,0.00455647
222208,0.00455647
222464,0.00455647
222720,0.00455647
222976,0.00455647
223232,0.00455647
223488,0.00455647
223744,0.00455647
224000,0.00455647
224256,0.00455647
224512,0.00455647
224768,0.00455647
225024,0.00455647
225280,0.00455647
225536,0.00455647
225792,0.00455647
226048,0.00455647
226304,0.00455647
226560,0.00455647
226816,0.00455647
227072,0.00455647
227328,0.004556369999999999
227584,0.004556369999999999
227840,0.004556369999999999
228096,0.004556369999999999
228352,0.004556369999999999
228608,0.004556369999999999
228864,0.004556369999999999
229120,0.004556269999999999
229376,0.004556269999999999
229632,0.004556269999999999
229888,0.004556269999999999
230144,0.004556269999999999
230400,0.004556269999999999
230656,0.004556269999999999
230912,0.004556269999999999
231168,0.004556269999999999
231424,0.004556269999999999
231680,0.004556269999999999
231936,0.004556269999999999
232192,0.004556269999999999
232448,0.004556269999999999
232704,0.004556269999999999
232960,0.004556269999999999
233216,0.004556269999999999
233472,0.004556269999999999
233728,0.004556269999999999
233984,0.004556269999999999
234240,0.004556269999999999
234496,0.004556269999999999
234752,0.004556269999999999
235008,0.004556269999999999
235264,0.00455678
235520,0.00455678
235776,0.00455678
236032,0.00455678
236288,0.004556679999999999
236544,0.004556679999999999
236800,0.004556579999999999
237056,0.004556579999999999
237312,0.004556579999999999
237568,0.00455648
237824,0.00455648
238080,0.00455648
238336,0.00455648
238592,0.00455648
238848,0.00455648
239104,0.00455648
239360,0.00455648
239616,0.00455648
239872,0.00455648
240128,0.00455648
240384,0.00455648
240640,0.00455648
240896,0.00455648
241152,0.00455648
241408,0.00455648
241664,0.00455648
241920,0.00455648
242176,0.00455648
242432,0.00455648
242688,0.00455648
242944,0.00455648
243200,0.00455648
243456,0.00455648
243712,0.00455648
243968,0.00455648
244224,0.00455648
244480,0.00455648
244736,0.00455648
244992,0.00455648
245248,0.00455648
245504,0.00455648
245760,0.004556379999999999
246016,0.004556379999999999
246272,0.004556379999999999
246528,0.004556279999999999
246784,0.004556279999999999
247040,0.00455618
247296,0.00455618
247552,0.00455618
247808,0.004556079999999999
248064,0.004556079999999999
248320,0.004556079999999999
248576,0.004556079999999999
248832,0.004556079999999999
249088,0.004556079999999999
249344,0.004556079999999999
249600,0.004556079999999999
249856,0.004556079999999999
250112,0.004556079999999999
250368,0.004556079999999999
250624,0.004556079999999999
250880,0.004556079999999999
251136,0.004556079999999999
251392,0.004556079999999999
251648,0.004556079999999999
251904,0.004556079999999999
252160,0.004556079999999999
252416,0.004556079999999999
252672,0.004556079999999999
252928,0.004556079999999999
253184,0.004556079999999999
253440,0.004556079999999999
253696,0.004556079999999999
253952,0.004556079999999999
254208,0.004555979999999999
254464,0.004555979999999999
254720,0.004555979999999999
254976,0.004555979999999999
255232,0.004555979999999999
255488,0.004555979999999999
255744,0.00455588
256000,0.00455588
256256,0.004555779999999999
256512,0.004555779999999999
256768,0.004555779999999999
257024,0.004555779999999999
257280,0.004555779999999999
257536,0.004555779999999999
257792,0.004555779999999999
258048,0.004555779999999999
258304,0.004555779999999999
258560,0.004555779999999999
258816,0.004555779999999999
259072,0.004555779999999999
259328,0.004555779999999999
259584,0.004555779999999999
259840,0.004555779999999999
260096,0.004555779999999999
260352,0.004555779999999999
260608,0.004555779999999999
260864,0.004555779999999999
261120,0.004555779999999999
