cache_lines,MRC
256,0.0144243
512,0.014423898646375923
768,0.014423798307969903
1024,0.014423748138766894
1280,0.014423597631157864
1536,0.009529090185544547
1792,0.009529090185544547
2048,0.009529090185544547
2304,0.009529090185544547
2560,0.009525929525754945
2816,0.009525929525754945
3072,0.009525929525754945
3328,0.009525929525754945
3584,0.00952522715691281
3840,0.009523019711980392
4096,0.009523019711980392
4352,0.009522768865965342
4608,0.009522768865965342
4864,0.009522768865965342
5120,0.009522768865965342
5376,0.009522568189153303
5632,0.009522568189153303
5888,0.009522568189153303
6144,0.009521564805093113
6400,0.009507216413032378
6656,0.009495426650325128
6912,0.009483185364790795
7168,0.009474455923467129
7424,0.009469539341572191
7680,0.009464923774895311
7936,0.009459957023797365
8192,0.00945483976509039
8448,0.009450073690804481
8704,0.009445006601300515
8960,0.009440190357811596
9216,0.009435474452728698
9472,0.009430557870833758
9728,0.009426092811765908
9984,0.009420925383855923
10240,0.00941651049399108
10496,0.00941199526572022
10752,0.009406928176216254
11008,0.009402212271133355
11264,0.009397697042862493
11520,0.009392880799373575
11776,0.009388014386681645
12032,0.00938299746638069
12288,0.009378080884485752
12544,0.00937271277976373
12800,0.009367746028665781
13056,0.00936232775474075
13312,0.009357210496033773
13568,0.009352193575732817
13824,0.00934722682463487
14080,0.00934241058114595
14336,0.009337493999251014
14592,0.009332828263371125
14848,0.009328062189085214
15104,0.00932279442276921
15360,0.009318078517686311
15616,0.009313262274197393
15872,0.009308496199911483
16128,0.009303579618016547
16384,0.00929856269771559
16640,0.00929364611582065
16896,0.00928827801109863
17152,0.009283461767609708
17408,0.009278394678105744
17664,0.009273227250195758
17920,0.009267909314676744
18176,0.009232540026555
18432,0.00922777395226909
18688,0.00922235567834406
18944,0.00921748926565213
19200,0.009212321837742145
19456,0.00920705407142614
19712,0.009202137489531203
19968,0.009197170738433257
20224,0.009192354494944335
20480,0.009187387743846389
20736,0.009182170146733396
20992,0.009177353903244475
21248,0.009172086136928471
21504,0.009167219724236543
21760,0.009162202803935588
22016,0.009157185883634629
22272,0.009151968286521636
22528,0.009147202212235726
22784,0.00914228563034079
23040,0.009137068033227794
23296,0.009132101282129847
23552,0.009126783346610833
23808,0.009121415241888808
24064,0.009116247813978826
24320,0.009111180724474859
24576,0.009105812619752834
24832,0.009100595022639837
25088,0.009095929286759948
25344,0.009090611351240934
25600,0.009085142908112893
25856,0.009079875141796888
26112,0.009074757883089913
26368,0.009069439947570899
26624,0.009064272519660913
26880,0.009059205430156947
27136,0.009053937663840942
27392,0.009048419051509889
27648,0.009043251623599907
27904,0.009038284872501958
28160,0.009032916767779932
28416,0.009027849678275968
28672,0.009022632081162971
28928,0.00901721380723794
29184,0.009012247056139993
29440,0.009007079628230007
29696,0.009001962369523032
29952,0.00899649392639499
30208,0.008990975314063936
30464,0.008985557040138904
30720,0.00898018893541688
30976,0.008975121845912913
31232,0.008969653402784872
31488,0.008964285298062846
31744,0.008959067700949851
32000,0.008954000611445885
32256,0.008948983691144928
32512,0.008943465078813877
32768,0.00893844815851292
33024,0.008933280730602936
33280,0.008928313979504988
33536,0.008923196720798013
33792,0.008918280138903074
34048,0.008912861864978042
34304,0.008907844944677085
34560,0.008902577178361081
34816,0.008897058566030028
35072,0.008891740630511014
35328,0.008886974556225107
35584,0.008881405774691044
35840,0.008876338685187076
36096,0.008871171257277093
36352,0.008866053998570116
36608,0.00886088657066013
36864,0.008855869650359172
37120,0.008850902899261225
37376,0.008845534794539202
37632,0.008840367366629218
37888,0.008834898923501176
38144,0.008829380311170122
38400,0.008824212883260137
38656,0.008819045455350151
38912,0.008813928196643176
39168,0.008808610261124162
39424,0.008803442833214176
39680,0.008798225236101182
39936,0.008792756792973139
40192,0.008787589365063152
40448,0.008782321598747148
40704,0.008776702648010077
40960,0.008771485050897084
41216,0.008766267453784088
41472,0.008761150195077111
41728,0.008755882428761106
41984,0.008750715000851124
42240,0.008745748249753176
42496,0.008740681160249208
42752,0.008735212717121167
43008,0.00873009545841419
43264,0.008724125323256051
43520,0.008719058233752085
43776,0.0087138908058421
44032,0.008708372193511048
44288,0.008702853581179995
44544,0.008697284799645932
44800,0.008691716018111872
45056,0.0086860970673748
45312,0.008680879470261804
45568,0.008675360857930754
45824,0.00866999275320873
46080,0.008664875494501754
46336,0.00865945722057672
46592,0.008653587423824601
46848,0.00864816914989957
47104,0.008642700706771526
47360,0.008637282432846493
47616,0.008632064835733498
47872,0.008626847238620502
48128,0.008621378795492459
48384,0.008615860183161407
48640,0.008610843262860449
48896,0.00860537481973241
49152,0.008599605361386306
49408,0.008594387764273313
49664,0.008589270505566338
49920,0.008583551216423246
50176,0.008577781758077146
50432,0.008572162807340074
50688,0.008566594025806012
50944,0.008561476767099035
51200,0.008556259169986043
51456,0.008550941234467029
51712,0.008545924314166072
51968,0.008540706717053075
52224,0.008535137935519015
52480,0.00852982
52736,0.008524359324322148
52992,0.008518650436113483
53248,0.008513289045447955
53504,0.008508126224807075
53760,0.008502764834141549
54016,0.008497254515957533
54272,0.008492042052810492
54528,0.008486779947157288
54784,0.0084809717739363
55040,0.008475808953295421
55296,0.008470348277617567
55552,0.008464887601939714
55808,0.008459476568768023
56064,0.008454065535596335
56320,0.008448753787436966
56576,0.008443690251808413
56832,0.008438130291118236
57088,0.008432173190378759
57344,0.008426712514700906
57600,0.008420953983986082
57856,0.008415145810765093
58112,0.00840968513508724
58368,0.008404274101915549
58624,0.008398366643682235
58880,0.008392707397979733
59136,0.008387494934832691
59392,0.008382034259154838
59648,0.008376275728440014
59904,0.008370219342688213
60160,0.008364609739491873
60416,0.008359049778801695
60672,0.008353489818111518
60928,0.00834788021491518
61184,0.008342320254225
61440,0.008336909221053311
61696,0.008331349260363134
61952,0.008325739657166792
62208,0.008320080411464292
62464,0.008314520450774115
62720,0.008308861205071611
62976,0.008303301244381434
63232,0.008297691641185096
63488,0.008292131680494917
63744,0.008286819932335552
64000,0.00828160746918851
64256,0.008276097151004495
64512,0.008270934330363616
64768,0.00826562258220425
65024,0.008259864051489424
65280,0.008254552303330057
65536,0.008248793772615231
65792,0.008243333096937379
66048,0.008237922063765687
66304,0.008232064248038537
66560,0.008226355359829874
66816,0.008220547186608885
67072,0.008215235438449518
67328,0.008209079767685392
67584,0.008203221951958242
67840,0.00819756270625574
68096,0.008191853818047077
68352,0.008186293857356898
68608,0.008180535326642072
68864,0.008174379655877946
69120,0.008168621125163119
69376,0.008162763309435968
69632,0.008156657281178006
69888,0.008150749822944692
70144,0.008144892007217542
70400,0.00813903419149039
70656,0.008133722443331024
70912,0.008128212125147008
71168,0.008121907526864397
71424,0.008116397208680381
71680,0.008110787605484043
71936,0.008105029074769217
72192,0.008099568399091362
72448,0.008093958795895024
72704,0.008088448477711008
72960,0.008082689946996182
73216,0.008076931416281356
73472,0.008071222528072693
73728,0.00806561292487635
73984,0.008059904036667688
74240,0.008053748365903562
74496,0.008047791265164087
74752,0.00804203273444926
75008,0.008036125276215948
75264,0.008030217817982632
75520,0.008024608214786294
75776,0.008018651114046817
76032,0.008012942225838154
76288,0.008007382265147977
76544,0.008001871946963961
76800,0.007995865203718323
77056,0.00799020595801582
77312,0.007984497069807157
77568,0.007978937109116978
77824,0.007973178578402153
78080,0.007967221477662677
78336,0.007961512589454012
78592,0.007955654773726862
78848,0.007949697672987387
79104,0.007943889499766398
79360,0.007938130969051571
79616,0.00793227315332442
79872,0.007926564265115755
80128,0.007920706449388604
80384,0.00791479899115529
80640,0.007908990817934301
80896,0.007903033717194826
81152,0.007897175901467676
81408,0.007891169158222036
81664,0.007885261699988723
81920,0.007879354241755409
82176,0.007873446783522097
82432,0.007867588967794943
82688,0.00786188007958628
82944,0.007856220833883779
83200,0.007850363018156626
83456,0.0078446044874418
83712,0.007838945241739299
83968,0.007833385281049121
84224,0.00782772603534662
84480,0.007821719292100982
84736,0.007815811833867668
84992,0.007810053303152841
85248,0.007803798347376391
85504,0.007797791604130754
85760,0.007791735218378953
86016,0.007785430620096341
86272,0.007779423876850704
86528,0.007773466776111228
86784,0.007767013250310128
87040,0.007760907222052166
87296,0.007755247976349664
87552,0.007749141948091702
87808,0.007743085562339901
88064,0.007737128461600426
88320,0.00773117136086095
88576,0.007725015690096825
88832,0.007718909661838863
89088,0.00771260506355625
89344,0.007706697605322936
89600,0.007700839789595786
89856,0.007694485548807011
90112,0.007688528448067535
90368,0.0076825713473280596
90624,0.0076768128166132335
90880,0.007670855715873758
91136,0.00766465040260347
91392,0.007658643659357832
91648,0.007652686558618357
91904,0.007646630172866556
92160,0.007640524144608593
92416,0.007634666328881443
92672,0.007628461015611155
92928,0.007622206059834706
93184,0.007615951104058256
93440,0.007609497578257157
93696,0.007603590120023844
93952,0.007597732304296692
94208,0.0075913284210017565
94464,0.007585023822719144
94720,0.007578768866942694
94976,0.0075726131961785705
95232,0.007566507167920607
95488,0.007560252212144157
95744,0.007554245468898519
96000,0.007548139440640557
96256,0.007541785199851782
96512,0.007535579886581495
96768,0.00752962278584202
97024,0.007523516757584057
97280,0.007517212159301446
97536,0.007511205416055807
97792,0.00750480153276087
98048,0.007498695504502908
98304,0.007492490191232621
98560,0.007486334520468496
98816,0.007480178849704371
99072,0.0074741224639525705
99328,0.007468165363213094
99584,0.007461910407436645
99840,0.007455506524141708
100096,0.007449499780896071
100352,0.0074443369602551915
100608,0.007442251974996376
100864,0.007442103047477888
101120,0.0074419541199594015
101376,0.007441854834947077
101632,0.007441755549934752
101888,0.007441656264922427
102144,0.007441556979910103
102400,0.0074414576948977785
102656,0.007441308767379291
102912,0.007441159839860804
103168,0.0072980901371010615
103424,0.006065119211548066
103680,0.006064870999017254
103936,0.005506839587246862
104192,0.0054793872813391105
104448,0.005453622820640878
104704,0.00544846
104960,0.0054483569694146455
105216,0.005448202423536614
105472,0.005448150908243937
105728,0.005448047877658583
105984,0.005447944847073229
106240,0.005447944847073229
106496,0.005447841816487875
106752,0.005447790301195198
107008,0.005447687270609843
107264,0.005447584240024489
107520,0.005447378178853781
107776,0.0054440296848297706
108032,0.005438156941464583
108288,0.005433211473367583
108544,0.005429759948758219
108800,0.005426050847685468
109056,0.005422393261905395
109312,0.0054188387067106766
109568,0.0054152326362232805
109824,0.0054116265657358845
110080,0.00540817504112652
110336,0.005404414424761093
110592,0.005400808354273697
110848,0.005396893192030239
111104,0.005393287121542843
111360,0.005389423474592062
111616,0.005385662858226635
111872,0.005381799211275853
112128,0.00537798707961775
112384,0.005374329493837676
112640,0.005370774938642958
112896,0.005367220383448238
113152,0.0053634597670828114
113408,0.005359647635424708
113664,0.005355938534351957
113920,0.0053520233721084986
114176,0.005348674878084489
114432,0.005344862746426385
114688,0.00534105061476828
114944,0.00533734151369553
115200,0.00533363241262278
115456,0.005329665735086645
115712,0.005325956634013895
115968,0.005321835410599727
116224,0.005318229340112332
116480,0.005314262662576196
116736,0.0053105020462107695
116992,0.005306947491016051
117248,0.005303289905235977
117504,0.005299374742992519
117760,0.005295562611334416
118016,0.005291441387920248
118272,0.005287320164506082
118528,0.0052836625787260096
118784,0.005279747416482551
119040,0.005275780738946415
119296,0.005271556484946894
119552,0.005267847383874144
119808,0.005263983736923363
120064,0.005260223120557936
120320,0.0052561534124364465
120576,0.005252341280778342
120832,0.00524832308794953
121088,0.005244510956291426
121344,0.005240801855218675
121600,0.005236938208267894
121856,0.005232816984853728
122112,0.005229056368488301
122368,0.005225038175659487
122624,0.005221380589879415
122880,0.00521741391234328
123136,0.005213447234807144
123392,0.005209429041978331
123648,0.005205616910320227
123904,0.005201753263369446
124160,0.005197529009369925
124416,0.005193665362419144
124672,0.005189750200175686
124928,0.005185680492054197
125184,0.005181765329810738
125440,0.005178004713445311
125696,0.005174244097079884
125952,0.005170741057177842
126208,0.005166877410227061
126464,0.005163065278568956
126720,0.005159047085740144
126976,0.0051550288929113315
127232,0.005151268276545904
127488,0.0051474561448878004
127744,0.005143437952058988
128000,0.0051395227898155295
128256,0.0051355561122793944
128512,0.005131640950035936
128768,0.005127828818377831
129024,0.0051239136561343724
129280,0.005119740917427528
129536,0.005115825755184071
129792,0.005111910592940612
130048,0.005107943915404477
130304,0.005103925722575664
130560,0.005100010560332205
130816,0.00509588933691804
131072,0.005091768113503873
131328,0.005087698405382384
131584,0.005083628697260893
131840,0.005079868080895466
132096,0.005076158979822717
132352,0.005072243817579258
132608,0.005068071078872414
132864,0.005064052886043602
133120,0.005060034693214789
133376,0.005055861954507945
133632,0.005051637700508424
133888,0.005047413446508903
134144,0.005043843436726382
134400,0.0050399746382463325
134656,0.005035843111773631
134912,0.005031526130247291
135168,0.00502718854260388
135424,0.005023278531889689
135680,0.005019306702824287
135936,0.005015340025288152
136192,0.0050114403176324965
136448,0.005007334548806132
136704,0.005003233931509037
136960,0.004999262102443633
137216,0.00499540360702212
137472,0.0049915605661884094
137728,0.004987645403944952
137984,0.004983580847352729
138240,0.004979547199936114
138496,0.004975565067812175
138752,0.00497148505663215
139008,0.004967348378630181
139264,0.004963222003686746
139520,0.004959126537918917
139776,0.004955087738973034
140032,0.004951079849202757
140288,0.0049471595354300315
140544,0.0049431774033060925
140800,0.004939215877299225
141056,0.0049353161696435695
141312,0.004931344340578166
141568,0.0049272076625761965
141824,0.00492301946928155
142080,0.004918887942808848
142336,0.004914890356097106
142592,0.004911062769851199
142848,0.004907116698432134
143104,0.004902933656666756
143360,0.004898745463372108
143616,0.004894680906779887
143872,0.004890559683365719
144128,0.004886314823249128
144384,0.004882116326895945
144640,0.00487790237595496
144896,0.0048736420612505655
145152,0.0048693559888998315
145408,0.004864951431375941
145664,0.004860649904437405
145920,0.004856492620318364
146176,0.004852479579018819
146432,0.004848559265246093
146688,0.00484438652653925
146944,0.004839961362898288
147200,0.0048350880162110355
147456,0.004830322851638405
147712,0.004826253143516916
147968,0.004822301920568584
148224,0.004818160091037346
148480,0.004814177958913408
148736,0.004810123705379721
148992,0.004805868542204594
149248,0.004801567015266057
149504,0.004797353064325072
149760,0.004793329719966991
150016,0.004789357890901589
150272,0.004785427274070327
150528,0.0047815069602976015
150784,0.004777303312415151
151040,0.0047728626941863864
151296,0.004768422075957622
151552,0.00476411024596055
151808,0.004759819022080549
152064,0.004755311433971305
152320,0.004751159301381531
152576,0.004746965956557617
152832,0.0047427932178507725
153088,0.004738630782202465
153344,0.004734380770556605
153600,0.004729955606915644
153856,0.004725751959033193
154112,0.00472153285656294
154368,0.004717184965860995
154624,0.004712806165983442
154880,0.004708442820693693
155136,0.004704069172345409
155392,0.004699762493877604
155648,0.004695460966939068
155904,0.0046910048941225
156160,0.004686698215654697
156416,0.004682669719767349
156672,0.004678697890701945
156928,0.00467435
157184,0.004669859385047675
157440,0.00466534162006541
157696,0.004660845575107098
157952,0.004656327810124833
158208,0.004651782895112626
158464,0.004647390020268091
158720,0.004642492154866645
158976,0.004638093850016122
159232,0.004633500064950021
159488,0.004628922569901883
159744,0.0046244753949974664
160000,0.004619756719793634
160256,0.004615119494679625
160512,0.00461056914966143
160768,0.0046059047745174815
161024,0.004601164379289696
161280,0.004596364253996039
161536,0.004591629288774241
161792,0.0045871549638398824
162048,0.004582175648348611
162304,0.004577554713252568
162560,0.004572998938228385
162816,0.004566863031461606
163072,0.00456062395458105
163328,0.004557094450688654
163584,0.004557094450688654
163840,0.004557083590676678
164096,0.004557083590676678
164352,0.004557083590676678
164608,0.004557083590676678
164864,0.004557083590676678
165120,0.004557083590676678
165376,0.004557083590676678
165632,0.004557083590676678
165888,0.00455704558063476
166144,0.004557040150628772
166400,0.004557040150628772
166656,0.004557040150628772
166912,0.004557040150628772
167168,0.004557040150628772
167424,0.004557040150628772
167680,0.004557040150628772
167936,0.004557040150628772
168192,0.004557040150628772
168448,0.004557040150628772
168704,0.004557034720622783
168960,0.004557034720622783
169216,0.004557034720622783
169472,0.004557034720622783
169728,0.004557034720622783
169984,0.004557034720622783
170240,0.004557034720622783
170496,0.004557034720622783
170752,0.004557034720622783
171008,0.004557034720622783
171264,0.004557034720622783
171520,0.004557029290616795
171776,0.004557018430604819
172032,0.004557002140586854
172288,0.004556980420562901
172544,0.004556958700538947
172800,0.004556936980514994
173056,0.004556931550509006
173312,0.004556920690497029
173568,0.0045569044004790645
173824,0.004556898970473076
174080,0.0045568881104611
174336,0.004556871820443135
174592,0.0045568609604311585
174848,0.004556855530425169
175104,0.004556855530425169
175360,0.004556855530425169
175616,0.004556855530425169
175872,0.004556855530425169
176128,0.004556855530425169
176384,0.004556855530425169
176640,0.004556855530425169
176896,0.004556855530425169
177152,0.004556855530425169
177408,0.004556855530425169
177664,0.004556855530425169
177920,0.004556855530425169
178176,0.004556855530425169
178432,0.004556855530425169
178688,0.004556855530425169
178944,0.004556855530425169
179200,0.004556855530425169
179456,0.004556855530425169
179712,0.004556855530425169
179968,0.004556850100419181
180224,0.004556833810401216
180480,0.004556828380395228
180736,0.00455682295038924
180992,0.00455682295038924
181248,0.004556812090377263
181504,0.004556801230365286
181760,0.004556784940347321
182016,0.004556779510341333
182272,0.004556779510341333
182528,0.004556779510341333
182784,0.004556779510341333
183040,0.004556779510341333
183296,0.004556779510341333
183552,0.004556779510341333
183808,0.004556779510341333
184064,0.004556779510341333
184320,0.004556779510341333
184576,0.004556779510341333
184832,0.004556779510341333
185088,0.004556779510341333
185344,0.004556779510341333
185600,0.004556779510341333
185856,0.004556779510341333
186112,0.004556779510341333
186368,0.004556779510341333
186624,0.004556779510341333
186880,0.004556779510341333
187136,0.004556779510341333
187392,0.004556779510341333
187648,0.004556779510341333
187904,0.004556779510341333
188160,0.004556779510341333
188416,0.004556779510341333
188672,0.004556779510341333
188928,0.004556779510341333
189184,0.004556774080335345
189440,0.004556746930305403
189696,0.004556719780275462
189952,0.004556708920263486
190208,0.004556708920263486
190464,0.004556687200239533
190720,0.00455666548021558
190976,0.004556660050209591
191232,0.004556654620203603
191488,0.004556649190197614
191744,0.004556649190197614
192000,0.004556649190197614
192256,0.004556649190197614
192512,0.004556649190197614
192768,0.004556649190197614
193024,0.004556649190197614
193280,0.004556649190197614
193536,0.004556649190197614
193792,0.004556649190197614
194048,0.004556649190197614
194304,0.004556643760191626
194560,0.0045566383301856375
194816,0.0045566383301856375
195072,0.0045566383301856375
195328,0.0045566383301856375
195584,0.0045566383301856375
195840,0.0045566383301856375
196096,0.0045566383301856375
196352,0.0045566383301856375
196608,0.004556627470173661
196864,0.00455660032014372
197120,0.004556589460131742
197376,0.004556584030125754
197632,0.004556567740107789
197888,0.004556551450089825
198144,0.004556529730065872
198400,0.004556508010041919
198656,0.004556497150029942
198912,0.004556497150029942
199168,0.004556475430005988
199424,0.00455647
199680,0.00455647
199936,0.00455647
200192,0.00455647
200448,0.00455647
200704,0.00455647
200960,0.00455647
201216,0.00455647
201472,0.00455647
201728,0.00455647
201984,0.00455647
202240,0.00455647
202496,0.00455647
202752,0.00455647
203008,0.00455647
203264,0.00455647
203520,0.00455647
203776,0.00455647
204032,0.00455647
204288,0.00455647
204544,0.00455647
204800,0.00455647
205056,0.00455647
205312,0.00455647
205568,0.00455647
205824,0.00455647
206080,0.00455647
206336,0.00455647
206592,0.00455647
206848,0.00455647
207104,0.00455647
207360,0.00455647
207616,0.00455647
207872,0.00455647
208128,0.00455647
208384,0.00455647
208640,0.00455647
208896,0.00455647
209152,0.00455647
209408,0.00455647
209664,0.00455647
209920,0.00455647
210176,0.00455647
210432,0.00455647
210688,0.00455647
210944,0.00455647
211200,0.00455647
211456,0.00455647
211712,0.00455647
211968,0.00455647
212224,0.00455647
212480,0.00455647
212736,0.00455647
212992,0.00455647
213248,0.00455647
213504,0.00455647
213760,0.00455647
214016,0.00455647
214272,0.00455647
214528,0.00455647
214784,0.00455647
215040,0.00455647
215296,0.00455647
215552,0.00455647
215808,0.00455647
216064,0.004556466201550388
216320,0.004556466201550388
216576,0.004556462403100775
216832,0.004556462403100775
217088,0.004556462403100775
217344,0.004556462403100775
217600,0.004556462403100775
217856,0.004556462403100775
218112,0.004556462403100775
218368,0.004556462403100775
218624,0.004556462403100775
218880,0.004556462403100775
219136,0.004556462403100775
219392,0.004556462403100775
219648,0.004556462403100775
219904,0.004556462403100775
220160,0.004556462403100775
220416,0.004556462403100775
220672,0.004556462403100775
220928,0.004556462403100775
221184,0.004556462403100775
221440,0.004556462403100775
221696,0.004556462403100775
221952,0.004556458604651163
222208,0.004556451007751938
222464,0.004556443410852713
222720,0.004556443410852713
222976,0.004556443410852713
223232,0.004556443410852713
223488,0.004556443410852713
223744,0.004556443410852713
224000,0.004556443410852713
224256,0.004556443410852713
224512,0.004556443410852713
224768,0.004556443410852713
225024,0.004556443410852713
225280,0.004556443410852713
225536,0.004556443410852713
225792,0.004556443410852713
226048,0.004556443410852713
226304,0.004556443410852713
226560,0.004556443410852713
226816,0.004556443410852713
227072,0.004556443410852713
227328,0.004556443410852713
227584,0.004556443410852713
227840,0.004556439612403101
228096,0.004556432015503876
228352,0.004556420620155039
228608,0.004556413023255814
228864,0.004556405426356589
229120,0.004556394031007752
229376,0.004556382635658916
229632,0.004556371240310077
229888,0.00455635984496124
230144,0.004556348449612403
230400,0.0045563332558139534
230656,0.004556314263565892
230912,0.004556314263565892
231168,0.004556314263565892
231424,0.004556314263565892
231680,0.004556314263565892
231936,0.004556314263565892
232192,0.004556314263565892
232448,0.004556314263565892
232704,0.004556314263565892
232960,0.004556314263565892
233216,0.004556314263565892
233472,0.004556314263565892
233728,0.004556314263565892
233984,0.004556314263565892
234240,0.004556314263565892
234496,0.004556314263565892
234752,0.004556314263565892
235008,0.004556314263565892
235264,0.004556314263565892
235520,0.004556314263565892
235776,0.004556306666666667
236032,0.004556302868217055
236288,0.0045562952713178295
236544,0.004556283875968993
236800,0.00455628007751938
237056,0.004556276279069768
237312,0.004556268682170543
237568,0.004556264883720931
237824,0.0045562572868217055
238080,0.004556253488372093
238336,0.004556245891472868
238592,0.004556245891472868
238848,0.004556245891472868
239104,0.004556245891472868
239360,0.004556245891472868
239616,0.004556245891472868
239872,0.004556245891472868
240128,0.004556245891472868
240384,0.004556245891472868
240640,0.004556245891472868
240896,0.004556245891472868
241152,0.004556245891472868
241408,0.004556245891472868
241664,0.004556245891472868
241920,0.004556245891472868
242176,0.004556245891472868
242432,0.004556245891472868
242688,0.004556245891472868
242944,0.004556245891472868
243200,0.004556245891472868
243456,0.004556245891472868
243712,0.004556245891472868
243968,0.004556245891472868
244224,0.004556245891472868
244480,0.004556245891472868
244736,0.004556245891472868
244992,0.004556245891472868
245248,0.004556234496124031
245504,0.004556226899224807
245760,0.004556211705426357
246016,0.004556196511627907
246272,0.0045561813178294575
246528,0.004556162325581396
246784,0.004556147131782946
247040,0.004556135736434108
247296,0.004556128139534884
247552,0.004556128139534884
247808,0.004556128139534884
248064,0.004556128139534884
248320,0.004556128139534884
248576,0.004556128139534884
248832,0.004556128139534884
249088,0.004556128139534884
249344,0.004556128139534884
249600,0.004556128139534884
249856,0.004556128139534884
250112,0.004556128139534884
250368,0.004556128139534884
250624,0.004556128139534884
250880,0.004556128139534884
251136,0.004556128139534884
251392,0.004556128139534884
251648,0.004556128139534884
251904,0.004556128139534884
252160,0.004556124341085271
252416,0.004556120542635659
252672,0.004556116744186047
252928,0.004556101550387597
253184,0.00455609015503876
253440,0.004556074961240311
253696,0.004556063565891473
253952,0.004556048372093024
254208,0.0045560255813953485
254464,0.004556006589147287
254720,0.00455599519379845
254976,0.004555983798449612
255232,0.00455598
255488,0.00455598
255744,0.00455598
256000,0.00455598
256256,0.00455598
256512,0.00455598
256768,0.00455598
257024,0.00455598
257280,0.00455598
257536,0.00455598
257792,0.00455598
258048,0.00455598
258304,0.00455598
258560,0.00455598
258816,0.00455598
259072,0.00455598
259328,0.00455598
259584,0.00455598
259840,0.00455598
260096,0.00455598
260352,0.00455598
260608,0.00455598
260864,0.00455598
261120,0.00455598
