cache_lines,MRC
256,0.015604080000000001
512,0.01560368
768,0.01560358
1024,0.01560358
1280,0.015603480000000001
1536,0.009625980000000001
1792,0.00962588
2048,0.00962588
2304,0.00962588
2560,0.00962588
2816,0.00962588
3072,0.00962588
3328,0.00962588
3584,0.00962588
3840,0.00962588
4096,0.00962118
4352,0.00962118
4608,0.00962118
4864,0.00962118
5120,0.00962118
5376,0.00962118
5632,0.00962118
5888,0.00962118
6144,0.00962118
6400,0.00962118
6656,0.00962118
6912,0.00960858
7168,0.00959398
7424,0.00957948
7680,0.00956528
7936,0.00955898
8192,0.00955298
8448,0.00954698
8704,0.00954078
8960,0.00953478
9216,0.009528680000000001
9472,0.00952218
9728,0.00951648
9984,0.009510580000000001
10240,0.009504480000000001
10496,0.00949818
10752,0.009492180000000001
11008,0.00948588
11264,0.00947948
11520,0.00947368
11776,0.00946778
12032,0.009461780000000001
12288,0.009455080000000001
12544,0.00944938
12800,0.00944358
13056,0.009437280000000001
13312,0.00943098
13568,0.00942488
13824,0.00941838
14080,0.009412180000000001
14336,0.00940598
14592,0.009399880000000001
14848,0.009393480000000001
15104,0.00938728
15360,0.00938098
15616,0.00937498
15872,0.00936878
16128,0.00936228
16384,0.00935588
16640,0.00934948
16896,0.009343480000000001
17152,0.00933698
17408,0.009330680000000001
17664,0.009324780000000001
17920,0.00931848
18176,0.009311980000000001
18432,0.00930558
18688,0.009299380000000001
18944,0.00929288
19200,0.00928678
19456,0.009280380000000001
19712,0.00927408
19968,0.009267280000000001
20224,0.00922538
20480,0.009219080000000001
20736,0.00921278
20992,0.00920628
21248,0.00919988
21504,0.00919388
21760,0.00918708
22016,0.009180780000000001
22272,0.00917488
22528,0.00916838
22784,0.009162080000000001
23040,0.009155980000000001
23296,0.00914978
23552,0.00914348
23808,0.009136980000000001
24064,0.009130580000000001
24320,0.009123580000000001
24576,0.00911728
24832,0.009110680000000001
25088,0.009104580000000001
25344,0.00909818
25600,0.00909218
25856,0.00908578
26112,0.00907928
26368,0.00907328
26624,0.00906738
26880,0.00906068
27136,0.00905418
27392,0.00904768
27648,0.009040880000000001
27904,0.009034180000000001
28160,0.00902768
28416,0.00902138
28672,0.00901468
28928,0.00900838
29184,0.00900238
29440,0.00899558
29696,0.00898958
29952,0.00898368
30208,0.00897698
30464,0.00897028
30720,0.00896368
30976,0.00895748
31232,0.00895108
31488,0.008944180000000001
31744,0.008937780000000001
32000,0.00893088
32256,0.00892448
32512,0.00891788
32768,0.00891078
33024,0.008904180000000001
33280,0.00889788
33536,0.00889128
33792,0.00888478
34048,0.00887838
34304,0.008872080000000001
34560,0.00886548
34816,0.00885908
35072,0.00885268
35328,0.00884588
35584,0.00883928
35840,0.00883288
36096,0.00882638
36352,0.008819480000000001
36608,0.00881348
36864,0.00880648
37120,0.00879978
37376,0.00879338
37632,0.008786480000000001
37888,0.00877958
38144,0.00877328
38400,0.008766880000000001
38656,0.00876038
38912,0.00875368
39168,0.00874698
39424,0.00874008
39680,0.00873348
39936,0.008726880000000001
40192,0.008720180000000001
40448,0.00871358
40704,0.00870708
40960,0.008700280000000001
41216,0.00869348
41472,0.008687180000000001
41728,0.00868078
41984,0.00867348
42240,0.008666680000000001
42496,0.00866038
42752,0.00865338
43008,0.00864668
43264,0.00864018
43520,0.008633680000000001
43776,0.008626680000000001
44032,0.00862008
44288,0.008613280000000001
44544,0.00860678
44800,0.00859998
45056,0.00859328
45312,0.008586380000000001
45568,0.00857978
45824,0.00857308
46080,0.00856548
46336,0.00855848
46592,0.008552180000000001
46848,0.00854568
47104,0.00853928
47360,0.00853258
47616,0.00852558
47872,0.00851898
48128,0.008512480000000001
48384,0.008505780000000001
48640,0.00849918
48896,0.00849278
49152,0.00848608
49408,0.00847988
49664,0.00847358
49920,0.00846698
50176,0.00846008
50432,0.00845368
50688,0.00844688
50944,0.00844008
51200,0.00843348
51456,0.00842678
51712,0.008419880000000001
51968,0.008413180000000001
52224,0.00840668
52480,0.008672540000000001
52736,0.008666040000000002
52992,0.008659340000000001
53248,0.00865274
53504,0.008646240000000001
53760,0.00863974
54016,0.008632740000000002
54272,0.008626040000000001
54528,0.008618840000000001
54784,0.008612040000000001
55040,0.008605040000000001
55296,0.008598340000000001
55552,0.008591640000000001
55808,0.008584540000000002
56064,0.00857804
56320,0.00857134
56576,0.00856434
56832,0.008557740000000001
57088,0.008550440000000001
57344,0.00854334
57600,0.00853684
57856,0.008529640000000002
58112,0.008522740000000001
58368,0.00851614
58624,0.008509240000000001
58880,0.00850204
59136,0.008495540000000001
59392,0.008488740000000002
59648,0.008481540000000001
59904,0.008474440000000001
60160,0.008467440000000001
60416,0.00846064
60672,0.008453440000000001
60928,0.00844604
61184,0.008438840000000001
61440,0.008431840000000001
61696,0.008424840000000001
61952,0.008417540000000001
62208,0.00841044
62464,0.00840334
62720,0.008395940000000001
62976,0.00838904
63232,0.008381840000000002
63488,0.008374240000000002
63744,0.00836684
64000,0.00836014
64256,0.00835274
64512,0.00834584
64768,0.00833914
65024,0.00833184
65280,0.008324340000000001
65536,0.00831754
65792,0.00831014
66048,0.00830324
66304,0.008296340000000001
66560,0.008289240000000002
66816,0.00828214
67072,0.00827534
67328,0.008268240000000001
67584,0.00826074
67840,0.00825354
68096,0.008246640000000001
68352,0.00823974
68608,0.008232640000000001
68864,0.008225340000000001
69120,0.00821824
69376,0.008211240000000002
69632,0.00820384
69888,0.00819684
70144,0.008189640000000002
70400,0.00818254
70656,0.008175640000000001
70912,0.008168640000000001
71168,0.008161040000000001
71424,0.00815424
71680,0.008147340000000001
71936,0.00814024
72192,0.00813294
72448,0.00812584
72704,0.00811855
72960,0.008111140000000001
73216,0.008104090000000001
73472,0.00809686
73728,0.00808957
73984,0.00808233
74240,0.008075200000000001
74496,0.00806809
74752,0.008061490000000001
75008,0.00805403
75264,0.00804678
75520,0.008039210000000001
75776,0.00803174
76032,0.008024400000000001
76288,0.00801725
76544,0.00800963
76800,0.00800254
77056,0.00799562
77312,0.00798806
77568,0.00798122
77824,0.007973590000000001
78080,0.007965880000000002
78336,0.00795877
78592,0.00795145
78848,0.0079438
79104,0.00793652
79360,0.007928800000000001
79616,0.00792107
79872,0.007913920000000001
80128,0.007906100000000001
80384,0.00789886
80640,0.007891730000000001
80896,0.007884200000000001
81152,0.00787664
81408,0.00786965
81664,0.00786231
81920,0.00785507
82176,0.0078478
82432,0.00784026
82688,0.007833320000000001
82944,0.00782592
83200,0.00781826
83456,0.007810890000000001
83712,0.00780342
83968,0.007795700000000001
84224,0.00778821
84480,0.00778035
84736,0.00777271
84992,0.00776518
85248,0.007758350000000001
85504,0.00775053
85760,0.007743130000000001
86016,0.007735870000000001
86272,0.007728270000000001
86528,0.0077208100000000016
86784,0.0077132300000000015
87040,0.007705660000000001
87296,0.00769823
87552,0.0076907
87808,0.007683290000000001
88064,0.0076757200000000005
88320,0.007667780000000001
88576,0.007660180000000001
88832,0.0076529300000000005
89088,0.007644990000000001
89344,0.007637850000000002
89600,0.0076301500000000005
89856,0.0076222500000000006
90112,0.007614910000000001
90368,0.007607010000000001
90624,0.007599440000000001
90880,0.007591800000000001
91136,0.00758403
91392,0.007576510000000002
91648,0.007568770000000001
91904,0.007561160000000001
92160,0.00755367
92416,0.007546190000000001
92672,0.007538690000000001
92928,0.00753116
93184,0.007523440000000001
93440,0.00751567
93696,0.007507900000000001
93952,0.007500120000000001
94208,0.00749231
94464,0.00748442
94720,0.007476770000000001
94976,0.00746922
95232,0.00746139
95488,0.0074535500000000015
95744,0.007446020000000001
96000,0.007438710000000001
96256,0.00743069
96512,0.007422990000000001
96768,0.007415370000000001
97024,0.0074076800000000016
97280,0.007399860000000001
97536,0.007391990000000001
97792,0.007384350000000001
98048,0.00737666
98304,0.007368700000000001
98560,0.007360680000000001
98816,0.0073527800000000015
99072,0.0073450500000000005
99328,0.0073372900000000015
99584,0.007328890000000001
99840,0.00732116
100096,0.0073130600000000014
100352,0.007307920000000001
100608,0.00730682
100864,0.007306610000000002
101120,0.0073063400000000014
101376,0.007306110000000001
101632,0.0073059200000000005
101888,0.00730572
102144,0.007305540000000001
102400,0.00730537
102656,0.007305210000000001
102912,0.0073050400000000005
103168,0.007304920000000001
103424,0.00730477
103680,0.006488790000000001
103936,0.005584840000000001
104192,0.0051864300000000006
104448,0.004860390000000001
104704,0.0055328
104960,0.0054988599999999995
105216,0.00549877
105472,0.00549862
105728,0.0054985599999999996
105984,0.00549847
106240,0.00549838
106496,0.00549829
106752,0.00549815
107008,0.00549804
107264,0.00549797
107520,0.00549792
107776,0.0054978399999999995
108032,0.00549771
108288,0.00549724
108544,0.00549324
108800,0.00548573
109056,0.00547968
109312,0.0054751
109568,0.00547072
109824,0.00546618
110080,0.00546182
110336,0.00545729
110592,0.0054529
110848,0.00544846
111104,0.00544385
111360,0.00543922
111616,0.0054345999999999995
111872,0.00542974
112128,0.0054251099999999995
112384,0.0054208799999999994
112640,0.00541626
112896,0.00541172
113152,0.00540691
113408,0.00540243
113664,0.00539818
113920,0.0053932599999999995
114176,0.00538906
114432,0.00538432
114688,0.00537949
114944,0.00537481
115200,0.00537011
115456,0.00536535
115712,0.0053606899999999996
115968,0.0053561
116224,0.00535143
116480,0.00534669
116736,0.00534232
116992,0.00533778
117248,0.00533321
117504,0.00532887
117760,0.00532445
118016,0.00531997
118272,0.00531534
118528,0.00531055
118784,0.00530567
119040,0.00530087
119296,0.0052961
119552,0.0052914799999999994
119808,0.00528704
120064,0.00528229
120320,0.00527795
120576,0.00527309
120832,0.0052685
121088,0.00526371
121344,0.00525897
121600,0.00525407
121856,0.0052492699999999995
122112,0.00524463
122368,0.00524005
122624,0.0052355
122880,0.00523078
123136,0.00522587
123392,0.0052213599999999995
123648,0.005217
123904,0.00521223
124160,0.0052079399999999994
124416,0.00520321
124672,0.0051987
124928,0.00519387
125184,0.0051890899999999995
125440,0.00518406
125696,0.00517962
125952,0.00517488
126208,0.00516994
126464,0.00516538
126720,0.0051604
126976,0.00515534
127232,0.0051505299999999995
127488,0.00514576
127744,0.00514109
128000,0.00513647
128256,0.00513174
128512,0.00512724
128768,0.0051223399999999995
129024,0.0051178199999999995
129280,0.00511293
129536,0.005108
129792,0.0051030599999999995
130048,0.00509878
130304,0.00509362
130560,0.00508841
130816,0.00508375
131072,0.00507878
131328,0.00507404
131584,0.00506898
131840,0.00506415
132096,0.0050592499999999995
132352,0.00505439
132608,0.00504921
132864,0.00504412
133120,0.00503914
133376,0.0050342699999999995
133632,0.00502941
133888,0.0050243399999999995
134144,0.00501948
134400,0.00501429
134656,0.00500939
134912,0.00500446
135168,0.00499948
135424,0.00499459
135680,0.00498984
135936,0.00498512
136192,0.00498058
136448,0.00497582
136704,0.00497111
136960,0.00496611
137216,0.00496122
137472,0.00495612
137728,0.00495138
137984,0.0049466
138240,0.00494157
138496,0.00493654
138752,0.00493136
139008,0.00492652
139264,0.0049216799999999995
139520,0.00491661
139776,0.00491164
140032,0.0049067
140288,0.00490158
140544,0.00489646
140800,0.00489156
141056,0.00488671
141312,0.00488176
141568,0.00487682
141824,0.00487161
142080,0.00486645
142336,0.0048614
142592,0.0048565399999999995
142848,0.00485137
143104,0.00484621
143360,0.00484118
143616,0.00483606
143872,0.0048309699999999995
144128,0.00482605
144384,0.00482096
144640,0.00481624
144896,0.00481114
145152,0.00480604
145408,0.00480084
145664,0.00479597
145920,0.00479107
146176,0.0047859999999999995
146432,0.00478078
146688,0.00477574
146944,0.0047706599999999995
147200,0.00476557
147456,0.0047604399999999995
147712,0.00475539
147968,0.0047503
148224,0.00474542
148480,0.00474044
148736,0.00473542
148992,0.00473039
149248,0.00472532
149504,0.00472025
149760,0.00471517
150016,0.00471007
150272,0.0047049399999999995
150528,0.00469973
150784,0.00469482
151040,0.00468999
151296,0.0046849199999999995
151552,0.00468006
151808,0.00467525
152064,0.00467015
152320,0.00466508
152576,0.00466001
152832,0.00465482
153088,0.0046495899999999995
153344,0.00464439
153600,0.00463945
153856,0.00463446
154112,0.00462944
154368,0.0046244
154624,0.00461936
154880,0.00461431
155136,0.00460923
155392,0.00460393
155648,0.00459856
155904,0.0045933499999999995
156160,0.0045882499999999994
156416,0.00458317
156672,0.00457798
156928,0.004700510000000001
157184,0.004695240000000001
157440,0.0046902
157696,0.004684860000000001
157952,0.004679480000000001
158208,0.00467418
158464,0.004669
158720,0.004663400000000001
158976,0.00465706
159232,0.00465165
159488,0.00464638
159744,0.004641190000000001
160000,0.004635810000000001
160256,0.00463048
160512,0.00462523
160768,0.00462012
161024,0.00461496
161280,0.00460974
161536,0.00460446
161792,0.00459908
162048,0.00459379
162304,0.00458897
162560,0.004583820000000001
162816,0.004578550000000001
163072,0.00457323
163328,0.0045651400000000005
163584,0.0045592900000000006
163840,0.0045569700000000005
164096,0.004556930000000001
164352,0.004556930000000001
164608,0.004556930000000001
164864,0.004556930000000001
165120,0.004556930000000001
165376,0.004556930000000001
165632,0.004556930000000001
165888,0.004556930000000001
166144,0.004556930000000001
166400,0.004556930000000001
166656,0.004556930000000001
166912,0.004556930000000001
167168,0.004556930000000001
167424,0.004556930000000001
167680,0.004556930000000001
167936,0.004556930000000001
168192,0.004556930000000001
168448,0.004556930000000001
168704,0.004556930000000001
168960,0.004556920000000001
169216,0.004556920000000001
169472,0.004556920000000001
169728,0.004556920000000001
169984,0.004556920000000001
170240,0.004556920000000001
170496,0.004556920000000001
170752,0.004556920000000001
171008,0.004556920000000001
171264,0.004556920000000001
171520,0.004556920000000001
171776,0.004556920000000001
172032,0.004556920000000001
172288,0.004556920000000001
172544,0.004556920000000001
172800,0.004556920000000001
173056,0.004556920000000001
173312,0.004556920000000001
173568,0.004556920000000001
173824,0.0045569
174080,0.00455689
174336,0.00455688
174592,0.00455687
174848,0.00455686
175104,0.00455685
175360,0.00455685
175616,0.00455683
175872,0.0045568100000000005
176128,0.004556800000000001
176384,0.004556780000000001
176640,0.004556780000000001
176896,0.004556780000000001
177152,0.004556780000000001
177408,0.004556780000000001
177664,0.004556780000000001
177920,0.004556780000000001
178176,0.00455677
178432,0.00455677
178688,0.00455677
178944,0.00455677
179200,0.00455677
179456,0.00455677
179712,0.00455677
179968,0.00455677
180224,0.00455677
180480,0.00455677
180736,0.00455677
180992,0.00455677
181248,0.00455677
181504,0.00455677
181760,0.00455677
182016,0.00455677
182272,0.00455675
182528,0.00455674
182784,0.00455673
183040,0.00455671
183296,0.00455669
183552,0.0045566800000000005
183808,0.0045566700000000005
184064,0.004556660000000001
184320,0.004556640000000001
184576,0.004556630000000001
184832,0.004556630000000001
185088,0.004556630000000001
185344,0.00455662
185600,0.00455662
185856,0.00455662
186112,0.00455662
186368,0.00455662
186624,0.00455662
186880,0.00455662
187136,0.00455662
187392,0.00455662
187648,0.00455662
187904,0.00455662
188160,0.00455662
188416,0.00455662
188672,0.00455662
188928,0.00455662
189184,0.00455662
189440,0.00455662
189696,0.00455662
189952,0.00455662
190208,0.00455662
190464,0.00455662
190720,0.00455662
190976,0.00455662
191232,0.00455662
191488,0.00455662
191744,0.00455662
192000,0.00455662
192256,0.00455662
192512,0.00455661
192768,0.0045566
193024,0.00455659
193280,0.00455657
193536,0.00455656
193792,0.00455654
194048,0.0045565200000000005
194304,0.004556510000000001
194560,0.004556510000000001
194816,0.004556510000000001
195072,0.004556490000000001
195328,0.00455647
195584,0.00455647
195840,0.00455647
196096,0.00455647
196352,0.00455647
196608,0.00455647
196864,0.00455647
197120,0.00455647
197376,0.00455647
197632,0.00455647
197888,0.00455647
198144,0.00455647
198400,0.00455647
198656,0.00455647
198912,0.00455647
199168,0.00455647
199424,0.00455647
199680,0.00455647
199936,0.00455647
200192,0.00455647
200448,0.00455647
200704,0.00455647
200960,0.00455645
201216,0.00455643
201472,0.00455642
201728,0.00455641
201984,0.0045564
202240,0.0045564
202496,0.004556360000000001
202752,0.00455633
203008,0.00455632
203264,0.00455631
203520,0.00455629
203776,0.00455628
204032,0.00455628
204288,0.00455628
204544,0.00455628
204800,0.00455628
205056,0.00455628
205312,0.00455628
205568,0.00455628
205824,0.00455628
206080,0.00455628
206336,0.00455628
206592,0.00455628
206848,0.00455628
207104,0.00455628
207360,0.00455628
207616,0.00455628
207872,0.00455628
208128,0.00455628
208384,0.00455628
208640,0.00455628
208896,0.00455628
209152,0.00455646
209408,0.00455646
209664,0.00455646
209920,0.00455646
210176,0.00455646
210432,0.00455646
210688,0.00455646
210944,0.00455646
211200,0.00455646
211456,0.00455646
211712,0.00455646
211968,0.00455646
212224,0.00455646
212480,0.00455646
212736,0.00455646
212992,0.00455646
213248,0.00455646
213504,0.00455646
213760,0.00455646
214016,0.00455646
214272,0.00455646
214528,0.00455646
214784,0.00455646
215040,0.00455646
215296,0.00455646
215552,0.00455646
215808,0.00455646
216064,0.00455646
216320,0.00455646
216576,0.00455646
216832,0.00455646
217088,0.00455646
217344,0.00455646
217600,0.00455646
217856,0.00455646
218112,0.00455646
218368,0.00455646
218624,0.00455646
218880,0.00455646
219136,0.00455646
219392,0.00455646
219648,0.00455646
219904,0.00455646
220160,0.00455646
220416,0.00455646
220672,0.00455646
220928,0.00455646
221184,0.00455646
221440,0.00455646
221696,0.00455646
221952,0.00455646
222208,0.00455646
222464,0.00455646
222720,0.00455646
222976,0.00455646
223232,0.00455646
223488,0.00455646
223744,0.00455646
224000,0.00455646
224256,0.00455646
224512,0.00455646
224768,0.00455646
225024,0.00455646
225280,0.00455646
225536,0.00455646
225792,0.00455646
226048,0.00455646
226304,0.00455646
226560,0.00455646
226816,0.00455646
227072,0.00455646
227328,0.00455646
227584,0.00455646
227840,0.00455646
228096,0.00455646
228352,0.00455646
228608,0.00455646
228864,0.00455646
229120,0.00455646
229376,0.00455646
229632,0.00455646
229888,0.00455645
230144,0.00455645
230400,0.00455644
230656,0.00455642
230912,0.0045564
231168,0.0045563900000000004
231424,0.0045563900000000004
231680,0.0045563800000000005
231936,0.00455636
232192,0.00455634
232448,0.00455634
232704,0.00455634
232960,0.00455634
233216,0.00455634
233472,0.00455634
233728,0.00455634
233984,0.00455634
234240,0.00455634
234496,0.00455634
234752,0.00455634
235008,0.00455634
235264,0.00455634
235520,0.00455634
235776,0.00455634
236032,0.00455634
236288,0.00455634
236544,0.00455634
236800,0.00455634
237056,0.00455634
237312,0.00455634
237568,0.00455634
237824,0.00455634
238080,0.00455634
238336,0.00455632
238592,0.0045563
238848,0.00455629
239104,0.00455628
239360,0.00455628
239616,0.00455628
239872,0.00455625
240128,0.0045562400000000005
240384,0.0045562300000000005
240640,0.004556220000000001
240896,0.0045562
241152,0.0045562
241408,0.0045562
241664,0.0045562
241920,0.0045562
242176,0.0045562
242432,0.0045562
242688,0.0045562
242944,0.0045562
243200,0.0045562
243456,0.0045562
243712,0.0045562
243968,0.0045562
244224,0.0045562
244480,0.0045562
244736,0.0045562
244992,0.0045562
245248,0.0045562
245504,0.0045562
245760,0.0045562
246016,0.0045562
246272,0.0045562
246528,0.0045562
246784,0.0045562
247040,0.0045562
247296,0.0045562
247552,0.0045562
247808,0.0045562
248064,0.0045562
248320,0.00455619
248576,0.00455619
248832,0.00455619
249088,0.00455618
249344,0.00455616
249600,0.00455615
249856,0.00455613
250112,0.0045561
250368,0.0045560800000000005
250624,0.00455606
250880,0.00455605
251136,0.00455604
251392,0.00455603
251648,0.00455603
251904,0.00455603
252160,0.00455603
252416,0.00455603
252672,0.00455603
252928,0.00455603
253184,0.00455603
253440,0.00455603
253696,0.00455603
253952,0.00455603
254208,0.00455603
254464,0.00455603
254720,0.00455603
254976,0.00455603
255232,0.00455602
255488,0.00455602
255744,0.00455602
256000,0.00455602
256256,0.00455602
256512,0.00455602
256768,0.00455602
257024,0.00455601
257280,0.004556
257536,0.00455598
257792,0.00455596
258048,0.0045559500000000005
258304,0.0045559400000000005
258560,0.004555930000000001
258816,0.00455591
259072,0.00455589
259328,0.00455588
259584,0.00455586
259840,0.00455585
260096,0.00455585
260352,0.00455585
260608,0.00455585
260864,0.00455585
261120,0.00455585
