cache_lines,MRC
256,0.01974688
512,0.01974608
768,0.01974588
1024,0.01974578
1280,0.01974548
1536,0.009989479999999998
1792,0.009989479999999998
2048,0.009989479999999998
2304,0.009989479999999998
2560,0.009983180000000001
2816,0.009983180000000001
3072,0.009983180000000001
3328,0.009983180000000001
3584,0.009981779999999999
3840,0.009977380000000001
4096,0.009977380000000001
4352,0.00997688
4608,0.00997688
4864,0.00997688
5120,0.00997688
5376,0.00997648
5632,0.00997648
5888,0.00997648
6144,0.00997448
6400,0.00994588
6656,0.009922380000000001
6912,0.00989798
7168,0.00988058
7424,0.00987078
7680,0.009861579999999998
7936,0.009851680000000002
8192,0.00984148
8448,0.00983198
8704,0.009821880000000002
8960,0.00981228
9216,0.00980288
9472,0.00979308
9728,0.00978418
9984,0.009773879999999999
10240,0.009765079999999999
10496,0.00975608
10752,0.009745980000000001
11008,0.009736580000000002
11264,0.00972758
11520,0.009717980000000001
11776,0.00970828
12032,0.00969828
12288,0.00968848
12544,0.00967778
12800,0.00966788
13056,0.009657079999999998
13312,0.00964688
13568,0.00963688
13824,0.00962698
14080,0.009617379999999998
14336,0.009607580000000001
14592,0.00959828
14848,0.009588780000000002
15104,0.009578280000000002
15360,0.009568879999999998
15616,0.00955928
15872,0.00954978
16128,0.00953998
16384,0.00952998
16640,0.00952018
16896,0.00950948
17152,0.009499879999999999
17408,0.00948978
17664,0.009479479999999998
17920,0.009468879999999999
18176,0.009398380000000001
18432,0.009388879999999999
18688,0.00937808
18944,0.009368379999999999
19200,0.009358080000000001
19456,0.009347580000000001
19712,0.00933778
19968,0.00932788
20224,0.009318279999999998
20480,0.009308380000000002
20736,0.00929798
20992,0.009288379999999999
21248,0.009277879999999999
21504,0.00926818
21760,0.009258180000000001
22016,0.009248179999999998
22272,0.009237780000000001
22528,0.009228279999999998
22784,0.009218480000000001
23040,0.00920808
23296,0.00919818
23552,0.00918758
23808,0.009176879999999998
24064,0.00916658
24320,0.009156480000000002
24576,0.00914578
24832,0.009135379999999999
25088,0.009126079999999998
25344,0.009115479999999999
25600,0.009104580000000001
25856,0.009094080000000001
26112,0.009083879999999999
26368,0.00907328
26624,0.009062979999999998
26880,0.00905288
27136,0.00904238
27392,0.009031379999999999
27648,0.00902108
27904,0.00901118
28160,0.009000479999999998
28416,0.00899038
28672,0.008979979999999999
28928,0.00896918
29184,0.00895928
29440,0.008948979999999999
29696,0.00893878
29952,0.00892788
30208,0.008916879999999999
30464,0.00890608
30720,0.008895380000000001
30976,0.008885279999999999
31232,0.008874380000000001
31488,0.008863679999999999
31744,0.008853280000000002
32000,0.008843179999999999
32256,0.00883318
32512,0.008822179999999999
32768,0.00881218
33024,0.008801880000000002
33280,0.008791980000000001
33536,0.00878178
33792,0.008771979999999999
34048,0.00876118
34304,0.00875118
34560,0.00874068
34816,0.00872968
35072,0.00871908
35328,0.008709580000000001
35584,0.008698480000000001
35840,0.008688379999999999
36096,0.008678080000000001
36352,0.00866788
36608,0.008657580000000002
36864,0.008647579999999998
37120,0.008637679999999998
37376,0.00862698
37632,0.008616680000000002
37888,0.00860578
38144,0.00859478
38400,0.008584479999999999
38656,0.00857418
38912,0.008563979999999999
39168,0.00855338
39424,0.008543080000000002
39680,0.00853268
39936,0.00852178
40192,0.008511479999999998
40448,0.008500979999999998
40704,0.008489779999999999
40960,0.008479380000000002
41216,0.008468980000000001
41472,0.008458779999999999
41728,0.008448279999999999
41984,0.008437980000000001
42240,0.008428080000000001
42496,0.008417979999999999
42752,0.00840708
43008,0.008396879999999999
43264,0.00838498
43520,0.008374880000000001
43776,0.00836458
44032,0.00835358
44288,0.008342579999999999
44544,0.008331479999999999
44800,0.008320379999999999
45056,0.00830918
45312,0.008298779999999999
45568,0.008287780000000002
45824,0.00827708
46080,0.00826688
46336,0.008256079999999999
46592,0.008244379999999999
46848,0.00823358
47104,0.00822268
47360,0.008211880000000001
47616,0.00820148
47872,0.00819108
48128,0.008180179999999999
48384,0.008169180000000002
48640,0.008159179999999999
48896,0.00814828
49152,0.00813678
49408,0.008126379999999999
49664,0.00811618
49920,0.008104779999999999
50176,0.008093280000000001
50432,0.008082079999999998
50688,0.008070979999999998
50944,0.00806078
51200,0.00805038
51456,0.00803978
51712,0.00802978
51968,0.00801938
52224,0.00800828
52480,0.009108050000000001
52736,0.00909705
52992,0.00908555
53248,0.009074750000000001
53504,0.00906435
53760,0.009053550000000002
54016,0.009042450000000002
54272,0.009031950000000002
54528,0.009021350000000003
54784,0.009009650000000003
55040,0.008999250000000002
55296,0.008988250000000001
55552,0.00897725
55808,0.00896635
56064,0.008955450000000002
56320,0.00894475
56576,0.008934550000000001
56832,0.008923350000000002
57088,0.00891135
57344,0.00890035
57600,0.008888750000000003
57856,0.008877050000000003
58112,0.008866050000000002
58368,0.008855150000000001
58624,0.008843250000000002
58880,0.00883185
59136,0.00882135
59392,0.00881035
59648,0.008798750000000003
59904,0.008786550000000002
60160,0.00877525
60416,0.00876405
60672,0.008752850000000001
60928,0.008741550000000002
61184,0.00873035
61440,0.008719450000000002
61696,0.008708250000000002
61952,0.00869695
62208,0.008685550000000002
62464,0.008674350000000003
62720,0.00866295
62976,0.008651750000000001
63232,0.008640450000000003
63488,0.00862925
63744,0.00861855
64000,0.00860805
64256,0.00859695
64512,0.00858655
64768,0.008575850000000001
65024,0.00856425
65280,0.008553550000000002
65536,0.008541950000000001
65792,0.00853095
66048,0.00852005
66304,0.00850825
66560,0.008496750000000003
66816,0.008485050000000003
67072,0.00847435
67328,0.008461950000000001
67584,0.008450150000000002
67840,0.00843875
68096,0.008427250000000002
68352,0.00841605
68608,0.008404450000000003
68864,0.00839205
69120,0.00838045
69376,0.00836865
69632,0.00835635
69888,0.008344450000000002
70144,0.008332650000000002
70400,0.00832085
70656,0.00831015
70912,0.00829905
71168,0.00828635
71424,0.00827525
71680,0.00826395
71936,0.00825235
72192,0.00824135
72448,0.008230050000000001
72704,0.008218950000000001
72960,0.00820735
73216,0.00819575
73472,0.008184250000000002
73728,0.00817295
73984,0.008161450000000002
74240,0.00814905
74496,0.008137050000000002
74752,0.008125450000000001
75008,0.008113550000000002
75264,0.00810165
75520,0.008090350000000001
75776,0.00807835
76032,0.008066850000000002
76288,0.008055650000000003
76544,0.008044550000000003
76800,0.008032450000000002
77056,0.00802105
77312,0.008009550000000002
77568,0.00799835
77824,0.007986750000000003
78080,0.007974750000000001
78336,0.00796325
78592,0.00795145
78848,0.007939450000000002
79104,0.007927750000000003
79360,0.007916150000000002
79616,0.007904350000000003
79872,0.007892850000000002
80128,0.007881050000000002
80384,0.00786915
80640,0.00785745
80896,0.007845450000000002
81152,0.007833650000000003
81408,0.007821550000000002
81664,0.00780965
81920,0.007797750000000001
82176,0.007785850000000002
82432,0.007774049999999999
82688,0.007762550000000002
82944,0.00775115
83200,0.007739350000000001
83456,0.00772775
83712,0.00771635
83968,0.007705150000000001
84224,0.007693750000000001
84480,0.007681650000000002
84736,0.007669750000000001
84992,0.007658150000000001
85248,0.007645550000000001
85504,0.007633450000000002
85760,0.007621250000000001
86016,0.00760855
86272,0.007596450000000001
86528,0.007584450000000001
86784,0.00757145
87040,0.007559150000000001
87296,0.007547750000000001
87552,0.007535450000000001
87808,0.00752325
88064,0.0075112500000000006
88320,0.007499250000000001
88576,0.0074868500000000015
88832,0.007474550000000002
89088,0.007461850000000001
89344,0.00744995
89600,0.007438150000000001
89856,0.007425350000000001
90112,0.007413350000000001
90368,0.007401350000000001
90624,0.0073897500000000005
90880,0.007377750000000001
91136,0.00736525
91392,0.007353150000000001
91648,0.007341150000000001
91904,0.007328950000000001
92160,0.007316650000000001
92416,0.007304850000000002
92672,0.007292350000000001
92928,0.0072797500000000015
93184,0.007267150000000002
93440,0.007254150000000001
93696,0.00724225
93952,0.007230450000000001
94208,0.007217550000000001
94464,0.0072048500000000005
94720,0.007192250000000001
94976,0.0071798500000000015
95232,0.007167550000000002
95488,0.00715495
95744,0.007142850000000001
96000,0.007130550000000001
96256,0.007117750000000001
96512,0.0071052500000000005
96768,0.007093250000000001
97024,0.007080950000000001
97280,0.007068250000000002
97536,0.007056150000000001
97792,0.007043250000000001
98048,0.007030950000000001
98304,0.007018450000000001
98560,0.0070060500000000015
98816,0.0069936500000000006
99072,0.006981450000000002
99328,0.00696945
99584,0.0069568500000000005
99840,0.006943950000000001
100096,0.0069318500000000016
100352,0.006921450000000001
100608,0.0069172500000000015
100864,0.006916950000000002
101120,0.006916650000000002
101376,0.006916450000000001
101632,0.0069162500000000005
101888,0.006916050000000002
102144,0.006915850000000001
102400,0.006915650000000001
102656,0.006915350000000001
102912,0.006915050000000001
103168,0.006626850000000002
103424,0.004143150000000002
103680,0.004142650000000001
103936,0.003018550000000002
104192,0.0029632500000000006
104448,0.002911350000000002
104704,0.00576815
104960,0.005767949999999999
105216,0.005767649999999999
105472,0.00576755
105728,0.005767349999999999
105984,0.00576715
106240,0.00576715
106496,0.00576695
106752,0.0057668500000000004
107008,0.00576665
107264,0.005766449999999999
107520,0.00576605
107776,0.00575955
108032,0.0057481500000000005
108288,0.00573855
108544,0.00573185
108800,0.0057246499999999995
109056,0.00571755
109312,0.005710649999999999
109568,0.005703649999999999
109824,0.005696649999999999
110080,0.005689949999999999
110336,0.005682649999999999
110592,0.005675649999999999
110848,0.005668049999999999
111104,0.005661049999999999
111360,0.00565355
111616,0.00564625
111872,0.00563875
112128,0.00563135
112384,0.005624249999999999
112640,0.00561735
112896,0.0056104499999999995
113152,0.0056031499999999995
113408,0.00559575
113664,0.005588549999999999
113920,0.0055809499999999995
114176,0.00557445
114432,0.0055670500000000005
114688,0.005559649999999999
114944,0.0055524500000000004
115200,0.00554525
115456,0.0055375500000000005
115712,0.00553035
115968,0.005522349999999999
116224,0.0055153500000000005
116480,0.005507649999999999
116736,0.005500349999999999
116992,0.00549345
117248,0.005486349999999999
117504,0.005478749999999999
117760,0.00547135
118016,0.005463349999999999
118272,0.0054553499999999994
118528,0.00544825
118784,0.00544065
119040,0.005432949999999999
119296,0.005424749999999999
119552,0.00541755
119808,0.00541005
120064,0.00540275
120320,0.00539485
120576,0.00538745
120832,0.00537965
121088,0.00537225
121344,0.00536505
121600,0.005357549999999999
121856,0.00534955
122112,0.00534225
122368,0.005334449999999999
122624,0.00532735
122880,0.00531965
123136,0.005311949999999999
123392,0.005304149999999999
123648,0.005296749999999999
123904,0.005289249999999999
124160,0.005281049999999999
124416,0.00527355
124672,0.00526595
124928,0.00525805
125184,0.00525045
125440,0.00524315
125696,0.00523585
125952,0.005229049999999999
126208,0.00522155
126464,0.005214149999999999
126720,0.00520635
126976,0.00519855
127232,0.00519125
127488,0.00518385
127744,0.00517605
128000,0.00516845
128256,0.00516075
128512,0.0051531500000000004
128768,0.005145749999999999
129024,0.005138149999999999
129280,0.005130049999999999
129536,0.005122449999999999
129792,0.005114849999999999
130048,0.0051071499999999995
130304,0.005099349999999999
130560,0.005091749999999999
130816,0.00508375
131072,0.00507575
131328,0.0050678500000000005
131584,0.005059949999999999
131840,0.005052649999999999
132096,0.00504545
132352,0.00503785
132608,0.0050297499999999995
132864,0.005021949999999999
133120,0.00501415
133376,0.00500605
133632,0.00499785
133888,0.00498965
134144,0.0049827199999999995
134400,0.004975209999999999
134656,0.00496719
134912,0.004958809999999999
135168,0.004950389999999999
135424,0.004942799999999999
135680,0.00493509
135936,0.00492739
136192,0.00491982
136448,0.004911849999999999
136704,0.004903889999999999
136960,0.00489618
137216,0.004888689999999999
137472,0.00488123
137728,0.00487363
137984,0.00486574
138240,0.00485791
138496,0.004850179999999999
138752,0.004842259999999999
139008,0.00483423
139264,0.004826219999999999
139520,0.0048182699999999995
139776,0.004810429999999999
140032,0.00480265
140288,0.00479504
140544,0.0047873099999999995
140800,0.00477962
141056,0.00477205
141312,0.004764339999999999
141568,0.00475631
141824,0.004748179999999999
142080,0.00474016
142336,0.0047323999999999995
142592,0.00472497
142848,0.004717309999999999
143104,0.00470919
143360,0.00470106
143616,0.00469317
143872,0.004685169999999999
144128,0.004676929999999999
144384,0.004668779999999999
144640,0.004660599999999999
144896,0.00465233
145152,0.004644009999999999
145408,0.004635459999999999
145664,0.00462711
145920,0.00461904
146176,0.004611249999999999
146432,0.004603639999999999
146688,0.00459554
146944,0.004586949999999999
147200,0.00457749
147456,0.0045682399999999995
147712,0.0045603399999999995
147968,0.00455267
148224,0.004544629999999999
148480,0.0045369
148736,0.00452903
148992,0.00452077
149248,0.00451242
149504,0.00450424
149760,0.004496429999999999
150016,0.00448872
150272,0.00448109
150528,0.00447348
150784,0.00446532
151040,0.004456699999999999
151296,0.00444808
151552,0.0044397099999999995
151808,0.00443138
152064,0.00442263
152320,0.00441457
152576,0.004406429999999999
152832,0.004398329999999999
153088,0.00439025
153344,0.0043820000000000005
153600,0.0043734099999999995
153856,0.004365249999999999
154112,0.004357059999999999
154368,0.004348619999999999
154624,0.004340119999999999
154880,0.004331649999999999
155136,0.0043231599999999995
155392,0.004314799999999999
155648,0.00430645
155904,0.004297799999999999
156160,0.00428944
156416,0.00428162
156672,0.004273909999999999
156928,0.004773230000000002
157184,0.00476496
157440,0.004756640000000001
157696,0.00474836
157952,0.004740040000000001
158208,0.00473167
158464,0.0047235800000000015
158720,0.004714560000000001
158976,0.004706460000000001
159232,0.004698000000000001
159488,0.0046895700000000005
159744,0.004681380000000001
160000,0.00467269
160256,0.004664150000000001
160512,0.00465577
160768,0.004647180000000001
161024,0.0046384500000000006
161280,0.004629610000000001
161536,0.004620890000000001
161792,0.004612650000000001
162048,0.00460348
162304,0.00459497
162560,0.0045865800000000016
162816,0.004575280000000001
163072,0.004563790000000002
163328,0.00455729
163584,0.00455729
163840,0.00455727
164096,0.00455727
164352,0.00455727
164608,0.00455727
164864,0.00455727
165120,0.00455727
165376,0.00455727
165632,0.00455727
165888,0.004557200000000001
166144,0.004557190000000001
166400,0.004557190000000001
166656,0.004557190000000001
166912,0.004557190000000001
167168,0.004557190000000001
167424,0.004557190000000001
167680,0.004557190000000001
167936,0.004557190000000001
168192,0.004557190000000001
168448,0.004557190000000001
168704,0.004557180000000001
168960,0.004557180000000001
169216,0.004557180000000001
169472,0.004557180000000001
169728,0.004557180000000001
169984,0.004557180000000001
170240,0.004557180000000001
170496,0.004557180000000001
170752,0.004557180000000001
171008,0.004557180000000001
171264,0.004557180000000001
171520,0.004557170000000001
171776,0.004557150000000001
172032,0.004557120000000001
172288,0.0045570800000000015
172544,0.00455704
172800,0.004557
173056,0.00455699
173312,0.0045569700000000005
173568,0.004556940000000001
173824,0.004556930000000001
174080,0.004556910000000001
174336,0.004556880000000001
174592,0.004556860000000001
174848,0.004556850000000001
175104,0.004556850000000001
175360,0.004556850000000001
175616,0.004556850000000001
175872,0.004556850000000001
176128,0.004556850000000001
176384,0.004556850000000001
176640,0.004556850000000001
176896,0.004556850000000001
177152,0.004556850000000001
177408,0.004556850000000001
177664,0.004556850000000001
177920,0.004556850000000001
178176,0.004556850000000001
178432,0.004556850000000001
178688,0.004556850000000001
178944,0.004556850000000001
179200,0.004556850000000001
179456,0.004556850000000001
179712,0.004556850000000001
179968,0.004556840000000001
180224,0.004556810000000001
180480,0.0045568000000000015
180736,0.0045567900000000015
180992,0.0045567900000000015
181248,0.004556770000000002
181504,0.00455675
181760,0.00455672
182016,0.00455671
182272,0.00455671
182528,0.00455671
182784,0.00455671
183040,0.00455671
183296,0.00455671
183552,0.00455671
183808,0.00455671
184064,0.00455671
184320,0.00455671
184576,0.00455671
184832,0.00455671
185088,0.00455671
185344,0.00455671
185600,0.00455671
185856,0.00455671
186112,0.00455671
186368,0.00455671
186624,0.00455671
186880,0.00455671
187136,0.00455671
187392,0.00455671
187648,0.00455671
187904,0.00455671
188160,0.00455671
188416,0.00455671
188672,0.00455671
188928,0.00455671
189184,0.0045567
189440,0.004556650000000001
189696,0.004556600000000001
189952,0.004556580000000001
190208,0.004556580000000001
190464,0.004556540000000001
190720,0.0045565000000000015
190976,0.004556490000000002
191232,0.004556480000000002
191488,0.00455647
191744,0.00455647
192000,0.00455647
192256,0.00455647
192512,0.00455647
192768,0.00455647
193024,0.00455647
193280,0.00455647
193536,0.00455647
193792,0.00455647
194048,0.00455647
194304,0.00455646
194560,0.00455645
194816,0.00455645
195072,0.00455645
195328,0.00455645
195584,0.00455645
195840,0.00455645
196096,0.00455645
196352,0.00455645
196608,0.00455643
196864,0.0045563800000000005
197120,0.004556360000000001
197376,0.004556350000000001
197632,0.004556320000000001
197888,0.004556290000000001
198144,0.004556250000000001
198400,0.0045562100000000015
198656,0.004556190000000002
198912,0.004556190000000002
199168,0.00455615
199424,0.00455614
199680,0.00455614
199936,0.00455614
200192,0.00455614
200448,0.00455614
200704,0.00455614
200960,0.00455614
201216,0.00455614
201472,0.00455614
201728,0.00455614
201984,0.00455614
202240,0.00455614
202496,0.00455614
202752,0.00455614
203008,0.00455614
203264,0.00455614
203520,0.00455614
203776,0.00455614
204032,0.00455614
204288,0.00455614
204544,0.00455614
204800,0.00455614
205056,0.00455614
205312,0.00455614
205568,0.00455614
205824,0.00455614
206080,0.00455614
206336,0.00455614
206592,0.00455614
206848,0.00455614
207104,0.00455614
207360,0.00455614
207616,0.00455614
207872,0.00455614
208128,0.00455614
208384,0.00455614
208640,0.00455614
208896,0.00455614
209152,0.004556749999999999
209408,0.004556749999999999
209664,0.004556749999999999
209920,0.004556749999999999
210176,0.004556749999999999
210432,0.004556749999999999
210688,0.004556749999999999
210944,0.004556749999999999
211200,0.004556749999999999
211456,0.004556749999999999
211712,0.004556749999999999
211968,0.004556749999999999
212224,0.004556749999999999
212480,0.004556749999999999
212736,0.004556749999999999
212992,0.004556749999999999
213248,0.004556749999999999
213504,0.004556749999999999
213760,0.004556749999999999
214016,0.004556749999999999
214272,0.004556749999999999
214528,0.004556749999999999
214784,0.004556749999999999
215040,0.004556749999999999
215296,0.004556749999999999
215552,0.004556749999999999
215808,0.004556749999999999
216064,0.004556739999999999
216320,0.004556739999999999
216576,0.004556729999999999
216832,0.004556729999999999
217088,0.004556729999999999
217344,0.004556729999999999
217600,0.004556729999999999
217856,0.004556729999999999
218112,0.004556729999999999
218368,0.004556729999999999
218624,0.004556729999999999
218880,0.004556729999999999
219136,0.004556729999999999
219392,0.004556729999999999
219648,0.004556729999999999
219904,0.004556729999999999
220160,0.004556729999999999
220416,0.004556729999999999
220672,0.004556729999999999
220928,0.004556729999999999
221184,0.004556729999999999
221440,0.004556729999999999
221696,0.004556729999999999
221952,0.004556719999999999
222208,0.0045566999999999995
222464,0.00455668
222720,0.00455668
222976,0.00455668
223232,0.00455668
223488,0.00455668
223744,0.00455668
224000,0.00455668
224256,0.00455668
224512,0.00455668
224768,0.00455668
225024,0.00455668
225280,0.00455668
225536,0.00455668
225792,0.00455668
226048,0.00455668
226304,0.00455668
226560,0.00455668
226816,0.00455668
227072,0.00455668
227328,0.00455668
227584,0.00455668
227840,0.00455667
228096,0.00455665
228352,0.00455662
228608,0.0045566
228864,0.00455658
229120,0.00455655
229376,0.0045565200000000005
229632,0.004556489999999999
229888,0.004556459999999999
230144,0.004556429999999999
230400,0.00455639
230656,0.00455634
230912,0.00455634
231168,0.00455634
231424,0.00455634
231680,0.00455634
231936,0.00455634
232192,0.00455634
232448,0.00455634
232704,0.00455634
232960,0.00455634
233216,0.00455634
233472,0.00455634
233728,0.00455634
233984,0.00455634
234240,0.00455634
234496,0.00455634
234752,0.00455634
235008,0.00455634
235264,0.00455634
235520,0.00455634
235776,0.00455632
236032,0.00455631
236288,0.00455629
236544,0.00455626
236800,0.00455625
237056,0.0045562400000000005
237312,0.004556220000000001
237568,0.004556210000000001
237824,0.004556189999999999
238080,0.004556179999999999
238336,0.004556159999999999
238592,0.004556159999999999
238848,0.004556159999999999
239104,0.004556159999999999
239360,0.004556159999999999
239616,0.004556159999999999
239872,0.004556159999999999
240128,0.004556159999999999
240384,0.004556159999999999
240640,0.004556159999999999
240896,0.004556159999999999
241152,0.004556159999999999
241408,0.004556159999999999
241664,0.004556159999999999
241920,0.004556159999999999
242176,0.004556159999999999
242432,0.004556159999999999
242688,0.004556159999999999
242944,0.004556159999999999
243200,0.004556159999999999
243456,0.004556159999999999
243712,0.004556159999999999
243968,0.004556159999999999
244224,0.004556159999999999
244480,0.004556159999999999
244736,0.004556159999999999
244992,0.004556159999999999
245248,0.004556129999999999
245504,0.0045561099999999995
245760,0.00455607
246016,0.00455603
246272,0.00455599
246528,0.0045559400000000005
246784,0.004555899999999999
247040,0.004555869999999999
247296,0.004555849999999999
247552,0.004555849999999999
247808,0.004555849999999999
248064,0.004555849999999999
248320,0.004555849999999999
248576,0.004555849999999999
248832,0.004555849999999999
249088,0.004555849999999999
249344,0.004555849999999999
249600,0.004555849999999999
249856,0.004555849999999999
250112,0.004555849999999999
250368,0.004555849999999999
250624,0.004555849999999999
250880,0.004555849999999999
251136,0.004555849999999999
251392,0.004555849999999999
251648,0.004555849999999999
251904,0.004555849999999999
252160,0.004555839999999999
252416,0.004555829999999999
252672,0.0045558199999999995
252928,0.00455578
253184,0.00455575
253440,0.00455571
253696,0.00455568
253952,0.0045556400000000006
254208,0.004555579999999999
254464,0.0045555299999999995
254720,0.0045555
254976,0.00455547
255232,0.00455546
255488,0.00455546
255744,0.00455546
256000,0.00455546
256256,0.00455546
256512,0.00455546
256768,0.00455546
257024,0.00455546
257280,0.00455546
257536,0.00455546
257792,0.00455546
258048,0.00455546
258304,0.00455546
258560,0.00455546
258816,0.00455546
259072,0.00455546
259328,0.00455546
259584,0.00455546
259840,0.00455546
260096,0.00455546
260352,0.00455546
260608,0.00455546
260864,0.00455546
261120,0.00455546
