cache_lines,MRC
256,0.0144243
512,0.014423918346159538
768,0.01442380930220512
1024,0.01442380930220512
1280,0.01442375478022791
1536,0.009528390012579546
1792,0.009528335490602339
2048,0.009528335490602339
2304,0.009528335490602339
2560,0.00952779027083025
2816,0.00952779027083025
3072,0.00952779027083025
3328,0.00952779027083025
3584,0.00952779027083025
3840,0.00952779027083025
4096,0.00952506417196981
4352,0.00952506417196981
4608,0.00952506417196981
4864,0.00952506417196981
5120,0.00952506417196981
5376,0.00952506417196981
5632,0.00952506417196981
5888,0.00952506417196981
6144,0.00952506417196981
6400,0.00952506417196981
6656,0.00952506417196981
6912,0.009514868562231759
7168,0.009503146337131865
7424,0.009491369590054758
7680,0.009479592842977653
7936,0.009474522299097232
8192,0.009469724365102856
8448,0.009464817387154063
8704,0.009459583277342016
8960,0.009454621777416013
9216,0.009449823843421636
9472,0.0094446442555868
9728,0.009439791799615214
9984,0.009434503167825958
10240,0.009429650711854374
10496,0.0094242530361107
10752,0.009419291536184697
11008,0.00941460264614474
11264,0.0094094230583099
11520,0.009404679646292734
11776,0.009400154322184402
12032,0.009395519954121651
12288,0.00939050393221844
12544,0.009385651476246856
12800,0.00938079902027527
13056,0.009375346822554387
13312,0.00937060341053722
13568,0.00936564191061122
13824,0.009360298756844753
14080,0.009355119169009916
14336,0.009350484800947165
14592,0.009345577822998372
14848,0.009340507279117952
15104,0.009335763867100784
15360,0.009330965933106408
15616,0.009325840867248778
15872,0.00932115197720882
16128,0.00931619047728282
16384,0.009311228977356815
16640,0.009306158433476396
16896,0.009301087889595973
17152,0.009296071867692764
17408,0.009291001323812343
17664,0.009286148867840757
17920,0.009280805714074294
18176,0.009275844214148291
18432,0.009270664626313454
18688,0.009265648604410242
18944,0.009260469016575405
19200,0.009254907774900102
19456,0.009249728187065265
19712,0.009244385033298802
19968,0.009238823791623503
20224,0.00920382068225544
20480,0.009199077270238271
20736,0.009194115770312268
20992,0.009188663572591387
21248,0.009183538506733757
21504,0.009178249874944502
21760,0.009173070287109664
22016,0.009168054265206452
22272,0.00916303824330324
22528,0.00915807674337724
22784,0.00915295167751961
23040,0.009147935655616397
23296,0.009142974155690396
23552,0.009137576479946723
23808,0.009132451414089093
24064,0.009127217304277045
24320,0.009121874150510582
24576,0.009116967172561788
24832,0.009111842106704158
25088,0.009106444430960484
25344,0.009101264843125647
25600,0.009096030733313599
25856,0.009090742101524347
26112,0.009085071815894628
26368,0.00907989222805979
26624,0.009074549074293326
26880,0.009068933310640816
27136,0.009063590156874354
27392,0.009058574134971142
27648,0.00905306741527305
27904,0.009047669739529376
28160,0.009042544673671748
28416,0.00903774673967737
28672,0.009032349063933699
28928,0.009027442085984903
29184,0.00902209893221844
29440,0.009016319602634305
29696,0.009011249058753884
29952,0.0090063966027823
30208,0.009000944405061419
30464,0.008995928383158207
30720,0.008990803317300577
30976,0.008985787295397365
31232,0.008980226053722066
31488,0.008975210031818854
31744,0.008970030443984017
32000,0.008964523724285927
32256,0.008959616746337131
32512,0.008954328114547876
32768,0.008948657828918159
33024,0.008943260153174485
33280,0.008937807955453604
33536,0.008932519323664349
33792,0.008927067125943466
34048,0.008921942060085838
34304,0.00891665342829658
34560,0.008910874098712447
34816,0.008905749032854817
35072,0.008900460401065562
35328,0.008894462983572592
35584,0.008889337917714964
35840,0.008884103807902916
36096,0.008878651610182035
36352,0.008873581066301612
36608,0.0088685650443984
36864,0.00886311284667752
37120,0.008857824214888264
37376,0.008852753671007844
37632,0.008847683127127423
37888,0.008842394495338166
38144,0.00883726942948054
38400,0.00883214436362291
38656,0.0088265285999704
38912,0.008821349012135563
39168,0.008816005858369098
39424,0.0088104446166938
39680,0.008805265028858962
39936,0.00880019448497854
40192,0.008794524199348824
40448,0.008789235567559568
40704,0.008783837891815895
40960,0.008778276650140596
41216,0.008772606364510879
41472,0.008767208688767205
41728,0.008761865535000739
41984,0.008756086205416605
42240,0.008750524963741305
42496,0.00874523633195205
42752,0.00873918439248187
43008,0.008733786716738197
43264,0.008728716172857778
43520,0.008723100409205268
43776,0.008717757255438805
44032,0.008712359579695132
44288,0.008706689294065414
44544,0.008701073530412905
44800,0.008695675854669235
45056,0.008690060091016725
45312,0.008684825981204677
45568,0.00867964639336984
45824,0.008674030629717331
46080,0.008668087734201569
46336,0.008662690058457895
46592,0.008657346904691433
46848,0.008651894706970548
47104,0.008646497031226875
47360,0.00864126292141483
47616,0.008635320025899068
47872,0.008629813306200978
48128,0.008624197542548468
48384,0.008618472734941542
48640,0.008612802449311825
48896,0.008607295729613733
49152,0.008602116141778898
49408,0.00859639133417197
49664,0.008590721048542253
49920,0.008585159806866954
50176,0.008579489521237237
50432,0.008573764713630309
50688,0.008568039906023384
50944,0.008562315098416458
51200,0.008556753856741157
51456,0.008551247137043066
51712,0.008545740417344978
51968,0.008540560829510139
52224,0.0085353812416753
52480,0.00852982
52736,0.008524069589786522
52992,0.008518695374633737
53248,0.008513106190874843
53504,0.008507731975722058
53760,0.008502304018417747
54016,0.008496499866052743
54272,0.00849107190874843
54528,0.008485536467141064
54784,0.008479786056927584
55040,0.00847446558392633
55296,0.008468930142318962
55552,0.008463072247802428
55808,0.008457429321892005
56064,0.008452055106739222
56320,0.008446519665131855
56576,0.008440715512766848
56832,0.008435287555462537
57088,0.008430020824612808
57344,0.008424324156550858
57600,0.008418842457095019
57856,0.00841336075763918
58112,0.008407556605274173
58368,0.008402074905818334
58624,0.008396646948514023
58880,0.008390466601088322
59136,0.008384608706571787
59392,0.008379180749267476
59648,0.008373430339053998
59904,0.008368217350355797
60160,0.008362305713687736
60416,0.008356340334868146
60672,0.008350858635412307
60928,0.008345215709501884
61184,0.008339680267894516
61440,0.00833387611552951
61696,0.00832791073670992
61952,0.008322052842193386
62208,0.008316839853495187
62464,0.008311250669736292
62720,0.008305285290916701
62976,0.008299427396400168
63232,0.008293784470489745
63488,0.008288087802427794
63744,0.008282337392214316
64000,0.008276909434910005
64256,0.008271105282544999
64512,0.008265516098786103
64768,0.008260249367936375
65024,0.008254606442025952
65280,0.008249071000418585
65536,0.008243374332356635
65792,0.008237677664294684
66048,0.008232088480535788
66304,0.008226284328170783
66560,0.008220748886563416
66816,0.008214998476349936
67072,0.008209301808287987
67328,0.008203175203013814
67584,0.008197424792800334
67840,0.008191620640435328
68096,0.008186031456676434
68352,0.008180496015069066
68608,0.008174745604855588
68864,0.008169048936793637
69120,0.008163244784428631
69376,0.008157709342821264
69632,0.008151958932607787
69888,0.008146262264545834
70144,0.008140458112180829
70400,0.008134815186270405
70656,0.008128849807450815
70912,0.008123099397237338
71168,0.008117348987023858
71424,0.00811138360820427
71680,0.008105579455839264
71936,0.008099614077019673
72192,0.008093648698200083
72448,0.008088005772289662
72704,0.008082255362076183
72960,0.008076397467559648
73216,0.008070539573043115
73472,0.008064305483465884
73728,0.008058608815403935
73984,0.008052912147341985
74240,0.008047107994976979
74496,0.008041465069066556
74752,0.00803587588530766
75008,0.00802991050648807
75264,0.008024106354123064
75520,0.008018033491000418
75776,0.0080120143700293
76032,0.008006263959815822
76288,0.008000567291753871
76544,0.007994709397237338
76800,0.007988905244872332
77056,0.007982778639598159
77312,0.00797675951862704
77568,0.00797106285056509
77824,0.007965151213897029
78080,0.00795913209292591
78336,0.007953274198409375
78592,0.007947416303892842
78848,0.007941504667224781
79104,0.0079357542570113
79360,0.0079295739095856
79616,0.0079233935621599
79872,0.007917643151946421
80128,0.00791194648388447
80384,0.007905551167852657
80640,0.007899693273336124
80896,0.007893996605274173
81152,0.00788813871075764
81408,0.007882227074089577
81664,0.007876315437421516
81920,0.007870350058601925
82176,0.007864438421933864
82432,0.007858580527417329
82688,0.007852238953537044
82944,0.007846757254081205
83200,0.007840738133110087
83456,0.007834880238593554
83712,0.00782875363331938
83968,0.007822412059439095
84224,0.007816661649225618
84480,0.0078106425282545
84736,0.007804408438677271
84992,0.007798389317706152
85248,0.007792262712431979
85504,0.007786351075763918
85760,0.007780493181247384
86016,0.007774312833821683
86272,0.00776840119715362
86528,0.007762113365424863
86784,0.007755879275847635
87040,0.007749752670573461
87296,0.007743787291753871
87552,0.007737714428631227
87808,0.007731910276266221
88064,0.00772594489744663
88320,0.007719764550020929
88576,0.0077137454290498115
88832,0.007707457597321055
89088,0.0077009547969861866
89344,0.007694828191712013
89600,0.007689185265801591
89856,0.007683058660527418
90112,0.007676985797404772
90368,0.007670751707827543
90624,0.0076646788447048975
90880,0.0076588746923398916
91136,0.00765269434491419
91392,0.007646567739640017
91648,0.007640226165759732
91904,0.007633992076182503
92160,0.00762834915027208
92416,0.00762238377145249
92672,0.007616418392632901
92928,0.007610345529510255
93184,0.007604165182084554
93440,0.00759830728756802
93696,0.007592449393051486
93952,0.007586161561322729
94208,0.007579981213897028
94464,0.007573800866471327
94720,0.007567298066136458
94976,0.007561278945165341
95232,0.00755509859773964
95488,0.007548810766010883
95744,0.007542791645039766
96000,0.007536611297614065
96256,0.007530538434491418
96512,0.007524358087065718
96768,0.007518123997488489
97024,0.007512051134365844
97280,0.007505817044788615
97536,0.00749920676015069
97792,0.007492703959815822
98048,0.007486577354541649
98304,0.007480289522812892
98560,0.007474055433235663
98816,0.007467713859355379
99072,0.0074613185433235665
99328,0.007454869485140226
99584,0.0074483129426538295
99840,0.0074419176266220174
100096,0.007435307341984093
100352,0.007430954227710339
100608,0.007430631774801172
100864,0.007430416806195061
101120,0.007430309321892006
101376,0.007430148095437422
101632,0.0074299868689828375
101888,0.007429879384679782
102144,0.007429771900376726
102400,0.0074296106739221435
102656,0.0074295031896190866
102912,0.007429395705316031
103168,0.007429288221012976
103424,0.00742918073670992
103680,0.006393891929677689
103936,0.006039677408957722
104192,0.005734851925491837
104448,0.005452759372122226
104704,0.00544846
104960,0.005423194888639865
105216,0.005423032237708362
105472,0.005422923803754026
105728,0.005422815369799691
105984,0.005422706935845355
106240,0.005422652718868188
106496,0.00542259850189102
106752,0.0054225442849138526
107008,0.005422490067936685
107264,0.00542238163398235
107520,0.005422273200028014
107776,0.005422218983050847
108032,0.0054221647660736795
108288,0.0054217852472335055
108544,0.00541771897394593
108800,0.005411538238548816
109056,0.005406821361535229
109312,0.0054029177391791555
109568,0.005399176767754588
109824,0.005395468326516318
110080,0.005391694824905448
110336,0.0053880026487603296
110592,0.005384402641476396
110848,0.005380742995517579
111104,0.005377067084465611
111360,0.005373732740369799
111616,0.00536999176894523
111872,0.005366310436195545
112128,0.005362553199677825
112384,0.005358893553719007
112640,0.005355380293598543
112896,0.005351628478778539
113152,0.005347920037540271
113408,0.005344043523672782
113664,0.0053402971305504966
113920,0.005336659171382546
114176,0.005333135067866648
114432,0.0053292802407900255
114688,0.005325414570317971
114944,0.005321646490404818
115200,0.005317797085025913
115456,0.005313888040972124
115712,0.005310168756338423
115968,0.005306579592449922
116224,0.005302871151211653
116480,0.005299092227903067
116736,0.005295421738548816
116992,0.005291816309567166
117248,0.005288346423028435
117504,0.005284437378974645
117760,0.005280718094340944
118016,0.005277031339893542
118272,0.005273371693934724
118528,0.005269614457417004
118784,0.005265971076551337
119040,0.005262051189102114
119296,0.005258212627118643
119552,0.0052543144264602885
119808,0.005250383695615632
120064,0.005246805375122565
120320,0.005242934282952794
120576,0.00523931801057571
120832,0.005235495713685389
121088,0.005231695103585936
121344,0.005227851119904748
121600,0.005224240269225381
121856,0.005220591466661997
122112,0.005216839651841994
122368,0.005213185427580893
122624,0.005209493251435775
122880,0.005205757701708922
123136,0.005201989621795768
123392,0.005198199855091749
123648,0.005194561895923799
123904,0.005190826346196946
124160,0.005187117904958677
124416,0.005183376933534108
124672,0.00517951668475977
124928,0.005175564267124247
125184,0.005171481728743521
125440,0.005167583528085165
125696,0.005163766652892561
125952,0.005159933512606807
126208,0.0051560461553438845
126464,0.0051521479546855296
126720,0.00514839071816781
126976,0.005144693120324975
127232,0.005141044317761591
127488,0.005137433467082224
127744,0.005133714182448522
128000,0.005130022006303404
128256,0.005126400312228603
128512,0.005122653919106317
128768,0.005118771983541112
129024,0.005114895469673622
129280,0.005110899678456366
129536,0.005107044851379744
129792,0.005103249662978007
130048,0.00509938941420367
130304,0.005095393622986412
130560,0.005091370723280571
130816,0.005087570113181118
131072,0.00508377492477938
131328,0.00507978455525984
131584,0.005075777920647149
131840,0.0050719447803613945
132096,0.005068041158005323
132352,0.005064278499789886
132608,0.005060130901036559
132864,0.0050559236636083475
133120,0.005051857390320772
133376,0.005047948346266984
133632,0.005043968820142877
133888,0.0050399730289256185
134144,0.005036166997128448
134400,0.0050321061455385905
134656,0.00502793143829668
134912,0.005023968177265723
135168,0.005020194675654853
135424,0.005016106715576411
135680,0.005012268153592939
135936,0.005008294049166549
136192,0.005004303679647009
136448,0.005000345840313769
136704,0.004996209084955875
136960,0.0049923976314609885
137216,0.004988640394943269
137472,0.0049847801461689305
137728,0.004980871102115141
137984,0.004976918684479618
138240,0.004972944580053228
138496,0.004969209030326376
138752,0.004965234925899985
139008,0.004961195761100994
139264,0.004957227078372321
139520,0.004953106588107578
139776,0.0049488234469113315
140032,0.00494480054720549
140288,0.004940858972965401
140544,0.004937118001540832
140800,0.00493324690937106
141056,0.004929381238899005
141312,0.004925504725031517
141568,0.004921536042302843
141824,0.004917507720899285
142080,0.004913587833450062
142336,0.004909483608278469
142592,0.0049051462501050564
142848,0.0049009715428631456
143104,0.004896758883737217
143360,0.004892340200098052
143616,0.004888208866437876
143872,0.004884321509174954
144128,0.004880482947191483
144384,0.004876503421067375
144640,0.0048725455817341355
144896,0.004868506416935145
145152,0.004864429300252136
145408,0.00486051483450063
145664,0.004856486513097072
145920,0.004852290119064294
146176,0.0048482617976607365
146432,0.004844065403627958
146688,0.004839728045454545
146944,0.004835542494817201
147200,0.0048315954988793946
147456,0.004827485852010085
147712,0.004823457530606527
147968,0.00481932619694635
148224,0.004815216550077041
148480,0.0048110038909511136
148736,0.004806774966732035
148992,0.004802605681187841
149248,0.004798501456016248
149504,0.004794397230844656
149760,0.004790368909441098
150016,0.004786449021991875
150272,0.004782415278890601
150528,0.004778180932973805
150784,0.004774195985151981
151040,0.004770254410911892
151296,0.004766112233856282
151552,0.004762024273777839
151808,0.004757876675024513
152064,0.004753810401736937
152320,0.004749516417145258
152576,0.004745168215576411
152832,0.004741015195125368
153088,0.004736910969953775
153344,0.004732747106107297
153600,0.0047285995073539705
153856,0.004724489860484661
154112,0.004720022381566045
154368,0.004716210928071158
154624,0.004711976582154363
154880,0.0047078615135873365
155136,0.004703594637484241
155392,0.0046993114962879945
155648,0.004695104258859785
155904,0.004690924129920156
156160,0.004686727735887379
156416,0.004682493389970584
156672,0.004678416273287574
156928,0.00467435
157184,0.0046702056946794504
157440,0.0046660226057529605
157696,0.0046619170840383525
157952,0.004657562239142696
158208,0.004653224015792442
158464,0.0046489356570783985
158720,0.004644120949426584
158976,0.004638907324685092
159232,0.004634425047941342
159488,0.004630108986651626
159744,0.00462594251927054
160000,0.0046215932148900175
160256,0.004617321477721376
160512,0.004613044200037601
160768,0.004608611787930062
161024,0.0046041682947922545
161280,0.004599769125775522
161536,0.004595392118819327
161792,0.004591159165256628
162048,0.004586843103966911
162304,0.0045825769073134055
162560,0.004578393818386916
162816,0.0045739170821583
163072,0.004569002645234067
163328,0.0045622432167700695
163584,0.004558159857116
163840,0.004557107159240459
164096,0.00455709607821019
164352,0.004557090537695056
164608,0.004557090537695056
164864,0.004557090537695056
165120,0.004557090537695056
165376,0.004557090537695056
165632,0.004557090537695056
165888,0.004557090537695056
166144,0.004557090537695056
166400,0.004557090537695056
166656,0.004557090537695056
166912,0.004557090537695056
167168,0.004557090537695056
167424,0.004557090537695056
167680,0.004557090537695056
167936,0.004557090537695056
168192,0.004557090537695056
168448,0.004557090537695056
168704,0.004557090537695056
168960,0.004557090537695056
169216,0.004557090537695056
169472,0.004557090537695056
169728,0.004557090537695056
169984,0.004557090537695056
170240,0.004557090537695056
170496,0.004557090537695056
170752,0.004557090537695056
171008,0.004557090537695056
171264,0.004557090537695056
171520,0.004557090537695056
171776,0.004557090537695056
172032,0.004557090537695056
172288,0.004557090537695056
172544,0.004557090537695056
172800,0.004557090537695056
173056,0.004557090537695056
173312,0.004557090537695056
173568,0.004557079456664787
173824,0.004557068375634518
174080,0.00455705729460425
174336,0.00455704621357398
174592,0.004557029592028577
174848,0.004557012970483174
175104,0.004557001889452905
175360,0.0045569908084226365
175616,0.0045569741868772325
175872,0.004556968646362098
176128,0.0045569575653318295
176384,0.0045569575653318295
176640,0.0045569575653318295
176896,0.0045569575653318295
177152,0.0045569575653318295
177408,0.0045569575653318295
177664,0.0045569575653318295
177920,0.0045569575653318295
178176,0.0045569575653318295
178432,0.0045569575653318295
178688,0.0045569575653318295
178944,0.0045569575653318295
179200,0.0045569575653318295
179456,0.0045569575653318295
179712,0.0045569575653318295
179968,0.0045569575653318295
180224,0.0045569575653318295
180480,0.0045569575653318295
180736,0.0045569575653318295
180992,0.0045569575653318295
181248,0.0045569575653318295
181504,0.0045569575653318295
181760,0.004556952024816695
182016,0.004556946484301561
182272,0.004556918781725888
182528,0.004556907700695619
182784,0.004556885538635082
183040,0.004556874457604813
183296,0.004556852295544276
183552,0.004556835673998873
183808,0.004556819052453469
184064,0.0045568135119383344
184320,0.0045568079714232
184576,0.004556802430908066
184832,0.004556785809362662
185088,0.004556785809362662
185344,0.004556785809362662
185600,0.004556785809362662
185856,0.004556785809362662
186112,0.004556785809362662
186368,0.004556785809362662
186624,0.004556785809362662
186880,0.004556785809362662
187136,0.004556785809362662
187392,0.004556785809362662
187648,0.004556785809362662
187904,0.004556780268847527
188160,0.004556780268847527
188416,0.004556780268847527
188672,0.004556780268847527
188928,0.004556780268847527
189184,0.004556780268847527
189440,0.004556780268847527
189696,0.004556780268847527
189952,0.004556780268847527
190208,0.004556780268847527
190464,0.004556780268847527
190720,0.004556780268847527
190976,0.004556780268847527
191232,0.004556780268847527
191488,0.004556780268847527
191744,0.004556780268847527
192000,0.004556780268847527
192256,0.004556780268847527
192512,0.004556763647302124
192768,0.004556747025756721
193024,0.004556713782665915
193280,0.004556697161120512
193536,0.004556691620605378
193792,0.004556680539575109
194048,0.004556663918029706
194304,0.0045566528369994355
194560,0.0045566528369994355
194816,0.004556641755969167
195072,0.004556619593908629
195328,0.004556602972363226
195584,0.004556602972363226
195840,0.004556602972363226
196096,0.004556602972363226
196352,0.004556602972363226
196608,0.004556602972363226
196864,0.004556602972363226
197120,0.004556602972363226
197376,0.004556602972363226
197632,0.004556602972363226
197888,0.004556602972363226
198144,0.004556602972363226
198400,0.004556602972363226
198656,0.004556602972363226
198912,0.004556602972363226
199168,0.004556602972363226
199424,0.004556602972363226
199680,0.004556602972363226
199936,0.004556602972363226
200192,0.004556602972363226
200448,0.004556602972363226
200704,0.004556597431848092
200960,0.0045565918913329576
201216,0.0045565918913329576
201472,0.0045565918913329576
201728,0.004556580810302689
201984,0.004556558648242151
202240,0.004556536486181614
202496,0.00455651986463621
202752,0.004556497702575672
203008,0.004556492162060537
203264,0.004556486621545403
203520,0.004556481081030269
203776,0.004556475540515134
204032,0.00455647
204288,0.00455647
204544,0.00455647
204800,0.00455647
205056,0.00455647
205312,0.00455647
205568,0.00455647
205824,0.00455647
206080,0.00455647
206336,0.00455647
206592,0.00455647
206848,0.00455647
207104,0.00455647
207360,0.00455647
207616,0.00455647
207872,0.00455647
208128,0.00455647
208384,0.00455647
208640,0.00455647
208896,0.00455647
209152,0.00455647
209408,0.00455647
209664,0.00455647
209920,0.00455647
210176,0.00455647
210432,0.00455647
210688,0.00455647
210944,0.00455647
211200,0.00455647
211456,0.00455647
211712,0.00455647
211968,0.00455647
212224,0.00455647
212480,0.00455647
212736,0.00455647
212992,0.00455647
213248,0.00455647
213504,0.00455647
213760,0.00455647
214016,0.00455647
214272,0.00455647
214528,0.00455647
214784,0.00455647
215040,0.00455647
215296,0.00455647
215552,0.00455647
215808,0.00455647
216064,0.00455647
216320,0.00455647
216576,0.00455647
216832,0.00455647
217088,0.004556464555555555
217344,0.004556464555555555
217600,0.004556464555555555
217856,0.004556464555555555
218112,0.004556464555555555
218368,0.004556464555555555
218624,0.004556464555555555
218880,0.004556464555555555
219136,0.004556464555555555
219392,0.004556464555555555
219648,0.004556464555555555
219904,0.004556464555555555
220160,0.004556464555555555
220416,0.004556464555555555
220672,0.004556464555555555
220928,0.004556464555555555
221184,0.004556464555555555
221440,0.004556464555555555
221696,0.004556464555555555
221952,0.004556464555555555
222208,0.004556464555555555
222464,0.004556464555555555
222720,0.004556464555555555
222976,0.004556464555555555
223232,0.004556464555555555
223488,0.004556464555555555
223744,0.004556464555555555
224000,0.004556464555555555
224256,0.004556464555555555
224512,0.004556464555555555
224768,0.004556464555555555
225024,0.004556464555555555
225280,0.004556464555555555
225536,0.004556464555555555
225792,0.004556464555555555
226048,0.004556464555555555
226304,0.004556464555555555
226560,0.004556464555555555
226816,0.004556464555555555
227072,0.004556464555555555
227328,0.004556464555555555
227584,0.004556464555555555
227840,0.004556464555555555
228096,0.004556464555555555
228352,0.004556464555555555
228608,0.004556464555555555
228864,0.004556464555555555
229120,0.004556464555555555
229376,0.004556464555555555
229632,0.004556464555555555
229888,0.004556464555555555
230144,0.004556459111111111
230400,0.0045564536666666666
230656,0.004556437333333333
230912,0.004556415555555556
231168,0.004556404666666667
231424,0.004556404666666667
231680,0.0045563992222222224
231936,0.004556388333333334
232192,0.004556377444444445
232448,0.004556372
232704,0.0045563665555555565
232960,0.0045563665555555565
233216,0.0045563665555555565
233472,0.0045563665555555565
233728,0.0045563665555555565
233984,0.0045563665555555565
234240,0.0045563665555555565
234496,0.0045563665555555565
234752,0.0045563665555555565
235008,0.0045563665555555565
235264,0.0045563665555555565
235520,0.0045563665555555565
235776,0.0045563665555555565
236032,0.0045563665555555565
236288,0.0045563665555555565
236544,0.0045563665555555565
236800,0.0045563665555555565
237056,0.0045563665555555565
237312,0.0045563665555555565
237568,0.0045563665555555565
237824,0.0045563665555555565
238080,0.004556361111111112
238336,0.004556350222222223
238592,0.004556328444444444
238848,0.004556306666666667
239104,0.004556290333333333
239360,0.004556274
239616,0.004556268555555556
239872,0.004556257666666667
240128,0.004556246777777778
240384,0.004556235888888889
240640,0.004556230444444445
240896,0.0045562250000000006
241152,0.0045562250000000006
241408,0.0045562250000000006
241664,0.0045562250000000006
241920,0.0045562250000000006
242176,0.0045562250000000006
242432,0.0045562250000000006
242688,0.0045562250000000006
242944,0.0045562250000000006
243200,0.0045562250000000006
243456,0.004556219555555556
243712,0.004556214111111112
243968,0.004556214111111112
244224,0.004556214111111112
244480,0.004556214111111112
244736,0.004556214111111112
244992,0.004556214111111112
245248,0.004556214111111112
245504,0.004556214111111112
245760,0.004556214111111112
246016,0.004556214111111112
246272,0.004556214111111112
246528,0.004556214111111112
246784,0.004556214111111112
247040,0.004556214111111112
247296,0.004556214111111112
247552,0.004556214111111112
247808,0.004556214111111112
248064,0.004556214111111112
248320,0.004556214111111112
248576,0.004556203222222223
248832,0.004556192333333334
249088,0.004556176
249344,0.004556159666666667
249600,0.004556154222222222
249856,0.004556148777777778
250112,0.004556137888888889
250368,0.004556127
250624,0.004556121555555556
250880,0.004556121555555556
251136,0.004556110666666667
251392,0.004556094333333334
251648,0.004556088888888889
251904,0.004556088888888889
252160,0.004556088888888889
252416,0.004556088888888889
252672,0.004556088888888889
252928,0.004556088888888889
253184,0.004556088888888889
253440,0.004556088888888889
253696,0.004556088888888889
253952,0.004556088888888889
254208,0.004556088888888889
254464,0.004556088888888889
254720,0.004556088888888889
254976,0.004556088888888889
255232,0.004556088888888889
255488,0.004556088888888889
255744,0.004556088888888889
256000,0.004556088888888889
256256,0.004556088888888889
256512,0.004556088888888889
256768,0.004556088888888889
257024,0.004556088888888889
257280,0.004556088888888889
257536,0.004556083444444445
257792,0.004556072555555556
258048,0.0045560562222222226
258304,0.004556045333333334
258560,0.004556034444444445
258816,0.0045560290000000005
259072,0.004556023555555556
259328,0.004556023555555556
259584,0.004556018111111111
259840,0.004556012666666667
260096,0.004556001777777778
260352,0.004555990888888889
260608,0.004555985444444445
260864,0.00455598
261120,0.00455598
