cache_lines,MRC
256,0.0144243
512,0.014423008540379473
768,0.014422971641533174
1024,0.014422934742686872
1280,0.014422897843840573
1536,0.00954778537174407
1792,0.00954774847289777
2048,0.00954774847289777
2304,0.00954771157405147
2560,0.009540663894408032
2816,0.009540663894408032
3072,0.009540663894408032
3328,0.009540553197869131
3584,0.009540553197869131
3840,0.009540553197869131
4096,0.009538966547478201
4352,0.009538966547478201
4608,0.009538966547478201
4864,0.009538966547478201
5120,0.009538966547478201
5376,0.009538966547478201
5632,0.009538966547478201
5888,0.009538966547478201
6144,0.009538966547478201
6400,0.009538966547478201
6656,0.009538560660168893
6912,0.009525609165117343
7168,0.009513986028532618
7424,0.009502510487333094
7680,0.0094923633046004
7936,0.009487271263810902
8192,0.009482437514945506
8448,0.009477160979924506
8704,0.009471847546057203
8960,0.009466866201806607
9216,0.00946188485755601
9472,0.009456719019073911
9728,0.009451590079438112
9984,0.009446571836341216
10240,0.009441332200166516
10496,0.009436572248993722
10752,0.009431480208204224
11008,0.009426056077798018
11264,0.009420779542777017
11520,0.009415613704294917
11776,0.009411001348507328
12032,0.009405798611178927
12288,0.00940078036808203
12544,0.009396389405372244
12800,0.009391112870351244
13056,0.009386057728408045
13312,0.009380891889925946
13568,0.009375504658366042
13824,0.009370486415269145
14080,0.009365763362942654
14336,0.009360818917538358
14592,0.009355320989439551
14848,0.009350339645188954
15104,0.009345100009014253
15360,0.009340007968224756
15616,0.00933454693897225
15872,0.00932938110049015
16128,0.009324325958546952
16384,0.009319197018911153
16640,0.009314363270045761
16896,0.009309455723487766
17152,0.009304179188466762
17408,0.00929927164190877
17664,0.00929410580342667
17920,0.009288939964944568
18176,0.009283257542614259
18432,0.009278239299517363
18688,0.009273184157574166
18944,0.009267575532936456
19200,0.00926263108753216
19456,0.009257649743281565
19712,0.009250085479789918
19968,0.009217134810043381
20224,0.009212042769253883
20480,0.009206840031925484
20736,0.009201563496904479
20992,0.00919636075957608
21248,0.009191084224555078
21504,0.009185623195302573
21760,0.009180568053359376
22016,0.009175217720645772
22272,0.009169535298315462
22528,0.009164517055218563
22784,0.00915909292481236
23040,0.00915389018748396
23296,0.00914876124784816
23552,0.009143484712827159
23808,0.00913883545819327
24064,0.009133411327787062
24320,0.009128319286997566
24576,0.009123042751976562
24832,0.009117618621570359
25088,0.009112600378473463
25344,0.009107434539991362
25600,0.009102194903816661
25856,0.00909647558264005
26112,0.009091125249926446
26368,0.009085959411444347
26624,0.009080645977577044
26880,0.009075184948324537
27136,0.009069871514457236
27392,0.00906441048520473
27648,0.009059244646722631
27904,0.00905396811170163
28160,0.009048691576680628
28416,0.009043415041659626
28672,0.00903847059625533
28928,0.009033267858926929
29184,0.009027437841211416
29440,0.009022050609651514
29696,0.009016995467708313
29952,0.009011386843070606
30208,0.00900644239766631
30464,0.009001165862645308
30720,0.008995372743776098
30976,0.008990096208755093
31232,0.008984782774887793
31488,0.008979211049096384
31744,0.008973676222151276
32000,0.008968694877900682
32256,0.00896352903941858
32512,0.008958178706704976
32768,0.00895308666591548
33024,0.008947883928587079
33280,0.008942275303949369
33536,0.00893662978046536
33792,0.008931427043136961
34048,0.008925892216191854
34304,0.008920468085785649
34560,0.008914822562301639
34816,0.008909324634202834
35072,0.008903863604950327
35328,0.008898439474544124
35584,0.008893015344137918
35840,0.008887738809116917
36096,0.008882646768327418
36352,0.00887714884022861
36608,0.008871392620205702
36864,0.008866005388645796
37120,0.008860839550163698
37376,0.008855194026679686
37632,0.008850028188197589
37888,0.008844271968174677
38144,0.00883877404007587
38400,0.008833313010823365
38656,0.00882788888041716
38912,0.00882216955924055
39168,0.008816745428834344
39424,0.008811173703042937
39680,0.008805823370329334
39936,0.008800509936462031
40192,0.008795048907209526
40448,0.008789809271034824
40704,0.008783905455626712
40960,0.00877873961714461
41216,0.008773426183277307
41472,0.008768002052871104
41728,0.008762910012081604
41984,0.008757891768984706
42240,0.008752246245500698
42496,0.008746748317401892
42752,0.008741582478919792
43008,0.008736010753128385
43264,0.00873066042041478
43520,0.008725088694623375
43776,0.008719184879215261
44032,0.008713834546501657
44288,0.008708447314941753
44544,0.008702912487996645
44800,0.008697340762205238
45056,0.008692064227184236
45312,0.008686713894470632
45568,0.00868095767444772
45824,0.008675496645195216
46080,0.008670441503252017
46336,0.008664722182075407
46592,0.008659298051669203
46848,0.008653689427031494
47104,0.008647638016238177
47360,0.008642213885831973
47616,0.008636937350810971
47872,0.008630959737710255
48128,0.00862560940499665
48384,0.008620148375744145
48640,0.008614465953413836
48896,0.00860900492416133
49152,0.008603322501831021
49408,0.008597381787576606
49664,0.0085919207583241
49920,0.008586238335993791
50176,0.008580297621739376
50432,0.008574725895947967
50688,0.008569412462080666
50944,0.008563803837442957
51200,0.008557826224342242
51456,0.008552660385860143
51712,0.008546941064683532
51968,0.00854114794581432
52224,0.008535613118869214
52480,0.00852982
52736,0.008524156591868785
52992,0.008518278117606004
53248,0.008512614709474786
53504,0.008506987145698832
53760,0.008501682181120225
54016,0.00849659228267318
54272,0.008491036407607748
54528,0.008485767287384401
54784,0.00848071323329262
55040,0.008474978136450881
55296,0.008469386417030187
55552,0.008463866386320015
55808,0.008457987912057234
56064,0.008452324503926016
56320,0.008446804473215845
56576,0.008441105220729366
56832,0.008435728567440239
57088,0.00843042360286163
57344,0.008424509284243587
57600,0.008418917564822893
57856,0.008413218312336415
58112,0.008407447371139418
58368,0.008401819807363462
58624,0.008396263932298028
58880,0.008390708057232596
59136,0.008384937116035596
59392,0.008379596307101729
59648,0.008373789521549468
59904,0.008368161957773512
60160,0.008362570238352818
60416,0.008356942674576862
60672,0.008351350955156168
60928,0.008345938457511779
61184,0.008340310893735823
61440,0.00833479086302565
61696,0.008329306676670738
61952,0.00832389417902635
62208,0.008318481681381959
62464,0.008313069183737568
62720,0.008307226553830047
62976,0.008301527301343571
63232,0.008296186492409702
63488,0.008290343862502181
63744,0.008284680454370965
64000,0.008279088734950271
64256,0.008273102727621707
64512,0.00826736763077997
64768,0.008261883444425057
65024,0.008256004970162276
65280,0.008250484939452104
65536,0.008245036597452453
65792,0.008239337344965975
66048,0.00823370978119002
66304,0.008228118061769325
66560,0.00822206036573024
66816,0.008216396957599023
67072,0.00821084108253359
67328,0.008204855075205025
67584,0.008198904912231722
67840,0.008192990593613681
68096,0.008187219652416682
68352,0.008181627932995986
68608,0.008175821147443729
68864,0.008169978517536208
69120,0.008164279265049729
69376,0.008158508323852731
69632,0.008152450627813645
69888,0.00814675137532717
70144,0.008141482255103822
70400,0.008135711313906823
70656,0.008130047905775607
70912,0.008124420341999651
71168,0.008118183424184262
71424,0.008112161572500437
71680,0.008106569853079743
71936,0.0081006555344617
72192,0.008094956281975223
72448,0.008088934430291399
72704,0.008083235177804921
72960,0.008077428392252662
73216,0.008071549917989881
73472,0.008065814821148142
73728,0.00805986465817484
73984,0.008053986183912058
74240,0.008047892643517712
74496,0.008042050013610191
74752,0.008036279072413192
75008,0.008030293065084628
75264,0.00802455796824289
75520,0.00801875118269063
75776,0.008013231151980457
76032,0.008007639432559763
76288,0.008001976024428547
76544,0.007996312616297331
76800,0.007990613363810854
77056,0.007984483979061246
77312,0.007978856415285292
77568,0.00797301378537777
77824,0.00796720699982551
78080,0.007961185148141687
78336,0.007955593428720991
78592,0.007949894176234516
78848,0.007944123235037516
79104,0.007938244760774734
79360,0.00793225875344617
79616,0.007926057679986042
79872,0.00792017920572326
80128,0.007914264887105216
80384,0.00790813550235561
80640,0.007902221183737568
80896,0.007896306865119527
81152,0.007890141636014657
81408,0.007884119784330833
81664,0.007877918710870704
81920,0.007871968547897401
82176,0.007865875007503053
82432,0.007860139910661316
82688,0.0078544765025301
82944,0.007848096207293667
83200,0.007842074355609841
83456,0.007836124192636539
83712,0.007830066496597453
83968,0.007824008800558366
84224,0.007818166170650847
84480,0.007812323540743326
84736,0.0078066601326121105
84992,0.007800459059151981
85248,0.007794723962310244
85504,0.007789168087244809
85760,0.007783182079916246
86016,0.007777196072587682
86272,0.007771496820101205
86528,0.00776547496841738
86784,0.0077597040272203805
87040,0.007753789708602338
87296,0.007747050969813297
87552,0.0077410291181294714
87808,0.007734971422090385
88064,0.007728555282498692
88320,0.007722605119525388
88576,0.007716762489617867
88832,0.007710740637934044
89088,0.00770439618705287
89344,0.007698266802303263
89600,0.007691814818356308
89856,0.007685792966672483
90112,0.007679484360146571
90368,0.007673247442331182
90624,0.007667118057581574
90880,0.007660235941371488
91136,0.007654106556621881
91392,0.007648048860582795
91648,0.0076424212968068395
91904,0.007636757888675624
92160,0.007630700192636538
92416,0.00762449911917641
92672,0.007618441423137324
92928,0.00761209697225615
93184,0.007605752521374978
93440,0.007599515603559588
93696,0.007593027775257372
93952,0.0075866833243762
94208,0.007580267184784505
94464,0.007573994422613855
94720,0.007567865037864247
94976,0.00756173565311464
95232,0.007555606268365033
95488,0.007549297661839122
95744,0.0075428098335369054
96000,0.007536644604432036
96256,0.007530407686616647
96512,0.007523812325248649
96768,0.007517647096143779
97024,0.0075113026452626065
97280,0.0075049581943814345
97536,0.007498900498342349
97792,0.007492842802303263
98048,0.007486785106264177
98304,0.007480548188448787
98560,0.007474060360146571
98816,0.007467644220554878
99072,0.007461407302739488
99328,0.0074605111938579665
99584,0.007460188594660618
99840,0.007460045217239574
100096,0.00745986599546327
100352,0.007459722618042227
100608,0.007459615084976444
100864,0.007459471707555401
101120,0.007459364174489618
101376,0.007459220797068574
101632,0.007459113264002792
101888,0.007458969886581748
102144,0.007412694823939975
102400,0.00712472127377421
102656,0.006337292477403595
102912,0.00608846096318269
103168,0.005696180339207817
103424,0.005487852946431686
103680,0.005458962396091432
103936,0.005448639221776304
104192,0.005448567533065782
104448,0.0054484958443552604
104704,0.00544846
104960,0.005448386446862083
105216,0.0054482761171552084
105472,0.0054481657874483344
105728,0.005448129010879377
105984,0.005448018681172502
106240,0.005447945128034586
106496,0.005447834798327711
106752,0.005447724468620837
107008,0.005447393479500213
107264,0.005444267471138771
107520,0.0054382728903985935
107776,0.005433344830158201
108032,0.005429667173262387
108288,0.005426246952349279
108544,0.005422606072022424
108800,0.005418854861988693
109056,0.005415177205092878
109312,0.005411646654472896
109568,0.005407932221008124
109824,0.005404291340681267
110080,0.005400613683785453
110336,0.005396715367475889
110592,0.005392780274597368
110848,0.0053892497239773855
111104,0.0053855352905126126
111360,0.0053818208570478405
111616,0.005378179976720984
111872,0.005374391990118296
112128,0.005370567226946648
112384,0.005366742463775001
112640,0.005362880924034395
112896,0.005359019384293791
113152,0.005355341727397976
113408,0.005351774400209035
113664,0.005348059966744263
113920,0.005344271980141574
114176,0.0053406310998147175
114432,0.005336990219487861
114688,0.005333128679747256
114944,0.005329120033730818
115200,0.005325442376835004
115456,0.0053217647199391895
115712,0.005318087063043375
115968,0.00531422552330277
116224,0.005310143324148415
116480,0.005306355337545726
116736,0.00530271445721887
116992,0.005298889694047223
117248,0.005295248813720367
117504,0.005291644709962468
117760,0.005287856723359779
118016,0.005284105513326048
118272,0.005280464632999192
118528,0.005276786976103377
118784,0.005272998989500689
119040,0.005269027120053209
119296,0.005265128803743645
119552,0.005260973051451375
119808,0.005257037958572853
120064,0.005253323525108081
120320,0.005249645868212266
120576,0.005245784328471661
120832,0.005242106671575847
121088,0.0052382819084042
121344,0.005234457145232552
121600,0.005230632382060905
121856,0.005226881172027174
122112,0.005223166738562402
122368,0.005219158092545965
122624,0.005215443659081191
122880,0.005211582119340586
123136,0.00520794123901373
123392,0.005203859039859375
123648,0.0051998136172739795
123904,0.00519602563067129
124160,0.00519227442063756
124416,0.00518830255119008
124672,0.005184293905173642
124928,0.005180432365433037
125184,0.0051765340491234735
125440,0.0051725254031070355
125696,0.005168553533659556
125952,0.005164765547056867
126208,0.0051610878901610525
126464,0.005157263126989406
126720,0.0051532544809729675
126976,0.0051495400475081955
127232,0.0051456417311986314
127488,0.005141559532044277
127744,0.005137219896907216
128000,0.00513317447432182
128256,0.005129129051736425
128512,0.005125267511995819
128768,0.005121442748824172
129024,0.005117434102807734
129280,0.005113756445911919
129536,0.005109563917050691
129792,0.005105739153879044
130048,0.005101804061000522
130304,0.0050981631806736654
130560,0.005094448747208893
130816,0.005090440101192455
131072,0.0050866153380208085
131328,0.005082717021711244
131584,0.005078818705401681
131840,0.005074626176540453
132096,0.005070580753955057
132352,0.005066645661076535
132608,0.00506260023849114
132864,0.005058738698750534
133120,0.005054877159009929
133376,0.005050831736424533
133632,0.00504693342011497
133888,0.005042961550667489
134144,0.005039100010926885
134400,0.0050353120243241956
134656,0.0050312666017388
134912,0.005027110849446529
135168,0.005023102203430092
135424,0.0050192406636894865
135680,0.005015305570810965
135936,0.005011370477932443
136192,0.005007839927312461
136448,0.005004051940709772
136704,0.005000263954107083
136960,0.004996328861228562
137216,0.004992504098056915
137472,0.004988716111454225
137728,0.004984707465437788
137984,0.0049805149365765595
138240,0.004976469513991163
138496,0.004972534421112642
138752,0.004968525775096204
139008,0.004964627458786641
139264,0.0049607291424770775
139520,0.004956683719891681
139776,0.004952491191030453
140032,0.004948298662169224
140288,0.004944437122428619
140544,0.004940465252981139
140800,0.00493627272411991
141056,0.004932227301534515
141312,0.004928328985224951
141568,0.004924320339208513
141824,0.004920311693192076
142080,0.004916303047175637
142336,0.004912257624590242
142592,0.004908175425435888
142848,0.004904240332557366
143104,0.0049002684631098865
143360,0.00489622304052449
143616,0.0048922511710770104
143872,0.004888095418784741
144128,0.004883829336785595
144384,0.004879673584493325
144640,0.004875333949356264
144896,0.004870994314219203
145152,0.004866838561926932
145408,0.00486249892678987
145664,0.004858269621359684
145920,0.004854077092498456
146176,0.004849994893344102
146432,0.004845728811344957
146688,0.004841462729345812
146944,0.004837086317639793
147200,0.004832857012209606
147456,0.004828627706779419
147712,0.004824398401349232
147968,0.00482027942562592
148224,0.004816050120195733
148480,0.0048120046976103375
148736,0.004808032828162858
148992,0.004803987405577462
149248,0.004799721323578317
149504,0.004795455241579172
149760,0.004791556925269609
150016,0.004787548279253171
150272,0.00478320864411611
150528,0.004779126444961756
150784,0.004775154575514276
151040,0.004771072376359922
151296,0.004767026953774526
151552,0.004762650542068507
151808,0.004758274130362487
152064,0.004753971271794384
152320,0.004749925849208989
152576,0.004745696543778801
152832,0.00474176145090028
153088,0.004737826358021759
153344,0.004733560276022614
153600,0.0047291838643165945
153856,0.00472491778231745
154112,0.004720909136301012
154368,0.0047168269371466575
154624,0.0047127079614233455
154880,0.004708515432562117
155136,0.004704322903700888
155392,0.004700424587391325
155648,0.004696232058530096
155904,0.004691892423393035
156160,0.004687736671100765
156416,0.0046835441422395365
156672,0.004679204507102475
156928,0.00467435
157184,0.004667327589813551
157440,0.004661216484765802
157696,0.004655266198271941
157952,0.00464931591177808
158208,0.004643097594361073
158464,0.004636825670759436
158720,0.004630768171896317
158976,0.004624764279217826
159232,0.004618813992723965
159488,0.004612970918599363
159744,0.004607020632105502
160000,0.004600641496134606
160256,0.004594423178717599
160512,0.00458836567985448
160768,0.004582040150068213
161024,0.004574535284220101
161280,0.004564457321509777
161536,0.004559632764893133
161792,0.004557274092769441
162048,0.004557274092769441
162304,0.004557274092769441
162560,0.004557274092769441
162816,0.004557274092769441
163072,0.004557274092769441
163328,0.004557274092769441
163584,0.004557274092769441
163840,0.004557274092769441
164096,0.004557220486584811
164352,0.004557166880400182
164608,0.004557113274215552
164864,0.004557113274215552
165120,0.004557113274215552
165376,0.004557113274215552
165632,0.004557113274215552
165888,0.004557113274215552
166144,0.004557113274215552
166400,0.004557113274215552
166656,0.004557113274215552
166912,0.004557113274215552
167168,0.004557113274215552
167424,0.004557113274215552
167680,0.004557113274215552
167936,0.004557113274215552
168192,0.004557113274215552
168448,0.004557113274215552
168704,0.004557113274215552
168960,0.004557113274215552
169216,0.004557113274215552
169472,0.004557113274215552
169728,0.004557113274215552
169984,0.004557113274215552
170240,0.004557113274215552
170496,0.004557113274215552
170752,0.004557113274215552
171008,0.004557113274215552
171264,0.004557113274215552
171520,0.004557113274215552
171776,0.004557059668030924
172032,0.004557059668030924
172288,0.004557059668030924
172544,0.004557006061846294
172800,0.004557006061846294
173056,0.004557006061846294
173312,0.004556952455661664
173568,0.004556952455661664
173824,0.004556952455661664
174080,0.004556898849477035
174336,0.004556898849477035
174592,0.004556898849477035
174848,0.004556898849477035
175104,0.004556898849477035
175360,0.004556898849477035
175616,0.004556898849477035
175872,0.004556898849477035
176128,0.004556898849477035
176384,0.004556898849477035
176640,0.004556898849477035
176896,0.004556898849477035
177152,0.004556898849477035
177408,0.004556898849477035
177664,0.004556898849477035
177920,0.004556898849477035
178176,0.004556898849477035
178432,0.004556898849477035
178688,0.004556898849477035
178944,0.004556898849477035
179200,0.004556898849477035
179456,0.004556898849477035
179712,0.004556898849477035
179968,0.004556898849477035
180224,0.004556898849477035
180480,0.0045568452432924065
180736,0.0045568452432924065
180992,0.0045568452432924065
181248,0.0045568452432924065
181504,0.0045568452432924065
181760,0.0045568452432924065
182016,0.004556791637107776
182272,0.004556791637107776
182528,0.004556791637107776
182784,0.004556791637107776
183040,0.004556791637107776
183296,0.004556791637107776
183552,0.004556791637107776
183808,0.004556791637107776
184064,0.004556791637107776
184320,0.004556791637107776
184576,0.004556791637107776
184832,0.004556791637107776
185088,0.004556791637107776
185344,0.004556791637107776
185600,0.004556791637107776
185856,0.004556791637107776
186112,0.004556791637107776
186368,0.004556791637107776
186624,0.004556791637107776
186880,0.004556791637107776
187136,0.004556791637107776
187392,0.004556791637107776
187648,0.004556791637107776
187904,0.004556791637107776
188160,0.004556791637107776
188416,0.004556791637107776
188672,0.004556791637107776
188928,0.004556791637107776
189184,0.004556791637107776
189440,0.004556791637107776
189696,0.004556791637107776
189952,0.004556738030923147
190208,0.004556738030923147
190464,0.004556738030923147
190720,0.004556738030923147
190976,0.004556684424738518
191232,0.004556684424738518
191488,0.004556684424738518
191744,0.004556684424738518
192000,0.004556684424738518
192256,0.004556630818553888
192512,0.004556630818553888
192768,0.004556630818553888
193024,0.004556630818553888
193280,0.004556630818553888
193536,0.004556630818553888
193792,0.004556630818553888
194048,0.004556630818553888
194304,0.004556630818553888
194560,0.004556630818553888
194816,0.004556630818553888
195072,0.004556630818553888
195328,0.004556630818553888
195584,0.004556630818553888
195840,0.004556630818553888
196096,0.004556630818553888
196352,0.004556630818553888
196608,0.004556630818553888
196864,0.004556630818553888
197120,0.004556630818553888
197376,0.004556630818553888
197632,0.004556630818553888
197888,0.004556630818553888
198144,0.004556630818553888
198400,0.004556577212369259
198656,0.004556577212369259
198912,0.004556577212369259
199168,0.00455652360618463
199424,0.00455652360618463
199680,0.00455652360618463
199936,0.00455652360618463
200192,0.00455647
200448,0.00455647
200704,0.00455647
200960,0.00455647
201216,0.00455647
201472,0.00455647
201728,0.00455647
201984,0.00455647
202240,0.00455647
202496,0.00455647
202752,0.00455647
203008,0.00455647
203264,0.00455647
203520,0.00455647
203776,0.00455647
204032,0.00455647
204288,0.00455647
204544,0.00455647
204800,0.00455647
205056,0.00455647
205312,0.00455647
205568,0.00455647
205824,0.00455647
206080,0.00455647
206336,0.00455647
206592,0.00455647
206848,0.00455647
207104,0.00455647
207360,0.00455647
207616,0.00455647
207872,0.00455647
208128,0.00455647
208384,0.00455647
208640,0.00455647
208896,0.00455647
209152,0.00455647
209408,0.00455647
209664,0.00455647
209920,0.00455647
210176,0.00455647
210432,0.00455647
210688,0.00455647
210944,0.00455647
211200,0.00455647
211456,0.00455647
211712,0.00455647
211968,0.00455647
212224,0.00455647
212480,0.00455647
212736,0.00455647
212992,0.00455647
213248,0.00455647
213504,0.00455647
213760,0.00455647
214016,0.00455647
214272,0.00455647
214528,0.00455647
214784,0.00455647
215040,0.00455647
215296,0.00455647
215552,0.00455647
215808,0.00455647
216064,0.00455647
216320,0.00455647
216576,0.00455647
216832,0.00455647
217088,0.00455647
217344,0.00455647
217600,0.00455647
217856,0.00455647
218112,0.00455647
218368,0.00455647
218624,0.00455647
218880,0.00455647
219136,0.00455647
219392,0.00455647
219648,0.00455647
219904,0.00455647
220160,0.004556435
220416,0.0045564
220672,0.0045564
220928,0.0045564
221184,0.0045564
221440,0.0045564
221696,0.0045564
221952,0.0045564
222208,0.0045564
222464,0.0045564
222720,0.0045564
222976,0.0045564
223232,0.0045564
223488,0.0045564
223744,0.0045564
224000,0.0045564
224256,0.0045564
224512,0.0045564
224768,0.0045564
225024,0.0045564
225280,0.0045564
225536,0.0045564
225792,0.0045564
226048,0.0045564
226304,0.0045564
226560,0.0045564
226816,0.0045564
227072,0.0045564
227328,0.004556365
227584,0.004556365
227840,0.004556365
228096,0.004556365
228352,0.004556365
228608,0.004556365
228864,0.004556365
229120,0.00455633
229376,0.00455633
229632,0.00455633
229888,0.00455633
230144,0.00455633
230400,0.00455633
230656,0.00455633
230912,0.00455633
231168,0.00455633
231424,0.00455633
231680,0.00455633
231936,0.00455633
232192,0.00455633
232448,0.00455633
232704,0.00455633
232960,0.00455633
233216,0.00455633
233472,0.00455633
233728,0.00455633
233984,0.00455633
234240,0.00455633
234496,0.00455633
234752,0.00455633
235008,0.00455633
235264,0.00455633
235520,0.00455633
235776,0.00455633
236032,0.00455633
236288,0.004556295
236544,0.004556295
236800,0.00455626
237056,0.00455626
237312,0.00455626
237568,0.0045562250000000006
237824,0.0045562250000000006
238080,0.0045562250000000006
238336,0.0045562250000000006
238592,0.0045562250000000006
238848,0.0045562250000000006
239104,0.0045562250000000006
239360,0.0045562250000000006
239616,0.0045562250000000006
239872,0.0045562250000000006
240128,0.0045562250000000006
240384,0.0045562250000000006
240640,0.0045562250000000006
240896,0.0045562250000000006
241152,0.0045562250000000006
241408,0.0045562250000000006
241664,0.0045562250000000006
241920,0.0045562250000000006
242176,0.0045562250000000006
242432,0.0045562250000000006
242688,0.0045562250000000006
242944,0.0045562250000000006
243200,0.0045562250000000006
243456,0.0045562250000000006
243712,0.0045562250000000006
243968,0.0045562250000000006
244224,0.0045562250000000006
244480,0.0045562250000000006
244736,0.0045562250000000006
244992,0.0045562250000000006
245248,0.0045562250000000006
245504,0.0045562250000000006
245760,0.00455619
246016,0.00455619
246272,0.00455619
246528,0.004556155
246784,0.004556155
247040,0.00455612
247296,0.00455612
247552,0.00455612
247808,0.0045560850000000005
248064,0.0045560850000000005
248320,0.0045560850000000005
248576,0.0045560850000000005
248832,0.0045560850000000005
249088,0.0045560850000000005
249344,0.0045560850000000005
249600,0.0045560850000000005
249856,0.0045560850000000005
250112,0.0045560850000000005
250368,0.0045560850000000005
250624,0.0045560850000000005
250880,0.0045560850000000005
251136,0.0045560850000000005
251392,0.0045560850000000005
251648,0.0045560850000000005
251904,0.0045560850000000005
252160,0.0045560850000000005
252416,0.0045560850000000005
252672,0.0045560850000000005
252928,0.0045560850000000005
253184,0.0045560850000000005
253440,0.0045560850000000005
253696,0.0045560850000000005
253952,0.0045560850000000005
254208,0.004556050000000001
254464,0.004556050000000001
254720,0.004556050000000001
254976,0.004556050000000001
255232,0.004556050000000001
255488,0.004556050000000001
255744,0.004556015000000001
256000,0.004556015000000001
256256,0.00455598
256512,0.00455598
256768,0.00455598
257024,0.00455598
257280,0.00455598
257536,0.00455598
257792,0.00455598
258048,0.00455598
258304,0.00455598
258560,0.00455598
258816,0.00455598
259072,0.00455598
259328,0.00455598
259584,0.00455598
259840,0.00455598
260096,0.00455598
260352,0.00455598
260608,0.00455598
260864,0.00455598
261120,0.00455598
