cache_lines,MRC
256,0.02354078
512,0.023537279999999997
768,0.02353718
1024,0.02353708
1280,0.023536980000000002
1536,0.010324879999999998
1792,0.010324779999999999
2048,0.010324779999999999
2304,0.01032468
2560,0.010305579999999998
2816,0.010305579999999998
3072,0.010305579999999998
3328,0.01030528
3584,0.01030528
3840,0.01030528
4096,0.010300980000000001
4352,0.010300980000000001
4608,0.010300980000000001
4864,0.010300980000000001
5120,0.010300980000000001
5376,0.010300980000000001
5632,0.010300980000000001
5888,0.010300980000000001
6144,0.010300980000000001
6400,0.010300980000000001
6656,0.01029988
6912,0.010264780000000001
7168,0.01023328
7424,0.010202179999999998
7680,0.010174679999999998
7936,0.01016088
8192,0.010147779999999999
8448,0.01013348
8704,0.010119079999999999
8960,0.01010558
9216,0.01009208
9472,0.01007808
9728,0.010064179999999999
9984,0.01005058
10240,0.010036380000000001
10496,0.010023480000000001
10752,0.01000968
11008,0.00999498
11264,0.009980679999999999
11520,0.009966679999999999
11776,0.00995418
12032,0.00994008
12288,0.009926479999999998
12544,0.00991458
12800,0.009900280000000001
13056,0.009886579999999999
13312,0.009872579999999999
13568,0.009857979999999999
13824,0.00984438
14080,0.00983158
14336,0.00981818
14592,0.009803280000000001
14848,0.009789779999999998
15104,0.009775579999999999
15360,0.009761780000000001
15616,0.009746979999999999
15872,0.009732979999999999
16128,0.00971928
16384,0.00970538
16640,0.009692280000000001
16896,0.00967898
17152,0.009664679999999998
17408,0.009651380000000001
17664,0.009637380000000001
17920,0.00962338
18176,0.009607979999999999
18432,0.00959438
18688,0.009580680000000001
18944,0.009565480000000001
19200,0.009552080000000001
19456,0.009538579999999998
19712,0.009518079999999998
19968,0.009428780000000001
20224,0.00941498
20480,0.00940088
20736,0.009386579999999999
20992,0.009372479999999999
21248,0.00935818
21504,0.009343379999999998
21760,0.00932968
22016,0.00931518
22272,0.00929978
22528,0.009286179999999998
22784,0.009271479999999999
23040,0.009257379999999999
23296,0.009243479999999998
23552,0.00922918
23808,0.009216579999999999
24064,0.009201879999999999
24320,0.009188080000000001
24576,0.00917378
24832,0.00915908
25088,0.009145480000000001
25344,0.00913148
25600,0.009117279999999998
25856,0.00910178
26112,0.00908728
26368,0.00907328
26624,0.009058879999999998
26880,0.00904408
27136,0.009029679999999998
27392,0.00901488
27648,0.00900088
27904,0.008986580000000001
28160,0.00897228
28416,0.00895798
28672,0.00894458
28928,0.008930480000000001
29184,0.008914680000000001
29440,0.008900080000000001
29696,0.00888638
29952,0.00887118
30208,0.008857779999999999
30464,0.00884348
30720,0.00882778
30976,0.008813479999999999
31232,0.00879908
31488,0.00878398
31744,0.00876898
32000,0.00875548
32256,0.00874148
32512,0.008726979999999999
32768,0.008713180000000001
33024,0.008699079999999998
33280,0.008683879999999998
33536,0.008668579999999999
33792,0.008654479999999999
34048,0.008639479999999998
34304,0.008624779999999999
34560,0.00860948
34816,0.008594580000000001
35072,0.008579779999999999
35328,0.00856508
35584,0.00855038
35840,0.008536079999999998
36096,0.00852228
36352,0.008507379999999998
36608,0.00849178
36864,0.00847718
37120,0.00846318
37376,0.008447879999999998
37632,0.008433880000000001
37888,0.00841828
38144,0.008403379999999998
38400,0.00838858
38656,0.00837388
38912,0.008358379999999999
39168,0.00834368
39424,0.008328579999999999
39680,0.008314079999999998
39936,0.00829968
40192,0.008284879999999998
40448,0.008270679999999999
40704,0.00825468
40960,0.00824068
41216,0.008226279999999999
41472,0.00821158
41728,0.008197779999999998
41984,0.00818418
42240,0.00816888
42496,0.008153979999999998
42752,0.008139979999999998
43008,0.008124880000000001
43264,0.00811038
43520,0.00809528
43776,0.008079280000000001
44032,0.00806478
44288,0.00805018
44544,0.00803518
44800,0.008020079999999999
45056,0.00800578
45312,0.00799128
45568,0.007975679999999999
45824,0.00796088
46080,0.007947179999999998
46336,0.00793168
46592,0.00791698
46848,0.00790178
47104,0.00788538
47360,0.007870679999999998
47616,0.00785638
47872,0.007840179999999999
48128,0.007825679999999998
48384,0.007810879999999999
48640,0.0077954800000000005
48896,0.007780679999999998
49152,0.007765279999999999
49408,0.007749179999999998
49664,0.007734379999999999
49920,0.00771898
50176,0.007702879999999999
50432,0.007687779999999998
50688,0.0076733800000000005
50944,0.0076581800000000005
51200,0.00764198
51456,0.0076279799999999995
51712,0.007612479999999998
51968,0.007596780000000001
52224,0.00758178
52480,0.009569349999999999
52736,0.00955355
52992,0.00953715
53248,0.00952135
53504,0.00950565
53760,0.00949085
54016,0.009476649999999998
54272,0.00946115
54528,0.00944645
54784,0.00943235
55040,0.009416349999999999
55296,0.009400749999999998
55552,0.009385349999999999
55808,0.00936895
56064,0.00935315
56320,0.00933775
56576,0.009321849999999998
56832,0.00930685
57088,0.009292049999999998
57344,0.009275549999999999
57600,0.009259949999999998
57856,0.009244049999999998
58112,0.00922795
58368,0.00921225
58624,0.009196749999999998
58880,0.00918125
59136,0.009165149999999999
59392,0.00915025
59648,0.00913405
59904,0.009118349999999999
60160,0.009102749999999998
60416,0.009087049999999998
60672,0.00907145
60928,0.00905635
61184,0.009040649999999999
61440,0.00902525
61696,0.009009950000000001
61952,0.00899485
62208,0.00897975
62464,0.00896465
62720,0.008948349999999999
62976,0.00893245
63232,0.008917549999999998
63488,0.008901249999999998
63744,0.008885449999999998
64000,0.00886985
64256,0.008853149999999999
64512,0.00883715
64768,0.008821850000000001
65024,0.008805449999999998
65280,0.008790049999999999
65536,0.008774849999999999
65792,0.00875895
66048,0.00874325
66304,0.008727649999999998
66560,0.008710749999999998
66816,0.008694949999999998
67072,0.00867945
67328,0.008662749999999999
67584,0.00864615
67840,0.00862965
68096,0.00861355
68352,0.008597949999999998
68608,0.00858175
68864,0.00856545
69120,0.008549549999999998
69376,0.00853345
69632,0.00851655
69888,0.00850065
70144,0.00848595
70400,0.00846985
70656,0.00845405
70912,0.008438349999999999
71168,0.008420949999999998
71424,0.00840415
71680,0.00838855
71936,0.00837205
72192,0.008356149999999998
72448,0.00833935
72704,0.008323449999999998
72960,0.00830725
73216,0.00829085
73472,0.008274849999999999
73728,0.00825825
73984,0.00824185
74240,0.00822485
74496,0.00820855
74752,0.008192449999999999
75008,0.00817575
75264,0.008159749999999999
75520,0.008143549999999998
75776,0.008128149999999999
76032,0.008112549999999998
76288,0.008096749999999998
76544,0.008080949999999998
76800,0.008065049999999999
77056,0.00804795
77312,0.00803225
77568,0.008015949999999999
77824,0.007999749999999998
78080,0.00798295
78336,0.00796735
78592,0.00795145
78848,0.007935349999999999
79104,0.00791895
79360,0.007902249999999998
79616,0.00788495
79872,0.00786855
80128,0.007852049999999998
80384,0.007834949999999999
80640,0.00781845
80896,0.00780195
81152,0.007784749999999998
81408,0.007767950000000001
81664,0.0077506499999999996
81920,0.007734050000000001
82176,0.007717049999999998
82432,0.007701049999999999
82688,0.007685249999999999
82944,0.007667450000000001
83200,0.00765065
83456,0.007634049999999998
83712,0.007617149999999998
83968,0.007600249999999998
84224,0.007583950000000001
84480,0.00756765
84736,0.007551850000000001
84992,0.007534549999999999
85248,0.007518550000000001
85504,0.007503049999999999
85760,0.007486350000000001
86016,0.0074696499999999996
86272,0.00745375
86528,0.0074369499999999995
86784,0.007420849999999998
87040,0.007404349999999999
87296,0.007385549999999999
87552,0.0073687499999999986
87808,0.007351849999999998
88064,0.0073339500000000005
88320,0.0073173499999999985
88576,0.007301049999999998
88832,0.007284250000000001
89088,0.007266549999999998
89344,0.007249449999999999
89600,0.007231449999999999
89856,0.007214649999999998
90112,0.007197049999999998
90368,0.007179650000000001
90624,0.007162549999999998
90880,0.007143349999999998
91136,0.007126249999999999
91392,0.007109349999999999
91648,0.007093649999999998
91904,0.007077849999999998
92160,0.007060949999999998
92416,0.00704365
92672,0.00702675
92928,0.007009049999999998
93184,0.006991349999999999
93440,0.006973949999999998
93696,0.006955849999999998
93952,0.006938149999999999
94208,0.006920249999999998
94464,0.006902750000000001
94720,0.006885649999999998
94976,0.006868549999999999
95232,0.00685145
95488,0.006833850000000001
95744,0.006815750000000001
96000,0.006798549999999999
96256,0.006781149999999998
96512,0.00676275
96768,0.006745549999999998
97024,0.006727849999999999
97280,0.00671015
97536,0.0066932499999999995
97792,0.006676349999999999
98048,0.006659449999999999
98304,0.006642049999999998
98560,0.006623949999999998
98816,0.0066060500000000005
99072,0.00658865
99328,0.006586150000000001
99584,0.006585249999999999
99840,0.006584849999999998
100096,0.006584350000000001
100352,0.00658395
100608,0.006583649999999998
100864,0.0065832500000000006
101120,0.006582949999999999
101376,0.006582549999999998
101632,0.0065822499999999996
101888,0.0065818499999999985
102144,0.006452749999999998
102400,0.005649349999999999
102656,0.0034525500000000004
102912,0.002758349999999998
103168,0.0016639499999999991
103424,0.0010827499999999986
103680,0.0010021499999999985
103936,9.733499999999996E-4
104192,9.73149999999999E-4
104448,9.729499999999985E-4
104704,0.00605725
104960,0.00605705
105216,0.00605675
105472,0.00605645
105728,0.00605635
105984,0.00605605
106240,0.00605585
106496,0.00605555
106752,0.00605525
107008,0.00605435
107264,0.00604585
107520,0.00602955
107776,0.00601615
108032,0.00600615
108288,0.00599685
108544,0.0059869499999999996
108800,0.005976750000000001
109056,0.00596675
109312,0.00595715
109568,0.005947050000000001
109824,0.00593715
110080,0.005927150000000001
110336,0.00591655
110592,0.005905850000000001
110848,0.0058962500000000004
111104,0.00588615
111360,0.005876050000000001
111616,0.0058661500000000005
111872,0.005855850000000001
112128,0.00584545
112384,0.00583505
112640,0.0058245499999999995
112896,0.005814050000000001
113152,0.00580405
113408,0.00579435
113664,0.005784250000000001
113920,0.00577395
114176,0.00576405
114432,0.0057541499999999995
114688,0.005743650000000001
114944,0.00573275
115200,0.00572275
115456,0.005712750000000001
115712,0.005702750000000001
115968,0.005692250000000001
116224,0.005681150000000001
116480,0.00567085
116736,0.00566095
116992,0.005650550000000001
117248,0.0056406500000000005
117504,0.00563085
117760,0.00562055
118016,0.00561035
118272,0.00560045
118528,0.00559045
118784,0.005580150000000001
119040,0.005569350000000001
119296,0.005558750000000001
119552,0.005547450000000001
119808,0.00553675
120064,0.005526650000000001
120320,0.00551665
120576,0.00550615
120832,0.00549615
121088,0.005485750000000001
121344,0.00547535
121600,0.00546495
121856,0.0054547499999999995
122112,0.0054446500000000005
122368,0.005433750000000001
122624,0.00542365
122880,0.00541315
123136,0.00540325
123392,0.00539215
123648,0.005381150000000001
123904,0.00537085
124160,0.00536065
124416,0.00534985
124672,0.00533895
124928,0.00532845
125184,0.005317850000000001
125440,0.0053069499999999995
125696,0.005296150000000001
125952,0.00528585
126208,0.00527585
126464,0.00526545
126720,0.00525455
126976,0.005244450000000001
127232,0.00523385
127488,0.00522275
127744,0.005210950000000001
128000,0.00519995
128256,0.005188950000000001
128512,0.005178450000000001
128768,0.00516805
129024,0.005157150000000001
129280,0.00514715
129536,0.00513575
129792,0.005125350000000001
130048,0.00511465
130304,0.00510475
130560,0.005094650000000001
130816,0.00508375
131072,0.005073350000000001
131328,0.0050627499999999995
131584,0.00505215
131840,0.00504075
132096,0.0050297499999999995
132352,0.005019050000000001
132608,0.00500805
132864,0.00499755
133120,0.00498705
133376,0.004976050000000001
133632,0.00496545
133888,0.00495465
134144,0.00494415
134400,0.00493385
134656,0.004922850000000001
134912,0.004911550000000001
135168,0.004900650000000001
135424,0.004890150000000001
135680,0.0048794500000000005
135936,0.00486875
136192,0.00485915
136448,0.00484885
136704,0.0048385500000000005
136960,0.00482785
137216,0.004817450000000001
137472,0.00480715
137728,0.00479625
137984,0.00478485
138240,0.00477385
138496,0.004763150000000001
138752,0.0047522499999999995
139008,0.00474165
139264,0.0047310500000000005
139520,0.00472005
139776,0.00470865
140032,0.00469725
140288,0.00468675
140544,0.00467595
140800,0.00466455
141056,0.004653550000000001
141312,0.00464295
141568,0.00463205
141824,0.004621150000000001
142080,0.00461025
142336,0.004599250000000001
142592,0.004588150000000001
142848,0.00457745
143104,0.00456665
143360,0.00455565
143616,0.00454485
143872,0.004533550000000001
144128,0.00452195
144384,0.00451065
144640,0.00449885
144896,0.004487050000000001
145152,0.0044757500000000006
145408,0.0044639499999999995
145664,0.00445245
145920,0.00444105
146176,0.00442995
146432,0.00441835
146688,0.004406750000000001
146944,0.0043948500000000005
147200,0.004383350000000001
147456,0.00437185
147712,0.004360350000000001
147968,0.0043491499999999995
148224,0.00433765
148480,0.00432665
148736,0.0043158499999999995
148992,0.004304850000000001
149248,0.00429325
149504,0.00428165
149760,0.00427105
150016,0.004260150000000001
150272,0.00424835
150528,0.00423725
150784,0.00422645
151040,0.00421535
151296,0.004204350000000001
151552,0.00419245
151808,0.00418055
152064,0.00416885
152320,0.004157850000000001
152576,0.00414635
152832,0.004135650000000001
153088,0.0041249500000000005
153344,0.00411335
153600,0.0041014499999999995
153856,0.004089850000000001
154112,0.00407895
154368,0.00406785
154624,0.00405665
154880,0.00404525
155136,0.00403385
155392,0.004023250000000001
155648,0.004011850000000001
155904,0.00400005
156160,0.003988750000000001
156416,0.003977350000000001
156672,0.00396555
156928,0.004776010000000001
157184,0.00476291
157440,0.0047515100000000005
157696,0.0047404100000000005
157952,0.0047293100000000005
158208,0.00471771
158464,0.00470601
158720,0.004694710000000001
158976,0.00468351
159232,0.00467241
159488,0.004661510000000001
159744,0.004650410000000001
160000,0.00463851
160256,0.0046269100000000014
160512,0.004615610000000001
160768,0.004603810000000002
161024,0.0045898100000000015
161280,0.00457101
161536,0.00456201
161792,0.00455761
162048,0.00455761
162304,0.00455761
162560,0.00455761
162816,0.00455761
163072,0.00455761
163328,0.00455761
163584,0.00455761
163840,0.00455761
164096,0.004557510000000001
164352,0.004557410000000001
164608,0.00455731
164864,0.00455731
165120,0.00455731
165376,0.00455731
165632,0.00455731
165888,0.00455731
166144,0.00455731
166400,0.00455731
166656,0.00455731
166912,0.00455731
167168,0.00455731
167424,0.00455731
167680,0.00455731
167936,0.00455731
168192,0.00455731
168448,0.00455731
168704,0.00455731
168960,0.00455731
169216,0.00455731
169472,0.00455731
169728,0.00455731
169984,0.00455731
170240,0.00455731
170496,0.00455731
170752,0.00455731
171008,0.00455731
171264,0.00455731
171520,0.00455731
171776,0.004557210000000001
172032,0.004557210000000001
172288,0.004557210000000001
172544,0.004557110000000001
172800,0.004557110000000001
173056,0.004557110000000001
173312,0.00455701
173568,0.00455701
173824,0.00455701
174080,0.004556910000000001
174336,0.004556910000000001
174592,0.004556910000000001
174848,0.004556910000000001
175104,0.004556910000000001
175360,0.004556910000000001
175616,0.004556910000000001
175872,0.004556910000000001
176128,0.004556910000000001
176384,0.004556910000000001
176640,0.004556910000000001
176896,0.004556910000000001
177152,0.004556910000000001
177408,0.004556910000000001
177664,0.004556910000000001
177920,0.004556910000000001
178176,0.004556910000000001
178432,0.004556910000000001
178688,0.004556910000000001
178944,0.004556910000000001
179200,0.004556910000000001
179456,0.004556910000000001
179712,0.004556910000000001
179968,0.004556910000000001
180224,0.004556910000000001
180480,0.004556810000000001
180736,0.004556810000000001
180992,0.004556810000000001
181248,0.004556810000000001
181504,0.004556810000000001
181760,0.004556810000000001
182016,0.00455671
182272,0.00455671
182528,0.00455671
182784,0.00455671
183040,0.00455671
183296,0.00455671
183552,0.00455671
183808,0.00455671
184064,0.00455671
184320,0.00455671
184576,0.00455671
184832,0.00455671
185088,0.00455671
185344,0.00455671
185600,0.00455671
185856,0.00455671
186112,0.00455671
186368,0.00455671
186624,0.00455671
186880,0.00455671
187136,0.00455671
187392,0.00455671
187648,0.00455671
187904,0.00455671
188160,0.00455671
188416,0.00455671
188672,0.00455671
188928,0.00455671
189184,0.00455671
189440,0.00455671
189696,0.00455671
189952,0.004556610000000001
190208,0.004556610000000001
190464,0.004556610000000001
190720,0.004556610000000001
190976,0.0045565100000000015
191232,0.0045565100000000015
191488,0.0045565100000000015
191744,0.0045565100000000015
192000,0.0045565100000000015
192256,0.00455641
192512,0.00455641
192768,0.00455641
193024,0.00455641
193280,0.00455641
193536,0.00455641
193792,0.00455641
194048,0.00455641
194304,0.00455641
194560,0.00455641
194816,0.00455641
195072,0.00455641
195328,0.00455641
195584,0.00455641
195840,0.00455641
196096,0.00455641
196352,0.00455641
196608,0.00455641
196864,0.00455641
197120,0.00455641
197376,0.00455641
197632,0.00455641
197888,0.00455641
198144,0.00455641
198400,0.004556310000000001
198656,0.004556310000000001
198912,0.004556310000000001
199168,0.0045562100000000015
199424,0.0045562100000000015
199680,0.0045562100000000015
199936,0.0045562100000000015
200192,0.00455611
200448,0.00455611
200704,0.00455611
200960,0.00455611
201216,0.00455611
201472,0.00455611
201728,0.00455611
201984,0.00455611
202240,0.00455611
202496,0.00455611
202752,0.00455611
203008,0.00455611
203264,0.00455611
203520,0.00455611
203776,0.00455611
204032,0.00455611
204288,0.00455611
204544,0.00455611
204800,0.00455611
205056,0.00455611
205312,0.00455611
205568,0.00455611
205824,0.00455611
206080,0.00455611
206336,0.00455611
206592,0.00455611
206848,0.00455611
207104,0.00455611
207360,0.00455611
207616,0.00455611
207872,0.00455611
208128,0.00455611
208384,0.00455611
208640,0.00455611
208896,0.00455611
209152,0.004556739999999998
209408,0.004556739999999998
209664,0.004556739999999998
209920,0.004556739999999998
210176,0.004556739999999998
210432,0.004556739999999998
210688,0.004556739999999998
210944,0.004556739999999998
211200,0.004556739999999998
211456,0.004556739999999998
211712,0.004556739999999998
211968,0.004556739999999998
212224,0.004556739999999998
212480,0.004556739999999998
212736,0.004556739999999998
212992,0.004556739999999998
213248,0.004556739999999998
213504,0.004556739999999998
213760,0.004556739999999998
214016,0.004556739999999998
214272,0.004556739999999998
214528,0.004556739999999998
214784,0.004556739999999998
215040,0.004556739999999998
215296,0.004556739999999998
215552,0.004556739999999998
215808,0.004556739999999998
216064,0.004556739999999998
216320,0.004556739999999998
216576,0.004556739999999998
216832,0.004556739999999998
217088,0.004556739999999998
217344,0.004556739999999998
217600,0.004556739999999998
217856,0.004556739999999998
218112,0.004556739999999998
218368,0.004556739999999998
218624,0.004556739999999998
218880,0.004556739999999998
219136,0.004556739999999998
219392,0.004556739999999998
219648,0.004556739999999998
219904,0.004556739999999998
220160,0.004556639999999999
220416,0.0045565399999999995
220672,0.0045565399999999995
220928,0.0045565399999999995
221184,0.0045565399999999995
221440,0.0045565399999999995
221696,0.0045565399999999995
221952,0.0045565399999999995
222208,0.0045565399999999995
222464,0.0045565399999999995
222720,0.0045565399999999995
222976,0.0045565399999999995
223232,0.0045565399999999995
223488,0.0045565399999999995
223744,0.0045565399999999995
224000,0.0045565399999999995
224256,0.0045565399999999995
224512,0.0045565399999999995
224768,0.0045565399999999995
225024,0.0045565399999999995
225280,0.0045565399999999995
225536,0.0045565399999999995
225792,0.0045565399999999995
226048,0.0045565399999999995
226304,0.0045565399999999995
226560,0.0045565399999999995
226816,0.0045565399999999995
227072,0.0045565399999999995
227328,0.004556439999999998
227584,0.004556439999999998
227840,0.004556439999999998
228096,0.004556439999999998
228352,0.004556439999999998
228608,0.004556439999999998
228864,0.004556439999999998
229120,0.004556339999999999
229376,0.004556339999999999
229632,0.004556339999999999
229888,0.004556339999999999
230144,0.004556339999999999
230400,0.004556339999999999
230656,0.004556339999999999
230912,0.004556339999999999
231168,0.004556339999999999
231424,0.004556339999999999
231680,0.004556339999999999
231936,0.004556339999999999
232192,0.004556339999999999
232448,0.004556339999999999
232704,0.004556339999999999
232960,0.004556339999999999
233216,0.004556339999999999
233472,0.004556339999999999
233728,0.004556339999999999
233984,0.004556339999999999
234240,0.004556339999999999
234496,0.004556339999999999
234752,0.004556339999999999
235008,0.004556339999999999
235264,0.004556339999999999
235520,0.004556339999999999
235776,0.004556339999999999
236032,0.004556339999999999
236288,0.004556239999999998
236544,0.004556239999999998
236800,0.0045561399999999985
237056,0.0045561399999999985
237312,0.0045561399999999985
237568,0.004556039999999999
237824,0.004556039999999999
238080,0.004556039999999999
238336,0.004556039999999999
238592,0.004556039999999999
238848,0.004556039999999999
239104,0.004556039999999999
239360,0.004556039999999999
239616,0.004556039999999999
239872,0.004556039999999999
240128,0.004556039999999999
240384,0.004556039999999999
240640,0.004556039999999999
240896,0.004556039999999999
241152,0.004556039999999999
241408,0.004556039999999999
241664,0.004556039999999999
241920,0.004556039999999999
242176,0.004556039999999999
242432,0.004556039999999999
242688,0.004556039999999999
242944,0.004556039999999999
243200,0.004556039999999999
243456,0.004556039999999999
243712,0.004556039999999999
243968,0.004556039999999999
244224,0.004556039999999999
244480,0.004556039999999999
244736,0.004556039999999999
244992,0.004556039999999999
245248,0.004556039999999999
245504,0.004556039999999999
245760,0.004555939999999998
246016,0.004555939999999998
246272,0.004555939999999998
246528,0.0045558399999999985
246784,0.0045558399999999985
247040,0.004555739999999999
247296,0.004555739999999999
247552,0.004555739999999999
247808,0.004555639999999998
248064,0.004555639999999998
248320,0.004555639999999998
248576,0.004555639999999998
248832,0.004555639999999998
249088,0.004555639999999998
249344,0.004555639999999998
249600,0.004555639999999998
249856,0.004555639999999998
250112,0.004555639999999998
250368,0.004555639999999998
250624,0.004555639999999998
250880,0.004555639999999998
251136,0.004555639999999998
251392,0.004555639999999998
251648,0.004555639999999998
251904,0.004555639999999998
252160,0.004555639999999998
252416,0.004555639999999998
252672,0.004555639999999998
252928,0.004555639999999998
253184,0.004555639999999998
253440,0.004555639999999998
253696,0.004555639999999998
253952,0.004555639999999998
254208,0.0045555399999999985
254464,0.0045555399999999985
254720,0.0045555399999999985
254976,0.0045555399999999985
255232,0.0045555399999999985
255488,0.0045555399999999985
255744,0.004555439999999999
256000,0.004555439999999999
256256,0.004555339999999998
256512,0.004555339999999998
256768,0.004555339999999998
257024,0.004555339999999998
257280,0.004555339999999998
257536,0.004555339999999998
257792,0.004555339999999998
258048,0.004555339999999998
258304,0.004555339999999998
258560,0.004555339999999998
258816,0.004555339999999998
259072,0.004555339999999998
259328,0.004555339999999998
259584,0.004555339999999998
259840,0.004555339999999998
260096,0.004555339999999998
260352,0.004555339999999998
260608,0.004555339999999998
260864,0.004555339999999998
261120,0.004555339999999998
