cache_lines,MRC
256,0.0144243
512,0.014421851724576443
768,0.014421065858391105
1024,0.014420914730278539
1280,0.014420793827788488
1536,0.009584784902572096
1792,0.009584784902572096
2048,0.009584754676949584
2304,0.009563354936210362
2560,0.00955174829716536
2816,0.00955174829716536
3072,0.00955174829716536
3328,0.00955032769290725
3584,0.009549511601099396
3840,0.009549511601099396
4096,0.009549511601099396
4352,0.009548907088649135
4608,0.009548907088649135
4864,0.009548907088649135
5120,0.009548483929933954
5376,0.009548483929933954
5632,0.009548483929933954
5888,0.009546730843828198
6144,0.009532313221889487
6400,0.009521129741559668
6656,0.009509402200024615
6912,0.00950226895311154
7168,0.00949746307913197
7424,0.009492747882019936
7680,0.009487821105550315
7936,0.009482833877835665
8192,0.009477907101366043
8448,0.00947267806867129
8704,0.009467358359108995
8960,0.009462552485129425
9216,0.0094580790929975
9472,0.009452940737170283
9728,0.009447741930098043
9984,0.009442815153628421
10240,0.0094378883771588
10496,0.009432659344464044
10752,0.009428034824219552
11008,0.009422956919637362
11264,0.009417879015055176
11520,0.009412559305492884
11776,0.009407541852155721
12032,0.009402282593838455
12288,0.00939753717110391
12544,0.00939254994338926
12800,0.009387109331336916
13056,0.009382001201132216
13312,0.009376893070927515
13568,0.009371543135742708
13824,0.0093666465848956
14080,0.009361538454690899
14336,0.009356430324486197
14592,0.009350929261188827
14848,0.009345730454116585
15104,0.00934056187266686
15360,0.00933487945563441
15616,0.009330043356032325
15872,0.009325056128317678
16128,0.00931958529064282
16384,0.009314779416663248
16640,0.009309550383968496
16896,0.00930410977191615
17152,0.009297309006850722
17408,0.009266388195019896
17664,0.009261128936702629
17920,0.009255658099027772
18176,0.009250308163842967
18432,0.009244928003035648
18688,0.009239396714115767
18944,0.009234167681421011
19200,0.009229120002461337
19456,0.009223951421011609
19712,0.009218933967674448
19968,0.009213644483734667
20224,0.009208234097304837
20480,0.009203065515855108
20736,0.009197987611272922
20992,0.009192546999220577
21248,0.009187166838413259
21504,0.00918208893383107
21760,0.009177101706116422
22016,0.009171751770931616
22272,0.009166401835746811
22528,0.009161565736144728
22784,0.009156397154695
23040,0.009151289024490299
23296,0.009146150668663085
23552,0.009140921635968332
23808,0.009135541475161013
24064,0.009130433344956312
24320,0.009125536794109202
24576,0.009120126407679372
24832,0.009114836923739591
25088,0.00910981947040243
25344,0.009104318407105058
25600,0.009099210276900357
25856,0.009093618536735447
26112,0.009088177924683104
26368,0.009083190696968453
26624,0.009078022115518728
26880,0.00907276285720146
27136,0.009067594275751734
27392,0.009062274566189441
27648,0.009056894405382123
27904,0.009051332890839727
28160,0.009046587468105181
28416,0.009041237532920377
28672,0.009036099177093162
28928,0.009030567888173278
29184,0.009025338855478526
29440,0.009019626212823564
29696,0.009014276277638757
29952,0.0090088054399639
30208,0.009003455504779096
30464,0.008998256697706855
30720,0.008993178793124668
30976,0.008987738181072322
31232,0.008982267343397465
31488,0.008976917408212659
31744,0.008971476796160316
32000,0.008966096635352997
32256,0.008960958279525782
32512,0.008955668795586003
32768,0.008950258409156173
33024,0.008944908473971367
33280,0.008939256282561432
33536,0.008934178377979243
33792,0.00892916092464208
34048,0.008923992343192355
34304,0.008918430828649957
34560,0.008912990216597612
34816,0.008907912312015426
35072,0.008902441474340567
35328,0.008897121764778276
35584,0.008891862506461009
35840,0.00888587783320343
36096,0.008880467446773599
36352,0.008875238414078846
36608,0.00886958622266891
36864,0.00886429673872913
37120,0.008859279285391968
37376,0.008853596868359521
37632,0.00884848873815482
37888,0.008843350382327603
38144,0.008837758642162696
38400,0.008832438932600403
38656,0.008826968094925544
38912,0.008821436806005662
39168,0.008815996193953318
39424,0.008810797386881078
39680,0.008805175421093655
39936,0.008799704583418798
40192,0.00879444532510153
40448,0.008789367420519343
40704,0.008784017485334538
40960,0.008778607098904705
41216,0.008773287389342414
41472,0.008767725874800018
41728,0.00876246661648275
41984,0.008756784199450304
42240,0.008751252910530418
42496,0.008746114554703205
42752,0.008740945973253478
43008,0.008735324007466055
43264,0.00872979271854617
43520,0.008724261429626288
43776,0.008719032396931534
44032,0.008713924266726833
44288,0.008708665008409567
44544,0.008703315073224763
44800,0.00869781400992739
45056,0.008692584977232638
45312,0.008686902560200188
45568,0.008681341045657794
45824,0.008675930659227962
46080,0.008670097114082948
46336,0.00866471695327563
46592,0.008659246115600771
46848,0.008653261442343194
47104,0.008647669702178284
47360,0.008642108187635887
47616,0.008636153740000822
47872,0.008630592225458426
48128,0.008625272515896131
48384,0.008619831903843788
48640,0.008614693548016573
48896,0.008609222710341716
49152,0.008603600744554293
49408,0.008597797425031792
49664,0.008592145233621857
49920,0.008586493042211922
50176,0.008580659497066908
50432,0.008574916628789434
50688,0.008569234211756985
50944,0.008563823825327152
51200,0.008558352987652295
51456,0.00855248921688477
51712,0.008546927702342373
51968,0.00854139641342249
52224,0.008535683770767528
52480,0.00852982
52736,0.008524603643066737
52992,0.008519242387329772
53248,0.008513823172071328
53504,0.008508345997291401
53760,0.008502694943947033
54016,0.008497391647731549
54272,0.008492204270559026
54528,0.008486958933865023
54784,0.008481162981716953
55040,0.008475772746219247
55296,0.008470150672635618
55552,0.008464731457377174
55808,0.008459341221879468
56064,0.008453632209013618
56320,0.008448531771123317
56576,0.00844296765706117
56832,0.008437519462041984
57088,0.008431549631329471
57344,0.00842644919343917
57600,0.008420914059137762
57856,0.00841558178316154
58112,0.00840995970957791
58368,0.008404453555037245
58624,0.008398483724324732
58880,0.008392832670980363
59136,0.008387123658114514
59392,0.00838187832142051
59648,0.008376748903769469
59904,0.00837115580994658
60160,0.008365707614927395
60416,0.008359766763975623
60672,0.008354231629674216
60928,0.008348783434655031
61184,0.008343364219396585
61440,0.008337713166052217
61696,0.008332062112707848
61952,0.008326497998645701
62208,0.00832064408697615
62464,0.008315224871717704
62720,0.00830986361598074
62976,0.008303922765028967
63232,0.00829830069144534
63488,0.00829259167857949
63744,0.008287056544278084
64000,0.008281463450455197
64256,0.008276131174478972
64512,0.008270480121134604
64768,0.008264800088029494
65024,0.008259062095402905
65280,0.008253440021819276
65536,0.00824784692799639
65792,0.008242369753216464
66048,0.008237037477240238
66304,0.008231502342938832
66560,0.008226054147919645
66816,0.008220374114814537
67072,0.00821483898051313
67328,0.00820904302836506
67584,0.008203652792867354
67840,0.008197972759762246
68096,0.008192234767135657
68352,0.00818681555187721
68608,0.008181106539011362
68864,0.008175513445188475
69120,0.00817012320969077
69376,0.008164617055150102
69632,0.008158821103002032
69888,0.008153228009179144
70144,0.008147432057031074
70400,0.008141462226318563
70656,0.008135782193213453
70912,0.008129957261304643
71168,0.008124335187721014
71424,0.008118771073658868
71680,0.0081132649191182
71936,0.008107787744338275
72192,0.008102194650515388
72448,0.008096282779324357
72704,0.008090573766458506
72960,0.008084632915506734
73216,0.008079068801444588
73472,0.0080734757076217
73728,0.008067940573320293
73984,0.008062434418779626
74240,0.008056551527349335
74496,0.008050755575201265
74752,0.008044959623053195
75008,0.008039424488751787
75264,0.008033686496125198
75520,0.00802794850349861
75776,0.00802215255135054
76032,0.008015892923030623
76288,0.00800986513279663
76544,0.008003866322323378
76800,0.007997606694003461
77056,0.007991868701376872
77312,0.007986304587314724
77568,0.007980537614927395
77824,0.007974886561583027
78080,0.007969119589195698
78336,0.00796364241441577
78592,0.007958049320592882
78848,0.00795202153035889
79104,0.007946080679407119
79360,0.007940661464148673
79616,0.007934952451282824
79872,0.007929156499134754
80128,0.00792321564818298
80384,0.00791730377699195
80640,0.007911565784365361
80896,0.00790576983221729
81152,0.007899568163418856
81408,0.007893685271988565
81664,0.007887686461515312
81920,0.00788177459032428
82176,0.007876094557219172
82432,0.007869805949138515
82688,0.00786351734105786
82944,0.00785777934843127
83200,0.0078519833962832
83456,0.007845984585809946
83712,0.007840072714618916
83968,0.007834102883906404
84224,0.007828191012715372
84480,0.00782222118200286
84736,0.007816135432247386
84992,0.007810687237228201
85248,0.00780489128508013
85504,0.007798863494846137
85760,0.007793038562937327
86016,0.007786865873899632
86272,0.00778101196223008
86528,0.00777512907079979
86784,0.007769304138890979
87040,0.0077635371665036495
87296,0.007757335497705215
87552,0.0077515975050786255
87808,0.007745511755323151
88064,0.007739252127003236
88320,0.007733137397487022
88576,0.007727167566774509
88832,0.007720994877736815
89088,0.007714880148220601
89344,0.007708823378225867
89600,0.007702737628470394
89856,0.0076965649394326995
90112,0.007690740007523888
90368,0.0076848860958543385
90624,0.007678771366338125
90880,0.007672424798735988
91136,0.007666454968023475
91392,0.0076603402385072615
91648,0.00765442836731623
91904,0.007648603435407419
92160,0.007642749523737868
92416,0.007636663773982395
92672,0.007630549044466181
92928,0.007624318395907005
93184,0.0076182326461515315
93440,0.007612465673764202
93696,0.00760649584305169
93952,0.007600699890903619
94208,0.007594845979234069
94464,0.007588760229478595
94720,0.007582935297569785
94976,0.00757673362877135
95232,0.0075708507373410585
95488,0.007564707028064104
95744,0.0075584473997441885
96000,0.007552564508313897
96256,0.007547232232337673
96512,0.007546855495448047
96768,0.007546710596644347
97024,0.007546536718079904
97280,0.007546391819276203
97536,0.007546275900233241
97792,0.007546102021668799
98048,0.007545986102625837
98304,0.007545899163343616
98560,0.007545783244300655
98816,0.007545203649085848
99072,0.006300059249115943
99328,0.006221784915356256
99584,0.006018173116394552
99840,0.005547773640057181
100096,0.005513258745015424
100352,0.005476483428635918
100608,0.005476251590549996
100864,0.0054759038334211115
101120,0.00547575893461741
101376,0.005475700975095929
101632,0.005475614035813708
101888,0.005475527096531487
102144,0.0054754401572492655
102400,0.005475382197727785
102656,0.005475295258445563
102912,0.005475237298924083
103168,0.0054739911692122485
103424,0.005468282156346399
103680,0.005462225386351665
103936,0.005458834754345045
104192,0.005455328203295463
104448,0.005451966551049582
104704,0.00544846
104960,0.005444808257651299
105216,0.005441304960113523
105472,0.0054375047729539
105728,0.005433674896832093
105984,0.00542922155250441
106240,0.005425361987420419
106496,0.0054215321112986116
106752,0.005417702235176804
107008,0.005413427024622229
107264,0.005409864349160082
107520,0.005405915717189538
107776,0.005402620242387052
108032,0.0053991466338114595
108288,0.0053957324031602355
108544,0.005392021282887166
108800,0.005388666430160312
109056,0.0053852225105469045
109312,0.005381897346782235
109568,0.005378542494055381
109824,0.005375068885479788
110080,0.005371565587942011
110336,0.00536791384559331
110592,0.005364380859093349
110848,0.00536061036089591
111104,0.005356839862698474
111360,0.005353247498274143
111616,0.00534944731111452
111872,0.005345825257728004
112128,0.005342351649152412
112384,0.005338818662652451
112640,0.005335107542379381
112896,0.0053312479772953895
113152,0.005327685301833244
113408,0.005324389827030759
113664,0.005320738084682058
113920,0.005317294165068651
114176,0.0053135830447955815
114432,0.005309871924522512
114688,0.005306249871135997
114944,0.005302598128787297
115200,0.005298827630589859
115456,0.005295086821354606
115712,0.005291524145892459
115968,0.005287753647695021
116224,0.0052840425274219525
116480,0.005280123584413592
116736,0.005276412464140523
116992,0.005272760721791823
117248,0.005269019912556569
117504,0.005265308792283501
117760,0.00526171642785917
118016,0.005258094374472654
118272,0.005254323876275216
118528,0.005250494000153409
118784,0.005246753190918156
119040,0.005243309271304748
119296,0.005239360639334202
119552,0.005235887030758609
119808,0.0052320571546368025
120064,0.005228138211628442
120320,0.005224367713431004
120576,0.0052208050379688575
120832,0.005217242362506712
121088,0.0052136499980823805
121344,0.005210087322620234
121600,0.005206198068574058
121856,0.0052023978814144355
122112,0.005198508627368259
122368,0.005194827196057374
122624,0.005191056697859937
122880,0.0051873455775868675
123136,0.005183693835238167
123392,0.005179834270154176
123648,0.0051760340829945534
123904,0.005172382340645853
124160,0.005168700909334969
124416,0.0051650194780240855
124672,0.005161456802561939
124928,0.005157537859553579
125184,0.005153648605507401
125440,0.005149640595612487
125696,0.005145840408452865
125952,0.005142366799877272
126208,0.005138358789982357
126464,0.0051347367365958425
126720,0.005130995927360589
126976,0.0051270176064278595
127232,0.005123068974457314
127488,0.005119209409373322
127744,0.005115320155327146
128000,0.005111460590243154
128256,0.005107541647234793
128512,0.005103622704226433
128768,0.005099703761218071
129024,0.005095755129247525
129280,0.005091954942087903
129536,0.005088065688041727
129792,0.005084087367108997
130048,0.0050801387351384515
130304,0.005076457303827568
130560,0.005072389916008284
130816,0.005068619417810846
131072,0.005064759852726855
131328,0.005060929976605047
131584,0.005056862588785763
131840,0.0050531514685126944
132096,0.005049618482012732
132352,0.0050458182948531095
132608,0.005041869662882565
132864,0.005037980408836388
133120,0.0050341802216767656
133376,0.005030350345554958
133632,0.005026431402546598
133888,0.005022512459538237
134144,0.00501868258341643
134400,0.005014823018332439
134656,0.005010933764286261
134912,0.005007282021937562
135168,0.0050032740120426475
135424,0.004999562891769579
135680,0.004995703326685586
135936,0.004991962517450333
136192,0.004988102952366342
136448,0.0049841840093579805
136704,0.004980294755311805
136960,0.004976257056454705
137216,0.0049722490465597905
137472,0.004968211347702692
137728,0.00496408458195904
137984,0.004959957816215386
138240,0.004955831050471734
138496,0.0049517933516146345
138752,0.004947874408606274
139008,0.004943955465597913
139264,0.004939977144665183
139520,0.004935998823732453
139776,0.0049321986365728305
140032,0.004928309382526655
140288,0.004924331061593925
140544,0.004919907406228426
140800,0.0049157212625604045
141056,0.004911921075400782
141312,0.004907883376543683
141568,0.004903667543913477
141824,0.0048995407781698246
142080,0.004895473390350541
142336,0.0048915247583799955
142592,0.00488757612640945
142848,0.0048835681165145355
143104,0.004879708551430544
143360,0.0048756708525734445
143616,0.004871544086829793
143872,0.004867565765897063
144128,0.004863587444964333
144384,0.004859490368182864
144640,0.004855512047250134
144896,0.004851533726317404
145152,0.004847466338498121
145408,0.0048435177065275755
145664,0.004839687830405768
145920,0.004835828265321777
146176,0.0048318202554268625
146432,0.004827841934494132
146688,0.0048239229914857715
146944,0.0048199446705530415
147200,0.004815936660658127
147456,0.0048119286507632125
147712,0.004807772196057375
147968,0.004803734497200276
148224,0.004799607731456624
148480,0.004795421587788602
148736,0.004791146377234027
148992,0.0047869305446038195
149248,0.004782833467822351
149504,0.0047787067020787
149760,0.004774817448032523
150016,0.004770898505024162
150272,0.004766831117204879
150528,0.004763119996931809
150784,0.004759290120810002
151040,0.004755193044028534
151296,0.004750947522436143
151552,0.004746672311881568
151808,0.004742604924062284
152064,0.004738567225205185
152320,0.004734559215310271
152576,0.004730491827490987
152832,0.004726454128633888
153088,0.004722297673928051
153344,0.004718081841297845
153600,0.004713687874894531
153856,0.004709412664339956
154112,0.004705107764823195
154368,0.004700743487382066
154624,0.004696646410600598
154880,0.004692727467592237
155136,0.004688511634962031
155392,0.004683256688655366
155648,0.004676546983201657
155904,0.004674409377924369
156160,0.004674379688962185
156416,0.00467435
156672,0.00467435
156928,0.00467435
157184,0.00467435
157440,0.00467435
157696,0.004660748461538461
157952,0.004618432564102572
158208,0.004600297179487188
158464,0.004586695641025623
158720,0.004586695641025623
158976,0.004586695641025623
159232,0.004586695641025623
159488,0.004586695641025623
159744,0.004586695641025623
160000,0.004586695641025623
160256,0.004586695641025623
160512,0.004586695641025623
160768,0.004586695641025623
161024,0.004586695641025623
161280,0.004586695641025623
161536,0.004586695641025623
161792,0.004586695641025623
162048,0.004586695641025623
162304,0.00458518435897435
162560,0.00458518435897435
162816,0.00458518435897435
163072,0.00458518435897435
163328,0.00458518435897435
163584,0.00458518435897435
163840,0.00458518435897435
164096,0.004583673076923077
164352,0.004583673076923077
164608,0.004582161794871777
164864,0.004582161794871777
165120,0.004580650512820504
165376,0.004580650512820504
165632,0.004580650512820504
165888,0.00457913923076923
166144,0.00457913923076923
166400,0.00457913923076923
166656,0.004577627948717931
166912,0.004577627948717931
167168,0.004577627948717931
167424,0.004577627948717931
167680,0.004577627948717931
167936,0.004577627948717931
168192,0.004577627948717931
168448,0.004577627948717931
168704,0.004577627948717931
168960,0.004577627948717931
169216,0.004577627948717931
169472,0.004577627948717931
169728,0.004577627948717931
169984,0.004577627948717931
170240,0.004577627948717931
170496,0.004577627948717931
170752,0.004577627948717931
171008,0.004577627948717931
171264,0.004577627948717931
171520,0.004577627948717931
171776,0.0045761166666666575
172032,0.0045746053846153845
172288,0.0045746053846153845
172544,0.0045746053846153845
172800,0.0045730941025640855
173056,0.004571582820512812
173312,0.004571582820512812
173568,0.004570071538461539
173824,0.004570071538461539
174080,0.004570071538461539
174336,0.004570071538461539
174592,0.004570071538461539
174848,0.004570071538461539
175104,0.004570071538461539
175360,0.004570071538461539
175616,0.004570071538461539
175872,0.004570071538461539
176128,0.004570071538461539
176384,0.004570071538461539
176640,0.004570071538461539
176896,0.004570071538461539
177152,0.004570071538461539
177408,0.004570071538461539
177664,0.004570071538461539
177920,0.004570071538461539
178176,0.004570071538461539
178432,0.004570071538461539
178688,0.004570071538461539
178944,0.004570071538461539
179200,0.004570071538461539
179456,0.004570071538461539
179712,0.004570071538461539
179968,0.004570071538461539
180224,0.004568560256410239
180480,0.004568560256410239
180736,0.004568560256410239
180992,0.004568560256410239
181248,0.004567048974358966
181504,0.004567048974358966
181760,0.004565537692307693
182016,0.004565537692307693
182272,0.004565537692307693
182528,0.004564026410256393
182784,0.004564026410256393
183040,0.004564026410256393
183296,0.004564026410256393
183552,0.004564026410256393
183808,0.004564026410256393
184064,0.004564026410256393
184320,0.004564026410256393
184576,0.004564026410256393
184832,0.004564026410256393
185088,0.004564026410256393
185344,0.004564026410256393
185600,0.004564026410256393
185856,0.004564026410256393
186112,0.004564026410256393
186368,0.004564026410256393
186624,0.004564026410256393
186880,0.004564026410256393
187136,0.004564026410256393
187392,0.004564026410256393
187648,0.00456251512820512
187904,0.00456251512820512
188160,0.00456251512820512
188416,0.004561003846153846
188672,0.004561003846153846
188928,0.004561003846153846
189184,0.004559492564102547
189440,0.004559492564102547
189696,0.004559492564102547
189952,0.004557981282051273
190208,0.004557981282051273
190464,0.004557981282051273
190720,0.004557981282051273
190976,0.004557981282051273
191232,0.004557981282051273
191488,0.004557981282051273
191744,0.004557981282051273
192000,0.004557981282051273
192256,0.004557981282051273
192512,0.004557981282051273
192768,0.004557981282051273
193024,0.004557981282051273
193280,0.004557981282051273
193536,0.004557981282051273
193792,0.004557981282051273
194048,0.004557981282051273
194304,0.004557981282051273
194560,0.004557981282051273
194816,0.004557981282051273
195072,0.004557981282051273
195328,0.004557981282051273
195584,0.004557981282051273
195840,0.004557981282051273
196096,0.004557981282051273
196352,0.004557981282051273
196608,0.004557981282051273
196864,0.00455647
197120,0.00455647
197376,0.00455647
197632,0.00455647
197888,0.00455647
198144,0.00455647
198400,0.00455647
198656,0.00455647
198912,0.00455647
199168,0.00455647
199424,0.00455647
199680,0.00455647
199936,0.00455647
200192,0.00455647
200448,0.00455647
200704,0.00455647
200960,0.00455647
201216,0.00455647
201472,0.00455647
201728,0.00455647
201984,0.00455647
202240,0.00455647
202496,0.00455647
202752,0.00455647
203008,0.00455647
203264,0.00455647
203520,0.00455647
203776,0.00455647
204032,0.00455647
204288,0.00455647
204544,0.00455647
204800,0.00455647
205056,0.00455647
205312,0.00455647
205568,0.00455647
205824,0.00455647
206080,0.00455647
206336,0.00455647
206592,0.00455647
206848,0.00455647
207104,0.00455647
207360,0.00455647
207616,0.00455647
207872,0.00455647
208128,0.00455647
208384,0.00455647
208640,0.00455647
208896,0.00455647
209152,0.00455647
209408,0.00455647
209664,0.00455647
209920,0.00455647
210176,0.00455647
210432,0.00455647
210688,0.004556456756756757
210944,0.004556456756756757
211200,0.004556443513513513
211456,0.004556364054054054
211712,0.004556244864864865
211968,0.0045562051351351355
212224,0.004556191891891892
212480,0.004556191891891892
212736,0.004556191891891892
212992,0.004556191891891892
213248,0.004556191891891892
213504,0.004556191891891892
213760,0.004556191891891892
214016,0.004556191891891892
214272,0.004556191891891892
214528,0.004556191891891892
214784,0.004556191891891892
215040,0.004556191891891892
215296,0.004556191891891892
215552,0.004556191891891892
215808,0.004556191891891892
216064,0.004556191891891892
216320,0.004556191891891892
216576,0.004556191891891892
216832,0.004556191891891892
217088,0.004556191891891892
217344,0.004556191891891892
217600,0.004556191891891892
217856,0.004556191891891892
218112,0.004556178648648649
218368,0.004556178648648649
218624,0.0045561654054054055
218880,0.0045561654054054055
219136,0.0045561654054054055
219392,0.0045561654054054055
219648,0.004556152162162162
219904,0.004556152162162162
220160,0.004556138918918919
220416,0.004556138918918919
220672,0.004556138918918919
220928,0.004556138918918919
221184,0.004556138918918919
221440,0.004556138918918919
221696,0.004556138918918919
221952,0.004556138918918919
222208,0.004556138918918919
222464,0.004556138918918919
222720,0.004556138918918919
222976,0.004556138918918919
223232,0.004556138918918919
223488,0.004556138918918919
223744,0.004556138918918919
224000,0.004556138918918919
224256,0.004556138918918919
224512,0.004556138918918919
224768,0.004556138918918919
225024,0.004556138918918919
225280,0.004556125675675676
225536,0.004556125675675676
225792,0.004556125675675676
226048,0.004556112432432433
226304,0.004556112432432433
226560,0.004556112432432433
226816,0.00455609918918919
227072,0.004556085945945946
227328,0.004556085945945946
227584,0.004556085945945946
227840,0.004556085945945946
228096,0.004556085945945946
228352,0.004556085945945946
228608,0.004556085945945946
228864,0.004556085945945946
229120,0.004556085945945946
229376,0.004556085945945946
229632,0.004556085945945946
229888,0.004556085945945946
230144,0.004556085945945946
230400,0.004556085945945946
230656,0.004556085945945946
230912,0.004556085945945946
231168,0.004556085945945946
231424,0.004556085945945946
231680,0.004556085945945946
231936,0.004556085945945946
232192,0.004556085945945946
232448,0.004556085945945946
232704,0.004556085945945946
232960,0.004556085945945946
233216,0.004556085945945946
233472,0.004556085945945946
233728,0.004556072702702703
233984,0.004556072702702703
234240,0.0045560594594594595
234496,0.0045560594594594595
234752,0.0045560594594594595
235008,0.0045560594594594595
235264,0.004556046216216216
235520,0.004556046216216216
235776,0.004556046216216216
236032,0.004556032972972973
236288,0.004556032972972973
236544,0.004556032972972973
236800,0.004556032972972973
237056,0.004556032972972973
237312,0.004556032972972973
237568,0.004556032972972973
237824,0.004556032972972973
238080,0.004556032972972973
238336,0.004556032972972973
238592,0.004556032972972973
238848,0.004556032972972973
239104,0.004556032972972973
239360,0.004556032972972973
239616,0.004556032972972973
239872,0.004556032972972973
240128,0.004556032972972973
240384,0.004556032972972973
240640,0.004556032972972973
240896,0.004556032972972973
241152,0.004556032972972973
241408,0.004556032972972973
241664,0.00455601972972973
241920,0.00455601972972973
242176,0.004556006486486487
242432,0.004556006486486487
242688,0.004556006486486487
242944,0.004555993243243244
243200,0.004555993243243244
243456,0.004555993243243244
243712,0.004555993243243244
243968,0.004555993243243244
244224,0.004555993243243244
244480,0.004555993243243244
244736,0.004555993243243244
244992,0.004555993243243244
245248,0.004555993243243244
245504,0.004555993243243244
245760,0.004555993243243244
246016,0.004555993243243244
246272,0.004555993243243244
246528,0.004555993243243244
246784,0.004555993243243244
247040,0.004555993243243244
247296,0.004555993243243244
247552,0.004555993243243244
247808,0.004555993243243244
248064,0.004555993243243244
248320,0.004555993243243244
248576,0.004555993243243244
248832,0.004555993243243244
249088,0.004555993243243244
249344,0.004555993243243244
249600,0.004555993243243244
249856,0.004555993243243244
250112,0.004555993243243244
250368,0.004555993243243244
250624,0.004555993243243244
250880,0.00455598
251136,0.00455598
251392,0.00455598
251648,0.00455598
251904,0.00455598
252160,0.00455598
252416,0.00455598
252672,0.00455598
252928,0.00455598
253184,0.00455598
253440,0.00455598
253696,0.00455598
253952,0.00455598
254208,0.00455598
254464,0.00455598
254720,0.00455598
254976,0.00455598
255232,0.00455598
255488,0.00455598
255744,0.00455598
256000,0.00455598
256256,0.00455598
256512,0.00455598
256768,0.00455598
257024,0.00455598
257280,0.00455598
257536,0.00455598
257792,0.00455598
258048,0.00455598
258304,0.00455598
258560,0.00455598
258816,0.00455598
259072,0.00455598
259328,0.00455598
259584,0.00455598
259840,0.00455598
260096,0.00455598
260352,0.00455598
260608,0.00455598
260864,0.00455598
261120,0.00455598
