cache_lines,MRC
256,0.01887558
512,0.01887488
768,0.018874679999999998
1024,0.018874679999999998
1280,0.01887458
1536,0.00989588
1792,0.00989578
2048,0.00989578
2304,0.00989578
2560,0.009894779999999999
2816,0.009894779999999999
3072,0.009894779999999999
3328,0.009894779999999999
3584,0.009894779999999999
3840,0.009894779999999999
4096,0.009889779999999997
4352,0.009889779999999997
4608,0.009889779999999997
4864,0.009889779999999997
5120,0.009889779999999997
5376,0.009889779999999997
5632,0.009889779999999997
5888,0.009889779999999997
6144,0.009889779999999997
6400,0.009889779999999997
6656,0.009889779999999997
6912,0.009871079999999997
7168,0.00984958
7424,0.00982798
7680,0.00980638
7936,0.00979708
8192,0.00978828
8448,0.009779279999999998
8704,0.00976968
8960,0.009760579999999998
9216,0.009751779999999998
9472,0.009742279999999999
9728,0.00973338
9984,0.009723679999999998
10240,0.00971478
10496,0.009704879999999999
10752,0.009695779999999998
11008,0.00968718
11264,0.009677679999999998
11520,0.009668979999999997
11776,0.009660679999999998
12032,0.00965218
12288,0.009642979999999999
12544,0.00963408
12800,0.00962518
13056,0.009615179999999997
13312,0.00960648
13568,0.009597379999999999
13824,0.009587579999999998
14080,0.00957808
14336,0.009569579999999998
14592,0.009560579999999999
14848,0.009551279999999999
15104,0.009542579999999998
15360,0.009533779999999999
15616,0.009524379999999999
15872,0.009515779999999998
16128,0.00950668
16384,0.009497579999999999
16640,0.009488279999999998
16896,0.009478979999999998
17152,0.00946978
17408,0.00946048
17664,0.009451579999999998
17920,0.00944178
18176,0.009432679999999999
18432,0.00942318
18688,0.009413979999999999
18944,0.00940448
19200,0.009394279999999998
19456,0.009384779999999999
19712,0.009374979999999998
19968,0.00936478
20224,0.00930058
20480,0.009291879999999999
20736,0.009282779999999997
20992,0.009272779999999998
21248,0.009263379999999998
21504,0.00925368
21760,0.009244179999999998
22016,0.00923498
22272,0.00922578
22528,0.009216679999999998
22784,0.009207279999999998
23040,0.009198079999999997
23296,0.00918898
23552,0.00917908
23808,0.00916968
24064,0.009160079999999998
24320,0.00915028
24576,0.009141279999999998
24832,0.009131879999999998
25088,0.009121979999999998
25344,0.00911248
25600,0.009102879999999997
25856,0.00909318
26112,0.009082779999999999
26368,0.00907328
26624,0.009063479999999999
26880,0.009053179999999997
27136,0.00904338
27392,0.00903418
27648,0.00902408
27904,0.00901418
28160,0.00900478
28416,0.008995979999999997
28672,0.00898608
28928,0.008977079999999998
29184,0.008967279999999998
29440,0.008956679999999998
29696,0.008947379999999998
29952,0.008938479999999999
30208,0.008928479999999999
30464,0.008919279999999998
30720,0.008909879999999998
30976,0.008900679999999998
31232,0.00889048
31488,0.008881279999999998
31744,0.00887178
32000,0.00886168
32256,0.008852679999999998
32512,0.00884298
32768,0.00883258
33024,0.00882268
33280,0.00881268
33536,0.008802979999999998
33792,0.008792979999999999
34048,0.00878358
34304,0.008773879999999998
34560,0.008763279999999998
34816,0.008753879999999999
35072,0.008744179999999997
35328,0.00873318
35584,0.00872378
35840,0.008714179999999998
36096,0.008704179999999999
36352,0.008694879999999999
36608,0.008685679999999998
36864,0.008675679999999998
37120,0.00866598
37376,0.00865668
37632,0.00864738
37888,0.008637679999999998
38144,0.008628279999999999
38400,0.008618879999999999
38656,0.008608579999999998
38912,0.008599079999999999
39168,0.008589279999999998
39424,0.00857908
39680,0.00856958
39936,0.00856028
40192,0.00854988
40448,0.008540179999999998
40704,0.008530279999999998
40960,0.00852008
41216,0.008509679999999999
41472,0.008499779999999998
41728,0.008489979999999998
41984,0.008479379999999998
42240,0.00846918
42496,0.008459479999999998
42752,0.008448379999999998
43008,0.008438479999999998
43264,0.008429179999999998
43520,0.00841888
43776,0.00840908
44032,0.00839918
44288,0.008388779999999998
44544,0.008378479999999997
44800,0.00836858
45056,0.00835828
45312,0.008348679999999997
45568,0.008339179999999998
45824,0.00832888
46080,0.008317979999999999
46336,0.008308079999999999
46592,0.008298279999999998
46848,0.008288279999999999
47104,0.008278379999999998
47360,0.00826878
47616,0.008257879999999999
47872,0.00824778
48128,0.008237479999999998
48384,0.008226979999999998
48640,0.008216579999999998
48896,0.008206479999999999
49152,0.00819698
49408,0.00818648
49664,0.008176079999999999
49920,0.00816588
50176,0.00815548
50432,0.00814498
50688,0.00813448
50944,0.00812398
51200,0.008113779999999998
51456,0.008103679999999999
51712,0.00809358
51968,0.00808408
52224,0.008074579999999998
52480,0.00903515
52736,0.009024450000000002
52992,0.009014449999999999
53248,0.009004050000000001
53504,0.008994049999999998
53760,0.00898395
54016,0.008973150000000001
54272,0.008963049999999998
54528,0.00895275
54784,0.008942049999999998
55040,0.008932150000000002
55296,0.00892185
55552,0.008910949999999999
55808,0.008900449999999999
56064,0.00889045
56320,0.008880150000000002
56576,0.00886935
56832,0.00885925
57088,0.00884945
57344,0.00883885
57600,0.00882865
57856,0.00881845
58112,0.00880765
58368,0.00879745
58624,0.00878735
58880,0.00877585
59136,0.00876495
59392,0.00875485
59648,0.00874415
59904,0.00873445
60160,0.00872345
60416,0.00871235
60672,0.00870215
60928,0.00869165
61184,0.00868135
61440,0.008670549999999999
61696,0.008659449999999999
61952,0.00864855
62208,0.00863885
62464,0.00862845
62720,0.00861735
62976,0.00860645
63232,0.00859595
63488,0.00858535
63744,0.00857465
64000,0.00856455
64256,0.00855375
64512,0.00854335
64768,0.008533549999999999
65024,0.008523049999999999
65280,0.00851275
65536,0.00850215
65792,0.00849155
66048,0.00848115
66304,0.00847035
66560,0.00846005
66816,0.00844935
67072,0.00843875
67328,0.00842735
67584,0.00841665
67840,0.00840585
68096,0.00839545
68352,0.00838515
68608,0.00837445
68864,0.008363849999999999
69120,0.008353049999999999
69376,0.00834275
69632,0.00833205
69888,0.00832145
70144,0.00831065
70400,0.00830015
70656,0.00828905
70912,0.00827835
71168,0.00826765
71424,0.00825655
71680,0.00824575
71936,0.00823465
72192,0.00822355
72448,0.00821305
72704,0.00820235
72960,0.00819145
73216,0.00818055
73472,0.00816895
73728,0.00815835
73984,0.00814775
74240,0.00813695
74496,0.00812645
74752,0.00811605
75008,0.00810495
75264,0.00809415
75520,0.008082849999999999
75776,0.00807165
76032,0.008060949999999999
76288,0.00805035
76544,0.00803945
76800,0.00802865
77056,0.00801725
77312,0.00800605
77568,0.00799545
77824,0.00798445
78080,0.00797325
78336,0.00796235
78592,0.00795145
78848,0.00794045
79104,0.00792975
79360,0.00791825
79616,0.00790675
79872,0.00789605
80128,0.00788545
80384,0.00787355
80640,0.00786265
80896,0.00785205
81152,0.00784115
81408,0.00783015
81664,0.00781915
81920,0.00780805
82176,0.00779705
82432,0.00778615
82688,0.007774349999999999
82944,0.007764149999999999
83200,0.00775295
83456,0.00774205
83712,0.00773065
83968,0.007718849999999999
84224,0.00770815
84480,0.007696949999999999
84736,0.0076853500000000005
84992,0.007674149999999999
85248,0.007662749999999999
85504,0.0076517500000000006
85760,0.007640849999999999
86016,0.00762935
86272,0.007618349999999999
86528,0.0076066499999999995
86784,0.007595049999999999
87040,0.007583649999999999
87296,0.007572549999999999
87552,0.00756125
87808,0.00755045
88064,0.00753935
88320,0.007527849999999999
88576,0.00751665
88832,0.00750495
89088,0.0074928500000000006
89344,0.007481450000000001
89600,0.0074709500000000005
89856,0.0074595500000000006
90112,0.00744825
90368,0.0074366499999999995
90624,0.007425350000000001
90880,0.007414550000000001
91136,0.0074030499999999996
91392,0.00739165
91648,0.00737985
91904,0.00736825
92160,0.00735775
92416,0.00734665
92672,0.00733555
92928,0.007324249999999999
93184,0.00731275
93440,0.00730185
93696,0.007290949999999999
93952,0.007279249999999999
94208,0.00726775
94464,0.0072562500000000005
94720,0.0072441499999999995
94976,0.00723295
95232,0.007221449999999999
95488,0.007209749999999999
95744,0.00719855
96000,0.00718705
96256,0.00717575
96512,0.0071642500000000005
96768,0.00715265
97024,0.0071413499999999994
97280,0.007129750000000001
97536,0.007117449999999999
97792,0.00710535
98048,0.00709395
98304,0.00708225
98560,0.0070706499999999995
98816,0.00705885
99072,0.00704695
99328,0.00703495
99584,0.0070227499999999995
99840,0.007010849999999999
100096,0.006998549999999999
100352,0.0069904500000000005
100608,0.006989850000000001
100864,0.0069894499999999995
101120,0.006989250000000001
101376,0.006988950000000001
101632,0.006988649999999999
101888,0.00698845
102144,0.00698825
102400,0.00698795
102656,0.006987749999999999
102912,0.00698755
103168,0.00698735
103424,0.006987149999999999
103680,0.005060749999999999
103936,0.00440165
104192,0.0038344499999999997
104448,0.0033095499999999996
104704,0.00574939
104960,0.005702789999999999
105216,0.005702489999999999
105472,0.005702289999999999
105728,0.00570209
105984,0.005701889999999999
106240,0.00570179
106496,0.005701689999999999
106752,0.0057015899999999994
107008,0.00570149
107264,0.0057012899999999995
107520,0.005701089999999999
107776,0.0057009899999999995
108032,0.00570089
108288,0.005700189999999999
108544,0.00569269
108800,0.00568129
109056,0.00567259
109312,0.005665389999999999
109568,0.00565849
109824,0.005651649999999999
110080,0.005644689999999999
110336,0.00563788
110592,0.005631239999999999
110848,0.005624489999999999
111104,0.00561771
111360,0.00561156
111616,0.005604659999999999
111872,0.00559787
112128,0.005590939999999999
112384,0.005584189999999999
112640,0.00557771
112896,0.005570789999999999
113152,0.00556395
113408,0.005556799999999999
113664,0.00554989
113920,0.00554318
114176,0.00553668
114432,0.005529569999999999
114688,0.00552244
114944,0.00551549
115200,0.00550839
115456,0.00550118
115712,0.0054943200000000005
115968,0.0054877
116224,0.005480859999999999
116480,0.00547389
116736,0.005467119999999999
116992,0.00546047
117248,0.00545407
117504,0.0054468599999999995
117760,0.00544
118016,0.005433199999999999
118272,0.005426449999999999
118528,0.005419519999999999
118784,0.005412799999999999
119040,0.00540557
119296,0.005398489999999999
119552,0.0053913
119808,0.00538405
120064,0.005377449999999999
120320,0.00537031
120576,0.005363639999999999
120832,0.00535659
121088,0.00534958
121344,0.00534249
121600,0.00533583
121856,0.0053291
122112,0.005322179999999999
122368,0.005315439999999999
122624,0.00530863
122880,0.005301739999999999
123136,0.005294789999999999
123392,0.005287799999999999
123648,0.0052810900000000004
123904,0.0052742
124160,0.0052673600000000004
124416,0.00526046
124672,0.0052533400000000004
124928,0.00524605
125184,0.00523852
125440,0.005231329999999999
125696,0.0052242899999999995
125952,0.00521722
126208,0.005210049999999999
126464,0.00520286
126720,0.00519593
126976,0.00518911
127232,0.00518238
127488,0.00517572
127744,0.005168859999999999
128000,0.00516205
128256,0.005155369999999999
128512,0.005148459999999999
128768,0.0051413
129024,0.005134149999999999
129280,0.005126779999999999
129536,0.00511967
129792,0.00511267
130048,0.00510555
130304,0.005098179999999999
130560,0.00509076
130816,0.00508375
131072,0.00507675
131328,0.00506939
131584,0.005061999999999999
131840,0.005054929999999999
132096,0.00504773
132352,0.00504079
132608,0.00503314
132864,0.005025379999999999
133120,0.005017879999999999
133376,0.00501067
133632,0.00500333
133888,0.004995959999999999
134144,0.004988939999999999
134400,0.00498145
134656,0.004973749999999999
134912,0.004966439999999999
135168,0.004959479999999999
135424,0.00495194
135680,0.004944859999999999
135936,0.004937529999999999
136192,0.004930169999999999
136448,0.004922869999999999
136704,0.0049152399999999995
136960,0.00490821
137216,0.004901279999999999
137472,0.00489416
137728,0.004886949999999999
137984,0.004879659999999999
138240,0.004872329999999999
138496,0.00486544
138752,0.004858109999999999
139008,0.00485066
139264,0.00484334
139520,0.00483574
139776,0.00482784
140032,0.004820419999999999
140288,0.00481315
140544,0.00480625
140800,0.004799109999999999
141056,0.0047919799999999995
141312,0.00478483
141568,0.0047775100000000004
141824,0.0047700799999999995
142080,0.004762849999999999
142336,0.004755279999999999
142592,0.0047472799999999996
142848,0.00473958
143104,0.0047318099999999995
143360,0.004723659999999999
143616,0.0047160399999999995
143872,0.00470887
144128,0.004701789999999999
144384,0.004694449999999999
144640,0.004687149999999999
144896,0.0046797
145152,0.00467218
145408,0.004664959999999999
145664,0.00465753
145920,0.004649789999999999
146176,0.00464236
146432,0.004634619999999999
146688,0.00462662
146944,0.0046189000000000004
147200,0.00461162
147456,0.00460404
147712,0.004596609999999999
147968,0.004588989999999999
148224,0.004581409999999999
148480,0.00457364
148736,0.00456584
148992,0.00455815
149248,0.00455058
149504,0.00454301
149760,0.004535579999999999
150016,0.00452835
150272,0.0045209099999999995
150528,0.004513099999999999
150784,0.004505749999999999
151040,0.004498479999999999
151296,0.004490839999999999
151552,0.004483299999999999
151808,0.004475649999999999
152064,0.004468149999999999
152320,0.004460229999999999
152576,0.00445221
152832,0.00444455
153088,0.00443698
153344,0.004429299999999999
153600,0.004421649999999999
153856,0.004414069999999999
154112,0.0044058299999999995
154368,0.0043988
154624,0.004390989999999999
154880,0.004383399999999999
155136,0.004375529999999999
155392,0.004367629999999999
155648,0.00435987
155904,0.004352159999999999
156160,0.00434442
156416,0.004336609999999999
156672,0.004329089999999999
156928,0.0047687400000000005
157184,0.00476126
157440,0.0047537099999999995
157696,0.0047463
157952,0.00473844
158208,0.00473061
158464,0.0047228700000000005
158720,0.00471418
158976,0.0047047700000000005
159232,0.00469668
159488,0.004688889999999999
159744,0.004681370000000001
160000,0.0046735200000000005
160256,0.004665809999999999
160512,0.00465809
160768,0.004650089999999999
161024,0.00464207
161280,0.00463413
161536,0.00462623
161792,0.0046185900000000005
162048,0.0046108
162304,0.004603100000000001
162560,0.00459555
162816,0.00458747
163072,0.0045786
163328,0.0045664
163584,0.00455903
163840,0.0045571299999999995
164096,0.00455711
164352,0.0045571
164608,0.0045571
164864,0.0045571
165120,0.0045571
165376,0.0045571
165632,0.0045571
165888,0.0045571
166144,0.0045571
166400,0.0045571
166656,0.0045571
166912,0.0045571
167168,0.0045571
167424,0.0045571
167680,0.0045571
167936,0.0045571
168192,0.0045571
168448,0.0045571
168704,0.0045571
168960,0.0045571
169216,0.0045571
169472,0.0045571
169728,0.0045571
169984,0.0045571
170240,0.0045571
170496,0.0045571
170752,0.0045571
171008,0.0045571
171264,0.0045571
171520,0.0045571
171776,0.0045571
172032,0.0045571
172288,0.0045571
172544,0.0045571
172800,0.0045571
173056,0.0045571
173312,0.0045571
173568,0.00455708
173824,0.00455706
174080,0.00455704
174336,0.00455702
174592,0.00455699
174848,0.0045569600000000005
175104,0.004556940000000001
175360,0.004556920000000001
175616,0.004556889999999999
175872,0.004556879999999999
176128,0.004556859999999999
176384,0.004556859999999999
176640,0.004556859999999999
176896,0.004556859999999999
177152,0.004556859999999999
177408,0.004556859999999999
177664,0.004556859999999999
177920,0.004556859999999999
178176,0.004556859999999999
178432,0.004556859999999999
178688,0.004556859999999999
178944,0.004556859999999999
179200,0.004556859999999999
179456,0.004556859999999999
179712,0.004556859999999999
179968,0.004556859999999999
180224,0.004556859999999999
180480,0.004556859999999999
180736,0.004556859999999999
180992,0.004556859999999999
181248,0.004556859999999999
181504,0.004556859999999999
181760,0.0045568499999999994
182016,0.0045568399999999995
182272,0.00455679
182528,0.00455677
182784,0.00455673
183040,0.00455671
183296,0.0045566700000000005
183552,0.004556640000000001
183808,0.004556609999999999
184064,0.004556599999999999
184320,0.004556589999999999
184576,0.004556579999999999
184832,0.0045565499999999995
185088,0.0045565499999999995
185344,0.0045565499999999995
185600,0.0045565499999999995
185856,0.0045565499999999995
186112,0.0045565499999999995
186368,0.0045565499999999995
186624,0.0045565499999999995
186880,0.0045565499999999995
187136,0.0045565499999999995
187392,0.0045565499999999995
187648,0.0045565499999999995
187904,0.0045565399999999995
188160,0.0045565399999999995
188416,0.0045565399999999995
188672,0.0045565399999999995
188928,0.0045565399999999995
189184,0.0045565399999999995
189440,0.0045565399999999995
189696,0.0045565399999999995
189952,0.0045565399999999995
190208,0.0045565399999999995
190464,0.0045565399999999995
190720,0.0045565399999999995
190976,0.0045565399999999995
191232,0.0045565399999999995
191488,0.0045565399999999995
191744,0.0045565399999999995
192000,0.0045565399999999995
192256,0.0045565399999999995
192512,0.00455651
192768,0.00455648
193024,0.00455642
193280,0.0045563900000000004
193536,0.0045563800000000005
193792,0.004556360000000001
194048,0.004556330000000001
194304,0.004556309999999999
194560,0.004556309999999999
194816,0.004556289999999999
195072,0.0045562499999999995
195328,0.00455622
195584,0.00455622
195840,0.00455622
196096,0.00455622
196352,0.00455622
196608,0.00455622
196864,0.00455622
197120,0.00455622
197376,0.00455622
197632,0.00455622
197888,0.00455622
198144,0.00455622
198400,0.00455622
198656,0.00455622
198912,0.00455622
199168,0.00455622
199424,0.00455622
199680,0.00455622
199936,0.00455622
200192,0.00455622
200448,0.00455622
200704,0.00455621
200960,0.0045562
201216,0.0045562
201472,0.0045562
201728,0.00455618
201984,0.00455614
202240,0.0045561
202496,0.004556070000000001
202752,0.004556029999999999
203008,0.004556019999999999
203264,0.004556009999999999
203520,0.004555999999999999
203776,0.004555989999999999
204032,0.004555979999999999
204288,0.004555979999999999
204544,0.004555979999999999
204800,0.004555979999999999
205056,0.004555979999999999
205312,0.004555979999999999
205568,0.004555979999999999
205824,0.004555979999999999
206080,0.004555979999999999
206336,0.004555979999999999
206592,0.004555979999999999
206848,0.004555979999999999
207104,0.004555979999999999
207360,0.004555979999999999
207616,0.004555979999999999
207872,0.004555979999999999
208128,0.004555979999999999
208384,0.004555979999999999
208640,0.004555979999999999
208896,0.004555979999999999
209152,0.004556529999999999
209408,0.004556529999999999
209664,0.004556529999999999
209920,0.004556529999999999
210176,0.004556529999999999
210432,0.004556529999999999
210688,0.004556529999999999
210944,0.004556529999999999
211200,0.004556529999999999
211456,0.004556529999999999
211712,0.004556529999999999
211968,0.004556529999999999
212224,0.004556529999999999
212480,0.004556529999999999
212736,0.004556529999999999
212992,0.004556529999999999
213248,0.004556529999999999
213504,0.004556529999999999
213760,0.004556529999999999
214016,0.004556529999999999
214272,0.004556529999999999
214528,0.004556529999999999
214784,0.004556529999999999
215040,0.004556529999999999
215296,0.004556529999999999
215552,0.004556529999999999
215808,0.004556529999999999
216064,0.004556529999999999
216320,0.004556529999999999
216576,0.004556529999999999
216832,0.004556529999999999
217088,0.004556519999999999
217344,0.004556519999999999
217600,0.004556519999999999
217856,0.004556519999999999
218112,0.004556519999999999
218368,0.004556519999999999
218624,0.004556519999999999
218880,0.004556519999999999
219136,0.004556519999999999
219392,0.004556519999999999
219648,0.004556519999999999
219904,0.004556519999999999
220160,0.004556519999999999
220416,0.004556519999999999
220672,0.004556519999999999
220928,0.004556519999999999
221184,0.004556519999999999
221440,0.004556519999999999
221696,0.004556519999999999
221952,0.004556519999999999
222208,0.004556519999999999
222464,0.004556519999999999
222720,0.004556519999999999
222976,0.004556519999999999
223232,0.004556519999999999
223488,0.004556519999999999
223744,0.004556519999999999
224000,0.004556519999999999
224256,0.004556519999999999
224512,0.004556519999999999
224768,0.004556519999999999
225024,0.004556519999999999
225280,0.004556519999999999
225536,0.004556519999999999
225792,0.004556519999999999
226048,0.004556519999999999
226304,0.004556519999999999
226560,0.004556519999999999
226816,0.004556519999999999
227072,0.004556519999999999
227328,0.004556519999999999
227584,0.004556519999999999
227840,0.004556519999999999
228096,0.004556519999999999
228352,0.004556519999999999
228608,0.004556519999999999
228864,0.004556519999999999
229120,0.004556519999999999
229376,0.004556519999999999
229632,0.004556519999999999
229888,0.004556519999999999
230144,0.004556509999999999
230400,0.004556499999999999
230656,0.004556469999999999
230912,0.004556429999999999
231168,0.0045564099999999995
231424,0.0045564099999999995
231680,0.0045563999999999995
231936,0.00455638
232192,0.00455636
232448,0.00455635
232704,0.00455634
232960,0.00455634
233216,0.00455634
233472,0.00455634
233728,0.00455634
233984,0.00455634
234240,0.00455634
234496,0.00455634
234752,0.00455634
235008,0.00455634
235264,0.00455634
235520,0.00455634
235776,0.00455634
236032,0.00455634
236288,0.00455634
236544,0.00455634
236800,0.00455634
237056,0.00455634
237312,0.00455634
237568,0.00455634
237824,0.00455634
238080,0.00455633
238336,0.00455631
238592,0.0045562699999999986
238848,0.004556229999999999
239104,0.004556199999999999
239360,0.004556169999999999
239616,0.004556159999999999
239872,0.004556139999999999
240128,0.0045561199999999994
240384,0.0045560999999999996
240640,0.00455609
240896,0.00455608
241152,0.00455608
241408,0.00455608
241664,0.00455608
241920,0.00455608
242176,0.00455608
242432,0.00455608
242688,0.00455608
242944,0.00455608
243200,0.00455608
243456,0.00455607
243712,0.00455606
243968,0.00455606
244224,0.00455606
244480,0.00455606
244736,0.00455606
244992,0.00455606
245248,0.00455606
245504,0.00455606
245760,0.00455606
246016,0.00455606
246272,0.00455606
246528,0.00455606
246784,0.00455606
247040,0.00455606
247296,0.00455606
247552,0.00455606
247808,0.00455606
248064,0.00455606
248320,0.00455606
248576,0.00455604
248832,0.00455602
249088,0.0045559899999999985
249344,0.004555959999999999
249600,0.004555949999999999
249856,0.004555939999999999
250112,0.004555919999999999
250368,0.004555899999999999
250624,0.004555889999999999
250880,0.004555889999999999
251136,0.004555869999999999
251392,0.004555839999999999
251648,0.004555829999999999
251904,0.004555829999999999
252160,0.004555829999999999
252416,0.004555829999999999
252672,0.004555829999999999
252928,0.004555829999999999
253184,0.004555829999999999
253440,0.004555829999999999
253696,0.004555829999999999
253952,0.004555829999999999
254208,0.004555829999999999
254464,0.004555829999999999
254720,0.004555829999999999
254976,0.004555829999999999
255232,0.004555829999999999
255488,0.004555829999999999
255744,0.004555829999999999
256000,0.004555829999999999
256256,0.004555829999999999
256512,0.004555829999999999
256768,0.004555829999999999
257024,0.004555829999999999
257280,0.004555829999999999
257536,0.0045558199999999995
257792,0.0045558
258048,0.00455577
258304,0.00455575
258560,0.00455573
258816,0.00455572
259072,0.004555709999999998
259328,0.004555709999999998
259584,0.0045556999999999985
259840,0.0045556899999999985
260096,0.004555669999999999
260352,0.004555649999999999
260608,0.004555639999999999
260864,0.004555629999999999
261120,0.004555629999999999
