cache_lines,MRC
256,0.0144243
512,0.014423005472956624
768,0.014422968486469673
1024,0.014422931499982718
1280,0.014422894513495767
1536,0.009536202870710211
1792,0.009536165884223258
2048,0.009536165884223258
2304,0.009536128897736305
2560,0.009529064478728182
2816,0.009529064478728182
3072,0.009529064478728182
3328,0.009528953519267323
3584,0.009528953519267323
3840,0.009528953519267323
4096,0.009527363100328323
4352,0.009527363100328323
4608,0.009527363100328323
4864,0.009527363100328323
5120,0.009527363100328323
5376,0.009527363100328323
5632,0.009527363100328323
5888,0.009527363100328323
6144,0.009527363100328323
6400,0.009527363100328323
6656,0.009526956248971832
6912,0.009513973992051148
7168,0.009502323248660792
7424,0.009490820451218247
7680,0.00948064916730603
7936,0.009475545032106444
8192,0.009470699802315534
8448,0.009465410734681181
8704,0.009460084680559875
8960,0.009455091504821149
9216,0.009450098329082425
9472,0.009444920220908933
9728,0.009439779099222393
9984,0.009434748936996716
10240,0.009429496855849318
10496,0.009424725599032315
10752,0.009419621463832729
11008,0.009414184450250562
11264,0.009408895382616207
11520,0.009403717274442716
11776,0.009399093963573527
12032,0.009393878868913082
12288,0.009388848706687401
12544,0.009384447314739933
12800,0.009379158247105581
13056,0.00937409109839295
13312,0.009368912990219457
13568,0.009363512963124243
13824,0.009358482800898564
14080,0.009353748530568515
14336,0.009348792341316744
14592,0.00934328135476067
14848,0.009338288179021943
15104,0.009333036097874545
15360,0.009327931962674962
15616,0.00932245796260584
15872,0.009317279854432349
16128,0.009312212705719716
16384,0.009307071584033176
16640,0.009302226354242268
16896,0.00929730715147745
17152,0.009292018083843097
17408,0.009287098881078279
17664,0.009281920772904788
17920,0.009276742664731295
18176,0.009271046745740452
18432,0.009266016583514773
18688,0.009260949434802143
18944,0.009255327488785207
19200,0.009250371299533437
19456,0.009245378123794711
19712,0.00923779589396924
19968,0.009204766961119753
20224,0.009199662825920166
20480,0.009194447731259721
20736,0.009189158663625366
20992,0.00918394356896492
21248,0.009178654501330569
21504,0.009173180501261449
21760,0.009168113352548815
22016,0.009162750311940556
22272,0.009157054392949716
22528,0.009152024230724035
22784,0.009146587217141868
23040,0.009141372122481423
23296,0.009136231000794885
23552,0.009130941933160532
23808,0.009126281635804388
24064,0.009120844622222221
24320,0.009115740487022638
24576,0.009110451419388283
24832,0.009105014405806116
25088,0.009099984243580439
25344,0.009094806135406946
25600,0.009089554054259546
25856,0.009083821148781753
26112,0.009078458108173492
26368,0.00907328
26624,0.009068087707006369
26880,0.009062751183651805
27136,0.009057558890658172
27392,0.009052222367303608
27648,0.009047174304670912
27904,0.009042018069267516
28160,0.009036861833864119
28416,0.009031705598460721
28672,0.009026873881369427
28928,0.009021789761146497
29184,0.009016092661889597
29440,0.009010828253715499
29696,0.009005888363853503
29952,0.009000407610138005
30208,0.008995575893046708
30464,0.008990419657643313
30720,0.008984758615976645
30976,0.008979602380573248
31232,0.008974410087579618
31488,0.008968965391454352
31744,0.00896355675291932
32000,0.008958688978237792
32256,0.008953640915605096
32512,0.00894841256502123
32768,0.008943436617569002
33024,0.00893835249734607
33280,0.008932871743630572
33536,0.00892735493232484
33792,0.008922270812101911
34048,0.008916862173566879
34304,0.008911561707802548
34560,0.008906044896496814
34816,0.008900672315552017
35072,0.008895335792197452
35328,0.008890035326433121
35584,0.00888473486066879
35840,0.008879578625265392
36096,0.008874602677813164
36352,0.008869230096868365
36608,0.008863605112791932
36864,0.008858340704617836
37120,0.008853292641985139
37376,0.008847775830679404
37632,0.00884272776804671
37888,0.008837102783970277
38144,0.008831730203025478
38400,0.008826393679670913
38656,0.008821093213906582
38912,0.008815504287420381
39168,0.008810203821656051
39424,0.008804759125530786
39680,0.00879953077494692
39936,0.008794338481953292
40192,0.008789001958598726
40448,0.008783881780785563
40704,0.008778112566348195
40960,0.008773064503715499
41216,0.008767872210721868
41472,0.008762571744957537
41728,0.008757595797505308
41984,0.008752691965233546
42240,0.008747175153927813
42496,0.008741802572983015
42752,0.008736754510350319
43008,0.008731309814225053
43264,0.00872608146364119
43520,0.008720636767515924
43776,0.008714867553078556
44032,0.008709639202494693
44288,0.008704374794320595
44544,0.008698966155785562
44800,0.008693521459660297
45056,0.008688365224256901
45312,0.008683136873673036
45568,0.008677511889596604
45824,0.00867217536624204
46080,0.008667235476380042
46336,0.008661646549893843
46592,0.008656346084129513
46848,0.008650865330414013
47104,0.008644951885615712
47360,0.00863965141985138
47616,0.008634495184447984
47872,0.00862865385483015
48128,0.008623425504246284
48384,0.00861808898089172
48640,0.008612536111995755
48896,0.008607199588641189
49152,0.008601646719745223
49408,0.008595841447717622
49664,0.008590504924363057
49920,0.008584952055467093
50176,0.008579146783439491
50432,0.008573702087314224
50688,0.008568509794320596
50944,0.008563029040605097
51200,0.008557187710987261
51456,0.008552139648354565
51712,0.008546550721868365
51968,0.0085408896802017
52224,0.008535481041666668
52480,0.00852982
52736,0.008524171785648063
52992,0.00851830908214352
53248,0.008512660867791582
53504,0.008507048401631745
53760,0.008501757669200817
54016,0.008496681425922492
54272,0.008491140456146858
54528,0.00848588547190803
54784,0.008480844976821807
55040,0.008475125266085667
55296,0.00846954854811793
55552,0.008464043326534396
55808,0.008458180623029854
56064,0.008452532408677917
56320,0.008447027187094383
56576,0.008441343224550342
56832,0.008435980995735214
57088,0.008430690263304284
57344,0.00842479181160764
57600,0.008419215093639904
57856,0.008413531131095865
58112,0.008407775672167626
58368,0.008402163206007788
58624,0.008396622236232153
58880,0.008391081266456518
59136,0.008385325807528278
59392,0.008379999326905248
59648,0.008374208119784907
59904,0.00836859565362507
60160,0.008363018935657333
60416,0.008357406469497496
60672,0.008351829751529762
60928,0.008346431774522529
61184,0.008340819308362692
61440,0.008335314086779158
61696,0.008329844613387725
61952,0.008324446636380494
62208,0.008319048659373262
62464,0.00831365068236603
62720,0.008307823727053588
62976,0.00830213976450955
63232,0.00829681328388652
63488,0.008290986328574078
63744,0.00828533811422214
64000,0.008279761396254404
64256,0.008273791448173558
64512,0.00826807173743742
64768,0.008262602264045987
65024,0.008256739560541442
65280,0.008251234338957908
65536,0.008245800613758576
65792,0.008240116651214538
66048,0.0082345041850547
66304,0.008228927467086965
66560,0.008222886022621917
66816,0.00821723780826998
67072,0.008211696838494344
67328,0.0082057268904135
67584,0.008199792690524755
67840,0.008193894238828112
68096,0.00818813877989987
68352,0.008182562061932134
68608,0.008176770854811794
68864,0.008170943899499352
69120,0.008165259936955313
69376,0.008159504478027073
69632,0.008153463033562024
69888,0.008147779071017987
70144,0.008142524086779158
70400,0.008136768627850918
70656,0.00813112041349898
70912,0.008125507947339143
71168,0.008119287761913592
71424,0.008113282065640647
71680,0.00810770534767291
71936,0.008101806895976267
72192,0.008096122933432226
72448,0.008090117237159281
72704,0.008084433274615242
72960,0.0080786420674949
73216,0.008072779363990359
73472,0.008067059653254218
73728,0.008061125453365474
73984,0.00805526274986093
74240,0.008049185557203783
74496,0.008043358601891341
74752,0.0080376031429631
75008,0.008031633194882256
75264,0.008025913484146115
75520,0.008020122277025773
75776,0.00801461705544224
76032,0.008009040337474503
76288,0.008003392123122566
76544,0.007997743908770628
76800,0.00799205994622659
77056,0.007985947005377341
77312,0.007980334539217504
77568,0.007974507583905062
77824,0.00796871637678472
78080,0.007962710680511775
78336,0.00795713396254404
78592,0.00795145
78848,0.00794567546943513
79104,0.007939793338921846
79360,0.00793380360846015
79616,0.007927598678101624
79872,0.007921716547588342
80128,0.007915798550425587
80384,0.007909665353366005
80640,0.00790374735620325
80896,0.007897829359040496
81152,0.007891660295331442
81408,0.007885634698220274
81664,0.007879429767861748
81920,0.007873475904049524
82176,0.007867378573639412
82432,0.007861639909724013
82688,0.007855972979107558
82944,0.007849588715501676
83200,0.007843563118390509
83456,0.007837609254578283
83712,0.007831547790817642
83968,0.007825486327057003
84224,0.007819640063193191
84480,0.007813793799329378
84736,0.007808126868712923
84992,0.0078019219383543975
85248,0.007796183274439
85504,0.007790623943770957
85760,0.00778463421330926
86016,0.007778644482847563
86272,0.007772941685581636
86528,0.007766916088470467
86784,0.007761141557905597
87040,0.007755223560742842
87296,0.00774848063064225
87552,0.00774245503353108
87808,0.007736393569770441
88064,0.0077299734395150895
88320,0.0077240195757028625
88576,0.00771817331183905
88832,0.007712147714727883
89088,0.0077057993177714725
89344,0.007699666120711891
89600,0.007693210123807067
89856,0.007687184526695898
90112,0.00768087199638896
90368,0.007674631199380965
90624,0.007668498002321382
90880,0.007661611605622904
91136,0.007655478408563322
91392,0.007649416944802682
91648,0.007643785880835697
91904,0.007638118950219241
92160,0.007632057486458602
92416,0.007625852556100078
92672,0.007619791092339438
92928,0.007613442695383028
93184,0.0076070942984266185
93440,0.007600853501418622
93696,0.007594361637864327
93952,0.007588013240907918
94208,0.007581593110652566
94464,0.0075753164469951
94720,0.007569183249935517
94976,0.007563050052875935
95232,0.007556916855816353
95488,0.007550604325509415
95744,0.00754411246195512
96000,0.007537943398246066
96256,0.00753170260123807
96512,0.007525103137735362
96768,0.007518934074026308
97024,0.007512585677069899
97280,0.00750623728011349
97536,0.00750017581635285
97792,0.00749411435259221
98048,0.007488052888831571
98304,0.007481812091823575
98560,0.00747532022826928
98816,0.007468900098013929
99072,0.007462659301005933
99328,0.0074617626347691516
99584,0.00746143983492391
99840,0.007461296368326025
100096,0.00746111703507867
100352,0.007460973568480784
100608,0.00746086596853237
100864,0.007460722501934486
101120,0.007460614901986072
101376,0.007460471435388186
101632,0.007460363835439773
101888,0.007460220368841888
102144,0.007413916524374516
102400,0.007125763862522569
102656,0.006337845306938355
102912,0.006088859026309001
103168,0.005696334414495744
103424,0.0054878774477688935
103680,0.0054589689282950726
103936,0.005448639333247357
104192,0.0054485675999484135
104448,0.00544849586664947
104704,0.00544846
104960,0.0054483850724191055
105216,0.005448272681047766
105472,0.005448160289676425
105728,0.005448122825885978
105984,0.0054480104345146375
106240,0.005447935506933743
106496,0.0054478231155624035
106752,0.005447710724191063
107008,0.005447373550077041
107264,0.00544418912788906
107520,0.005438082530046224
107776,0.005433062382126348
108032,0.005429316003081663
108288,0.005425831870570107
108544,0.00542212295531587
108800,0.005418301648690293
109056,0.0054145552696456085
109312,0.005410958745762712
109568,0.005407174902927581
109824,0.005403465987673343
110080,0.0053997196086286595
110336,0.005395748446841294
110592,0.005391739821263482
110848,0.005388143297380585
111104,0.005384359454545454
111360,0.005380575611710323
111616,0.0053768666964560865
111872,0.005373007926040061
112128,0.00536911169183359
112384,0.005365215457627118
112640,0.0053612817596302
112896,0.005357348061633282
113152,0.005353601682588597
113408,0.0053499676949152536
113664,0.0053461838520801235
113920,0.005342325081664098
114176,0.005338616166409861
114432,0.005334907251155624
114688,0.005330973553158706
114944,0.00532689
115200,0.005323143620955316
115456,0.005319397241910631
115712,0.005315650862865948
115968,0.0053117171648690295
116224,0.00530755868412943
116480,0.005303699913713405
116736,0.005299990998459168
116992,0.005296094764252696
117248,0.005292385848998459
117504,0.005288714397534668
117760,0.005284855627118644
118016,0.005281034320493066
118272,0.005277325405238829
118528,0.0052735790261941445
118784,0.00526972025577812
119040,0.005265674166409861
119296,0.005261703004622496
119552,0.005257469596302003
119808,0.005253460970724191
120064,0.00524967712788906
120320,0.005245930748844376
120576,0.005241997050847457
120832,0.005238250671802773
121088,0.005234354437596302
121344,0.0052304582033898305
121600,0.005226561969183359
121856,0.00522274066255778
122112,0.00521895681972265
122368,0.005214873266563945
122624,0.005211089423728814
122880,0.005207155725731895
123136,0.005203446810477658
123392,0.005199288329738058
123648,0.005195167312788906
123904,0.005191308542372881
124160,0.005187487235747303
124416,0.005183441146379045
124672,0.005179357593220339
124928,0.005175423895223421
125184,0.005171452733436056
125440,0.005167369180277349
125696,0.005163323090909091
125952,0.005159464320493066
126208,0.005155717941448382
126464,0.00515182170724191
126720,0.005147738154083205
126976,0.005143954311248074
127232,0.0051399831494607084
127488,0.0051358246687211095
127744,0.0051314039414483825
128000,0.005127282924499229
128256,0.005123161907550077
128512,0.005119228209553159
128768,0.005115331975346687
129024,0.005111248422187981
129280,0.005107502043143297
129536,0.005103231171032357
129792,0.0050993349368258865
130048,0.005095326311248074
130304,0.005091617395993836
130560,0.005087833553158706
130816,0.00508375
131072,0.00507998673325084
131328,0.005076151095987272
131584,0.005072315458723705
131840,0.00506819033940251
132096,0.005064209961110129
132352,0.005060338138589358
132608,0.005056357760296977
132864,0.005052558308290613
133120,0.00504875885628425
133376,0.005044778477991869
133632,0.005040942840728301
133888,0.005037034832950327
134144,0.005033235380943963
134400,0.005029508299452006
134656,0.005025527921159625
134912,0.005021438987095634
135168,0.005017494794060456
135424,0.005013695342054093
135680,0.005009823519533322
135936,0.005005951697012551
136192,0.005002477912321018
136448,0.0049987508308290615
136704,0.004995023749337105
136960,0.004991151926816334
137216,0.004987388660067173
137472,0.004983661578575216
137728,0.004979717385540039
137984,0.004975592266218844
138240,0.004971611887926462
138496,0.004967740065405692
138752,0.004963795872370514
139008,0.004959960235106947
139264,0.00495612459784338
139520,0.004952144219550998
139776,0.004948019100229803
140032,0.004943893980908608
140288,0.004940094528902245
140544,0.004936186521124271
140800,0.004932061401803076
141056,0.004928081023510695
141312,0.004924245386247127
141568,0.00492030119321195
141824,0.004916357000176772
142080,0.0049124128071415946
142336,0.004908432428849214
142592,0.004904415865299629
142848,0.004900544042778858
143104,0.0048966360350008835
143360,0.004892655656708503
143616,0.004888747648930528
143872,0.0048846587148665375
144128,0.004880461225030935
144384,0.004876372290966944
144640,0.004872102430616935
144896,0.0048678325702669265
145152,0.004863743636202934
145408,0.004859473775852925
145664,0.004855312471274527
145920,0.004851187351953332
146176,0.004847170788403747
146432,0.0048429732985681455
146688,0.004838775808732544
146944,0.004834469763125331
147200,0.004830308458546933
147456,0.004826147153968534
147712,0.004821985849390136
147968,0.004817933100583348
148224,0.004813771796004949
148480,0.004809791417712568
148736,0.004805883409934594
148992,0.004801903031642213
149248,0.004797705541806611
149504,0.004793508051971009
149760,0.004789672414707442
150016,0.004785728221672264
150272,0.004781458361322256
150528,0.00477744179777267
150784,0.004773533789994696
151040,0.004769517226445112
151296,0.004765536848152731
151552,0.004761230802545519
151808,0.004756924756938306
152064,0.004752691081845501
152320,0.00474871070355312
152576,0.004744549398974721
152832,0.004740677576453951
153088,0.00473680575393318
153344,0.004732608264097578
153600,0.004728302218490366
153856,0.004724104728654764
154112,0.004720160535619586
154368,0.004716143972070002
154624,0.004712091223263213
154880,0.004707966103942018
155136,0.004703840984620823
155392,0.004700005347357257
155648,0.004695880228036062
155904,0.004691610367686052
156160,0.004687521433622061
156416,0.004683396314300866
156672,0.004679126453950857
156928,0.00467435
157184,0.004667322713178294
157440,0.004661207364341085
157696,0.004655252945736434
157952,0.004649298527131783
158208,0.004643075891472868
158464,0.004636799612403101
158720,0.004630737906976745
158976,0.00462472984496124
159232,0.004618775426356589
159488,0.004612928294573644
159744,0.004606973875968992
160000,0.004600590310077519
160256,0.004594367674418605
160512,0.004588305968992248
160768,0.0045819760465116285
161024,0.004574465968992249
161280,0.004564381007751938
161536,0.004559553100775194
161792,0.004557192790697675
162048,0.004557192790697675
162304,0.004557192790697675
162560,0.004557192790697675
162816,0.004557192790697675
163072,0.004557192790697675
163328,0.004557192790697675
163584,0.004557192790697675
163840,0.004557192790697675
164096,0.0045571391472868225
164352,0.00455708550387597
164608,0.004557031860465116
164864,0.004557031860465116
165120,0.004557031860465116
165376,0.004557031860465116
165632,0.004557031860465116
165888,0.004557031860465116
166144,0.004557031860465116
166400,0.004557031860465116
166656,0.004557031860465116
166912,0.004557031860465116
167168,0.004557031860465116
167424,0.004557031860465116
167680,0.004557031860465116
167936,0.004557031860465116
168192,0.004557031860465116
168448,0.004557031860465116
168704,0.004557031860465116
168960,0.004557031860465116
169216,0.004557031860465116
169472,0.004557031860465116
169728,0.004557031860465116
169984,0.004557031860465116
170240,0.004557031860465116
170496,0.004557031860465116
170752,0.004557031860465116
171008,0.004557031860465116
171264,0.004557031860465116
171520,0.004557031860465116
171776,0.004556978217054264
172032,0.004556978217054264
172288,0.004556978217054264
172544,0.004556924573643412
172800,0.004556924573643412
173056,0.004556924573643412
173312,0.004556870930232559
173568,0.004556870930232559
173824,0.004556870930232559
174080,0.004556817286821706
174336,0.004556817286821706
174592,0.004556817286821706
174848,0.004556817286821706
175104,0.004556817286821706
175360,0.004556817286821706
175616,0.004556817286821706
175872,0.004556817286821706
176128,0.004556817286821706
176384,0.004556817286821706
176640,0.004556817286821706
176896,0.004556817286821706
177152,0.004556817286821706
177408,0.004556817286821706
177664,0.004556817286821706
177920,0.004556817286821706
178176,0.004556817286821706
178432,0.004556817286821706
178688,0.004556817286821706
178944,0.004556817286821706
179200,0.004556817286821706
179456,0.004556817286821706
179712,0.004556817286821706
179968,0.004556817286821706
180224,0.004556817286821706
180480,0.004556763643410853
180736,0.004556763643410853
180992,0.004556763643410853
181248,0.004556763643410853
181504,0.004556763643410853
181760,0.004556763643410853
182016,0.00455671
182272,0.00455671
182528,0.00455671
182784,0.00455671
183040,0.00455671
183296,0.00455671
183552,0.00455671
183808,0.00455671
184064,0.00455671
184320,0.00455671
184576,0.00455671
184832,0.00455671
185088,0.00455671
185344,0.00455671
185600,0.00455671
185856,0.00455671
186112,0.00455671
186368,0.00455671
186624,0.00455671
186880,0.00455671
187136,0.00455671
187392,0.00455671
187648,0.00455671
187904,0.00455671
188160,0.00455671
188416,0.00455671
188672,0.00455671
188928,0.00455671
189184,0.00455671
189440,0.00455671
189696,0.00455671
189952,0.0045566700000000005
190208,0.0045566700000000005
190464,0.0045566700000000005
190720,0.0045566700000000005
190976,0.004556630000000001
191232,0.004556630000000001
191488,0.004556630000000001
191744,0.004556630000000001
192000,0.004556630000000001
192256,0.00455659
192512,0.00455659
192768,0.00455659
193024,0.00455659
193280,0.00455659
193536,0.00455659
193792,0.00455659
194048,0.00455659
194304,0.00455659
194560,0.00455659
194816,0.00455659
195072,0.00455659
195328,0.00455659
195584,0.00455659
195840,0.00455659
196096,0.00455659
196352,0.00455659
196608,0.00455659
196864,0.00455659
197120,0.00455659
197376,0.00455659
197632,0.00455659
197888,0.00455659
198144,0.00455659
198400,0.00455655
198656,0.00455655
198912,0.00455655
199168,0.004556510000000001
199424,0.004556510000000001
199680,0.004556510000000001
199936,0.004556510000000001
200192,0.00455647
200448,0.00455647
200704,0.00455647
200960,0.00455647
201216,0.00455647
201472,0.00455647
201728,0.00455647
201984,0.00455647
202240,0.00455647
202496,0.00455647
202752,0.00455647
203008,0.00455647
203264,0.00455647
203520,0.00455647
203776,0.00455647
204032,0.00455647
204288,0.00455647
204544,0.00455647
204800,0.00455647
205056,0.00455647
205312,0.00455647
205568,0.00455647
205824,0.00455647
206080,0.00455647
206336,0.00455647
206592,0.00455647
206848,0.00455647
207104,0.00455647
207360,0.00455647
207616,0.00455647
207872,0.00455647
208128,0.00455647
208384,0.00455647
208640,0.00455647
208896,0.00455647
209152,0.00455647
209408,0.00455647
209664,0.00455647
209920,0.00455647
210176,0.00455647
210432,0.00455647
210688,0.00455647
210944,0.00455647
211200,0.00455647
211456,0.00455647
211712,0.00455647
211968,0.00455647
212224,0.00455647
212480,0.00455647
212736,0.00455647
212992,0.00455647
213248,0.00455647
213504,0.00455647
213760,0.00455647
214016,0.00455647
214272,0.00455647
214528,0.00455647
214784,0.00455647
215040,0.00455647
215296,0.00455647
215552,0.00455647
215808,0.00455647
216064,0.00455647
216320,0.00455647
216576,0.00455647
216832,0.00455647
217088,0.00455647
217344,0.00455647
217600,0.00455647
217856,0.00455647
218112,0.00455647
218368,0.00455647
218624,0.00455647
218880,0.00455647
219136,0.00455647
219392,0.00455647
219648,0.00455647
219904,0.00455647
220160,0.0045564375
220416,0.004556405
220672,0.004556405
220928,0.004556405
221184,0.004556405
221440,0.004556405
221696,0.004556405
221952,0.004556405
222208,0.004556405
222464,0.004556405
222720,0.004556405
222976,0.004556405
223232,0.004556405
223488,0.004556405
223744,0.004556405
224000,0.004556405
224256,0.004556405
224512,0.004556405
224768,0.004556405
225024,0.004556405
225280,0.004556405
225536,0.004556405
225792,0.004556405
226048,0.004556405
226304,0.004556405
226560,0.004556405
226816,0.004556405
227072,0.004556405
227328,0.0045563725
227584,0.0045563725
227840,0.0045563725
228096,0.0045563725
228352,0.0045563725
228608,0.0045563725
228864,0.0045563725
229120,0.00455634
229376,0.00455634
229632,0.00455634
229888,0.00455634
230144,0.00455634
230400,0.00455634
230656,0.00455634
230912,0.00455634
231168,0.00455634
231424,0.00455634
231680,0.00455634
231936,0.00455634
232192,0.00455634
232448,0.00455634
232704,0.00455634
232960,0.00455634
233216,0.00455634
233472,0.00455634
233728,0.00455634
233984,0.00455634
234240,0.00455634
234496,0.00455634
234752,0.00455634
235008,0.00455634
235264,0.00455634
235520,0.00455634
235776,0.00455634
236032,0.00455634
236288,0.004556304
236544,0.004556304
236800,0.004556268
237056,0.004556268
237312,0.004556268
237568,0.004556232
237824,0.004556232
238080,0.004556232
238336,0.004556232
238592,0.004556232
238848,0.004556232
239104,0.004556232
239360,0.004556232
239616,0.004556232
239872,0.004556232
240128,0.004556232
240384,0.004556232
240640,0.004556232
240896,0.004556232
241152,0.004556232
241408,0.004556232
241664,0.004556232
241920,0.004556232
242176,0.004556232
242432,0.004556232
242688,0.004556232
242944,0.004556232
243200,0.004556232
243456,0.004556232
243712,0.004556232
243968,0.004556232
244224,0.004556232
244480,0.004556232
244736,0.004556232
244992,0.004556232
245248,0.004556232
245504,0.004556232
245760,0.004556196
246016,0.004556196
246272,0.004556196
246528,0.00455616
246784,0.00455616
247040,0.004556124
247296,0.004556124
247552,0.004556124
247808,0.004556088
248064,0.004556088
248320,0.004556088
248576,0.004556088
248832,0.004556088
249088,0.004556088
249344,0.004556088
249600,0.004556088
249856,0.004556088
250112,0.004556088
250368,0.004556088
250624,0.004556088
250880,0.004556088
251136,0.004556088
251392,0.004556088
251648,0.004556088
251904,0.004556088
252160,0.004556088
252416,0.004556088
252672,0.004556088
252928,0.004556088
253184,0.004556088
253440,0.004556088
253696,0.004556088
253952,0.004556088
254208,0.0045560520000000005
254464,0.0045560520000000005
254720,0.0045560520000000005
254976,0.0045560520000000005
255232,0.0045560520000000005
255488,0.0045560520000000005
255744,0.004556016
256000,0.004556016
256256,0.00455598
256512,0.00455598
256768,0.00455598
257024,0.00455598
257280,0.00455598
257536,0.00455598
257792,0.00455598
258048,0.00455598
258304,0.00455598
258560,0.00455598
258816,0.00455598
259072,0.00455598
259328,0.00455598
259584,0.00455598
259840,0.00455598
260096,0.00455598
260352,0.00455598
260608,0.00455598
260864,0.00455598
261120,0.00455598
