cache_lines,MRC
256,0.0186308
512,0.0186301
768,0.018629899999999998
1024,0.018629899999999998
1280,0.0186298
1536,0.0096511
1792,0.009651
2048,0.009651
2304,0.009651
2560,0.009649999999999999
2816,0.009649999999999999
3072,0.009649999999999999
3328,0.009649999999999999
3584,0.009649999999999999
3840,0.009649999999999999
4096,0.009644999999999997
4352,0.009644999999999997
4608,0.009644999999999997
4864,0.009644999999999997
5120,0.009644999999999997
5376,0.009644999999999997
5632,0.009644999999999997
5888,0.009644999999999997
6144,0.009644999999999997
6400,0.009644999999999997
6656,0.009644999999999997
6912,0.009626299999999997
7168,0.0096048
7424,0.0095832
7680,0.0095616
7936,0.0095523
8192,0.0095435
8448,0.009534499999999998
8704,0.0095249
8960,0.009515799999999998
9216,0.009506999999999998
9472,0.009497499999999999
9728,0.0094886
9984,0.009478899999999998
10240,0.00947
10496,0.009460099999999999
10752,0.009450999999999998
11008,0.0094424
11264,0.009432899999999998
11520,0.009424199999999997
11776,0.009415899999999998
12032,0.0094074
12288,0.009398199999999999
12544,0.0093893
12800,0.0093804
13056,0.009370399999999997
13312,0.0093617
13568,0.009352599999999999
13824,0.009342799999999998
14080,0.0093333
14336,0.009324799999999998
14592,0.009315799999999999
14848,0.009306499999999999
15104,0.009297799999999998
15360,0.009288999999999999
15616,0.009279599999999999
15872,0.009270999999999998
16128,0.0092619
16384,0.009252799999999999
16640,0.009243499999999998
16896,0.009234199999999998
17152,0.009225
17408,0.0092157
17664,0.009206799999999998
17920,0.009197
18176,0.009187899999999999
18432,0.0091784
18688,0.009169199999999999
18944,0.0091597
19200,0.009149499999999998
19456,0.009139999999999999
19712,0.009130199999999998
19968,0.00912
20224,0.0090558
20480,0.009047099999999999
20736,0.009037999999999997
20992,0.009027999999999998
21248,0.009018599999999998
21504,0.0090089
21760,0.008999399999999998
22016,0.0089902
22272,0.008981
22528,0.008971899999999998
22784,0.008962499999999998
23040,0.008953299999999997
23296,0.0089442
23552,0.0089343
23808,0.0089249
24064,0.008915299999999998
24320,0.0089055
24576,0.008896499999999998
24832,0.008887099999999998
25088,0.008877199999999998
25344,0.0088677
25600,0.008858099999999997
25856,0.0088484
26112,0.008837999999999999
26368,0.009300310000000001
26624,0.00929051
26880,0.009280209999999999
27136,0.009270410000000001
27392,0.00926121
27648,0.009251110000000002
27904,0.009241210000000001
28160,0.009231810000000002
28416,0.009223009999999999
28672,0.009213110000000002
28928,0.00920411
29184,0.009194309999999999
29440,0.00918371
29696,0.00917441
29952,0.00916551
30208,0.00915551
30464,0.00914631
30720,0.00913691
30976,0.009127709999999999
31232,0.00911751
31488,0.00910831
31744,0.00909881
32000,0.009088710000000002
32256,0.00907971
32512,0.009070010000000002
32768,0.009059610000000001
33024,0.00904971
33280,0.009039710000000001
33536,0.00903001
33792,0.00902001
34048,0.00901061
34304,0.009000909999999999
34560,0.00899031
34816,0.00898091
35072,0.008971209999999999
35328,0.008960210000000001
35584,0.008950810000000002
35840,0.00894121
36096,0.00893121
36352,0.00892191
36608,0.008912709999999999
36864,0.00890271
37120,0.008893010000000002
37376,0.008883710000000001
37632,0.008874410000000001
37888,0.00886471
38144,0.00885531
38400,0.00884591
38656,0.008835609999999999
38912,0.00882611
39168,0.008816309999999999
39424,0.00880611
39680,0.008796610000000002
39936,0.008787310000000001
40192,0.00877691
40448,0.00876721
40704,0.008757309999999999
40960,0.00874711
41216,0.00873671
41472,0.00872681
41728,0.008717009999999999
41984,0.00870641
42240,0.008696210000000001
42496,0.00868651
42752,0.00867541
43008,0.00866551
43264,0.00865621
43520,0.008645910000000001
43776,0.00863611
44032,0.00862621
44288,0.00861581
44544,0.008605509999999999
44800,0.008595610000000002
45056,0.00858531
45312,0.008575709999999999
45568,0.00856621
45824,0.008555910000000002
46080,0.00854501
46336,0.00853511
46592,0.00852531
46848,0.00851531
47104,0.00850541
47360,0.008495810000000001
47616,0.00848491
47872,0.008474810000000001
48128,0.00846451
48384,0.00845401
48640,0.008443609999999999
48896,0.00843351
49152,0.008424010000000001
49408,0.00841351
49664,0.00840311
49920,0.008392910000000002
50176,0.008382510000000001
50432,0.008372010000000001
50688,0.00836151
50944,0.00835101
51200,0.008340809999999999
51456,0.00833071
51712,0.00832061
51968,0.008311110000000002
52224,0.00830161
52480,0.00878022
52736,0.008769520000000001
52992,0.008759519999999998
53248,0.00874912
53504,0.008739119999999998
53760,0.008729019999999999
54016,0.00871822
54272,0.008708119999999998
54528,0.00869782
54784,0.008687119999999998
55040,0.008677220000000001
55296,0.00866692
55552,0.008656019999999999
55808,0.008645519999999999
56064,0.008635519999999999
56320,0.008625220000000001
56576,0.00861442
56832,0.00860432
57088,0.00859452
57344,0.00858392
57600,0.00857372
57856,0.00856352
58112,0.00855272
58368,0.00854252
58624,0.008532419999999999
58880,0.00852092
59136,0.00851002
59392,0.00849992
59648,0.008489219999999999
59904,0.008479519999999999
60160,0.00846852
60416,0.00845742
60672,0.00844722
60928,0.00843672
61184,0.008426419999999999
61440,0.008415619999999999
61696,0.008404519999999999
61952,0.00839362
62208,0.00838392
62464,0.008373519999999999
62720,0.008362419999999999
62976,0.00835152
63232,0.00834102
63488,0.00833042
63744,0.00831972
64000,0.00830962
64256,0.00829882
64512,0.00828842
64768,0.008278619999999999
65024,0.008268119999999999
65280,0.008257819999999999
65536,0.00824722
65792,0.00823662
66048,0.00822622
66304,0.00821542
66560,0.00820512
66816,0.00819442
67072,0.00818382
67328,0.00817242
67584,0.008161719999999999
67840,0.008150919999999999
68096,0.00814052
68352,0.008130219999999999
68608,0.00811952
68864,0.008108919999999999
69120,0.008098119999999999
69376,0.008087819999999999
69632,0.00807712
69888,0.008066519999999999
70144,0.008055719999999999
70400,0.008045219999999999
70656,0.008034119999999999
70912,0.00802342
71168,0.00801272
71424,0.00800162
71680,0.00799082
71936,0.00797972
72192,0.00796862
72448,0.007958119999999999
72704,0.00794742
72960,0.007936519999999999
73216,0.00792562
73472,0.007914019999999999
73728,0.00790342
73984,0.00789282
74240,0.00788202
74496,0.00787152
74752,0.00786112
75008,0.00785002
75264,0.00783922
75520,0.007827919999999999
75776,0.00781672
76032,0.007806019999999999
76288,0.007795419999999999
76544,0.00778452
76800,0.00777372
77056,0.00776232
77312,0.00775112
77568,0.007740519999999999
77824,0.00772952
78080,0.007718319999999999
78336,0.0077074199999999995
78592,0.00821833
78848,0.008207329999999999
79104,0.00819663
79360,0.008185129999999999
79616,0.008173630000000001
79872,0.008162929999999999
80128,0.00815233
80384,0.00814043
80640,0.00812953
80896,0.00811893
81152,0.008108029999999999
81408,0.008097029999999998
81664,0.008086030000000001
81920,0.008074930000000001
82176,0.00806393
82432,0.00805303
82688,0.00804123
82944,0.008031029999999998
83200,0.008019829999999999
83456,0.008008930000000001
83712,0.00799753
83968,0.00798573
84224,0.007975030000000001
84480,0.007963829999999998
84736,0.007952230000000001
84992,0.007941029999999998
85248,0.00792963
85504,0.00791863
85760,0.007907729999999998
86016,0.00789623
86272,0.00788523
86528,0.00787353
86784,0.00786193
87040,0.007850529999999998
87296,0.007839429999999998
87552,0.007828129999999999
87808,0.00781733
88064,0.00780623
88320,0.007794729999999999
88576,0.0077835299999999994
88832,0.0077718299999999995
89088,0.00775973
89344,0.00774833
89600,0.00773783
89856,0.00772643
90112,0.00771513
90368,0.007703529999999999
90624,0.00769223
90880,0.00768143
91136,0.007669929999999999
91392,0.007658529999999999
91648,0.00764673
91904,0.0076351299999999995
92160,0.007624629999999999
92416,0.007613529999999999
92672,0.007602429999999999
92928,0.007591129999999999
93184,0.0075796299999999995
93440,0.00756873
93696,0.007557829999999999
93952,0.007546129999999999
94208,0.00753463
94464,0.00752313
94720,0.007511029999999999
94976,0.00749983
95232,0.007488329999999999
95488,0.007476629999999999
95744,0.0074654299999999995
96000,0.00745393
96256,0.0074426299999999996
96512,0.00743113
96768,0.00741953
97024,0.007408229999999999
97280,0.00739663
97536,0.007384329999999999
97792,0.00737223
98048,0.00736083
98304,0.00734913
98560,0.007337529999999999
98816,0.00732573
99072,0.0073138299999999995
99328,0.00730183
99584,0.007289629999999999
99840,0.007277729999999999
100096,0.007265429999999999
100352,0.00725733
100608,0.00725673
100864,0.007256329999999999
101120,0.00725613
101376,0.0072558300000000004
101632,0.007255529999999999
101888,0.00725533
102144,0.007255129999999999
102400,0.0072548299999999994
102656,0.007254629999999999
102912,0.00725443
103168,0.0072542299999999995
103424,0.007254029999999999
103680,0.005327629999999999
103936,0.00466853
104192,0.004101329999999999
104448,0.0035764299999999994
104704,0.0055857
104960,0.005539099999999999
105216,0.005538799999999999
105472,0.0055385999999999986
105728,0.0055384
105984,0.005538199999999999
106240,0.0055381
106496,0.005537999999999999
106752,0.005537899999999999
107008,0.0055378
107264,0.005537599999999999
107520,0.005537399999999999
107776,0.005537299999999999
108032,0.0055372
108288,0.005536499999999999
108544,0.005529
108800,0.0055176
109056,0.0055089
109312,0.005501699999999999
109568,0.0054948
109824,0.005487959999999999
110080,0.005480999999999999
110336,0.0054741899999999994
110592,0.005467549999999999
110848,0.005460799999999999
111104,0.0054540199999999995
111360,0.00544787
111616,0.005440969999999999
111872,0.005434179999999999
112128,0.005427249999999999
112384,0.005420499999999999
112640,0.005414019999999999
112896,0.005407099999999999
113152,0.00540026
113408,0.005393109999999999
113664,0.0053862
113920,0.00537949
114176,0.00537299
114432,0.005365879999999999
114688,0.00535875
114944,0.0053517999999999994
115200,0.0053447
115456,0.005337489999999999
115712,0.00533063
115968,0.00532401
116224,0.005317169999999999
116480,0.0053102
116736,0.005303429999999999
116992,0.00529678
117248,0.00529038
117504,0.005283169999999999
117760,0.00527631
118016,0.005269509999999999
118272,0.005262759999999999
118528,0.005255829999999999
118784,0.005249109999999999
119040,0.00524188
119296,0.005234799999999999
119552,0.00522761
119808,0.005220359999999999
120064,0.005213759999999999
120320,0.0052066199999999995
120576,0.005199949999999999
120832,0.005192899999999999
121088,0.005185889999999999
121344,0.0051788
121600,0.0051721399999999996
121856,0.00516541
122112,0.005158489999999999
122368,0.005151749999999999
122624,0.00514494
122880,0.005138049999999999
123136,0.005131099999999999
123392,0.0051241099999999986
123648,0.0051174
123904,0.0051105099999999995
124160,0.00510367
124416,0.00509677
124672,0.00508965
124928,0.00508236
125184,0.00507483
125440,0.005067639999999999
125696,0.005060599999999999
125952,0.00505353
126208,0.005046359999999999
126464,0.00503917
126720,0.0050322399999999995
126976,0.00502542
127232,0.00501869
127488,0.00501203
127744,0.005005169999999999
128000,0.0049983599999999994
128256,0.004991679999999999
128512,0.004984769999999999
128768,0.0049776099999999995
129024,0.004970459999999999
129280,0.004963089999999999
129536,0.00495598
129792,0.0049489799999999995
130048,0.00494186
130304,0.004934489999999999
130560,0.0049270699999999995
130816,0.005258269999999999
131072,0.005251269999999999
131328,0.005243909999999999
131584,0.005236519999999998
131840,0.005229449999999998
132096,0.0052222499999999995
132352,0.005215309999999999
132608,0.005207659999999999
132864,0.005199899999999999
133120,0.005192399999999998
133376,0.005185189999999999
133632,0.0051778499999999995
133888,0.005170479999999998
134144,0.005163459999999998
134400,0.005155969999999999
134656,0.005148269999999998
134912,0.005140959999999998
135168,0.005133999999999998
135424,0.005126459999999999
135680,0.005119379999999998
135936,0.005112049999999998
136192,0.0051046899999999985
136448,0.0050973899999999985
136704,0.005089759999999999
136960,0.005082729999999999
137216,0.005075799999999998
137472,0.005068679999999999
137728,0.0050614699999999985
137984,0.005054179999999998
138240,0.0050468499999999986
138496,0.00503996
138752,0.005032629999999998
139008,0.005025179999999999
139264,0.005017859999999999
139520,0.005010259999999999
139776,0.005002359999999999
140032,0.004994939999999998
140288,0.00498767
140544,0.004980769999999999
140800,0.004973629999999998
141056,0.004966499999999999
141312,0.0049593499999999995
141568,0.00495203
141824,0.004944599999999999
142080,0.004937369999999998
142336,0.004929799999999998
142592,0.004921799999999999
142848,0.004914099999999999
143104,0.004906329999999999
143360,0.0048981799999999985
143616,0.004890559999999999
143872,0.00488339
144128,0.004876309999999998
144384,0.0048689699999999985
144640,0.0048616699999999985
144896,0.004854219999999999
145152,0.004846699999999999
145408,0.0048394799999999984
145664,0.004832049999999999
145920,0.004824309999999998
146176,0.004816879999999999
146432,0.004809139999999998
146688,0.004801139999999999
146944,0.00479342
147200,0.0047861399999999995
147456,0.004778559999999999
147712,0.004771129999999998
147968,0.004763509999999999
148224,0.0047559299999999985
148480,0.0047481599999999995
148736,0.004740359999999999
148992,0.00473267
149248,0.0047250999999999994
149504,0.004717529999999999
149760,0.004710099999999998
150016,0.00470287
150272,0.004695429999999999
150528,0.004687619999999998
150784,0.0046802699999999985
151040,0.004672999999999998
151296,0.004665359999999999
151552,0.004657819999999998
151808,0.004650169999999999
152064,0.004642669999999998
152320,0.004634749999999998
152576,0.004626729999999999
152832,0.004619069999999999
153088,0.004611499999999999
153344,0.004603819999999998
153600,0.004596169999999998
153856,0.004588589999999998
154112,0.004580349999999999
154368,0.004573319999999999
154624,0.004565509999999998
154880,0.004557919999999998
155136,0.004550049999999998
155392,0.004542149999999998
155648,0.004534389999999999
155904,0.004526679999999998
156160,0.004518939999999999
156416,0.004511129999999999
156672,0.004503609999999998
156928,0.0047685900000000005
157184,0.00476111
157440,0.0047535599999999996
157696,0.00474615
157952,0.00473829
158208,0.00473046
158464,0.0047227200000000006
158720,0.00471403
158976,0.0047046200000000005
159232,0.00469653
159488,0.004688739999999999
159744,0.004681220000000001
160000,0.0046733700000000005
160256,0.004665659999999999
160512,0.00465794
160768,0.004649939999999999
161024,0.00464192
161280,0.00463398
161536,0.00462608
161792,0.0046184400000000006
162048,0.00461065
162304,0.004602950000000001
162560,0.0045954
162816,0.00458732
163072,0.00457845
163328,0.00456625
163584,0.00455888
163840,0.0045569799999999995
164096,0.00455696
164352,0.00455695
164608,0.00455695
164864,0.00455695
165120,0.00455695
165376,0.00455695
165632,0.00455695
165888,0.00455695
166144,0.00455695
166400,0.00455695
166656,0.00455695
166912,0.00455695
167168,0.00455695
167424,0.00455695
167680,0.00455695
167936,0.00455695
168192,0.00455695
168448,0.00455695
168704,0.00455695
168960,0.00455695
169216,0.00455695
169472,0.00455695
169728,0.00455695
169984,0.00455695
170240,0.00455695
170496,0.00455695
170752,0.00455695
171008,0.00455695
171264,0.00455695
171520,0.00455695
171776,0.00455695
172032,0.00455695
172288,0.00455695
172544,0.00455695
172800,0.00455695
173056,0.00455695
173312,0.00455695
173568,0.00455693
173824,0.00455691
174080,0.00455689
174336,0.00455687
174592,0.00455684
174848,0.0045568100000000005
175104,0.004556790000000001
175360,0.004556770000000001
175616,0.004556739999999999
175872,0.004556729999999999
176128,0.004556709999999999
176384,0.004556709999999999
176640,0.004556709999999999
176896,0.004556709999999999
177152,0.004556709999999999
177408,0.004556709999999999
177664,0.004556709999999999
177920,0.004556709999999999
178176,0.004556709999999999
178432,0.004556709999999999
178688,0.004556709999999999
178944,0.004556709999999999
179200,0.004556709999999999
179456,0.004556709999999999
179712,0.004556709999999999
179968,0.004556709999999999
180224,0.004556709999999999
180480,0.004556709999999999
180736,0.004556709999999999
180992,0.004556709999999999
181248,0.004556709999999999
181504,0.004556709999999999
181760,0.0045566999999999995
182016,0.0045566899999999995
182272,0.00455664
182528,0.00455662
182784,0.00455658
183040,0.004557090000000001
183296,0.004557050000000001
183552,0.004557020000000001
183808,0.0045569899999999995
184064,0.0045569799999999995
184320,0.00455697
184576,0.00455696
184832,0.00455693
185088,0.00455693
185344,0.00455693
185600,0.00455693
185856,0.00455693
186112,0.00455693
186368,0.00455693
186624,0.00455693
186880,0.00455693
187136,0.00455693
187392,0.00455693
187648,0.00455693
187904,0.00455692
188160,0.00455692
188416,0.00455692
188672,0.00455692
188928,0.00455692
189184,0.00455692
189440,0.00455692
189696,0.00455692
189952,0.00455692
190208,0.00455692
190464,0.00455692
190720,0.00455692
190976,0.00455692
191232,0.00455692
191488,0.00455692
191744,0.00455692
192000,0.00455692
192256,0.00455692
192512,0.00455689
192768,0.00455686
193024,0.004556800000000001
193280,0.004556770000000001
193536,0.004556760000000001
193792,0.004556740000000001
194048,0.004556710000000001
194304,0.0045566899999999995
194560,0.0045566899999999995
194816,0.00455667
195072,0.00455663
195328,0.0045566
195584,0.0045566
195840,0.0045566
196096,0.0045566
196352,0.0045566
196608,0.0045566
196864,0.0045566
197120,0.0045566
197376,0.0045566
197632,0.0045566
197888,0.0045566
198144,0.0045566
198400,0.0045566
198656,0.0045566
198912,0.0045566
199168,0.0045566
199424,0.0045566
199680,0.0045566
199936,0.0045566
200192,0.0045566
200448,0.0045566
200704,0.00455659
200960,0.00455658
201216,0.00455658
201472,0.00455658
201728,0.00455656
201984,0.0045565200000000005
202240,0.004556480000000001
202496,0.004556450000000001
202752,0.0045564099999999995
203008,0.0045563999999999995
203264,0.00455639
203520,0.00455638
203776,0.00455637
204032,0.00455636
204288,0.00455636
204544,0.00455636
204800,0.00455636
205056,0.00455636
205312,0.00455636
205568,0.00455636
205824,0.00455636
206080,0.00455636
206336,0.00455636
206592,0.00455636
206848,0.00455636
207104,0.00455636
207360,0.00455636
207616,0.00455636
207872,0.00455636
208128,0.00455636
208384,0.00455636
208640,0.00455636
208896,0.00455636
209152,0.00455648
209408,0.00455648
209664,0.00455648
209920,0.00455648
210176,0.00455648
210432,0.00455648
210688,0.00455648
210944,0.00455648
211200,0.00455648
211456,0.00455648
211712,0.00455648
211968,0.00455648
212224,0.00455648
212480,0.00455648
212736,0.00455648
212992,0.00455648
213248,0.00455648
213504,0.00455648
213760,0.00455648
214016,0.00455648
214272,0.00455648
214528,0.00455648
214784,0.00455648
215040,0.00455648
215296,0.00455648
215552,0.00455648
215808,0.00455648
216064,0.00455648
216320,0.00455648
216576,0.00455648
216832,0.00455648
217088,0.00455647
217344,0.00455647
217600,0.00455647
217856,0.00455647
218112,0.00455647
218368,0.00455647
218624,0.00455647
218880,0.00455647
219136,0.00455647
219392,0.00455647
219648,0.00455647
219904,0.00455647
220160,0.00455647
220416,0.00455647
220672,0.00455647
220928,0.00455647
221184,0.00455647
221440,0.00455647
221696,0.00455647
221952,0.00455647
222208,0.00455647
222464,0.00455647
222720,0.00455647
222976,0.00455647
223232,0.00455647
223488,0.00455647
223744,0.00455647
224000,0.00455647
224256,0.00455647
224512,0.00455647
224768,0.00455647
225024,0.00455647
225280,0.00455647
225536,0.00455647
225792,0.00455647
226048,0.00455647
226304,0.00455647
226560,0.00455647
226816,0.00455647
227072,0.00455647
227328,0.00455647
227584,0.00455647
227840,0.00455647
228096,0.00455647
228352,0.00455647
228608,0.00455647
228864,0.00455647
229120,0.00455647
229376,0.00455647
229632,0.00455647
229888,0.00455647
230144,0.00455646
230400,0.00455645
230656,0.00455642
230912,0.0045563800000000005
231168,0.004556360000000001
231424,0.004556360000000001
231680,0.004556350000000001
231936,0.004556330000000001
232192,0.004556310000000001
232448,0.004556300000000001
232704,0.004556290000000001
232960,0.004556290000000001
233216,0.004556290000000001
233472,0.004556290000000001
233728,0.004556290000000001
233984,0.004556290000000001
234240,0.004556290000000001
234496,0.004556290000000001
234752,0.004556290000000001
235008,0.004556290000000001
235264,0.00455636
235520,0.00455636
235776,0.00455636
236032,0.00455636
236288,0.00455636
236544,0.00455636
236800,0.00455636
237056,0.00455636
237312,0.00455636
237568,0.00455636
237824,0.00455636
238080,0.00455635
238336,0.00455633
238592,0.004556289999999998
238848,0.004556249999999999
239104,0.004556219999999999
239360,0.004556189999999999
239616,0.004556179999999999
239872,0.004556159999999999
240128,0.004556139999999999
240384,0.0045561199999999994
240640,0.0045561099999999995
240896,0.0045560999999999996
241152,0.0045560999999999996
241408,0.0045560999999999996
241664,0.0045560999999999996
241920,0.0045560999999999996
242176,0.0045560999999999996
242432,0.0045560999999999996
242688,0.0045560999999999996
242944,0.0045560999999999996
243200,0.0045560999999999996
243456,0.00455609
243712,0.00455608
243968,0.00455608
244224,0.00455608
244480,0.00455608
244736,0.00455608
244992,0.00455608
245248,0.00455608
245504,0.00455608
245760,0.00455608
246016,0.00455608
246272,0.00455608
246528,0.00455608
246784,0.00455608
247040,0.00455608
247296,0.00455608
247552,0.00455608
247808,0.00455608
248064,0.00455608
248320,0.00455608
248576,0.00455606
248832,0.00455604
249088,0.004556009999999998
249344,0.0045559799999999985
249600,0.004555969999999999
249856,0.004555959999999999
250112,0.004555939999999999
250368,0.004555919999999999
250624,0.004555909999999999
250880,0.004555909999999999
251136,0.004555889999999999
251392,0.004555859999999999
251648,0.004555849999999999
251904,0.004555849999999999
252160,0.004555849999999999
252416,0.004555849999999999
252672,0.004555849999999999
252928,0.004555849999999999
253184,0.004555849999999999
253440,0.004555849999999999
253696,0.004555849999999999
253952,0.004555849999999999
254208,0.004555849999999999
254464,0.004555849999999999
254720,0.004555849999999999
254976,0.004555849999999999
255232,0.004555849999999999
255488,0.004555849999999999
255744,0.004555849999999999
256000,0.004555849999999999
256256,0.004555849999999999
256512,0.004555849999999999
256768,0.004555849999999999
257024,0.004555849999999999
257280,0.004555849999999999
257536,0.004555839999999999
257792,0.0045558199999999995
258048,0.00455579
258304,0.00455577
258560,0.00455575
258816,0.00455574
259072,0.004555729999999998
259328,0.004555729999999998
259584,0.004555719999999998
259840,0.004555709999999998
260096,0.0045556899999999985
260352,0.004555669999999999
260608,0.004555659999999999
260864,0.004555649999999999
261120,0.004555649999999999
