cache_lines,MRC
256,0.102708
512,0.098948
768,0.0967129
1024,0.0950217
1280,0.0936694
1536,0.0924731
1792,0.0914168
2048,0.0905081
2304,0.0896687
2560,0.0888844
2816,0.0881076
3072,0.0873894
3328,0.0867195
3584,0.0860582
3840,0.085383
4096,0.084735
4352,0.0840805
4608,0.0834313
4864,0.0828007
5120,0.0821514
5376,0.0814856
5632,0.08087
5888,0.0802355
6144,0.0796044
6400,0.0789769
6656,0.0783482
6912,0.0777105
7168,0.0770866
7424,0.0764377
7680,0.0757954
7936,0.0751696
8192,0.0745396
8448,0.0739202
8704,0.0732929
8960,0.07267
9216,0.0720732
9472,0.071439
9728,0.0708087
9984,0.0701457
10240,0.0694872
10496,0.0688419
10752,0.0681801
11008,0.0675228
11264,0.0669009
11520,0.0662447
11776,0.0655883
12032,0.0649372
12288,0.0642901
12544,0.0635975
12800,0.0629435
13056,0.0622621
13312,0.0616066
13568,0.060949
13824,0.0602703
14080,0.0596246
14336,0.0589799
14592,0.0583183
14848,0.057643
15104,0.0569197
15360,0.0562317
15616,0.0555573
15872,0.0548732
16128,0.0541856
16384,0.0534956
16640,0.0528169
16896,0.052101
17152,0.0513744
17408,0.0506755
17664,0.0499307
17920,0.0492265
18176,0.0485953
18432,0.0480129
18688,0.0474349
18944,0.046855
19200,0.0462674
19456,0.045675
19712,0.0450966
19968,0.0445449
20224,0.04394
20480,0.0433312
20736,0.0427698
20992,0.0422021
21248,0.0416207
21504,0.0410583
21760,0.0404464
22016,0.0398639
22272,0.0379999
22528,0.0374199
22784,0.0368258
23040,0.0362606
23296,0.0356478
23552,0.0350641
23808,0.0344815
24064,0.0339499
24320,0.0334114
24576,0.0328542
24832,0.032349
25088,0.0318402
25344,0.0313122
25600,0.0307729
25856,0.0302124
26112,0.0297361
26368,0.0291972
26624,0.0287127
26880,0.0281903
27136,0.0277116
27392,0.0272817
27648,0.0268697
27904,0.0264494
28160,0.0260424
28416,0.0256503
28672,0.0252427
28928,0.0248259
29184,0.0242998
29440,0.023861
29696,0.0234722
29952,0.0229796
30208,0.0225329
30464,0.0220997
30720,0.0217144
30976,0.0213196
31232,0.0209272
31488,0.0205305
31744,0.0201336
32000,0.0197407
32256,0.0193589
32512,0.0189994
32768,0.0186873
33024,0.0183713
33280,0.0180739
33536,0.0177855
33792,0.0174207
34048,0.0171103
34304,0.0168111
34560,0.0165157
34816,0.0162037
35072,0.0159354
35328,0.0156432
35584,0.0153888
35840,0.0151454
36096,0.0148879
36352,0.0146437
36608,0.0143963
36864,0.0141721
37120,0.0139467
37376,0.0136483
37632,0.0133543
37888,0.0130605
38144,0.012729
38400,0.0124528
38656,0.0122068
38912,0.0119875
39168,0.0117612
39424,0.011539
39680,0.0113176
39936,0.0111072
40192,0.0108224
40448,0.0106204
40704,0.0104209
40960,0.0101168
41216,0.00990483
41472,0.00971476
41728,0.00951129
41984,0.00932256
42240,0.009099
42496,0.00891123
42752,0.0087072
43008,0.00850121
43264,0.00830356
43520,0.0081258
43776,0.00793127
44032,0.00772679
44288,0.00753001
44544,0.00734054
44800,0.00714827
45056,0.00694779
45312,0.00673441
45568,0.00653569
45824,0.00633589
46080,0.0061455
46336,0.00598041
46592,0.00581386
46848,0.00563015
47104,0.00543768
47360,0.00524079
47616,0.00505779
47872,0.00489595
48128,0.00472362
48384,0.00453971
48640,0.00434826
48896,0.0041542
49152,0.0039766
49408,0.00378529
49664,0.00359944
49920,0.00340179
50176,0.00319319
50432,0.00297187
50688,0.00281481
50944,0.00267197
51200,0.00253223
51456,0.00238972
51712,0.00226117
51968,0.00221622
52224,0.00216839
52480,0.0021239
52736,0.00208832
52992,0.00205184
53248,0.00201729
53504,0.00198163
53760,0.00194682
54016,0.00190915
54272,0.00187844
54528,0.0018577
54784,0.00183475
55040,0.00181617
55296,0.00179752
55552,0.00178056
55808,0.00176002
56064,0.00174171
56320,0.00172547
56576,0.00171065
56832,0.00168981
57088,0.00166976
57344,0.00164993
57600,0.00163097
57856,0.00161124
58112,0.0015962
58368,0.00158013
58624,0.00156451
58880,0.00154702
59136,0.00153291
59392,0.00151439
59648,0.00149684
59904,0.00147854
60160,0.00145842
60416,0.00144304
60672,0.00142511
60928,0.00140931
61184,0.00139335
61440,0.00137744
61696,0.00136492
61952,0.00134926
62208,0.00133383
62464,0.00132102
62720,0.00130359
62976,0.00128908
63232,0.00127212
63488,0.00125693
63744,0.00124208
64000,0.00122977
64256,0.00120739
64512,0.00118909
64768,0.00116795
65024,0.00115176
65280,0.00113551
65536,0.00112113
65792,0.0011068
66048,0.00109227
66304,0.00107316
66560,0.00105823
66816,0.00104023
67072,0.00102074
67328,0.00100215
67584,0.000991245
67840,0.000979956
68096,0.000964305
68352,0.000954139
68608,0.00094524
68864,0.000936642
69120,0.000925166
69376,0.000915139
69632,0.000905625
69888,0.00089545
70144,0.000886772
70400,0.000875949
70656,0.000869913
70912,0.000858601
71168,0.000849999
71424,0.000839024
71680,0.000829617
71936,0.000821974
72192,0.00081773
72448,0.000812439
72704,0.000808049
72960,0.000804945
73216,0.00080176
73472,0.000800236
73728,0.000798151
73984,0.000796261
74240,0.000790436
74496,0.000786619
74752,0.000783422
75008,0.000778585
75264,0.000774217
75520,0.000771149
75776,0.000766074
76032,0.000760202
76288,0.0007564
76544,0.00075175
76800,0.000746677
77056,0.000740547
77312,0.000733919
77568,0.000727329
77824,0.000720529
78080,0.000717729
78336,0.000711729
78592,0.000706459
78848,0.000700462
79104,0.000693286
79360,0.000688853
79616,0.000686121
79872,0.000685027
80128,0.000683038
80384,0.000683038
80640,0.000681496
80896,0.000679491
81152,0.000677452
81408,0.000675612
81664,0.00067338
81920,0.000671474
82176,0.00066064
82432,0.00064885
82688,0.000647575
82944,0.000647575
83200,0.000647575
83456,0.000647575
83712,0.000647575
83968,0.000647575
84224,0.000647575
84480,0.000642237
84736,0.0006284
84992,0.000620447
85248,0.000619436
85504,0.000619436
85760,0.000619436
86016,0.000618047
86272,0.000616392
86528,0.00061189
86784,0.000604806
87040,0.000591603
87296,0.000586695
87552,0.000585516
87808,0.00058513
88064,0.00058513
88320,0.00058513
88576,0.00058513
88832,0.00058513
89088,0.000584047
89344,0.000559324
89600,0.000517698
89856,0.000509194
90112,0.000506117
90368,0.000504569
90624,0.000504569
90880,0.000504569
91136,0.000504569
91392,0.000504569
91648,0.000504569
91904,0.000504569
92160,0.000504183
92416,0.000504183
92672,0.000504183
92928,0.000503798
93184,0.000503798
93440,0.000503798
93696,0.000503413
93952,0.000503413
94208,0.000503037
94464,0.000501924
94720,0.000501485
94976,0.000500714
95232,0.000500714
95488,0.000500714
95744,0.000500714
96000,0.000500714
96256,0.000500714
96512,0.000500714
96768,0.000500714
97024,0.000500714
97280,0.000500714
97536,0.000500714
97792,0.000500714
98048,0.000500537
98304,0.000489137
98560,0.000459582
98816,0.000437357
99072,0.00043388
99328,0.000433644
99584,0.000433644
99840,0.000433644
100096,0.000433644
100352,0.000433644
100608,0.000433644
100864,0.000433644
101120,0.000433644
101376,0.000433644
101632,0.000433644
101888,0.000433644
102144,0.000433644
102400,0.000433282
102656,0.000432488
102912,0.000430968
103168,0.000430946
103424,0.000430946
103680,0.000430946
103936,0.00043056
104192,0.00043056
104448,0.000430175
104704,0.000430175
104960,0.000430175
105216,0.000430175
105472,0.000429917
105728,0.000417231
105984,0.000409895
106240,0.000386454
106496,0.000350451
106752,0.000337447
107008,0.000336893
107264,0.000335706
107520,0.000334583
107776,0.00033458
108032,0.00033426
108288,0.000334195
108544,0.000334195
108800,0.000334195
109056,0.000334195
109312,0.000334195
109568,0.000334195
109824,0.000334195
110080,0.000334195
110336,0.000334195
110592,0.000334174
110848,0.00033381
111104,0.00033381
111360,0.00033381
111616,0.00033381
111872,0.00033381
112128,0.00033381
112384,0.00033381
112640,0.00033381
112896,0.00033381
113152,0.00032934
113408,0.000315662
113664,0.000314922
113920,0.000314922
114176,0.000314922
114432,0.000314922
114688,0.000314922
114944,0.000314922
115200,0.000314922
115456,0.000314922
115712,0.000314922
115968,0.000314394
116224,0.000314151
116480,0.000313152
116736,0.000312995
116992,0.000312995
117248,0.000312628
117504,0.000312609
117760,0.000312609
118016,0.000312609
118272,0.000312609
118528,0.000312609
118784,0.000312609
119040,0.000312609
119296,0.000312609
119552,0.000312197
119808,0.000311838
120064,0.000309128
120320,0.00030038
120576,0.000296101
120832,0.000293995
121088,0.000289481
121344,0.000288761
121600,0.000288711
121856,0.000288325
122112,0.000288325
122368,0.000288325
122624,0.000288325
122880,0.00028794
123136,0.00028794
123392,0.00028794
123648,0.000287485
123904,0.000287169
124160,0.000287169
124416,0.000286783
124672,0.000286783
124928,0.0002856
125184,0.000284856
125440,0.000284856
125696,0.000284856
125952,0.000284856
126208,0.000284856
126464,0.000284856
126720,0.000284856
126976,0.000284856
127232,0.000284856
127488,0.000284856
127744,0.00028447
128000,0.00028447
128256,0.000283715
128512,0.0002837
128768,0.0002837
129024,0.0002837
129280,0.0002837
129536,0.0002837
129792,0.0002837
130048,0.0002837
130304,0.0002837
130560,0.000283314
130816,0.000283314
131072,0.000282605
131328,0.000282293
131584,0.000282012
131840,0.000281729
132096,0.000281387
132352,0.000281387
132608,0.000281387
132864,0.000281387
133120,0.000281387
133376,0.000281387
133632,0.000281387
133888,0.000281387
134144,0.000281001
134400,0.000281001
134656,0.000280616
134912,0.000277684
135168,0.0002761
135424,0.00027599
135680,0.000275795
135936,0.000275219
136192,0.000275219
136448,0.000274997
136704,0.000274448
136960,0.000274397
137216,0.000274063
137472,0.000274063
137728,0.000274063
137984,0.000274063
138240,0.000274063
138496,0.000274063
138752,0.000274063
139008,0.000274063
139264,0.000274063
139520,0.000274063
139776,0.000274063
140032,0.000274063
140288,0.000273678
140544,0.000273292
140800,0.000272958
141056,0.000272521
141312,0.000272348
141568,0.000272136
141824,0.00027175
142080,0.00027175
142336,0.000271506
142592,0.000271365
142848,0.000271365
143104,0.000271365
143360,0.000271365
143616,0.000271365
143872,0.000270979
144128,0.000270979
144384,0.000270979
144640,0.000270979
144896,0.000270979
145152,0.000270254
145408,0.00026963
145664,0.000268667
145920,0.000268326
146176,0.000267896
146432,0.000267896
146688,0.000267896
146944,0.000267829
147200,0.00026751
147456,0.00026751
147712,0.00026751
147968,0.000267328
148224,0.000267125
148480,0.000267125
148736,0.000267125
148992,0.000267125
149248,0.000267125
149504,0.000267125
149760,0.000266739
150016,0.000266701
150272,0.000266354
150528,0.000266354
150784,0.000266354
151040,0.000265634
151296,0.000265197
151552,0.000265197
151808,0.000265197
152064,0.000265197
152320,0.000265197
152576,0.000265197
152832,0.000265197
153088,0.000265197
153344,0.000265197
153600,0.000265197
153856,0.000264932
154112,0.000264607
154368,0.000264426
154624,0.000264426
154880,0.000264426
155136,0.000264426
155392,0.000264426
155648,0.000264426
155904,0.000264426
156160,0.000264426
156416,0.000264426
156672,0.000264426
156928,0.000264101
157184,0.000264041
157440,0.000263832
157696,0.000263656
157952,0.000263561
158208,0.000263231
158464,0.000262885
158720,0.000261869
158976,0.000261343
159232,0.000261343
159488,0.000261343
159744,0.000261343
160000,0.000261343
160256,0.000261343
160512,0.000261343
160768,0.000261048
161024,0.000260572
161280,0.000260572
161536,0.000260572
161792,0.000260522
162048,0.000260186
162304,0.000260186
162560,0.000260186
162816,0.000259846
163072,0.000259484
163328,0.000259121
163584,0.00025903
163840,0.00025903
164096,0.00025903
164352,0.00025903
164608,0.000258846
164864,0.000258645
165120,0.000258645
165376,0.000258645
165632,0.000258547
165888,0.000258259
166144,0.000258259
166400,0.000258225
166656,0.00025786
166912,0.000257495
167168,0.000257488
167424,0.000257149
167680,0.000256783
167936,0.000256717
168192,0.000256717
168448,0.000256454
168704,0.000256332
168960,0.000256332
169216,0.000256332
169472,0.000256332
169728,0.000256332
169984,0.000256332
170240,0.000256332
170496,0.000256332
170752,0.000256136
171008,0.000255561
171264,0.000255561
171520,0.000255561
171776,0.000255532
172032,0.000255175
172288,0.000255175
172544,0.000255175
172800,0.000255175
173056,0.000255175
173312,0.000255175
173568,0.000255175
173824,0.000255175
174080,0.000255175
174336,0.000255175
174592,0.000255175
174848,0.000255175
175104,0.000254978
175360,0.000254609
175616,0.000254404
175872,0.000254404
176128,0.000254404
176384,0.000254404
176640,0.000254404
176896,0.000254404
177152,0.000254404
177408,0.000254348
177664,0.000254019
177920,0.000254019
178176,0.000254019
178432,0.000254019
178688,0.000254019
178944,0.000254019
179200,0.000254019
179456,0.000254019
179712,0.000254019
179968,0.000254019
180224,0.000254019
180480,0.000254019
180736,0.000254019
180992,0.000254019
181248,0.000254019
181504,0.000254019
181760,0.000254019
182016,0.000254019
182272,0.000253862
182528,0.000253491
182784,0.000253248
183040,0.000253248
183296,0.000253248
183552,0.000253248
183808,0.000253248
184064,0.000253248
184320,0.000253248
184576,0.000253248
184832,0.000253195
185088,0.000252087
185344,0.000251713
185600,0.000251706
185856,0.000251706
186112,0.000251706
186368,0.000251706
186624,0.000251706
186880,0.000251397
187136,0.000251321
187392,0.000251033
187648,0.000250935
187904,0.000250935
188160,0.000250935
188416,0.000250935
188672,0.000250935
188928,0.000250935
189184,0.000250507
189440,0.000249959
189696,0.000249583
189952,0.000248828
190208,0.000248237
190464,0.000248237
190720,0.000248068
190976,0.000247852
191232,0.000247852
191488,0.000247852
191744,0.000247852
192000,0.000247852
192256,0.000247852
192512,0.000247852
192768,0.000247852
193024,0.000247852
193280,0.00024774
193536,0.000247466
193792,0.000247466
194048,0.000247466
194304,0.000247466
194560,0.00024721
194816,0.00024631
195072,0.00024631
195328,0.00024631
195584,0.00024631
195840,0.000246242
196096,0.000245924
196352,0.000245924
196608,0.000245924
196864,0.000245924
197120,0.000245924
197376,0.000245924
197632,0.000245876
197888,0.000245539
198144,0.000245539
198400,0.000245498
198656,0.000245153
198912,0.000245153
199168,0.000245081
199424,0.000244382
199680,0.000244347
199936,0.000243997
200192,0.000243997
200448,0.000243997
200704,0.000243997
200960,0.000243997
201216,0.000243997
201472,0.000243961
201728,0.000243612
201984,0.000243574
202240,0.000243226
202496,0.000243226
202752,0.000243226
203008,0.000243226
203264,0.000243226
203520,0.000243226
203776,0.000243226
204032,0.000243226
204288,0.000243226
204544,0.000243226
204800,0.000243173
205056,0.000242841
205312,0.000242783
205568,0.000242395
205824,0.000242007
206080,0.000241551
206336,0.000240913
206592,0.000240913
206848,0.000240913
207104,0.000240913
207360,0.000240913
207616,0.000240913
207872,0.000240913
208128,0.000240806
208384,0.000240415
208640,0.000240142
208896,0.000240142
209152,0.000240142
209408,0.000240142
209664,0.000240142
209920,0.000239687
210176,0.000238507
210432,0.00023783
210688,0.00023783
210944,0.00023783
211200,0.00023783
211456,0.00023783
211712,0.00023783
211968,0.00023783
212224,0.00023783
212480,0.00023783
212736,0.000237043
212992,0.000236673
213248,0.000236673
213504,0.000236673
213760,0.000236051
214016,0.000235902
214272,0.000235564
214528,0.000235517
214784,0.000235517
215040,0.000235517
215296,0.000235517
215552,0.000235517
215808,0.000235479
216064,0.000235131
216320,0.000235131
216576,0.00023505
216832,0.000234746
217088,0.000234746
217344,0.00023449
217600,0.000233686
217856,0.000233204
218112,0.000233204
218368,0.000233204
218624,0.000233204
218880,0.000233204
219136,0.000233204
219392,0.000233204
219648,0.000232626
219904,0.000232433
220160,0.000232433
220416,0.000232433
220672,0.000232433
220928,0.000232433
221184,0.000232007
221440,0.000231277
221696,0.000231214
221952,0.000230891
222208,0.000230891
222464,0.000230891
222720,0.000230891
222976,0.000230718
223232,0.000230506
223488,0.000230506
223744,0.000230506
224000,0.000230241
224256,0.00023012
224512,0.00023012
224768,0.00022945
225024,0.000228628
225280,0.000228579
225536,0.000228579
225792,0.000228363
226048,0.000226996
226304,0.000226788
226560,0.000226651
226816,0.000226651
227072,0.000226551
227328,0.000226343
227584,0.000226266
227840,0.000226266
228096,0.000226266
228352,0.000226266
228608,0.000226074
228864,0.000225866
229120,0.000225658
229376,0.000225495
229632,0.000225495
229888,0.000225495
230144,0.000225495
230400,0.000225495
230656,0.000225495
230912,0.000225353
231168,0.000225144
231424,0.000225109
231680,0.000225109
231936,0.000224903
232192,0.000224724
232448,0.000224724
232704,0.000224596
232960,0.000224177
233216,0.000223757
233472,0.000223336
233728,0.000222914
233984,0.000222491
234240,0.000222411
234496,0.000222411
234752,0.000222202
235008,0.000222026
235264,0.000222026
235520,0.000221952
235776,0.00022174
236032,0.00022164
236288,0.00022164
236544,0.00022164
236800,0.00022164
237056,0.00022164
237312,0.000221622
237568,0.00022141
237824,0.000221255
238080,0.000221255
238336,0.000220962
238592,0.000220322
238848,0.00021982
239104,0.000219392
239360,0.000219145
239616,0.000218942
239872,0.000218942
240128,0.000218942
240384,0.000218942
240640,0.000218942
240896,0.000218942
241152,0.000218652
241408,0.000218221
241664,0.00021798
241920,0.000217764
242176,0.000217548
242432,0.000217195
242688,0.000216544
242944,0.000215773
243200,0.000214899
243456,0.000214702
243712,0.000214698
243968,0.000214479
244224,0.00021426
244480,0.00021404
244736,0.00021382
244992,0.0002136
245248,0.000213546
245504,0.000213546
245760,0.000213546
246016,0.000213546
246272,0.000213546
246528,0.000213323
246784,0.000212881
247040,0.000212607
247296,0.000212389
247552,0.000212389
247808,0.000212389
248064,0.000212389
248320,0.000212389
248576,0.000212389
248832,0.000212389
249088,0.000212363
249344,0.00021192
249600,0.000211618
249856,0.000211618
250112,0.000211618
250368,0.000211618
250624,0.000211428
250880,0.000211233
251136,0.000211233
251392,0.000211233
251648,0.000211233
251904,0.000211233
252160,0.000211233
252416,0.000211025
252672,0.000210802
252928,0.000210579
253184,0.000210462
253440,0.000210462
253696,0.000210462
253952,0.000210462
254208,0.000210462
254464,0.000210326
254720,0.000209878
254976,0.000209691
255232,0.000209691
255488,0.000209302
255744,0.000208886
256000,0.000208661
256256,0.000208535
256512,0.000208535
256768,0.000208535
257024,0.000208535
257280,0.000208535
257536,0.000208535
257792,0.000208535
258048,0.000208535
258304,0.000208535
258560,0.000208535
258816,0.000208535
259072,0.000208535
259328,0.000208535
259584,0.000208535
259840,0.00020836
260096,0.000208118
260352,0.000207666
260608,0.000207295
260864,0.000207068
261120,0.000206993
261376,0.000206993
261632,0.000206993
261888,0.000206993
262144,0.000206993
262400,0.000206728
262656,0.000206272
262912,0.000206222
263168,0.000206222
263424,0.000206222
263680,0.000206222
263936,0.000206222
264192,0.000206222
264448,0.000206222
264704,0.000206222
264960,0.000206222
265216,0.000206222
265472,0.000206222
265728,0.000206222
265984,0.000206222
266240,0.000206222
266496,0.000206222
266752,0.000206222
267008,0.000206222
267264,0.000206222
267520,0.000206222
267776,0.000206222
268032,0.000206222
268288,0.000206222
268544,0.000206222
268800,0.000206168
269056,0.000205939
269312,0.000205836
269568,0.000205836
269824,0.000205441
270080,0.000205065
270336,0.000205065
270592,0.000205065
270848,0.000205065
271104,0.000205065
271360,0.000205065
271616,0.000205065
271872,0.000205065
272128,0.000205065
272384,0.000204886
272640,0.00020468
272896,0.00020468
273152,0.00020468
273408,0.00020468
273664,0.00020468
273920,0.00020468
274176,0.00020468
274432,0.000204589
274688,0.000204359
274944,0.000204128
275200,0.000203898
275456,0.000203667
275712,0.000203436
275968,0.000203204
276224,0.000203138
276480,0.000203126
276736,0.000202895
276992,0.000202753
277248,0.000202753
277504,0.000202753
277760,0.000202753
278016,0.000202753
278272,0.000202753
278528,0.000202753
278784,0.000202753
279040,0.000202753
279296,0.000202753
279552,0.000202753
279808,0.000202753
280064,0.000202753
280320,0.000202753
280576,0.000202753
280832,0.000202753
281088,0.000202753
281344,0.000202753
281600,0.000202725
281856,0.000202493
282112,0.000202367
282368,0.000202367
282624,0.000202367
282880,0.000202367
283136,0.000202367
283392,0.000202142
283648,0.000201676
283904,0.000201402
284160,0.000201211
284416,0.000201211
284672,0.000201211
284928,0.000201211
285184,0.000201211
285440,0.000201211
285696,0.000201211
285952,0.000201211
286208,0.000201211
286464,0.000201211
286720,0.000201211
286976,0.000201211
287232,0.000201211
287488,0.000201211
287744,0.000200978
288000,0.000200825
288256,0.000200825
288512,0.000200332
288768,0.000199669
289024,0.000199669
289280,0.000199669
289536,0.000199669
289792,0.000199483
290048,0.000199283
290304,0.000199283
290560,0.000199283
290816,0.000199283
291072,0.000199073
291328,0.000198837
291584,0.0001986
291840,0.000198213
292096,0.000197742
292352,0.000197742
292608,0.000197742
292864,0.000197742
293120,0.000197742
293376,0.000197742
293632,0.000197742
293888,0.000197742
294144,0.000197742
294400,0.000197742
294656,0.000197742
294912,0.000197742
295168,0.000197582
295424,0.000197356
295680,0.000197356
295936,0.000197356
296192,0.000197356
296448,0.000197161
296704,0.000196971
296960,0.000196971
297216,0.000196971
297472,0.000196971
297728,0.000196971
297984,0.000196798
298240,0.000196319
298496,0.0001962
298752,0.0001962
299008,0.0001962
299264,0.0001962
299520,0.0001962
299776,0.000195977
300032,0.000195736
300288,0.000195496
300544,0.000195255
300800,0.000195014
301056,0.000194773
301312,0.000194658
301568,0.000194658
301824,0.000194658
302080,0.000194658
302336,0.000194658
302592,0.000194658
302848,0.000194658
303104,0.000194658
303360,0.000194658
303616,0.000194658
303872,0.000194658
304128,0.000194482
304384,0.000193998
304640,0.000193887
304896,0.000193887
305152,0.000193887
305408,0.000193887
305664,0.000193887
305920,0.000193887
306176,0.000193887
306432,0.000193887
306688,0.000193887
306944,0.000193828
307200,0.000193585
307456,0.000193502
307712,0.000193502
307968,0.000193502
308224,0.000193384
308480,0.00019314
308736,0.000193116
308992,0.000193116
309248,0.000193116
309504,0.000193116
309760,0.000193116
310016,0.000193116
310272,0.000193116
310528,0.000193116
310784,0.000193116
311040,0.000193116
311296,0.000193116
311552,0.000192914
311808,0.000192731
312064,0.000192731
312320,0.000192731
312576,0.000192709
312832,0.000192465
313088,0.000192095
313344,0.000191604
313600,0.000191574
313856,0.000191483
314112,0.000191238
314368,0.000191189
314624,0.000191189
314880,0.000191189
315136,0.000191189
315392,0.000191189
315648,0.000191189
315904,0.000191189
316160,0.000191189
316416,0.00019095
316672,0.000190803
316928,0.000190803
317184,0.000190803
317440,0.000190803
317696,0.000190803
317952,0.000190803
318208,0.000190803
318464,0.000190803
318720,0.000190803
318976,0.000190803
319232,0.000190803
319488,0.000190689
319744,0.000190442
320000,0.000190418
320256,0.000190418
320512,0.000190418
320768,0.000190224
321024,0.000190032
321280,0.000190032
321536,0.000190032
321792,0.000190005
322048,0.000189757
322304,0.000189647
322560,0.000189647
322816,0.000189647
323072,0.000189647
323328,0.000189647
323584,0.000189647
323840,0.000189647
324096,0.000189647
324352,0.000189647
324608,0.000189647
324864,0.000189647
325120,0.000189647
325376,0.000189647
325632,0.000189647
325888,0.000189647
326144,0.000189647
326400,0.000189647
326656,0.000189647
326912,0.000189647
327168,0.000189193
327424,0.000188876
327680,0.000188876
327936,0.000188876
328192,0.000188742
328448,0.000188243
328704,0.000187742
328960,0.000187334
329216,0.000187334
329472,0.000187334
329728,0.000187334
329984,0.000187334
330240,0.000187188
330496,0.000186949
330752,0.000186949
331008,0.000186949
331264,0.000186949
331520,0.0001867
331776,0.000186448
332032,0.000186195
332288,0.000186178
332544,0.000186178
332800,0.000186178
333056,0.000186178
333312,0.000186178
333568,0.000186178
333824,0.000186178
334080,0.000186178
334336,0.000186178
334592,0.000186178
334848,0.000186178
335104,0.000186178
335360,0.000186178
335616,0.000186152
335872,0.000186026
336128,0.000185899
336384,0.000185792
336640,0.000185792
336896,0.000185792
337152,0.000185778
337408,0.000185651
337664,0.000185525
337920,0.000185407
338176,0.000185407
338432,0.000185407
338688,0.000185407
338944,0.000185407
339200,0.000185407
339456,0.000185407
339712,0.000185407
339968,0.000185407
340224,0.000185407
340480,0.000185407
340736,0.000185407
340992,0.000185407
341248,0.000185407
341504,0.000185407
341760,0.000185407
342016,0.000185407
342272,0.000185407
342528,0.000185407
342784,0.000185085
343040,0.000184703
343296,0.000184321
343552,0.00018425
343808,0.00018425
344064,0.00018425
344320,0.00018425
344576,0.00018425
344832,0.00018425
345088,0.00018425
345344,0.00018425
345600,0.00018425
345856,0.00018425
346112,0.00018425
346368,0.00018425
346624,0.00018425
346880,0.00018425
347136,0.00018425
347392,0.00018425
347648,0.00018425
347904,0.00018425
348160,0.00018398
348416,0.000183596
348672,0.000183212
348928,0.000183094
349184,0.000183094
349440,0.000183094
349696,0.000183094
349952,0.000183094
350208,0.000183094
350464,0.000183094
350720,0.000183094
350976,0.000183094
351232,0.000183094
351488,0.000183094
351744,0.000183094
352000,0.000183094
352256,0.000183094
352512,0.000183094
352768,0.000183094
353024,0.000183094
353280,0.000183094
353536,0.000183094
353792,0.000183094
354048,0.000183094
354304,0.000183094
354560,0.000183094
354816,0.000183094
355072,0.000183094
355328,0.000183094
355584,0.000183094
355840,0.000183094
356096,0.000183094
356352,0.000183094
356608,0.000183094
356864,0.000183094
357120,0.000183094
357376,0.000183094
357632,0.000183094
357888,0.000183094
358144,0.000183094
358400,0.000183094
358656,0.000183094
358912,0.000183094
359168,0.000183094
359424,0.000183094
359680,0.000183094
359936,0.000183094
360192,0.000183094
360448,0.000182915
360704,0.000182657
360960,0.000182399
361216,0.000182323
361472,0.000182323
361728,0.000182323
361984,0.000182323
362240,0.000182323
362496,0.000182323
362752,0.000182323
363008,0.000182323
363264,0.000182323
363520,0.000182323
363776,0.000182323
364032,0.000182323
364288,0.000182323
364544,0.000182323
364800,0.000182323
365056,0.000182323
365312,0.000182323
365568,0.000182323
365824,0.000182323
366080,0.000182323
366336,0.000182323
366592,0.000182323
366848,0.000182323
367104,0.000182323
367360,0.000182323
367616,0.000182323
367872,0.000182323
368128,0.000182323
368384,0.000182323
368640,0.000182323
368896,0.000182323
369152,0.000182323
369408,0.000182323
369664,0.000182323
369920,0.000182323
370176,0.000182323
370432,0.000182323
370688,0.000182323
370944,0.000182323
371200,0.000182323
371456,0.000182323
371712,0.000182323
371968,0.000182209
372224,0.00018208
372480,0.000181951
372736,0.000181821
372992,0.000181692
373248,0.000181562
373504,0.000181552
373760,0.000181552
374016,0.000181552
374272,0.000181552
374528,0.000181552
374784,0.000181552
375040,0.000181552
375296,0.000181552
375552,0.000181552
375808,0.000181423
376064,0.000181293
376320,0.000181167
376576,0.000181167
376832,0.000181167
377088,0.000181152
377344,0.000180892
377600,0.000180631
377856,0.000180396
378112,0.000180396
378368,0.000180396
378624,0.000180396
378880,0.000180396
379136,0.000180396
379392,0.000180372
379648,0.000180241
379904,0.000180111
380160,0.00018001
380416,0.00018001
380672,0.00018001
380928,0.00018001
381184,0.00018001
381440,0.00018001
381696,0.00018001
381952,0.00018001
382208,0.00018001
382464,0.00018001
382720,0.00018001
382976,0.00018001
383232,0.00018001
383488,0.00018001
383744,0.00018001
384000,0.00018001
384256,0.00018001
384512,0.00018001
384768,0.00018001
385024,0.00018001
385280,0.00018001
385536,0.00018001
385792,0.00018001
386048,0.00018001
386304,0.00018001
386560,0.00018001
386816,0.00018001
387072,0.00018001
387328,0.00018001
387584,0.00018001
387840,0.00018001
388096,0.00018001
388352,0.00018001
388608,0.00018001
388864,0.00018001
389120,0.00018001
389376,0.00018001
389632,0.00018001
389888,0.00018001
390144,0.00018001
390400,0.00018001
390656,0.00018001
390912,0.00018001
391168,0.00018001
391424,0.00018001
391680,0.00018001
391936,0.00018001
392192,0.000180005
392448,0.000179874
392704,0.000179743
392960,0.000179612
393216,0.000179481
393472,0.00017935
393728,0.000179239
393984,0.000179239
394240,0.000179239
394496,0.000179152
394752,0.000178758
395008,0.000178362
395264,0.000178044
395520,0.000177912
395776,0.00017778
396032,0.000177698
396288,0.000177698
396544,0.000177698
396800,0.000177698
397056,0.000177698
397312,0.000177698
397568,0.00017755
397824,0.000177285
398080,0.000177019
398336,0.000176927
398592,0.000176927
398848,0.000176927
399104,0.000176927
399360,0.000176927
399616,0.000176927
399872,0.000176927
400128,0.000176927
400384,0.000176927
400640,0.000176927
400896,0.000176927
401152,0.000176927
401408,0.000176927
401664,0.000176927
401920,0.000176927
402176,0.000176927
402432,0.000176927
402688,0.000176927
402944,0.000176927
403200,0.000176927
403456,0.000176927
403712,0.000176927
403968,0.000176927
404224,0.000176927
404480,0.000176927
404736,0.000176927
404992,0.000176927
405248,0.000176927
405504,0.000176927
405760,0.00017675
406016,0.000176483
406272,0.000176217
406528,0.000176156
406784,0.000176156
407040,0.000176156
407296,0.000176156
407552,0.000176156
407808,0.000176156
408064,0.000176156
408320,0.000176156
408576,0.000176156
408832,0.000176156
409088,0.000176156
409344,0.000176156
409600,0.000176156
409856,0.000176156
410112,0.000176156
410368,0.000176156
410624,0.000176156
410880,0.000176095
411136,0.000175961
411392,0.000175828
411648,0.000175694
411904,0.00017556
412160,0.000175426
412416,0.000175385
412672,0.000175385
412928,0.000175385
413184,0.000175385
413440,0.000175385
413696,0.000175385
413952,0.000175385
414208,0.000175385
414464,0.000175385
414720,0.000175385
414976,0.000175385
415232,0.000175385
415488,0.000175385
415744,0.000175385
416000,0.000175385
416256,0.000175385
416512,0.000175385
416768,0.000175385
417024,0.000175385
417280,0.000175385
417536,0.000175151
417792,0.000174747
418048,0.000174343
418304,0.000174228
418560,0.000174228
418816,0.000174228
419072,0.000174228
419328,0.000174228
419584,0.000174227
419840,0.000174092
420096,0.000173957
420352,0.000173843
420608,0.000173843
420864,0.000173843
421120,0.000173843
421376,0.000173843
421632,0.000173843
421888,0.000173781
422144,0.000173645
422400,0.00017351
422656,0.000173458
422912,0.000173458
423168,0.000173458
423424,0.000173458
423680,0.000173458
423936,0.000173458
424192,0.000173458
424448,0.000173458
424704,0.000173458
424960,0.000173458
425216,0.000173458
425472,0.000173424
425728,0.000173288
425984,0.000173152
426240,0.000173072
426496,0.000173072
426752,0.000173072
427008,0.000173072
427264,0.000173072
427520,0.000173072
427776,0.000173072
428032,0.000173072
428288,0.000173072
428544,0.000172827
428800,0.000172554
429056,0.000172301
429312,0.000172301
429568,0.000172301
429824,0.000172301
430080,0.000172301
430336,0.000172301
430592,0.000172301
430848,0.000172301
431104,0.000172301
431360,0.000172136
431616,0.000171863
431872,0.000171589
432128,0.00017153
432384,0.00017153
432640,0.00017153
432896,0.00017153
433152,0.00017153
433408,0.00017153
433664,0.00017153
433920,0.00017153
434176,0.000171481
434432,0.000171344
434688,0.000171207
434944,0.000171069
435200,0.000170932
435456,0.000170794
435712,0.000170759
435968,0.000170759
436224,0.000170759
436480,0.000170759
436736,0.000170759
436992,0.000170759
437248,0.000170759
437504,0.000170759
437760,0.000170759
438016,0.000170759
438272,0.000170759
438528,0.000170759
438784,0.000170759
439040,0.000170759
439296,0.000170759
439552,0.000170759
439808,0.000170759
440064,0.000170759
440320,0.000170759
440576,0.000170759
440832,0.000170759
441088,0.000170759
441344,0.000170759
441600,0.000170759
441856,0.000170759
442112,0.000170759
442368,0.000170759
442624,0.000170759
442880,0.000170759
443136,0.000170759
443392,0.000170759
443648,0.000170759
443904,0.000170759
444160,0.000170759
444416,0.000170759
444672,0.000170759
444928,0.000170759
445184,0.000170759
445440,0.000170759
445696,0.000170759
445952,0.000170759
446208,0.000170759
446464,0.000170759
446720,0.000170759
446976,0.000170759
447232,0.000170759
447488,0.000170759
447744,0.000170759
448000,0.000170759
448256,0.000170759
448512,0.000170759
448768,0.000170759
449024,0.000170759
449280,0.000170759
449536,0.000170759
449792,0.000170759
450048,0.000170759
450304,0.000170759
450560,0.000170759
450816,0.000170759
451072,0.000170759
451328,0.000170678
451584,0.000170263
451840,0.000169848
452096,0.000169603
452352,0.000169603
452608,0.000169603
452864,0.000169603
453120,0.000169603
453376,0.000169603
453632,0.000169603
453888,0.000169603
454144,0.000169603
454400,0.000169603
454656,0.000169603
454912,0.000169603
455168,0.000169603
455424,0.000169603
455680,0.000169603
455936,0.000169603
456192,0.000169603
456448,0.000169501
456704,0.000169362
456960,0.000169223
457216,0.000169217
457472,0.000169217
457728,0.000169217
457984,0.000169217
458240,0.000169217
458496,0.00016916
458752,0.00016902
459008,0.000168881
459264,0.000168832
459520,0.000168832
459776,0.000168832
460032,0.000168832
460288,0.000168832
460544,0.000168832
460800,0.000168832
461056,0.000168832
461312,0.000168832
461568,0.000168832
461824,0.000168832
462080,0.000168832
462336,0.000168832
462592,0.000168832
462848,0.000168832
463104,0.000168832
463360,0.000168832
463616,0.000168832
463872,0.000168832
464128,0.000168832
464384,0.000168832
464640,0.000168832
464896,0.000168832
465152,0.000168832
465408,0.000168832
465664,0.000168832
465920,0.000168832
466176,0.000168832
466432,0.000168832
466688,0.000168832
466944,0.000168832
467200,0.000168832
467456,0.000168832
467712,0.000168832
467968,0.000168832
468224,0.000168832
468480,0.000168832
468736,0.000168832
468992,0.000168832
469248,0.000168704
469504,0.000168564
469760,0.000168447
470016,0.000168447
470272,0.000168447
470528,0.000168447
470784,0.000168447
471040,0.000168447
471296,0.000168447
471552,0.000168447
471808,0.000168447
472064,0.000168447
472320,0.000168447
472576,0.000168447
472832,0.000168447
473088,0.000168447
473344,0.000168447
473600,0.000168447
473856,0.000168447
474112,0.000168447
474368,0.000168447
474624,0.000168447
474880,0.000168447
475136,0.000168447
475392,0.000168447
475648,0.000168447
475904,0.000168447
476160,0.000168447
476416,0.000168447
476672,0.000168447
476928,0.000168447
477184,0.000168447
477440,0.000168447
477696,0.000168447
477952,0.000168447
478208,0.000168447
478464,0.000168447
478720,0.000168447
478976,0.000168447
479232,0.000168447
479488,0.000168447
479744,0.000168447
480000,0.000168447
480256,0.000168447
480512,0.000168447
480768,0.000168447
481024,0.000168447
481280,0.000168447
481536,0.000168447
481792,0.000168447
482048,0.000168447
482304,0.000168447
482560,0.000168447
482816,0.000168447
483072,0.000168447
483328,0.000168346
483584,0.000168206
483840,0.000168066
484096,0.000167791
484352,0.00016751
484608,0.00016729
484864,0.00016729
485120,0.00016729
485376,0.00016729
485632,0.00016729
485888,0.00016729
486144,0.000167187
486400,0.000167046
486656,0.000166905
486912,0.000166623
487168,0.00016634
487424,0.000166134
487680,0.000166134
487936,0.000166134
488192,0.000166134
488448,0.000166134
488704,0.000166134
488960,0.000166017
489216,0.000165875
489472,0.000165748
489728,0.000165748
489984,0.000165748
490240,0.000165748
490496,0.000165748
490752,0.000165748
491008,0.000165748
491264,0.000165748
491520,0.000165748
491776,0.000165748
492032,0.000165748
492288,0.000165748
492544,0.000165748
492800,0.000165748
493056,0.000165748
493312,0.000165748
493568,0.000165748
493824,0.000165748
494080,0.000165748
494336,0.000165748
494592,0.000165748
494848,0.000165748
495104,0.000165748
495360,0.000165748
495616,0.000165748
495872,0.000165748
496128,0.000165748
496384,0.000165748
496640,0.000165748
496896,0.000165748
497152,0.000165748
497408,0.000165748
497664,0.000165748
497920,0.000165748
498176,0.000165748
498432,0.000165748
498688,0.000165748
498944,0.000165748
499200,0.000165748
499456,0.000165748
499712,0.000165748
499968,0.000165748
500224,0.000165748
500480,0.000165748
500736,0.000165748
500992,0.000165748
501248,0.000165748
501504,0.000165615
501760,0.000165472
502016,0.000165363
502272,0.000165363
502528,0.000165363
502784,0.000165289
503040,0.000165146
503296,0.000165004
503552,0.000164745
503808,0.000164459
504064,0.000164173
504320,0.000163886
504576,0.000163599
504832,0.000163436
505088,0.000163436
505344,0.000163436
505600,0.000163436
505856,0.000163436
506112,0.000163424
506368,0.00016328
506624,0.000163136
506880,0.00016305
507136,0.00016305
507392,0.00016305
507648,0.00016305
507904,0.00016305
508160,0.00016305
508416,0.00016305
508672,0.00016305
508928,0.00016305
509184,0.00016305
509440,0.00016305
509696,0.00016305
509952,0.00016305
510208,0.00016305
510464,0.00016305
510720,0.00016305
510976,0.00016305
511232,0.00016305
511488,0.00016305
511744,0.00016305
512000,0.00016305
512256,0.00016305
512512,0.00016305
512768,0.00016305
513024,0.00016305
513280,0.00016305
513536,0.00016305
513792,0.00016305
514048,0.00016305
514304,0.00016305
514560,0.00016305
514816,0.00016305
515072,0.00016305
515328,0.00016305
515584,0.00016305
515840,0.00016305
516096,0.00016305
516352,0.00016305
516608,0.00016305
516864,0.00016305
517120,0.00016305
517376,0.00016305
517632,0.00016305
517888,0.00016305
518144,0.00016305
518400,0.00016305
518656,0.00016305
518912,0.00016305
519168,0.00016305
519424,0.00016305
519680,0.00016305
519936,0.00016305
520192,0.00016305
520448,0.00016305
520704,0.000162909
520960,0.000162765
521216,0.000162665
521472,0.000162665
521728,0.000162665
521984,0.000162665
522240,0.000162665
522496,0.000162665
522752,0.000162665
523008,0.000162665
523264,0.000162665
523520,0.000162665
523776,0.000162665
524032,0.000162618
524288,0.000162546
524544,0.000162473
524800,0.000162401
525056,0.000162328
525312,0.000162279
525568,0.000162279
525824,0.000162279
526080,0.000162279
526336,0.000162279
526592,0.000162279
526848,0.000162279
527104,0.000162279
527360,0.000162279
527616,0.000162279
527872,0.000162279
528128,0.000162279
528384,0.000162279
528640,0.000162279
528896,0.000162279
529152,0.000162279
529408,0.000162252
529664,0.00016218
529920,0.000162107
530176,0.000162035
530432,0.000161962
530688,0.000161894
530944,0.000161894
531200,0.000161894
531456,0.000161894
531712,0.000161894
531968,0.000161894
532224,0.000161894
532480,0.000161894
532736,0.000161894
532992,0.000161894
533248,0.000161894
533504,0.000161861
533760,0.000161788
534016,0.000161716
534272,0.000161643
534528,0.00016157
534784,0.000161497
535040,0.000161424
535296,0.000161352
535552,0.000161279
535808,0.000161206
536064,0.000161133
536320,0.000161123
536576,0.000161123
536832,0.000161123
537088,0.000161123
537344,0.000161123
537600,0.000161123
537856,0.000161123
538112,0.000161123
538368,0.000161123
538624,0.000161123
538880,0.000161123
539136,0.000161123
539392,0.000161123
539648,0.000161123
539904,0.000161123
540160,0.000161123
540416,0.000161123
540672,0.000161123
540928,0.000161123
541184,0.000161123
541440,0.000161123
541696,0.000161123
541952,0.000161123
542208,0.000161123
542464,0.000161123
542720,0.000161123
542976,0.000161089
543232,0.000161016
543488,0.000160943
543744,0.00016087
544000,0.000160796
544256,0.000160723
544512,0.00016065
544768,0.000160577
545024,0.000160504
545280,0.00016043
545536,0.000160357
545792,0.000160352
546048,0.000160352
546304,0.000160352
546560,0.000160352
546816,0.000160352
547072,0.000160302
547328,0.000160229
547584,0.000160155
547840,0.000160082
548096,0.000160008
548352,0.000159935
548608,0.000159861
548864,0.000159788
549120,0.000159714
549376,0.00015964
549632,0.000159581
549888,0.000159581
550144,0.000159581
550400,0.000159581
550656,0.000159581
550912,0.000159581
551168,0.000159581
551424,0.000159581
551680,0.000159581
551936,0.000159581
552192,0.000159581
552448,0.000159581
552704,0.000159581
552960,0.000159581
553216,0.000159581
553472,0.000159581
553728,0.000159544
553984,0.00015947
554240,0.000159396
554496,0.000159322
554752,0.000159248
555008,0.000159133
555264,0.000158911
555520,0.000158689
555776,0.000158466
556032,0.000158243
556288,0.000158039
556544,0.000158039
556800,0.000158039
557056,0.000158039
557312,0.000158039
557568,0.000158039
557824,0.000158039
558080,0.000158039
558336,0.000158039
558592,0.000158039
558848,0.000158039
559104,0.000157931
559360,0.000157782
559616,0.000157632
559872,0.000157483
560128,0.000157334
560384,0.000157268
560640,0.000157268
560896,0.000157268
561152,0.000157268
561408,0.000157268
561664,0.000157268
561920,0.000157268
562176,0.000157268
562432,0.000157268
562688,0.000157268
562944,0.000157268
563200,0.000157268
563456,0.000157268
563712,0.000157268
563968,0.000157268
564224,0.000157268
564480,0.000157268
564736,0.000157268
564992,0.000157268
565248,0.000157268
565504,0.000157268
565760,0.000157268
566016,0.000157268
566272,0.000157268
566528,0.000157268
566784,0.000157268
567040,0.000157268
567296,0.000157268
567552,0.000157268
567808,0.000157268
568064,0.000157268
568320,0.000157268
568576,0.000157268
568832,0.000157268
569088,0.000157268
569344,0.000157268
569600,0.000157268
569856,0.000157268
570112,0.000157268
570368,0.000157268
570624,0.000157268
570880,0.000157243
571136,0.000157168
571392,0.000157093
571648,0.000157018
571904,0.000156944
572160,0.000156883
572416,0.000156883
572672,0.000156883
572928,0.000156883
573184,0.000156883
573440,0.000156883
573696,0.000156883
573952,0.000156883
574208,0.000156883
574464,0.000156883
574720,0.000156883
574976,0.000156883
575232,0.000156883
575488,0.000156883
575744,0.000156883
576000,0.000156883
576256,0.000156883
576512,0.000156883
576768,0.000156883
577024,0.000156883
577280,0.000156883
577536,0.000156742
577792,0.000156517
578048,0.000156291
578304,0.000156065
578560,0.000155839
578816,0.000155726
579072,0.000155726
579328,0.000155726
579584,0.000155726
579840,0.000155726
580096,0.000155696
580352,0.00015562
580608,0.000155545
580864,0.000155469
581120,0.000155394
581376,0.000155341
581632,0.000155341
581888,0.000155341
582144,0.000155341
582400,0.000155341
582656,0.000155308
582912,0.000155157
583168,0.000155005
583424,0.000154853
583680,0.000154701
583936,0.00015456
584192,0.000154483
584448,0.000154407
584704,0.000154331
584960,0.000154255
585216,0.000154184
585472,0.000154184
585728,0.000154184
585984,0.000154184
586240,0.000154184
586496,0.000154184
586752,0.000154184
587008,0.000154184
587264,0.000154184
587520,0.000154184
587776,0.000154184
588032,0.00015411
588288,0.000154034
588544,0.000153957
588800,0.000153881
589056,0.000153805
589312,0.000153799
589568,0.000153799
589824,0.000153799
590080,0.000153799
590336,0.000153799
590592,0.000153731
590848,0.000153655
591104,0.000153578
591360,0.000153501
591616,0.000153425
591872,0.000153414
592128,0.000153414
592384,0.000153414
592640,0.000153414
592896,0.000153414
593152,0.000153414
593408,0.000153414
593664,0.000153414
593920,0.000153414
594176,0.000153414
594432,0.000153352
594688,0.000153275
594944,0.000153199
595200,0.000153122
595456,0.000153045
595712,0.000153028
595968,0.000153028
596224,0.000153028
596480,0.000153028
596736,0.000153028
596992,0.000153028
597248,0.000153028
597504,0.000153028
597760,0.000153028
598016,0.000153028
598272,0.00015297
598528,0.000152893
598784,0.000152817
599040,0.00015274
599296,0.000152662
599552,0.000152643
599808,0.000152643
600064,0.000152643
600320,0.000152643
600576,0.000152643
600832,0.000152643
601088,0.000152643
601344,0.000152643
601600,0.000152643
601856,0.000152643
602112,0.000152643
602368,0.000152643
602624,0.000152643
602880,0.000152643
603136,0.000152643
603392,0.000152586
603648,0.000152509
603904,0.000152432
604160,0.000152354
604416,0.000152277
604672,0.0001522
604928,0.000152123
605184,0.000152045
605440,0.000151968
605696,0.00015189
605952,0.000151872
606208,0.000151872
606464,0.000151872
606720,0.000151872
606976,0.000151872
607232,0.000151811
607488,0.000151734
607744,0.000151656
608000,0.000151578
608256,0.000151501
608512,0.000151486
608768,0.000151486
609024,0.000151486
609280,0.000151486
609536,0.000151486
609792,0.00015142
610048,0.000151343
610304,0.000151265
610560,0.000151187
610816,0.000151109
611072,0.000151101
611328,0.000151101
611584,0.000151101
611840,0.000151101
612096,0.000151101
612352,0.000151028
612608,0.00015095
612864,0.000150872
613120,0.000150794
613376,0.000150716
613632,0.000150715
613888,0.000150715
614144,0.000150715
614400,0.000150715
614656,0.000150715
614912,0.000150715
615168,0.000150715
615424,0.000150715
615680,0.000150715
615936,0.000150715
616192,0.000150715
616448,0.000150715
616704,0.000150715
616960,0.000150715
617216,0.000150715
617472,0.000150715
617728,0.000150715
617984,0.000150715
618240,0.000150715
618496,0.000150715
618752,0.000150715
619008,0.000150715
619264,0.000150715
619520,0.000150715
619776,0.000150715
620032,0.000150715
620288,0.000150715
620544,0.000150715
620800,0.000150715
621056,0.000150687
621312,0.000150609
621568,0.000150531
621824,0.000150453
622080,0.000150374
622336,0.00015033
622592,0.00015033
622848,0.00015033
623104,0.00015033
623360,0.00015033
623616,0.000150251
623872,0.000150094
624128,0.000149937
624384,0.00014978
624640,0.000149623
624896,0.000149466
625152,0.000149309
625408,0.000149151
625664,0.000148993
625920,0.000148835
626176,0.000148788
626432,0.000148788
626688,0.000148788
626944,0.000148788
627200,0.000148788
627456,0.000148723
627712,0.000148644
627968,0.000148564
628224,0.000148485
628480,0.000148406
628736,0.000148327
628992,0.000148247
629248,0.000148168
629504,0.000148089
629760,0.000148009
630016,0.00014793
630272,0.00014785
630528,0.00014777
630784,0.000147691
631040,0.000147632
631296,0.000147632
631552,0.000147632
631808,0.000147632
632064,0.000147632
632320,0.000147632
632576,0.000147632
632832,0.000147632
633088,0.000147632
633344,0.000147632
633600,0.000147632
633856,0.000147632
634112,0.000147632
634368,0.000147632
634624,0.000147632
634880,0.000147632
635136,0.000147632
635392,0.000147632
635648,0.000147632
635904,0.000147632
636160,0.000147632
636416,0.000147632
636672,0.000147632
636928,0.000147632
637184,0.000147632
637440,0.000147632
637696,0.000147632
637952,0.000147632
638208,0.000147632
638464,0.000147632
638720,0.000147632
638976,0.000147632
639232,0.000147632
639488,0.000147632
639744,0.000147632
640000,0.000147632
640256,0.000147632
640512,0.000147632
640768,0.000147632
641024,0.000147632
641280,0.000147632
641536,0.000147632
641792,0.000147632
642048,0.000147632
642304,0.000147574
642560,0.000147495
642816,0.000147415
643072,0.000147335
643328,0.000147255
643584,0.000147175
643840,0.000147095
644096,0.000147015
644352,0.000146935
644608,0.000146861
644864,0.000146861
645120,0.000146861
645376,0.000146861
645632,0.000146861
645888,0.000146861
646144,0.000146861
646400,0.000146861
646656,0.000146861
646912,0.000146861
647168,0.000146861
647424,0.000146861
647680,0.000146861
647936,0.000146861
648192,0.000146861
648448,0.000146861
648704,0.000146861
648960,0.000146861
649216,0.000146861
649472,0.000146861
649728,0.000146861
649984,0.000146861
650240,0.000146861
650496,0.000146861
650752,0.00014686
651008,0.000146699
651264,0.000146539
651520,0.000146378
651776,0.000146217
652032,0.000146023
652288,0.0001457
652544,0.000145377
652800,0.000145053
653056,0.000144728
653312,0.000144512
653568,0.00014443
653824,0.000144349
654080,0.000144267
654336,0.000144186
654592,0.000144162
654848,0.000144162
655104,0.000144162
655360,0.000144162
655616,0.000144162
655872,0.000144001
656128,0.000143837
656384,0.000143673
656640,0.00014351
656896,0.000143392
657152,0.000143392
657408,0.000143392
657664,0.000143392
657920,0.000143392
658176,0.000143392
658432,0.000143392
658688,0.000143392
658944,0.000143392
659200,0.000143392
659456,0.000143392
659712,0.000143392
659968,0.000143392
660224,0.000143392
660480,0.000143392
660736,0.000143392
660992,0.000143392
661248,0.000143392
661504,0.000143392
661760,0.000143352
662016,0.00014327
662272,0.000143187
662528,0.000143105
662784,0.000143023
663040,0.000143006
663296,0.000143006
663552,0.000143006
663808,0.000143006
664064,0.000142997
664320,0.000142915
664576,0.000142833
664832,0.00014275
665088,0.000142668
665344,0.000142621
665600,0.000142621
665856,0.000142621
666112,0.000142621
666368,0.000142621
666624,0.000142621
666880,0.000142621
667136,0.000142621
667392,0.000142621
667648,0.000142621
667904,0.000142621
668160,0.000142621
668416,0.000142621
668672,0.000142621
668928,0.000142587
669184,0.000142504
669440,0.000142422
669696,0.000142339
669952,0.000142257
670208,0.000142235
670464,0.000142235
670720,0.000142235
670976,0.000142235
671232,0.000142235
671488,0.000142235
671744,0.000142235
672000,0.000142235
672256,0.000142235
672512,0.000142235
672768,0.000142235
673024,0.000142235
673280,0.000142235
673536,0.000142235
673792,0.000142172
674048,0.00014209
674304,0.000142007
674560,0.000141924
674816,0.000141841
675072,0.000141758
675328,0.000141675
675584,0.000141592
675840,0.000141509
676096,0.000141464
676352,0.000141464
676608,0.000141464
676864,0.000141464
677120,0.000141464
677376,0.000141327
677632,0.00014116
677888,0.000140993
678144,0.000140826
678400,0.000140693
678656,0.000140693
678912,0.000140693
679168,0.000140693
679424,0.000140693
679680,0.000140594
679936,0.000140427
680192,0.000140259
680448,0.000140091
680704,0.000139923
680960,0.000139839
681216,0.000139755
681472,0.00013967
681728,0.000139586
681984,0.000139502
682240,0.000139417
682496,0.000139333
682752,0.000139249
683008,0.000139164
683264,0.000139008
683520,0.000138838
683776,0.000138669
684032,0.000138499
684288,0.000138381
684544,0.000138381
684800,0.000138381
685056,0.000138381
685312,0.000138381
685568,0.000138381
685824,0.000138381
686080,0.000138381
686336,0.000138381
686592,0.000138341
686848,0.00013817
687104,0.000138
687360,0.000137829
687616,0.000137659
687872,0.000137549
688128,0.000137463
688384,0.000137378
688640,0.000137292
688896,0.000137224
689152,0.000137224
689408,0.000137224
689664,0.000137224
689920,0.000137224
690176,0.000137224
690432,0.000137224
690688,0.000137224
690944,0.000137224
691200,0.000137224
691456,0.000137224
691712,0.000137224
691968,0.000137224
692224,0.000137224
692480,0.000137224
692736,0.000137224
692992,0.000137224
693248,0.000137224
693504,0.000137224
693760,0.000137224
694016,0.000137224
694272,0.000137224
694528,0.000137224
694784,0.000137224
695040,0.000137224
695296,0.000137224
695552,0.000137224
695808,0.000137185
696064,0.000137013
696320,0.000136841
696576,0.000136669
696832,0.000136497
697088,0.000136453
697344,0.000136453
697600,0.000136453
697856,0.000136453
698112,0.000136453
698368,0.000136453
698624,0.000136453
698880,0.000136453
699136,0.000136453
699392,0.000136453
699648,0.000136453
699904,0.000136453
700160,0.000136453
700416,0.000136453
700672,0.000136453
700928,0.000136453
701184,0.000136453
701440,0.000136453
701696,0.000136453
701952,0.000136453
702208,0.000136453
702464,0.000136453
702720,0.000136453
702976,0.000136453
703232,0.000136453
703488,0.000136453
703744,0.000136453
704000,0.000136215
704256,0.000135956
704512,0.000135696
704768,0.000135436
705024,0.000135256
705280,0.000135169
705536,0.000135082
705792,0.000134995
706048,0.000134911
706304,0.000134911
706560,0.000134911
706816,0.000134911
707072,0.000134911
707328,0.000134803
707584,0.000134629
707840,0.000134454
708096,0.000134279
708352,0.00013414
708608,0.00013414
708864,0.00013414
709120,0.00013414
709376,0.00013414
709632,0.00013414
709888,0.00013414
710144,0.00013414
710400,0.00013414
710656,0.00013414
710912,0.00013414
711168,0.00013414
711424,0.00013414
711680,0.00013414
711936,0.00013414
712192,0.00013414
712448,0.00013414
712704,0.00013414
712960,0.00013403
713216,0.000133855
713472,0.000133679
713728,0.000133503
713984,0.000133348
714240,0.00013326
714496,0.000133171
714752,0.000133083
715008,0.000132995
715264,0.000132672
715520,0.000132317
715776,0.00013196
716032,0.000131603
716288,0.000131442
716544,0.000131442
716800,0.000131442
717056,0.000131442
717312,0.000131421
717568,0.000131331
717824,0.000131241
718080,0.000131152
718336,0.000131062
718592,0.000130803
718848,0.000130533
719104,0.000130262
719360,0.000129991
719616,0.0001299
719872,0.0001299
720128,0.0001299
720384,0.0001299
720640,0.0001299
720896,0.0001299
721152,0.0001299
721408,0.0001299
721664,0.000129887
721920,0.000129796
722176,0.000129705
722432,0.000129615
722688,0.000129524
722944,0.000129515
723200,0.000129515
723456,0.000129515
723712,0.000129515
723968,0.000129515
724224,0.000129515
724480,0.000129515
724736,0.000129515
724992,0.000129477
725248,0.000129386
725504,0.000129295
725760,0.000129204
726016,0.000129129
726272,0.000129129
726528,0.000129129
726784,0.000129129
727040,0.000129129
727296,0.000128957
727552,0.000128774
727808,0.000128592
728064,0.000128409
728320,0.000128359
728576,0.000128359
728832,0.000128359
729088,0.000128359
729344,0.000128359
729600,0.000128359
729856,0.000128359
730112,0.000128359
730368,0.00012833
730624,0.000128238
730880,0.000128146
731136,0.000128054
731392,0.000127973
731648,0.000127973
731904,0.000127973
732160,0.000127973
732416,0.000127973
732672,0.000127973
732928,0.000127973
733184,0.000127973
733440,0.000127973
733696,0.000127973
733952,0.000127973
734208,0.000127973
734464,0.000127973
734720,0.000127973
734976,0.000127973
735232,0.000127973
735488,0.000127973
735744,0.000127973
736000,0.000127973
736256,0.000127973
736512,0.000127973
736768,0.000127946
737024,0.000127762
737280,0.000127578
737536,0.000127393
737792,0.000127208
738048,0.000127023
738304,0.000126838
738560,0.000126652
738816,0.000126466
739072,0.000126129
739328,0.000125755
739584,0.00012538
739840,0.000125005
740096,0.000124889
740352,0.000124889
740608,0.000124889
740864,0.000124889
741120,0.000124833
741376,0.000124738
741632,0.000124644
741888,0.00012455
742144,0.000124504
742400,0.000124504
742656,0.000124504
742912,0.000124504
743168,0.000124421
743424,0.000124232
743680,0.000124043
743936,0.000123853
744192,0.000123733
744448,0.000123733
744704,0.000123733
744960,0.000123733
745216,0.000123733
745472,0.000123733
745728,0.000123733
745984,0.000123733
746240,0.000123733
746496,0.000123733
746752,0.000123733
747008,0.000123733
747264,0.000123733
747520,0.000123733
747776,0.000123733
748032,0.000123733
748288,0.000123733
748544,0.000123733
748800,0.000123733
749056,0.000123733
749312,0.000123705
749568,0.00012342
749824,0.000123134
750080,0.000122847
750336,0.000122577
750592,0.000122577
750848,0.000122577
751104,0.000122577
751360,0.000122577
751616,0.000122577
751872,0.000122577
752128,0.000122577
752384,0.000122577
752640,0.000122577
752896,0.000122577
753152,0.000122577
753408,0.000122577
753664,0.000122577
753920,0.000122577
754176,0.000122577
754432,0.000122577
754688,0.000122481
754944,0.000122385
755200,0.000122289
755456,0.000122193
755712,0.000122096
755968,0.000122
756224,0.000121904
756480,0.000121807
756736,0.000121806
756992,0.000121806
757248,0.000121806
757504,0.000121806
757760,0.000121613
758016,0.00012142
758272,0.000121226
758528,0.000121035
758784,0.000121035
759040,0.000121035
759296,0.000121035
759552,0.000121035
759808,0.000121035
760064,0.000121035
760320,0.000121035
760576,0.000121035
760832,0.000121035
761088,0.000121035
761344,0.000121035
761600,0.000121035
761856,0.000121035
762112,0.000121035
762368,0.000121035
762624,0.000121035
762880,0.000121035
763136,0.000121035
763392,0.000121035
763648,0.000121035
763904,0.000121035
764160,0.000121035
764416,0.000121035
764672,0.000121035
764928,0.000121035
765184,0.000121035
765440,0.000121035
765696,0.000121035
765952,0.000121035
766208,0.000121035
766464,0.000121035
766720,0.000120923
766976,0.000120533
767232,0.000120142
767488,0.00011975
767744,0.000119493
768000,0.000119493
768256,0.000119493
768512,0.000119493
768768,0.000119493
769024,0.000119493
769280,0.000119493
769536,0.000119493
769792,0.000119442
770048,0.000119344
770304,0.000119245
770560,0.000119146
770816,0.000119107
771072,0.000119107
771328,0.000119107
771584,0.000119107
771840,0.000119107
772096,0.000119107
772352,0.000119107
772608,0.000119107
772864,0.000119107
773120,0.000119107
773376,0.000119107
773632,0.000119107
773888,0.000119107
774144,0.000119107
774400,0.000119107
774656,0.000119107
774912,0.000119009
775168,0.00011891
775424,0.000118811
775680,0.000118722
775936,0.000118722
776192,0.000118722
776448,0.000118722
776704,0.000118701
776960,0.000118602
777216,0.000118503
777472,0.000118404
777728,0.000118337
777984,0.000118337
778240,0.000118337
778496,0.000118337
778752,0.000118337
779008,0.000118337
779264,0.000118337
779520,0.000118337
779776,0.000118337
780032,0.000118337
780288,0.000118337
780544,0.000118337
780800,0.000118337
781056,0.000118337
781312,0.000118337
781568,0.000118337
781824,0.000118337
782080,0.000118337
782336,0.000118337
782592,0.000118337
782848,0.000118337
783104,0.000118337
783360,0.000118337
783616,0.000118337
783872,0.000118337
784128,0.000118337
784384,0.000118337
784640,0.000118319
784896,0.000118219
785152,0.00011812
785408,0.00011802
785664,0.000117951
785920,0.000117951
786176,0.000117951
786432,0.000117951
786688,0.000117951
786944,0.000117951
787200,0.000117951
787456,0.000117951
787712,0.000117951
787968,0.000117951
788224,0.000117951
788480,0.000117951
788736,0.000117951
788992,0.000117951
789248,0.000117951
789504,0.000117951
789760,0.000117782
790016,0.000117582
790272,0.000117381
790528,0.000117181
790784,0.00011718
791040,0.00011718
791296,0.00011718
791552,0.000117164
791808,0.000117064
792064,0.000116963
792320,0.000116863
792576,0.000116729
792832,0.000116528
793088,0.000116326
793344,0.000116123
793600,0.00011592
793856,0.000115717
794112,0.000115514
794368,0.00011531
794624,0.000115179
794880,0.000115077
795136,0.000114975
795392,0.000114873
795648,0.000114867
795904,0.000114867
796160,0.000114867
796416,0.000114848
796672,0.000114746
796928,0.000114643
797184,0.000114541
797440,0.000114482
797696,0.000114482
797952,0.000114482
798208,0.000114482
798464,0.000114482
798720,0.000114482
798976,0.000114482
799232,0.000114482
799488,0.000114482
799744,0.000114482
800000,0.000114482
800256,0.000114482
800512,0.000114482
800768,0.000114482
801024,0.000114482
801280,0.000114482
801536,0.000114482
801792,0.000114482
802048,0.000114482
802304,0.000114482
802560,0.000114482
802816,0.000114482
803072,0.000114482
803328,0.000114482
803584,0.000114482
803840,0.000114482
804096,0.000114482
804352,0.000114482
804608,0.000114482
804864,0.000114482
805120,0.000114482
805376,0.000114482
805632,0.000114482
805888,0.000114482
806144,0.000114482
806400,0.000114482
806656,0.000114482
806912,0.000114482
807168,0.000114388
807424,0.000114285
807680,0.000114182
807936,0.000114096
808192,0.000114096
808448,0.000114096
808704,0.000114096
808960,0.000114096
809216,0.000114096
809472,0.000114096
809728,0.000114096
809984,0.000113811
810240,0.000113396
810496,0.000112981
810752,0.000112563
811008,0.000112452
811264,0.000112348
811520,0.000112243
811776,0.000112169
812032,0.000112169
812288,0.000112169
812544,0.000112169
812800,0.000112104
813056,0.000111999
813312,0.000111894
813568,0.000111789
813824,0.000111784
814080,0.000111784
814336,0.000111784
814592,0.000111784
814848,0.000111784
815104,0.000111784
815360,0.000111784
815616,0.000111784
815872,0.000111784
816128,0.000111784
816384,0.000111784
816640,0.000111682
816896,0.000111577
817152,0.000111471
817408,0.000111382
817664,0.000111329
817920,0.000111276
818176,0.000111224
818432,0.000111171
818688,0.000111118
818944,0.000111065
819200,0.000111013
819456,0.000111013
819712,0.000111013
819968,0.000111013
820224,0.000111013
820480,0.000111013
820736,0.000111013
820992,0.000111013
821248,0.000111013
821504,0.000111013
821760,0.000111013
822016,0.000111013
822272,0.000111013
822528,0.000111013
822784,0.000111013
823040,0.000111013
823296,0.000111013
823552,0.000111013
823808,0.000111013
824064,0.000111013
824320,0.000111013
824576,0.000111013
824832,0.000111013
825088,0.000111013
825344,0.000111013
825600,0.000111013
825856,0.000111013
826112,0.000111013
826368,0.000111013
826624,0.000111013
826880,0.000111013
827136,0.000111013
827392,0.000111013
827648,0.000111013
827904,0.000111013
828160,0.000111013
828416,0.000111013
828672,0.000110979
828928,0.000110926
829184,0.000110873
829440,0.00011082
829696,0.000110767
829952,0.000110713
830208,0.00011066
830464,0.000110607
830720,0.000110554
830976,0.000110501
831232,0.000110448
831488,0.000110394
831744,0.000110341
832000,0.000110288
832256,0.000110227
832512,0.00011012
832768,0.000110013
833024,0.000109906
833280,0.000109799
833536,0.000109692
833792,0.000109585
834048,0.000109477
834304,0.000109471
834560,0.000109471
834816,0.000109471
835072,0.000109471
835328,0.000109471
835584,0.000109471
835840,0.000109471
836096,0.000109471
836352,0.000109471
836608,0.000109471
836864,0.000109471
837120,0.000109471
837376,0.000109471
837632,0.000109471
837888,0.000109471
838144,0.000109471
838400,0.000109471
838656,0.000109471
838912,0.000109471
839168,0.000109471
839424,0.000109471
839680,0.000109471
839936,0.000109471
840192,0.000109471
840448,0.000109471
840704,0.000109471
840960,0.000109471
841216,0.000109471
841472,0.000109458
841728,0.000109404
841984,0.00010935
842240,0.000109296
842496,0.000109243
842752,0.000109189
843008,0.000109135
843264,0.000109085
843520,0.000109085
843776,0.000109085
844032,0.000109085
844288,0.000109085
844544,0.000109085
844800,0.000109085
845056,0.000109085
845312,0.000109085
845568,0.000109085
845824,0.000109085
846080,0.000109085
846336,0.000109085
846592,0.000109085
846848,0.000109085
847104,0.000109085
847360,0.000109085
847616,0.000109085
847872,0.000109085
848128,0.000109085
848384,0.000109085
848640,0.000109085
848896,0.000108982
849152,0.00010882
849408,0.000108658
849664,0.000108496
849920,0.000108333
850176,0.00010817
850432,0.000108007
850688,0.000107929
850944,0.000107929
851200,0.000107929
851456,0.000107929
851712,0.000107929
851968,0.000107929
852224,0.000107929
852480,0.000107904
852736,0.00010785
852992,0.000107795
853248,0.000107741
853504,0.000107686
853760,0.000107632
854016,0.000107577
854272,0.000107544
854528,0.000107544
854784,0.000107544
855040,0.000107544
855296,0.000107544
855552,0.000107544
855808,0.000107544
856064,0.000107506
856320,0.000107397
856576,0.000107287
856832,0.000107177
857088,0.000107067
857344,0.000106958
857600,0.000106847
857856,0.000106773
858112,0.000106773
858368,0.000106773
858624,0.000106773
858880,0.000106773
859136,0.000106773
859392,0.000106773
859648,0.000106773
859904,0.000106773
860160,0.000106773
860416,0.000106773
860672,0.000106773
860928,0.000106773
861184,0.000106773
861440,0.000106773
861696,0.000106773
861952,0.000106773
862208,0.000106773
862464,0.000106773
862720,0.000106773
862976,0.000106773
863232,0.000106773
863488,0.000106773
863744,0.000106773
864000,0.000106773
864256,0.000106773
864512,0.000106773
864768,0.000106773
865024,0.000106754
865280,0.000106699
865536,0.000106644
865792,0.000106589
866048,0.000106534
866304,0.000106479
866560,0.000106423
866816,0.000106387
867072,0.000106387
867328,0.000106387
867584,0.000106387
867840,0.000106387
868096,0.000106387
868352,0.000106387
868608,0.000106387
868864,0.000106387
869120,0.000106387
869376,0.000106387
869632,0.000106387
869888,0.000106387
870144,0.000106387
870400,0.000106387
870656,0.000106387
870912,0.000106387
871168,0.000106387
871424,0.000106387
871680,0.000106387
871936,0.000106387
872192,0.000106387
872448,0.000106387
872704,0.000106387
872960,0.000106387
873216,0.000106387
873472,0.000106387
873728,0.000106387
873984,0.000106337
874240,0.000106226
874496,0.000106115
874752,0.000106004
875008,0.000105893
875264,0.000105782
875520,0.000105671
875776,0.000105588
876032,0.000105532
876288,0.000105476
876544,0.000105421
876800,0.000105365
877056,0.000105309
877312,0.000105253
877568,0.000105231
877824,0.000105231
878080,0.000105231
878336,0.000105231
878592,0.000105231
878848,0.000105231
879104,0.000105231
879360,0.000105231
879616,0.000105231
879872,0.000105231
880128,0.000105231
880384,0.000105231
880640,0.000105231
880896,0.000105231
881152,0.000105231
881408,0.000105231
881664,0.000105231
881920,0.000105231
882176,0.000105231
882432,0.000105231
882688,0.000105231
882944,0.000105129
883200,0.000105017
883456,0.000104905
883712,0.000104793
883968,0.00010468
884224,0.000104568
884480,0.00010446
884736,0.00010446
884992,0.00010446
885248,0.00010446
885504,0.00010446
885760,0.00010446
886016,0.00010446
886272,0.000104405
886528,0.000104123
886784,0.00010384
887040,0.000103556
887296,0.000103272
887552,0.000102987
887808,0.000102701
888064,0.000102462
888320,0.000102289
888576,0.000102117
888832,0.000101944
889088,0.00010177
889344,0.000101597
889600,0.000101423
889856,0.000101376
890112,0.000101376
890368,0.000101376
890624,0.000101376
890880,0.000101376
891136,0.000101376
891392,0.000101376
891648,0.000101376
891904,0.000101376
892160,0.000101376
892416,0.000101376
892672,0.000101376
892928,0.000101376
893184,0.000101351
893440,0.000101292
893696,0.000101234
893952,0.000101176
894208,0.000101118
894464,0.00010106
894720,0.000101002
894976,0.000100896
895232,0.000100779
895488,0.000100663
895744,0.000100546
896000,0.000100429
896256,0.000100312
896512,0.00010022
896768,0.00010022
897024,0.00010022
897280,0.00010022
897536,0.00010022
897792,0.00010022
898048,0.00010022
898304,0.00010022
898560,0.00010022
898816,0.00010022
899072,0.00010022
899328,0.00010022
899584,0.00010022
899840,0.000100215
900096,0.000100156
900352,0.000100098
900608,0.000100039
900864,9.998e-05
901120,9.99211e-05
901376,9.98622e-05
901632,9.98344e-05
901888,9.98344e-05
902144,9.98344e-05
902400,9.98344e-05
902656,9.98344e-05
902912,9.98344e-05
903168,9.98344e-05
903424,9.97764e-05
903680,9.97174e-05
903936,9.96584e-05
904192,9.95994e-05
904448,9.95403e-05
904704,9.94812e-05
904960,9.94489e-05
905216,9.94489e-05
905472,9.94489e-05
905728,9.94489e-05
905984,9.94489e-05
906240,9.94489e-05
906496,9.94489e-05
906752,9.94489e-05
907008,9.94489e-05
907264,9.94489e-05
907520,9.94489e-05
907776,9.94489e-05
908032,9.94489e-05
908288,9.94241e-05
908544,9.93649e-05
908800,9.93057e-05
909056,9.92465e-05
909312,9.91872e-05
909568,9.91279e-05
909824,9.90685e-05
910080,9.89004e-05
910336,9.87218e-05
910592,9.85429e-05
910848,9.83637e-05
911104,9.81842e-05
911360,9.80043e-05
911616,9.79071e-05
911872,9.79071e-05
912128,9.79071e-05
912384,9.79071e-05
912640,9.79071e-05
912896,9.79071e-05
913152,9.79071e-05
913408,9.79071e-05
913664,9.79071e-05
913920,9.79071e-05
914176,9.79071e-05
914432,9.79071e-05
914688,9.79071e-05
914944,9.78694e-05
915200,9.78093e-05
915456,9.77491e-05
915712,9.76889e-05
915968,9.76287e-05
916224,9.75684e-05
916480,9.75216e-05
916736,9.75216e-05
916992,9.75216e-05
917248,9.75216e-05
917504,9.75216e-05
917760,9.75216e-05
918016,9.75216e-05
918272,9.75216e-05
918528,9.75216e-05
918784,9.75216e-05
919040,9.75216e-05
919296,9.75216e-05
919552,9.75216e-05
919808,9.75216e-05
920064,9.75216e-05
920320,9.75216e-05
920576,9.75216e-05
920832,9.75216e-05
921088,9.75216e-05
921344,9.75156e-05
921600,9.73949e-05
921856,9.7274e-05
922112,9.7153e-05
922368,9.70318e-05
922624,9.69105e-05
922880,9.67891e-05
923136,9.67507e-05
923392,9.67507e-05
923648,9.67507e-05
923904,9.67507e-05
924160,9.67507e-05
924416,9.67507e-05
924672,9.67298e-05
924928,9.6669e-05
925184,9.66081e-05
925440,9.65472e-05
925696,9.64863e-05
925952,9.64253e-05
926208,9.63653e-05
926464,9.63653e-05
926720,9.63653e-05
926976,9.63653e-05
927232,9.63653e-05
927488,9.63653e-05
927744,9.63653e-05
928000,9.63225e-05
928256,9.62614e-05
928512,9.62003e-05
928768,9.61391e-05
929024,9.60779e-05
929280,9.60167e-05
929536,9.59067e-05
929792,9.57225e-05
930048,9.5538e-05
930304,9.53531e-05
930560,9.51679e-05
930816,9.49823e-05
931072,9.48144e-05
931328,9.47523e-05
931584,9.46902e-05
931840,9.46281e-05
932096,9.45659e-05
932352,9.45037e-05
932608,9.44415e-05
932864,9.42615e-05
933120,9.40741e-05
933376,9.38863e-05
933632,9.36982e-05
933888,9.35097e-05
934144,9.33208e-05
934400,9.32316e-05
934656,9.31685e-05
934912,9.31053e-05
935168,9.30421e-05
935424,9.29789e-05
935680,9.29156e-05
935936,9.28961e-05
936192,9.28961e-05
936448,9.28961e-05
936704,9.28961e-05
936960,9.28961e-05
937216,9.28961e-05
937472,9.28961e-05
937728,9.28961e-05
937984,9.28961e-05
938240,9.28961e-05
938496,9.28961e-05
938752,9.28961e-05
939008,9.28961e-05
939264,9.28961e-05
939520,9.28961e-05
939776,9.28961e-05
940032,9.28961e-05
940288,9.28961e-05
940544,9.28148e-05
940800,9.26245e-05
941056,9.24338e-05
941312,9.22427e-05
941568,9.20513e-05
941824,9.18594e-05
942080,9.17397e-05
942336,9.17397e-05
942592,9.17397e-05
942848,9.17397e-05
943104,9.17397e-05
943360,9.17397e-05
943616,9.17397e-05
943872,9.17397e-05
944128,9.17397e-05
944384,9.17397e-05
944640,9.17397e-05
944896,9.17397e-05
945152,9.17397e-05
945408,9.17397e-05
945664,9.17397e-05
945920,9.17397e-05
946176,9.17397e-05
946432,9.17397e-05
946688,9.17397e-05
946944,9.17397e-05
947200,9.17397e-05
947456,9.17397e-05
947712,9.17397e-05
947968,9.17397e-05
948224,9.17187e-05
948480,9.16545e-05
948736,9.15903e-05
948992,9.15261e-05
949248,9.14618e-05
949504,9.13975e-05
949760,9.12907e-05
950016,9.10972e-05
950272,9.09033e-05
950528,9.0709e-05
950784,9.05143e-05
951040,9.03191e-05
951296,9.01731e-05
951552,9.01079e-05
951808,9.00426e-05
952064,8.99772e-05
952320,8.99118e-05
952576,8.98464e-05
952832,8.98124e-05
953088,8.98124e-05
953344,8.98124e-05
953600,8.98124e-05
953856,8.98124e-05
954112,8.98124e-05
954368,8.97734e-05
954624,8.97079e-05
954880,8.96423e-05
955136,8.95766e-05
955392,8.9511e-05
955648,8.94452e-05
955904,8.93319e-05
956160,8.92001e-05
956416,8.90682e-05
956672,8.8936e-05
956928,8.88036e-05
957184,8.86711e-05
957440,8.8656e-05
957696,8.8656e-05
957952,8.8656e-05
958208,8.8656e-05
958464,8.8656e-05
958720,8.8656e-05
958976,8.8656e-05
959232,8.8656e-05
959488,8.8656e-05
959744,8.8656e-05
960000,8.8656e-05
960256,8.86384e-05
960512,8.8572e-05
960768,8.85055e-05
961024,8.84391e-05
961280,8.83725e-05
961536,8.8306e-05
961792,8.82393e-05
962048,8.81726e-05
962304,8.81059e-05
962560,8.80391e-05
962816,8.79723e-05
963072,8.79054e-05
963328,8.78851e-05
963584,8.78851e-05
963840,8.78851e-05
964096,8.78851e-05
964352,8.78851e-05
964608,8.78851e-05
964864,8.78851e-05
965120,8.78851e-05
965376,8.78851e-05
965632,8.78851e-05
965888,8.78851e-05
966144,8.78614e-05
966400,8.77274e-05
966656,8.75932e-05
966912,8.74588e-05
967168,8.73242e-05
967424,8.71894e-05
967680,8.70544e-05
967936,8.69191e-05
968192,8.67837e-05
968448,8.6648e-05
968704,8.65122e-05
968960,8.63761e-05
969216,8.62915e-05
969472,8.62234e-05
969728,8.61551e-05
969984,8.60868e-05
970240,8.60185e-05
970496,8.59423e-05
970752,8.58053e-05
971008,8.56681e-05
971264,8.55307e-05
971520,8.53931e-05
971776,8.52552e-05
972032,8.51171e-05
972288,8.49788e-05
972544,8.48403e-05
972800,8.47015e-05
973056,8.45625e-05
973312,8.44233e-05
973568,8.42838e-05
973824,8.41441e-05
974080,8.40042e-05
974336,8.38641e-05
974592,8.37237e-05
974848,8.3645e-05
975104,8.3645e-05
975360,8.3645e-05
975616,8.3645e-05
975872,8.3645e-05
976128,8.3645e-05
976384,8.3645e-05
976640,8.3645e-05
976896,8.3645e-05
977152,8.3645e-05
977408,8.3645e-05
977664,8.3645e-05
977920,8.3645e-05
978176,8.3645e-05
978432,8.3645e-05
978688,8.3645e-05
978944,8.3645e-05
979200,8.3645e-05
979456,8.3645e-05
979712,8.3645e-05
979968,8.3645e-05
980224,8.3645e-05
980480,8.3645e-05
980736,8.3645e-05
980992,8.3645e-05
981248,8.3645e-05
981504,8.3645e-05
981760,8.36428e-05
982016,8.35725e-05
982272,8.3502e-05
982528,8.34316e-05
982784,8.33611e-05
983040,8.32905e-05
983296,8.32198e-05
983552,8.31491e-05
983808,8.30783e-05
984064,8.30075e-05
984320,8.29366e-05
984576,8.28573e-05
984832,8.27152e-05
985088,8.25728e-05
985344,8.24303e-05
985600,8.22874e-05
985856,8.21443e-05
986112,8.19499e-05
986368,8.17343e-05
986624,8.15181e-05
986880,8.13014e-05
987136,8.10841e-05
987392,8.09199e-05
987648,8.08472e-05
987904,8.07744e-05
988160,8.07016e-05
988416,8.06287e-05
988672,8.055e-05
988928,8.04038e-05
989184,8.02574e-05
989440,8.01107e-05
989696,7.99637e-05
989952,7.98165e-05
990208,7.97904e-05
990464,7.97904e-05
990720,7.97904e-05
990976,7.97904e-05
991232,7.97904e-05
991488,7.97904e-05
991744,7.97904e-05
992000,7.97904e-05
992256,7.97904e-05
992512,7.97904e-05
992768,7.97904e-05
993024,7.97904e-05
993280,7.97904e-05
993536,7.97904e-05
993792,7.97904e-05
994048,7.97904e-05
994304,7.97904e-05
994560,7.97904e-05
994816,7.97904e-05
995072,7.97904e-05
995328,7.97904e-05
995584,7.97904e-05
995840,7.97904e-05
996096,7.97904e-05
996352,7.97904e-05
996608,7.97904e-05
996864,7.97405e-05
997120,7.96667e-05
997376,7.95928e-05
997632,7.95189e-05
997888,7.94449e-05
998144,7.94049e-05
998400,7.94049e-05
998656,7.94049e-05
998912,7.94049e-05
999168,7.94049e-05
999424,7.92144e-05
999680,7.84684e-05
999936,7.77152e-05
1000192,7.69546e-05
1000448,7.61865e-05
1000704,7.55364e-05
1000960,7.54585e-05
1001216,7.53805e-05
1001472,7.53024e-05
1001728,7.52243e-05
1001984,7.51649e-05
1002240,7.51649e-05
1002496,7.51649e-05
1002752,7.51649e-05
1003008,7.51649e-05
1003264,7.51156e-05
1003520,7.49588e-05
1003776,7.48017e-05
1004032,7.46443e-05
1004288,7.44865e-05
1004544,7.43285e-05
1004800,7.417e-05
1005056,7.40113e-05
1005312,7.38521e-05
1005568,7.36927e-05
1005824,7.3578e-05
1006080,7.3498e-05
1006336,7.34179e-05
1006592,7.33378e-05
1006848,7.32575e-05
1007104,7.31168e-05
1007360,7.29557e-05
1007616,7.27943e-05
1007872,7.26325e-05
1008128,7.24704e-05
1008384,7.23873e-05
1008640,7.2306e-05
1008896,7.22246e-05
1009152,7.21431e-05
1009408,7.20812e-05
1009664,7.20812e-05
1009920,7.20812e-05
1010176,7.20812e-05
1010432,7.20812e-05
1010688,7.20812e-05
1010944,7.20812e-05
1011200,7.20812e-05
1011456,7.20812e-05
1011712,7.20812e-05
1011968,7.20165e-05
1012224,7.19348e-05
1012480,7.18529e-05
1012736,7.1771e-05
1012992,7.1689e-05
1013248,7.1607e-05
1013504,7.15248e-05
1013760,7.14425e-05
1014016,7.13601e-05
1014272,7.12776e-05
1014528,7.11951e-05
1014784,7.11124e-05
1015040,7.10297e-05
1015296,7.09468e-05
1015552,7.07418e-05
1015808,7.04919e-05
1016064,7.02412e-05
1016320,6.99895e-05
1016576,6.97684e-05
1016832,6.97684e-05
1017088,6.97684e-05
1017344,6.97684e-05
1017600,6.97684e-05
1017856,6.97684e-05
1018112,6.97684e-05
1018368,6.97684e-05
1018624,6.97684e-05
1018880,6.97684e-05
1019136,6.96858e-05
1019392,6.96013e-05
1019648,6.95168e-05
1019904,6.94321e-05
1020160,6.93473e-05
1020416,6.92625e-05
1020672,6.91775e-05
1020928,6.90924e-05
1021184,6.90072e-05
1021440,6.89975e-05
1021696,6.89975e-05
1021952,6.89975e-05
1022208,6.89975e-05
1022464,6.89975e-05
1022720,6.89975e-05
1022976,6.89975e-05
1023232,6.89975e-05
1023488,6.89975e-05
1023744,6.89257e-05
1024000,6.88403e-05
1024256,6.87548e-05
1024512,6.86692e-05
1024768,6.8612e-05
1025024,6.8612e-05
1025280,6.8612e-05
1025536,6.8612e-05
1025792,6.8612e-05
1026048,6.82527e-05
1026304,6.78204e-05
1026560,6.73854e-05
1026816,6.69476e-05
1027072,6.65781e-05
1027328,6.63125e-05
1027584,6.60459e-05
1027840,6.57782e-05
1028096,6.55283e-05
1028352,6.55283e-05
1028608,6.55283e-05
1028864,6.55283e-05
1029120,6.55283e-05
1029376,6.55283e-05
1029632,6.55283e-05
1029888,6.55283e-05
1030144,6.55283e-05
1030400,6.55283e-05
1030656,6.55283e-05
1030912,6.55283e-05
1031168,6.55283e-05
1031424,6.55115e-05
1031680,6.54217e-05
1031936,6.53317e-05
1032192,6.52416e-05
1032448,6.51514e-05
1032704,6.51429e-05
1032960,6.51429e-05
1033216,6.51429e-05
1033472,6.51429e-05
1033728,6.50279e-05
1033984,6.48468e-05
1034240,6.46651e-05
1034496,6.4483e-05
1034752,6.42644e-05
1035008,6.39892e-05
1035264,6.37129e-05
1035520,6.34353e-05
1035776,6.31959e-05
1036032,6.31028e-05
1036288,6.30095e-05
1036544,6.29161e-05
1036800,6.28301e-05
1037056,6.28301e-05
1037312,6.28301e-05
1037568,6.28301e-05
1037824,6.28301e-05
1038080,6.27399e-05
1038336,6.2646e-05
1038592,6.25521e-05
1038848,6.2458e-05
1039104,6.24446e-05
1039360,6.24446e-05
1039616,6.24446e-05
1039872,6.24446e-05
1040128,6.23725e-05
1040384,6.22781e-05
1040640,6.21836e-05
1040896,6.20889e-05
1041152,6.20592e-05
1041408,6.20592e-05
1041664,6.20592e-05
1041920,6.20592e-05
1042176,6.20005e-05
1042432,6.19055e-05
1042688,6.18105e-05
1042944,6.17152e-05
1043200,6.16737e-05
1043456,6.16737e-05
1043712,6.16737e-05
1043968,6.16737e-05
1044224,6.16737e-05
1044480,6.16737e-05
1044736,6.16737e-05
1044992,6.16737e-05
1045248,6.16737e-05
1045504,6.16737e-05
1045760,6.16737e-05
1046016,6.16737e-05
1046272,6.15899e-05
1046528,6.13986e-05
1046784,6.12067e-05
1047040,6.10142e-05
1047296,6.06574e-05
1047552,6.00728e-05
1047808,5.94825e-05
1048064,5.88862e-05
1048320,5.85391e-05
1048576,5.84385e-05
1048832,5.83378e-05
1049088,5.82369e-05
1049344,5.82046e-05
1049600,5.82046e-05
1049856,5.82046e-05
