cache_lines,MRC
256,0.0669624
512,0.0635693
768,0.0614414
1024,0.0598531
1280,0.0585003
1536,0.0573094
1792,0.056244
2048,0.055241
2304,0.054299
2560,0.0534488
2816,0.052623
3072,0.0518504
3328,0.0510841
3584,0.0503444
3840,0.0496491
4096,0.0489307
4352,0.0482377
4608,0.0475673
4864,0.0469306
5120,0.0462869
5376,0.0456727
5632,0.0450662
5888,0.0444681
6144,0.043875
6400,0.0432861
6656,0.0427186
6912,0.0421065
7168,0.041538
7424,0.0409682
7680,0.0404103
7936,0.0398721
8192,0.0393472
8448,0.0388117
8704,0.0382934
8960,0.0377695
9216,0.0372556
9472,0.0367447
9728,0.0362401
9984,0.0357591
10240,0.0352602
10496,0.0347649
10752,0.0343015
11008,0.0338271
11264,0.0333722
11520,0.0329123
11776,0.0324329
12032,0.0319849
12288,0.0315114
12544,0.0310633
12800,0.0306224
13056,0.03016
13312,0.0297368
13568,0.0293068
13824,0.0288847
14080,0.0284619
14336,0.0280431
14592,0.0276247
14848,0.0271996
15104,0.0267789
15360,0.0263778
15616,0.0259681
15872,0.0255857
16128,0.0251935
16384,0.0247966
16640,0.0244137
16896,0.0240234
17152,0.0236491
17408,0.0232609
17664,0.0228968
17920,0.0225274
18176,0.022162
18432,0.0217913
18688,0.0214128
18944,0.0210491
19200,0.0206793
19456,0.0203317
19712,0.0199793
19968,0.0196005
20224,0.0192418
20480,0.0188759
20736,0.0185168
20992,0.0181559
21248,0.017782
21504,0.0174381
21760,0.0171433
22016,0.0168249
22272,0.0165367
22528,0.0162434
22784,0.0159493
23040,0.015673
23296,0.0153941
23552,0.015118
23808,0.0148453
24064,0.0145829
24320,0.0143121
24576,0.0140502
24832,0.013782
25088,0.0135189
25344,0.0127444
25600,0.0124788
25856,0.0122124
26112,0.0119498
26368,0.0116795
26624,0.0114238
26880,0.0111842
27136,0.0109581
27392,0.0107154
27648,0.0104858
27904,0.0102516
28160,0.0100323
28416,0.00979103
28672,0.0095869
28928,0.00936161
29184,0.00915409
29440,0.0089502
29696,0.0087746
29952,0.00860192
30208,0.00843705
30464,0.0082745
30720,0.00811206
30976,0.00795299
31232,0.0077493
31488,0.00758085
31744,0.0074164
32000,0.00724462
32256,0.00707282
32512,0.00692747
32768,0.0067799
33024,0.00663709
33280,0.0064916
33536,0.00634538
33792,0.00621259
34048,0.00607118
34304,0.00597281
34560,0.00587461
34816,0.00577433
35072,0.00568054
35328,0.0055539
35584,0.00545668
35840,0.00535933
36096,0.00526818
36352,0.00518505
36608,0.0050946
36864,0.00501579
37120,0.00493222
37376,0.00484765
37632,0.00476824
37888,0.00469997
38144,0.00461227
38400,0.00452296
38656,0.00443218
38912,0.00431256
39168,0.00423235
39424,0.00415889
39680,0.00408972
39936,0.00401896
40192,0.00394831
40448,0.00388504
40704,0.00378244
40960,0.00371795
41216,0.00365194
41472,0.00355768
41728,0.00349336
41984,0.00343052
42240,0.00336997
42496,0.00330656
42752,0.00323622
43008,0.00317043
43264,0.00310076
43520,0.00303141
43776,0.00296864
44032,0.00290208
44288,0.00282946
44544,0.00275666
44800,0.0026846
45056,0.00261568
45312,0.00254632
45568,0.00247595
45824,0.00241078
46080,0.00233791
46336,0.00226112
46592,0.00219162
46848,0.00211816
47104,0.00203702
47360,0.00197409
47616,0.00190151
47872,0.00184138
48128,0.00178013
48384,0.00172057
48640,0.00165183
48896,0.00157754
49152,0.00150616
49408,0.00143024
49664,0.00135192
49920,0.00127801
50176,0.00119562
50432,0.00111216
50688,0.0010402
50944,0.00098451
51200,0.00092931
51456,0.00087351
51712,0.000819008
51968,0.000798707
52224,0.000784315
52480,0.000773865
52736,0.000762326
52992,0.000752749
53248,0.000741573
53504,0.000732186
53760,0.000722482
54016,0.000710944
54272,0.000701567
54528,0.00069409
54784,0.000686075
55040,0.000677365
55296,0.000668937
55552,0.000662526
55808,0.000654308
56064,0.000645944
56320,0.00063714
56576,0.000630881
56832,0.000620698
57088,0.000612871
57344,0.00060595
57600,0.000601446
57856,0.000595857
58112,0.000588471
58368,0.000582596
58624,0.000576991
58880,0.000570733
59136,0.00056367
59392,0.000556854
59648,0.000549149
59904,0.000542142
60160,0.000538379
60416,0.000533527
60672,0.000527334
60928,0.000521077
61184,0.000513972
61440,0.000509101
61696,0.000504671
61952,0.000499205
62208,0.000493713
62464,0.000489336
62720,0.00048286
62976,0.000477174
63232,0.000470994
63488,0.000464332
63744,0.000458575
64000,0.000450423
64256,0.000443203
64512,0.000434466
64768,0.000428537
65024,0.000422762
65280,0.000416373
65536,0.000409494
65792,0.00040282
66048,0.000395028
66304,0.000387977
66560,0.000381568
66816,0.000375753
67072,0.000368416
67328,0.000362592
67584,0.000356444
67840,0.00035306
68096,0.000350837
68352,0.000347712
68608,0.000342823
68864,0.000338533
69120,0.000336778
69376,0.00033451
69632,0.000331928
69888,0.000329437
70144,0.000326242
70400,0.000322667
70656,0.000319815
70912,0.000317537
71168,0.000315069
71424,0.00031209
71680,0.000310096
71936,0.000308039
72192,0.000306485
72448,0.000305067
72704,0.00030216
72960,0.000300185
73216,0.000298035
73472,0.000296618
73728,0.000293998
73984,0.000291795
74240,0.000290973
74496,0.000289143
74752,0.000288331
75008,0.000287303
75264,0.000286629
75520,0.000284976
75776,0.000283694
76032,0.000282459
76288,0.000280661
76544,0.000278663
76800,0.000276577
77056,0.000275586
77312,0.000274543
77568,0.000272704
77824,0.000271513
78080,0.000268691
78336,0.00026675
78592,0.000264772
78848,0.000263374
79104,0.00026264
79360,0.000262143
79616,0.000261596
79872,0.000260796
80128,0.000260173
80384,0.000259304
80640,0.000258951
80896,0.000258411
81152,0.000257795
81408,0.000257655
81664,0.000252449
81920,0.000249574
82176,0.000249428
82432,0.000249281
82688,0.000249134
82944,0.000249134
83200,0.000249134
83456,0.000249134
83712,0.000248987
83968,0.000245993
84224,0.000241735
84480,0.000240326
84736,0.000240179
84992,0.000240179
85248,0.000240179
85504,0.000240032
85760,0.000239745
86016,0.000237971
86272,0.000235805
86528,0.00023082
86784,0.000229315
87040,0.000229315
87296,0.000229315
87552,0.000229168
87808,0.000229168
88064,0.000229021
88320,0.000229021
88576,0.000229021
88832,0.000222718
89088,0.000205496
89344,0.000199073
89600,0.000197713
89856,0.000195697
90112,0.000195697
90368,0.00019555
90624,0.00019555
90880,0.00019555
91136,0.00019555
91392,0.00019555
91648,0.00019555
91904,0.00019555
92160,0.00019555
92416,0.00019555
92672,0.00019555
92928,0.00019555
93184,0.00019555
93440,0.00019555
93696,0.00019555
93952,0.000195407
94208,0.000194963
94464,0.000194963
94720,0.000194963
94976,0.000194963
95232,0.000194963
95488,0.000194963
95744,0.000194816
96000,0.000194816
96256,0.000194816
96512,0.000194816
96768,0.000194816
97024,0.000194816
97280,0.000194816
97536,0.000194816
97792,0.000194735
98048,0.000188646
98304,0.000174094
98560,0.000165696
98816,0.000164867
99072,0.00016472
99328,0.000164557
99584,0.00016428
99840,0.00016428
100096,0.00016428
100352,0.00016428
100608,0.00016428
100864,0.00016428
101120,0.00016428
101376,0.00016428
101632,0.000164133
101888,0.000164133
102144,0.000163802
102400,0.000163511
102656,0.000163399
102912,0.000163252
103168,0.000163252
103424,0.000163252
103680,0.000163252
103936,0.000163225
104192,0.000162959
104448,0.000162812
104704,0.000162812
104960,0.000162812
105216,0.000162384
105472,0.00015661
105728,0.000152843
105984,0.000141464
106240,0.000130379
106496,0.000128005
106752,0.000127872
107008,0.000127872
107264,0.000127872
107520,0.000127872
107776,0.000127872
108032,0.000127872
108288,0.000127872
108544,0.000127872
108800,0.000127872
109056,0.000127872
109312,0.000127872
109568,0.000127872
109824,0.000127872
110080,0.000127579
110336,0.000127579
110592,0.000127579
110848,0.000127579
111104,0.000127432
111360,0.000127432
111616,0.000127432
111872,0.000127432
112128,0.000127432
112384,0.000127432
112640,0.000127432
112896,0.000124234
113152,0.000121012
113408,0.000120622
113664,0.000120325
113920,0.000120238
114176,0.000120238
114432,0.000120238
114688,0.000120091
114944,0.000120091
115200,0.000120091
115456,0.000120091
115712,0.000120091
115968,0.000119945
116224,0.000119945
116480,0.000119945
116736,0.000119945
116992,0.000119945
117248,0.000119816
117504,0.000119798
117760,0.000119798
118016,0.000119798
118272,0.000119798
118528,0.000119798
118784,0.000119651
119040,0.000119629
119296,0.000119183
119552,0.000118881
119808,0.000117249
120064,0.00011196
120320,0.000111136
120576,0.000109663
120832,0.000108175
121088,0.00010776
121344,0.00010776
121600,0.00010776
121856,0.000107613
122112,0.000107613
122368,0.000107613
122624,0.000107333
122880,0.000107319
123136,0.000107319
123392,0.000107319
123648,0.000107319
123904,0.000107319
124160,0.000107319
124416,0.000107319
124672,0.000107173
124928,0.000107026
125184,0.000106879
125440,0.000106879
125696,0.000106879
125952,0.000106732
126208,0.000106606
126464,0.000106585
126720,0.000106585
126976,0.000106585
127232,0.000106585
127488,0.000106585
127744,0.000106585
128000,0.000106585
128256,0.000106585
128512,0.000106585
128768,0.000106585
129024,0.000106585
129280,0.000106585
129536,0.000106438
129792,0.000106438
130048,0.000106438
130304,0.000106438
130560,0.000106438
130816,0.000106145
131072,0.000106145
131328,0.000106145
131584,0.000106143
131840,0.000105851
132096,0.00010576
132352,0.000105411
132608,0.000105411
132864,0.000105411
133120,0.000105411
133376,0.000105411
133632,0.000105264
133888,0.000105264
134144,0.000105117
134400,0.000103943
134656,0.000103796
134912,0.000103621
135168,0.000103274
135424,0.000103062
135680,0.000103062
135936,0.000103062
136192,0.000103058
136448,0.000102768
136704,0.000102768
136960,0.000102768
137216,0.000102768
137472,0.000102768
137728,0.000102768
137984,0.000102768
138240,0.000102768
138496,0.000102768
138752,0.000102768
139008,0.000102768
139264,0.000102768
139520,0.000102768
139776,0.000102768
140032,0.000102328
140288,0.000102166
140544,0.000101888
140800,0.000101741
141056,0.000101741
141312,0.000101646
141568,0.000101447
141824,0.0001013
142080,0.0001013
142336,0.0001013
142592,0.0001013
142848,0.000101293
143104,0.000101153
143360,0.000101153
143616,0.000101055
143872,0.000100878
144128,0.000100847
144384,0.000100537
144640,9.98212e-05
144896,9.95386e-05
145152,9.9396e-05
145408,9.93625e-05
145664,9.9245e-05
145920,9.91482e-05
146176,9.88362e-05
146432,9.88046e-05
146688,9.88046e-05
146944,9.88046e-05
147200,9.88046e-05
147456,9.87943e-05
147712,9.86578e-05
147968,9.86578e-05
148224,9.86578e-05
148480,9.86578e-05
148736,9.86578e-05
148992,9.85854e-05
149248,9.8511e-05
149504,9.8511e-05
149760,9.8511e-05
150016,9.8511e-05
150272,9.8511e-05
150528,9.8511e-05
150784,9.8511e-05
151040,9.8511e-05
151296,9.8511e-05
151552,9.8511e-05
151808,9.8511e-05
152064,9.8511e-05
152320,9.8511e-05
152576,9.8511e-05
152832,9.8511e-05
153088,9.82762e-05
153344,9.76105e-05
153600,9.74833e-05
153856,9.74833e-05
154112,9.74833e-05
154368,9.74833e-05
154624,9.74833e-05
154880,9.74716e-05
155136,9.72385e-05
155392,9.70429e-05
155648,9.69182e-05
155904,9.68961e-05
156160,9.68961e-05
156416,9.68961e-05
156672,9.68961e-05
156928,9.68961e-05
157184,9.68362e-05
157440,9.67493e-05
157696,9.64754e-05
157952,9.64557e-05
158208,9.64557e-05
158464,9.64557e-05
158720,9.64557e-05
158976,9.63089e-05
159232,9.61534e-05
159488,9.60153e-05
159744,9.57217e-05
160000,9.56704e-05
160256,9.55748e-05
160512,9.55748e-05
160768,9.55748e-05
161024,9.55748e-05
161280,9.54669e-05
161536,9.5428e-05
161792,9.53849e-05
162048,9.51969e-05
162304,9.51344e-05
162560,9.51344e-05
162816,9.51344e-05
163072,9.51344e-05
163328,9.51344e-05
163584,9.51344e-05
163840,9.51344e-05
164096,9.50111e-05
164352,9.49324e-05
164608,9.45472e-05
164864,9.44435e-05
165120,9.44004e-05
165376,9.42536e-05
165632,9.42536e-05
165888,9.42536e-05
166144,9.42273e-05
166400,9.41068e-05
166656,9.41068e-05
166912,9.41068e-05
167168,9.41068e-05
167424,9.41068e-05
167680,9.41068e-05
167936,9.41068e-05
168192,9.40252e-05
168448,9.396e-05
168704,9.396e-05
168960,9.396e-05
169216,9.396e-05
169472,9.38132e-05
169728,9.38132e-05
169984,9.38132e-05
170240,9.38132e-05
170496,9.38132e-05
170752,9.38132e-05
171008,9.38132e-05
171264,9.38132e-05
171520,9.38132e-05
171776,9.38132e-05
172032,9.36568e-05
172288,9.35196e-05
172544,9.35196e-05
172800,9.35196e-05
173056,9.33306e-05
173312,9.3226e-05
173568,9.3226e-05
173824,9.30791e-05
174080,9.30791e-05
174336,9.30791e-05
174592,9.24919e-05
174848,9.24919e-05
175104,9.24919e-05
175360,9.24919e-05
175616,9.24919e-05
175872,9.24919e-05
176128,9.24919e-05
176384,9.24919e-05
176640,9.23872e-05
176896,9.21983e-05
177152,9.21983e-05
177408,9.21983e-05
177664,9.21983e-05
177920,9.21983e-05
178176,9.21983e-05
178432,9.21983e-05
178688,9.20515e-05
178944,9.20515e-05
179200,9.20515e-05
179456,9.20515e-05
179712,9.20515e-05
179968,9.20515e-05
180224,9.20515e-05
180480,9.20515e-05
180736,9.19172e-05
180992,9.1869e-05
181248,9.17579e-05
181504,9.17579e-05
181760,9.17579e-05
182016,9.17579e-05
182272,9.17579e-05
182528,9.17579e-05
182784,9.17579e-05
183040,9.16278e-05
183296,9.1579e-05
183552,9.14643e-05
183808,9.14643e-05
184064,9.14643e-05
184320,9.14643e-05
184576,9.14643e-05
184832,9.14643e-05
185088,9.14643e-05
185344,9.14643e-05
185600,9.14643e-05
185856,9.14643e-05
186112,9.14643e-05
186368,9.14643e-05
186624,9.14643e-05
186880,9.10658e-05
187136,9.08771e-05
187392,9.07036e-05
187648,9.04456e-05
187904,9.02898e-05
188160,9.02898e-05
188416,9.01438e-05
188672,9.0143e-05
188928,9.0143e-05
189184,9.0143e-05
189440,9.0143e-05
189696,9.0143e-05
189952,9.0143e-05
190208,9.0143e-05
190464,9.0143e-05
190720,8.99962e-05
190976,8.99962e-05
191232,8.99962e-05
191488,8.99962e-05
191744,8.99962e-05
192000,8.97123e-05
192256,8.97026e-05
192512,8.97026e-05
192768,8.97026e-05
193024,8.96725e-05
193280,8.95725e-05
193536,8.95558e-05
193792,8.95558e-05
194048,8.95558e-05
194304,8.95558e-05
194560,8.9383e-05
194816,8.89812e-05
195072,8.89686e-05
195328,8.89686e-05
195584,8.89578e-05
195840,8.87561e-05
196096,8.8675e-05
196352,8.86603e-05
196608,8.85592e-05
196864,8.85282e-05
197120,8.85282e-05
197376,8.85282e-05
197632,8.85282e-05
197888,8.85282e-05
198144,8.85282e-05
198400,8.84378e-05
198656,8.83814e-05
198912,8.83814e-05
199168,8.83814e-05
199424,8.83259e-05
199680,8.82244e-05
199936,8.81228e-05
200192,8.80211e-05
200448,8.79409e-05
200704,8.79409e-05
200960,8.79409e-05
201216,8.79409e-05
201472,8.79409e-05
201728,8.78501e-05
201984,8.77941e-05
202240,8.77941e-05
202496,8.77941e-05
202752,8.76768e-05
203008,8.75005e-05
203264,8.75005e-05
203520,8.75005e-05
203776,8.75005e-05
204032,8.75005e-05
204288,8.74147e-05
204544,8.73537e-05
204800,8.73537e-05
205056,8.72538e-05
205312,8.72069e-05
205568,8.72069e-05
205824,8.72069e-05
206080,8.72069e-05
206336,8.72069e-05
206592,8.72069e-05
206848,8.69511e-05
207104,8.67665e-05
207360,8.67665e-05
207616,8.67665e-05
207872,8.67665e-05
208128,8.67665e-05
208384,8.67665e-05
208640,8.67665e-05
208896,8.6736e-05
209152,8.66326e-05
209408,8.66197e-05
209664,8.66197e-05
209920,8.6612e-05
210176,8.64049e-05
210432,8.60682e-05
210688,8.57388e-05
210944,8.57388e-05
211200,8.57388e-05
211456,8.57388e-05
211712,8.57388e-05
211968,8.57388e-05
212224,8.57388e-05
212480,8.57388e-05
212736,8.57388e-05
212992,8.57388e-05
213248,8.57388e-05
213504,8.57388e-05
213760,8.53313e-05
214016,8.51516e-05
214272,8.51516e-05
214528,8.51516e-05
214784,8.50693e-05
215040,8.50048e-05
215296,8.50048e-05
215552,8.50048e-05
215808,8.50048e-05
216064,8.50048e-05
216320,8.50048e-05
216576,8.50048e-05
216832,8.496e-05
217088,8.4858e-05
217344,8.4858e-05
217600,8.47901e-05
217856,8.46306e-05
218112,8.43124e-05
218368,8.42708e-05
218624,8.42708e-05
218880,8.42708e-05
219136,8.42708e-05
219392,8.42708e-05
219648,8.42708e-05
219904,8.42708e-05
220160,8.42708e-05
220416,8.42708e-05
220672,8.4249e-05
220928,8.41426e-05
221184,8.4124e-05
221440,8.40764e-05
221696,8.39697e-05
221952,8.38629e-05
222208,8.3756e-05
222464,8.36836e-05
222720,8.36836e-05
222976,8.36836e-05
223232,8.36836e-05
223488,8.36836e-05
223744,8.36836e-05
224000,8.36836e-05
224256,8.36836e-05
224512,8.36836e-05
224768,8.36836e-05
225024,8.36836e-05
225280,8.36836e-05
225536,8.36836e-05
225792,8.36836e-05
226048,8.3618e-05
226304,8.35368e-05
226560,8.35368e-05
226816,8.3443e-05
227072,8.339e-05
227328,8.339e-05
227584,8.339e-05
227840,8.33068e-05
228096,8.32431e-05
228352,8.32431e-05
228608,8.32431e-05
228864,8.31698e-05
229120,8.30963e-05
229376,8.30963e-05
229632,8.28897e-05
229888,8.28027e-05
230144,8.27244e-05
230400,8.23988e-05
230656,8.23623e-05
230912,8.23623e-05
231168,8.23623e-05
231424,8.23623e-05
231680,8.23623e-05
231936,8.23623e-05
232192,8.23623e-05
232448,8.23623e-05
232704,8.23623e-05
232960,8.2266e-05
233216,8.20583e-05
233472,8.1949e-05
233728,8.19219e-05
233984,8.19219e-05
234240,8.18924e-05
234496,8.14536e-05
234752,8.12542e-05
235008,8.11879e-05
235264,8.11879e-05
235520,8.11879e-05
235776,8.11879e-05
236032,8.11879e-05
236288,8.11793e-05
236544,8.10688e-05
236800,8.10411e-05
237056,8.10411e-05
237312,8.10411e-05
237568,8.10411e-05
237824,8.10411e-05
238080,8.10411e-05
238336,8.10289e-05
238592,8.09182e-05
238848,8.08074e-05
239104,8.07474e-05
239360,8.07323e-05
239616,8.06213e-05
239872,8.06006e-05
240128,8.05457e-05
240384,8.04538e-05
240640,8.04538e-05
240896,8.04538e-05
241152,8.04538e-05
241408,8.04538e-05
241664,8.04538e-05
241920,8.04538e-05
242176,8.03888e-05
242432,8.02475e-05
242688,8.00238e-05
242944,8.00134e-05
243200,8.00134e-05
243456,7.99763e-05
243712,7.98592e-05
243968,7.95219e-05
244224,7.94262e-05
244480,7.94262e-05
244736,7.94004e-05
244992,7.91744e-05
245248,7.91326e-05
245504,7.90738e-05
245760,7.89858e-05
246016,7.89858e-05
246272,7.87746e-05
246528,7.86195e-05
246784,7.85054e-05
247040,7.83912e-05
247296,7.82768e-05
247552,7.82517e-05
247808,7.82517e-05
248064,7.82517e-05
248320,7.82517e-05
248576,7.82517e-05
248832,7.82517e-05
249088,7.82517e-05
249344,7.82517e-05
249600,7.82517e-05
249856,7.81594e-05
250112,7.80446e-05
250368,7.79581e-05
250624,7.79581e-05
250880,7.79581e-05
251136,7.79581e-05
251392,7.79581e-05
251648,7.79423e-05
251904,7.78272e-05
252160,7.78113e-05
252416,7.78113e-05
252672,7.78113e-05
252928,7.78113e-05
253184,7.78113e-05
253440,7.77235e-05
253696,7.76645e-05
253952,7.76645e-05
254208,7.76645e-05
254464,7.75556e-05
254720,7.73621e-05
254976,7.72241e-05
255232,7.72079e-05
255488,7.70918e-05
255744,7.70773e-05
256000,7.70773e-05
256256,7.70366e-05
256512,7.69202e-05
256768,7.68036e-05
257024,7.67837e-05
257280,7.67837e-05
257536,7.67837e-05
257792,7.67773e-05
258048,7.66605e-05
258304,7.66369e-05
258560,7.66369e-05
258816,7.66369e-05
259072,7.66332e-05
259328,7.65162e-05
259584,7.6399e-05
259840,7.63433e-05
260096,7.63433e-05
260352,7.63433e-05
260608,7.63433e-05
260864,7.63433e-05
261120,7.6282e-05
261376,7.61965e-05
261632,7.61965e-05
261888,7.61965e-05
262144,7.61965e-05
262400,7.61965e-05
262656,7.61965e-05
262912,7.61965e-05
263168,7.61965e-05
263424,7.61965e-05
263680,7.61965e-05
263936,7.61294e-05
264192,7.59028e-05
264448,7.59028e-05
264704,7.58089e-05
264960,7.5756e-05
265216,7.5756e-05
265472,7.5756e-05
265728,7.5756e-05
265984,7.5756e-05
266240,7.5756e-05
266496,7.5756e-05
266752,7.5756e-05
267008,7.5756e-05
267264,7.56537e-05
267520,7.55352e-05
267776,7.54624e-05
268032,7.54624e-05
268288,7.54624e-05
268544,7.54624e-05
268800,7.54624e-05
269056,7.54624e-05
269312,7.54624e-05
269568,7.54624e-05
269824,7.5232e-05
270080,7.51688e-05
270336,7.50488e-05
270592,7.48752e-05
270848,7.48752e-05
271104,7.48752e-05
271360,7.48752e-05
271616,7.48041e-05
271872,7.47284e-05
272128,7.47284e-05
272384,7.47284e-05
272640,7.47284e-05
272896,7.47284e-05
273152,7.47284e-05
273408,7.46988e-05
273664,7.45816e-05
273920,7.45816e-05
274176,7.45816e-05
274432,7.45816e-05
274688,7.45816e-05
274944,7.45816e-05
275200,7.45816e-05
275456,7.45816e-05
275712,7.45816e-05
275968,7.45816e-05
276224,7.45518e-05
276480,7.44348e-05
276736,7.44348e-05
276992,7.44348e-05
277248,7.44348e-05
277504,7.44348e-05
277760,7.44348e-05
278016,7.44348e-05
278272,7.44348e-05
278528,7.44348e-05
278784,7.44348e-05
279040,7.44348e-05
279296,7.44348e-05
279552,7.44348e-05
279808,7.44348e-05
280064,7.44348e-05
280320,7.44348e-05
280576,7.44244e-05
280832,7.43642e-05
281088,7.43039e-05
281344,7.4288e-05
281600,7.4288e-05
281856,7.42515e-05
282112,7.41308e-05
282368,7.40098e-05
282624,7.39415e-05
282880,7.38809e-05
283136,7.38476e-05
283392,7.38476e-05
283648,7.38476e-05
283904,7.38476e-05
284160,7.38476e-05
284416,7.38476e-05
284672,7.38476e-05
284928,7.38128e-05
285184,7.36305e-05
285440,7.34477e-05
285696,7.33596e-05
285952,7.32985e-05
286208,7.32603e-05
286464,7.32603e-05
286720,7.32603e-05
286976,7.32603e-05
287232,7.32603e-05
287488,7.32603e-05
287744,7.32603e-05
288000,7.32603e-05
288256,7.32603e-05
288512,7.32603e-05
288768,7.32131e-05
289024,7.31518e-05
289280,7.30906e-05
289536,7.30293e-05
289792,7.29679e-05
290048,7.29667e-05
290304,7.29667e-05
290560,7.29667e-05
290816,7.29667e-05
291072,7.29667e-05
291328,7.29667e-05
291584,7.29667e-05
291840,7.29667e-05
292096,7.29667e-05
292352,7.29667e-05
292608,7.29667e-05
292864,7.29667e-05
293120,7.29667e-05
293376,7.29667e-05
293632,7.29667e-05
293888,7.29667e-05
294144,7.29517e-05
294400,7.28903e-05
294656,7.28288e-05
294912,7.27672e-05
295168,7.27057e-05
295424,7.26731e-05
295680,7.26731e-05
295936,7.26731e-05
296192,7.26731e-05
296448,7.26731e-05
296704,7.26731e-05
296960,7.26731e-05
297216,7.26731e-05
297472,7.26731e-05
297728,7.26731e-05
297984,7.24393e-05
298240,7.21915e-05
298496,7.20501e-05
298752,7.19879e-05
299008,7.19391e-05
299264,7.19391e-05
299520,7.19391e-05
299776,7.18856e-05
300032,7.18233e-05
300288,7.17923e-05
300544,7.17923e-05
300800,7.17923e-05
301056,7.17923e-05
301312,7.17923e-05
301568,7.17425e-05
301824,7.168e-05
302080,7.16175e-05
302336,7.15549e-05
302592,7.14987e-05
302848,7.14987e-05
303104,7.14987e-05
303360,7.14987e-05
303616,7.14987e-05
303872,7.14464e-05
304128,7.13209e-05
304384,7.12001e-05
304640,7.11371e-05
304896,7.10741e-05
305152,7.10582e-05
305408,7.10582e-05
305664,7.10318e-05
305920,7.09687e-05
306176,7.09055e-05
306432,7.08423e-05
306688,7.0779e-05
306944,7.07157e-05
307200,7.06523e-05
307456,7.06178e-05
307712,7.06178e-05
307968,7.06178e-05
308224,7.06178e-05
308480,7.06178e-05
308736,7.06178e-05
308992,7.06178e-05
309248,7.06178e-05
309504,7.06178e-05
309760,7.06051e-05
310016,7.05417e-05
310272,7.04781e-05
310528,7.04145e-05
310784,7.03509e-05
311040,7.03242e-05
311296,7.03242e-05
311552,7.03242e-05
311808,7.03242e-05
312064,7.03242e-05
312320,7.02002e-05
312576,7.00724e-05
312832,6.99875e-05
313088,6.99235e-05
313344,6.98838e-05
313600,6.98838e-05
313856,6.98838e-05
314112,6.98838e-05
314368,6.98838e-05
314624,6.98324e-05
314880,6.97682e-05
315136,6.9737e-05
315392,6.9737e-05
315648,6.9737e-05
315904,6.9737e-05
316160,6.9737e-05
316416,6.9737e-05
316672,6.9737e-05
316928,6.9737e-05
317184,6.9737e-05
317440,6.9737e-05
317696,6.9737e-05
317952,6.9737e-05
318208,6.9737e-05
318464,6.9737e-05
318720,6.9737e-05
318976,6.9737e-05
319232,6.9737e-05
319488,6.9737e-05
319744,6.96922e-05
320000,6.94991e-05
320256,6.93054e-05
320512,6.92966e-05
320768,6.92966e-05
321024,6.92966e-05
321280,6.92966e-05
321536,6.92966e-05
321792,6.92966e-05
322048,6.92874e-05
322304,6.92227e-05
322560,6.91579e-05
322816,6.90931e-05
323072,6.90283e-05
323328,6.9003e-05
323584,6.9003e-05
323840,6.9003e-05
324096,6.9003e-05
324352,6.9003e-05
324608,6.9003e-05
324864,6.9003e-05
325120,6.9003e-05
325376,6.9003e-05
325632,6.9003e-05
325888,6.9003e-05
326144,6.9003e-05
326400,6.9003e-05
326656,6.9003e-05
326912,6.9003e-05
327168,6.9003e-05
327424,6.9003e-05
327680,6.9003e-05
327936,6.9003e-05
328192,6.9003e-05
328448,6.9003e-05
328704,6.9003e-05
328960,6.9003e-05
329216,6.88731e-05
329472,6.87428e-05
329728,6.85152e-05
329984,6.82532e-05
330240,6.81221e-05
330496,6.81221e-05
330752,6.81221e-05
331008,6.81221e-05
331264,6.81221e-05
331520,6.81221e-05
331776,6.81221e-05
332032,6.81221e-05
332288,6.81221e-05
332544,6.81221e-05
332800,6.81221e-05
333056,6.81221e-05
333312,6.81221e-05
333568,6.81221e-05
333824,6.81221e-05
334080,6.81221e-05
334336,6.81221e-05
334592,6.81221e-05
334848,6.81221e-05
335104,6.81221e-05
335360,6.81221e-05
335616,6.81221e-05
335872,6.80868e-05
336128,6.78891e-05
336384,6.76908e-05
336640,6.76817e-05
336896,6.76817e-05
337152,6.76817e-05
337408,6.76817e-05
337664,6.76817e-05
337920,6.76817e-05
338176,6.76817e-05
338432,6.76817e-05
338688,6.76817e-05
338944,6.76817e-05
339200,6.76817e-05
339456,6.76817e-05
339712,6.76817e-05
339968,6.76817e-05
340224,6.76817e-05
340480,6.76817e-05
340736,6.76817e-05
340992,6.76677e-05
341248,6.76015e-05
341504,6.75351e-05
341760,6.75349e-05
342016,6.75349e-05
342272,6.75349e-05
342528,6.75349e-05
342784,6.75349e-05
343040,6.75349e-05
343296,6.75349e-05
343552,6.75349e-05
343808,6.75349e-05
344064,6.75349e-05
344320,6.75349e-05
344576,6.75349e-05
344832,6.75349e-05
345088,6.75349e-05
345344,6.75349e-05
345600,6.75349e-05
345856,6.75349e-05
346112,6.75349e-05
346368,6.75349e-05
346624,6.75349e-05
346880,6.75349e-05
347136,6.75349e-05
347392,6.75349e-05
347648,6.75349e-05
347904,6.75349e-05
348160,6.75349e-05
348416,6.75349e-05
348672,6.75349e-05
348928,6.75349e-05
349184,6.75349e-05
349440,6.75349e-05
349696,6.75349e-05
349952,6.75349e-05
350208,6.75349e-05
350464,6.75349e-05
350720,6.75349e-05
350976,6.75349e-05
351232,6.75349e-05
351488,6.75349e-05
351744,6.75349e-05
352000,6.75349e-05
352256,6.75349e-05
352512,6.75349e-05
352768,6.75349e-05
353024,6.75349e-05
353280,6.75349e-05
353536,6.75349e-05
353792,6.75349e-05
354048,6.75349e-05
354304,6.75349e-05
354560,6.75284e-05
354816,6.7462e-05
355072,6.73956e-05
355328,6.73881e-05
355584,6.73881e-05
355840,6.73881e-05
356096,6.73881e-05
356352,6.73881e-05
356608,6.73881e-05
356864,6.73881e-05
357120,6.73881e-05
357376,6.73881e-05
357632,6.73881e-05
357888,6.73881e-05
358144,6.72755e-05
358400,6.71422e-05
358656,6.70945e-05
358912,6.70945e-05
359168,6.70945e-05
359424,6.70945e-05
359680,6.70945e-05
359936,6.70945e-05
360192,6.70945e-05
360448,6.70945e-05
360704,6.70945e-05
360960,6.70945e-05
361216,6.70945e-05
361472,6.70945e-05
361728,6.70945e-05
361984,6.70945e-05
362240,6.70945e-05
362496,6.70945e-05
362752,6.70945e-05
363008,6.70945e-05
363264,6.70945e-05
363520,6.70945e-05
363776,6.70945e-05
364032,6.70945e-05
364288,6.70945e-05
364544,6.70945e-05
364800,6.70945e-05
365056,6.70945e-05
365312,6.70945e-05
365568,6.70945e-05
365824,6.70945e-05
366080,6.70945e-05
366336,6.70945e-05
366592,6.70945e-05
366848,6.70945e-05
367104,6.70945e-05
367360,6.70945e-05
367616,6.70945e-05
367872,6.70945e-05
368128,6.70945e-05
368384,6.70945e-05
368640,6.70899e-05
368896,6.70231e-05
369152,6.69562e-05
369408,6.69477e-05
369664,6.69477e-05
369920,6.69477e-05
370176,6.69477e-05
370432,6.69477e-05
370688,6.69477e-05
370944,6.69477e-05
371200,6.69477e-05
371456,6.69477e-05
371712,6.69477e-05
371968,6.69477e-05
372224,6.69477e-05
372480,6.69477e-05
372736,6.69477e-05
372992,6.69477e-05
373248,6.69477e-05
373504,6.69477e-05
373760,6.69477e-05
374016,6.69477e-05
374272,6.69477e-05
374528,6.69477e-05
374784,6.69477e-05
375040,6.68224e-05
375296,6.66881e-05
375552,6.66541e-05
375808,6.66541e-05
376064,6.66541e-05
376320,6.66541e-05
376576,6.66541e-05
376832,6.66541e-05
377088,6.66541e-05
377344,6.66541e-05
377600,6.66541e-05
377856,6.66541e-05
378112,6.66541e-05
378368,6.66541e-05
378624,6.66541e-05
378880,6.66541e-05
379136,6.66541e-05
379392,6.66541e-05
379648,6.66541e-05
379904,6.66541e-05
380160,6.66541e-05
380416,6.66541e-05
380672,6.66541e-05
380928,6.66541e-05
381184,6.66541e-05
381440,6.66541e-05
381696,6.66541e-05
381952,6.66541e-05
382208,6.66541e-05
382464,6.66541e-05
382720,6.66541e-05
382976,6.66541e-05
383232,6.66541e-05
383488,6.66541e-05
383744,6.66541e-05
384000,6.66541e-05
384256,6.66541e-05
384512,6.66541e-05
384768,6.66541e-05
385024,6.66541e-05
385280,6.66541e-05
385536,6.66541e-05
385792,6.66541e-05
386048,6.65873e-05
386304,6.63176e-05
386560,6.60618e-05
386816,6.5994e-05
387072,6.59261e-05
387328,6.592e-05
387584,6.592e-05
387840,6.592e-05
388096,6.592e-05
388352,6.592e-05
388608,6.592e-05
388864,6.592e-05
389120,6.592e-05
389376,6.592e-05
389632,6.592e-05
389888,6.592e-05
390144,6.592e-05
390400,6.592e-05
390656,6.58554e-05
390912,6.57873e-05
391168,6.57732e-05
391424,6.57732e-05
391680,6.57732e-05
391936,6.57732e-05
392192,6.57732e-05
392448,6.57732e-05
392704,6.57732e-05
392960,6.57732e-05
393216,6.57732e-05
393472,6.57732e-05
393728,6.57732e-05
393984,6.57732e-05
394240,6.57732e-05
394496,6.57732e-05
394752,6.57732e-05
395008,6.57732e-05
395264,6.57732e-05
395520,6.57732e-05
395776,6.57732e-05
396032,6.57732e-05
396288,6.57732e-05
396544,6.57405e-05
396800,6.5604e-05
397056,6.54796e-05
397312,6.54796e-05
397568,6.54796e-05
397824,6.54796e-05
398080,6.54796e-05
398336,6.54796e-05
398592,6.54796e-05
398848,6.54796e-05
399104,6.54796e-05
399360,6.54796e-05
399616,6.54796e-05
399872,6.54796e-05
400128,6.54796e-05
400384,6.54796e-05
400640,6.54796e-05
400896,6.54796e-05
401152,6.54796e-05
401408,6.54796e-05
401664,6.54796e-05
401920,6.54796e-05
402176,6.53729e-05
402432,6.52357e-05
402688,6.5186e-05
402944,6.5186e-05
403200,6.5186e-05
403456,6.5186e-05
403712,6.5186e-05
403968,6.5186e-05
404224,6.5186e-05
404480,6.5186e-05
404736,6.5186e-05
404992,6.5186e-05
405248,6.5186e-05
405504,6.5186e-05
405760,6.5186e-05
406016,6.5186e-05
406272,6.5186e-05
406528,6.5186e-05
406784,6.5186e-05
407040,6.5186e-05
407296,6.5186e-05
407552,6.51575e-05
407808,6.50887e-05
408064,6.49811e-05
408320,6.4774e-05
408576,6.45988e-05
408832,6.45988e-05
409088,6.45988e-05
409344,6.45988e-05
409600,6.45988e-05
409856,6.45988e-05
410112,6.45988e-05
410368,6.45988e-05
410624,6.45988e-05
410880,6.45988e-05
411136,6.45988e-05
411392,6.45988e-05
411648,6.45988e-05
411904,6.45988e-05
412160,6.45988e-05
412416,6.45988e-05
412672,6.45988e-05
412928,6.45833e-05
413184,6.45139e-05
413440,6.4452e-05
413696,6.4452e-05
413952,6.4452e-05
414208,6.4452e-05
414464,6.4452e-05
414720,6.4452e-05
414976,6.4452e-05
415232,6.4452e-05
415488,6.4452e-05
415744,6.4452e-05
416000,6.4452e-05
416256,6.4452e-05
416512,6.4452e-05
416768,6.4452e-05
417024,6.4452e-05
417280,6.4452e-05
417536,6.4452e-05
417792,6.4452e-05
418048,6.4452e-05
418304,6.4452e-05
418560,6.4452e-05
418816,6.4452e-05
419072,6.4452e-05
419328,6.4452e-05
419584,6.4452e-05
419840,6.4452e-05
420096,6.4452e-05
420352,6.4452e-05
420608,6.4452e-05
420864,6.4452e-05
421120,6.4452e-05
421376,6.4452e-05
421632,6.4452e-05
421888,6.4452e-05
422144,6.4452e-05
422400,6.4452e-05
422656,6.4452e-05
422912,6.4452e-05
423168,6.4452e-05
423424,6.4452e-05
423680,6.4452e-05
423936,6.4452e-05
424192,6.4452e-05
424448,6.4452e-05
424704,6.4452e-05
424960,6.4452e-05
425216,6.4452e-05
425472,6.4452e-05
425728,6.4452e-05
425984,6.44334e-05
426240,6.43987e-05
426496,6.43639e-05
426752,6.43291e-05
427008,6.43052e-05
427264,6.43052e-05
427520,6.43052e-05
427776,6.43052e-05
428032,6.43052e-05
428288,6.43052e-05
428544,6.43052e-05
428800,6.43052e-05
429056,6.43052e-05
429312,6.42435e-05
429568,6.41737e-05
429824,6.41038e-05
430080,6.40339e-05
430336,6.40116e-05
430592,6.40116e-05
430848,6.40116e-05
431104,6.40116e-05
431360,6.40116e-05
431616,6.40116e-05
431872,6.40116e-05
432128,6.40116e-05
432384,6.40116e-05
432640,6.40116e-05
432896,6.40116e-05
433152,6.40116e-05
433408,6.40116e-05
433664,6.40116e-05
433920,6.40116e-05
434176,6.40116e-05
434432,6.40116e-05
434688,6.40116e-05
434944,6.40116e-05
435200,6.40116e-05
435456,6.40116e-05
435712,6.40116e-05
435968,6.40116e-05
436224,6.40116e-05
436480,6.40116e-05
436736,6.40116e-05
436992,6.40116e-05
437248,6.40116e-05
437504,6.40116e-05
437760,6.40116e-05
438016,6.40116e-05
438272,6.40116e-05
438528,6.40116e-05
438784,6.40074e-05
439040,6.39723e-05
439296,6.39373e-05
439552,6.39023e-05
439808,6.38672e-05
440064,6.38321e-05
440320,6.3797e-05
440576,6.37619e-05
440832,6.37268e-05
441088,6.36916e-05
441344,6.36564e-05
441600,6.36212e-05
441856,6.3586e-05
442112,6.35711e-05
442368,6.35711e-05
442624,6.35711e-05
442880,6.35711e-05
443136,6.35566e-05
443392,6.35214e-05
443648,6.34861e-05
443904,6.34508e-05
444160,6.34243e-05
444416,6.34243e-05
444672,6.34243e-05
444928,6.34243e-05
445184,6.34243e-05
445440,6.34243e-05
445696,6.34243e-05
445952,6.34243e-05
446208,6.34243e-05
446464,6.34243e-05
446720,6.34243e-05
446976,6.34243e-05
447232,6.34243e-05
447488,6.34243e-05
447744,6.34243e-05
448000,6.34243e-05
448256,6.34243e-05
448512,6.34023e-05
448768,6.33669e-05
449024,6.33316e-05
449280,6.32962e-05
449536,6.32775e-05
449792,6.32775e-05
450048,6.32775e-05
450304,6.32775e-05
450560,6.32775e-05
450816,6.32775e-05
451072,6.32775e-05
451328,6.32775e-05
451584,6.32775e-05
451840,6.32775e-05
452096,6.32775e-05
452352,6.32775e-05
452608,6.32775e-05
452864,6.32775e-05
453120,6.32775e-05
453376,6.32775e-05
453632,6.32775e-05
453888,6.32775e-05
454144,6.32775e-05
454400,6.32775e-05
454656,6.32775e-05
454912,6.32775e-05
455168,6.32775e-05
455424,6.32775e-05
455680,6.32775e-05
455936,6.32775e-05
456192,6.32775e-05
456448,6.32775e-05
456704,6.32775e-05
456960,6.32618e-05
457216,6.32264e-05
457472,6.3191e-05
457728,6.31555e-05
457984,6.31307e-05
458240,6.31307e-05
458496,6.31307e-05
458752,6.31307e-05
459008,6.31307e-05
459264,6.31307e-05
459520,6.31307e-05
459776,6.31307e-05
460032,6.31307e-05
460288,6.31307e-05
460544,6.31307e-05
460800,6.31307e-05
461056,6.31307e-05
461312,6.31307e-05
461568,6.31307e-05
461824,6.31307e-05
462080,6.31307e-05
462336,6.31307e-05
462592,6.31307e-05
462848,6.31307e-05
463104,6.31307e-05
463360,6.31307e-05
463616,6.31307e-05
463872,6.31307e-05
464128,6.31307e-05
464384,6.31307e-05
464640,6.31307e-05
464896,6.31307e-05
465152,6.31307e-05
465408,6.31307e-05
465664,6.31307e-05
465920,6.31307e-05
466176,6.31307e-05
466432,6.31307e-05
466688,6.31307e-05
466944,6.31307e-05
467200,6.31307e-05
467456,6.31307e-05
467712,6.31307e-05
467968,6.31307e-05
468224,6.31307e-05
468480,6.31307e-05
468736,6.31307e-05
468992,6.31307e-05
469248,6.31307e-05
469504,6.31307e-05
469760,6.31307e-05
470016,6.31307e-05
470272,6.31307e-05
470528,6.31307e-05
470784,6.31307e-05
471040,6.31307e-05
471296,6.31307e-05
471552,6.31307e-05
471808,6.31307e-05
472064,6.31307e-05
472320,6.31307e-05
472576,6.31307e-05
472832,6.31307e-05
473088,6.31307e-05
473344,6.31307e-05
473600,6.31307e-05
473856,6.31136e-05
474112,6.30425e-05
474368,6.29714e-05
474624,6.29002e-05
474880,6.2829e-05
475136,6.27576e-05
475392,6.26862e-05
475648,6.26147e-05
475904,6.25435e-05
476160,6.25435e-05
476416,6.25435e-05
476672,6.25435e-05
476928,6.25435e-05
477184,6.25435e-05
477440,6.25435e-05
477696,6.25435e-05
477952,6.25435e-05
478208,6.24856e-05
478464,6.24139e-05
478720,6.2342e-05
478976,6.22701e-05
479232,6.22499e-05
479488,6.22499e-05
479744,6.22499e-05
480000,6.22499e-05
480256,6.22499e-05
480512,6.22499e-05
480768,6.22499e-05
481024,6.22499e-05
481280,6.22499e-05
481536,6.22499e-05
481792,6.22499e-05
482048,6.22499e-05
482304,6.22326e-05
482560,6.21966e-05
482816,6.21606e-05
483072,6.21245e-05
483328,6.21031e-05
483584,6.21031e-05
483840,6.21031e-05
484096,6.21031e-05
484352,6.21031e-05
484608,6.21031e-05
484864,6.21031e-05
485120,6.21031e-05
485376,6.21031e-05
485632,6.21031e-05
485888,6.21031e-05
486144,6.21031e-05
486400,6.21031e-05
486656,6.21031e-05
486912,6.21031e-05
487168,6.21031e-05
487424,6.21031e-05
487680,6.21031e-05
487936,6.21031e-05
488192,6.21031e-05
488448,6.21031e-05
488704,6.21031e-05
488960,6.21031e-05
489216,6.21031e-05
489472,6.21031e-05
489728,6.21031e-05
489984,6.21031e-05
490240,6.21031e-05
490496,6.21031e-05
490752,6.21031e-05
491008,6.21031e-05
491264,6.21031e-05
491520,6.21031e-05
491776,6.21031e-05
492032,6.21031e-05
492288,6.21031e-05
492544,6.21031e-05
492800,6.21031e-05
493056,6.21031e-05
493312,6.21031e-05
493568,6.21031e-05
493824,6.21031e-05
494080,6.21031e-05
494336,6.21031e-05
494592,6.21031e-05
494848,6.21031e-05
495104,6.21031e-05
495360,6.21031e-05
495616,6.21031e-05
495872,6.21031e-05
496128,6.21031e-05
496384,6.21031e-05
496640,6.21031e-05
496896,6.21031e-05
497152,6.21031e-05
497408,6.21031e-05
497664,6.21031e-05
497920,6.21031e-05
498176,6.21031e-05
498432,6.21031e-05
498688,6.21031e-05
498944,6.20646e-05
499200,6.19563e-05
499456,6.18477e-05
499712,6.17389e-05
499968,6.16627e-05
500224,6.16627e-05
500480,6.16627e-05
500736,6.16627e-05
500992,6.16627e-05
501248,6.16627e-05
501504,6.16627e-05
501760,6.16627e-05
502016,6.16627e-05
502272,6.16627e-05
502528,6.16627e-05
502784,6.16627e-05
503040,6.16627e-05
503296,6.16627e-05
503552,6.16627e-05
503808,6.16627e-05
504064,6.16578e-05
504320,6.16214e-05
504576,6.1585e-05
504832,6.15487e-05
505088,6.15087e-05
505344,6.14358e-05
505600,6.13628e-05
505856,6.12898e-05
506112,6.12194e-05
506368,6.11828e-05
506624,6.11462e-05
506880,6.11096e-05
507136,6.10754e-05
507392,6.10754e-05
507648,6.10754e-05
507904,6.10754e-05
508160,6.10754e-05
508416,6.10754e-05
508672,6.10754e-05
508928,6.10754e-05
509184,6.10707e-05
509440,6.09973e-05
509696,6.09238e-05
509952,6.08502e-05
510208,6.07818e-05
510464,6.07818e-05
510720,6.07818e-05
510976,6.07818e-05
511232,6.07818e-05
511488,6.07818e-05
511744,6.07818e-05
512000,6.07818e-05
512256,6.0778e-05
512512,6.07411e-05
512768,6.07042e-05
513024,6.06673e-05
513280,6.06304e-05
513536,6.05934e-05
513792,6.05564e-05
514048,6.05194e-05
514304,6.04882e-05
514560,6.04882e-05
514816,6.04882e-05
515072,6.04882e-05
515328,6.04882e-05
515584,6.04882e-05
515840,6.04882e-05
516096,6.04882e-05
516352,6.04882e-05
516608,6.04882e-05
516864,6.04882e-05
517120,6.04882e-05
517376,6.04882e-05
517632,6.04882e-05
517888,6.04882e-05
518144,6.04882e-05
518400,6.04771e-05
518656,6.044e-05
518912,6.0403e-05
519168,6.03659e-05
519424,6.03414e-05
519680,6.03414e-05
519936,6.03414e-05
520192,6.03414e-05
520448,6.03414e-05
520704,6.03414e-05
520960,6.03414e-05
521216,6.03414e-05
521472,6.03414e-05
521728,6.03414e-05
521984,6.03414e-05
522240,6.03414e-05
522496,6.03237e-05
522752,6.02865e-05
523008,6.02494e-05
523264,6.02122e-05
523520,6.01946e-05
523776,6.01946e-05
524032,6.01946e-05
524288,6.01946e-05
524544,6.01946e-05
524800,6.01946e-05
525056,6.01946e-05
525312,6.01946e-05
525568,6.01946e-05
525824,6.01946e-05
526080,6.01946e-05
526336,6.01946e-05
526592,6.01946e-05
526848,6.01946e-05
527104,6.01946e-05
527360,6.01946e-05
527616,6.01946e-05
527872,6.01946e-05
528128,6.01946e-05
528384,6.01946e-05
528640,6.01946e-05
528896,6.01946e-05
529152,6.01946e-05
529408,6.01946e-05
529664,6.01946e-05
529920,6.01946e-05
530176,6.01946e-05
530432,6.01946e-05
530688,6.01946e-05
530944,6.01946e-05
531200,6.01946e-05
531456,6.01946e-05
531712,6.00503e-05
531968,5.99009e-05
532224,5.97511e-05
532480,5.96074e-05
532736,5.96074e-05
532992,5.96074e-05
533248,5.96074e-05
533504,5.96074e-05
533760,5.96074e-05
534016,5.96074e-05
534272,5.96074e-05
534528,5.95987e-05
534784,5.95611e-05
535040,5.95235e-05
535296,5.94859e-05
535552,5.94482e-05
535808,5.94105e-05
536064,5.93728e-05
536320,5.93351e-05
536576,5.93138e-05
536832,5.93138e-05
537088,5.93138e-05
537344,5.93138e-05
537600,5.93138e-05
537856,5.93138e-05
538112,5.93138e-05
538368,5.93138e-05
538624,5.93138e-05
538880,5.93138e-05
539136,5.93138e-05
539392,5.93138e-05
539648,5.93138e-05
539904,5.93138e-05
540160,5.93138e-05
540416,5.93138e-05
540672,5.93138e-05
540928,5.93138e-05
541184,5.93138e-05
541440,5.93138e-05
541696,5.93138e-05
541952,5.93138e-05
542208,5.93138e-05
542464,5.93052e-05
542720,5.92296e-05
542976,5.9154e-05
543232,5.90782e-05
543488,5.90202e-05
543744,5.90202e-05
544000,5.90202e-05
544256,5.90202e-05
544512,5.90202e-05
544768,5.90202e-05
545024,5.90202e-05
545280,5.90202e-05
545536,5.90012e-05
545792,5.89632e-05
546048,5.89252e-05
546304,5.88872e-05
546560,5.88734e-05
546816,5.88734e-05
547072,5.88734e-05
547328,5.88734e-05
547584,5.88734e-05
547840,5.88734e-05
548096,5.88734e-05
548352,5.88734e-05
548608,5.88734e-05
548864,5.88734e-05
549120,5.88734e-05
549376,5.8871e-05
549632,5.8833e-05
549888,5.87949e-05
550144,5.87568e-05
550400,5.87265e-05
550656,5.87265e-05
550912,5.87265e-05
551168,5.87265e-05
551424,5.87265e-05
551680,5.87265e-05
551936,5.87265e-05
552192,5.87265e-05
552448,5.87071e-05
552704,5.86689e-05
552960,5.86307e-05
553216,5.85925e-05
553472,5.85542e-05
553728,5.8516e-05
553984,5.84777e-05
554240,5.84394e-05
554496,5.84329e-05
554752,5.84329e-05
555008,5.84329e-05
555264,5.84329e-05
555520,5.84329e-05
555776,5.84329e-05
556032,5.84329e-05
556288,5.84329e-05
556544,5.84329e-05
556800,5.84329e-05
557056,5.84329e-05
557312,5.84329e-05
557568,5.84329e-05
557824,5.84329e-05
558080,5.84329e-05
558336,5.84329e-05
558592,5.84329e-05
558848,5.84329e-05
559104,5.84329e-05
559360,5.84329e-05
559616,5.84329e-05
559872,5.84329e-05
560128,5.84329e-05
560384,5.84329e-05
560640,5.84329e-05
560896,5.84329e-05
561152,5.84329e-05
561408,5.84329e-05
561664,5.84329e-05
561920,5.84329e-05
562176,5.84329e-05
562432,5.84329e-05
562688,5.84329e-05
562944,5.84329e-05
563200,5.84329e-05
563456,5.84329e-05
563712,5.84329e-05
563968,5.84329e-05
564224,5.84329e-05
564480,5.84329e-05
564736,5.84329e-05
564992,5.84329e-05
565248,5.84329e-05
565504,5.84329e-05
565760,5.84329e-05
566016,5.84329e-05
566272,5.83318e-05
566528,5.82165e-05
566784,5.81009e-05
567040,5.79925e-05
567296,5.79925e-05
567552,5.79925e-05
567808,5.79925e-05
568064,5.79925e-05
568320,5.79925e-05
568576,5.79925e-05
568832,5.79925e-05
569088,5.79925e-05
569344,5.79925e-05
569600,5.79925e-05
569856,5.79925e-05
570112,5.79669e-05
570368,5.79283e-05
570624,5.78896e-05
570880,5.78509e-05
571136,5.78457e-05
571392,5.78457e-05
571648,5.78457e-05
571904,5.78457e-05
572160,5.78457e-05
572416,5.78457e-05
572672,5.78457e-05
572928,5.78457e-05
573184,5.78457e-05
573440,5.78457e-05
573696,5.78457e-05
573952,5.78457e-05
574208,5.78457e-05
574464,5.78457e-05
574720,5.78457e-05
574976,5.78457e-05
575232,5.78457e-05
575488,5.78457e-05
575744,5.78457e-05
576000,5.78104e-05
576256,5.77716e-05
576512,5.77329e-05
576768,5.76989e-05
577024,5.76989e-05
577280,5.76989e-05
577536,5.76989e-05
577792,5.76989e-05
578048,5.76989e-05
578304,5.76989e-05
578560,5.76989e-05
578816,5.76989e-05
579072,5.76989e-05
579328,5.76989e-05
579584,5.76989e-05
579840,5.76989e-05
580096,5.76989e-05
580352,5.76989e-05
580608,5.76989e-05
580864,5.76989e-05
581120,5.76989e-05
581376,5.76989e-05
581632,5.76989e-05
581888,5.76989e-05
582144,5.76989e-05
582400,5.76989e-05
582656,5.76819e-05
582912,5.76431e-05
583168,5.76042e-05
583424,5.75653e-05
583680,5.75521e-05
583936,5.75521e-05
584192,5.75521e-05
584448,5.75521e-05
584704,5.75521e-05
584960,5.75521e-05
585216,5.75521e-05
585472,5.75475e-05
585728,5.75086e-05
585984,5.74696e-05
586240,5.74306e-05
586496,5.74053e-05
586752,5.74053e-05
587008,5.74053e-05
587264,5.74053e-05
587520,5.74053e-05
587776,5.74053e-05
588032,5.74053e-05
588288,5.74053e-05
588544,5.73731e-05
588800,5.7334e-05
589056,5.72949e-05
589312,5.72585e-05
589568,5.72585e-05
589824,5.72585e-05
590080,5.72585e-05
590336,5.72461e-05
590592,5.7207e-05
590848,5.71678e-05
591104,5.71286e-05
591360,5.71117e-05
591616,5.71117e-05
591872,5.71117e-05
592128,5.71117e-05
592384,5.71117e-05
592640,5.71117e-05
592896,5.71117e-05
593152,5.71117e-05
593408,5.71117e-05
593664,5.71117e-05
593920,5.71117e-05
594176,5.71117e-05
594432,5.71117e-05
594688,5.71117e-05
594944,5.71117e-05
595200,5.70648e-05
595456,5.69863e-05
595712,5.69076e-05
595968,5.68288e-05
596224,5.68181e-05
596480,5.68181e-05
596736,5.68181e-05
596992,5.68125e-05
597248,5.67731e-05
597504,5.67336e-05
597760,5.66941e-05
598016,5.66546e-05
598272,5.66151e-05
598528,5.65755e-05
598784,5.65359e-05
599040,5.65245e-05
599296,5.65245e-05
599552,5.65245e-05
599808,5.65242e-05
600064,5.64845e-05
600320,5.64448e-05
600576,5.64051e-05
600832,5.63776e-05
601088,5.63776e-05
601344,5.63776e-05
601600,5.63776e-05
601856,5.63776e-05
602112,5.63776e-05
602368,5.63776e-05
602624,5.63776e-05
602880,5.63776e-05
603136,5.63776e-05
603392,5.63776e-05
603648,5.63776e-05
603904,5.63776e-05
604160,5.63776e-05
604416,5.63776e-05
604672,5.63776e-05
604928,5.63776e-05
605184,5.63776e-05
605440,5.63776e-05
605696,5.63776e-05
605952,5.63776e-05
606208,5.63776e-05
606464,5.63776e-05
606720,5.63776e-05
606976,5.63776e-05
607232,5.63776e-05
607488,5.63776e-05
607744,5.63776e-05
608000,5.63776e-05
608256,5.63776e-05
608512,5.63776e-05
608768,5.63776e-05
609024,5.63776e-05
609280,5.63776e-05
609536,5.63776e-05
609792,5.63776e-05
610048,5.63776e-05
610304,5.63633e-05
610560,5.63236e-05
610816,5.62838e-05
611072,5.6244e-05
611328,5.62041e-05
611584,5.61643e-05
611840,5.61244e-05
612096,5.60844e-05
612352,5.60049e-05
612608,5.59248e-05
612864,5.58447e-05
613120,5.57904e-05
613376,5.57904e-05
613632,5.57904e-05
613888,5.57904e-05
614144,5.57904e-05
614400,5.57904e-05
614656,5.57904e-05
614912,5.57904e-05
615168,5.57904e-05
615424,5.57904e-05
615680,5.57904e-05
615936,5.57904e-05
616192,5.57904e-05
616448,5.57904e-05
616704,5.57904e-05
616960,5.57904e-05
617216,5.57904e-05
617472,5.57904e-05
617728,5.5787e-05
617984,5.57066e-05
618240,5.56261e-05
618496,5.55455e-05
618752,5.54968e-05
619008,5.54968e-05
619264,5.54968e-05
619520,5.54968e-05
619776,5.54662e-05
620032,5.54258e-05
620288,5.53853e-05
620544,5.535e-05
620800,5.535e-05
621056,5.535e-05
621312,5.535e-05
621568,5.535e-05
621824,5.535e-05
622080,5.535e-05
622336,5.535e-05
622592,5.535e-05
622848,5.535e-05
623104,5.535e-05
623360,5.535e-05
623616,5.535e-05
623872,5.535e-05
624128,5.535e-05
624384,5.53e-05
624640,5.5219e-05
624896,5.51378e-05
625152,5.50564e-05
625408,5.50564e-05
625664,5.50564e-05
625920,5.50564e-05
626176,5.50564e-05
626432,5.50564e-05
626688,5.50564e-05
626944,5.50564e-05
627200,5.50564e-05
627456,5.50564e-05
627712,5.50564e-05
627968,5.50564e-05
628224,5.50564e-05
628480,5.50564e-05
628736,5.50564e-05
628992,5.50564e-05
629248,5.50564e-05
629504,5.50564e-05
629760,5.50564e-05
630016,5.50564e-05
630272,5.50564e-05
630528,5.50564e-05
630784,5.50564e-05
631040,5.50564e-05
631296,5.50564e-05
631552,5.50564e-05
631808,5.50564e-05
632064,5.50564e-05
632320,5.50564e-05
632576,5.50564e-05
632832,5.50564e-05
633088,5.50564e-05
633344,5.50564e-05
633600,5.50564e-05
633856,5.50564e-05
634112,5.50564e-05
634368,5.50564e-05
634624,5.50564e-05
634880,5.50564e-05
635136,5.50564e-05
635392,5.50564e-05
635648,5.50564e-05
635904,5.50564e-05
636160,5.50564e-05
636416,5.50564e-05
636672,5.50564e-05
636928,5.50564e-05
637184,5.50564e-05
637440,5.50564e-05
637696,5.50564e-05
637952,5.50564e-05
638208,5.49972e-05
638464,5.48749e-05
638720,5.47522e-05
638976,5.46294e-05
639232,5.44696e-05
639488,5.43048e-05
639744,5.41396e-05
640000,5.4015e-05
640256,5.39735e-05
640512,5.3932e-05
640768,5.38905e-05
641024,5.38819e-05
641280,5.38819e-05
641536,5.38819e-05
641792,5.3871e-05
642048,5.38294e-05
642304,5.37877e-05
642560,5.37461e-05
642816,5.36736e-05
643072,5.35901e-05
643328,5.35064e-05
643584,5.34415e-05
643840,5.34415e-05
644096,5.34415e-05
644352,5.34415e-05
644608,5.34415e-05
644864,5.34415e-05
645120,5.34415e-05
645376,5.34415e-05
645632,5.34415e-05
645888,5.34415e-05
646144,5.34415e-05
646400,5.34415e-05
646656,5.34415e-05
646912,5.34415e-05
647168,5.34415e-05
647424,5.34415e-05
647680,5.34415e-05
647936,5.34415e-05
648192,5.34415e-05
648448,5.34415e-05
648704,5.34415e-05
648960,5.34415e-05
649216,5.34415e-05
649472,5.34415e-05
649728,5.34415e-05
649984,5.34415e-05
650240,5.34415e-05
650496,5.34415e-05
650752,5.34329e-05
651008,5.33909e-05
651264,5.3349e-05
651520,5.33069e-05
651776,5.32947e-05
652032,5.32947e-05
652288,5.32947e-05
652544,5.32947e-05
652800,5.32947e-05
653056,5.32947e-05
653312,5.32947e-05
653568,5.32947e-05
653824,5.32947e-05
654080,5.32947e-05
654336,5.32947e-05
654592,5.32947e-05
654848,5.32947e-05
655104,5.32947e-05
655360,5.32947e-05
655616,5.32947e-05
655872,5.32947e-05
656128,5.32947e-05
656384,5.32947e-05
656640,5.32947e-05
656896,5.32947e-05
657152,5.32947e-05
657408,5.32947e-05
657664,5.32947e-05
657920,5.32947e-05
658176,5.32947e-05
658432,5.32947e-05
658688,5.32947e-05
658944,5.32947e-05
659200,5.32947e-05
659456,5.32947e-05
659712,5.32947e-05
659968,5.32947e-05
660224,5.32947e-05
660480,5.32947e-05
660736,5.32618e-05
660992,5.32198e-05
661248,5.31777e-05
661504,5.31231e-05
661760,5.30387e-05
662016,5.29542e-05
662272,5.28695e-05
662528,5.28543e-05
662784,5.28543e-05
663040,5.28543e-05
663296,5.28089e-05
663552,5.26815e-05
663808,5.25538e-05
664064,5.24258e-05
664320,5.24139e-05
664576,5.24139e-05
664832,5.24139e-05
665088,5.23735e-05
665344,5.22879e-05
665600,5.22021e-05
665856,5.21203e-05
666112,5.21203e-05
666368,5.21203e-05
666624,5.21203e-05
666880,5.21203e-05
667136,5.21203e-05
667392,5.21203e-05
667648,5.21203e-05
667904,5.21203e-05
668160,5.21203e-05
668416,5.21203e-05
668672,5.21203e-05
668928,5.21203e-05
669184,5.21203e-05
669440,5.20873e-05
669696,5.20012e-05
669952,5.1915e-05
670208,5.18286e-05
670464,5.17844e-05
670720,5.17411e-05
670976,5.16978e-05
671232,5.16799e-05
671488,5.16799e-05
671744,5.16799e-05
672000,5.16712e-05
672256,5.16279e-05
672512,5.15844e-05
672768,5.1541e-05
673024,5.15331e-05
673280,5.15331e-05
673536,5.15331e-05
673792,5.15331e-05
674048,5.15331e-05
674304,5.15331e-05
674560,5.15331e-05
674816,5.15331e-05
675072,5.15331e-05
675328,5.15331e-05
675584,5.15331e-05
675840,5.15331e-05
676096,5.15331e-05
676352,5.15331e-05
676608,5.15331e-05
676864,5.15331e-05
677120,5.15331e-05
677376,5.15128e-05
677632,5.14911e-05
677888,5.14693e-05
678144,5.14475e-05
678400,5.14258e-05
678656,5.1404e-05
678912,5.13862e-05
679168,5.13862e-05
679424,5.13862e-05
679680,5.13862e-05
679936,5.13862e-05
680192,5.13862e-05
680448,5.13862e-05
680704,5.13862e-05
680960,5.13862e-05
681216,5.13862e-05
681472,5.13862e-05
681728,5.13862e-05
681984,5.13862e-05
682240,5.13862e-05
682496,5.13707e-05
682752,5.13488e-05
683008,5.1327e-05
683264,5.13052e-05
683520,5.12834e-05
683776,5.12615e-05
684032,5.12397e-05
684288,5.12394e-05
684544,5.12394e-05
684800,5.12394e-05
685056,5.12394e-05
685312,5.12394e-05
685568,5.12394e-05
685824,5.12394e-05
686080,5.12394e-05
686336,5.12394e-05
686592,5.12394e-05
686848,5.12394e-05
687104,5.12394e-05
687360,5.12394e-05
687616,5.12394e-05
687872,5.12394e-05
688128,5.12394e-05
688384,5.12394e-05
688640,5.12394e-05
688896,5.12394e-05
689152,5.12394e-05
689408,5.12394e-05
689664,5.12394e-05
689920,5.12394e-05
690176,5.12394e-05
690432,5.12394e-05
690688,5.12394e-05
690944,5.12394e-05
691200,5.12394e-05
691456,5.12394e-05
691712,5.12394e-05
691968,5.12394e-05
692224,5.12394e-05
692480,5.12394e-05
692736,5.12305e-05
692992,5.12086e-05
693248,5.11867e-05
693504,5.11649e-05
693760,5.1143e-05
694016,5.11211e-05
694272,5.10991e-05
694528,5.10772e-05
694784,5.10553e-05
695040,5.10333e-05
695296,5.10114e-05
695552,5.09894e-05
695808,5.09675e-05
696064,5.09458e-05
696320,5.09458e-05
696576,5.09458e-05
696832,5.09458e-05
697088,5.09458e-05
697344,5.09458e-05
697600,5.09458e-05
697856,5.09384e-05
698112,5.09164e-05
698368,5.08944e-05
698624,5.08724e-05
698880,5.08504e-05
699136,5.08283e-05
699392,5.08063e-05
699648,5.07695e-05
699904,5.07253e-05
700160,5.06811e-05
700416,5.06369e-05
700672,5.05927e-05
700928,5.05484e-05
701184,5.05054e-05
701440,5.05054e-05
701696,5.05054e-05
701952,5.05054e-05
702208,5.05054e-05
702464,5.05054e-05
702720,5.05054e-05
702976,5.04598e-05
703232,5.03487e-05
703488,5.02373e-05
703744,5.01257e-05
704000,5.00139e-05
704256,4.99018e-05
704512,4.97894e-05
704768,4.97525e-05
705024,4.973e-05
705280,4.97074e-05
705536,4.96849e-05
705792,4.96624e-05
706048,4.96398e-05
706304,4.96246e-05
706560,4.96246e-05
706816,4.96246e-05
707072,4.96246e-05
707328,4.96246e-05
707584,4.96246e-05
707840,4.96246e-05
708096,4.96246e-05
708352,4.96246e-05
708608,4.96246e-05
708864,4.96246e-05
709120,4.96246e-05
709376,4.96246e-05
709632,4.96103e-05
709888,4.95651e-05
710144,4.95199e-05
710400,4.94746e-05
710656,4.94293e-05
710912,4.9384e-05
711168,4.93386e-05
711424,4.9331e-05
711680,4.9331e-05
711936,4.9331e-05
712192,4.9331e-05
712448,4.9331e-05
712704,4.9331e-05
712960,4.93061e-05
713216,4.92379e-05
713472,4.91696e-05
713728,4.91012e-05
713984,4.90327e-05
714240,4.89641e-05
714496,4.88955e-05
714752,4.88905e-05
715008,4.88905e-05
715264,4.88905e-05
715520,4.88905e-05
715776,4.88905e-05
716032,4.88905e-05
716288,4.88905e-05
716544,4.88905e-05
716800,4.88905e-05
717056,4.88905e-05
717312,4.88905e-05
717568,4.88905e-05
717824,4.88905e-05
718080,4.88905e-05
718336,4.88905e-05
718592,4.88905e-05
718848,4.88905e-05
719104,4.88905e-05
719360,4.88905e-05
719616,4.88744e-05
719872,4.88515e-05
720128,4.88286e-05
720384,4.88056e-05
720640,4.87827e-05
720896,4.87597e-05
721152,4.87367e-05
721408,4.87137e-05
721664,4.86907e-05
721920,4.86677e-05
722176,4.86447e-05
722432,4.86217e-05
722688,4.85986e-05
722944,4.85756e-05
723200,4.85525e-05
723456,4.85294e-05
723712,4.85064e-05
723968,4.84833e-05
724224,4.84602e-05
724480,4.8437e-05
724736,4.84139e-05
724992,4.83908e-05
725248,4.83676e-05
725504,4.83445e-05
725760,4.83213e-05
726016,4.82981e-05
726272,4.82749e-05
726528,4.82517e-05
726784,4.82285e-05
727040,4.82052e-05
727296,4.8182e-05
727552,4.81588e-05
727808,4.81355e-05
728064,4.81122e-05
728320,4.80889e-05
728576,4.80656e-05
728832,4.80423e-05
729088,4.8019e-05
729344,4.80097e-05
729600,4.80097e-05
729856,4.80097e-05
730112,4.80097e-05
730368,4.80097e-05
730624,4.80097e-05
730880,4.80097e-05
731136,4.80097e-05
731392,4.80097e-05
731648,4.80097e-05
731904,4.80097e-05
732160,4.80097e-05
732416,4.80093e-05
732672,4.7986e-05
732928,4.79627e-05
733184,4.79393e-05
733440,4.79159e-05
733696,4.78925e-05
733952,4.78692e-05
734208,4.78629e-05
734464,4.78629e-05
734720,4.78629e-05
734976,4.78629e-05
735232,4.78629e-05
735488,4.78629e-05
735744,4.78629e-05
736000,4.78629e-05
736256,4.78629e-05
736512,4.78629e-05
736768,4.78629e-05
737024,4.78629e-05
737280,4.78629e-05
737536,4.78629e-05
737792,4.78629e-05
738048,4.78629e-05
738304,4.78629e-05
738560,4.78629e-05
738816,4.78629e-05
739072,4.78629e-05
739328,4.78629e-05
739584,4.78629e-05
739840,4.78629e-05
740096,4.78629e-05
740352,4.78629e-05
740608,4.78629e-05
740864,4.78629e-05
741120,4.78629e-05
741376,4.78629e-05
741632,4.78629e-05
741888,4.78629e-05
742144,4.78629e-05
742400,4.78629e-05
742656,4.78629e-05
742912,4.78629e-05
743168,4.78629e-05
743424,4.78629e-05
743680,4.78608e-05
743936,4.78373e-05
744192,4.78139e-05
744448,4.77905e-05
744704,4.77671e-05
744960,4.77436e-05
745216,4.77201e-05
745472,4.77161e-05
745728,4.77161e-05
745984,4.77161e-05
746240,4.77161e-05
746496,4.77161e-05
746752,4.77161e-05
747008,4.77161e-05
747264,4.77161e-05
747520,4.77161e-05
747776,4.77161e-05
748032,4.77161e-05
748288,4.77161e-05
748544,4.77161e-05
748800,4.77161e-05
749056,4.77161e-05
749312,4.77161e-05
749568,4.77161e-05
749824,4.77161e-05
750080,4.77146e-05
750336,4.76911e-05
750592,4.76676e-05
750848,4.76441e-05
751104,4.76206e-05
751360,4.75971e-05
751616,4.75735e-05
751872,4.75693e-05
752128,4.75693e-05
752384,4.75693e-05
752640,4.75693e-05
752896,4.75693e-05
753152,4.75693e-05
753408,4.75693e-05
753664,4.75693e-05
753920,4.75693e-05
754176,4.75693e-05
754432,4.75693e-05
754688,4.75693e-05
754944,4.75363e-05
755200,4.74419e-05
755456,4.73474e-05
755712,4.72527e-05
755968,4.71578e-05
756224,4.70627e-05
756480,4.69784e-05
756736,4.69545e-05
756992,4.69307e-05
757248,4.69068e-05
757504,4.68829e-05
757760,4.6859e-05
758016,4.68351e-05
758272,4.68112e-05
758528,4.67873e-05
758784,4.67633e-05
759040,4.67394e-05
759296,4.67154e-05
759552,4.66914e-05
759808,4.66885e-05
760064,4.66885e-05
760320,4.66885e-05
760576,4.66885e-05
760832,4.66885e-05
761088,4.66885e-05
761344,4.66885e-05
761600,4.66885e-05
761856,4.66885e-05
762112,4.66885e-05
762368,4.66885e-05
762624,4.66885e-05
762880,4.66732e-05
763136,4.66492e-05
763392,4.66251e-05
763648,4.66011e-05
763904,4.65771e-05
764160,4.6553e-05
764416,4.6529e-05
764672,4.65049e-05
764928,4.64808e-05
765184,4.64567e-05
765440,4.64326e-05
765696,4.64084e-05
765952,4.63948e-05
766208,4.63948e-05
766464,4.63948e-05
766720,4.63948e-05
766976,4.63948e-05
767232,4.63948e-05
767488,4.63948e-05
767744,4.63948e-05
768000,4.63948e-05
768256,4.63948e-05
768512,4.63948e-05
768768,4.63948e-05
769024,4.63948e-05
769280,4.63948e-05
769536,4.63948e-05
769792,4.63948e-05
770048,4.63948e-05
770304,4.63948e-05
770560,4.63948e-05
770816,4.63948e-05
771072,4.63948e-05
771328,4.63948e-05
771584,4.63948e-05
771840,4.63948e-05
772096,4.63948e-05
772352,4.63948e-05
772608,4.63948e-05
772864,4.63948e-05
773120,4.63948e-05
773376,4.63948e-05
773632,4.63948e-05
773888,4.63948e-05
774144,4.63948e-05
774400,4.63948e-05
774656,4.63948e-05
774912,4.63948e-05
775168,4.63948e-05
775424,4.63948e-05
775680,4.63948e-05
775936,4.63948e-05
776192,4.63948e-05
776448,4.63948e-05
776704,4.63948e-05
776960,4.63739e-05
777216,4.63497e-05
777472,4.63255e-05
777728,4.63013e-05
777984,4.62771e-05
778240,4.62529e-05
778496,4.62094e-05
778752,4.61609e-05
779008,4.61123e-05
779264,4.60637e-05
779520,4.60151e-05
779776,4.59664e-05
780032,4.59176e-05
780288,4.58688e-05
780544,4.58199e-05
780800,4.5771e-05
781056,4.5722e-05
781312,4.5673e-05
781568,4.56608e-05
781824,4.56608e-05
782080,4.56608e-05
782336,4.56608e-05
782592,4.56608e-05
782848,4.56608e-05
783104,4.56608e-05
783360,4.56608e-05
783616,4.56608e-05
783872,4.56608e-05
784128,4.56608e-05
784384,4.56608e-05
784640,4.56608e-05
784896,4.56608e-05
785152,4.56608e-05
785408,4.56608e-05
785664,4.56608e-05
785920,4.56608e-05
786176,4.56608e-05
786432,4.56608e-05
786688,4.56608e-05
786944,4.56608e-05
787200,4.56608e-05
787456,4.56608e-05
787712,4.56409e-05
787968,4.56163e-05
788224,4.55918e-05
788480,4.55672e-05
788736,4.55426e-05
788992,4.5518e-05
789248,4.5514e-05
789504,4.5514e-05
789760,4.5514e-05
790016,4.5514e-05
790272,4.5514e-05
790528,4.5514e-05
790784,4.54926e-05
791040,4.54679e-05
791296,4.54433e-05
791552,4.54186e-05
791808,4.5394e-05
792064,4.53693e-05
792320,4.53446e-05
792576,4.53199e-05
792832,4.52952e-05
793088,4.52704e-05
793344,4.52457e-05
793600,4.52209e-05
793856,4.51962e-05
794112,4.51714e-05
794368,4.51466e-05
794624,4.51218e-05
794880,4.50969e-05
795136,4.50736e-05
795392,4.50736e-05
795648,4.50736e-05
795904,4.50736e-05
796160,4.50736e-05
796416,4.50736e-05
796672,4.50736e-05
796928,4.50736e-05
797184,4.50736e-05
797440,4.50736e-05
797696,4.50736e-05
797952,4.50736e-05
798208,4.50736e-05
798464,4.50736e-05
798720,4.50736e-05
798976,4.50736e-05
799232,4.50736e-05
799488,4.50736e-05
799744,4.50568e-05
800000,4.50071e-05
800256,4.49573e-05
800512,4.49074e-05
800768,4.48575e-05
801024,4.48076e-05
801280,4.47688e-05
801536,4.47437e-05
801792,4.47187e-05
802048,4.46936e-05
802304,4.46686e-05
802560,4.46435e-05
802816,4.46332e-05
803072,4.46332e-05
803328,4.46332e-05
803584,4.46332e-05
803840,4.46332e-05
804096,4.46332e-05
804352,4.45961e-05
804608,4.45458e-05
804864,4.44955e-05
805120,4.44452e-05
805376,4.43947e-05
805632,4.43442e-05
805888,4.43166e-05
806144,4.42913e-05
806400,4.42661e-05
806656,4.42407e-05
806912,4.42154e-05
807168,4.41901e-05
807424,4.41647e-05
807680,4.41394e-05
807936,4.4114e-05
808192,4.40886e-05
808448,4.40632e-05
808704,4.40459e-05
808960,4.40459e-05
809216,4.40459e-05
809472,4.40459e-05
809728,4.40459e-05
809984,4.40459e-05
810240,4.40459e-05
810496,4.40459e-05
810752,4.40459e-05
811008,4.40459e-05
811264,4.40459e-05
811520,4.40459e-05
811776,4.40459e-05
812032,4.40459e-05
812288,4.40459e-05
812544,4.40459e-05
812800,4.40459e-05
813056,4.40459e-05
813312,4.40459e-05
813568,4.40459e-05
813824,4.40459e-05
814080,4.40459e-05
814336,4.40459e-05
814592,4.40401e-05
814848,4.40147e-05
815104,4.39892e-05
815360,4.39637e-05
815616,4.39383e-05
815872,4.39128e-05
816128,4.38872e-05
816384,4.38617e-05
816640,4.38362e-05
816896,4.38106e-05
817152,4.3785e-05
817408,4.37595e-05
817664,4.36969e-05
817920,4.36199e-05
818176,4.35428e-05
818432,4.34656e-05
818688,4.33882e-05
818944,4.33119e-05
819200,4.33119e-05
819456,4.33119e-05
819712,4.33119e-05
819968,4.33119e-05
820224,4.33119e-05
820480,4.33119e-05
820736,4.33119e-05
820992,4.33119e-05
821248,4.33119e-05
821504,4.33119e-05
821760,4.33119e-05
822016,4.32948e-05
822272,4.32689e-05
822528,4.3243e-05
822784,4.32171e-05
823040,4.31912e-05
823296,4.31652e-05
823552,4.31651e-05
823808,4.31651e-05
824064,4.31651e-05
824320,4.31651e-05
824576,4.31651e-05
824832,4.31651e-05
825088,4.31651e-05
825344,4.31651e-05
825600,4.31651e-05
825856,4.31651e-05
826112,4.31651e-05
826368,4.31651e-05
826624,4.31651e-05
826880,4.31651e-05
827136,4.31651e-05
827392,4.31651e-05
827648,4.31651e-05
827904,4.31651e-05
828160,4.31651e-05
828416,4.31651e-05
828672,4.31651e-05
828928,4.31651e-05
829184,4.31557e-05
829440,4.31297e-05
829696,4.31037e-05
829952,4.30777e-05
830208,4.30517e-05
830464,4.30257e-05
830720,4.30183e-05
830976,4.30183e-05
831232,4.30183e-05
831488,4.30183e-05
831744,4.30183e-05
832000,4.30143e-05
832256,4.29622e-05
832512,4.291e-05
832768,4.28578e-05
833024,4.28055e-05
833280,4.27531e-05
833536,4.27247e-05
833792,4.27247e-05
834048,4.27247e-05
834304,4.27247e-05
834560,4.27247e-05
834816,4.27247e-05
835072,4.27247e-05
835328,4.27247e-05
835584,4.27247e-05
835840,4.27247e-05
836096,4.27247e-05
836352,4.27247e-05
836608,4.27247e-05
836864,4.27247e-05
837120,4.27247e-05
837376,4.27247e-05
837632,4.27247e-05
837888,4.27074e-05
838144,4.26812e-05
838400,4.2655e-05
838656,4.26287e-05
838912,4.26024e-05
839168,4.25779e-05
839424,4.25779e-05
839680,4.25779e-05
839936,4.25779e-05
840192,4.25779e-05
840448,4.25779e-05
840704,4.25779e-05
840960,4.25779e-05
841216,4.25779e-05
841472,4.25779e-05
841728,4.25779e-05
841984,4.25779e-05
842240,4.2554e-05
842496,4.25277e-05
842752,4.25014e-05
843008,4.2475e-05
843264,4.24486e-05
843520,4.24222e-05
843776,4.23958e-05
844032,4.23694e-05
844288,4.2343e-05
844544,4.23165e-05
844800,4.229e-05
845056,4.22843e-05
845312,4.22843e-05
845568,4.22843e-05
845824,4.22843e-05
846080,4.22843e-05
846336,4.22843e-05
846592,4.22843e-05
846848,4.22843e-05
847104,4.22843e-05
847360,4.22843e-05
847616,4.22843e-05
847872,4.22843e-05
848128,4.22843e-05
848384,4.22843e-05
848640,4.22843e-05
848896,4.22843e-05
849152,4.22843e-05
849408,4.22843e-05
849664,4.22843e-05
849920,4.22843e-05
850176,4.22843e-05
850432,4.22843e-05
850688,4.22843e-05
850944,4.22843e-05
851200,4.22843e-05
851456,4.22843e-05
851712,4.22843e-05
851968,4.22843e-05
852224,4.22843e-05
852480,4.22843e-05
852736,4.22843e-05
852992,4.22843e-05
853248,4.22843e-05
853504,4.22422e-05
853760,4.21626e-05
854016,4.20828e-05
854272,4.20029e-05
854528,4.19228e-05
854784,4.18434e-05
855040,4.18167e-05
855296,4.17899e-05
855552,4.17631e-05
855808,4.17362e-05
856064,4.17094e-05
856320,4.1697e-05
856576,4.1697e-05
856832,4.1697e-05
857088,4.1697e-05
857344,4.1697e-05
857600,4.1695e-05
857856,4.16681e-05
858112,4.16413e-05
858368,4.16144e-05
858624,4.15874e-05
858880,4.15605e-05
859136,4.15168e-05
859392,4.14628e-05
859648,4.14088e-05
859904,4.13546e-05
860160,4.13004e-05
860416,4.12514e-05
860672,4.12242e-05
860928,4.11971e-05
861184,4.11699e-05
861440,4.11426e-05
861696,4.11154e-05
861952,4.11098e-05
862208,4.11098e-05
862464,4.11098e-05
862720,4.11098e-05
862976,4.11098e-05
863232,4.11098e-05
863488,4.11098e-05
863744,4.11098e-05
864000,4.11098e-05
864256,4.11098e-05
864512,4.11093e-05
864768,4.10821e-05
865024,4.10548e-05
865280,4.10275e-05
865536,4.10002e-05
865792,4.09729e-05
866048,4.09455e-05
866304,4.09182e-05
866560,4.08908e-05
866816,4.08634e-05
867072,4.0836e-05
867328,4.08162e-05
867584,4.08162e-05
867840,4.08162e-05
868096,4.08162e-05
868352,4.08162e-05
868608,4.08162e-05
868864,4.07651e-05
869120,4.07101e-05
869376,4.06551e-05
869632,4.05999e-05
869888,4.05447e-05
870144,4.05226e-05
870400,4.05226e-05
870656,4.05226e-05
870912,4.05226e-05
871168,4.05226e-05
871424,4.05226e-05
871680,4.05226e-05
871936,4.05226e-05
872192,4.05226e-05
872448,4.05226e-05
872704,4.05226e-05
872960,4.05226e-05
873216,4.05226e-05
873472,4.05226e-05
873728,4.05226e-05
873984,4.05226e-05
874240,4.05042e-05
874496,4.04765e-05
874752,4.04489e-05
875008,4.04212e-05
875264,4.03934e-05
875520,4.03758e-05
875776,4.03758e-05
876032,4.03758e-05
876288,4.03758e-05
876544,4.03758e-05
876800,4.03758e-05
877056,4.03758e-05
877312,4.03758e-05
877568,4.03758e-05
877824,4.03758e-05
878080,4.03758e-05
878336,4.03542e-05
878592,4.03264e-05
878848,4.02986e-05
879104,4.02708e-05
879360,4.0243e-05
879616,4.02013e-05
879872,4.01455e-05
880128,4.00897e-05
880384,4.00338e-05
880640,3.99778e-05
880896,3.99286e-05
881152,3.99005e-05
881408,3.98724e-05
881664,3.98443e-05
881920,3.98162e-05
882176,3.97886e-05
882432,3.97886e-05
882688,3.97886e-05
882944,3.97886e-05
883200,3.97886e-05
883456,3.97886e-05
883712,3.97886e-05
883968,3.97886e-05
884224,3.97886e-05
884480,3.97886e-05
884736,3.97886e-05
884992,3.9772e-05
885248,3.97438e-05
885504,3.97156e-05
885760,3.96874e-05
886016,3.96592e-05
886272,3.96201e-05
886528,3.95636e-05
886784,3.95069e-05
887040,3.94502e-05
887296,3.93933e-05
887552,3.93482e-05
887808,3.93482e-05
888064,3.93482e-05
888320,3.93482e-05
888576,3.93482e-05
888832,3.93482e-05
889088,3.93482e-05
889344,3.93482e-05
889600,3.93482e-05
889856,3.93482e-05
890112,3.93482e-05
890368,3.93228e-05
890624,3.92943e-05
890880,3.92658e-05
891136,3.92372e-05
891392,3.92087e-05
891648,3.91801e-05
891904,3.91515e-05
892160,3.91229e-05
892416,3.90943e-05
892672,3.90656e-05
892928,3.90369e-05
893184,3.90082e-05
893440,3.89795e-05
893696,3.89507e-05
893952,3.8922e-05
894208,3.89077e-05
894464,3.89077e-05
894720,3.89077e-05
894976,3.89077e-05
895232,3.89077e-05
895488,3.88961e-05
895744,3.88673e-05
896000,3.88384e-05
896256,3.88096e-05
896512,3.87807e-05
896768,3.87427e-05
897024,3.86848e-05
897280,3.86269e-05
897536,3.85688e-05
897792,3.85107e-05
898048,3.84673e-05
898304,3.84673e-05
898560,3.84673e-05
898816,3.84673e-05
899072,3.84673e-05
899328,3.84364e-05
899584,3.82904e-05
899840,3.81439e-05
900096,3.79968e-05
900352,3.78491e-05
900608,3.77268e-05
900864,3.76971e-05
901120,3.76674e-05
901376,3.76376e-05
901632,3.76079e-05
901888,3.75865e-05
902144,3.75865e-05
902400,3.75865e-05
902656,3.75865e-05
902912,3.75865e-05
903168,3.75865e-05
903424,3.75865e-05
903680,3.75865e-05
903936,3.75865e-05
904192,3.75865e-05
904448,3.75737e-05
904704,3.75439e-05
904960,3.7514e-05
905216,3.74842e-05
905472,3.74543e-05
905728,3.73783e-05
905984,3.72583e-05
906240,3.71378e-05
906496,3.7017e-05
906752,3.68958e-05
907008,3.68525e-05
907264,3.68525e-05
907520,3.68525e-05
907776,3.68525e-05
908032,3.68525e-05
908288,3.68525e-05
908544,3.68525e-05
908800,3.68525e-05
909056,3.68525e-05
909312,3.68525e-05
909568,3.68525e-05
909824,3.68525e-05
910080,3.68525e-05
910336,3.68525e-05
910592,3.68525e-05
910848,3.68525e-05
911104,3.68525e-05
911360,3.68525e-05
911616,3.68525e-05
911872,3.68329e-05
912128,3.6772e-05
912384,3.6711e-05
912640,3.665e-05
912896,3.65888e-05
913152,3.65432e-05
913408,3.65125e-05
913664,3.64818e-05
913920,3.64511e-05
914176,3.64204e-05
914432,3.6412e-05
914688,3.6412e-05
914944,3.6412e-05
915200,3.6412e-05
915456,3.6412e-05
915712,3.63826e-05
915968,3.63518e-05
916224,3.6321e-05
916480,3.62901e-05
916736,3.62593e-05
916992,3.62284e-05
917248,3.61974e-05
917504,3.61665e-05
917760,3.61355e-05
918016,3.61184e-05
918272,3.61184e-05
918528,3.61184e-05
918784,3.61184e-05
919040,3.61184e-05
919296,3.60962e-05
919552,3.60652e-05
919808,3.60341e-05
920064,3.6003e-05
920320,3.59719e-05
920576,3.59099e-05
920832,3.58474e-05
921088,3.57849e-05
921344,3.57222e-05
921600,3.5678e-05
921856,3.5678e-05
922112,3.5678e-05
922368,3.5678e-05
922624,3.5678e-05
922880,3.56586e-05
923136,3.56271e-05
923392,3.55957e-05
923648,3.55642e-05
923904,3.55327e-05
924160,3.55012e-05
924416,3.54696e-05
924672,3.5438e-05
924928,3.54064e-05
925184,3.53747e-05
925440,3.53431e-05
925696,3.53114e-05
925952,3.52796e-05
926208,3.52479e-05
926464,3.52376e-05
926720,3.52376e-05
926976,3.52376e-05
927232,3.52376e-05
927488,3.52376e-05
927744,3.52376e-05
928000,3.52376e-05
928256,3.52376e-05
928512,3.52376e-05
928768,3.52376e-05
929024,3.52376e-05
929280,3.52376e-05
929536,3.52376e-05
929792,3.52376e-05
930048,3.52115e-05
930304,3.51797e-05
930560,3.51478e-05
930816,3.51159e-05
931072,3.50773e-05
931328,3.50134e-05
931584,3.49493e-05
931840,3.48852e-05
932096,3.48209e-05
932352,3.47972e-05
932608,3.47972e-05
932864,3.47972e-05
933120,3.47972e-05
933376,3.47972e-05
933632,3.47972e-05
933888,3.47972e-05
934144,3.47972e-05
934400,3.47972e-05
934656,3.47972e-05
934912,3.47972e-05
935168,3.47972e-05
935424,3.47972e-05
935680,3.47972e-05
935936,3.47666e-05
936192,3.47344e-05
936448,3.47021e-05
936704,3.46698e-05
936960,3.46504e-05
937216,3.46504e-05
937472,3.46504e-05
937728,3.46504e-05
937984,3.46504e-05
938240,3.46504e-05
938496,3.46504e-05
938752,3.46504e-05
939008,3.46504e-05
939264,3.46504e-05
939520,3.46504e-05
939776,3.46504e-05
940032,3.46504e-05
940288,3.46504e-05
940544,3.46004e-05
940800,3.45356e-05
941056,3.44707e-05
941312,3.44056e-05
941568,3.43242e-05
941824,3.41934e-05
942080,3.40622e-05
942336,3.39304e-05
942592,3.37981e-05
942848,3.37695e-05
943104,3.37695e-05
943360,3.37695e-05
943616,3.37695e-05
943872,3.37576e-05
944128,3.37244e-05
944384,3.36912e-05
944640,3.36579e-05
944896,3.36247e-05
945152,3.35599e-05
945408,3.34931e-05
945664,3.34261e-05
945920,3.33591e-05
946176,3.33291e-05
946432,3.33291e-05
946688,3.33291e-05
946944,3.33291e-05
947200,3.33104e-05
947456,3.32094e-05
947712,3.3108e-05
947968,3.30064e-05
948224,3.29044e-05
948480,3.28887e-05
948736,3.28887e-05
948992,3.28887e-05
949248,3.28887e-05
949504,3.28887e-05
949760,3.28887e-05
950016,3.28887e-05
950272,3.28887e-05
950528,3.28887e-05
950784,3.28887e-05
951040,3.28887e-05
951296,3.28887e-05
951552,3.28887e-05
951808,3.28887e-05
952064,3.28887e-05
952320,3.28887e-05
952576,3.28887e-05
952832,3.28476e-05
953088,3.27793e-05
953344,3.27109e-05
953600,3.26424e-05
953856,3.25951e-05
954112,3.25951e-05
954368,3.25951e-05
954624,3.25951e-05
954880,3.25951e-05
955136,3.25951e-05
955392,3.25951e-05
955648,3.25951e-05
955904,3.25951e-05
956160,3.25951e-05
956416,3.25951e-05
956672,3.25951e-05
956928,3.25951e-05
957184,3.25781e-05
957440,3.25437e-05
957696,3.25093e-05
957952,3.24748e-05
958208,3.24403e-05
958464,3.24057e-05
958720,3.23711e-05
958976,3.23365e-05
959232,3.23019e-05
959488,3.22329e-05
959744,3.21633e-05
960000,3.20936e-05
960256,3.20237e-05
960512,3.20079e-05
960768,3.20079e-05
961024,3.20079e-05
961280,3.20079e-05
961536,3.20079e-05
961792,3.20079e-05
962048,3.20079e-05
962304,3.20079e-05
962560,3.20079e-05
962816,3.20079e-05
963072,3.20079e-05
963328,3.20079e-05
963584,3.19947e-05
963840,3.19246e-05
964096,3.18544e-05
964352,3.1784e-05
964608,3.17142e-05
964864,3.17142e-05
965120,3.17142e-05
965376,3.17142e-05
965632,3.17142e-05
965888,3.17142e-05
966144,3.17142e-05
966400,3.17142e-05
966656,3.17142e-05
966912,3.17142e-05
967168,3.17142e-05
967424,3.17142e-05
967680,3.17142e-05
967936,3.17142e-05
968192,3.17142e-05
968448,3.17142e-05
968704,3.17142e-05
968960,3.17007e-05
969216,3.16653e-05
969472,3.16299e-05
969728,3.15945e-05
969984,3.15674e-05
970240,3.15674e-05
970496,3.15674e-05
970752,3.15674e-05
971008,3.15604e-05
971264,3.14893e-05
971520,3.14181e-05
971776,3.13467e-05
972032,3.12752e-05
972288,3.12738e-05
972544,3.12738e-05
972800,3.12738e-05
973056,3.12738e-05
973312,3.12738e-05
973568,3.12738e-05
973824,3.12738e-05
974080,3.12738e-05
974336,3.12458e-05
974592,3.12099e-05
974848,3.1174e-05
975104,3.11381e-05
975360,3.11021e-05
975616,3.1066e-05
975872,3.103e-05
976128,3.09938e-05
976384,3.09802e-05
976640,3.09802e-05
976896,3.09802e-05
977152,3.09802e-05
977408,3.09192e-05
977664,3.08103e-05
977920,3.0701e-05
978176,3.05914e-05
978432,3.05009e-05
978688,3.04273e-05
978944,3.03536e-05
979200,3.02797e-05
979456,3.02259e-05
979712,3.01888e-05
979968,3.01517e-05
980224,3.01146e-05
980480,3.00553e-05
980736,2.99807e-05
980992,2.99058e-05
981248,2.98308e-05
981504,2.98058e-05
981760,2.98058e-05
982016,2.98058e-05
982272,2.98058e-05
982528,2.98058e-05
982784,2.98058e-05
983040,2.98058e-05
983296,2.98058e-05
983552,2.97737e-05
983808,2.97361e-05
984064,2.96984e-05
984320,2.96606e-05
984576,2.96228e-05
984832,2.9585e-05
985088,2.95471e-05
985344,2.95122e-05
985600,2.95122e-05
985856,2.95122e-05
986112,2.95122e-05
986368,2.95122e-05
986624,2.95122e-05
986880,2.95122e-05
987136,2.95122e-05
987392,2.95122e-05
987648,2.95122e-05
987904,2.95122e-05
988160,2.95122e-05
988416,2.95122e-05
988672,2.95122e-05
988928,2.95122e-05
989184,2.95122e-05
989440,2.94202e-05
989696,2.92675e-05
989952,2.9114e-05
990208,2.89597e-05
990464,2.88648e-05
990720,2.87871e-05
990976,2.87092e-05
991232,2.86313e-05
991488,2.86313e-05
991744,2.86313e-05
992000,2.86313e-05
992256,2.86313e-05
992512,2.86313e-05
992768,2.86313e-05
993024,2.86313e-05
993280,2.86118e-05
993536,2.85727e-05
993792,2.85334e-05
994048,2.84942e-05
994304,2.84845e-05
994560,2.84845e-05
994816,2.84845e-05
995072,2.84837e-05
995328,2.84443e-05
995584,2.84049e-05
995840,2.83655e-05
996096,2.8326e-05
996352,2.82864e-05
996608,2.82468e-05
996864,2.82071e-05
997120,2.81909e-05
997376,2.81909e-05
997632,2.81909e-05
997888,2.81909e-05
998144,2.81909e-05
998400,2.81909e-05
998656,2.81909e-05
998912,2.81748e-05
999168,2.80952e-05
999424,2.80153e-05
999680,2.79353e-05
999936,2.78973e-05
1000192,2.78973e-05
1000448,2.78973e-05
1000704,2.78973e-05
1000960,2.78973e-05
1001216,2.78973e-05
1001472,2.78973e-05
1001728,2.78973e-05
1001984,2.78973e-05
1002240,2.78973e-05
1002496,2.78973e-05
1002752,2.78749e-05
1003008,2.78347e-05
1003264,2.77944e-05
1003520,2.77541e-05
1003776,2.76769e-05
1004032,2.75959e-05
1004288,2.75146e-05
1004544,2.74211e-05
1004800,2.72983e-05
1005056,2.71749e-05
1005312,2.7051e-05
1005568,2.70165e-05
1005824,2.70165e-05
1006080,2.70165e-05
1006336,2.7009e-05
1006592,2.69675e-05
1006848,2.69259e-05
1007104,2.68843e-05
1007360,2.68696e-05
1007616,2.68696e-05
1007872,2.68696e-05
1008128,2.68643e-05
1008384,2.68226e-05
1008640,2.67808e-05
1008896,2.6739e-05
1009152,2.6697e-05
1009408,2.66551e-05
1009664,2.6613e-05
1009920,2.6576e-05
1010176,2.6576e-05
1010432,2.6576e-05
1010688,2.6576e-05
1010944,2.65221e-05
1011200,2.64375e-05
1011456,2.63527e-05
1011712,2.62824e-05
1011968,2.62824e-05
1012224,2.62824e-05
1012480,2.62824e-05
1012736,2.62513e-05
1012992,2.62086e-05
1013248,2.61658e-05
1013504,2.6123e-05
1013760,2.60801e-05
1014016,2.60371e-05
1014272,2.5994e-05
1014528,2.5913e-05
1014784,2.58264e-05
1015040,2.57395e-05
1015296,2.56952e-05
1015552,2.56952e-05
1015808,2.56952e-05
1016064,2.56925e-05
1016320,2.56707e-05
1016576,2.56489e-05
1016832,2.5627e-05
1017088,2.56052e-05
1017344,2.55833e-05
1017600,2.55614e-05
1017856,2.55216e-05
1018112,2.54557e-05
1018368,2.53896e-05
1018624,2.53234e-05
1018880,2.52569e-05
1019136,2.51903e-05
1019392,2.51235e-05
1019648,2.5108e-05
1019904,2.5108e-05
1020160,2.5108e-05
1020416,2.5108e-05
1020672,2.5108e-05
1020928,2.5108e-05
1021184,2.51038e-05
1021440,2.50815e-05
1021696,2.50592e-05
1021952,2.50368e-05
1022208,2.50144e-05
1022464,2.4992e-05
1022720,2.49696e-05
1022976,2.49472e-05
1023232,2.49247e-05
1023488,2.49023e-05
1023744,2.48798e-05
1024000,2.48572e-05
1024256,2.48347e-05
1024512,2.48099e-05
1024768,2.47647e-05
1025024,2.47195e-05
1025280,2.46741e-05
1025536,2.46287e-05
1025792,2.45832e-05
1026048,2.45375e-05
1026304,2.45063e-05
1026560,2.44834e-05
1026816,2.44606e-05
1027072,2.44377e-05
1027328,2.44147e-05
1027584,2.43918e-05
1027840,2.43688e-05
1028096,2.43458e-05
1028352,2.43228e-05
1028608,2.42998e-05
1028864,2.42767e-05
1029120,2.42536e-05
1029376,2.42305e-05
1029632,2.42271e-05
1029888,2.42271e-05
1030144,2.42271e-05
1030400,2.42271e-05
1030656,2.42271e-05
1030912,2.42271e-05
1031168,2.42271e-05
1031424,2.42271e-05
1031680,2.42271e-05
1031936,2.42271e-05
1032192,2.42271e-05
1032448,2.42271e-05
1032704,2.42271e-05
1032960,2.42271e-05
1033216,2.42271e-05
1033472,2.42271e-05
1033728,2.42271e-05
1033984,2.42271e-05
1034240,2.42271e-05
1034496,2.42271e-05
1034752,2.42271e-05
1035008,2.42271e-05
1035264,2.42271e-05
1035520,2.42271e-05
1035776,2.42271e-05
1036032,2.42168e-05
1036288,2.41936e-05
1036544,2.41705e-05
1036800,2.41473e-05
1037056,2.41241e-05
1037312,2.41008e-05
1037568,2.40776e-05
1037824,2.40543e-05
1038080,2.4031e-05
1038336,2.40077e-05
1038592,2.39844e-05
1038848,2.3961e-05
1039104,2.39376e-05
1039360,2.39142e-05
1039616,2.38908e-05
1039872,2.38674e-05
1040128,2.38439e-05
1040384,2.38204e-05
1040640,2.37969e-05
1040896,2.37599e-05
1041152,2.37127e-05
1041408,2.36654e-05
1041664,2.36181e-05
1041920,2.35706e-05
1042176,2.3523e-05
1042432,2.34931e-05
1042688,2.34931e-05
1042944,2.34931e-05
1043200,2.34931e-05
1043456,2.34931e-05
1043712,2.34931e-05
1043968,2.34931e-05
1044224,2.34931e-05
1044480,2.34931e-05
1044736,2.34931e-05
1044992,2.34931e-05
1045248,2.34931e-05
1045504,2.34918e-05
1045760,2.34679e-05
1046016,2.34441e-05
1046272,2.34202e-05
1046528,2.33962e-05
1046784,2.33723e-05
1047040,2.33483e-05
1047296,2.33463e-05
1047552,2.33463e-05
1047808,2.33463e-05
1048064,2.33463e-05
1048320,2.33463e-05
1048576,2.33463e-05
1048832,2.33081e-05
1049088,2.326e-05
1049344,2.32118e-05
1049600,2.31635e-05
1049856,2.31151e-05
1050112,2.30666e-05
1050368,2.30006e-05
1050624,2.29274e-05
1050880,2.2854e-05
1051136,2.27804e-05
1051392,2.27065e-05
1051648,2.26324e-05
1051904,2.26123e-05
1052160,2.26123e-05
1052416,2.26123e-05
1052672,2.26123e-05
1052928,2.26123e-05
1053184,2.26123e-05
1053440,2.25726e-05
1053696,2.25229e-05
1053952,2.24731e-05
1054208,2.24232e-05
1054464,2.23732e-05
1054720,2.23231e-05
1054976,2.22958e-05
1055232,2.22706e-05
1055488,2.22455e-05
1055744,2.22203e-05
1056000,2.21951e-05
1056256,2.21698e-05
1056512,2.21445e-05
1056768,2.21192e-05
1057024,2.20939e-05
1057280,2.20686e-05
1057536,2.20432e-05
1057792,2.2025e-05
1058048,2.2025e-05
1058304,2.2025e-05
1058560,2.2025e-05
1058816,2.2025e-05
1059072,2.2025e-05
1059328,2.2025e-05
1059584,2.2025e-05
1059840,2.2025e-05
1060096,2.2025e-05
1060352,2.2025e-05
1060608,2.2025e-05
1060864,2.2025e-05
1061120,2.2025e-05
1061376,2.2025e-05
1061632,2.2025e-05
1061888,2.2025e-05
1062144,2.2025e-05
1062400,2.20005e-05
1062656,2.1975e-05
1062912,2.19495e-05
1063168,2.1924e-05
1063424,2.18984e-05
1063680,2.18728e-05
1063936,2.18472e-05
1064192,2.18216e-05
1064448,2.17959e-05
1064704,2.17702e-05
1064960,2.17444e-05
1065216,2.16803e-05
1065472,2.15767e-05
1065728,2.14726e-05
1065984,2.13681e-05
1066240,2.1263e-05
1066496,2.11574e-05
1066752,2.11442e-05
1067008,2.11442e-05
1067264,2.11442e-05
1067520,2.11442e-05
1067776,2.11442e-05
1068032,2.11266e-05
1068288,2.10735e-05
1068544,2.10203e-05
1068800,2.09669e-05
1069056,2.09134e-05
1069312,2.08598e-05
1069568,2.08283e-05
1069824,2.08014e-05
1070080,2.07745e-05
1070336,2.07475e-05
1070592,2.07205e-05
1070848,2.06831e-05
1071104,2.06289e-05
1071360,2.05745e-05
1071616,2.052e-05
1071872,2.04654e-05
1072128,2.04106e-05
1072384,2.04102e-05
1072640,2.04102e-05
1072896,2.04102e-05
1073152,2.04102e-05
1073408,2.04102e-05
1073664,2.03925e-05
1073920,2.03651e-05
1074176,2.03375e-05
1074432,2.031e-05
1074688,2.02824e-05
1074944,2.02461e-05
1075200,2.01907e-05
1075456,2.01352e-05
1075712,2.00795e-05
1075968,2.00236e-05
1076224,1.99676e-05
1076480,1.99115e-05
1076736,1.98551e-05
1076992,1.97986e-05
1077248,1.9742e-05
1077504,1.96852e-05
1077760,1.96762e-05
1078016,1.96762e-05
1078272,1.96762e-05
1078528,1.96762e-05
1078784,1.96762e-05
1079040,1.96567e-05
1079296,1.96282e-05
1079552,1.95996e-05
1079808,1.9571e-05
1080064,1.95424e-05
1080320,1.94981e-05
1080576,1.94405e-05
1080832,1.93828e-05
1081088,1.9325e-05
1081344,1.92669e-05
1081600,1.91816e-05
1081856,1.90645e-05
1082112,1.89466e-05
1082368,1.8828e-05
1082624,1.87087e-05
1082880,1.86485e-05
1083136,1.86485e-05
1083392,1.86485e-05
1083648,1.86485e-05
1083904,1.86485e-05
1084160,1.86302e-05
1084416,1.86001e-05
1084672,1.857e-05
1084928,1.85398e-05
1085184,1.85096e-05
1085440,1.85017e-05
1085696,1.85017e-05
1085952,1.85017e-05
1086208,1.85017e-05
1086464,1.85017e-05
1086720,1.84747e-05
1086976,1.84444e-05
1087232,1.8414e-05
1087488,1.83836e-05
1087744,1.83513e-05
1088000,1.82901e-05
1088256,1.82288e-05
1088512,1.81672e-05
1088768,1.81055e-05
1089024,1.80524e-05
1089280,1.80214e-05
1089536,1.79903e-05
1089792,1.79591e-05
1090048,1.79279e-05
1090304,1.79145e-05
1090560,1.79145e-05
1090816,1.79145e-05
1091072,1.79145e-05
1091328,1.79145e-05
1091584,1.79145e-05
1091840,1.79145e-05
1092096,1.79145e-05
1092352,1.79145e-05
1092608,1.79145e-05
1092864,1.79145e-05
1093120,1.79145e-05
1093376,1.79145e-05
1093632,1.79145e-05
1093888,1.78994e-05
1094144,1.78681e-05
1094400,1.78367e-05
1094656,1.78053e-05
1094912,1.77738e-05
1095168,1.77168e-05
1095424,1.76535e-05
1095680,1.75899e-05
1095936,1.75261e-05
1096192,1.74621e-05
1096448,1.73979e-05
1096704,1.73334e-05
1096960,1.72686e-05
1097216,1.72036e-05
1097472,1.71804e-05
1097728,1.71804e-05
1097984,1.71804e-05
1098240,1.71804e-05
1098496,1.71804e-05
1098752,1.71804e-05
1099008,1.71804e-05
1099264,1.71804e-05
1099520,1.71804e-05
1099776,1.71804e-05
1100032,1.71804e-05
1100288,1.71804e-05
1100544,1.71804e-05
1100800,1.71804e-05
1101056,1.71804e-05
1101312,1.71804e-05
1101568,1.71804e-05
1101824,1.71804e-05
1102080,1.71804e-05
1102336,1.71804e-05
1102592,1.71804e-05
1102848,1.71804e-05
1103104,1.71804e-05
1103360,1.71804e-05
1103616,1.71804e-05
1103872,1.71804e-05
1104128,1.71804e-05
1104384,1.71804e-05
1104640,1.71804e-05
1104896,1.71804e-05
1105152,1.71804e-05
1105408,1.71804e-05
1105664,1.71804e-05
1105920,1.71804e-05
1106176,1.71804e-05
1106432,1.71804e-05
1106688,1.71804e-05
1106944,1.71804e-05
1107200,1.71804e-05
1107456,1.71804e-05
1107712,1.71804e-05
1107968,1.71804e-05
1108224,1.71804e-05
1108480,1.71804e-05
1108736,1.71804e-05
1108992,1.71804e-05
1109248,1.71804e-05
1109504,1.71804e-05
1109760,1.71804e-05
1110016,1.71804e-05
1110272,1.71804e-05
1110528,1.71804e-05
1110784,1.71804e-05
1111040,1.71804e-05
1111296,1.71804e-05
1111552,1.71804e-05
1111808,1.71804e-05
1112064,1.71804e-05
1112320,1.71804e-05
1112576,1.71804e-05
1112832,1.71804e-05
1113088,1.71804e-05
1113344,1.71804e-05
1113600,1.71804e-05
1113856,1.71804e-05
1114112,1.71804e-05
1114368,1.71804e-05
1114624,1.71804e-05
1114880,1.71804e-05
1115136,1.71804e-05
1115392,1.71804e-05
1115648,1.71804e-05
1115904,1.71804e-05
1116160,1.71804e-05
1116416,1.71804e-05
1116672,1.71804e-05
1116928,1.71804e-05
1117184,1.71804e-05
1117440,1.71804e-05
1117696,1.71804e-05
1117952,1.71804e-05
1118208,1.71804e-05
1118464,1.71804e-05
1118720,1.71804e-05
1118976,1.71804e-05
1119232,1.71804e-05
1119488,1.71804e-05
1119744,1.71804e-05
1120000,1.71804e-05
1120256,1.71804e-05
1120512,1.71804e-05
1120768,1.71804e-05
1121024,1.71804e-05
1121280,1.71804e-05
1121536,1.71804e-05
1121792,1.71804e-05
1122048,1.71804e-05
1122304,1.71804e-05
1122560,1.71804e-05
1122816,1.71804e-05
1123072,1.71804e-05
1123328,1.71804e-05
1123584,1.71804e-05
1123840,1.71804e-05
1124096,1.71804e-05
1124352,1.71804e-05
1124608,1.71804e-05
1124864,1.71804e-05
1125120,1.71804e-05
1125376,1.71804e-05
1125632,1.71804e-05
1125888,1.71804e-05
1126144,1.71804e-05
1126400,1.71804e-05
1126656,1.71804e-05
1126912,1.71804e-05
1127168,1.71804e-05
1127424,1.71804e-05
1127680,1.71804e-05
1127936,1.71804e-05
1128192,1.71804e-05
1128448,1.71804e-05
1128704,1.71804e-05
1128960,1.71804e-05
1129216,1.71804e-05
1129472,1.71804e-05
1129728,1.71804e-05
1129984,1.71804e-05
1130240,1.71804e-05
1130496,1.71804e-05
1130752,1.71804e-05
1131008,1.71804e-05
1131264,1.71804e-05
1131520,1.71804e-05
1131776,1.71804e-05
1132032,1.71804e-05
1132288,1.71804e-05
1132544,1.71804e-05
1132800,1.71804e-05
1133056,1.71804e-05
1133312,1.71804e-05
1133568,1.71804e-05
1133824,1.71804e-05
1134080,1.71804e-05
1134336,1.71804e-05
1134592,1.71804e-05
1134848,1.71804e-05
1135104,1.71804e-05
1135360,1.71804e-05
1135616,1.71804e-05
1135872,1.71804e-05
1136128,1.71804e-05
1136384,1.71804e-05
1136640,1.71804e-05
1136896,1.71804e-05
1137152,1.71804e-05
1137408,1.71804e-05
1137664,1.71804e-05
1137920,1.71804e-05
1138176,1.71804e-05
1138432,1.71804e-05
1138688,1.71804e-05
1138944,1.71804e-05
1139200,1.71804e-05
1139456,1.71804e-05
1139712,1.71804e-05
1139968,1.71804e-05
1140224,1.71804e-05
1140480,1.71804e-05
1140736,1.71804e-05
1140992,1.71804e-05
1141248,1.71804e-05
1141504,1.71804e-05
1141760,1.71804e-05
1142016,1.71804e-05
1142272,1.71804e-05
1142528,1.71804e-05
1142784,1.71804e-05
1143040,1.71804e-05
1143296,1.71804e-05
1143552,1.71804e-05
1143808,1.71804e-05
1144064,1.71804e-05
1144320,1.71804e-05
1144576,1.71804e-05
1144832,1.71804e-05
1145088,1.71804e-05
1145344,1.71804e-05
1145600,1.71804e-05
1145856,1.71804e-05
1146112,1.71804e-05
1146368,1.71804e-05
1146624,1.71804e-05
1146880,1.71804e-05
1147136,1.71804e-05
1147392,1.71804e-05
1147648,1.71804e-05
1147904,1.71804e-05
1148160,1.71804e-05
1148416,1.71804e-05
1148672,1.71804e-05
1148928,1.71804e-05
1149184,1.71804e-05
1149440,1.71804e-05
1149696,1.71804e-05
1149952,1.71804e-05
1150208,1.71804e-05
1150464,1.71804e-05
1150720,1.71804e-05
1150976,1.71804e-05
1151232,1.71804e-05
1151488,1.71804e-05
1151744,1.71804e-05
1152000,1.71804e-05
1152256,1.71804e-05
1152512,1.71804e-05
1152768,1.71804e-05
1153024,1.71804e-05
1153280,1.71804e-05
1153536,1.71804e-05
1153792,1.71804e-05
1154048,1.71804e-05
1154304,1.71804e-05
1154560,1.71804e-05
1154816,1.71804e-05
1155072,1.71804e-05
1155328,1.71804e-05
1155584,1.71804e-05
1155840,1.71804e-05
1156096,1.71804e-05
1156352,1.71804e-05
1156608,1.71804e-05
1156864,1.71804e-05
1157120,1.71804e-05
1157376,1.71804e-05
1157632,1.71804e-05
1157888,1.71804e-05
1158144,1.71804e-05
1158400,1.71804e-05
1158656,1.71804e-05
1158912,1.71804e-05
1159168,1.71804e-05
1159424,1.71804e-05
1159680,1.71804e-05
1159936,1.71804e-05
1160192,1.71804e-05
1160448,1.71804e-05
1160704,1.71804e-05
1160960,1.71804e-05
1161216,1.71804e-05
1161472,1.71804e-05
1161728,1.71804e-05
1161984,1.71804e-05
1162240,1.71804e-05
1162496,1.71804e-05
1162752,1.71804e-05
1163008,1.71804e-05
1163264,1.71804e-05
1163520,1.71804e-05
1163776,1.71804e-05
1164032,1.71804e-05
1164288,1.71804e-05
1164544,1.71804e-05
1164800,1.71804e-05
1165056,1.71804e-05
1165312,1.71804e-05
1165568,1.71804e-05
1165824,1.71804e-05
1166080,1.71804e-05
1166336,1.71804e-05
1166592,1.71804e-05
1166848,1.71804e-05
1167104,1.71804e-05
1167360,1.71804e-05
1167616,1.71804e-05
1167872,1.71804e-05
1168128,1.71804e-05
1168384,1.71804e-05
1168640,1.71804e-05
1168896,1.71804e-05
1169152,1.71804e-05
1169408,1.71804e-05
1169664,1.71804e-05
1169920,1.71804e-05
