cache_lines,MRC
256,0.0581512
512,0.0549557
768,0.0528962
1024,0.0513472
1280,0.0500241
1536,0.0488367
1792,0.0477806
2048,0.0468062
2304,0.0458932
2560,0.0450212
2816,0.0441845
3072,0.0433891
3328,0.0426328
3584,0.041894
3840,0.0411668
4096,0.0404746
4352,0.0398095
4608,0.0391459
4864,0.0384874
5120,0.0378507
5376,0.0372382
5632,0.0366368
5888,0.0360498
6144,0.0354676
6400,0.0348924
6656,0.0343335
6912,0.0337867
7168,0.0332642
7424,0.0327337
7680,0.032203
7936,0.0317053
8192,0.0312045
8448,0.0307057
8704,0.0302196
8960,0.0297518
9216,0.0292791
9472,0.0288236
9728,0.0283737
9984,0.0279353
10240,0.0274952
10496,0.0270533
10752,0.0266354
11008,0.02621
11264,0.0257972
11520,0.0253939
11776,0.0249985
12032,0.0246137
12288,0.0242271
12544,0.0238437
12800,0.0234741
13056,0.0231027
13312,0.0227545
13568,0.0224068
13824,0.0220599
14080,0.0217117
14336,0.0213776
14592,0.0210452
14848,0.0207184
15104,0.0203839
15360,0.0200599
15616,0.0197342
15872,0.0194247
16128,0.0191201
16384,0.0188166
16640,0.0185088
16896,0.0182164
17152,0.0179264
17408,0.0176352
17664,0.017344
17920,0.0170575
18176,0.0167793
18432,0.0164947
18688,0.0162141
18944,0.0159389
19200,0.0156729
19456,0.0154001
19712,0.0151347
19968,0.0148551
20224,0.0145807
20480,0.0143115
20736,0.0140368
20992,0.0137561
21248,0.0134932
21504,0.0132127
21760,0.012933
22016,0.0126902
22272,0.0124628
22528,0.0122497
22784,0.0120205
23040,0.0118158
23296,0.0115892
23552,0.0113797
23808,0.0111696
24064,0.0109592
24320,0.0107517
24576,0.0105484
24832,0.0103462
25088,0.010149
25344,0.00994521
25600,0.00966637
25856,0.00917242
26112,0.00896205
26368,0.00875999
26624,0.00855426
26880,0.00837127
27136,0.00817986
27392,0.00799907
27648,0.00782066
27904,0.00764993
28160,0.00747708
28416,0.00730914
28672,0.00713435
28928,0.00697729
29184,0.00680518
29440,0.0066462
29696,0.00648866
29952,0.00635508
30208,0.00622823
30464,0.00609835
30720,0.00598105
30976,0.00586375
31232,0.0057437
31488,0.00560647
31744,0.00548832
32000,0.00536522
32256,0.00524374
32512,0.00512442
32768,0.00501772
33024,0.00491357
33280,0.00481795
33536,0.00471006
33792,0.00460863
34048,0.00450954
34304,0.00442091
34560,0.00434641
34816,0.00428014
35072,0.00421199
35328,0.00411867
35584,0.00404555
35840,0.00397792
36096,0.00390449
36352,0.00383812
36608,0.00378075
36864,0.00371701
37120,0.00366155
37376,0.00360855
37632,0.00355516
37888,0.00350138
38144,0.00344332
38400,0.00337181
38656,0.00330597
38912,0.00322204
39168,0.00315408
39424,0.00310451
39680,0.00305195
39936,0.00299758
40192,0.00294711
40448,0.00290037
40704,0.00282654
40960,0.00276879
41216,0.0027234
41472,0.00265409
41728,0.00260573
41984,0.00256103
42240,0.0025139
42496,0.0024669
42752,0.00241584
43008,0.0023625
43264,0.00231098
43520,0.00225983
43776,0.00221159
44032,0.00216347
44288,0.00211136
44544,0.00205391
44800,0.00199638
45056,0.00194259
45312,0.00188778
45568,0.00183272
45824,0.00177704
46080,0.00172036
46336,0.00166835
46592,0.00161285
46848,0.00155758
47104,0.00149983
47360,0.00145181
47616,0.0014025
47872,0.00135666
48128,0.0013115
48384,0.00127039
48640,0.00121884
48896,0.00117092
49152,0.00111888
49408,0.00106828
49664,0.00101313
49920,0.000959539
50176,0.000898057
50432,0.000836946
50688,0.000787777
50944,0.00074575
51200,0.000701373
51456,0.000657463
51712,0.000619103
51968,0.000606015
52224,0.000594845
52480,0.000587086
52736,0.000578042
52992,0.000569512
53248,0.000560423
53504,0.000551343
53760,0.000540776
54016,0.000531421
54272,0.000523033
54528,0.000517546
54784,0.000511995
55040,0.000506274
55296,0.000502835
55552,0.000498627
55808,0.000493246
56064,0.000488238
56320,0.000484941
56576,0.00047956
56832,0.000474618
57088,0.000469687
57344,0.000465143
57600,0.000461853
57856,0.00045695
58112,0.000452066
58368,0.000446986
58624,0.0004426
58880,0.000438037
59136,0.000432989
59392,0.000428216
59648,0.000422745
59904,0.00041754
60160,0.000412193
60416,0.000408871
60672,0.000405851
60928,0.000401127
61184,0.000396247
61440,0.000392032
61696,0.000389833
61952,0.000385974
62208,0.000382038
62464,0.000377369
62720,0.0003738
62976,0.000369207
63232,0.000364236
63488,0.000360989
63744,0.000356319
64000,0.000351489
64256,0.000346612
64512,0.000341028
64768,0.000336715
65024,0.000331306
65280,0.000326732
65536,0.000320874
65792,0.000315184
66048,0.000310845
66304,0.00030649
66560,0.000302075
66816,0.000297555
67072,0.000291425
67328,0.00028704
67584,0.000282806
67840,0.000279329
68096,0.000277588
68352,0.00027432
68608,0.000271917
68864,0.000268413
69120,0.000264834
69376,0.000262807
69632,0.000260902
69888,0.000258853
70144,0.000256567
70400,0.000253864
70656,0.000251372
70912,0.000249484
71168,0.000246522
71424,0.000244777
71680,0.00024197
71936,0.000240295
72192,0.000238451
72448,0.000237182
72704,0.000235897
72960,0.000234873
73216,0.000233732
73472,0.000232389
73728,0.000231595
73984,0.000230844
74240,0.000229579
74496,0.000228309
74752,0.000227739
75008,0.00022679
75264,0.000225136
75520,0.000224841
75776,0.000224511
76032,0.000223259
76288,0.000221479
76544,0.000219563
76800,0.000217756
77056,0.000216454
77312,0.000214371
77568,0.000213034
77824,0.000211519
78080,0.000210118
78336,0.000208947
78592,0.000207015
78848,0.000206135
79104,0.000204865
79360,0.000203594
79616,0.000203219
79872,0.000202778
80128,0.000202448
80384,0.000202111
80640,0.000201578
80896,0.000201154
81152,0.000201016
81408,0.000200135
81664,0.000199655
81920,0.000199446
82176,0.00019933
82432,0.000196513
82688,0.000193636
82944,0.000193636
83200,0.000193526
83456,0.000193416
83712,0.000193416
83968,0.000193416
84224,0.000193416
84480,0.000193416
84736,0.00019266
84992,0.000186927
85248,0.000184053
85504,0.000184053
85760,0.000184053
86016,0.000184053
86272,0.000184053
86528,0.000183864
86784,0.000183318
87040,0.000181656
87296,0.000178099
87552,0.000175104
87808,0.000174801
88064,0.000174801
88320,0.000174801
88576,0.000174722
88832,0.000174691
89088,0.000174691
89344,0.000174691
89600,0.000174494
89856,0.000164234
90112,0.000152143
90368,0.000150877
90624,0.000148749
90880,0.000147925
91136,0.000147925
91392,0.000147925
91648,0.000147925
91904,0.000147925
92160,0.000147925
92416,0.000147925
92672,0.000147925
92928,0.000147925
93184,0.000147925
93440,0.000147925
93696,0.000147925
93952,0.000147925
94208,0.000147925
94464,0.000147925
94720,0.000147815
94976,0.000147815
95232,0.000147705
95488,0.000147485
95744,0.000147485
96000,0.000147485
96256,0.000147485
96512,0.000147485
96768,0.000147485
97024,0.000147485
97280,0.000147485
97536,0.000147312
97792,0.000147057
98048,0.000147044
98304,0.000147044
98560,0.000147044
98816,0.000146969
99072,0.000142504
99328,0.000131762
99584,0.000126717
99840,0.00012573
100096,0.000125455
100352,0.000125455
100608,0.000125455
100864,0.000125455
101120,0.000125455
101376,0.000125455
101632,0.000125455
101888,0.000125455
102144,0.000125455
102400,0.000125455
102656,0.000125455
102912,0.000125455
103168,0.000125455
103424,0.000125071
103680,0.000124684
103936,0.000124684
104192,0.000124684
104448,0.000124684
104704,0.000124684
104960,0.000124684
105216,0.000124684
105472,0.000124574
105728,0.000124464
105984,0.000124464
106240,0.000124445
106496,0.0001197
106752,0.000117902
107008,0.000112094
107264,0.000100559
107520,9.54534e-05
107776,9.50549e-05
108032,9.49158e-05
108288,9.47423e-05
108544,9.47245e-05
108800,9.47245e-05
109056,9.47245e-05
109312,9.47245e-05
109568,9.47245e-05
109824,9.47245e-05
110080,9.47245e-05
110336,9.46741e-05
110592,9.46143e-05
110848,9.46143e-05
111104,9.45042e-05
111360,9.42839e-05
111616,9.42839e-05
111872,9.42839e-05
112128,9.42839e-05
112384,9.41738e-05
112640,9.41738e-05
112896,9.41738e-05
113152,9.41738e-05
113408,9.41738e-05
113664,9.41738e-05
113920,9.27396e-05
114176,9.00983e-05
114432,9.00873e-05
114688,8.99882e-05
114944,8.99882e-05
115200,8.99882e-05
115456,8.99882e-05
115712,8.97679e-05
115968,8.97679e-05
116224,8.97679e-05
116480,8.97679e-05
116736,8.97679e-05
116992,8.97679e-05
117248,8.97679e-05
117504,8.97679e-05
117760,8.96577e-05
118016,8.95476e-05
118272,8.95476e-05
118528,8.95476e-05
118784,8.95476e-05
119040,8.95476e-05
119296,8.95476e-05
119552,8.94912e-05
119808,8.94374e-05
120064,8.94374e-05
120320,8.93273e-05
120576,8.92172e-05
120832,8.84407e-05
121088,8.45902e-05
121344,8.43707e-05
121600,8.38228e-05
121856,8.22779e-05
122112,8.20105e-05
122368,8.19475e-05
122624,8.19475e-05
122880,8.18757e-05
123136,8.18373e-05
123392,8.18373e-05
123648,8.18373e-05
123904,8.18373e-05
124160,8.18373e-05
124416,8.1617e-05
124672,8.1617e-05
124928,8.1617e-05
125184,8.1617e-05
125440,8.1617e-05
125696,8.15608e-05
125952,8.15069e-05
126208,8.15069e-05
126464,8.15069e-05
126720,8.15069e-05
126976,8.14532e-05
127232,8.13967e-05
127488,8.13967e-05
127744,8.13967e-05
128000,8.13967e-05
128256,8.13967e-05
128512,8.13967e-05
128768,8.13435e-05
129024,8.11764e-05
129280,8.11217e-05
129536,8.10663e-05
129792,8.10663e-05
130048,8.10663e-05
130304,8.10663e-05
130560,8.10663e-05
130816,8.10663e-05
131072,8.09794e-05
131328,8.0846e-05
131584,8.0846e-05
131840,8.0846e-05
132096,8.0846e-05
132352,8.08088e-05
132608,8.07359e-05
132864,8.07359e-05
133120,8.07359e-05
133376,8.06509e-05
133632,8.05156e-05
133888,8.05156e-05
134144,8.05156e-05
134400,8.05156e-05
134656,8.04091e-05
134912,8.04054e-05
135168,8.04054e-05
135424,8.0348e-05
135680,7.96193e-05
135936,7.9304e-05
136192,7.90837e-05
136448,7.90101e-05
136704,7.87532e-05
136960,7.87532e-05
137216,7.87184e-05
137472,7.86431e-05
137728,7.85329e-05
137984,7.85329e-05
138240,7.85329e-05
138496,7.85236e-05
138752,7.84228e-05
139008,7.84011e-05
139264,7.83126e-05
139520,7.83126e-05
139776,7.83126e-05
140032,7.83126e-05
140288,7.83126e-05
140544,7.82521e-05
140800,7.82025e-05
141056,7.81285e-05
141312,7.79822e-05
141568,7.79822e-05
141824,7.79419e-05
142080,7.7872e-05
142336,7.7872e-05
142592,7.7872e-05
142848,7.7872e-05
143104,7.7872e-05
143360,7.7872e-05
143616,7.78347e-05
143872,7.77619e-05
144128,7.77619e-05
144384,7.77566e-05
144640,7.76518e-05
144896,7.76518e-05
145152,7.75676e-05
145408,7.74315e-05
145664,7.74315e-05
145920,7.72686e-05
146176,7.68722e-05
146432,7.66971e-05
146688,7.64929e-05
146944,7.633e-05
147200,7.633e-05
147456,7.633e-05
147712,7.633e-05
147968,7.633e-05
148224,7.633e-05
148480,7.633e-05
148736,7.633e-05
148992,7.633e-05
149248,7.633e-05
149504,7.633e-05
149760,7.633e-05
150016,7.633e-05
150272,7.633e-05
150528,7.633e-05
150784,7.633e-05
151040,7.633e-05
151296,7.633e-05
151552,7.633e-05
151808,7.633e-05
152064,7.633e-05
152320,7.633e-05
152576,7.633e-05
152832,7.633e-05
153088,7.633e-05
153344,7.633e-05
153600,7.633e-05
153856,7.61097e-05
154112,7.60387e-05
154368,7.58894e-05
154624,7.58894e-05
154880,7.57861e-05
155136,7.5559e-05
155392,7.5559e-05
155648,7.5559e-05
155904,7.5559e-05
156160,7.5559e-05
156416,7.5559e-05
156672,7.5559e-05
156928,7.54488e-05
157184,7.54488e-05
157440,7.53102e-05
157696,7.52285e-05
157952,7.52285e-05
158208,7.51184e-05
158464,7.51184e-05
158720,7.50359e-05
158976,7.49668e-05
159232,7.47872e-05
159488,7.46072e-05
159744,7.44575e-05
160000,7.44575e-05
160256,7.44575e-05
160512,7.44575e-05
160768,7.44575e-05
161024,7.44575e-05
161280,7.44575e-05
161536,7.44575e-05
161792,7.43474e-05
162048,7.43474e-05
162304,7.43474e-05
162560,7.43474e-05
162816,7.43474e-05
163072,7.43474e-05
163328,7.43474e-05
163584,7.43474e-05
163840,7.43474e-05
164096,7.43283e-05
164352,7.41472e-05
164608,7.41271e-05
164864,7.41271e-05
165120,7.41271e-05
165376,7.41271e-05
165632,7.41271e-05
165888,7.40501e-05
166144,7.40169e-05
166400,7.40169e-05
166656,7.38032e-05
166912,7.36865e-05
167168,7.36865e-05
167424,7.36865e-05
167680,7.36865e-05
167936,7.36865e-05
168192,7.36865e-05
168448,7.36865e-05
168704,7.36865e-05
168960,7.35763e-05
169216,7.35763e-05
169472,7.35763e-05
169728,7.35763e-05
169984,7.35763e-05
170240,7.35763e-05
170496,7.34662e-05
170752,7.34662e-05
171008,7.34662e-05
171264,7.34662e-05
171520,7.34574e-05
171776,7.33658e-05
172032,7.3356e-05
172288,7.3356e-05
172544,7.33111e-05
172800,7.32459e-05
173056,7.32459e-05
173312,7.32459e-05
173568,7.32459e-05
173824,7.32459e-05
174080,7.32459e-05
174336,7.32194e-05
174592,7.31193e-05
174848,7.29352e-05
175104,7.29154e-05
175360,7.29154e-05
175616,7.29154e-05
175872,7.28869e-05
176128,7.27947e-05
176384,7.27022e-05
176640,7.26097e-05
176896,7.2585e-05
177152,7.25346e-05
177408,7.24749e-05
177664,7.24749e-05
177920,7.24749e-05
178176,7.24749e-05
178432,7.24749e-05
178688,7.24749e-05
178944,7.2436e-05
179200,7.23216e-05
179456,7.21399e-05
179712,7.20467e-05
179968,7.20343e-05
180224,7.20343e-05
180480,7.20343e-05
180736,7.20343e-05
180992,7.20206e-05
181248,7.19272e-05
181504,7.18337e-05
181760,7.1814e-05
182016,7.1814e-05
182272,7.1814e-05
182528,7.1814e-05
182784,7.1814e-05
183040,7.1814e-05
183296,7.1814e-05
183552,7.17456e-05
183808,7.17038e-05
184064,7.17038e-05
184320,7.17038e-05
184576,7.1701e-05
184832,7.16072e-05
185088,7.15133e-05
185344,7.14835e-05
185600,7.13871e-05
185856,7.11985e-05
186112,7.10262e-05
186368,7.09328e-05
186624,7.09328e-05
186880,7.09328e-05
187136,7.09328e-05
187392,7.09328e-05
187648,7.09328e-05
187904,7.09328e-05
188160,7.09328e-05
188416,7.09328e-05
188672,7.08494e-05
188928,7.07545e-05
189184,7.07125e-05
189440,7.07125e-05
189696,7.07125e-05
189952,7.07125e-05
190208,7.07125e-05
190464,7.06246e-05
190720,7.04562e-05
190976,7.03821e-05
191232,7.03383e-05
191488,7.02719e-05
191744,7.02719e-05
192000,7.02716e-05
192256,7.01758e-05
192512,7.008e-05
192768,7.00516e-05
193024,7.00516e-05
193280,7.00516e-05
193536,7.00516e-05
193792,7.00407e-05
194048,6.99447e-05
194304,6.98485e-05
194560,6.98313e-05
194816,6.98313e-05
195072,6.96771e-05
195328,6.9463e-05
195584,6.93908e-05
195840,6.93908e-05
196096,6.93908e-05
196352,6.93908e-05
196608,6.93908e-05
196864,6.93222e-05
197120,6.92252e-05
197376,6.91705e-05
197632,6.91705e-05
197888,6.91705e-05
198144,6.91705e-05
198400,6.91705e-05
198656,6.90826e-05
198912,6.891e-05
199168,6.884e-05
199424,6.884e-05
199680,6.87647e-05
199936,6.86197e-05
200192,6.86197e-05
200448,6.86176e-05
200704,6.84213e-05
200960,6.83994e-05
201216,6.83994e-05
201472,6.83994e-05
201728,6.83994e-05
201984,6.83994e-05
202240,6.83714e-05
202496,6.82893e-05
202752,6.82893e-05
203008,6.82893e-05
203264,6.82893e-05
203520,6.82893e-05
203776,6.82893e-05
204032,6.8233e-05
204288,6.81344e-05
204544,6.8069e-05
204800,6.8069e-05
205056,6.8069e-05
205312,6.8069e-05
205568,6.7971e-05
205824,6.7872e-05
206080,6.78487e-05
206336,6.7784e-05
206592,6.76847e-05
206848,6.76284e-05
207104,6.76284e-05
207360,6.76284e-05
207616,6.76284e-05
207872,6.76284e-05
208128,6.76284e-05
208384,6.76284e-05
208640,6.76284e-05
208896,6.76284e-05
209152,6.76284e-05
209408,6.76284e-05
209664,6.76284e-05
209920,6.7604e-05
210176,6.75045e-05
210432,6.74049e-05
210688,6.73051e-05
210944,6.7298e-05
211200,6.72154e-05
211456,6.71153e-05
211712,6.70777e-05
211968,6.70777e-05
212224,6.70349e-05
212480,6.69675e-05
212736,6.69675e-05
212992,6.6954e-05
213248,6.68536e-05
213504,6.67529e-05
213760,6.67472e-05
214016,6.67472e-05
214272,6.65947e-05
214528,6.64597e-05
214784,6.64168e-05
215040,6.64168e-05
215296,6.64168e-05
215552,6.64168e-05
215808,6.64168e-05
216064,6.64168e-05
216320,6.64168e-05
216576,6.64168e-05
216832,6.64168e-05
217088,6.64168e-05
217344,6.64168e-05
217600,6.62762e-05
217856,6.61965e-05
218112,6.61434e-05
218368,6.60417e-05
218624,6.59762e-05
218880,6.59762e-05
219136,6.59762e-05
219392,6.59762e-05
219648,6.59762e-05
219904,6.59762e-05
220160,6.59762e-05
220416,6.59762e-05
220672,6.59762e-05
220928,6.59762e-05
221184,6.59762e-05
221440,6.59204e-05
221696,6.58183e-05
221952,6.57161e-05
222208,6.55816e-05
222464,6.53763e-05
222720,6.52052e-05
222976,6.52052e-05
223232,6.52052e-05
223488,6.52052e-05
223744,6.51057e-05
224000,6.5095e-05
224256,6.50092e-05
224512,6.49849e-05
224768,6.49124e-05
225024,6.48747e-05
225280,6.48153e-05
225536,6.47115e-05
225792,6.46075e-05
226048,6.44215e-05
226304,6.42139e-05
226560,6.41839e-05
226816,6.41037e-05
227072,6.41037e-05
227328,6.41037e-05
227584,6.41037e-05
227840,6.41037e-05
228096,6.41037e-05
228352,6.41037e-05
228608,6.41037e-05
228864,6.41037e-05
229120,6.41037e-05
229376,6.41037e-05
229632,6.40269e-05
229888,6.39218e-05
230144,6.38834e-05
230400,6.38215e-05
230656,6.37733e-05
230912,6.37733e-05
231168,6.37733e-05
231424,6.37303e-05
231680,6.36247e-05
231936,6.3553e-05
232192,6.3553e-05
232448,6.3553e-05
232704,6.3553e-05
232960,6.3553e-05
233216,6.3553e-05
233472,6.3553e-05
233728,6.3546e-05
233984,6.3334e-05
234240,6.33327e-05
234496,6.33327e-05
234752,6.32351e-05
235008,6.32225e-05
235264,6.32225e-05
235520,6.32225e-05
235776,6.31402e-05
236032,6.31124e-05
236288,6.31124e-05
236544,6.31124e-05
236800,6.31124e-05
237056,6.31124e-05
237312,6.30518e-05
237568,6.2945e-05
237824,6.28921e-05
238080,6.28921e-05
238336,6.28921e-05
238592,6.28921e-05
238848,6.28921e-05
239104,6.28921e-05
239360,6.28921e-05
239616,6.28921e-05
239872,6.28921e-05
240128,6.28921e-05
240384,6.28707e-05
240640,6.2782e-05
240896,6.2782e-05
241152,6.2782e-05
241408,6.2782e-05
241664,6.27759e-05
241920,6.26718e-05
242176,6.26718e-05
242432,6.26718e-05
242688,6.26718e-05
242944,6.26718e-05
243200,6.26718e-05
243456,6.26718e-05
243712,6.26718e-05
243968,6.26718e-05
244224,6.26718e-05
244480,6.26718e-05
244736,6.26718e-05
244992,6.25931e-05
245248,6.24856e-05
245504,6.24515e-05
245760,6.24515e-05
246016,6.24172e-05
246272,6.23633e-05
246528,6.23414e-05
246784,6.23414e-05
247040,6.22227e-05
247296,6.20062e-05
247552,6.18729e-05
247808,6.18185e-05
248064,6.17906e-05
248320,6.17906e-05
248576,6.17655e-05
248832,6.1711e-05
249088,6.16805e-05
249344,6.16805e-05
249600,6.16577e-05
249856,6.16031e-05
250112,6.15703e-05
250368,6.15703e-05
250624,6.15703e-05
250880,6.15703e-05
251136,6.15504e-05
251392,6.14958e-05
251648,6.14602e-05
251904,6.14602e-05
252160,6.14602e-05
252416,6.14602e-05
252672,6.14602e-05
252928,6.14602e-05
253184,6.14602e-05
253440,6.14602e-05
253696,6.14602e-05
253952,6.14602e-05
254208,6.14449e-05
254464,6.13902e-05
254720,6.13354e-05
254976,6.12806e-05
255232,6.12115e-05
255488,6.11016e-05
255744,6.10196e-05
256000,6.10196e-05
256256,6.10055e-05
256512,6.09504e-05
256768,6.09095e-05
257024,6.09095e-05
257280,6.09095e-05
257536,6.09095e-05
257792,6.09095e-05
258048,6.09095e-05
258304,6.09095e-05
258560,6.09095e-05
258816,6.09095e-05
259072,6.09095e-05
259328,6.08787e-05
259584,6.07682e-05
259840,6.06733e-05
260096,6.06179e-05
260352,6.0579e-05
260608,6.0579e-05
260864,6.0579e-05
261120,6.0579e-05
261376,6.05607e-05
261632,6.05052e-05
261888,6.04689e-05
262144,6.04689e-05
262400,6.04689e-05
262656,6.04689e-05
262912,6.03836e-05
263168,6.01605e-05
263424,6.00283e-05
263680,6.00283e-05
263936,6.00035e-05
264192,5.99475e-05
264448,5.98646e-05
264704,5.97522e-05
264960,5.96978e-05
265216,5.96978e-05
265472,5.96978e-05
265728,5.96978e-05
265984,5.96638e-05
266240,5.96074e-05
266496,5.95143e-05
266752,5.94012e-05
267008,5.93277e-05
267264,5.9271e-05
267520,5.92573e-05
267776,5.92573e-05
268032,5.92573e-05
268288,5.92573e-05
268544,5.92076e-05
268800,5.91508e-05
269056,5.91471e-05
269312,5.91471e-05
269568,5.91471e-05
269824,5.91471e-05
270080,5.91471e-05
270336,5.91403e-05
270592,5.90834e-05
270848,5.9037e-05
271104,5.9037e-05
271360,5.9037e-05
271616,5.9037e-05
271872,5.9037e-05
272128,5.9037e-05
272384,5.9037e-05
272640,5.9037e-05
272896,5.90116e-05
273152,5.89546e-05
273408,5.89268e-05
273664,5.89268e-05
273920,5.87939e-05
274176,5.85648e-05
274432,5.84862e-05
274688,5.84862e-05
274944,5.84862e-05
275200,5.84862e-05
275456,5.84388e-05
275712,5.83812e-05
275968,5.83761e-05
276224,5.83761e-05
276480,5.82611e-05
276736,5.81558e-05
276992,5.81558e-05
277248,5.81241e-05
277504,5.79503e-05
277760,5.78089e-05
278016,5.77508e-05
278272,5.77152e-05
278528,5.77152e-05
278784,5.76862e-05
279040,5.76279e-05
279296,5.75695e-05
279552,5.75111e-05
279808,5.74949e-05
280064,5.74949e-05
280320,5.74949e-05
280576,5.74949e-05
280832,5.74949e-05
281088,5.74949e-05
281344,5.74949e-05
281600,5.74949e-05
281856,5.74949e-05
282112,5.74949e-05
282368,5.74949e-05
282624,5.74213e-05
282880,5.72455e-05
283136,5.71645e-05
283392,5.71645e-05
283648,5.71645e-05
283904,5.71645e-05
284160,5.71645e-05
284416,5.71645e-05
284672,5.71645e-05
284928,5.71645e-05
285184,5.71645e-05
285440,5.71645e-05
285696,5.71645e-05
285952,5.71645e-05
286208,5.71645e-05
286464,5.71645e-05
286720,5.71645e-05
286976,5.71645e-05
287232,5.71645e-05
287488,5.71645e-05
287744,5.71645e-05
288000,5.69739e-05
288256,5.67374e-05
288512,5.67239e-05
288768,5.67089e-05
289024,5.65308e-05
289280,5.63934e-05
289536,5.63934e-05
289792,5.63934e-05
290048,5.63934e-05
290304,5.63934e-05
290560,5.63934e-05
290816,5.63934e-05
291072,5.63934e-05
291328,5.63934e-05
291584,5.63934e-05
291840,5.63343e-05
292096,5.62746e-05
292352,5.62149e-05
292608,5.61732e-05
292864,5.61732e-05
293120,5.61732e-05
293376,5.61732e-05
293632,5.61732e-05
293888,5.61732e-05
294144,5.61732e-05
294400,5.61732e-05
294656,5.61732e-05
294912,5.61732e-05
295168,5.61732e-05
295424,5.61577e-05
295680,5.60978e-05
295936,5.6063e-05
296192,5.6063e-05
296448,5.60281e-05
296704,5.5968e-05
296960,5.59079e-05
297216,5.58478e-05
297472,5.58427e-05
297728,5.58427e-05
297984,5.58427e-05
298240,5.58273e-05
298496,5.57671e-05
298752,5.57326e-05
299008,5.57326e-05
299264,5.57326e-05
299520,5.57326e-05
299776,5.57326e-05
300032,5.57326e-05
300288,5.57326e-05
300544,5.57326e-05
300800,5.57326e-05
301056,5.57147e-05
301312,5.56543e-05
301568,5.56224e-05
301824,5.56224e-05
302080,5.55831e-05
302336,5.55226e-05
302592,5.55123e-05
302848,5.55123e-05
303104,5.55123e-05
303360,5.55123e-05
303616,5.55123e-05
303872,5.55123e-05
304128,5.55123e-05
304384,5.54788e-05
304640,5.54182e-05
304896,5.54021e-05
305152,5.54021e-05
305408,5.53463e-05
305664,5.5292e-05
305920,5.5292e-05
306176,5.5292e-05
306432,5.5292e-05
306688,5.5292e-05
306944,5.5292e-05
307200,5.5292e-05
307456,5.5292e-05
307712,5.5292e-05
307968,5.5292e-05
308224,5.5292e-05
308480,5.5292e-05
308736,5.5292e-05
308992,5.5292e-05
309248,5.5292e-05
309504,5.5292e-05
309760,5.5292e-05
310016,5.5292e-05
310272,5.5292e-05
310528,5.52319e-05
310784,5.5171e-05
311040,5.511e-05
311296,5.50717e-05
311552,5.50717e-05
311808,5.50717e-05
312064,5.50717e-05
312320,5.50251e-05
312576,5.4964e-05
312832,5.49615e-05
313088,5.49615e-05
313344,5.49615e-05
313600,5.48958e-05
313856,5.47118e-05
314112,5.46311e-05
314368,5.46311e-05
314624,5.46311e-05
314880,5.46311e-05
315136,5.46311e-05
315392,5.46311e-05
315648,5.46311e-05
315904,5.46311e-05
316160,5.46311e-05
316416,5.46311e-05
316672,5.46311e-05
316928,5.46311e-05
317184,5.46311e-05
317440,5.46311e-05
317696,5.46311e-05
317952,5.46311e-05
318208,5.46311e-05
318464,5.46311e-05
318720,5.46311e-05
318976,5.46311e-05
319232,5.45775e-05
319488,5.45159e-05
319744,5.44542e-05
320000,5.44108e-05
320256,5.44108e-05
320512,5.44108e-05
320768,5.44108e-05
321024,5.44108e-05
321280,5.44108e-05
321536,5.44108e-05
321792,5.44108e-05
322048,5.44108e-05
322304,5.4316e-05
322560,5.40679e-05
322816,5.39702e-05
323072,5.39702e-05
323328,5.39702e-05
323584,5.39658e-05
323840,5.39035e-05
324096,5.38601e-05
324352,5.38601e-05
324608,5.38601e-05
324864,5.38601e-05
325120,5.38601e-05
325376,5.38601e-05
325632,5.38601e-05
325888,5.38448e-05
326144,5.37824e-05
326400,5.37499e-05
326656,5.37499e-05
326912,5.37499e-05
327168,5.37499e-05
327424,5.35698e-05
327680,5.34195e-05
327936,5.34195e-05
328192,5.34195e-05
328448,5.34195e-05
328704,5.34195e-05
328960,5.34195e-05
329216,5.34195e-05
329472,5.34195e-05
329728,5.34195e-05
329984,5.34195e-05
330240,5.34195e-05
330496,5.34195e-05
330752,5.34195e-05
331008,5.33597e-05
331264,5.33093e-05
331520,5.33093e-05
331776,5.33093e-05
332032,5.33093e-05
332288,5.33093e-05
332544,5.33093e-05
332800,5.32487e-05
333056,5.31992e-05
333312,5.31992e-05
333568,5.31992e-05
333824,5.31992e-05
334080,5.31531e-05
334336,5.30898e-05
334592,5.3089e-05
334848,5.3089e-05
335104,5.3089e-05
335360,5.30569e-05
335616,5.29935e-05
335872,5.29789e-05
336128,5.29789e-05
336384,5.29789e-05
336640,5.296e-05
336896,5.28965e-05
337152,5.28329e-05
337408,5.27692e-05
337664,5.27586e-05
337920,5.27586e-05
338176,5.27586e-05
338432,5.27586e-05
338688,5.27586e-05
338944,5.27586e-05
339200,5.27586e-05
339456,5.27586e-05
339712,5.27586e-05
339968,5.27586e-05
340224,5.27586e-05
340480,5.27586e-05
340736,5.27586e-05
340992,5.27586e-05
341248,5.27586e-05
341504,5.27586e-05
341760,5.27586e-05
342016,5.27586e-05
342272,5.27586e-05
342528,5.27586e-05
342784,5.27586e-05
343040,5.27586e-05
343296,5.27586e-05
343552,5.27586e-05
343808,5.27586e-05
344064,5.27586e-05
344320,5.27586e-05
344576,5.27586e-05
344832,5.27586e-05
345088,5.27586e-05
345344,5.27586e-05
345600,5.27586e-05
345856,5.27586e-05
346112,5.27586e-05
346368,5.27586e-05
346624,5.27586e-05
346880,5.27586e-05
347136,5.27586e-05
347392,5.27586e-05
347648,5.27586e-05
347904,5.27586e-05
348160,5.27368e-05
348416,5.2673e-05
348672,5.26091e-05
348928,5.25452e-05
349184,5.25383e-05
349440,5.25383e-05
349696,5.25383e-05
349952,5.25383e-05
350208,5.25383e-05
350464,5.25383e-05
350720,5.25379e-05
350976,5.24739e-05
351232,5.24282e-05
351488,5.24282e-05
351744,5.24282e-05
352000,5.24282e-05
352256,5.24282e-05
352512,5.24197e-05
352768,5.23555e-05
353024,5.2318e-05
353280,5.2318e-05
353536,5.2318e-05
353792,5.2318e-05
354048,5.2318e-05
354304,5.2318e-05
354560,5.2318e-05
354816,5.2318e-05
355072,5.2318e-05
355328,5.2318e-05
355584,5.2318e-05
355840,5.2318e-05
356096,5.2318e-05
356352,5.2318e-05
356608,5.2318e-05
356864,5.2318e-05
357120,5.2318e-05
357376,5.2318e-05
357632,5.2318e-05
357888,5.2318e-05
358144,5.2318e-05
358400,5.2318e-05
358656,5.2318e-05
358912,5.2318e-05
359168,5.2318e-05
359424,5.2318e-05
359680,5.2318e-05
359936,5.2318e-05
360192,5.2318e-05
360448,5.2318e-05
360704,5.2318e-05
360960,5.2318e-05
361216,5.2318e-05
361472,5.2318e-05
361728,5.2318e-05
361984,5.2318e-05
362240,5.2318e-05
362496,5.2318e-05
362752,5.2318e-05
363008,5.2318e-05
363264,5.2318e-05
363520,5.23093e-05
363776,5.22772e-05
364032,5.2245e-05
364288,5.22128e-05
364544,5.22079e-05
364800,5.22079e-05
365056,5.22079e-05
365312,5.22079e-05
365568,5.22079e-05
365824,5.22079e-05
366080,5.22079e-05
366336,5.22079e-05
366592,5.22079e-05
366848,5.22079e-05
367104,5.22079e-05
367360,5.22079e-05
367616,5.22079e-05
367872,5.22079e-05
368128,5.22079e-05
368384,5.22079e-05
368640,5.22079e-05
368896,5.22079e-05
369152,5.22079e-05
369408,5.22079e-05
369664,5.22079e-05
369920,5.22079e-05
370176,5.22079e-05
370432,5.22079e-05
370688,5.22079e-05
370944,5.22079e-05
371200,5.22079e-05
371456,5.22079e-05
371712,5.22079e-05
371968,5.22079e-05
372224,5.22079e-05
372480,5.22079e-05
372736,5.22079e-05
372992,5.22079e-05
373248,5.21875e-05
373504,5.21553e-05
373760,5.21231e-05
374016,5.20977e-05
374272,5.20977e-05
374528,5.20977e-05
374784,5.20977e-05
375040,5.20977e-05
375296,5.20977e-05
375552,5.20977e-05
375808,5.20729e-05
376064,5.20083e-05
376320,5.19436e-05
376576,5.18789e-05
376832,5.18774e-05
377088,5.18774e-05
377344,5.18774e-05
377600,5.18774e-05
377856,5.18774e-05
378112,5.18774e-05
378368,5.18774e-05
378624,5.18774e-05
378880,5.18774e-05
379136,5.18774e-05
379392,5.18774e-05
379648,5.18774e-05
379904,5.18774e-05
380160,5.18774e-05
380416,5.18774e-05
380672,5.18774e-05
380928,5.18774e-05
381184,5.18774e-05
381440,5.18774e-05
381696,5.18774e-05
381952,5.18774e-05
382208,5.18774e-05
382464,5.18774e-05
382720,5.18774e-05
382976,5.18774e-05
383232,5.18774e-05
383488,5.18774e-05
383744,5.18774e-05
384000,5.18774e-05
384256,5.18774e-05
384512,5.18651e-05
384768,5.18327e-05
385024,5.18003e-05
385280,5.17678e-05
385536,5.17673e-05
385792,5.17673e-05
386048,5.17673e-05
386304,5.17673e-05
386560,5.17673e-05
386816,5.17673e-05
387072,5.17609e-05
387328,5.17284e-05
387584,5.16959e-05
387840,5.16634e-05
388096,5.16571e-05
388352,5.16571e-05
388608,5.16571e-05
388864,5.16571e-05
389120,5.16571e-05
389376,5.16571e-05
389632,5.16571e-05
389888,5.16571e-05
390144,5.16571e-05
390400,5.16571e-05
390656,5.16571e-05
390912,5.16571e-05
391168,5.16571e-05
391424,5.16571e-05
391680,5.16571e-05
391936,5.16571e-05
392192,5.16571e-05
392448,5.16571e-05
392704,5.16571e-05
392960,5.16571e-05
393216,5.1641e-05
393472,5.16084e-05
393728,5.15759e-05
393984,5.1547e-05
394240,5.1547e-05
394496,5.1547e-05
394752,5.1547e-05
395008,5.1523e-05
395264,5.14903e-05
395520,5.14577e-05
395776,5.14132e-05
396032,5.13478e-05
396288,5.12823e-05
396544,5.12167e-05
396800,5.12166e-05
397056,5.12166e-05
397312,5.12166e-05
397568,5.12166e-05
397824,5.12166e-05
398080,5.12166e-05
398336,5.12072e-05
398592,5.11744e-05
398848,5.11415e-05
399104,5.11086e-05
399360,5.11064e-05
399616,5.11064e-05
399872,5.11064e-05
400128,5.11064e-05
400384,5.11064e-05
400640,5.11064e-05
400896,5.11064e-05
401152,5.11064e-05
401408,5.11064e-05
401664,5.11064e-05
401920,5.10482e-05
402176,5.09823e-05
402432,5.09164e-05
402688,5.08861e-05
402944,5.08861e-05
403200,5.08861e-05
403456,5.08861e-05
403712,5.08861e-05
403968,5.08861e-05
404224,5.08861e-05
404480,5.08861e-05
404736,5.08861e-05
404992,5.08861e-05
405248,5.08861e-05
405504,5.08861e-05
405760,5.08861e-05
406016,5.08861e-05
406272,5.08861e-05
406528,5.08861e-05
406784,5.08861e-05
407040,5.08861e-05
407296,5.08861e-05
407552,5.08861e-05
407808,5.08861e-05
408064,5.08861e-05
408320,5.08861e-05
408576,5.08861e-05
408832,5.08861e-05
409088,5.08861e-05
409344,5.08861e-05
409600,5.08861e-05
409856,5.08861e-05
410112,5.08861e-05
410368,5.08861e-05
410624,5.08861e-05
410880,5.08861e-05
411136,5.08797e-05
411392,5.08467e-05
411648,5.08136e-05
411904,5.07805e-05
412160,5.07474e-05
412416,5.07143e-05
412672,5.06811e-05
412928,5.06658e-05
413184,5.06658e-05
413440,5.06658e-05
413696,5.06658e-05
413952,5.06658e-05
414208,5.06658e-05
414464,5.06658e-05
414720,5.06063e-05
414976,5.05398e-05
415232,5.04732e-05
415488,5.04455e-05
415744,5.04455e-05
416000,5.04455e-05
416256,5.04455e-05
416512,5.04455e-05
416768,5.04455e-05
417024,5.04455e-05
417280,5.04455e-05
417536,5.04455e-05
417792,5.04455e-05
418048,5.03789e-05
418304,5.02787e-05
418560,5.01784e-05
418816,5.01151e-05
419072,5.01151e-05
419328,5.01151e-05
419584,5.01151e-05
419840,5.01151e-05
420096,5.01151e-05
420352,5.01151e-05
420608,5.01151e-05
420864,5.01151e-05
421120,5.01151e-05
421376,5.00977e-05
421632,5.00642e-05
421888,5.00306e-05
422144,4.9997e-05
422400,4.99633e-05
422656,4.99297e-05
422912,4.9896e-05
423168,4.98948e-05
423424,4.98948e-05
423680,4.98948e-05
423936,4.98948e-05
424192,4.98948e-05
424448,4.98948e-05
424704,4.98948e-05
424960,4.98948e-05
425216,4.98948e-05
425472,4.98948e-05
425728,4.98948e-05
425984,4.98948e-05
426240,4.98948e-05
426496,4.9865e-05
426752,4.98313e-05
427008,4.97976e-05
427264,4.97638e-05
427520,4.973e-05
427776,4.96962e-05
428032,4.96745e-05
428288,4.96745e-05
428544,4.96745e-05
428800,4.96745e-05
429056,4.96745e-05
429312,4.96745e-05
429568,4.96745e-05
429824,4.96745e-05
430080,4.96745e-05
430336,4.96745e-05
430592,4.96745e-05
430848,4.96745e-05
431104,4.96745e-05
431360,4.96745e-05
431616,4.96745e-05
431872,4.96745e-05
432128,4.96663e-05
432384,4.95646e-05
432640,4.94628e-05
432896,4.93608e-05
433152,4.93441e-05
433408,4.93441e-05
433664,4.93441e-05
433920,4.93441e-05
434176,4.93441e-05
434432,4.93441e-05
434688,4.93189e-05
434944,4.92507e-05
435200,4.91824e-05
435456,4.91238e-05
435712,4.91238e-05
435968,4.91238e-05
436224,4.91238e-05
436480,4.91238e-05
436736,4.91238e-05
436992,4.91238e-05
437248,4.91238e-05
437504,4.91238e-05
437760,4.91238e-05
438016,4.91238e-05
438272,4.91238e-05
438528,4.91238e-05
438784,4.91238e-05
439040,4.91238e-05
439296,4.91238e-05
439552,4.91238e-05
439808,4.91238e-05
440064,4.91238e-05
440320,4.91238e-05
440576,4.91238e-05
440832,4.91238e-05
441088,4.91238e-05
441344,4.91238e-05
441600,4.91238e-05
441856,4.91238e-05
442112,4.91238e-05
442368,4.91238e-05
442624,4.91238e-05
442880,4.91238e-05
443136,4.91238e-05
443392,4.91238e-05
443648,4.91238e-05
443904,4.91238e-05
444160,4.91238e-05
444416,4.91238e-05
444672,4.91238e-05
444928,4.91238e-05
445184,4.91238e-05
445440,4.91238e-05
445696,4.91238e-05
445952,4.91238e-05
446208,4.91238e-05
446464,4.91238e-05
446720,4.91238e-05
446976,4.91238e-05
447232,4.91238e-05
447488,4.91238e-05
447744,4.91238e-05
448000,4.91238e-05
448256,4.91238e-05
448512,4.91238e-05
448768,4.91021e-05
449024,4.90679e-05
449280,4.90336e-05
449536,4.89993e-05
449792,4.8965e-05
450048,4.89307e-05
450304,4.88963e-05
450560,4.88619e-05
450816,4.88275e-05
451072,4.87931e-05
451328,4.87586e-05
451584,4.87242e-05
451840,4.86897e-05
452096,4.86271e-05
452352,4.85579e-05
452608,4.84886e-05
452864,4.84629e-05
453120,4.84629e-05
453376,4.84629e-05
453632,4.84629e-05
453888,4.84629e-05
454144,4.84629e-05
454400,4.84629e-05
454656,4.84629e-05
454912,4.84629e-05
455168,4.84629e-05
455424,4.84629e-05
455680,4.84629e-05
455936,4.84629e-05
456192,4.84629e-05
456448,4.84629e-05
456704,4.84629e-05
456960,4.84109e-05
457216,4.83414e-05
457472,4.82719e-05
457728,4.82426e-05
457984,4.82426e-05
458240,4.82426e-05
458496,4.82426e-05
458752,4.82426e-05
459008,4.82426e-05
459264,4.82426e-05
459520,4.82426e-05
459776,4.82426e-05
460032,4.82426e-05
460288,4.82426e-05
460544,4.82426e-05
460800,4.82426e-05
461056,4.82426e-05
461312,4.82426e-05
461568,4.82426e-05
461824,4.81888e-05
462080,4.8119e-05
462336,4.80491e-05
462592,4.80223e-05
462848,4.80223e-05
463104,4.80223e-05
463360,4.80223e-05
463616,4.80223e-05
463872,4.80223e-05
464128,4.80223e-05
464384,4.80223e-05
464640,4.80223e-05
464896,4.80223e-05
465152,4.80223e-05
465408,4.80223e-05
465664,4.80223e-05
465920,4.80223e-05
466176,4.80223e-05
466432,4.80223e-05
466688,4.80223e-05
466944,4.80223e-05
467200,4.80223e-05
467456,4.80223e-05
467712,4.80223e-05
467968,4.80223e-05
468224,4.80223e-05
468480,4.80223e-05
468736,4.80223e-05
468992,4.80223e-05
469248,4.80223e-05
469504,4.80223e-05
469760,4.80121e-05
470016,4.7977e-05
470272,4.7942e-05
470528,4.79122e-05
470784,4.79122e-05
471040,4.79122e-05
471296,4.79122e-05
471552,4.79122e-05
471808,4.79122e-05
472064,4.79122e-05
472320,4.78511e-05
472576,4.77808e-05
472832,4.77104e-05
473088,4.76919e-05
473344,4.76919e-05
473600,4.76919e-05
473856,4.76919e-05
474112,4.76919e-05
474368,4.76919e-05
474624,4.76919e-05
474880,4.76919e-05
475136,4.76919e-05
475392,4.76919e-05
475648,4.76919e-05
475904,4.76919e-05
476160,4.76919e-05
476416,4.76919e-05
476672,4.76919e-05
476928,4.76919e-05
477184,4.76919e-05
477440,4.76919e-05
477696,4.76919e-05
477952,4.76919e-05
478208,4.76919e-05
478464,4.76919e-05
478720,4.76919e-05
478976,4.76919e-05
479232,4.76919e-05
479488,4.76919e-05
479744,4.76919e-05
480000,4.76919e-05
480256,4.76919e-05
480512,4.76919e-05
480768,4.76919e-05
481024,4.76919e-05
481280,4.76919e-05
481536,4.76919e-05
481792,4.76919e-05
482048,4.76919e-05
482304,4.76919e-05
482560,4.76919e-05
482816,4.76919e-05
483072,4.76919e-05
483328,4.76845e-05
483584,4.7614e-05
483840,4.75433e-05
484096,4.74725e-05
484352,4.74716e-05
484608,4.74716e-05
484864,4.74716e-05
485120,4.74096e-05
485376,4.73386e-05
485632,4.72675e-05
485888,4.72513e-05
486144,4.72513e-05
486400,4.72513e-05
486656,4.71792e-05
486912,4.70722e-05
487168,4.6965e-05
487424,4.69208e-05
487680,4.69208e-05
487936,4.69208e-05
488192,4.6884e-05
488448,4.68123e-05
488704,4.67404e-05
488960,4.67005e-05
489216,4.67005e-05
489472,4.67005e-05
489728,4.66728e-05
489984,4.66007e-05
490240,4.65285e-05
490496,4.64803e-05
490752,4.64803e-05
491008,4.64803e-05
491264,4.64803e-05
491520,4.64803e-05
491776,4.64803e-05
492032,4.64803e-05
492288,4.64803e-05
492544,4.64803e-05
492800,4.64803e-05
493056,4.64803e-05
493312,4.64803e-05
493568,4.64803e-05
493824,4.64803e-05
494080,4.64803e-05
494336,4.64803e-05
494592,4.64803e-05
494848,4.64803e-05
495104,4.64803e-05
495360,4.64803e-05
495616,4.64803e-05
495872,4.64803e-05
496128,4.64803e-05
496384,4.64803e-05
496640,4.64803e-05
496896,4.64803e-05
497152,4.64803e-05
497408,4.64803e-05
497664,4.64803e-05
497920,4.64803e-05
498176,4.64803e-05
498432,4.64803e-05
498688,4.64803e-05
498944,4.64803e-05
499200,4.64803e-05
499456,4.64803e-05
499712,4.64803e-05
499968,4.64803e-05
500224,4.64803e-05
500480,4.64803e-05
500736,4.64803e-05
500992,4.64803e-05
501248,4.64803e-05
501504,4.64803e-05
501760,4.64803e-05
502016,4.64803e-05
502272,4.64803e-05
502528,4.64803e-05
502784,4.64803e-05
503040,4.64588e-05
503296,4.64226e-05
503552,4.63864e-05
503808,4.63701e-05
504064,4.63701e-05
504320,4.63701e-05
504576,4.63701e-05
504832,4.63701e-05
505088,4.63701e-05
505344,4.63701e-05
505600,4.63701e-05
505856,4.63701e-05
506112,4.63701e-05
506368,4.63701e-05
506624,4.63701e-05
506880,4.63558e-05
507136,4.63195e-05
507392,4.62832e-05
507648,4.626e-05
507904,4.626e-05
508160,4.626e-05
508416,4.626e-05
508672,4.626e-05
508928,4.626e-05
509184,4.626e-05
509440,4.626e-05
509696,4.626e-05
509952,4.626e-05
510208,4.626e-05
510464,4.626e-05
510720,4.62515e-05
510976,4.62151e-05
511232,4.61787e-05
511488,4.61498e-05
511744,4.61498e-05
512000,4.61498e-05
512256,4.61432e-05
512512,4.61068e-05
512768,4.60703e-05
513024,4.60397e-05
513280,4.60397e-05
513536,4.60397e-05
513792,4.60344e-05
514048,4.59979e-05
514304,4.59614e-05
514560,4.59295e-05
514816,4.59295e-05
515072,4.59295e-05
515328,4.59252e-05
515584,4.58885e-05
515840,4.58519e-05
516096,4.58194e-05
516352,4.58194e-05
516608,4.58194e-05
516864,4.58153e-05
517120,4.57786e-05
517376,4.57419e-05
517632,4.57051e-05
517888,4.56684e-05
518144,4.56315e-05
518400,4.55947e-05
518656,4.55578e-05
518912,4.55209e-05
519168,4.54889e-05
519424,4.54889e-05
519680,4.54889e-05
519936,4.54776e-05
520192,4.54037e-05
520448,4.53296e-05
520704,4.52686e-05
520960,4.52686e-05
521216,4.52686e-05
521472,4.52686e-05
521728,4.52686e-05
521984,4.52686e-05
522240,4.52686e-05
522496,4.52686e-05
522752,4.52686e-05
523008,4.52686e-05
523264,4.52686e-05
523520,4.52686e-05
523776,4.52686e-05
524032,4.52686e-05
524288,4.52686e-05
524544,4.5243e-05
524800,4.51686e-05
525056,4.50941e-05
525312,4.50483e-05
525568,4.50483e-05
525824,4.50483e-05
526080,4.50483e-05
526336,4.50483e-05
526592,4.50483e-05
526848,4.50483e-05
527104,4.50483e-05
527360,4.50483e-05
527616,4.50483e-05
527872,4.50483e-05
528128,4.50483e-05
528384,4.50268e-05
528640,4.49895e-05
528896,4.49521e-05
529152,4.49382e-05
529408,4.49382e-05
529664,4.49382e-05
529920,4.49382e-05
530176,4.49382e-05
530432,4.49382e-05
530688,4.49382e-05
530944,4.49382e-05
531200,4.49382e-05
531456,4.49382e-05
531712,4.49382e-05
531968,4.49382e-05
532224,4.49382e-05
532480,4.49382e-05
532736,4.49382e-05
532992,4.49382e-05
533248,4.49382e-05
533504,4.49382e-05
533760,4.49024e-05
534016,4.48649e-05
534272,4.48268e-05
534528,4.47518e-05
534784,4.46766e-05
535040,4.46078e-05
535296,4.46078e-05
535552,4.46078e-05
535808,4.46078e-05
536064,4.46078e-05
536320,4.46078e-05
536576,4.46078e-05
536832,4.46078e-05
537088,4.46078e-05
537344,4.46078e-05
537600,4.46078e-05
537856,4.46078e-05
538112,4.46078e-05
538368,4.46078e-05
538624,4.46078e-05
538880,4.46078e-05
539136,4.46078e-05
539392,4.46078e-05
539648,4.46078e-05
539904,4.46078e-05
540160,4.46078e-05
540416,4.46078e-05
540672,4.46078e-05
540928,4.46078e-05
541184,4.46078e-05
541440,4.46078e-05
541696,4.46078e-05
541952,4.45786e-05
542208,4.45408e-05
542464,4.45031e-05
542720,4.44976e-05
542976,4.44976e-05
543232,4.44976e-05
543488,4.44621e-05
543744,4.44243e-05
544000,4.43865e-05
544256,4.43486e-05
544512,4.43107e-05
544768,4.42727e-05
545024,4.42348e-05
545280,4.41967e-05
545536,4.41587e-05
545792,4.41206e-05
546048,4.40825e-05
546304,4.40444e-05
546560,4.40062e-05
546816,4.3968e-05
547072,4.39469e-05
547328,4.39469e-05
547584,4.39469e-05
547840,4.39252e-05
548096,4.38869e-05
548352,4.38486e-05
548608,4.37837e-05
548864,4.37068e-05
549120,4.36299e-05
549376,4.36164e-05
549632,4.36164e-05
549888,4.36164e-05
550144,4.36164e-05
550400,4.36164e-05
550656,4.36164e-05
550912,4.36164e-05
551168,4.36164e-05
551424,4.36164e-05
551680,4.36164e-05
551936,4.36164e-05
552192,4.36164e-05
552448,4.36164e-05
552704,4.36164e-05
552960,4.36164e-05
553216,4.36164e-05
553472,4.36164e-05
553728,4.36164e-05
553984,4.36164e-05
554240,4.36164e-05
554496,4.36164e-05
554752,4.36164e-05
555008,4.36164e-05
555264,4.36164e-05
555520,4.36164e-05
555776,4.36164e-05
556032,4.36164e-05
556288,4.36164e-05
556544,4.36164e-05
556800,4.36164e-05
557056,4.36164e-05
557312,4.36164e-05
557568,4.36164e-05
557824,4.36164e-05
558080,4.35962e-05
558336,4.35577e-05
558592,4.35191e-05
558848,4.35063e-05
559104,4.35063e-05
559360,4.35063e-05
559616,4.34747e-05
559872,4.3436e-05
560128,4.33973e-05
560384,4.33585e-05
560640,4.33198e-05
560896,4.3286e-05
561152,4.3286e-05
561408,4.3286e-05
561664,4.3286e-05
561920,4.3286e-05
562176,4.3286e-05
562432,4.32683e-05
562688,4.32294e-05
562944,4.31905e-05
563200,4.31759e-05
563456,4.31759e-05
563712,4.31759e-05
563968,4.31449e-05
564224,4.3106e-05
564480,4.3067e-05
564736,4.30279e-05
564992,4.29888e-05
565248,4.29556e-05
565504,4.29556e-05
565760,4.29556e-05
566016,4.29556e-05
566272,4.29556e-05
566528,4.29556e-05
566784,4.29556e-05
567040,4.29556e-05
567296,4.29556e-05
567552,4.29556e-05
567808,4.29556e-05
568064,4.29556e-05
568320,4.29556e-05
568576,4.29556e-05
568832,4.29556e-05
569088,4.29556e-05
569344,4.29556e-05
569600,4.29556e-05
569856,4.29556e-05
570112,4.29556e-05
570368,4.29556e-05
570624,4.29556e-05
570880,4.29556e-05
571136,4.29556e-05
571392,4.29556e-05
571648,4.29556e-05
571904,4.29556e-05
572160,4.29556e-05
572416,4.29556e-05
572672,4.29556e-05
572928,4.29556e-05
573184,4.2952e-05
573440,4.29324e-05
573696,4.29128e-05
573952,4.28932e-05
574208,4.28737e-05
574464,4.2854e-05
574720,4.28454e-05
574976,4.28454e-05
575232,4.28454e-05
575488,4.28454e-05
575744,4.28454e-05
576000,4.28454e-05
576256,4.28269e-05
576512,4.28073e-05
576768,4.27876e-05
577024,4.2768e-05
577280,4.27483e-05
577536,4.27287e-05
577792,4.2709e-05
578048,4.26893e-05
578304,4.26696e-05
578560,4.26499e-05
578816,4.26302e-05
579072,4.26251e-05
579328,4.26251e-05
579584,4.26251e-05
579840,4.26251e-05
580096,4.26251e-05
580352,4.26251e-05
580608,4.26251e-05
580864,4.26251e-05
581120,4.26251e-05
581376,4.26251e-05
581632,4.26251e-05
581888,4.26251e-05
582144,4.26251e-05
582400,4.26251e-05
582656,4.26251e-05
582912,4.26251e-05
583168,4.26251e-05
583424,4.25865e-05
583680,4.2547e-05
583936,4.25074e-05
584192,4.24679e-05
584448,4.24283e-05
584704,4.24048e-05
584960,4.24048e-05
585216,4.24048e-05
585472,4.24048e-05
585728,4.24048e-05
585984,4.24048e-05
586240,4.2388e-05
586496,4.23682e-05
586752,4.23483e-05
587008,4.23285e-05
587264,4.23086e-05
587520,4.22947e-05
587776,4.22947e-05
588032,4.22947e-05
588288,4.22947e-05
588544,4.22947e-05
588800,4.22947e-05
589056,4.22947e-05
589312,4.22947e-05
589568,4.22947e-05
589824,4.22947e-05
590080,4.22947e-05
590336,4.22947e-05
590592,4.22947e-05
590848,4.22947e-05
591104,4.22947e-05
591360,4.22947e-05
591616,4.22947e-05
591872,4.22681e-05
592128,4.22284e-05
592384,4.21885e-05
592640,4.21487e-05
592896,4.21088e-05
593152,4.20744e-05
593408,4.20744e-05
593664,4.20744e-05
593920,4.20744e-05
594176,4.20744e-05
594432,4.20744e-05
594688,4.20744e-05
594944,4.20744e-05
595200,4.20744e-05
595456,4.20744e-05
595712,4.20744e-05
595968,4.20744e-05
596224,4.20744e-05
596480,4.20744e-05
596736,4.20744e-05
596992,4.20744e-05
597248,4.20744e-05
597504,4.20744e-05
597760,4.20744e-05
598016,4.20744e-05
598272,4.20744e-05
598528,4.20744e-05
598784,4.20744e-05
599040,4.20744e-05
599296,4.20744e-05
599552,4.20744e-05
599808,4.20744e-05
600064,4.20744e-05
600320,4.20744e-05
600576,4.20744e-05
600832,4.20744e-05
601088,4.20744e-05
601344,4.20744e-05
601600,4.20734e-05
601856,4.20534e-05
602112,4.20334e-05
602368,4.20134e-05
602624,4.19934e-05
602880,4.19734e-05
603136,4.19642e-05
603392,4.19642e-05
603648,4.19642e-05
603904,4.19642e-05
604160,4.19642e-05
604416,4.19634e-05
604672,4.19434e-05
604928,4.19233e-05
605184,4.19033e-05
605440,4.18832e-05
605696,4.18631e-05
605952,4.18431e-05
606208,4.1823e-05
606464,4.18029e-05
606720,4.17828e-05
606976,4.17627e-05
607232,4.17439e-05
607488,4.17439e-05
607744,4.17439e-05
608000,4.17439e-05
608256,4.17439e-05
608512,4.17439e-05
608768,4.17439e-05
609024,4.17439e-05
609280,4.17439e-05
609536,4.17439e-05
609792,4.17439e-05
610048,4.17414e-05
610304,4.17212e-05
610560,4.17011e-05
610816,4.16809e-05
611072,4.16608e-05
611328,4.16406e-05
611584,4.16204e-05
611840,4.16002e-05
612096,4.158e-05
612352,4.15598e-05
612608,4.15396e-05
612864,4.15237e-05
613120,4.15237e-05
613376,4.15237e-05
613632,4.15237e-05
613888,4.15237e-05
614144,4.15237e-05
614400,4.15237e-05
614656,4.15237e-05
614912,4.15237e-05
615168,4.15237e-05
615424,4.15237e-05
615680,4.15237e-05
615936,4.15237e-05
616192,4.15237e-05
616448,4.15237e-05
616704,4.15237e-05
616960,4.15237e-05
617216,4.14878e-05
617472,4.14473e-05
617728,4.14067e-05
617984,4.13661e-05
618240,4.13254e-05
618496,4.13034e-05
618752,4.13034e-05
619008,4.13034e-05
619264,4.13034e-05
619520,4.13034e-05
619776,4.13025e-05
620032,4.12821e-05
620288,4.12618e-05
620544,4.12414e-05
620800,4.1221e-05
621056,4.12006e-05
621312,4.11932e-05
621568,4.11932e-05
621824,4.11932e-05
622080,4.11932e-05
622336,4.11932e-05
622592,4.11932e-05
622848,4.11932e-05
623104,4.11932e-05
623360,4.11932e-05
623616,4.11932e-05
623872,4.11932e-05
624128,4.11761e-05
624384,4.11557e-05
624640,4.11353e-05
624896,4.11148e-05
625152,4.10944e-05
625408,4.10739e-05
625664,4.10535e-05
625920,4.1033e-05
626176,4.10125e-05
626432,4.0992e-05
626688,4.09729e-05
626944,4.09729e-05
627200,4.09729e-05
627456,4.09729e-05
627712,4.09729e-05
627968,4.09729e-05
628224,4.09729e-05
628480,4.09729e-05
628736,4.09729e-05
628992,4.09729e-05
629248,4.09729e-05
629504,4.09729e-05
629760,4.09729e-05
630016,4.09729e-05
630272,4.09729e-05
630528,4.09729e-05
630784,4.09729e-05
631040,4.09729e-05
631296,4.09729e-05
631552,4.09729e-05
631808,4.09729e-05
632064,4.09729e-05
632320,4.09729e-05
632576,4.09729e-05
632832,4.09729e-05
633088,4.09729e-05
633344,4.09729e-05
633600,4.09685e-05
633856,4.0948e-05
634112,4.09274e-05
634368,4.09069e-05
634624,4.08863e-05
634880,4.08658e-05
635136,4.08628e-05
635392,4.08628e-05
635648,4.08628e-05
635904,4.08628e-05
636160,4.08628e-05
636416,4.08628e-05
636672,4.08628e-05
636928,4.08628e-05
637184,4.08628e-05
637440,4.08628e-05
637696,4.08628e-05
637952,4.08628e-05
638208,4.08628e-05
638464,4.08628e-05
638720,4.08628e-05
638976,4.08628e-05
639232,4.08628e-05
639488,4.08628e-05
639744,4.08628e-05
640000,4.08628e-05
640256,4.08628e-05
640512,4.08628e-05
640768,4.08628e-05
641024,4.08628e-05
641280,4.08628e-05
641536,4.08628e-05
641792,4.08628e-05
642048,4.08628e-05
642304,4.08628e-05
642560,4.08628e-05
642816,4.08628e-05
643072,4.08628e-05
643328,4.08628e-05
643584,4.08628e-05
643840,4.08628e-05
644096,4.08628e-05
644352,4.08628e-05
644608,4.08628e-05
644864,4.08628e-05
645120,4.08628e-05
645376,4.08628e-05
645632,4.08628e-05
645888,4.08628e-05
646144,4.08628e-05
646400,4.08628e-05
646656,4.08628e-05
646912,4.08628e-05
647168,4.08628e-05
647424,4.08494e-05
647680,4.08288e-05
647936,4.08082e-05
648192,4.07876e-05
648448,4.0767e-05
648704,4.07526e-05
648960,4.07526e-05
649216,4.07526e-05
649472,4.07526e-05
649728,4.07526e-05
649984,4.07526e-05
650240,4.07328e-05
650496,4.07122e-05
650752,4.06915e-05
651008,4.06709e-05
651264,4.06502e-05
651520,4.06425e-05
651776,4.06425e-05
652032,4.06425e-05
652288,4.06425e-05
652544,4.06425e-05
652800,4.06425e-05
653056,4.06425e-05
653312,4.06425e-05
653568,4.06425e-05
653824,4.06425e-05
654080,4.06425e-05
654336,4.06425e-05
654592,4.06425e-05
654848,4.06425e-05
655104,4.06425e-05
655360,4.06425e-05
655616,4.06425e-05
655872,4.06425e-05
656128,4.06425e-05
656384,4.06425e-05
656640,4.06425e-05
656896,4.06425e-05
657152,4.06425e-05
657408,4.06425e-05
657664,4.06425e-05
657920,4.06425e-05
658176,4.06425e-05
658432,4.06425e-05
658688,4.06425e-05
658944,4.06425e-05
659200,4.06425e-05
659456,4.06425e-05
659712,4.06151e-05
659968,4.05737e-05
660224,4.05322e-05
660480,4.04907e-05
660736,4.04492e-05
660992,4.04149e-05
661248,4.03941e-05
661504,4.03733e-05
661760,4.03525e-05
662016,4.03316e-05
662272,4.0312e-05
662528,4.0312e-05
662784,4.0312e-05
663040,4.0312e-05
663296,4.0312e-05
663552,4.0312e-05
663808,4.0312e-05
664064,4.0312e-05
664320,4.0312e-05
664576,4.0312e-05
664832,4.0312e-05
665088,4.03018e-05
665344,4.02809e-05
665600,4.02601e-05
665856,4.02392e-05
666112,4.02183e-05
666368,4.02019e-05
666624,4.02019e-05
666880,4.02019e-05
667136,4.02019e-05
667392,4.02019e-05
667648,4.02019e-05
667904,4.02019e-05
668160,4.02019e-05
668416,4.02019e-05
668672,4.02019e-05
668928,4.02019e-05
669184,4.02019e-05
669440,4.02019e-05
669696,4.02019e-05
669952,4.02019e-05
670208,4.02019e-05
670464,4.01849e-05
670720,4.0143e-05
670976,4.01011e-05
671232,4.00592e-05
671488,4.00172e-05
671744,3.99784e-05
672000,3.99574e-05
672256,3.99363e-05
672512,3.99153e-05
672768,3.98942e-05
673024,3.98732e-05
673280,3.98521e-05
673536,3.9831e-05
673792,3.98099e-05
674048,3.97888e-05
674304,3.97676e-05
674560,3.97317e-05
674816,3.96894e-05
675072,3.9647e-05
675328,3.96046e-05
675584,3.95621e-05
675840,3.9541e-05
676096,3.9541e-05
676352,3.9541e-05
676608,3.9541e-05
676864,3.9541e-05
677120,3.9541e-05
677376,3.9541e-05
677632,3.9541e-05
677888,3.9541e-05
678144,3.9541e-05
678400,3.95352e-05
678656,3.94926e-05
678912,3.94501e-05
679168,3.94074e-05
679424,3.93648e-05
679680,3.9322e-05
679936,3.93207e-05
680192,3.93207e-05
680448,3.93207e-05
680704,3.93207e-05
680960,3.93207e-05
681216,3.93033e-05
681472,3.92819e-05
681728,3.92605e-05
681984,3.92391e-05
682240,3.92177e-05
682496,3.91819e-05
682752,3.9139e-05
683008,3.9096e-05
683264,3.9053e-05
683520,3.90099e-05
683776,3.89786e-05
684032,3.8957e-05
684288,3.89354e-05
684544,3.89138e-05
684800,3.88922e-05
685056,3.88801e-05
685312,3.88801e-05
685568,3.88801e-05
685824,3.88801e-05
686080,3.88801e-05
686336,3.88801e-05
686592,3.88801e-05
686848,3.88801e-05
687104,3.88801e-05
687360,3.88801e-05
687616,3.88801e-05
687872,3.88801e-05
688128,3.88801e-05
688384,3.88801e-05
688640,3.88801e-05
688896,3.88801e-05
689152,3.88801e-05
689408,3.88801e-05
689664,3.88801e-05
689920,3.88801e-05
690176,3.88801e-05
690432,3.88801e-05
690688,3.88801e-05
690944,3.88801e-05
691200,3.88801e-05
691456,3.88801e-05
691712,3.88386e-05
691968,3.87953e-05
692224,3.8752e-05
692480,3.87086e-05
692736,3.86651e-05
692992,3.86407e-05
693248,3.8619e-05
693504,3.85972e-05
693760,3.85754e-05
694016,3.85537e-05
694272,3.85497e-05
694528,3.85497e-05
694784,3.85497e-05
695040,3.85497e-05
695296,3.85497e-05
695552,3.85497e-05
695808,3.85497e-05
696064,3.85497e-05
696320,3.85497e-05
696576,3.85497e-05
696832,3.85342e-05
697088,3.85123e-05
697344,3.84905e-05
697600,3.84687e-05
697856,3.84468e-05
698112,3.84395e-05
698368,3.84395e-05
698624,3.84395e-05
698880,3.84395e-05
699136,3.84395e-05
699392,3.84395e-05
699648,3.84395e-05
699904,3.84395e-05
700160,3.84395e-05
700416,3.84395e-05
700672,3.84395e-05
700928,3.84395e-05
701184,3.84395e-05
701440,3.84395e-05
701696,3.84395e-05
701952,3.84395e-05
702208,3.84395e-05
702464,3.84395e-05
702720,3.84395e-05
702976,3.84395e-05
703232,3.84395e-05
703488,3.84395e-05
703744,3.84395e-05
704000,3.84395e-05
704256,3.84395e-05
704512,3.84292e-05
704768,3.84073e-05
705024,3.83854e-05
705280,3.83635e-05
705536,3.83416e-05
705792,3.83294e-05
706048,3.83294e-05
706304,3.83294e-05
706560,3.83294e-05
706816,3.83294e-05
707072,3.83202e-05
707328,3.82982e-05
707584,3.82763e-05
707840,3.82543e-05
708096,3.82324e-05
708352,3.82104e-05
708608,3.81884e-05
708864,3.81664e-05
709120,3.81443e-05
709376,3.81223e-05
709632,3.81003e-05
709888,3.80782e-05
710144,3.80561e-05
710400,3.8034e-05
710656,3.80119e-05
710912,3.79898e-05
711168,3.79677e-05
711424,3.79455e-05
711680,3.79234e-05
711936,3.79012e-05
712192,3.78693e-05
712448,3.78249e-05
712704,3.77804e-05
712960,3.77359e-05
713216,3.76913e-05
713472,3.76685e-05
713728,3.76685e-05
713984,3.76685e-05
714240,3.76685e-05
714496,3.76685e-05
714752,3.76562e-05
715008,3.76339e-05
715264,3.76116e-05
715520,3.75892e-05
715776,3.75669e-05
716032,3.75584e-05
716288,3.75584e-05
716544,3.75584e-05
716800,3.75584e-05
717056,3.75584e-05
717312,3.75271e-05
717568,3.74823e-05
717824,3.74374e-05
718080,3.73925e-05
718336,3.73475e-05
718592,3.73381e-05
718848,3.73381e-05
719104,3.73381e-05
719360,3.73381e-05
719616,3.73381e-05
719872,3.73179e-05
720128,3.72954e-05
720384,3.72728e-05
720640,3.72503e-05
720896,3.72279e-05
721152,3.72279e-05
721408,3.72279e-05
721664,3.72279e-05
721920,3.72279e-05
722176,3.72279e-05
722432,3.72279e-05
722688,3.72279e-05
722944,3.72279e-05
723200,3.72279e-05
723456,3.72279e-05
723712,3.72279e-05
723968,3.72279e-05
724224,3.72279e-05
724480,3.72279e-05
724736,3.72279e-05
724992,3.72279e-05
725248,3.72279e-05
725504,3.72279e-05
725760,3.72279e-05
726016,3.72279e-05
726272,3.72279e-05
726528,3.72279e-05
726784,3.72279e-05
727040,3.72279e-05
727296,3.72279e-05
727552,3.72279e-05
727808,3.72279e-05
728064,3.72279e-05
728320,3.72279e-05
728576,3.72279e-05
728832,3.72279e-05
729088,3.72279e-05
729344,3.72279e-05
729600,3.72279e-05
729856,3.72087e-05
730112,3.71861e-05
730368,3.71635e-05
730624,3.71409e-05
730880,3.71182e-05
731136,3.70956e-05
731392,3.70729e-05
731648,3.70503e-05
731904,3.70276e-05
732160,3.70076e-05
732416,3.70076e-05
732672,3.70076e-05
732928,3.70076e-05
733184,3.70076e-05
733440,3.70015e-05
733696,3.69788e-05
733952,3.6956e-05
734208,3.69333e-05
734464,3.69105e-05
734720,3.68975e-05
734976,3.68975e-05
735232,3.68975e-05
735488,3.68975e-05
735744,3.68975e-05
736000,3.6884e-05
736256,3.68612e-05
736512,3.68384e-05
736768,3.68156e-05
737024,3.67928e-05
737280,3.67873e-05
737536,3.67873e-05
737792,3.67873e-05
738048,3.67873e-05
738304,3.67873e-05
738560,3.67873e-05
738816,3.67873e-05
739072,3.67873e-05
739328,3.67873e-05
739584,3.67819e-05
739840,3.67362e-05
740096,3.66904e-05
740352,3.66446e-05
740608,3.65987e-05
740864,3.65671e-05
741120,3.65671e-05
741376,3.65671e-05
741632,3.65671e-05
741888,3.65671e-05
742144,3.65313e-05
742400,3.64622e-05
742656,3.6393e-05
742912,3.63236e-05
743168,3.62542e-05
743424,3.62366e-05
743680,3.62366e-05
743936,3.62366e-05
744192,3.62366e-05
744448,3.62366e-05
744704,3.62366e-05
744960,3.62366e-05
745216,3.62366e-05
745472,3.62366e-05
745728,3.62366e-05
745984,3.62366e-05
746240,3.62366e-05
746496,3.62366e-05
746752,3.62366e-05
747008,3.62366e-05
747264,3.62366e-05
747520,3.62366e-05
747776,3.62366e-05
748032,3.62366e-05
748288,3.62366e-05
748544,3.62366e-05
748800,3.62366e-05
749056,3.62366e-05
749312,3.62366e-05
749568,3.62366e-05
749824,3.62366e-05
750080,3.62366e-05
750336,3.62366e-05
750592,3.62308e-05
750848,3.62076e-05
751104,3.61844e-05
751360,3.61612e-05
751616,3.61379e-05
751872,3.61147e-05
752128,3.60914e-05
752384,3.60681e-05
752640,3.60448e-05
752896,3.60215e-05
753152,3.60163e-05
753408,3.60163e-05
753664,3.60163e-05
753920,3.60163e-05
754176,3.60163e-05
754432,3.60163e-05
754688,3.60163e-05
754944,3.60163e-05
755200,3.60163e-05
755456,3.60163e-05
755712,3.60163e-05
755968,3.60163e-05
756224,3.60163e-05
756480,3.60163e-05
756736,3.60163e-05
756992,3.60163e-05
757248,3.60163e-05
757504,3.60163e-05
757760,3.60163e-05
758016,3.60163e-05
758272,3.60163e-05
758528,3.60163e-05
758784,3.60163e-05
759040,3.60122e-05
759296,3.59889e-05
759552,3.59655e-05
759808,3.59421e-05
760064,3.59188e-05
760320,3.58954e-05
760576,3.58719e-05
760832,3.58485e-05
761088,3.5825e-05
761344,3.58016e-05
761600,3.5796e-05
761856,3.5796e-05
762112,3.5796e-05
762368,3.5796e-05
762624,3.57927e-05
762880,3.57457e-05
763136,3.56986e-05
763392,3.56515e-05
763648,3.56044e-05
763904,3.55664e-05
764160,3.55428e-05
764416,3.55191e-05
764672,3.54955e-05
764928,3.54718e-05
765184,3.54306e-05
765440,3.53831e-05
765696,3.53356e-05
765952,3.5288e-05
766208,3.52428e-05
766464,3.5219e-05
766720,3.51951e-05
766976,3.51712e-05
767232,3.51473e-05
767488,3.51234e-05
767744,3.50995e-05
768000,3.50755e-05
768256,3.50515e-05
768512,3.50276e-05
768768,3.5025e-05
769024,3.5025e-05
769280,3.5025e-05
769536,3.5025e-05
769792,3.5025e-05
770048,3.5025e-05
770304,3.5025e-05
770560,3.5025e-05
770816,3.5025e-05
771072,3.5025e-05
771328,3.5025e-05
771584,3.5025e-05
771840,3.5025e-05
772096,3.5025e-05
772352,3.5025e-05
772608,3.5025e-05
772864,3.5025e-05
773120,3.5025e-05
773376,3.5025e-05
773632,3.5025e-05
773888,3.5025e-05
774144,3.5025e-05
774400,3.5025e-05
774656,3.49799e-05
774912,3.49318e-05
775168,3.48837e-05
775424,3.48354e-05
775680,3.48047e-05
775936,3.48047e-05
776192,3.48047e-05
776448,3.48047e-05
776704,3.48047e-05
776960,3.48047e-05
777216,3.48047e-05
777472,3.48047e-05
777728,3.48047e-05
777984,3.48047e-05
778240,3.48047e-05
778496,3.48047e-05
778752,3.48047e-05
779008,3.48047e-05
779264,3.48047e-05
779520,3.48047e-05
779776,3.48047e-05
780032,3.48047e-05
780288,3.48047e-05
780544,3.48047e-05
780800,3.48047e-05
781056,3.48047e-05
781312,3.48047e-05
781568,3.48047e-05
781824,3.48047e-05
782080,3.48047e-05
782336,3.48047e-05
782592,3.48047e-05
782848,3.48047e-05
783104,3.48047e-05
783360,3.48047e-05
783616,3.48047e-05
783872,3.48047e-05
784128,3.48047e-05
784384,3.48047e-05
784640,3.48047e-05
784896,3.48047e-05
785152,3.48047e-05
785408,3.48047e-05
785664,3.48047e-05
785920,3.48047e-05
786176,3.48047e-05
786432,3.48047e-05
786688,3.48047e-05
786944,3.48047e-05
787200,3.48047e-05
787456,3.47688e-05
787712,3.47204e-05
787968,3.46719e-05
788224,3.46234e-05
788480,3.45844e-05
788736,3.45844e-05
788992,3.45844e-05
789248,3.45844e-05
789504,3.45844e-05
789760,3.45037e-05
790016,3.43817e-05
790272,3.42593e-05
790528,3.41364e-05
790784,3.40337e-05
791040,3.40337e-05
791296,3.40337e-05
791552,3.40337e-05
791808,3.40337e-05
792064,3.40163e-05
792320,3.39915e-05
792576,3.39668e-05
792832,3.39421e-05
793088,3.39235e-05
793344,3.39235e-05
793600,3.39235e-05
793856,3.39235e-05
794112,3.39235e-05
794368,3.39235e-05
794624,3.39235e-05
794880,3.39235e-05
795136,3.39235e-05
795392,3.39235e-05
795648,3.39235e-05
795904,3.39235e-05
796160,3.39235e-05
796416,3.39235e-05
796672,3.39235e-05
796928,3.39235e-05
797184,3.39235e-05
797440,3.39235e-05
797696,3.39004e-05
797952,3.38508e-05
798208,3.38011e-05
798464,3.37514e-05
798720,3.37032e-05
798976,3.37032e-05
799232,3.37032e-05
799488,3.37032e-05
799744,3.37032e-05
800000,3.37032e-05
800256,3.37032e-05
800512,3.37032e-05
800768,3.37032e-05
801024,3.36983e-05
801280,3.36733e-05
801536,3.36484e-05
801792,3.36234e-05
802048,3.35984e-05
802304,3.35734e-05
802560,3.35483e-05
802816,3.35233e-05
803072,3.34982e-05
803328,3.34829e-05
803584,3.34829e-05
803840,3.34829e-05
804096,3.34829e-05
804352,3.34829e-05
804608,3.34829e-05
804864,3.34829e-05
805120,3.34829e-05
805376,3.34829e-05
805632,3.34829e-05
805888,3.34829e-05
806144,3.34829e-05
806400,3.34829e-05
806656,3.34829e-05
806912,3.34829e-05
807168,3.34829e-05
807424,3.34829e-05
807680,3.34829e-05
807936,3.34829e-05
808192,3.34829e-05
808448,3.34829e-05
808704,3.34829e-05
808960,3.34604e-05
809216,3.34101e-05
809472,3.33598e-05
809728,3.33093e-05
809984,3.32607e-05
810240,3.32355e-05
810496,3.32102e-05
810752,3.31849e-05
811008,3.31595e-05
811264,3.31525e-05
811520,3.31525e-05
811776,3.31525e-05
812032,3.31525e-05
812288,3.31525e-05
812544,3.31525e-05
812800,3.31525e-05
813056,3.31525e-05
813312,3.31525e-05
813568,3.31525e-05
813824,3.31525e-05
814080,3.31525e-05
814336,3.31525e-05
814592,3.31351e-05
814848,3.31097e-05
815104,3.30843e-05
815360,3.30589e-05
815616,3.30335e-05
815872,3.3008e-05
816128,3.29826e-05
816384,3.29571e-05
816640,3.29322e-05
816896,3.29322e-05
817152,3.29322e-05
817408,3.29322e-05
817664,3.29322e-05
817920,3.29322e-05
818176,3.29322e-05
818432,3.29322e-05
818688,3.29322e-05
818944,3.29322e-05
819200,3.29322e-05
819456,3.29322e-05
819712,3.29322e-05
819968,3.29303e-05
820224,3.29048e-05
820480,3.28792e-05
820736,3.28536e-05
820992,3.28281e-05
821248,3.28221e-05
821504,3.28221e-05
821760,3.28221e-05
822016,3.28221e-05
822272,3.28221e-05
822528,3.28221e-05
822784,3.28221e-05
823040,3.28221e-05
823296,3.28221e-05
823552,3.28221e-05
823808,3.28221e-05
824064,3.28221e-05
824320,3.28221e-05
824576,3.28221e-05
824832,3.28221e-05
825088,3.28221e-05
825344,3.28221e-05
825600,3.27935e-05
825856,3.27422e-05
826112,3.26908e-05
826368,3.26394e-05
826624,3.25948e-05
826880,3.2569e-05
827136,3.25432e-05
827392,3.25174e-05
827648,3.24913e-05
827904,3.24136e-05
828160,3.23357e-05
828416,3.22577e-05
828672,3.21794e-05
828928,3.21211e-05
829184,3.20687e-05
829440,3.20163e-05
829696,3.19637e-05
829952,3.19409e-05
830208,3.19409e-05
830464,3.19409e-05
830720,3.19409e-05
830976,3.19409e-05
831232,3.19409e-05
831488,3.19409e-05
831744,3.19409e-05
832000,3.19409e-05
832256,3.19409e-05
832512,3.19409e-05
832768,3.19409e-05
833024,3.19407e-05
833280,3.19144e-05
833536,3.18881e-05
833792,3.18617e-05
834048,3.18353e-05
834304,3.18307e-05
834560,3.18307e-05
834816,3.18307e-05
835072,3.18307e-05
835328,3.18307e-05
835584,3.18307e-05
835840,3.18307e-05
836096,3.18307e-05
836352,3.18307e-05
836608,3.18307e-05
836864,3.18307e-05
837120,3.18307e-05
837376,3.18307e-05
837632,3.18307e-05
837888,3.18307e-05
838144,3.18307e-05
838400,3.18307e-05
838656,3.18307e-05
838912,3.18307e-05
839168,3.18307e-05
839424,3.18307e-05
839680,3.17541e-05
839936,3.16746e-05
840192,3.15949e-05
840448,3.1515e-05
840704,3.15003e-05
840960,3.15003e-05
841216,3.15003e-05
841472,3.15003e-05
841728,3.15003e-05
841984,3.15003e-05
842240,3.15003e-05
842496,3.15003e-05
842752,3.15003e-05
843008,3.15003e-05
843264,3.15003e-05
843520,3.15003e-05
843776,3.15003e-05
844032,3.15003e-05
844288,3.15003e-05
844544,3.15003e-05
844800,3.15003e-05
845056,3.15003e-05
845312,3.15003e-05
845568,3.15003e-05
845824,3.15003e-05
846080,3.15003e-05
846336,3.15003e-05
846592,3.15003e-05
846848,3.14992e-05
847104,3.14725e-05
847360,3.14458e-05
847616,3.1419e-05
847872,3.13923e-05
848128,3.13902e-05
848384,3.13902e-05
848640,3.13902e-05
848896,3.13902e-05
849152,3.13902e-05
849408,3.13902e-05
849664,3.13902e-05
849920,3.13902e-05
850176,3.13716e-05
850432,3.13448e-05
850688,3.1318e-05
850944,3.12911e-05
851200,3.12485e-05
851456,3.11947e-05
851712,3.11408e-05
851968,3.10868e-05
852224,3.10597e-05
852480,3.10597e-05
852736,3.10597e-05
852992,3.10597e-05
853248,3.10597e-05
853504,3.10597e-05
853760,3.10597e-05
854016,3.10597e-05
854272,3.105e-05
854528,3.1023e-05
854784,3.09959e-05
855040,3.09687e-05
855296,3.09496e-05
855552,3.09496e-05
855808,3.09496e-05
856064,3.09496e-05
856320,3.09496e-05
856576,3.09496e-05
856832,3.09496e-05
857088,3.09496e-05
857344,3.09496e-05
857600,3.09496e-05
857856,3.09496e-05
858112,3.09496e-05
858368,3.09496e-05
858624,3.09496e-05
858880,3.09496e-05
859136,3.09496e-05
859392,3.09496e-05
859648,3.09496e-05
859904,3.09496e-05
860160,3.09496e-05
860416,3.09493e-05
860672,3.09221e-05
860928,3.08949e-05
861184,3.08677e-05
861440,3.08405e-05
861696,3.08394e-05
861952,3.08394e-05
862208,3.08394e-05
862464,3.08394e-05
862720,3.08394e-05
862976,3.08394e-05
863232,3.08394e-05
863488,3.08394e-05
863744,3.08155e-05
864000,3.07882e-05
864256,3.07609e-05
864512,3.07336e-05
864768,3.07293e-05
865024,3.07293e-05
865280,3.07293e-05
865536,3.07293e-05
865792,3.06624e-05
866048,3.058e-05
866304,3.04975e-05
866560,3.04147e-05
866816,3.03765e-05
867072,3.03488e-05
867328,3.03211e-05
867584,3.02934e-05
867840,3.02887e-05
868096,3.02887e-05
868352,3.02887e-05
868608,3.02887e-05
868864,3.02409e-05
869120,3.01852e-05
869376,3.01295e-05
869632,3.00737e-05
869888,3.00431e-05
870144,3.00151e-05
870400,2.99871e-05
870656,2.9959e-05
870912,2.99583e-05
871168,2.99583e-05
871424,2.99583e-05
871680,2.99583e-05
871936,2.99583e-05
872192,2.99583e-05
872448,2.99583e-05
872704,2.99549e-05
872960,2.99269e-05
873216,2.98988e-05
873472,2.98707e-05
873728,2.98425e-05
873984,2.98143e-05
874240,2.97861e-05
874496,2.97579e-05
874752,2.9738e-05
875008,2.9738e-05
875264,2.9738e-05
875520,2.9738e-05
875776,2.97268e-05
876032,2.96985e-05
876288,2.96702e-05
876544,2.96418e-05
876800,2.96135e-05
877056,2.95851e-05
877312,2.95567e-05
877568,2.95282e-05
877824,2.95177e-05
878080,2.95177e-05
878336,2.95177e-05
878592,2.95177e-05
878848,2.95177e-05
879104,2.95177e-05
879360,2.95177e-05
879616,2.95177e-05
879872,2.95177e-05
880128,2.95177e-05
880384,2.95177e-05
880640,2.95177e-05
880896,2.95177e-05
881152,2.95177e-05
881408,2.95177e-05
881664,2.95133e-05
881920,2.94848e-05
882176,2.94563e-05
882432,2.94277e-05
882688,2.94075e-05
882944,2.94075e-05
883200,2.94075e-05
883456,2.94075e-05
883712,2.94075e-05
883968,2.94075e-05
884224,2.94075e-05
884480,2.94075e-05
884736,2.93659e-05
884992,2.92942e-05
885248,2.92224e-05
885504,2.91504e-05
885760,2.90783e-05
886016,2.90059e-05
886272,2.89334e-05
886528,2.88607e-05
886784,2.88016e-05
887040,2.87432e-05
887296,2.86847e-05
887552,2.8626e-05
887808,2.85673e-05
888064,2.85084e-05
888320,2.84494e-05
888576,2.84097e-05
888832,2.83949e-05
889088,2.83801e-05
889344,2.83653e-05
889600,2.83505e-05
889856,2.83357e-05
890112,2.83208e-05
890368,2.83061e-05
890624,2.83061e-05
890880,2.83061e-05
891136,2.83061e-05
891392,2.83061e-05
891648,2.83061e-05
891904,2.83061e-05
892160,2.83061e-05
892416,2.83061e-05
892672,2.83061e-05
892928,2.83061e-05
893184,2.83061e-05
893440,2.83061e-05
893696,2.83061e-05
893952,2.83061e-05
894208,2.83012e-05
894464,2.82715e-05
894720,2.82417e-05
894976,2.8212e-05
895232,2.81822e-05
895488,2.81523e-05
895744,2.81225e-05
896000,2.80926e-05
896256,2.80858e-05
896512,2.80858e-05
896768,2.80858e-05
897024,2.80858e-05
897280,2.80858e-05
897536,2.80858e-05
897792,2.80858e-05
898048,2.80735e-05
898304,2.80435e-05
898560,2.80136e-05
898816,2.79835e-05
899072,2.79535e-05
899328,2.79234e-05
899584,2.78933e-05
899840,2.78655e-05
900096,2.78655e-05
900352,2.78655e-05
900608,2.78655e-05
900864,2.78655e-05
901120,2.78655e-05
901376,2.78655e-05
901632,2.78655e-05
901888,2.78422e-05
902144,2.7812e-05
902400,2.77818e-05
902656,2.77515e-05
902912,2.77212e-05
903168,2.76909e-05
903424,2.76605e-05
903680,2.76452e-05
903936,2.76452e-05
904192,2.76452e-05
904448,2.76452e-05
904704,2.76452e-05
904960,2.76452e-05
905216,2.76452e-05
905472,2.76452e-05
905728,2.76452e-05
905984,2.76452e-05
906240,2.76452e-05
906496,2.76452e-05
906752,2.76452e-05
907008,2.76452e-05
907264,2.76451e-05
907520,2.76299e-05
907776,2.76147e-05
908032,2.75995e-05
908288,2.75843e-05
908544,2.7569e-05
908800,2.75538e-05
909056,2.75385e-05
909312,2.75115e-05
909568,2.7481e-05
909824,2.74504e-05
910080,2.74198e-05
910336,2.73891e-05
910592,2.73584e-05
910848,2.73277e-05
911104,2.73058e-05
911360,2.72904e-05
911616,2.7275e-05
911872,2.72596e-05
912128,2.72442e-05
912384,2.72288e-05
912640,2.72133e-05
912896,2.72046e-05
913152,2.72046e-05
913408,2.72046e-05
913664,2.72046e-05
913920,2.72046e-05
914176,2.72046e-05
914432,2.72046e-05
914688,2.72046e-05
914944,2.72046e-05
915200,2.72046e-05
915456,2.72046e-05
915712,2.72046e-05
915968,2.72046e-05
916224,2.72046e-05
916480,2.72046e-05
916736,2.72046e-05
916992,2.72046e-05
917248,2.72046e-05
917504,2.72046e-05
917760,2.72046e-05
918016,2.72046e-05
918272,2.7204e-05
918528,2.71885e-05
918784,2.71731e-05
919040,2.71576e-05
919296,2.71421e-05
919552,2.71266e-05
919808,2.71111e-05
920064,2.70956e-05
920320,2.70944e-05
920576,2.70944e-05
920832,2.70944e-05
921088,2.70944e-05
921344,2.70944e-05
921600,2.70944e-05
921856,2.70944e-05
922112,2.7069e-05
922368,2.70379e-05
922624,2.70068e-05
922880,2.69757e-05
923136,2.69445e-05
923392,2.69133e-05
923648,2.68821e-05
923904,2.68625e-05
924160,2.68468e-05
924416,2.68312e-05
924672,2.68155e-05
924928,2.67998e-05
925184,2.67842e-05
925440,2.67685e-05
925696,2.67415e-05
925952,2.67101e-05
926208,2.66786e-05
926464,2.66471e-05
926720,2.66155e-05
926976,2.65839e-05
927232,2.65523e-05
927488,2.65322e-05
927744,2.65163e-05
928000,2.65005e-05
928256,2.64846e-05
928512,2.64688e-05
928768,2.64529e-05
929024,2.6437e-05
929280,2.64086e-05
929536,2.63768e-05
929792,2.63449e-05
930048,2.6313e-05
930304,2.6281e-05
930560,2.6249e-05
930816,2.6217e-05
931072,2.61707e-05
931328,2.61225e-05
931584,2.60742e-05
931840,2.60258e-05
932096,2.59774e-05
932352,2.59288e-05
932608,2.58828e-05
932864,2.58828e-05
933120,2.58828e-05
933376,2.58828e-05
933632,2.58828e-05
933888,2.58828e-05
934144,2.58828e-05
934400,2.58828e-05
934656,2.58828e-05
934912,2.58828e-05
935168,2.58828e-05
935424,2.58828e-05
935680,2.58828e-05
935936,2.58828e-05
936192,2.58592e-05
936448,2.58104e-05
936704,2.57615e-05
936960,2.57125e-05
937216,2.56635e-05
937472,2.56143e-05
937728,2.5565e-05
937984,2.55157e-05
938240,2.54662e-05
938496,2.54167e-05
938752,2.5367e-05
939008,2.53173e-05
939264,2.52675e-05
939520,2.52205e-05
939776,2.52038e-05
940032,2.51871e-05
940288,2.51704e-05
940544,2.51537e-05
940800,2.5137e-05
941056,2.51203e-05
941312,2.51118e-05
941568,2.51118e-05
941824,2.51118e-05
942080,2.51118e-05
942336,2.51118e-05
942592,2.51118e-05
942848,2.51118e-05
943104,2.50966e-05
943360,2.50798e-05
943616,2.50631e-05
943872,2.50463e-05
944128,2.50295e-05
944384,2.50127e-05
944640,2.50017e-05
944896,2.50017e-05
945152,2.50017e-05
945408,2.50017e-05
945664,2.50017e-05
945920,2.50017e-05
946176,2.50017e-05
946432,2.4962e-05
946688,2.49115e-05
946944,2.48608e-05
947200,2.481e-05
947456,2.47592e-05
947712,2.47082e-05
947968,2.46618e-05
948224,2.46277e-05
948480,2.45936e-05
948736,2.45594e-05
948992,2.45252e-05
949248,2.44909e-05
949504,2.44565e-05
949760,2.44365e-05
950016,2.44193e-05
950272,2.44021e-05
950528,2.43849e-05
950784,2.43677e-05
951040,2.43504e-05
951296,2.43179e-05
951552,2.4266e-05
951808,2.4214e-05
952064,2.41619e-05
952320,2.41097e-05
952576,2.40573e-05
952832,2.40031e-05
953088,2.39329e-05
953344,2.38626e-05
953600,2.37921e-05
953856,2.37213e-05
954112,2.36504e-05
954368,2.35792e-05
954624,2.35697e-05
954880,2.35697e-05
955136,2.35697e-05
955392,2.35697e-05
955648,2.35697e-05
955904,2.35697e-05
956160,2.35697e-05
956416,2.35697e-05
956672,2.35697e-05
956928,2.35697e-05
957184,2.35697e-05
957440,2.35697e-05
957696,2.35607e-05
957952,2.35428e-05
958208,2.3525e-05
958464,2.35071e-05
958720,2.34892e-05
958976,2.34713e-05
959232,2.34534e-05
959488,2.34355e-05
959744,2.34175e-05
960000,2.33996e-05
960256,2.33816e-05
960512,2.33637e-05
960768,2.33457e-05
961024,2.33277e-05
961280,2.33096e-05
961536,2.32916e-05
961792,2.32736e-05
962048,2.32555e-05
962304,2.32355e-05
962560,2.31993e-05
962816,2.31631e-05
963072,2.31268e-05
963328,2.30904e-05
963584,2.3054e-05
963840,2.30153e-05
964096,2.29238e-05
964352,2.2832e-05
964608,2.27398e-05
964864,2.26472e-05
965120,2.25543e-05
965376,2.24653e-05
965632,2.24279e-05
965888,2.23904e-05
966144,2.23528e-05
966400,2.23152e-05
966656,2.22775e-05
966912,2.22439e-05
967168,2.2225e-05
967424,2.22061e-05
967680,2.21871e-05
967936,2.21682e-05
968192,2.21492e-05
968448,2.21151e-05
968704,2.2058e-05
968960,2.20008e-05
969216,2.19434e-05
969472,2.18859e-05
969728,2.18282e-05
969984,2.18074e-05
970240,2.18074e-05
970496,2.18074e-05
970752,2.18074e-05
971008,2.18074e-05
971264,2.18074e-05
971520,2.18074e-05
971776,2.18074e-05
972032,2.18074e-05
972288,2.18074e-05
972544,2.18074e-05
972800,2.18074e-05
973056,2.18074e-05
973312,2.18074e-05
973568,2.18074e-05
973824,2.18074e-05
974080,2.18074e-05
974336,2.18074e-05
974592,2.18074e-05
974848,2.18074e-05
975104,2.18074e-05
975360,2.18074e-05
975616,2.18074e-05
975872,2.17925e-05
976128,2.17732e-05
976384,2.17539e-05
976640,2.17346e-05
976896,2.17152e-05
977152,2.16973e-05
977408,2.16973e-05
977664,2.16973e-05
977920,2.16973e-05
978176,2.16973e-05
978432,2.16973e-05
978688,2.16675e-05
978944,2.15898e-05
979200,2.15118e-05
979456,2.14336e-05
979712,2.1355e-05
979968,2.12762e-05
980224,2.12567e-05
980480,2.12567e-05
980736,2.12567e-05
980992,2.12567e-05
981248,2.12567e-05
981504,2.12567e-05
981760,2.12567e-05
982016,2.12567e-05
982272,2.12567e-05
982528,2.12567e-05
982784,2.12567e-05
983040,2.12446e-05
983296,2.12248e-05
983552,2.1205e-05
983808,2.11852e-05
984064,2.11654e-05
984320,2.11465e-05
984576,2.11465e-05
984832,2.11465e-05
985088,2.11465e-05
985344,2.11465e-05
985600,2.11465e-05
985856,2.11364e-05
986112,2.11165e-05
986368,2.10966e-05
986624,2.10767e-05
986880,2.10568e-05
987136,2.10368e-05
987392,2.10364e-05
987648,2.10364e-05
987904,2.10364e-05
988160,2.10364e-05
988416,2.10364e-05
988672,2.10271e-05
988928,2.10071e-05
989184,2.09871e-05
989440,2.09671e-05
989696,2.0947e-05
989952,2.0927e-05
990208,2.09262e-05
990464,2.09262e-05
990720,2.09262e-05
990976,2.09262e-05
991232,2.09262e-05
991488,2.09262e-05
991744,2.09262e-05
992000,2.09262e-05
992256,2.09262e-05
992512,2.09262e-05
992768,2.09262e-05
993024,2.08264e-05
993280,2.07252e-05
993536,2.06236e-05
993792,2.05215e-05
994048,2.04189e-05
994304,2.03636e-05
994560,2.03429e-05
994816,2.03222e-05
995072,2.03016e-05
995328,2.02808e-05
995584,2.02653e-05
995840,2.02653e-05
996096,2.02653e-05
996352,2.02653e-05
996608,2.02653e-05
996864,2.02653e-05
997120,2.02263e-05
997376,2.01848e-05
997632,2.01431e-05
997888,2.01013e-05
998144,2.00595e-05
998400,2.00313e-05
998656,2.00103e-05
998912,1.99893e-05
999168,1.99683e-05
999424,1.99472e-05
999680,1.99349e-05
999936,1.99349e-05
1000192,1.99349e-05
1000448,1.99349e-05
1000704,1.99349e-05
1000960,1.99349e-05
1001216,1.99349e-05
1001472,1.99349e-05
1001728,1.99349e-05
1001984,1.99349e-05
1002240,1.99349e-05
1002496,1.99349e-05
1002752,1.99349e-05
1003008,1.99349e-05
1003264,1.99349e-05
1003520,1.99349e-05
1003776,1.99349e-05
1004032,1.99349e-05
1004288,1.99349e-05
1004544,1.99349e-05
1004800,1.99349e-05
1005056,1.99241e-05
1005312,1.9903e-05
1005568,1.98819e-05
1005824,1.98607e-05
1006080,1.98396e-05
1006336,1.98184e-05
1006592,1.97972e-05
1006848,1.97759e-05
1007104,1.97547e-05
1007360,1.97334e-05
1007616,1.97146e-05
1007872,1.97146e-05
1008128,1.97146e-05
1008384,1.97146e-05
1008640,1.97146e-05
1008896,1.97146e-05
1009152,1.96943e-05
1009408,1.9673e-05
1009664,1.96516e-05
1009920,1.96302e-05
1010176,1.96088e-05
1010432,1.95874e-05
1010688,1.95659e-05
1010944,1.95444e-05
1011200,1.95229e-05
1011456,1.95014e-05
1011712,1.94653e-05
1011968,1.94221e-05
1012224,1.93788e-05
1012480,1.93354e-05
1012736,1.92919e-05
1012992,1.9274e-05
1013248,1.9274e-05
1013504,1.9274e-05
1013760,1.9274e-05
1014016,1.9274e-05
1014272,1.9274e-05
1014528,1.9274e-05
1014784,1.9274e-05
1015040,1.9274e-05
1015296,1.9274e-05
1015552,1.9274e-05
1015808,1.9274e-05
1016064,1.9274e-05
1016320,1.9274e-05
1016576,1.9274e-05
1016832,1.9274e-05
1017088,1.9274e-05
1017344,1.9274e-05
1017600,1.9274e-05
1017856,1.9274e-05
1018112,1.92574e-05
1018368,1.92137e-05
1018624,1.91699e-05
1018880,1.91261e-05
1019136,1.90821e-05
1019392,1.9038e-05
1019648,1.89938e-05
1019904,1.89495e-05
1020160,1.89051e-05
1020416,1.88606e-05
1020672,1.88334e-05
1020928,1.88334e-05
1021184,1.88334e-05
1021440,1.88334e-05
1021696,1.88334e-05
1021952,1.88334e-05
1022208,1.88334e-05
1022464,1.88334e-05
1022720,1.88334e-05
1022976,1.88334e-05
1023232,1.88334e-05
1023488,1.88334e-05
1023744,1.88334e-05
1024000,1.88334e-05
1024256,1.88334e-05
1024512,1.88334e-05
1024768,1.88334e-05
1025024,1.88334e-05
1025280,1.88334e-05
1025536,1.88334e-05
1025792,1.88047e-05
1026048,1.876e-05
1026304,1.87151e-05
1026560,1.86702e-05
1026816,1.86251e-05
1027072,1.86131e-05
1027328,1.86131e-05
1027584,1.86131e-05
1027840,1.86131e-05
1028096,1.86131e-05
1028352,1.85745e-05
1028608,1.85292e-05
1028864,1.84838e-05
1029120,1.84383e-05
1029376,1.83927e-05
1029632,1.83699e-05
1029888,1.8347e-05
1030144,1.83241e-05
1030400,1.83011e-05
1030656,1.82827e-05
1030912,1.82827e-05
1031168,1.82827e-05
1031424,1.82827e-05
1031680,1.82827e-05
1031936,1.82548e-05
1032192,1.81856e-05
1032448,1.81161e-05
1032704,1.80464e-05
1032960,1.79764e-05
1033216,1.79523e-05
1033472,1.79523e-05
1033728,1.79523e-05
1033984,1.79523e-05
1034240,1.79523e-05
1034496,1.79523e-05
1034752,1.79523e-05
1035008,1.79523e-05
1035264,1.79523e-05
1035520,1.79523e-05
1035776,1.79523e-05
1036032,1.79523e-05
1036288,1.79523e-05
1036544,1.79523e-05
1036800,1.79523e-05
1037056,1.79523e-05
1037312,1.79523e-05
1037568,1.79523e-05
1037824,1.79523e-05
1038080,1.79523e-05
1038336,1.79523e-05
1038592,1.79523e-05
1038848,1.79523e-05
1039104,1.79493e-05
1039360,1.79259e-05
1039616,1.79025e-05
1039872,1.7879e-05
1040128,1.78555e-05
1040384,1.78012e-05
1040640,1.77065e-05
1040896,1.76114e-05
1041152,1.75157e-05
1041408,1.74195e-05
1041664,1.73819e-05
1041920,1.73577e-05
1042176,1.73334e-05
1042432,1.73092e-05
1042688,1.72784e-05
1042944,1.72297e-05
1043200,1.71809e-05
1043456,1.71319e-05
1043712,1.70828e-05
1043968,1.70335e-05
1044224,1.69841e-05
1044480,1.69345e-05
1044736,1.68848e-05
1044992,1.6835e-05
1045248,1.6785e-05
1045504,1.67349e-05
1045760,1.66846e-05
1046016,1.66341e-05
1046272,1.6607e-05
1046528,1.65817e-05
1046784,1.65564e-05
1047040,1.6531e-05
1047296,1.65204e-05
1047552,1.65204e-05
1047808,1.65204e-05
1048064,1.65204e-05
1048320,1.65204e-05
1048576,1.65204e-05
1048832,1.65204e-05
1049088,1.65204e-05
1049344,1.65204e-05
1049600,1.64969e-05
1049856,1.64714e-05
