cache_lines,MRC
256,0.0803192
512,0.0767621
768,0.0745722
1024,0.0729107
1280,0.0715162
1536,0.0703128
1792,0.0692427
2048,0.0682277
2304,0.0673408
2560,0.0664882
2816,0.065687
3072,0.0649474
3328,0.0642129
3584,0.0634845
3840,0.0628035
4096,0.0621514
4352,0.061496
4608,0.060842
4864,0.060202
5120,0.059559
5376,0.0589177
5632,0.0583078
5888,0.0576941
6144,0.0570698
6400,0.0564792
6656,0.0558867
6912,0.0552919
7168,0.0547114
7424,0.0541071
7680,0.0535196
7936,0.0529543
8192,0.052373
8448,0.0517945
8704,0.0512165
8960,0.0506626
9216,0.0500864
9472,0.0495372
9728,0.0489794
9984,0.0484119
10240,0.0478536
10496,0.0473112
10752,0.0467541
11008,0.0462239
11264,0.0456739
11520,0.0451419
11776,0.0446062
12032,0.0440798
12288,0.0435343
12544,0.0430066
12800,0.0424723
13056,0.0419499
13312,0.041416
13568,0.040875
13824,0.0403482
14080,0.0398431
14336,0.0393295
14592,0.0388324
14848,0.0383176
15104,0.0378154
15360,0.0373106
15616,0.0367974
15872,0.0363011
16128,0.0357995
16384,0.0352932
16640,0.0347828
16896,0.0342921
17152,0.0337958
17408,0.0333083
17664,0.0328098
17920,0.032308
18176,0.0318206
18432,0.0312979
18688,0.0307916
18944,0.0303028
19200,0.0297869
19456,0.029287
19712,0.0287923
19968,0.0282747
20224,0.0277535
20480,0.0273055
20736,0.0268663
20992,0.026438
21248,0.0260354
21504,0.0256181
21760,0.0251779
22016,0.0247693
22272,0.0243861
22528,0.0239757
22784,0.0235743
23040,0.0231909
23296,0.0227997
23552,0.0224024
23808,0.0220295
24064,0.0216269
24320,0.0212288
24576,0.0201243
24832,0.0197072
25088,0.0193173
25344,0.0189211
25600,0.0185371
25856,0.0181801
26112,0.0178316
26368,0.0174742
26624,0.0171185
26880,0.0168051
27136,0.0164794
27392,0.0161526
27648,0.0158094
27904,0.0154875
28160,0.015183
28416,0.0148564
28672,0.0145433
28928,0.0142444
29184,0.0139889
29440,0.0137254
29696,0.0134521
29952,0.0132
30208,0.0129402
30464,0.0126895
30720,0.0123876
30976,0.0121308
31232,0.0118828
31488,0.0116279
31744,0.0113707
32000,0.0111365
32256,0.0108919
32512,0.010669
32768,0.0104563
33024,0.0102228
33280,0.010002
33536,0.00978004
33792,0.00956924
34048,0.00940952
34304,0.00924378
34560,0.0090928
34816,0.00891576
35072,0.00872978
35328,0.00857848
35584,0.00841444
35840,0.00826422
36096,0.00811294
36352,0.00797955
36608,0.00785353
36864,0.00771728
37120,0.00759311
37376,0.00747093
37632,0.0073548
37888,0.00723376
38144,0.00708642
38400,0.00694603
38656,0.00679144
38912,0.00660792
39168,0.00649684
39424,0.00638423
39680,0.0062774
39936,0.00617221
40192,0.00606849
40448,0.00595117
40704,0.00578648
40960,0.00568526
41216,0.00557706
41472,0.00542486
41728,0.0053295
41984,0.00522582
42240,0.00511964
42496,0.00501702
42752,0.00491569
43008,0.00481417
43264,0.00470978
43520,0.00460978
43776,0.00450703
44032,0.00440118
44288,0.00429421
44544,0.00419104
44800,0.00408017
45056,0.00397638
45312,0.00387414
45568,0.00377236
45824,0.00366334
46080,0.00355455
46336,0.00343981
46592,0.00333787
46848,0.00323329
47104,0.00311519
47360,0.00300982
47616,0.00290382
47872,0.00280053
48128,0.00270971
48384,0.00261718
48640,0.00251536
48896,0.00241464
49152,0.00229598
49408,0.00218837
49664,0.00208448
49920,0.00197982
50176,0.00186213
50432,0.00174436
50688,0.00162659
50944,0.00154368
51200,0.00146658
51456,0.00138623
51712,0.00130329
51968,0.00124588
52224,0.00121502
52480,0.00119409
52736,0.00117724
52992,0.00116233
53248,0.00114633
53504,0.00113034
53760,0.00111709
54016,0.00110195
54272,0.00108471
54528,0.00107041
54784,0.00106101
55040,0.00105189
55296,0.00104021
55552,0.00103217
55808,0.00102398
56064,0.00101119
56320,0.00099863
56576,0.00098794
56832,0.000978071
57088,0.00096706
57344,0.000954178
57600,0.000946007
57856,0.000937759
58112,0.000924691
58368,0.000914333
58624,0.000906519
58880,0.000896165
59136,0.000882796
59392,0.000873427
59648,0.000863704
59904,0.0008533
60160,0.000844624
60416,0.000834566
60672,0.000825993
60928,0.000818385
61184,0.000807012
61440,0.000800709
61696,0.000791958
61952,0.000784359
62208,0.000774206
62464,0.000765111
62720,0.000757456
62976,0.000750612
63232,0.000740556
63488,0.000734435
63744,0.000723163
64000,0.00071542
64256,0.000705055
64512,0.000697216
64768,0.000686524
65024,0.000677031
65280,0.000667187
65536,0.000659167
65792,0.000651021
66048,0.000642606
66304,0.000633648
66560,0.000624112
66816,0.000614998
67072,0.000604861
67328,0.000594701
67584,0.000587787
67840,0.000578189
68096,0.000570577
68352,0.000563675
68608,0.000558472
68864,0.000554309
69120,0.000549818
69376,0.000544023
69632,0.000538125
69888,0.000533841
70144,0.000530232
70400,0.000526791
70656,0.000521151
70912,0.000516909
71168,0.000510486
71424,0.00050671
71680,0.000502219
71936,0.000499099
72192,0.000493373
72448,0.000488552
72704,0.000484496
72960,0.000481704
73216,0.00047972
73472,0.000477021
73728,0.000475675
73984,0.000473912
74240,0.00047237
74496,0.000470094
74752,0.000467869
75008,0.000465945
75264,0.000464
75520,0.000460376
75776,0.000457504
76032,0.000455625
76288,0.000454707
76544,0.000452387
76800,0.000450701
77056,0.000448343
77312,0.00044515
77568,0.000441044
77824,0.000436073
78080,0.000433603
78336,0.00043001
78592,0.000427684
78848,0.000425043
79104,0.000420594
79360,0.000418315
79616,0.000416166
79872,0.000413089
80128,0.000412221
80384,0.00041134
80640,0.000410328
80896,0.000409771
81152,0.000409174
81408,0.000408121
81664,0.000408035
81920,0.000407071
82176,0.000406056
82432,0.000405256
82688,0.00040473
82944,0.000400496
83200,0.000389968
83456,0.000389528
83712,0.000389429
83968,0.000389307
84224,0.000389307
84480,0.000389307
84736,0.000389307
84992,0.000389307
85248,0.000389187
85504,0.000383045
85760,0.000373766
86016,0.000371461
86272,0.000371461
86528,0.000371461
86784,0.000371461
87040,0.000371229
87296,0.000370951
87552,0.000368071
87808,0.000362989
88064,0.000353868
88320,0.000350323
88576,0.00035031
88832,0.00035031
89088,0.000350236
89344,0.000349842
89600,0.000349649
89856,0.000349649
90112,0.000349649
90368,0.000344529
90624,0.000319013
90880,0.00030315
91136,0.000302359
91392,0.000299245
91648,0.000298533
91904,0.000298533
92160,0.000298533
92416,0.000298533
92672,0.000298533
92928,0.000298421
93184,0.000298313
93440,0.0002983
93696,0.000297872
93952,0.000297738
94208,0.000297652
94464,0.000297652
94720,0.000297652
94976,0.000297652
95232,0.000297652
95488,0.000297652
95744,0.000297048
96000,0.000296138
96256,0.00029611
96512,0.00029611
96768,0.000295889
97024,0.000295889
97280,0.000295889
97536,0.000295889
97792,0.000295889
98048,0.000295889
98304,0.000295889
98560,0.000295889
98816,0.000295889
99072,0.000295889
99328,0.000295889
99584,0.000295179
99840,0.000281772
100096,0.000263885
100352,0.000255973
100608,0.00025557
100864,0.000255349
101120,0.000255071
101376,0.000254909
101632,0.000254909
101888,0.000254909
102144,0.000254909
102400,0.000254817
102656,0.000254689
102912,0.000254689
103168,0.000254689
103424,0.000254468
103680,0.000254468
103936,0.000254373
104192,0.000253747
104448,0.000253559
104704,0.000253367
104960,0.000253367
105216,0.000253367
105472,0.000253146
105728,0.000252926
105984,0.000252926
106240,0.000252485
106496,0.000252485
106752,0.000252485
107008,0.000252485
107264,0.000247504
107520,0.000241986
107776,0.000234852
108032,0.00021651
108288,0.000203988
108544,0.000201309
108800,0.000201149
109056,0.000201149
109312,0.000201149
109568,0.000201149
109824,0.000201149
110080,0.000201149
110336,0.000200929
110592,0.000200929
110848,0.000200929
111104,0.000200929
111360,0.000200929
111616,0.000200929
111872,0.000200929
112128,0.000200929
112384,0.000200929
112640,0.000200929
112896,0.000200929
113152,0.000200929
113408,0.000200929
113664,0.000200854
113920,0.000200709
114176,0.000200709
114432,0.000200709
114688,0.000200709
114944,0.000200709
115200,0.000196253
115456,0.000189583
115712,0.000189252
115968,0.000189252
116224,0.000189032
116480,0.000189032
116736,0.000189032
116992,0.000189032
117248,0.000189032
117504,0.000189032
117760,0.000189032
118016,0.000189032
118272,0.000188811
118528,0.000188811
118784,0.000188811
119040,0.000188811
119296,0.000188756
119552,0.00018815
119808,0.000188054
120064,0.00018793
120320,0.00018793
120576,0.00018793
120832,0.00018793
121088,0.00018793
121344,0.00018771
121600,0.00018771
121856,0.00018771
122112,0.000187489
122368,0.000186731
122624,0.000179886
122880,0.00017496
123136,0.00017471
123392,0.000171856
123648,0.000171263
123904,0.000170705
124160,0.000170304
124416,0.000170304
124672,0.000170084
124928,0.000170084
125184,0.000170084
125440,0.000170084
125696,0.000169863
125952,0.000169863
126208,0.000169863
126464,0.000169863
126720,0.000169863
126976,0.000169863
127232,0.000169863
127488,0.000169863
127744,0.000169863
128000,0.000169863
128256,0.000169863
128512,0.000169863
128768,0.000169528
129024,0.000169423
129280,0.000169307
129536,0.000168982
129792,0.000168982
130048,0.000168982
130304,0.000168982
130560,0.000168982
130816,0.000168792
131072,0.000168762
131328,0.000168398
131584,0.000168321
131840,0.000168321
132096,0.000168321
132352,0.000168321
132608,0.000168321
132864,0.000168321
133120,0.000168105
133376,0.00016788
133632,0.00016788
133888,0.00016744
134144,0.00016744
134400,0.000167219
134656,0.000167219
134912,0.000167219
135168,0.000167078
135424,0.000166977
135680,0.000166779
135936,0.000166779
136192,0.000166779
136448,0.000166779
136704,0.000166779
136960,0.000166388
137216,0.000166338
137472,0.000166338
137728,0.000165478
137984,0.000163572
138240,0.000163414
138496,0.000163253
138752,0.000162975
139008,0.000162645
139264,0.000162592
139520,0.000162592
139776,0.000162534
140032,0.000162372
140288,0.000162372
140544,0.000162372
140800,0.00016231
141056,0.000162152
141312,0.000162152
141568,0.000161976
141824,0.000161711
142080,0.000161711
142336,0.000161711
142592,0.000161711
142848,0.000161711
143104,0.000161711
143360,0.000161711
143616,0.000161518
143872,0.000161185
144128,0.000160651
144384,0.000160295
144640,0.000159959
144896,0.000159843
145152,0.000159508
145408,0.000159508
145664,0.000159508
145920,0.000159508
146176,0.000159259
146432,0.000159067
146688,0.000159067
146944,0.000159067
147200,0.000159067
147456,0.00015889
147712,0.000158847
147968,0.000158847
148224,0.000158627
148480,0.000157571
148736,0.000155411
148992,0.00015464
149248,0.000154292
149504,0.000154
149760,0.000154
150016,0.000154
150272,0.000154
150528,0.000154
150784,0.000154
151040,0.000154
151296,0.000154
151552,0.000154
151808,0.000153883
152064,0.000153779
152320,0.000153779
152576,0.000153779
152832,0.000153586
153088,0.000153339
153344,0.000153118
153600,0.000153118
153856,0.000153118
154112,0.000153118
154368,0.000152359
154624,0.000152237
154880,0.000152093
155136,0.000152017
155392,0.000152017
155648,0.000151797
155904,0.000151797
156160,0.000151797
156416,0.000151797
156672,0.000151797
156928,0.000151797
157184,0.000151797
157440,0.000151636
157696,0.000151576
157952,0.000151576
158208,0.000151576
158464,0.000151576
158720,0.000151576
158976,0.000151576
159232,0.000151574
159488,0.000151136
159744,0.000151084
160000,0.000150539
160256,0.000150475
160512,0.000150254
160768,0.000150095
161024,0.000150034
161280,0.000150034
161536,0.000150034
161792,0.000150034
162048,0.000149844
162304,0.000149814
162560,0.000149787
162816,0.000149593
163072,0.000149593
163328,0.000149593
163584,0.000149593
163840,0.000149593
164096,0.000149593
164352,0.000149593
164608,0.000149593
164864,0.000149593
165120,0.000149593
165376,0.000149577
165632,0.000149373
165888,0.000149373
166144,0.000149373
166400,0.000149373
166656,0.000149373
166912,0.000149373
167168,0.000149373
167424,0.000149373
167680,0.000149373
167936,0.000149373
168192,0.000149373
168448,0.000149373
168704,0.000149373
168960,0.000149373
169216,0.000149114
169472,0.000148882
169728,0.000148712
169984,0.000148379
170240,0.000148271
170496,0.000148271
170752,0.000148172
171008,0.000147831
171264,0.000147831
171520,0.000147831
171776,0.000147831
172032,0.000147831
172288,0.000147831
172544,0.000147831
172800,0.000147831
173056,0.000147831
173312,0.000147831
173568,0.000147831
173824,0.000147831
174080,0.000147831
174336,0.000147658
174592,0.00014761
174848,0.00014761
175104,0.00014761
175360,0.00014759
175616,0.000147407
175872,0.00014739
176128,0.00014739
176384,0.00014739
176640,0.00014739
176896,0.00014739
177152,0.00014739
177408,0.000147073
177664,0.000146949
177920,0.000146781
178176,0.000146462
178432,0.000146288
178688,0.000146288
178944,0.000145972
179200,0.000145848
179456,0.000145761
179712,0.000145627
179968,0.000145627
180224,0.000145627
180480,0.000145627
180736,0.000145627
180992,0.000145627
181248,0.00014557
181504,0.000145407
181760,0.000145407
182016,0.000145407
182272,0.000145271
182528,0.000145187
182784,0.000145187
183040,0.000145187
183296,0.000145187
183552,0.000145187
183808,0.000145041
184064,0.000144633
184320,0.000144305
184576,0.000144262
184832,0.000144085
185088,0.000144085
185344,0.000144085
185600,0.000144085
185856,0.000144085
186112,0.000144024
186368,0.000143837
186624,0.00014365
186880,0.000143644
187136,0.000143644
187392,0.000143644
187648,0.000143644
187904,0.000143644
188160,0.000143644
188416,0.000143644
188672,0.000143644
188928,0.000143644
189184,0.000143644
189440,0.000143644
189696,0.000143644
189952,0.000143639
190208,0.000143452
190464,0.000143424
190720,0.000143424
190976,0.00014333
191232,0.000143142
191488,0.000142983
191744,0.000142983
192000,0.000142798
192256,0.000142763
192512,0.000142763
192768,0.000142763
193024,0.000142763
193280,0.000142763
193536,0.000142763
193792,0.000142763
194048,0.000142763
194304,0.000142763
194560,0.000142763
194816,0.000142763
195072,0.000142763
195328,0.000142763
195584,0.000142405
195840,0.000142175
196096,0.000142102
196352,0.000142102
196608,0.000142102
196864,0.000142102
197120,0.000142102
197376,0.000142102
197632,0.000141952
197888,0.000141642
198144,0.000141262
198400,0.000141001
198656,0.000141001
198912,0.000141001
199168,0.000141001
199424,0.000141001
199680,0.000141001
199936,0.000141001
200192,0.000141001
200448,0.000140957
200704,0.00014078
200960,0.00014078
201216,0.00014078
201472,0.00014078
201728,0.00014078
201984,0.000140427
202240,0.000139899
202496,0.000139835
202752,0.000139458
203008,0.000139458
203264,0.000139458
203520,0.000139316
203776,0.000139238
204032,0.000139238
204288,0.000139238
204544,0.000139238
204800,0.000139238
205056,0.000139238
205312,0.000139065
205568,0.000139018
205824,0.000139018
206080,0.000139018
206336,0.000139018
206592,0.000139018
206848,0.000139018
207104,0.000139018
207360,0.00013884
207616,0.000138797
207872,0.000138797
208128,0.000138797
208384,0.000138797
208640,0.000138752
208896,0.000138558
209152,0.000138364
209408,0.000138169
209664,0.000138136
209920,0.000138136
210176,0.000138136
210432,0.000138136
210688,0.000138136
210944,0.000138136
211200,0.000138136
211456,0.000138136
211712,0.000138136
211968,0.000137985
212224,0.000137916
212480,0.000137916
212736,0.00013784
212992,0.000137696
213248,0.000137645
213504,0.000137254
213760,0.000137058
214016,0.000137035
214272,0.000137035
214528,0.000137035
214784,0.000136833
215040,0.000136594
215296,0.000136594
215552,0.000136594
215808,0.000136587
216064,0.00013639
216320,0.000136193
216576,0.000136153
216832,0.000136153
217088,0.000136153
217344,0.000136063
217600,0.000135933
217856,0.000135933
218112,0.000135933
218368,0.000135933
218624,0.000135933
218880,0.000135933
219136,0.000135933
219392,0.000135933
219648,0.000135933
219904,0.000135933
220160,0.000135933
220416,0.000135933
220672,0.000135915
220928,0.000135717
221184,0.000135519
221440,0.00013532
221696,0.00013497
221952,0.000134831
222208,0.000134831
222464,0.000134831
222720,0.000134831
222976,0.000134831
223232,0.000134831
223488,0.000134826
223744,0.000134627
224000,0.000134611
224256,0.000134611
224512,0.000134611
224768,0.000134366
225024,0.00013417
225280,0.000134088
225536,0.000133887
225792,0.000133686
226048,0.000133509
226304,0.000133509
226560,0.000133509
226816,0.000133509
227072,0.000133509
227328,0.000133509
227584,0.000133509
227840,0.000133509
228096,0.000133509
228352,0.000133434
228608,0.000133232
228864,0.000132953
229120,0.000132408
229376,0.0001324
229632,0.000131993
229888,0.000131967
230144,0.000131967
230400,0.000131809
230656,0.000131463
230912,0.000131306
231168,0.000131306
231424,0.000131306
231680,0.000131306
231936,0.000131306
232192,0.000131306
232448,0.000131306
232704,0.000131306
232960,0.000131306
233216,0.000131306
233472,0.000131306
233728,0.000131306
233984,0.000131146
234240,0.000131086
234496,0.000131086
234752,0.000131086
235008,0.000131086
235264,0.000131086
235520,0.000131086
235776,0.000130922
236032,0.000130425
236288,0.000130425
236544,0.000130425
236800,0.000130425
237056,0.000130425
237312,0.000130425
237568,0.000130425
237824,0.000130425
238080,0.000130425
238336,0.000130158
238592,0.000129984
238848,0.000129984
239104,0.000129984
239360,0.000129824
239616,0.000129544
239872,0.000129544
240128,0.000129544
240384,0.000129544
240640,0.000129527
240896,0.000129323
241152,0.000129323
241408,0.000129124
241664,0.000129103
241920,0.000129103
242176,0.000129103
242432,0.000129103
242688,0.000129103
242944,0.000129103
243200,0.000129103
243456,0.000129103
243712,0.000129103
243968,0.000129103
244224,0.000129103
244480,0.000129048
244736,0.000128883
244992,0.000128883
245248,0.000128883
245504,0.000128883
245760,0.000128883
246016,0.000128883
246272,0.000128883
246528,0.000128883
246784,0.000128883
247040,0.000128564
247296,0.000128368
247552,0.000128263
247808,0.000128222
248064,0.000128222
248320,0.000128222
248576,0.000128222
248832,0.000128222
249088,0.000128222
249344,0.00012819
249600,0.000128085
249856,0.000127958
250112,0.000127748
250368,0.000127549
250624,0.000127443
250880,0.000127335
251136,0.000127124
251392,0.000126912
251648,0.0001268
251904,0.000126694
252160,0.000126496
252416,0.000126283
252672,0.000126154
252928,0.000126048
253184,0.000126018
253440,0.000126018
253696,0.000125807
253952,0.000125486
254208,0.000125357
254464,0.000125357
254720,0.000125357
254976,0.000125357
255232,0.000125199
255488,0.000124876
255744,0.000124648
256000,0.000124541
256256,0.000124476
256512,0.000124476
256768,0.000124476
257024,0.000124476
257280,0.000124476
257536,0.000124476
257792,0.000124476
258048,0.000124476
258304,0.000124476
258560,0.000124476
258816,0.000124476
259072,0.000124476
259328,0.000124476
259584,0.000124476
259840,0.000124462
260096,0.000124354
260352,0.000124246
260608,0.000124138
260864,0.000124035
261120,0.000124035
261376,0.000124033
261632,0.000123924
261888,0.000123816
262144,0.000123815
262400,0.000123815
262656,0.000123815
262912,0.000123815
263168,0.000123815
263424,0.000123815
263680,0.000123815
263936,0.000123815
264192,0.00012372
264448,0.000123611
264704,0.000123595
264960,0.000123595
265216,0.000123505
265472,0.000123396
265728,0.000123375
265984,0.000123375
266240,0.000123375
266496,0.000123375
266752,0.000123375
267008,0.000123375
267264,0.000123213
267520,0.000122995
267776,0.000122934
268032,0.000122934
268288,0.000122934
268544,0.000122934
268800,0.000122934
269056,0.000122934
269312,0.000122859
269568,0.00012275
269824,0.000122714
270080,0.000122714
270336,0.000122642
270592,0.000122532
270848,0.00012228
271104,0.000121949
271360,0.000121832
271616,0.000121832
271872,0.000121832
272128,0.000121832
272384,0.000121832
272640,0.000121832
272896,0.000121832
273152,0.000121832
273408,0.000121759
273664,0.000121649
273920,0.000121538
274176,0.000121427
274432,0.000121392
274688,0.000121392
274944,0.000121392
275200,0.000121392
275456,0.000121392
275712,0.000121392
275968,0.000121392
276224,0.000121392
276480,0.000121312
276736,0.000121201
276992,0.000121171
277248,0.000121171
277504,0.000121088
277760,0.000120977
278016,0.000120951
278272,0.000120951
278528,0.000120951
278784,0.000120951
279040,0.000120951
279296,0.000120951
279552,0.00012086
279808,0.000120748
280064,0.000120731
280320,0.000120731
280576,0.000120634
280832,0.000120523
281088,0.000120213
281344,0.000119877
281600,0.000119849
281856,0.000119849
282112,0.000119742
282368,0.00011963
282624,0.000119629
282880,0.000119629
283136,0.000119629
283392,0.000119629
283648,0.000119629
283904,0.000119629
284160,0.000119629
284416,0.000119629
284672,0.000119629
284928,0.000119629
285184,0.000119629
285440,0.000119629
285696,0.000119629
285952,0.000119629
286208,0.000119629
286464,0.000119629
286720,0.000119629
286976,0.000119629
287232,0.000119629
287488,0.000119585
287744,0.000119472
288000,0.000119409
288256,0.000119409
288512,0.000119409
288768,0.000119409
289024,0.000119409
289280,0.000119409
289536,0.000119409
289792,0.000119409
290048,0.000119409
290304,0.000119409
290560,0.000119409
290816,0.000119409
291072,0.00011933
291328,0.000119218
291584,0.000119188
291840,0.000119188
292096,0.000119099
292352,0.000118986
292608,0.000118968
292864,0.000118968
293120,0.000118767
293376,0.00011854
293632,0.000118527
293888,0.000118527
294144,0.0001183
294400,0.00011808
294656,0.000117966
294912,0.000117866
295168,0.000117866
295424,0.000117844
295680,0.00011773
295936,0.000117646
296192,0.000117646
296448,0.000117646
296704,0.000117646
296960,0.000117646
297216,0.000117646
297472,0.000117423
297728,0.000116964
297984,0.0001167
298240,0.000116584
298496,0.000116469
298752,0.000116353
299008,0.000116324
299264,0.000116324
299520,0.000116324
299776,0.000116324
300032,0.000116324
300288,0.000116324
300544,0.000116324
300800,0.00011631
301056,0.000116194
301312,0.000116078
301568,0.000115962
301824,0.000115846
302080,0.00011573
302336,0.000115663
302592,0.000115663
302848,0.000115663
303104,0.000115663
303360,0.000115663
303616,0.000115663
303872,0.000115577
304128,0.000115461
304384,0.000115443
304640,0.000115443
304896,0.000115443
305152,0.000115443
305408,0.000115443
305664,0.000115443
305920,0.000115443
306176,0.000115443
306432,0.000115443
306688,0.000115443
306944,0.000115443
307200,0.000115269
307456,0.000114919
307712,0.000114782
307968,0.000114782
308224,0.000114782
308480,0.000114782
308736,0.000114782
308992,0.000114782
309248,0.000114782
309504,0.000114782
309760,0.000114782
310016,0.000114758
310272,0.00011464
310528,0.000114523
310784,0.000114405
311040,0.000114341
311296,0.000114341
311552,0.000114341
311808,0.000114341
312064,0.000114341
312320,0.000114341
312576,0.000114341
312832,0.000114341
313088,0.000114341
313344,0.000114331
313600,0.000114213
313856,0.000114121
314112,0.000114121
314368,0.00011408
314624,0.000113962
314880,0.000113901
315136,0.000113901
315392,0.000113901
315648,0.000113901
315904,0.000113901
316160,0.000113901
316416,0.000113901
316672,0.000113899
316928,0.000113781
317184,0.00011368
317440,0.00011368
317696,0.00011368
317952,0.00011368
318208,0.00011368
318464,0.00011368
318720,0.00011368
318976,0.00011368
319232,0.00011368
319488,0.00011368
319744,0.000113185
320000,0.000112589
320256,0.000112579
320512,0.000112579
320768,0.000112579
321024,0.000112579
321280,0.000112579
321536,0.000112579
321792,0.000112579
322048,0.000112579
322304,0.000112579
322560,0.000112579
322816,0.000112579
323072,0.00011236
323328,0.000112138
323584,0.000112138
323840,0.000112138
324096,0.000112138
324352,0.000112138
324608,0.000112138
324864,0.000112138
325120,0.000112138
325376,0.000112051
325632,0.000111931
325888,0.000111704
326144,0.000111477
326400,0.000111477
326656,0.000111477
326912,0.000111477
327168,0.000111477
327424,0.000111477
327680,0.000111477
327936,0.000111477
328192,0.000111477
328448,0.000111477
328704,0.000111477
328960,0.000111477
329216,0.000111477
329472,0.000111477
329728,0.000111477
329984,0.000111477
330240,0.000111477
330496,0.000111477
330752,0.000111477
331008,0.000111477
331264,0.000111477
331520,0.000111477
331776,0.00011146
332032,0.000111339
332288,0.000111218
332544,0.000111097
332800,0.000111036
333056,0.000111036
333312,0.000110954
333568,0.000110833
333824,0.000110816
334080,0.000110816
334336,0.000110816
334592,0.000110816
334848,0.000110816
335104,0.000110816
335360,0.000110816
335616,0.000110816
335872,0.000110816
336128,0.000110816
336384,0.000110816
336640,0.000110816
336896,0.000110816
337152,0.000110816
337408,0.000110775
337664,0.000110654
337920,0.000110596
338176,0.000110596
338432,0.000110509
338688,0.000110388
338944,0.000110375
339200,0.000110375
339456,0.000110375
339712,0.000110375
339968,0.000110375
340224,0.000110318
340480,0.000110196
340736,0.000110155
340992,0.000110155
341248,0.000110155
341504,0.000110155
341760,0.000110155
342016,0.000110155
342272,0.000110155
342528,0.000110155
342784,0.000110155
343040,0.000110155
343296,0.000110155
343552,0.000110155
343808,0.000110155
344064,0.000110155
344320,0.000110155
344576,0.000110155
344832,0.000110103
345088,0.000109981
345344,0.000109935
345600,0.000109935
345856,0.000109935
346112,0.000109935
346368,0.000109935
346624,0.000109935
346880,0.000109935
347136,0.000109935
347392,0.000109935
347648,0.000109935
347904,0.000109935
348160,0.000109935
348416,0.000109935
348672,0.000109935
348928,0.000109935
349184,0.000109935
349440,0.000109935
349696,0.000109935
349952,0.000109935
350208,0.000109935
350464,0.000109836
350720,0.000109714
350976,0.000109714
351232,0.000109714
351488,0.000109714
351744,0.000109714
352000,0.000109714
352256,0.000109714
352512,0.000109714
352768,0.000109714
353024,0.000109714
353280,0.000109714
353536,0.000109714
353792,0.000109714
354048,0.000109714
354304,0.000109714
354560,0.000109714
354816,0.000109714
355072,0.000109714
355328,0.00010971
355584,0.000109588
355840,0.000109465
356096,0.000109342
356352,0.000109274
356608,0.000109274
356864,0.000109193
357120,0.00010907
357376,0.000109053
357632,0.000109053
357888,0.000109053
358144,0.000108981
358400,0.000108734
358656,0.000108613
358912,0.000108613
359168,0.000108613
359424,0.000108613
359680,0.000108613
359936,0.000108613
360192,0.000108613
360448,0.000108564
360704,0.00010844
360960,0.000108392
361216,0.000108392
361472,0.000108392
361728,0.000108392
361984,0.000108392
362240,0.000108392
362496,0.000108392
362752,0.000108392
363008,0.000108392
363264,0.000108392
363520,0.000108392
363776,0.000108392
364032,0.000108392
364288,0.000108392
364544,0.000108392
364800,0.000108392
365056,0.000108392
365312,0.000108392
365568,0.000108392
365824,0.000108392
366080,0.000108392
366336,0.000108392
366592,0.000108392
366848,0.000108392
367104,0.000108392
367360,0.000108392
367616,0.000108392
367872,0.000108392
368128,0.000108392
368384,0.000108392
368640,0.000108287
368896,0.000108038
369152,0.000107952
369408,0.000107952
369664,0.000107952
369920,0.000107952
370176,0.000107952
370432,0.000107952
370688,0.000107952
370944,0.000107952
371200,0.000107952
371456,0.000107952
371712,0.000107952
371968,0.000107952
372224,0.000107952
372480,0.000107952
372736,0.000107952
372992,0.000107952
373248,0.000107952
373504,0.000107952
373760,0.000107952
374016,0.000107903
374272,0.000107653
374528,0.000107403
374784,0.000107152
375040,0.00010707
375296,0.00010707
375552,0.00010707
375808,0.00010707
376064,0.00010707
376320,0.00010707
376576,0.00010707
376832,0.00010707
377088,0.00010707
377344,0.00010707
377600,0.00010707
377856,0.00010707
378112,0.00010707
378368,0.00010707
378624,0.00010707
378880,0.00010707
379136,0.00010707
379392,0.00010707
379648,0.00010707
379904,0.00010707
380160,0.00010707
380416,0.000107031
380672,0.000106968
380928,0.000106906
381184,0.00010685
381440,0.00010685
381696,0.00010685
381952,0.00010685
382208,0.00010685
382464,0.00010685
382720,0.00010685
382976,0.00010685
383232,0.00010685
383488,0.00010685
383744,0.00010685
384000,0.00010685
384256,0.00010685
384512,0.00010685
384768,0.00010685
385024,0.00010685
385280,0.00010685
385536,0.00010685
385792,0.00010685
386048,0.00010685
386304,0.00010685
386560,0.00010685
386816,0.00010685
387072,0.00010685
387328,0.00010685
387584,0.00010685
387840,0.00010685
388096,0.00010685
388352,0.00010685
388608,0.00010685
388864,0.00010685
389120,0.00010685
389376,0.00010685
389632,0.00010685
389888,0.00010685
390144,0.00010685
390400,0.00010685
390656,0.00010685
390912,0.00010685
391168,0.00010685
391424,0.00010685
391680,0.00010685
391936,0.00010685
392192,0.00010685
392448,0.00010685
392704,0.00010685
392960,0.000106774
393216,0.000106648
393472,0.000106522
393728,0.000106409
393984,0.000106409
394240,0.000106409
394496,0.000106409
394752,0.000106409
395008,0.000106409
395264,0.000106409
395520,0.000106409
395776,0.000106409
396032,0.000106409
396288,0.000106409
396544,0.000106409
396800,0.000106409
397056,0.000106409
397312,0.000106409
397568,0.000106409
397824,0.000106409
398080,0.000106409
398336,0.000106409
398592,0.000106409
398848,0.000106409
399104,0.000106409
399360,0.000106409
399616,0.000106409
399872,0.000106409
400128,0.000106409
400384,0.000106409
400640,0.000106409
400896,0.000106409
401152,0.000106409
401408,0.000106409
401664,0.000106409
401920,0.000106364
402176,0.0001063
402432,0.000106237
402688,0.000106174
402944,0.00010611
403200,0.000106047
403456,0.000105984
403712,0.000105969
403968,0.000105969
404224,0.000105969
404480,0.000105931
404736,0.000105804
404992,0.000105677
405248,0.00010555
405504,0.000105528
405760,0.000105528
406016,0.000105528
406272,0.000105528
406528,0.000105528
406784,0.000105528
407040,0.000105528
407296,0.00010547
407552,0.000105406
407808,0.000105342
408064,0.000105308
408320,0.000105308
408576,0.000105308
408832,0.000105308
409088,0.000105308
409344,0.000105308
409600,0.000105308
409856,0.000105308
410112,0.000105308
410368,0.000105308
410624,0.000105308
410880,0.000105308
411136,0.000105308
411392,0.000105308
411648,0.000105308
411904,0.000105308
412160,0.000105308
412416,0.000105308
412672,0.000105308
412928,0.000105308
413184,0.000105308
413440,0.000105308
413696,0.000105308
413952,0.000105308
414208,0.000105308
414464,0.000105308
414720,0.000105308
414976,0.000105308
415232,0.000105308
415488,0.000105308
415744,0.000105308
416000,0.000105308
416256,0.000105308
416512,0.000105308
416768,0.000105308
417024,0.000105308
417280,0.000105308
417536,0.000105308
417792,0.000105308
418048,0.000105308
418304,0.000105308
418560,0.000105308
418816,0.000105308
419072,0.000105308
419328,0.000105308
419584,0.000105308
419840,0.000105308
420096,0.000105308
420352,0.000105308
420608,0.000105308
420864,0.000105308
421120,0.000105308
421376,0.000105219
421632,0.000105091
421888,0.000104963
422144,0.000104867
422400,0.000104867
422656,0.000104867
422912,0.000104867
423168,0.000104867
423424,0.000104867
423680,0.000104867
423936,0.000104867
424192,0.000104867
424448,0.000104867
424704,0.000104867
424960,0.000104867
425216,0.000104867
425472,0.000104867
425728,0.000104867
425984,0.000104867
426240,0.000104867
426496,0.000104867
426752,0.000104867
427008,0.000104867
427264,0.000104867
427520,0.000104745
427776,0.000104552
428032,0.000104359
428288,0.000104206
428544,0.000104206
428800,0.000104206
429056,0.000104206
429312,0.000104103
429568,0.000103974
429824,0.000103845
430080,0.000103766
430336,0.000103766
430592,0.000103766
430848,0.000103766
431104,0.000103766
431360,0.000103766
431616,0.000103766
431872,0.000103766
432128,0.000103766
432384,0.000103766
432640,0.000103766
432896,0.000103766
433152,0.000103766
433408,0.000103766
433664,0.000103766
433920,0.000103766
434176,0.000103766
434432,0.000103766
434688,0.000103766
434944,0.000103766
435200,0.000103766
435456,0.000103766
435712,0.000103766
435968,0.000103766
436224,0.000103689
436480,0.00010356
436736,0.00010343
436992,0.000103312
437248,0.000103247
437504,0.000103182
437760,0.000103117
438016,0.000103105
438272,0.000103105
438528,0.000103105
438784,0.000103048
439040,0.000102917
439296,0.000102787
439552,0.000102664
439808,0.000102664
440064,0.000102664
440320,0.000102664
440576,0.000102664
440832,0.000102664
441088,0.000102664
441344,0.000102664
441600,0.000102664
441856,0.000102664
442112,0.000102664
442368,0.000102664
442624,0.000102664
442880,0.000102664
443136,0.000102664
443392,0.000102664
443648,0.000102664
443904,0.000102664
444160,0.000102664
444416,0.000102664
444672,0.000102664
444928,0.000102664
445184,0.000102664
445440,0.000102664
445696,0.000102664
445952,0.000102664
446208,0.000102664
446464,0.000102664
446720,0.000102664
446976,0.000102664
447232,0.000102664
447488,0.000102664
447744,0.000102664
448000,0.000102664
448256,0.000102664
448512,0.000102664
448768,0.000102664
449024,0.000102664
449280,0.000102664
449536,0.000102664
449792,0.000102664
450048,0.000102664
450304,0.000102664
450560,0.000102664
450816,0.000102642
451072,0.000102577
451328,0.000102511
451584,0.000102446
451840,0.000102444
452096,0.000102444
452352,0.000102444
452608,0.000102444
452864,0.000102444
453120,0.000102444
453376,0.000102444
453632,0.000102444
453888,0.000102444
454144,0.000102444
454400,0.000102444
454656,0.000102444
454912,0.000102444
455168,0.000102444
455424,0.000102444
455680,0.000102444
455936,0.000102444
456192,0.000102444
456448,0.000102444
456704,0.000102444
456960,0.000102444
457216,0.000102444
457472,0.000102444
457728,0.000102444
457984,0.000102444
458240,0.000102444
458496,0.000102444
458752,0.000102444
459008,0.000102444
459264,0.000102444
459520,0.000102344
459776,0.000102213
460032,0.000102081
460288,0.000102003
460544,0.000102003
460800,0.000102003
461056,0.000101999
461312,0.000101933
461568,0.000101867
461824,0.000101801
462080,0.000101783
462336,0.000101783
462592,0.000101783
462848,0.000101731
463104,0.000101599
463360,0.000101466
463616,0.000101342
463872,0.000101342
464128,0.000101342
464384,0.000101342
464640,0.000101342
464896,0.000101342
465152,0.000101342
465408,0.000101342
465664,0.000101342
465920,0.000101342
466176,0.000101342
466432,0.000101342
466688,0.000101342
466944,0.000101342
467200,0.000101342
467456,0.000101342
467712,0.000101342
467968,0.000101342
468224,0.000101342
468480,0.000101342
468736,0.000101333
468992,0.000101266
469248,0.0001012
469504,0.000101134
469760,0.000101122
470016,0.000101122
470272,0.000101122
470528,0.000101122
470784,0.000101122
471040,0.000101122
471296,0.000101109
471552,0.000101042
471808,0.000100976
472064,0.000100909
472320,0.000100901
472576,0.000100901
472832,0.000100901
473088,0.000100863
473344,0.000100796
473600,0.000100729
473856,0.000100681
474112,0.000100681
474368,0.000100681
474624,0.000100681
474880,0.000100681
475136,0.000100681
475392,0.000100681
475648,0.000100681
475904,0.000100681
476160,0.000100681
476416,0.000100681
476672,0.000100681
476928,0.000100681
477184,0.000100681
477440,0.000100681
477696,0.000100681
477952,0.000100681
478208,0.000100681
478464,0.000100681
478720,0.000100681
478976,0.000100681
479232,0.000100681
479488,0.000100681
479744,0.000100681
480000,0.000100681
480256,0.000100681
480512,0.000100681
480768,0.000100681
481024,0.000100681
481280,0.000100681
481536,0.000100642
481792,0.000100575
482048,0.000100508
482304,0.000100441
482560,0.000100374
482816,0.000100307
483072,0.00010024
483328,0.00010024
483584,0.00010024
483840,0.00010024
484096,0.000100192
484352,0.000100125
484608,0.000100058
484864,0.00010002
485120,0.00010002
485376,0.00010002
485632,0.00010002
485888,0.00010002
486144,0.00010002
486400,0.00010002
486656,0.00010002
486912,0.00010002
487168,0.00010002
487424,0.00010002
487680,0.00010002
487936,0.00010002
488192,0.00010002
488448,0.00010002
488704,0.00010002
488960,0.00010002
489216,0.00010002
489472,0.00010002
489728,0.00010002
489984,9.99683e-05
490240,9.9901e-05
490496,9.98337e-05
490752,9.97997e-05
491008,9.97997e-05
491264,9.97997e-05
491520,9.97997e-05
491776,9.97997e-05
492032,9.97997e-05
492288,9.97997e-05
492544,9.97997e-05
492800,9.97997e-05
493056,9.97997e-05
493312,9.97997e-05
493568,9.97997e-05
493824,9.97997e-05
494080,9.97997e-05
494336,9.97997e-05
494592,9.97997e-05
494848,9.97997e-05
495104,9.97997e-05
495360,9.97997e-05
495616,9.97997e-05
495872,9.97997e-05
496128,9.97997e-05
496384,9.97997e-05
496640,9.97997e-05
496896,9.97997e-05
497152,9.97997e-05
497408,9.97772e-05
497664,9.97098e-05
497920,9.96424e-05
498176,9.95794e-05
498432,9.95794e-05
498688,9.95794e-05
498944,9.95794e-05
499200,9.95251e-05
499456,9.94575e-05
499712,9.93899e-05
499968,9.9359e-05
500224,9.9359e-05
500480,9.9359e-05
500736,9.9359e-05
500992,9.9359e-05
501248,9.9359e-05
501504,9.9359e-05
501760,9.9359e-05
502016,9.9359e-05
502272,9.9359e-05
502528,9.9359e-05
502784,9.9359e-05
503040,9.9359e-05
503296,9.9359e-05
503552,9.9359e-05
503808,9.9359e-05
504064,9.9359e-05
504320,9.9359e-05
504576,9.9359e-05
504832,9.9359e-05
505088,9.9359e-05
505344,9.9359e-05
505600,9.9359e-05
505856,9.9359e-05
506112,9.9359e-05
506368,9.9359e-05
506624,9.9359e-05
506880,9.9359e-05
507136,9.9359e-05
507392,9.9359e-05
507648,9.9359e-05
507904,9.9359e-05
508160,9.9359e-05
508416,9.9359e-05
508672,9.9359e-05
508928,9.9359e-05
509184,9.9359e-05
509440,9.9359e-05
509696,9.9359e-05
509952,9.9359e-05
510208,9.9359e-05
510464,9.9359e-05
510720,9.9359e-05
510976,9.9359e-05
511232,9.9359e-05
511488,9.9359e-05
511744,9.9359e-05
512000,9.9359e-05
512256,9.9359e-05
512512,9.9359e-05
512768,9.9359e-05
513024,9.9359e-05
513280,9.9359e-05
513536,9.9359e-05
513792,9.9359e-05
514048,9.93458e-05
514304,9.92781e-05
514560,9.92103e-05
514816,9.91425e-05
515072,9.91387e-05
515328,9.91387e-05
515584,9.91387e-05
515840,9.90916e-05
516096,9.90237e-05
516352,9.89558e-05
516608,9.89184e-05
516864,9.89184e-05
517120,9.89184e-05
517376,9.89184e-05
517632,9.89184e-05
517888,9.89184e-05
518144,9.89184e-05
518400,9.89184e-05
518656,9.89184e-05
518912,9.89184e-05
519168,9.89184e-05
519424,9.89184e-05
519680,9.89184e-05
519936,9.89184e-05
520192,9.89184e-05
520448,9.89184e-05
520704,9.89019e-05
520960,9.88338e-05
521216,9.87658e-05
521472,9.86981e-05
521728,9.86981e-05
521984,9.86981e-05
522240,9.86981e-05
522496,9.86981e-05
522752,9.86981e-05
523008,9.86981e-05
523264,9.86981e-05
523520,9.86981e-05
523776,9.86981e-05
524032,9.86981e-05
524288,9.86981e-05
524544,9.86981e-05
524800,9.86981e-05
525056,9.86981e-05
525312,9.86981e-05
525568,9.86981e-05
525824,9.86981e-05
526080,9.86981e-05
526336,9.86981e-05
526592,9.86981e-05
526848,9.86981e-05
527104,9.86981e-05
527360,9.86981e-05
527616,9.86981e-05
527872,9.86981e-05
528128,9.8689e-05
528384,9.86209e-05
528640,9.85527e-05
528896,9.84844e-05
529152,9.84161e-05
529408,9.83478e-05
529664,9.82794e-05
529920,9.82574e-05
530176,9.82574e-05
530432,9.82574e-05
530688,9.82574e-05
530944,9.82574e-05
531200,9.82574e-05
531456,9.82574e-05
531712,9.82574e-05
531968,9.82574e-05
532224,9.82561e-05
532480,9.81876e-05
532736,9.81191e-05
532992,9.80506e-05
533248,9.80371e-05
533504,9.80371e-05
533760,9.80371e-05
534016,9.80371e-05
534272,9.80371e-05
534528,9.80371e-05
534784,9.80111e-05
535040,9.79425e-05
535296,9.78738e-05
535552,9.78051e-05
535808,9.77363e-05
536064,9.76675e-05
536320,9.75986e-05
536576,9.75964e-05
536832,9.75964e-05
537088,9.75964e-05
537344,9.75964e-05
537600,9.75964e-05
537856,9.75964e-05
538112,9.75964e-05
538368,9.75964e-05
538624,9.75964e-05
538880,9.75964e-05
539136,9.75964e-05
539392,9.75964e-05
539648,9.75843e-05
539904,9.75154e-05
540160,9.74464e-05
540416,9.73774e-05
540672,9.73761e-05
540928,9.73761e-05
541184,9.73761e-05
541440,9.73761e-05
541696,9.73761e-05
541952,9.73761e-05
542208,9.73761e-05
542464,9.73761e-05
542720,9.73761e-05
542976,9.73761e-05
543232,9.73761e-05
543488,9.73761e-05
543744,9.73761e-05
544000,9.73761e-05
544256,9.73761e-05
544512,9.73761e-05
544768,9.73761e-05
545024,9.73761e-05
545280,9.73761e-05
545536,9.73761e-05
545792,9.73761e-05
546048,9.73761e-05
546304,9.73761e-05
546560,9.73761e-05
546816,9.73761e-05
547072,9.73761e-05
547328,9.73761e-05
547584,9.73761e-05
547840,9.73761e-05
548096,9.73761e-05
548352,9.73761e-05
548608,9.73711e-05
548864,9.7302e-05
549120,9.72329e-05
549376,9.71637e-05
549632,9.71558e-05
549888,9.71558e-05
550144,9.71558e-05
550400,9.71072e-05
550656,9.70379e-05
550912,9.69686e-05
551168,9.68992e-05
551424,9.68298e-05
551680,9.67603e-05
551936,9.66908e-05
552192,9.66213e-05
552448,9.65517e-05
552704,9.64948e-05
552960,9.64948e-05
553216,9.64948e-05
553472,9.64948e-05
553728,9.64948e-05
553984,9.64948e-05
554240,9.64948e-05
554496,9.64948e-05
554752,9.64948e-05
555008,9.64948e-05
555264,9.64948e-05
555520,9.64948e-05
555776,9.64948e-05
556032,9.64948e-05
556288,9.64948e-05
556544,9.64948e-05
556800,9.64948e-05
557056,9.64948e-05
557312,9.64948e-05
557568,9.64948e-05
557824,9.64948e-05
558080,9.64948e-05
558336,9.64948e-05
558592,9.64948e-05
558848,9.64948e-05
559104,9.64948e-05
559360,9.64329e-05
559616,9.63631e-05
559872,9.62933e-05
560128,9.62235e-05
560384,9.61536e-05
560640,9.60836e-05
560896,9.60541e-05
561152,9.60541e-05
561408,9.60541e-05
561664,9.60541e-05
561920,9.60541e-05
562176,9.60541e-05
562432,9.60541e-05
562688,9.60541e-05
562944,9.60541e-05
563200,9.60446e-05
563456,9.59746e-05
563712,9.59045e-05
563968,9.58344e-05
564224,9.58338e-05
564480,9.58338e-05
564736,9.58338e-05
564992,9.58338e-05
565248,9.58338e-05
565504,9.58338e-05
565760,9.58338e-05
566016,9.58338e-05
566272,9.58338e-05
566528,9.58338e-05
566784,9.58338e-05
567040,9.58338e-05
567296,9.58338e-05
567552,9.58338e-05
567808,9.58338e-05
568064,9.58338e-05
568320,9.58338e-05
568576,9.58338e-05
568832,9.58338e-05
569088,9.58338e-05
569344,9.58338e-05
569600,9.58338e-05
569856,9.58338e-05
570112,9.58338e-05
570368,9.58338e-05
570624,9.58338e-05
570880,9.58338e-05
571136,9.58338e-05
571392,9.56801e-05
571648,9.5469e-05
571904,9.52575e-05
572160,9.5088e-05
572416,9.49464e-05
572672,9.48047e-05
572928,9.47322e-05
573184,9.47322e-05
573440,9.47322e-05
573696,9.47322e-05
573952,9.47322e-05
574208,9.47322e-05
574464,9.47322e-05
574720,9.47322e-05
574976,9.47322e-05
575232,9.47322e-05
575488,9.47322e-05
575744,9.47322e-05
576000,9.47322e-05
576256,9.47322e-05
576512,9.47322e-05
576768,9.47322e-05
577024,9.47322e-05
577280,9.47322e-05
577536,9.47322e-05
577792,9.47322e-05
578048,9.47322e-05
578304,9.47322e-05
578560,9.47322e-05
578816,9.47322e-05
579072,9.47322e-05
579328,9.47322e-05
579584,9.47322e-05
579840,9.47322e-05
580096,9.47322e-05
580352,9.47322e-05
580608,9.47322e-05
580864,9.47322e-05
581120,9.47322e-05
581376,9.47322e-05
581632,9.47322e-05
581888,9.47322e-05
582144,9.47322e-05
582400,9.47322e-05
582656,9.47322e-05
582912,9.47322e-05
583168,9.47322e-05
583424,9.47322e-05
583680,9.47322e-05
583936,9.47322e-05
584192,9.47322e-05
584448,9.47322e-05
584704,9.47322e-05
584960,9.47322e-05
585216,9.47322e-05
585472,9.47322e-05
585728,9.47322e-05
585984,9.47322e-05
586240,9.47322e-05
586496,9.47322e-05
586752,9.47322e-05
587008,9.47322e-05
587264,9.47322e-05
587520,9.47322e-05
587776,9.47322e-05
588032,9.47322e-05
588288,9.47322e-05
588544,9.47322e-05
588800,9.47322e-05
589056,9.47322e-05
589312,9.47322e-05
589568,9.47322e-05
589824,9.47322e-05
590080,9.47322e-05
590336,9.47322e-05
590592,9.47322e-05
590848,9.47322e-05
591104,9.47322e-05
591360,9.47322e-05
591616,9.47322e-05
591872,9.47322e-05
592128,9.47322e-05
592384,9.47322e-05
592640,9.47322e-05
592896,9.47322e-05
593152,9.47322e-05
593408,9.47322e-05
593664,9.47322e-05
593920,9.47322e-05
594176,9.47322e-05
594432,9.47322e-05
594688,9.47322e-05
594944,9.47322e-05
595200,9.47322e-05
595456,9.47322e-05
595712,9.47322e-05
595968,9.47156e-05
596224,9.46801e-05
596480,9.46446e-05
596736,9.46091e-05
596992,9.45735e-05
597248,9.4538e-05
597504,9.45119e-05
597760,9.45119e-05
598016,9.45119e-05
598272,9.45119e-05
598528,9.45119e-05
598784,9.45119e-05
599040,9.45119e-05
599296,9.45119e-05
599552,9.45119e-05
599808,9.45119e-05
600064,9.45119e-05
600320,9.45119e-05
600576,9.45119e-05
600832,9.45119e-05
601088,9.45119e-05
601344,9.45119e-05
601600,9.45119e-05
601856,9.45119e-05
602112,9.45119e-05
602368,9.45119e-05
602624,9.45119e-05
602880,9.45119e-05
603136,9.45119e-05
603392,9.45119e-05
603648,9.45119e-05
603904,9.45119e-05
604160,9.45119e-05
604416,9.45119e-05
604672,9.45119e-05
604928,9.45119e-05
605184,9.45119e-05
605440,9.45119e-05
605696,9.45119e-05
605952,9.45119e-05
606208,9.45119e-05
606464,9.45119e-05
606720,9.45119e-05
606976,9.45082e-05
607232,9.44726e-05
607488,9.4437e-05
607744,9.44014e-05
608000,9.43658e-05
608256,9.43302e-05
608512,9.42945e-05
608768,9.42915e-05
609024,9.42915e-05
609280,9.42915e-05
609536,9.42915e-05
609792,9.42915e-05
610048,9.42915e-05
610304,9.42653e-05
610560,9.42296e-05
610816,9.41939e-05
611072,9.41582e-05
611328,9.41225e-05
611584,9.40868e-05
611840,9.40712e-05
612096,9.40712e-05
612352,9.40712e-05
612608,9.40712e-05
612864,9.40712e-05
613120,9.40712e-05
613376,9.40284e-05
613632,9.39211e-05
613888,9.38136e-05
614144,9.3706e-05
614400,9.35984e-05
614656,9.34905e-05
614912,9.34102e-05
615168,9.34102e-05
615424,9.34102e-05
615680,9.34102e-05
615936,9.34102e-05
616192,9.34102e-05
616448,9.34102e-05
616704,9.34102e-05
616960,9.34102e-05
617216,9.34102e-05
617472,9.34102e-05
617728,9.34102e-05
617984,9.34098e-05
618240,9.33738e-05
618496,9.33378e-05
618752,9.33018e-05
619008,9.32657e-05
619264,9.32297e-05
619520,9.31936e-05
619776,9.31899e-05
620032,9.31899e-05
620288,9.31899e-05
620544,9.31899e-05
620800,9.31899e-05
621056,9.31899e-05
621312,9.31899e-05
621568,9.31899e-05
621824,9.31899e-05
622080,9.31899e-05
622336,9.31899e-05
622592,9.31899e-05
622848,9.31899e-05
623104,9.31899e-05
623360,9.31899e-05
623616,9.31899e-05
623872,9.31899e-05
624128,9.31899e-05
624384,9.31275e-05
624640,9.30192e-05
624896,9.29107e-05
625152,9.28021e-05
625408,9.26933e-05
625664,9.25845e-05
625920,9.25289e-05
626176,9.25289e-05
626432,9.25289e-05
626688,9.25289e-05
626944,9.25289e-05
627200,9.25289e-05
627456,9.24979e-05
627712,9.24252e-05
627968,9.23524e-05
628224,9.22796e-05
628480,9.22067e-05
628736,9.21338e-05
628992,9.20745e-05
629248,9.2038e-05
629504,9.20015e-05
629760,9.19649e-05
630016,9.19284e-05
630272,9.18918e-05
630528,9.1868e-05
630784,9.1868e-05
631040,9.1868e-05
631296,9.1868e-05
631552,9.1868e-05
631808,9.1868e-05
632064,9.1868e-05
632320,9.1868e-05
632576,9.1868e-05
632832,9.1868e-05
633088,9.1868e-05
633344,9.1868e-05
633600,9.18454e-05
633856,9.17722e-05
634112,9.16989e-05
634368,9.16255e-05
634624,9.15521e-05
634880,9.14787e-05
635136,9.14162e-05
635392,9.13794e-05
635648,9.13426e-05
635904,9.13058e-05
636160,9.1269e-05
636416,9.12322e-05
636672,9.1207e-05
636928,9.1207e-05
637184,9.1207e-05
637440,9.1207e-05
637696,9.1207e-05
637952,9.1207e-05
638208,9.1207e-05
638464,9.1207e-05
638720,9.1207e-05
638976,9.1207e-05
639232,9.1207e-05
639488,9.1207e-05
639744,9.1207e-05
640000,9.1207e-05
640256,9.1207e-05
640512,9.1207e-05
640768,9.1207e-05
641024,9.1207e-05
641280,9.1207e-05
641536,9.1207e-05
641792,9.1207e-05
642048,9.1207e-05
642304,9.1207e-05
642560,9.1207e-05
642816,9.1192e-05
643072,9.11551e-05
643328,9.11182e-05
643584,9.10813e-05
643840,9.10444e-05
644096,9.10074e-05
644352,9.0922e-05
644608,9.0774e-05
644864,9.06257e-05
645120,9.04772e-05
645376,9.03284e-05
645632,9.01794e-05
645888,9.00678e-05
646144,8.99931e-05
646400,8.99184e-05
646656,8.98435e-05
646912,8.97687e-05
647168,8.96937e-05
647424,8.96417e-05
647680,8.96042e-05
647936,8.95667e-05
648192,8.95291e-05
648448,8.94916e-05
648704,8.9454e-05
648960,8.94164e-05
649216,8.93788e-05
649472,8.93412e-05
649728,8.93036e-05
649984,8.92659e-05
650240,8.92282e-05
650496,8.92241e-05
650752,8.92241e-05
651008,8.92241e-05
651264,8.92241e-05
651520,8.92241e-05
651776,8.92225e-05
652032,8.91848e-05
652288,8.91471e-05
652544,8.91094e-05
652800,8.90716e-05
653056,8.90339e-05
653312,8.90037e-05
653568,8.90037e-05
653824,8.90037e-05
654080,8.90037e-05
654336,8.90037e-05
654592,8.90037e-05
654848,8.90037e-05
655104,8.90037e-05
655360,8.90037e-05
655616,8.90037e-05
655872,8.90037e-05
656128,8.90037e-05
656384,8.89835e-05
656640,8.89457e-05
656896,8.89079e-05
657152,8.88701e-05
657408,8.88322e-05
657664,8.87944e-05
657920,8.87296e-05
658176,8.86538e-05
658432,8.85779e-05
658688,8.8502e-05
658944,8.8426e-05
659200,8.83499e-05
659456,8.83083e-05
659712,8.82702e-05
659968,8.82321e-05
660224,8.8194e-05
660480,8.81559e-05
660736,8.81224e-05
660992,8.81224e-05
661248,8.81224e-05
661504,8.81224e-05
661760,8.81224e-05
662016,8.81224e-05
662272,8.81224e-05
662528,8.81224e-05
662784,8.81224e-05
663040,8.81224e-05
663296,8.81224e-05
663552,8.81224e-05
663808,8.81224e-05
664064,8.81224e-05
664320,8.81224e-05
664576,8.81224e-05
664832,8.81224e-05
665088,8.81224e-05
665344,8.81224e-05
665600,8.81224e-05
665856,8.81224e-05
666112,8.81224e-05
666368,8.81224e-05
666624,8.81224e-05
666880,8.81224e-05
667136,8.81224e-05
667392,8.81224e-05
667648,8.81224e-05
667904,8.81224e-05
668160,8.8113e-05
668416,8.80748e-05
668672,8.80366e-05
668928,8.79984e-05
669184,8.79602e-05
669440,8.7922e-05
669696,8.79021e-05
669952,8.79021e-05
670208,8.79021e-05
670464,8.79021e-05
670720,8.79021e-05
670976,8.79021e-05
671232,8.79021e-05
671488,8.79021e-05
671744,8.79021e-05
672000,8.79021e-05
672256,8.79021e-05
672512,8.79021e-05
672768,8.79021e-05
673024,8.79021e-05
673280,8.79021e-05
673536,8.79021e-05
673792,8.79021e-05
674048,8.7887e-05
674304,8.78105e-05
674560,8.77339e-05
674816,8.76572e-05
675072,8.75805e-05
675328,8.75037e-05
675584,8.74268e-05
675840,8.73498e-05
676096,8.72728e-05
676352,8.71958e-05
676608,8.71186e-05
676864,8.70414e-05
677120,8.69641e-05
677376,8.68868e-05
677632,8.68093e-05
677888,8.67318e-05
678144,8.66543e-05
678400,8.65802e-05
678656,8.65802e-05
678912,8.65802e-05
679168,8.65802e-05
679424,8.65802e-05
679680,8.65802e-05
679936,8.65802e-05
680192,8.65802e-05
680448,8.65802e-05
680704,8.65802e-05
680960,8.65802e-05
681216,8.65802e-05
681472,8.65802e-05
681728,8.65802e-05
681984,8.65802e-05
682240,8.65802e-05
682496,8.65802e-05
682752,8.65802e-05
683008,8.65802e-05
683264,8.65802e-05
683520,8.65802e-05
683776,8.65802e-05
684032,8.65802e-05
684288,8.65666e-05
684544,8.65278e-05
684800,8.64889e-05
685056,8.645e-05
685312,8.64111e-05
685568,8.63722e-05
685824,8.63598e-05
686080,8.63598e-05
686336,8.63598e-05
686592,8.63598e-05
686848,8.63598e-05
687104,8.63581e-05
687360,8.62802e-05
687616,8.62023e-05
687872,8.61242e-05
688128,8.60461e-05
688384,8.59679e-05
688640,8.59192e-05
688896,8.59192e-05
689152,8.59192e-05
689408,8.59192e-05
689664,8.59192e-05
689920,8.59192e-05
690176,8.59192e-05
690432,8.59192e-05
690688,8.59192e-05
690944,8.59192e-05
691200,8.59192e-05
691456,8.59192e-05
691712,8.59192e-05
691968,8.59192e-05
692224,8.59192e-05
692480,8.59192e-05
692736,8.59192e-05
692992,8.59192e-05
693248,8.59192e-05
693504,8.59192e-05
693760,8.59192e-05
694016,8.59192e-05
694272,8.59192e-05
694528,8.59192e-05
694784,8.59192e-05
695040,8.59192e-05
695296,8.59192e-05
695552,8.59192e-05
695808,8.59192e-05
696064,8.59192e-05
696320,8.59192e-05
696576,8.59192e-05
696832,8.59192e-05
697088,8.59192e-05
697344,8.59192e-05
697600,8.59192e-05
697856,8.59192e-05
698112,8.59192e-05
698368,8.59192e-05
698624,8.59192e-05
698880,8.58816e-05
699136,8.58424e-05
699392,8.58032e-05
699648,8.5764e-05
699904,8.57248e-05
700160,8.56724e-05
700416,8.55938e-05
700672,8.55153e-05
700928,8.54366e-05
701184,8.53579e-05
701440,8.52791e-05
701696,8.52582e-05
701952,8.52582e-05
702208,8.52582e-05
702464,8.52582e-05
702720,8.52582e-05
702976,8.52524e-05
703232,8.52129e-05
703488,8.51735e-05
703744,8.5134e-05
704000,8.50945e-05
704256,8.5055e-05
704512,8.50379e-05
704768,8.50379e-05
705024,8.50379e-05
705280,8.50379e-05
705536,8.50379e-05
705792,8.50379e-05
706048,8.50379e-05
706304,8.50379e-05
706560,8.50379e-05
706816,8.50379e-05
707072,8.50379e-05
707328,8.49878e-05
707584,8.48691e-05
707840,8.47502e-05
708096,8.46311e-05
708352,8.45118e-05
708608,8.43924e-05
708864,8.43769e-05
709120,8.43769e-05
709376,8.43769e-05
709632,8.43769e-05
709888,8.43769e-05
710144,8.43633e-05
710400,8.43235e-05
710656,8.42836e-05
710912,8.42437e-05
711168,8.42038e-05
711424,8.41638e-05
711680,8.40585e-05
711936,8.39384e-05
712192,8.38182e-05
712448,8.36977e-05
712704,8.35772e-05
712960,8.34956e-05
713216,8.34956e-05
713472,8.34956e-05
713728,8.34956e-05
713984,8.34956e-05
714240,8.34956e-05
714496,8.34956e-05
714752,8.34956e-05
715008,8.34956e-05
715264,8.34956e-05
715520,8.34956e-05
715776,8.34956e-05
716032,8.34956e-05
716288,8.34956e-05
716544,8.34956e-05
716800,8.34956e-05
717056,8.34956e-05
717312,8.34224e-05
717568,8.33418e-05
717824,8.3261e-05
718080,8.31802e-05
718336,8.30994e-05
718592,8.30549e-05
718848,8.30549e-05
719104,8.30549e-05
719360,8.30549e-05
719616,8.30549e-05
719872,8.30549e-05
720128,8.30549e-05
720384,8.30549e-05
720640,8.30549e-05
720896,8.30549e-05
721152,8.30549e-05
721408,8.30549e-05
721664,8.30549e-05
721920,8.30549e-05
722176,8.30549e-05
722432,8.30549e-05
722688,8.30549e-05
722944,8.30549e-05
723200,8.30549e-05
723456,8.30549e-05
723712,8.30549e-05
723968,8.30549e-05
724224,8.30549e-05
724480,8.30549e-05
724736,8.30549e-05
724992,8.30549e-05
725248,8.30549e-05
725504,8.30549e-05
725760,8.30549e-05
726016,8.30549e-05
726272,8.30549e-05
726528,8.30549e-05
726784,8.30549e-05
727040,8.30549e-05
727296,8.30549e-05
727552,8.30549e-05
727808,8.30549e-05
728064,8.30549e-05
728320,8.30549e-05
728576,8.30549e-05
728832,8.30549e-05
729088,8.30549e-05
729344,8.30549e-05
729600,8.30549e-05
729856,8.30182e-05
730112,8.29777e-05
730368,8.29372e-05
730624,8.28967e-05
730880,8.28561e-05
731136,8.28155e-05
731392,8.27749e-05
731648,8.27343e-05
731904,8.26936e-05
732160,8.2653e-05
732416,8.26143e-05
732672,8.26143e-05
732928,8.26143e-05
733184,8.26143e-05
733440,8.26143e-05
733696,8.26143e-05
733952,8.25885e-05
734208,8.25477e-05
734464,8.2507e-05
734720,8.24662e-05
734976,8.24255e-05
735232,8.23847e-05
735488,8.23439e-05
735744,8.2303e-05
736000,8.22622e-05
736256,8.22213e-05
736512,8.21804e-05
736768,8.21736e-05
737024,8.21736e-05
737280,8.21736e-05
737536,8.21736e-05
737792,8.21736e-05
738048,8.21552e-05
738304,8.21143e-05
738560,8.20733e-05
738816,8.20324e-05
739072,8.19914e-05
739328,8.19445e-05
739584,8.18213e-05
739840,8.16979e-05
740096,8.15744e-05
740352,8.14507e-05
740608,8.13268e-05
740864,8.12923e-05
741120,8.12923e-05
741376,8.12923e-05
741632,8.12923e-05
741888,8.12923e-05
742144,8.1276e-05
742400,8.12346e-05
742656,8.11932e-05
742912,8.11518e-05
743168,8.11104e-05
743424,8.10596e-05
743680,8.08936e-05
743936,8.07272e-05
744192,8.05604e-05
744448,8.03933e-05
744704,8.02259e-05
744960,8.01244e-05
745216,8.00405e-05
745472,7.99564e-05
745728,7.98723e-05
745984,7.9788e-05
746240,7.97269e-05
746496,7.96847e-05
746752,7.96425e-05
747008,7.96003e-05
747264,7.9558e-05
747520,7.95297e-05
747776,7.95297e-05
748032,7.95297e-05
748288,7.95297e-05
748544,7.95297e-05
748800,7.95197e-05
749056,7.94351e-05
749312,7.93505e-05
749568,7.92657e-05
749824,7.91808e-05
750080,7.90958e-05
750336,7.90891e-05
750592,7.90891e-05
750848,7.90891e-05
751104,7.90891e-05
751360,7.90891e-05
751616,7.90577e-05
751872,7.90152e-05
752128,7.89726e-05
752384,7.89301e-05
752640,7.88875e-05
752896,7.88688e-05
753152,7.88688e-05
753408,7.88688e-05
753664,7.88688e-05
753920,7.88688e-05
754176,7.8852e-05
754432,7.88094e-05
754688,7.87667e-05
754944,7.8724e-05
755200,7.86813e-05
755456,7.86484e-05
755712,7.86484e-05
755968,7.86484e-05
756224,7.86484e-05
756480,7.86484e-05
756736,7.86484e-05
756992,7.86484e-05
757248,7.86484e-05
757504,7.86484e-05
757760,7.86484e-05
758016,7.86484e-05
758272,7.86484e-05
758528,7.86484e-05
758784,7.86484e-05
759040,7.86484e-05
759296,7.86484e-05
759552,7.86484e-05
759808,7.86484e-05
760064,7.86484e-05
760320,7.86484e-05
760576,7.86484e-05
760832,7.86484e-05
761088,7.86484e-05
761344,7.86484e-05
761600,7.86484e-05
761856,7.86484e-05
762112,7.86288e-05
762368,7.8586e-05
762624,7.85432e-05
762880,7.85004e-05
763136,7.84576e-05
763392,7.84281e-05
763648,7.84281e-05
763904,7.84281e-05
764160,7.84281e-05
764416,7.84281e-05
764672,7.84281e-05
764928,7.84281e-05
765184,7.84281e-05
765440,7.84281e-05
765696,7.84281e-05
765952,7.84267e-05
766208,7.83838e-05
766464,7.83409e-05
766720,7.8298e-05
766976,7.8255e-05
767232,7.82121e-05
767488,7.82078e-05
767744,7.82078e-05
768000,7.82078e-05
768256,7.82078e-05
768512,7.82078e-05
768768,7.80745e-05
769024,7.7902e-05
769280,7.77292e-05
769536,7.7556e-05
769792,7.73824e-05
770048,7.7238e-05
770304,7.71073e-05
770560,7.69764e-05
770816,7.68452e-05
771072,7.67139e-05
771328,7.661e-05
771584,7.65222e-05
771840,7.64343e-05
772096,7.63463e-05
772352,7.62582e-05
772608,7.61974e-05
772864,7.61533e-05
773120,7.61091e-05
773376,7.60649e-05
773632,7.60207e-05
773888,7.60045e-05
774144,7.60045e-05
774400,7.60045e-05
774656,7.60045e-05
774912,7.60045e-05
775168,7.59467e-05
775424,7.58582e-05
775680,7.57695e-05
775936,7.56807e-05
776192,7.55918e-05
776448,7.55333e-05
776704,7.54888e-05
776960,7.54443e-05
777216,7.53997e-05
777472,7.53551e-05
777728,7.53435e-05
777984,7.53435e-05
778240,7.53435e-05
778496,7.53435e-05
778752,7.53435e-05
779008,7.53435e-05
779264,7.53435e-05
779520,7.53435e-05
779776,7.53435e-05
780032,7.53435e-05
780288,7.53049e-05
780544,7.52602e-05
780800,7.52156e-05
781056,7.51708e-05
781312,7.51261e-05
781568,7.51232e-05
781824,7.51232e-05
782080,7.51232e-05
782336,7.51232e-05
782592,7.51232e-05
782848,7.51232e-05
783104,7.51232e-05
783360,7.51232e-05
783616,7.51232e-05
783872,7.51153e-05
784128,7.50257e-05
784384,7.4936e-05
784640,7.48462e-05
784896,7.47564e-05
785152,7.46664e-05
785408,7.45763e-05
785664,7.4486e-05
785920,7.43957e-05
786176,7.43053e-05
786432,7.42419e-05
786688,7.42419e-05
786944,7.42419e-05
787200,7.42419e-05
787456,7.42419e-05
787712,7.42026e-05
787968,7.41119e-05
788224,7.40211e-05
788480,7.39302e-05
788736,7.38392e-05
788992,7.37747e-05
789248,7.37291e-05
789504,7.36835e-05
789760,7.36378e-05
790016,7.35922e-05
790272,7.35809e-05
790528,7.35809e-05
790784,7.35809e-05
791040,7.35809e-05
791296,7.35809e-05
791552,7.35809e-05
791808,7.35809e-05
792064,7.35809e-05
792320,7.35809e-05
792576,7.35809e-05
792832,7.35809e-05
793088,7.35809e-05
793344,7.35809e-05
793600,7.35809e-05
793856,7.35809e-05
794112,7.35809e-05
794368,7.35809e-05
794624,7.35809e-05
794880,7.35809e-05
795136,7.35809e-05
795392,7.35809e-05
795648,7.35809e-05
795904,7.35809e-05
796160,7.35809e-05
796416,7.34633e-05
796672,7.328e-05
796928,7.30963e-05
797184,7.29121e-05
797440,7.27274e-05
797696,7.2621e-05
797952,7.25284e-05
798208,7.24356e-05
798464,7.23427e-05
798720,7.22544e-05
798976,7.22078e-05
799232,7.21612e-05
799488,7.21146e-05
799744,7.2068e-05
800000,7.20387e-05
800256,7.20387e-05
800512,7.20387e-05
800768,7.20387e-05
801024,7.20387e-05
801280,7.20387e-05
801536,7.20387e-05
801792,7.20387e-05
802048,7.20387e-05
802304,7.20387e-05
802560,7.20387e-05
802816,7.20387e-05
803072,7.20387e-05
803328,7.20387e-05
803584,7.20387e-05
803840,7.20387e-05
804096,7.20387e-05
804352,7.20387e-05
804608,7.20387e-05
804864,7.20387e-05
805120,7.20387e-05
805376,7.20387e-05
805632,7.20387e-05
805888,7.20387e-05
806144,7.20029e-05
806400,7.19562e-05
806656,7.19095e-05
806912,7.18627e-05
807168,7.18183e-05
807424,7.18183e-05
807680,7.18183e-05
807936,7.18183e-05
808192,7.18183e-05
808448,7.18022e-05
808704,7.17553e-05
808960,7.17085e-05
809216,7.16616e-05
809472,7.16147e-05
809728,7.15677e-05
809984,7.15207e-05
810240,7.14737e-05
810496,7.14266e-05
810752,7.13795e-05
811008,7.13777e-05
811264,7.13777e-05
811520,7.13777e-05
811776,7.13777e-05
812032,7.13777e-05
812288,7.13777e-05
812544,7.13777e-05
812800,7.13777e-05
813056,7.13777e-05
813312,7.13777e-05
813568,7.13777e-05
813824,7.13777e-05
814080,7.13777e-05
814336,7.13777e-05
814592,7.13777e-05
814848,7.13777e-05
815104,7.13777e-05
815360,7.13777e-05
815616,7.13659e-05
815872,7.13188e-05
816128,7.12717e-05
816384,7.12245e-05
816640,7.11773e-05
816896,7.11574e-05
817152,7.11574e-05
817408,7.11574e-05
817664,7.11574e-05
817920,7.11574e-05
818176,7.11574e-05
818432,7.11574e-05
818688,7.11574e-05
818944,7.11574e-05
819200,7.11455e-05
819456,7.10982e-05
819712,7.10509e-05
819968,7.10036e-05
820224,7.09562e-05
820480,7.0937e-05
820736,7.0937e-05
820992,7.0937e-05
821248,7.0937e-05
821504,7.0937e-05
821760,7.08472e-05
822016,7.07523e-05
822272,7.06572e-05
822528,7.05619e-05
822784,7.04964e-05
823040,7.04964e-05
823296,7.04964e-05
823552,7.04964e-05
823808,7.04964e-05
824064,7.03973e-05
824320,7.02538e-05
824576,7.01101e-05
824832,6.99661e-05
825088,6.98354e-05
825344,6.98354e-05
825600,6.98354e-05
825856,6.98354e-05
826112,6.98354e-05
826368,6.98354e-05
826624,6.98354e-05
826880,6.98354e-05
827136,6.98354e-05
827392,6.98354e-05
827648,6.98354e-05
827904,6.98354e-05
828160,6.98354e-05
828416,6.98354e-05
828672,6.98354e-05
828928,6.98354e-05
829184,6.98354e-05
829440,6.98354e-05
829696,6.98354e-05
829952,6.98354e-05
830208,6.98354e-05
830464,6.98354e-05
830720,6.98354e-05
830976,6.98152e-05
831232,6.97188e-05
831488,6.96223e-05
831744,6.95256e-05
832000,6.94288e-05
832256,6.93948e-05
832512,6.93948e-05
832768,6.93948e-05
833024,6.93948e-05
833280,6.93948e-05
833536,6.93948e-05
833792,6.93948e-05
834048,6.93948e-05
834304,6.93948e-05
834560,6.93948e-05
834816,6.93948e-05
835072,6.93948e-05
835328,6.93948e-05
835584,6.93943e-05
835840,6.92974e-05
836096,6.92003e-05
836352,6.9103e-05
836608,6.90057e-05
836864,6.89541e-05
837120,6.89541e-05
837376,6.89541e-05
837632,6.89541e-05
837888,6.89541e-05
838144,6.89541e-05
838400,6.89541e-05
838656,6.89541e-05
838912,6.89541e-05
839168,6.89541e-05
839424,6.89541e-05
839680,6.89541e-05
839936,6.89541e-05
840192,6.89541e-05
840448,6.89095e-05
840704,6.88607e-05
840960,6.88119e-05
841216,6.8763e-05
841472,6.87338e-05
841728,6.87338e-05
841984,6.87338e-05
842240,6.87338e-05
842496,6.87338e-05
842752,6.87338e-05
843008,6.87338e-05
843264,6.87338e-05
843520,6.87338e-05
843776,6.87338e-05
844032,6.87338e-05
844288,6.87338e-05
844544,6.87338e-05
844800,6.87338e-05
845056,6.87338e-05
845312,6.87338e-05
845568,6.87338e-05
845824,6.87338e-05
846080,6.87338e-05
846336,6.87338e-05
846592,6.87338e-05
846848,6.87338e-05
847104,6.87338e-05
847360,6.86907e-05
847616,6.86418e-05
847872,6.85928e-05
848128,6.85438e-05
848384,6.84947e-05
848640,6.84456e-05
848896,6.83965e-05
849152,6.83473e-05
849408,6.82981e-05
849664,6.82931e-05
849920,6.82931e-05
850176,6.82931e-05
850432,6.82931e-05
850688,6.82723e-05
850944,6.8223e-05
851200,6.81737e-05
851456,6.81244e-05
851712,6.8075e-05
851968,6.80728e-05
852224,6.80728e-05
852480,6.80728e-05
852736,6.80728e-05
852992,6.80728e-05
853248,6.80728e-05
853504,6.80728e-05
853760,6.80728e-05
854016,6.80728e-05
854272,6.80728e-05
854528,6.80728e-05
854784,6.80728e-05
855040,6.80728e-05
855296,6.80446e-05
855552,6.79951e-05
855808,6.79457e-05
856064,6.78962e-05
856320,6.78525e-05
856576,6.78525e-05
856832,6.78525e-05
857088,6.78525e-05
857344,6.78525e-05
857600,6.78525e-05
857856,6.78525e-05
858112,6.78525e-05
858368,6.78525e-05
858624,6.78525e-05
858880,6.78525e-05
859136,6.78525e-05
859392,6.78525e-05
859648,6.78525e-05
859904,6.7814e-05
860160,6.77644e-05
860416,6.77147e-05
860672,6.76651e-05
860928,6.76154e-05
861184,6.75656e-05
861440,6.75158e-05
861696,6.7466e-05
861952,6.74162e-05
862208,6.73663e-05
862464,6.73164e-05
862720,6.72664e-05
862976,6.72164e-05
863232,6.71664e-05
863488,6.71163e-05
863744,6.70662e-05
864000,6.70161e-05
864256,6.69606e-05
864512,6.68601e-05
864768,6.67594e-05
865024,6.66586e-05
865280,6.65577e-05
865536,6.64566e-05
865792,6.63553e-05
866048,6.62539e-05
866304,6.61524e-05
866560,6.60506e-05
866816,6.59488e-05
867072,6.58467e-05
867328,6.57445e-05
867584,6.56492e-05
867840,6.56492e-05
868096,6.56492e-05
868352,6.56492e-05
868608,6.56492e-05
868864,6.56492e-05
869120,6.56492e-05
869376,6.56492e-05
869632,6.56492e-05
869888,6.56492e-05
870144,6.56492e-05
870400,6.56492e-05
870656,6.56492e-05
870912,6.56492e-05
871168,6.56492e-05
871424,6.56492e-05
871680,6.56492e-05
871936,6.56492e-05
872192,6.56492e-05
872448,6.56492e-05
872704,6.56492e-05
872960,6.56492e-05
873216,6.56492e-05
873472,6.56492e-05
873728,6.56492e-05
873984,6.56492e-05
874240,6.56492e-05
874496,6.56492e-05
874752,6.56492e-05
875008,6.56492e-05
875264,6.56492e-05
875520,6.56005e-05
875776,6.55492e-05
876032,6.54979e-05
876288,6.54465e-05
876544,6.54289e-05
876800,6.54289e-05
877056,6.54289e-05
877312,6.54289e-05
877568,6.5391e-05
877824,6.52881e-05
878080,6.5185e-05
878336,6.50818e-05
878592,6.49883e-05
878848,6.49883e-05
879104,6.49883e-05
879360,6.49883e-05
879616,6.49883e-05
879872,6.49883e-05
880128,6.49883e-05
880384,6.49883e-05
880640,6.49883e-05
880896,6.49883e-05
881152,6.49883e-05
881408,6.49883e-05
881664,6.49883e-05
881920,6.49883e-05
882176,6.49883e-05
882432,6.49883e-05
882688,6.49883e-05
882944,6.49883e-05
883200,6.49883e-05
883456,6.49883e-05
883712,6.49883e-05
883968,6.49883e-05
884224,6.49883e-05
884480,6.49883e-05
884736,6.49883e-05
884992,6.49883e-05
885248,6.49883e-05
885504,6.49883e-05
885760,6.49883e-05
886016,6.49883e-05
886272,6.49883e-05
886528,6.49883e-05
886784,6.49883e-05
887040,6.49883e-05
887296,6.49883e-05
887552,6.49883e-05
887808,6.49883e-05
888064,6.49883e-05
888320,6.49883e-05
888576,6.49883e-05
888832,6.49883e-05
889088,6.49883e-05
889344,6.49883e-05
889600,6.49883e-05
889856,6.49883e-05
890112,6.49883e-05
890368,6.49883e-05
890624,6.49755e-05
890880,6.49238e-05
891136,6.4872e-05
891392,6.48201e-05
891648,6.47683e-05
891904,6.47679e-05
892160,6.47679e-05
892416,6.47679e-05
892672,6.47679e-05
892928,6.47679e-05
893184,6.47679e-05
893440,6.47679e-05
893696,6.47679e-05
893952,6.47679e-05
894208,6.47679e-05
894464,6.47679e-05
894720,6.47679e-05
894976,6.47679e-05
895232,6.47679e-05
895488,6.47679e-05
895744,6.47679e-05
896000,6.47679e-05
896256,6.47679e-05
896512,6.47679e-05
896768,6.47679e-05
897024,6.47679e-05
897280,6.47279e-05
897536,6.4676e-05
897792,6.4624e-05
898048,6.45719e-05
898304,6.45198e-05
898560,6.44677e-05
898816,6.44155e-05
899072,6.43633e-05
899328,6.43111e-05
899584,6.42588e-05
899840,6.42064e-05
900096,6.4154e-05
900352,6.41069e-05
900608,6.41069e-05
900864,6.41069e-05
901120,6.41069e-05
901376,6.41069e-05
901632,6.41069e-05
901888,6.41069e-05
902144,6.41069e-05
902400,6.41069e-05
902656,6.39969e-05
902912,6.38391e-05
903168,6.36809e-05
903424,6.35223e-05
903680,6.3446e-05
903936,6.3446e-05
904192,6.3446e-05
904448,6.3446e-05
904704,6.3446e-05
904960,6.3446e-05
905216,6.3446e-05
905472,6.3446e-05
905728,6.3446e-05
905984,6.3446e-05
906240,6.3446e-05
906496,6.3446e-05
906752,6.34436e-05
907008,6.33906e-05
907264,6.33375e-05
907520,6.32844e-05
907776,6.32313e-05
908032,6.32256e-05
908288,6.32256e-05
908544,6.32256e-05
908800,6.32256e-05
909056,6.32256e-05
909312,6.32256e-05
909568,6.32256e-05
909824,6.32256e-05
910080,6.32256e-05
910336,6.32256e-05
910592,6.32256e-05
910848,6.32256e-05
911104,6.3201e-05
911360,6.31478e-05
911616,6.30945e-05
911872,6.30412e-05
912128,6.29878e-05
912384,6.29344e-05
912640,6.2881e-05
912896,6.28275e-05
913152,6.2774e-05
913408,6.27204e-05
913664,6.26668e-05
913920,6.26131e-05
914176,6.25647e-05
914432,6.25647e-05
914688,6.25647e-05
914944,6.25647e-05
915200,6.25647e-05
915456,6.2511e-05
915712,6.24572e-05
915968,6.24034e-05
916224,6.23495e-05
916480,6.23443e-05
916736,6.23443e-05
916992,6.23443e-05
917248,6.23443e-05
917504,6.23443e-05
917760,6.23443e-05
918016,6.23443e-05
918272,6.23443e-05
918528,6.23443e-05
918784,6.23443e-05
919040,6.23443e-05
919296,6.23443e-05
919552,6.22745e-05
919808,6.21664e-05
920064,6.20582e-05
920320,6.19497e-05
920576,6.19037e-05
920832,6.19037e-05
921088,6.19037e-05
921344,6.19037e-05
921600,6.19037e-05
921856,6.19037e-05
922112,6.19037e-05
922368,6.19037e-05
922624,6.1866e-05
922880,6.17845e-05
923136,6.17028e-05
923392,6.1621e-05
923648,6.15391e-05
923904,6.14571e-05
924160,6.1375e-05
924416,6.12928e-05
924672,6.12427e-05
924928,6.12427e-05
925184,6.12427e-05
925440,6.12427e-05
925696,6.12427e-05
925952,6.12427e-05
926208,6.12427e-05
926464,6.12427e-05
926720,6.12427e-05
926976,6.12427e-05
927232,6.12427e-05
927488,6.12427e-05
927744,6.12427e-05
928000,6.12427e-05
928256,6.12427e-05
928512,6.12427e-05
928768,6.12427e-05
929024,6.12427e-05
929280,6.12427e-05
929536,6.12427e-05
929792,6.12427e-05
930048,6.12427e-05
930304,6.12427e-05
930560,6.12427e-05
930816,6.12342e-05
931072,6.12067e-05
931328,6.11793e-05
931584,6.11518e-05
931840,6.11243e-05
932096,6.10968e-05
932352,6.10693e-05
932608,6.10417e-05
932864,6.1006e-05
933120,6.09509e-05
933376,6.08957e-05
933632,6.08405e-05
933888,6.07852e-05
934144,6.07298e-05
934400,6.06745e-05
934656,6.0619e-05
934912,6.05726e-05
935168,6.05449e-05
935424,6.05171e-05
935680,6.04893e-05
935936,6.04615e-05
936192,6.04337e-05
936448,6.04059e-05
936704,6.03781e-05
936960,6.03614e-05
937216,6.03614e-05
937472,6.03614e-05
937728,6.03614e-05
937984,6.03614e-05
938240,6.03614e-05
938496,6.03614e-05
938752,6.03614e-05
939008,6.03341e-05
939264,6.02784e-05
939520,6.02226e-05
939776,6.01667e-05
940032,6.01108e-05
940288,6.00549e-05
940544,5.99988e-05
940800,5.99428e-05
941056,5.98867e-05
941312,5.98305e-05
941568,5.97743e-05
941824,5.9718e-05
942080,5.96617e-05
942336,5.96053e-05
942592,5.95489e-05
942848,5.94924e-05
943104,5.94801e-05
943360,5.94801e-05
943616,5.94801e-05
943872,5.94801e-05
944128,5.94801e-05
944384,5.94801e-05
944640,5.94801e-05
944896,5.94801e-05
945152,5.94522e-05
945408,5.9424e-05
945664,5.93957e-05
945920,5.93674e-05
946176,5.9339e-05
946432,5.93107e-05
946688,5.92824e-05
946944,5.92366e-05
947200,5.9123e-05
947456,5.90091e-05
947712,5.88951e-05
947968,5.87808e-05
948224,5.86663e-05
948480,5.85516e-05
948736,5.84366e-05
948992,5.83785e-05
949248,5.83785e-05
949504,5.83785e-05
949760,5.83785e-05
950016,5.83785e-05
950272,5.83785e-05
950528,5.83785e-05
950784,5.83785e-05
951040,5.83299e-05
951296,5.82723e-05
951552,5.82145e-05
951808,5.81568e-05
952064,5.80989e-05
952320,5.8041e-05
952576,5.79831e-05
952832,5.79251e-05
953088,5.7867e-05
953344,5.78089e-05
953600,5.77507e-05
953856,5.76924e-05
954112,5.76341e-05
954368,5.75758e-05
954624,5.75174e-05
954880,5.74972e-05
955136,5.74972e-05
955392,5.74972e-05
955648,5.74972e-05
955904,5.74972e-05
956160,5.74972e-05
956416,5.74972e-05
956672,5.74972e-05
956928,5.74972e-05
957184,5.74972e-05
957440,5.74972e-05
957696,5.74972e-05
957952,5.74972e-05
958208,5.74972e-05
958464,5.74972e-05
958720,5.74972e-05
958976,5.74972e-05
959232,5.74972e-05
959488,5.74972e-05
959744,5.74972e-05
960000,5.74972e-05
960256,5.74972e-05
960512,5.74958e-05
960768,5.74666e-05
961024,5.74373e-05
961280,5.74081e-05
961536,5.73788e-05
961792,5.73495e-05
962048,5.73201e-05
962304,5.72908e-05
962560,5.72615e-05
962816,5.72321e-05
963072,5.72027e-05
963328,5.71733e-05
963584,5.71439e-05
963840,5.71145e-05
964096,5.70851e-05
964352,5.70565e-05
964608,5.70565e-05
964864,5.70565e-05
965120,5.70565e-05
965376,5.70565e-05
965632,5.70565e-05
965888,5.70565e-05
966144,5.70565e-05
966400,5.70565e-05
966656,5.70565e-05
966912,5.70565e-05
967168,5.70565e-05
967424,5.70565e-05
967680,5.70565e-05
967936,5.70565e-05
968192,5.70565e-05
968448,5.70565e-05
968704,5.70565e-05
968960,5.70565e-05
969216,5.70565e-05
969472,5.70565e-05
969728,5.70565e-05
969984,5.70565e-05
970240,5.70214e-05
970496,5.69624e-05
970752,5.69034e-05
971008,5.68443e-05
971264,5.67851e-05
971520,5.67259e-05
971776,5.66666e-05
972032,5.66072e-05
972288,5.65478e-05
972544,5.64883e-05
972800,5.64287e-05
973056,5.63691e-05
973312,5.63095e-05
973568,5.62497e-05
973824,5.61899e-05
974080,5.61752e-05
974336,5.61752e-05
974592,5.61752e-05
974848,5.61752e-05
975104,5.61752e-05
975360,5.61752e-05
975616,5.61752e-05
975872,5.61752e-05
976128,5.61752e-05
976384,5.61752e-05
976640,5.61752e-05
976896,5.61752e-05
977152,5.61752e-05
977408,5.61752e-05
977664,5.6171e-05
977920,5.60212e-05
978176,5.58709e-05
978432,5.57203e-05
978688,5.55693e-05
978944,5.54178e-05
979200,5.52659e-05
979456,5.51137e-05
979712,5.50511e-05
979968,5.50205e-05
980224,5.499e-05
980480,5.49594e-05
980736,5.49288e-05
980992,5.48982e-05
981248,5.48676e-05
981504,5.48533e-05
981760,5.48533e-05
982016,5.48533e-05
982272,5.48533e-05
982528,5.48533e-05
982784,5.48533e-05
983040,5.48533e-05
983296,5.48427e-05
983552,5.48121e-05
983808,5.47814e-05
984064,5.47507e-05
984320,5.472e-05
984576,5.46893e-05
984832,5.46585e-05
985088,5.4633e-05
985344,5.4633e-05
985600,5.4633e-05
985856,5.4633e-05
986112,5.4633e-05
986368,5.4633e-05
986624,5.4633e-05
986880,5.4633e-05
987136,5.4633e-05
987392,5.4633e-05
987648,5.4633e-05
987904,5.4633e-05
988160,5.4633e-05
988416,5.4633e-05
988672,5.4633e-05
988928,5.46069e-05
989184,5.45761e-05
989440,5.45453e-05
989696,5.45145e-05
989952,5.44836e-05
990208,5.44528e-05
990464,5.44219e-05
990720,5.43477e-05
990976,5.42548e-05
991232,5.41618e-05
991488,5.40686e-05
991744,5.39753e-05
992000,5.38818e-05
992256,5.37881e-05
992512,5.37516e-05
992768,5.37516e-05
993024,5.37516e-05
993280,5.37516e-05
993536,5.37516e-05
993792,5.37516e-05
994048,5.37516e-05
994304,5.37516e-05
994560,5.37516e-05
994816,5.37516e-05
995072,5.37516e-05
995328,5.37516e-05
995584,5.37516e-05
995840,5.37516e-05
996096,5.36865e-05
996352,5.35611e-05
996608,5.34354e-05
996864,5.33094e-05
997120,5.31831e-05
997376,5.30566e-05
997632,5.29297e-05
997888,5.28703e-05
998144,5.28703e-05
998400,5.28703e-05
998656,5.28703e-05
998912,5.28703e-05
999168,5.28703e-05
999424,5.28703e-05
999680,5.28703e-05
999936,5.28703e-05
1000192,5.28703e-05
1000448,5.28703e-05
1000704,5.28703e-05
1000960,5.28703e-05
1001216,5.28703e-05
1001472,5.28489e-05
1001728,5.28171e-05
1001984,5.27853e-05
1002240,5.27534e-05
1002496,5.27215e-05
1002752,5.26897e-05
1003008,5.26577e-05
1003264,5.265e-05
1003520,5.265e-05
1003776,5.265e-05
1004032,5.265e-05
1004288,5.265e-05
1004544,5.265e-05
1004800,5.265e-05
1005056,5.265e-05
1005312,5.265e-05
1005568,5.265e-05
1005824,5.265e-05
1006080,5.265e-05
1006336,5.265e-05
1006592,5.265e-05
1006848,5.265e-05
1007104,5.265e-05
1007360,5.265e-05
1007616,5.265e-05
1007872,5.265e-05
1008128,5.265e-05
1008384,5.26465e-05
1008640,5.25826e-05
1008896,5.25186e-05
1009152,5.24546e-05
1009408,5.23904e-05
1009664,5.23262e-05
1009920,5.22619e-05
1010176,5.21917e-05
1010432,5.2095e-05
1010688,5.19981e-05
1010944,5.1901e-05
1011200,5.18037e-05
1011456,5.17063e-05
1011712,5.16087e-05
1011968,5.15484e-05
1012224,5.15484e-05
1012480,5.15484e-05
1012736,5.15484e-05
1012992,5.15484e-05
1013248,5.15484e-05
1013504,5.15484e-05
1013760,5.15484e-05
1014016,5.15484e-05
1014272,5.15484e-05
1014528,5.15484e-05
1014784,5.15484e-05
1015040,5.15484e-05
1015296,5.15484e-05
1015552,5.15484e-05
1015808,5.15484e-05
1016064,5.15484e-05
1016320,5.15484e-05
1016576,5.15484e-05
1016832,5.15484e-05
1017088,5.15484e-05
1017344,5.15484e-05
1017600,5.15484e-05
1017856,5.15484e-05
1018112,5.15484e-05
1018368,5.15484e-05
1018624,5.15484e-05
1018880,5.15484e-05
1019136,5.15484e-05
1019392,5.15484e-05
1019648,5.15484e-05
1019904,5.15484e-05
1020160,5.15484e-05
1020416,5.15484e-05
1020672,5.15484e-05
1020928,5.15484e-05
1021184,5.15484e-05
1021440,5.15484e-05
1021696,5.15484e-05
1021952,5.15484e-05
1022208,5.15484e-05
1022464,5.15209e-05
1022720,5.14882e-05
1022976,5.14556e-05
1023232,5.14229e-05
1023488,5.13902e-05
1023744,5.13575e-05
1024000,5.13281e-05
1024256,5.13281e-05
1024512,5.13281e-05
1024768,5.13281e-05
1025024,5.13281e-05
1025280,5.13281e-05
1025536,5.13281e-05
1025792,5.13035e-05
1026048,5.1238e-05
1026304,5.11723e-05
1026560,5.11066e-05
1026816,5.10408e-05
1027072,5.09748e-05
1027328,5.09088e-05
1027584,5.07981e-05
1027840,5.06655e-05
1028096,5.05327e-05
1028352,5.03994e-05
1028608,5.02658e-05
1028864,5.01319e-05
1029120,5.0004e-05
1029376,4.99704e-05
1029632,4.99367e-05
1029888,4.9903e-05
1030144,4.98693e-05
1030400,4.98356e-05
1030656,4.98019e-05
1030912,4.97327e-05
1031168,4.96312e-05
1031424,4.95295e-05
1031680,4.94276e-05
1031936,4.93255e-05
1032192,4.92231e-05
1032448,4.91248e-05
1032704,4.91248e-05
1032960,4.91248e-05
1033216,4.91248e-05
1033472,4.91248e-05
1033728,4.91248e-05
1033984,4.91248e-05
1034240,4.91248e-05
1034496,4.91248e-05
1034752,4.91248e-05
1035008,4.91248e-05
1035264,4.91248e-05
1035520,4.91248e-05
1035776,4.91192e-05
1036032,4.9085e-05
1036288,4.90507e-05
1036544,4.90164e-05
1036800,4.89821e-05
1037056,4.89478e-05
1037312,4.89135e-05
1037568,4.88791e-05
1037824,4.88447e-05
1038080,4.88103e-05
1038336,4.87758e-05
1038592,4.87413e-05
1038848,4.87068e-05
1039104,4.86842e-05
1039360,4.86842e-05
1039616,4.86842e-05
1039872,4.86842e-05
1040128,4.86842e-05
1040384,4.86842e-05
1040640,4.86842e-05
1040896,4.86509e-05
1041152,4.86164e-05
1041408,4.85818e-05
1041664,4.85472e-05
1041920,4.85125e-05
1042176,4.84779e-05
1042432,4.84018e-05
1042688,4.82975e-05
1042944,4.8193e-05
1043200,4.80882e-05
1043456,4.79833e-05
1043712,4.78781e-05
1043968,4.77928e-05
1044224,4.77576e-05
1044480,4.77224e-05
1044736,4.76871e-05
1044992,4.76519e-05
1045248,4.76166e-05
1045504,4.75825e-05
1045760,4.75825e-05
1046016,4.75825e-05
1046272,4.75825e-05
1046528,4.75825e-05
1046784,4.75825e-05
1047040,4.75825e-05
1047296,4.75261e-05
1047552,4.74553e-05
1047808,4.73844e-05
1048064,4.73134e-05
1048320,4.72423e-05
1048576,4.71711e-05
1048832,4.70786e-05
1049088,4.69714e-05
1049344,4.68639e-05
1049600,4.67562e-05
1049856,4.66482e-05
1050112,4.654e-05
1050368,4.64809e-05
1050624,4.64809e-05
1050880,4.64809e-05
1051136,4.64809e-05
1051392,4.64809e-05
1051648,4.64809e-05
1051904,4.64547e-05
1052160,4.63822e-05
1052416,4.63097e-05
1052672,4.6237e-05
1052928,4.61643e-05
1053184,4.60914e-05
1053440,4.60403e-05
1053696,4.60403e-05
1053952,4.60403e-05
1054208,4.60403e-05
1054464,4.60403e-05
1054720,4.60403e-05
1054976,4.60403e-05
1055232,4.60403e-05
1055488,4.60403e-05
1055744,4.60403e-05
1056000,4.60403e-05
1056256,4.60403e-05
1056512,4.60403e-05
1056768,4.60403e-05
1057024,4.60403e-05
1057280,4.60403e-05
1057536,4.60403e-05
1057792,4.60403e-05
1058048,4.60403e-05
1058304,4.60403e-05
1058560,4.60403e-05
1058816,4.60403e-05
1059072,4.60403e-05
1059328,4.60403e-05
1059584,4.60344e-05
1059840,4.59978e-05
1060096,4.59613e-05
1060352,4.59247e-05
1060608,4.58881e-05
1060864,4.58514e-05
1061120,4.58199e-05
1061376,4.58199e-05
1061632,4.58199e-05
1061888,4.58199e-05
1062144,4.58199e-05
1062400,4.58199e-05
1062656,4.58199e-05
1062912,4.58199e-05
1063168,4.58199e-05
1063424,4.58199e-05
1063680,4.58199e-05
1063936,4.58199e-05
1064192,4.58104e-05
1064448,4.5737e-05
1064704,4.56634e-05
1064960,4.55897e-05
1065216,4.55159e-05
1065472,4.5442e-05
1065728,4.53793e-05
1065984,4.53793e-05
1066240,4.53793e-05
1066496,4.53793e-05
1066752,4.53793e-05
1067008,4.53793e-05
1067264,4.53793e-05
1067520,4.53793e-05
1067776,4.53793e-05
1068032,4.53793e-05
1068288,4.53793e-05
1068544,4.53793e-05
1068800,4.53698e-05
1069056,4.53327e-05
1069312,4.52956e-05
1069568,4.52585e-05
1069824,4.52213e-05
1070080,4.51841e-05
1070336,4.5159e-05
1070592,4.5159e-05
1070848,4.5159e-05
1071104,4.5159e-05
1071360,4.5159e-05
1071616,4.5159e-05
1071872,4.51289e-05
1072128,4.50543e-05
1072384,4.49796e-05
1072640,4.49048e-05
1072896,4.48299e-05
1073152,4.47548e-05
1073408,4.46797e-05
1073664,4.46043e-05
1073920,4.45289e-05
1074176,4.44533e-05
1074432,4.43777e-05
1074688,4.43018e-05
1074944,4.42518e-05
1075200,4.42138e-05
1075456,4.41757e-05
1075712,4.41377e-05
1075968,4.40996e-05
1076224,4.40614e-05
1076480,4.40573e-05
1076736,4.40573e-05
1076992,4.40573e-05
1077248,4.40573e-05
1077504,4.40573e-05
1077760,4.40483e-05
1078016,4.3972e-05
1078272,4.38954e-05
1078528,4.38188e-05
1078784,4.3742e-05
1079040,4.36651e-05
1079296,4.36167e-05
1079552,4.36167e-05
1079808,4.36167e-05
1080064,4.36167e-05
1080320,4.36167e-05
1080576,4.36167e-05
1080832,4.34903e-05
1081088,4.32966e-05
1081344,4.3102e-05
1081600,4.29066e-05
1081856,4.27103e-05
1082112,4.25142e-05
1082368,4.24351e-05
1082624,4.23558e-05
1082880,4.22763e-05
1083136,4.21967e-05
1083392,4.2117e-05
1083648,4.20744e-05
1083904,4.20744e-05
1084160,4.20744e-05
1084416,4.20744e-05
1084672,4.20744e-05
1084928,4.20744e-05
1085184,4.19602e-05
1085440,4.18398e-05
1085696,4.17191e-05
1085952,4.15981e-05
1086208,4.14767e-05
1086464,4.13939e-05
1086720,4.13533e-05
1086976,4.13126e-05
1087232,4.12719e-05
1087488,4.12312e-05
1087744,4.11877e-05
1088000,4.1106e-05
1088256,4.10241e-05
1088512,4.09421e-05
1088768,4.08599e-05
1089024,4.07775e-05
1089280,4.0695e-05
1089536,4.06123e-05
1089792,4.05294e-05
1090048,4.04464e-05
1090304,4.03632e-05
1090560,4.03118e-05
1090816,4.03118e-05
1091072,4.03118e-05
1091328,4.03118e-05
1091584,4.03118e-05
1091840,4.03118e-05
1092096,4.03118e-05
1092352,4.03118e-05
1092608,4.03118e-05
1092864,4.03118e-05
1093120,4.03118e-05
1093376,4.02777e-05
1093632,4.0236e-05
1093888,4.01942e-05
1094144,4.01524e-05
1094400,4.01105e-05
1094656,4.00915e-05
1094912,4.00915e-05
1095168,4.00915e-05
1095424,4.00915e-05
1095680,4.00915e-05
1095936,4.00547e-05
1096192,3.99286e-05
1096448,3.98021e-05
1096704,3.96752e-05
1096960,3.95479e-05
1097216,3.94236e-05
1097472,3.93383e-05
1097728,3.92527e-05
1097984,3.9167e-05
1098240,3.9081e-05
1098496,3.89949e-05
1098752,3.89898e-05
1099008,3.89898e-05
1099264,3.89898e-05
1099520,3.89898e-05
1099776,3.89898e-05
1100032,3.8954e-05
1100288,3.89108e-05
1100544,3.88676e-05
1100800,3.88243e-05
1101056,3.8781e-05
1101312,3.87377e-05
1101568,3.86942e-05
1101824,3.86508e-05
1102080,3.86073e-05
1102336,3.85637e-05
1102592,3.84618e-05
1102848,3.83305e-05
1103104,3.81987e-05
1103360,3.80664e-05
1103616,3.79337e-05
1103872,3.78882e-05
1104128,3.78882e-05
1104384,3.78882e-05
1104640,3.78882e-05
1104896,3.78882e-05
1105152,3.78575e-05
1105408,3.78131e-05
1105664,3.77686e-05
1105920,3.77241e-05
1106176,3.76795e-05
1106432,3.76679e-05
1106688,3.76679e-05
1106944,3.76679e-05
1107200,3.76679e-05
1107456,3.76679e-05
1107712,3.7632e-05
1107968,3.75873e-05
1108224,3.75426e-05
1108480,3.74978e-05
1108736,3.74529e-05
1108992,3.7408e-05
1109248,3.73631e-05
1109504,3.7318e-05
1109760,3.7273e-05
1110016,3.72279e-05
1110272,3.71827e-05
1110528,3.71374e-05
1110784,3.70921e-05
1111040,3.70468e-05
1111296,3.70014e-05
1111552,3.69559e-05
1111808,3.69104e-05
1112064,3.68649e-05
1112320,3.68192e-05
1112576,3.67736e-05
1112832,3.67278e-05
1113088,3.6682e-05
1113344,3.66362e-05
1113600,3.65903e-05
1113856,3.65223e-05
1114112,3.64301e-05
1114368,3.63377e-05
1114624,3.62451e-05
1114880,3.61522e-05
1115136,3.60924e-05
1115392,3.60458e-05
1115648,3.59991e-05
1115904,3.59524e-05
1116160,3.59056e-05
1116416,3.58587e-05
1116672,3.58118e-05
1116928,3.57649e-05
1117184,3.57178e-05
1117440,3.55996e-05
1117696,3.53152e-05
1117952,3.50284e-05
1118208,3.47393e-05
1118464,3.44477e-05
1118720,3.4363e-05
1118976,3.4363e-05
1119232,3.4363e-05
1119488,3.4363e-05
1119744,3.43529e-05
1120000,3.43039e-05
1120256,3.42549e-05
1120512,3.42058e-05
1120768,3.41566e-05
1121024,3.41427e-05
1121280,3.41427e-05
1121536,3.41427e-05
1121792,3.41427e-05
1122048,3.41427e-05
1122304,3.41427e-05
1122560,3.41427e-05
1122816,3.41427e-05
1123072,3.41427e-05
1123328,3.41427e-05
1123584,3.41427e-05
1123840,3.41427e-05
1124096,3.41427e-05
1124352,3.41283e-05
1124608,3.4079e-05
1124864,3.40297e-05
1125120,3.39802e-05
1125376,3.39307e-05
1125632,3.38399e-05
1125888,3.37404e-05
1126144,3.36406e-05
1126400,3.35405e-05
1126656,3.34609e-05
1126912,3.34106e-05
1127168,3.33603e-05
1127424,3.33099e-05
1127680,3.32614e-05
1127936,3.32614e-05
1128192,3.32614e-05
1128448,3.32614e-05
1128704,3.32614e-05
1128960,3.32614e-05
1129216,3.32614e-05
1129472,3.32614e-05
1129728,3.32614e-05
1129984,3.32452e-05
1130240,3.31946e-05
1130496,3.31439e-05
1130752,3.30931e-05
1131008,3.30423e-05
1131264,3.29914e-05
1131520,3.29404e-05
1131776,3.28893e-05
1132032,3.28382e-05
1132288,3.27532e-05
1132544,3.26504e-05
1132800,3.25472e-05
1133056,3.24438e-05
1133312,3.23801e-05
1133568,3.23801e-05
1133824,3.23801e-05
1134080,3.23801e-05
1134336,3.23727e-05
1134592,3.23207e-05
1134848,3.22687e-05
1135104,3.22166e-05
1135360,3.21643e-05
1135616,3.2112e-05
1135872,3.20596e-05
1136128,3.20072e-05
1136384,3.19546e-05
1136640,3.18269e-05
1136896,3.16681e-05
1137152,3.15084e-05
1137408,3.1348e-05
1137664,3.1156e-05
1137920,3.09395e-05
1138176,3.07214e-05
1138432,3.05017e-05
1138688,3.03971e-05
1138944,3.03971e-05
1139200,3.03971e-05
1139456,3.03971e-05
1139712,3.03971e-05
1139968,3.03971e-05
1140224,3.03971e-05
1140480,3.03971e-05
1140736,3.03971e-05
1140992,3.03971e-05
1141248,3.03971e-05
1141504,3.03971e-05
1141760,3.03654e-05
1142016,3.031e-05
1142272,3.02545e-05
1142528,3.01989e-05
1142784,3.01095e-05
1143040,2.99976e-05
1143296,2.98853e-05
1143552,2.97726e-05
1143808,2.97362e-05
1144064,2.97362e-05
1144320,2.97362e-05
1144576,2.97362e-05
1144832,2.97362e-05
1145088,2.97362e-05
1145344,2.97362e-05
1145600,2.97362e-05
1145856,2.97362e-05
1146112,2.97362e-05
1146368,2.97362e-05
1146624,2.97362e-05
1146880,2.97362e-05
1147136,2.97362e-05
1147392,2.97362e-05
1147648,2.97263e-05
1147904,2.9613e-05
1148160,2.94993e-05
1148416,2.93851e-05
1148672,2.92955e-05
1148928,2.92955e-05
1149184,2.92955e-05
1149440,2.92955e-05
1149696,2.92738e-05
1149952,2.92163e-05
1150208,2.91587e-05
1150464,2.9101e-05
1150720,2.90752e-05
1150976,2.90752e-05
1151232,2.90752e-05
1151488,2.90752e-05
1151744,2.90752e-05
1152000,2.90752e-05
1152256,2.90752e-05
1152512,2.90752e-05
1152768,2.90752e-05
1153024,2.90752e-05
1153280,2.90752e-05
1153536,2.90752e-05
1153792,2.90752e-05
1154048,2.90752e-05
1154304,2.90752e-05
1154560,2.90752e-05
1154816,2.90752e-05
1155072,2.90752e-05
1155328,2.90752e-05
1155584,2.90752e-05
1155840,2.90752e-05
1156096,2.90752e-05
1156352,2.90752e-05
1156608,2.90752e-05
1156864,2.90752e-05
1157120,2.90752e-05
1157376,2.90752e-05
1157632,2.90752e-05
1157888,2.90752e-05
1158144,2.90752e-05
1158400,2.90676e-05
1158656,2.89517e-05
1158912,2.88354e-05
1159168,2.87185e-05
1159424,2.85512e-05
1159680,2.82553e-05
1159936,2.79562e-05
1160192,2.7654e-05
1160448,2.74961e-05
1160704,2.74349e-05
1160960,2.73736e-05
1161216,2.73126e-05
1161472,2.73126e-05
1161728,2.73126e-05
1161984,2.73126e-05
1162240,2.73126e-05
1162496,2.73126e-05
1162752,2.73126e-05
1163008,2.73126e-05
1163264,2.73126e-05
1163520,2.73126e-05
1163776,2.73126e-05
1164032,2.73126e-05
1164288,2.73126e-05
1164544,2.73126e-05
1164800,2.73126e-05
1165056,2.73126e-05
1165312,2.73126e-05
1165568,2.73126e-05
1165824,2.73126e-05
1166080,2.73126e-05
1166336,2.73126e-05
1166592,2.73126e-05
1166848,2.73126e-05
1167104,2.73126e-05
1167360,2.73126e-05
1167616,2.73126e-05
1167872,2.73126e-05
1168128,2.73126e-05
1168384,2.73126e-05
1168640,2.73126e-05
1168896,2.73126e-05
1169152,2.73126e-05
1169408,2.73126e-05
1169664,2.73126e-05
1169920,2.73126e-05
1170176,2.73126e-05
1170432,2.73126e-05
1170688,2.73126e-05
1170944,2.73126e-05
1171200,2.73126e-05
1171456,2.73126e-05
1171712,2.73126e-05
1171968,2.73126e-05
1172224,2.73126e-05
1172480,2.73126e-05
1172736,2.73126e-05
1172992,2.73126e-05
1173248,2.73126e-05
1173504,2.73126e-05
1173760,2.73126e-05
1174016,2.73126e-05
1174272,2.73126e-05
1174528,2.73126e-05
1174784,2.73126e-05
1175040,2.73126e-05
1175296,2.73126e-05
1175552,2.73126e-05
1175808,2.73126e-05
1176064,2.73126e-05
1176320,2.73126e-05
1176576,2.73126e-05
1176832,2.73126e-05
1177088,2.73126e-05
1177344,2.73126e-05
1177600,2.73126e-05
1177856,2.73126e-05
1178112,2.73126e-05
1178368,2.73126e-05
1178624,2.73126e-05
1178880,2.73126e-05
1179136,2.73126e-05
1179392,2.73126e-05
1179648,2.73126e-05
1179904,2.73126e-05
1180160,2.73126e-05
1180416,2.73126e-05
1180672,2.73126e-05
1180928,2.73126e-05
1181184,2.73126e-05
1181440,2.73126e-05
1181696,2.73126e-05
1181952,2.73126e-05
1182208,2.73126e-05
1182464,2.73126e-05
1182720,2.73126e-05
1182976,2.73126e-05
1183232,2.73126e-05
1183488,2.73126e-05
1183744,2.73126e-05
1184000,2.73126e-05
1184256,2.73126e-05
1184512,2.73126e-05
1184768,2.73126e-05
1185024,2.73126e-05
1185280,2.73126e-05
1185536,2.73126e-05
1185792,2.73126e-05
1186048,2.73126e-05
1186304,2.73126e-05
1186560,2.73126e-05
1186816,2.73126e-05
1187072,2.73126e-05
1187328,2.73126e-05
1187584,2.73126e-05
1187840,2.73126e-05
1188096,2.73126e-05
1188352,2.73126e-05
1188608,2.73126e-05
1188864,2.73126e-05
1189120,2.73126e-05
1189376,2.73126e-05
1189632,2.73126e-05
1189888,2.73126e-05
1190144,2.73126e-05
1190400,2.73126e-05
1190656,2.73126e-05
1190912,2.73126e-05
1191168,2.73126e-05
1191424,2.73126e-05
1191680,2.73126e-05
1191936,2.73126e-05
1192192,2.73126e-05
1192448,2.73126e-05
1192704,2.73126e-05
1192960,2.73126e-05
1193216,2.73126e-05
1193472,2.73126e-05
1193728,2.73126e-05
1193984,2.73126e-05
1194240,2.73126e-05
1194496,2.73126e-05
1194752,2.73126e-05
1195008,2.73126e-05
1195264,2.73126e-05
1195520,2.73126e-05
1195776,2.73126e-05
1196032,2.73126e-05
1196288,2.73126e-05
1196544,2.73126e-05
1196800,2.73126e-05
1197056,2.73126e-05
1197312,2.73126e-05
1197568,2.73126e-05
1197824,2.73126e-05
1198080,2.73126e-05
1198336,2.73126e-05
1198592,2.73126e-05
1198848,2.73126e-05
1199104,2.73126e-05
1199360,2.73126e-05
1199616,2.73126e-05
1199872,2.73126e-05
1200128,2.73126e-05
1200384,2.73126e-05
1200640,2.73126e-05
1200896,2.73126e-05
1201152,2.73126e-05
1201408,2.73126e-05
1201664,2.73126e-05
1201920,2.73126e-05
1202176,2.73126e-05
1202432,2.73126e-05
1202688,2.73126e-05
1202944,2.73126e-05
1203200,2.73126e-05
1203456,2.73126e-05
1203712,2.73126e-05
1203968,2.73126e-05
1204224,2.73126e-05
1204480,2.73126e-05
1204736,2.73126e-05
1204992,2.73126e-05
1205248,2.73126e-05
1205504,2.73126e-05
1205760,2.73126e-05
1206016,2.73126e-05
1206272,2.73126e-05
1206528,2.73126e-05
1206784,2.73126e-05
1207040,2.73126e-05
1207296,2.73126e-05
1207552,2.73126e-05
1207808,2.73126e-05
1208064,2.73126e-05
1208320,2.73126e-05
1208576,2.73126e-05
1208832,2.73126e-05
1209088,2.73126e-05
1209344,2.73126e-05
1209600,2.73126e-05
1209856,2.73126e-05
1210112,2.73126e-05
1210368,2.73126e-05
1210624,2.73126e-05
1210880,2.73126e-05
1211136,2.73126e-05
1211392,2.73126e-05
1211648,2.73126e-05
1211904,2.73126e-05
1212160,2.73126e-05
1212416,2.73126e-05
1212672,2.73126e-05
1212928,2.73126e-05
1213184,2.73126e-05
1213440,2.73126e-05
1213696,2.73126e-05
1213952,2.73126e-05
1214208,2.73126e-05
1214464,2.73126e-05
1214720,2.73126e-05
1214976,2.73126e-05
1215232,2.73126e-05
1215488,2.73126e-05
1215744,2.73126e-05
1216000,2.73126e-05
1216256,2.73126e-05
1216512,2.73126e-05
1216768,2.73126e-05
1217024,2.73126e-05
1217280,2.73126e-05
1217536,2.73126e-05
1217792,2.73126e-05
1218048,2.73126e-05
1218304,2.73126e-05
1218560,2.73126e-05
1218816,2.73126e-05
1219072,2.73126e-05
1219328,2.73126e-05
1219584,2.73126e-05
1219840,2.73126e-05
1220096,2.73126e-05
1220352,2.73126e-05
1220608,2.73126e-05
1220864,2.73126e-05
1221120,2.73126e-05
1221376,2.73126e-05
1221632,2.73126e-05
1221888,2.73126e-05
1222144,2.73126e-05
1222400,2.73126e-05
1222656,2.73126e-05
1222912,2.73126e-05
1223168,2.73126e-05
1223424,2.73126e-05
1223680,2.73126e-05
1223936,2.73126e-05
1224192,2.73126e-05
1224448,2.73126e-05
1224704,2.73126e-05
1224960,2.73126e-05
1225216,2.73126e-05
1225472,2.73126e-05
1225728,2.73126e-05
1225984,2.73126e-05
1226240,2.73126e-05
1226496,2.73126e-05
1226752,2.73126e-05
1227008,2.73126e-05
1227264,2.73126e-05
1227520,2.73126e-05
1227776,2.73126e-05
1228032,2.73126e-05
1228288,2.73126e-05
1228544,2.73126e-05
1228800,2.73126e-05
1229056,2.73126e-05
1229312,2.73126e-05
1229568,2.73126e-05
1229824,2.73126e-05
1230080,2.73126e-05
1230336,2.73126e-05
1230592,2.73126e-05
1230848,2.73126e-05
1231104,2.73126e-05
1231360,2.73126e-05
1231616,2.73126e-05
1231872,2.73126e-05
1232128,2.73126e-05
1232384,2.73126e-05
1232640,2.73126e-05
1232896,2.73126e-05
1233152,2.73126e-05
1233408,2.73126e-05
1233664,2.73126e-05
1233920,2.73126e-05
1234176,2.73126e-05
1234432,2.73126e-05
1234688,2.73126e-05
1234944,2.73126e-05
1235200,2.73126e-05
1235456,2.73126e-05
1235712,2.73126e-05
1235968,2.73126e-05
1236224,2.73126e-05
1236480,2.73126e-05
1236736,2.73126e-05
1236992,2.73126e-05
1237248,2.73126e-05
1237504,2.73126e-05
1237760,2.73126e-05
1238016,2.73126e-05
1238272,2.73126e-05
1238528,2.73126e-05
1238784,2.73126e-05
1239040,2.73126e-05
1239296,2.73126e-05
1239552,2.73126e-05
1239808,2.73126e-05
