cache_lines,MRC
256,0.0551437
512,0.0490651
768,0.0458289
1024,0.0432998
1280,0.0412693
1536,0.0396622
1792,0.0382645
2048,0.0370379
2304,0.0360462
2560,0.0351364
2816,0.0342996
3072,0.0335579
3328,0.0328945
3584,0.0322706
3840,0.0316884
4096,0.0311629
4352,0.0306747
4608,0.030200400000000002
4864,0.0297686
5120,0.029350300000000003
5376,0.028955599999999998
5632,0.028564399999999997
5888,0.028185
6144,0.0278488
6400,0.0275235
6656,0.027198
6912,0.026883200000000003
7168,0.026585900000000003
7424,0.026288699999999998
7680,0.0260117
7936,0.025745900000000002
8192,0.025481200000000002
8448,0.0252248
8704,0.024974999999999997
8960,0.024734100000000002
9216,0.0244934
9472,0.0242543
9728,0.0240236
9984,0.0238084
10240,0.0235877
10496,0.0233785
10752,0.0231758
11008,0.022983200000000002
11264,0.0227953
11520,0.0226115
11776,0.0224273
12032,0.022248200000000003
12288,0.022078399999999998
12544,0.0219079
12800,0.021745300000000002
13056,0.0215884
13312,0.0214293
13568,0.021276
13824,0.0211252
14080,0.0209833
14336,0.02084
14592,0.020679200000000002
14848,0.0205236
15104,0.0203839
15360,0.0202115
15616,0.0200341
15872,0.019895799999999998
16128,0.0197675
16384,0.0196331
16640,0.0194931
16896,0.0193737
17152,0.0192512
17408,0.0191337
17664,0.0190227
17920,0.018904400000000002
18176,0.018788100000000002
18432,0.01867519
18688,0.0185623
18944,0.01838377
19200,0.01827787
19456,0.01817541
19712,0.01806301
19968,0.01795586
20224,0.01785514
20480,0.017761970000000002
20736,0.01765926
20992,0.017549290000000002
21248,0.01745217
21504,0.01735153
21760,0.01720557
22016,0.01711779
22272,0.01703015
22528,0.01693727
22784,0.01685919
23040,0.01677743
23296,0.01670488
23552,0.016627299999999998
23808,0.01655455
24064,0.01648254
24320,0.01640986
24576,0.01633625
24832,0.016267900000000002
25088,0.01619124
25344,0.01612343
25600,0.0160567
25856,0.015996530000000002
26112,0.01593976
26368,0.01587424
26624,0.01581749
26880,0.01576056
27136,0.01570045
27392,0.01563987
27648,0.01558228
27904,0.01552242
28160,0.01546147
28416,0.01540707
28672,0.015349330000000001
28928,0.01528932
29184,0.015236409999999999
29440,0.0151831
29696,0.01513187
29952,0.00414399
30208,0.00409024
30464,0.00403727
30720,0.00398934
30976,0.0039437100000000004
31232,0.0038911600000000003
31488,0.0038433700000000005
31744,0.0038020400000000005
32000,0.0037537300000000003
32256,0.00370526
32512,0.00366334
32768,0.0036176000000000003
33024,0.0035736500000000003
33280,0.00353016
33536,0.0034899300000000005
33792,0.0034499200000000004
34048,0.0034091
34304,0.0033694600000000003
34560,0.0033270800000000005
34816,0.0032857500000000005
35072,0.0032489
35328,0.0032120000000000004
35584,0.00317728
35840,0.00314092
36096,0.00310485
36352,0.00307011
36608,0.0030336
36864,0.00299318
37120,0.00294028
37376,0.0029046000000000002
37632,0.00287102
37888,0.0028333100000000003
38144,0.0027988200000000005
38400,0.00276469
38656,0.0027334100000000004
38912,0.00269885
39168,0.0026657900000000003
39424,0.0026304100000000006
39680,0.0025974200000000005
39936,0.0025660100000000005
40192,0.0025325700000000005
40448,0.00249818
40704,0.0024619000000000004
40960,0.0024334300000000003
41216,0.0024007000000000004
41472,0.0023684400000000003
41728,0.0023396700000000003
41984,0.0023101700000000003
42240,0.0022822300000000005
42496,0.00225548
42752,0.00222419
43008,0.00219687
43264,0.0021683500000000003
43520,0.00214036
43776,0.00210913
44032,0.0020825700000000006
44288,0.0020533900000000004
44544,0.00202631
44800,0.00199638
45056,0.00196522
45312,0.0019340700000000004
45568,0.0019103599999999998
45824,0.00188084
46080,0.0018544299999999998
46336,0.00182897
46592,0.0018014600000000004
46848,0.0017759000000000004
47104,0.0017508100000000002
47360,0.0017267000000000003
47616,0.0016998400000000002
47872,0.0016752200000000003
48128,0.0016522100000000003
48384,0.0016253
48640,0.0016006800000000002
48896,0.0015752700000000001
49152,0.00155323
49408,0.0015325100000000004
49664,0.0015096200000000001
49920,0.0014878900000000004
50176,0.0014641600000000004
50432,0.0014424000000000004
50688,0.0014184000000000002
50944,0.00139346
51200,0.0013732600000000003
51456,0.0013520600000000004
51712,0.00133488
51968,0.0013150400000000004
52224,0.0012962900000000003
52480,0.0012764800000000004
52736,0.00125609
52992,0.0012332900000000002
53248,0.0012118900000000002
53504,0.0011914
53760,0.00117278
54016,0.0011554300000000003
54272,0.0011367300000000003
54528,0.0011194100000000004
54784,0.0011008300000000001
55040,0.0010831100000000004
55296,0.00106448
55552,0.0010447700000000004
55808,0.00102701
56064,0.0010078600000000002
56320,9.929700000000001E-4
56576,9.761000000000001E-4
56832,9.584800000000003E-4
57088,9.428600000000002E-4
57344,9.261800000000004E-4
57600,9.113200000000002E-4
57856,8.946700000000002E-4
58112,8.760600000000001E-4
58368,8.585400000000001E-4
58624,8.428100000000003E-4
58880,8.269600000000003E-4
59136,8.103600000000004E-4
59392,7.946700000000004E-4
59648,0.0011975089999999998
59904,0.0011796889999999998
60160,0.0011642789999999998
60416,0.001148569
60672,0.001129789
60928,0.001113859
61184,0.0010980690000000001
61440,0.0010796590000000002
61696,0.0010639389999999999
61952,0.001047639
62208,0.001031699
62464,0.0010133389999999998
62720,0.0010002890000000001
62976,9.84549E-4
63232,9.69719E-4
63488,9.528589999999999E-4
63744,9.391489999999998E-4
64000,9.244489999999999E-4
64256,9.087990000000001E-4
64512,8.943390000000001E-4
64768,8.796889999999999E-4
65024,8.665790000000001E-4
65280,8.509989999999999E-4
65536,8.37539E-4
65792,8.254289999999999E-4
66048,8.114189999999999E-4
66304,7.992089999999999E-4
66560,7.834589999999998E-4
66816,7.707389999999999E-4
67072,7.56779E-4
67328,7.45529E-4
67584,7.306690000000002E-4
67840,7.173290000000001E-4
68096,7.015089999999999E-4
68352,6.868989999999999E-4
68608,6.727790000000001E-4
68864,6.554590000000002E-4
69120,6.404589999999999E-4
69376,6.24449E-4
69632,6.060390000000001E-4
69888,5.84649E-4
70144,5.647389999999999E-4
70400,5.46309E-4
70656,5.24329E-4
70912,5.044289999999998E-4
71168,4.8574900000000016E-4
71424,4.648590000000002E-4
71680,4.456690000000001E-4
71936,4.258389999999999E-4
72192,4.0235900000000014E-4
72448,3.7967899999999995E-4
72704,3.5835899999999993E-4
72960,3.377390000000001E-4
73216,3.201390000000001E-4
73472,3.013289999999999E-4
73728,2.8059899999999987E-4
73984,2.62099E-4
74240,2.460190000000001E-4
74496,2.283089999999999E-4
74752,2.110390000000001E-4
75008,1.908690000000002E-4
75264,1.777790000000001E-4
75520,1.6306900000000006E-4
75776,1.512690000000001E-4
76032,1.3841900000000009E-4
76288,1.2138899999999996E-4
76544,1.0973899999999997E-4
76800,9.546899999999994E-5
77056,8.146900000000003E-5
77312,6.851899999999996E-5
77568,5.6038999999999915E-5
77824,4.3428999999999994E-5
78080,3.180900000000005E-5
78336,1.7038999999999943E-5
78592,2.658999999999908E-6
78848,-1.1130999999999945E-5
79104,-2.7251000000000055E-5
79360,-4.2680999999999926E-5
79616,-5.972099999999999E-5
79872,-7.5091E-5
80128,-9.184100000000006E-5
80384,-1.1013100000000007E-4
80640,-1.274309999999999E-4
80896,-1.4705100000000004E-4
81152,-1.679209999999999E-4
81408,-1.86781E-4
81664,-2.00621E-4
81920,-2.2035099999999992E-4
82176,-2.3867099999999998E-4
82432,-2.6007099999999996E-4
82688,-2.798709999999999E-4
82944,-2.9790099999999994E-4
83200,-3.1727100000000005E-4
83456,-3.319810000000001E-4
83712,-3.4650099999999993E-4
83968,-3.5946099999999994E-4
84224,-3.7335100000000006E-4
84480,-3.878810000000001E-4
84736,-4.005510000000001E-4
84992,-4.127810000000001E-4
85248,-4.2772100000000005E-4
85504,-4.40001E-4
85760,-4.53181E-4
86016,-4.663009999999999E-4
86272,-4.774810000000001E-4
86528,-4.89441E-4
86784,-5.026010000000001E-4
87040,-5.16081E-4
87296,-5.27881E-4
87552,-5.40301E-4
87808,-5.553610000000001E-4
88064,-5.696709999999999E-4
88320,-5.86301E-4
88576,-5.996510000000001E-4
88832,-6.16461E-4
89088,-6.290009999999999E-4
89344,4.353540000000001E-4
89600,4.19704E-4
89856,4.047139999999999E-4
90112,3.896339999999999E-4
90368,3.7341399999999997E-4
90624,3.58584E-4
90880,3.465540000000001E-4
91136,3.3473400000000005E-4
91392,3.253739999999999E-4
91648,3.155240000000001E-4
91904,3.0546899999999994E-4
92160,2.95082E-4
92416,2.85994E-4
92672,2.7500600000000006E-4
92928,2.6775599999999996E-4
93184,2.6067099999999997E-4
93440,2.53168E-4
93696,2.45145E-4
93952,2.3908800000000004E-4
94208,2.3399800000000002E-4
94464,2.2993000000000004E-4
94720,2.2508200000000004E-4
94976,2.1960700000000003E-4
95232,2.1493200000000004E-4
95488,2.1146800000000003E-4
95744,2.0763200000000002E-4
96000,2.03066E-4
96256,1.9990600000000002E-4
96512,1.9727700000000004E-4
96768,1.9394500000000005E-4
97024,1.9055099999999996E-4
97280,1.86821E-4
97536,1.84432E-4
97792,1.8175199999999998E-4
98048,1.7924100000000001E-4
98304,1.76967E-4
98560,1.7326700000000006E-4
98816,1.7062800000000003E-4
99072,1.6721900000000003E-4
99328,1.6447200000000003E-4
99584,1.6134700000000005E-4
99840,1.5835399999999998E-4
100096,1.56469E-4
100352,1.5480699999999997E-4
100608,1.5191300000000005E-4
100864,1.4975700000000004E-4
101120,1.4742499999999996E-4
101376,1.44927E-4
101632,1.4227300000000005E-4
101888,1.4029500000000002E-4
102144,1.38344E-4
102400,1.3694100000000002E-4
102656,1.3408699999999996E-4
102912,1.3224799999999996E-4
103168,1.3138099999999997E-4
103424,1.2956800000000004E-4
103680,1.2769400000000003E-4
103936,1.2606499999999997E-4
104192,1.2468400000000001E-4
104448,1.2300500000000003E-4
104704,1.2087999999999997E-4
104960,1.1966500000000003E-4
105216,1.1859100000000003E-4
105472,1.1718100000000006E-4
105728,1.1555400000000003E-4
105984,1.1295800000000003E-4
106240,1.1161099999999996E-4
106496,1.1077299999999999E-4
106752,1.09314E-4
107008,1.08026E-4
107264,1.0621999999999997E-4
107520,1.0507099999999998E-4
107776,1.0391999999999997E-4
108032,1.0261999999999999E-4
108288,1.0172499999999999E-4
108544,1.0022000000000004E-4
108800,9.887600000000002E-5
109056,9.777700000000006E-5
109312,9.705800000000002E-5
109568,9.586800000000004E-5
109824,9.517900000000003E-5
110080,9.446900000000002E-5
110336,9.375799999999999E-5
110592,9.375799999999999E-5
110848,9.3008E-5
111104,9.186399999999999E-5
111360,9.098099999999996E-5
111616,9.004900000000003E-5
111872,8.942599999999998E-5
112128,8.866500000000003E-5
112384,8.811799999999999E-5
112640,8.7017E-5
112896,8.651800000000005E-5
113152,8.603099999999998E-5
113408,8.533100000000001E-5
113664,8.365499999999997E-5
113920,8.319000000000002E-5
114176,8.263699999999999E-5
114432,8.184200000000005E-5
114688,8.100200000000005E-5
114944,7.9945E-5
115200,7.872200000000004E-5
115456,7.806399999999998E-5
115712,7.709800000000005E-5
115968,7.555099999999998E-5
116224,7.503999999999996E-5
116480,7.371999999999999E-5
116736,7.320600000000003E-5
116992,7.279200000000002E-5
117248,7.267500000000002E-5
117504,7.184800000000001E-5
117760,7.141299999999999E-5
118016,7.072299999999997E-5
118272,7.024400000000001E-5
118528,6.955399999999999E-5
118784,6.879200000000003E-5
119040,9.57225999999999E-5
119296,9.452559999999991E-5
119552,9.37535999999999E-5
119808,9.316259999999992E-5
120064,9.272259999999993E-5
120320,9.197359999999996E-5
120576,9.128759999999989E-5
120832,9.03175999999999E-5
121088,8.99455999999999E-5
121344,8.936359999999995E-5
121600,8.842059999999996E-5
121856,8.776159999999999E-5
122112,8.753859999999995E-5
122368,8.742159999999995E-5
122624,8.723059999999998E-5
122880,8.659359999999992E-5
123136,8.631759999999991E-5
123392,8.602559999999998E-5
123648,8.59035999999999E-5
123904,8.580159999999992E-5
124160,8.52145999999999E-5
124416,8.52145999999999E-5
124672,8.512059999999993E-5
124928,8.49395999999999E-5
125184,8.480059999999999E-5
125440,8.471559999999995E-5
125696,8.453459999999992E-5
125952,8.452459999999998E-5
126208,8.429359999999992E-5
126464,8.411059999999997E-5
126720,8.397259999999996E-5
126976,8.390359999999996E-5
127232,8.383459999999996E-5
127488,8.381659999999989E-5
127744,8.369659999999995E-5
128000,8.369659999999995E-5
128256,8.342159999999996E-5
128512,8.336759999999998E-5
128768,8.308859999999992E-5
129024,8.273159999999994E-5
129280,8.273159999999994E-5
129536,8.273159999999994E-5
129792,8.273159999999994E-5
130048,8.273159999999994E-5
130304,8.273159999999994E-5
130560,8.247659999999993E-5
130816,8.231759999999992E-5
131072,8.21636E-5
131328,8.180059999999992E-5
131584,8.176559999999991E-5
131840,8.176559999999991E-5
132096,8.165159999999996E-5
132352,8.14895999999999E-5
132608,8.136059999999993E-5
132864,8.099659999999994E-5
133120,8.09385999999999E-5
133376,8.09385999999999E-5
133632,8.062959999999991E-5
133888,8.051559999999996E-5
134144,8.038659999999999E-5
134400,8.028859999999996E-5
134656,8.00985999999999E-5
134912,7.969659999999996E-5
135168,7.960359999999991E-5
135424,7.942159999999997E-5
135680,7.942059999999996E-5
135936,7.933259999999998E-5
136192,7.928259999999995E-5
136448,7.928259999999995E-5
136704,7.928259999999995E-5
136960,7.928259999999995E-5
137216,7.928259999999995E-5
137472,7.928259999999995E-5
137728,7.928259999999995E-5
137984,7.925259999999991E-5
138240,7.914559999999996E-5
138496,7.902559999999992E-5
138752,7.900759999999996E-5
139008,7.900759999999996E-5
139264,7.900759999999996E-5
139520,7.900759999999996E-5
139776,7.900759999999996E-5
140032,7.900759999999996E-5
140288,7.898859999999998E-5
140544,7.880659999999994E-5
140800,7.862359999999998E-5
141056,7.844159999999994E-5
141312,7.831759999999994E-5
141568,7.821359999999992E-5
141824,7.804159999999993E-5
142080,7.804159999999993E-5
142336,7.804159999999993E-5
142592,7.803459999999993E-5
142848,7.790359999999992E-5
143104,7.780659999999991E-5
143360,7.776559999999992E-5
143616,7.776559999999992E-5
143872,7.776559999999992E-5
144128,7.776559999999992E-5
144384,7.776559999999992E-5
144640,7.776559999999992E-5
144896,7.763059999999996E-5
145152,7.75855999999999E-5
145408,7.748959999999991E-5
145664,7.748959999999991E-5
145920,7.748959999999991E-5
146176,7.748959999999991E-5
146432,7.748959999999991E-5
146688,7.748959999999991E-5
146944,7.748959999999991E-5
147200,7.748959999999991E-5
147456,7.748959999999991E-5
147712,7.748959999999991E-5
147968,7.748959999999991E-5
148224,7.73515999999999E-5
