cache_lines,MRC
256,0.0661722
512,0.0624122
768,0.06017710000000001
1024,0.05848590000000001
1280,0.05713360000000001
1536,0.05593730000000001
1792,0.05488100000000001
2048,0.0539723
2304,0.05313290000000001
2560,0.05234860000000001
2816,0.0515718
3072,0.05085360000000001
3328,0.05018370000000001
3584,0.04952240000000001
3840,0.04884720000000001
4096,0.04819920000000001
4352,0.04754470000000001
4608,0.04689550000000001
4864,0.04626490000000001
5120,0.045615600000000006
5376,0.04494980000000001
5632,0.044334200000000004
5888,0.04369970000000001
6144,0.04306860000000001
6400,0.04244110000000001
6656,0.04181240000000001
6912,0.04117470000000001
7168,0.04055080000000001
7424,0.039901900000000004
7680,0.039259600000000006
7936,0.03863380000000001
8192,0.038003800000000004
8448,0.03738440000000001
8704,0.0367571
8960,0.036134200000000005
9216,0.03553740000000001
9472,0.03490320000000001
9728,0.03427290000000001
9984,0.03360990000000001
10240,0.032951400000000006
10496,0.032306100000000004
10752,0.0316443
11008,0.030987
11264,0.030365100000000006
11520,0.02970890000000001
11776,0.02905250000000001
12032,0.028401400000000007
12288,0.02775430000000001
12544,0.027061700000000008
12800,0.026407700000000006
13056,0.025726300000000007
13312,0.025070800000000004
13568,0.02441320000000001
13824,0.023734500000000006
14080,0.023088800000000007
14336,0.02244410000000001
14592,0.02178250000000001
14848,0.021107200000000007
15104,0.020383900000000003
15360,0.01969590000000001
15616,0.019021500000000004
15872,0.018337400000000004
16128,0.017649800000000007
16384,0.016959800000000004
16640,0.016281100000000007
16896,0.015565200000000008
17152,0.014838600000000007
17408,0.014139700000000005
17664,0.013394900000000008
17920,0.012690700000000006
18176,0.012059500000000008
18432,0.011477100000000004
18688,0.010899100000000009
18944,0.010319200000000008
19200,0.009731600000000007
19456,0.009139200000000007
19712,0.008560800000000007
19968,0.008009100000000005
20224,0.007404200000000007
20480,0.006795400000000007
20736,0.006234000000000003
20992,0.005666300000000006
21248,0.005084900000000003
21504,0.004522500000000006
21760,0.003910600000000007
22016,0.0033281000000000074
22272,0.0014641000000000098
22528,8.841000000000057E-4
22784,2.9000000000000553E-4
23040,-2.751999999999963E-4
23296,-8.87999999999993E-4
23552,-0.0014716999999999925
23808,-0.002054299999999995
24064,-0.002585899999999995
24320,-0.0031243999999999925
24576,-0.003681599999999993
24832,-0.0041867999999999905
25088,-0.004695599999999994
25344,-0.005223599999999995
25600,-0.005762899999999994
25856,-0.006323399999999993
26112,-0.006799699999999992
26368,-0.007338599999999994
26624,-0.007823099999999993
26880,-0.008345499999999992
27136,-0.008824199999999994
27392,-0.009254099999999994
27648,-0.009666099999999993
27904,-0.010086399999999992
28160,-0.010493399999999993
28416,-0.010885499999999992
28672,-0.011293099999999993
28928,-0.011709899999999992
29184,-0.012235999999999993
29440,-0.012674799999999993
29696,-0.013063599999999995
29952,0.01782771
30208,0.017381010000000002
30464,0.01694781
30720,0.01656251
30976,0.016167710000000002
31232,0.01577531
31488,0.015378610000000001
31744,0.014981710000000002
32000,0.01458881
32256,0.014207009999999999
32512,0.01384751
32768,0.013535410000000001
33024,0.013219410000000001
33280,0.012922010000000001
33536,0.01263361
33792,0.012268810000000002
34048,0.01195841
34304,0.01165921
34560,0.011363810000000002
34816,0.011051810000000002
35072,0.01078351
35328,0.01049131
35584,0.010236909999999998
35840,0.00999351
36096,0.00973601
36352,0.00949181
36608,0.009244410000000002
36864,0.00902021
37120,0.00879481
37376,0.00849641
37632,0.00820241
37888,0.00790861
38144,0.007577110000000001
38400,0.00730091
38656,0.00705491
38912,0.00683561
39168,0.006609309999999999
39424,0.0063871100000000005
39680,0.0061657100000000005
39936,0.005955309999999999
40192,0.005670509999999999
40448,0.00546851
40704,0.00526901
40960,0.00496491
41216,0.00475294
41472,0.004562869999999999
41728,0.0043594
41984,0.0041706700000000005
42240,0.003947109999999999
42496,0.003759339999999999
42752,0.00355531
43008,0.0033493200000000002
43264,0.0031516699999999996
43520,0.0029739100000000006
43776,0.0027793800000000006
44032,0.0025748999999999998
44288,0.00237812
44544,0.0021886500000000003
44800,0.00199638
45056,0.0017958999999999996
45312,0.0015825199999999996
45568,0.0013838000000000001
45824,0.0011840000000000002
46080,9.936099999999998E-4
46336,8.285200000000001E-4
46592,6.619699999999996E-4
46848,4.782600000000003E-4
47104,2.857900000000002E-4
47360,8.890000000000026E-5
47616,-9.409999999999974E-5
47872,-2.559400000000005E-4
48128,-4.282699999999997E-4
48384,-6.121800000000004E-4
48640,-8.036300000000005E-4
48896,-9.976899999999999E-4
49152,-0.0011752899999999998
49408,-0.0013666
49664,-0.00155245
49920,-0.0017501
50176,-0.0019587000000000003
50432,-0.00218002
50688,-0.00233708
50944,-0.00247992
51200,-0.0026196600000000002
51456,-0.00276217
51712,-0.0028907200000000003
51968,-0.00293567
52224,-0.0029835
52480,-0.00302799
52736,-0.0030635700000000003
52992,-0.00310005
53248,-0.0031346
53504,-0.0031702600000000003
53760,-0.00320507
54016,-0.00324274
54272,-0.00327345
54528,-0.00329419
54784,-0.00331714
55040,-0.0033357200000000004
55296,-0.00335437
55552,-0.00337133
55808,-0.00339187
56064,-0.00341018
56320,-0.0034264200000000003
56576,-0.00344124
56832,-0.00346208
57088,-0.00348213
57344,-0.00350196
57600,-0.0035209200000000003
57856,-0.0035406500000000002
58112,-0.0035556900000000002
58368,-0.00357176
58624,-0.0035873800000000003
58880,-0.00360487
59136,-0.00361898
59392,-0.0036375
59648,9.385299999999999E-4
59904,9.2023E-4
60160,9.0011E-4
60416,8.8473E-4
60672,8.668E-4
60928,8.51E-4
61184,8.3504E-4
61440,8.191299999999999E-4
61696,8.066099999999999E-4
61952,7.909499999999999E-4
62208,7.7552E-4
62464,7.6271E-4
62720,7.452800000000001E-4
62976,7.307699999999999E-4
63232,7.1381E-4
63488,6.986200000000001E-4
63744,6.8377E-4
64000,6.7146E-4
64256,6.4908E-4
64512,6.307800000000001E-4
64768,6.0964E-4
65024,5.934499999999999E-4
65280,5.771999999999999E-4
65536,5.628199999999999E-4
65792,5.4849E-4
66048,5.3396E-4
66304,5.148500000000001E-4
66560,4.9992E-4
66816,4.8192000000000005E-4
67072,4.6243E-4
67328,4.4384000000000003E-4
67584,4.3293499999999996E-4
67840,4.216459999999999E-4
68096,4.0599500000000003E-4
68352,3.95829E-4
68608,3.8692999999999996E-4
68864,3.78332E-4
69120,3.6685600000000004E-4
69376,3.56829E-4
69632,3.4731499999999995E-4
69888,3.3714E-4
70144,3.2846199999999996E-4
70400,3.17639E-4
70656,3.1160300000000003E-4
70912,3.0029099999999995E-4
71168,2.9168900000000003E-4
71424,2.8071399999999994E-4
71680,2.7130700000000004E-4
71936,2.6366399999999993E-4
72192,2.5942E-4
72448,2.5412899999999997E-4
72704,2.49739E-4
72960,2.4663500000000004E-4
73216,2.4344999999999998E-4
73472,2.4192599999999995E-4
73728,2.3984099999999997E-4
73984,2.3795100000000003E-4
74240,2.3212600000000003E-4
74496,2.28309E-4
74752,2.2511199999999997E-4
75008,2.2027500000000003E-4
75264,2.15907E-4
75520,2.1283900000000004E-4
75776,2.0776400000000004E-4
76032,2.0189199999999996E-4
76288,1.9808999999999994E-4
76544,1.9344000000000002E-4
76800,1.8836699999999994E-4
77056,1.8223700000000002E-4
77312,1.7560899999999996E-4
77568,1.6901899999999996E-4
77824,1.62219E-4
78080,1.5941899999999995E-4
78336,1.5341900000000002E-4
78592,1.4814899999999998E-4
78848,1.42152E-4
79104,1.3497599999999998E-4
79360,1.30543E-4
79616,1.2781100000000003E-4
79872,1.2671700000000004E-4
80128,1.2472799999999995E-4
80384,1.2472799999999995E-4
80640,1.2318599999999996E-4
80896,1.2118099999999994E-4
81152,1.1914200000000003E-4
81408,1.1730200000000001E-4
81664,1.1507E-4
81920,1.1316400000000002E-4
82176,1.0232999999999998E-4
82432,9.053999999999996E-5
82688,8.926499999999994E-5
82944,8.926499999999994E-5
83200,8.926499999999994E-5
83456,8.926499999999994E-5
83712,8.926499999999994E-5
83968,8.926499999999994E-5
84224,8.926499999999994E-5
84480,8.392700000000003E-5
84736,7.008999999999997E-5
84992,6.213699999999998E-5
85248,6.1126E-5
85504,6.1126E-5
85760,6.1126E-5
86016,5.973700000000003E-5
86272,5.808199999999999E-5
86528,5.358000000000001E-5
86784,4.649600000000004E-5
87040,3.3292999999999994E-5
87296,2.838500000000002E-5
87552,2.7205999999999997E-5
87808,2.681999999999999E-5
88064,2.681999999999999E-5
88320,2.681999999999999E-5
88576,2.681999999999999E-5
88832,2.681999999999999E-5
89088,2.573699999999996E-5
89344,2.53448E-4
89600,2.1182199999999997E-4
89856,2.0331799999999997E-4
90112,2.0024099999999998E-4
90368,1.986929999999999E-4
90624,1.986929999999999E-4
90880,1.986929999999999E-4
91136,1.986929999999999E-4
91392,1.986929999999999E-4
91648,1.986929999999999E-4
91904,1.986929999999999E-4
92160,1.983069999999999E-4
92416,1.983069999999999E-4
92672,1.983069999999999E-4
92928,1.979219999999999E-4
93184,1.979219999999999E-4
93440,1.979219999999999E-4
93696,1.975369999999999E-4
93952,1.975369999999999E-4
94208,1.9716099999999995E-4
94464,1.9604799999999988E-4
94720,1.956089999999999E-4
94976,1.948379999999999E-4
95232,1.948379999999999E-4
95488,1.948379999999999E-4
95744,1.948379999999999E-4
96000,1.948379999999999E-4
96256,1.948379999999999E-4
96512,1.948379999999999E-4
96768,1.948379999999999E-4
97024,1.948379999999999E-4
97280,1.948379999999999E-4
97536,1.948379999999999E-4
97792,1.948379999999999E-4
98048,1.9466099999999994E-4
98304,1.8326099999999988E-4
98560,1.5370599999999993E-4
98816,1.3148099999999992E-4
99072,1.2800399999999992E-4
99328,1.2776799999999995E-4
99584,1.2776799999999995E-4
99840,1.2776799999999995E-4
100096,1.2776799999999995E-4
100352,1.2776799999999995E-4
100608,1.2776799999999995E-4
100864,1.2776799999999995E-4
101120,1.2776799999999995E-4
101376,1.2776799999999995E-4
101632,1.2776799999999995E-4
101888,1.2776799999999995E-4
102144,1.2776799999999995E-4
102400,1.2740599999999994E-4
102656,1.2661199999999996E-4
102912,1.2509199999999993E-4
103168,1.250699999999999E-4
103424,1.250699999999999E-4
103680,1.250699999999999E-4
103936,1.2468399999999996E-4
104192,1.2468399999999996E-4
104448,1.2429899999999992E-4
104704,1.2429899999999992E-4
104960,1.2429899999999992E-4
105216,1.2429899999999992E-4
105472,1.2404099999999992E-4
105728,1.1135499999999994E-4
105984,1.0401899999999995E-4
106240,8.057799999999993E-5
106496,4.457499999999993E-5
106752,3.157099999999993E-5
107008,3.101699999999994E-5
107264,2.982999999999995E-5
107520,2.870699999999994E-5
107776,2.8703999999999947E-5
108032,2.838399999999995E-5
108288,2.8318999999999957E-5
108544,2.8318999999999957E-5
108800,2.8318999999999957E-5
109056,2.8318999999999957E-5
109312,2.8318999999999957E-5
109568,2.8318999999999957E-5
109824,2.8318999999999957E-5
110080,2.8318999999999957E-5
110336,2.8318999999999957E-5
110592,2.829799999999995E-5
110848,2.7933999999999912E-5
111104,2.7933999999999912E-5
111360,2.7933999999999912E-5
111616,2.7933999999999912E-5
111872,2.7933999999999912E-5
112128,2.7933999999999912E-5
112384,2.7933999999999912E-5
112640,2.7933999999999912E-5
112896,2.7933999999999912E-5
113152,2.346399999999995E-5
113408,9.78599999999991E-6
113664,9.045999999999913E-6
113920,9.045999999999913E-6
114176,9.045999999999913E-6
114432,9.045999999999913E-6
114688,9.045999999999913E-6
114944,9.045999999999913E-6
115200,9.045999999999913E-6
115456,9.045999999999913E-6
115712,9.045999999999913E-6
115968,8.517999999999948E-6
116224,8.274999999999917E-6
116480,7.275999999999962E-6
116736,7.11899999999993E-6
116992,7.11899999999993E-6
117248,6.751999999999952E-6
117504,6.7329999999999235E-6
117760,6.7329999999999235E-6
118016,6.7329999999999235E-6
118272,6.7329999999999235E-6
118528,6.7329999999999235E-6
118784,6.7329999999999235E-6
119040,1.1173759999999998E-4
119296,1.1173759999999998E-4
119552,1.113256E-4
119808,1.1096659999999998E-4
120064,1.0825659999999998E-4
120320,9.950859999999998E-5
120576,9.52296E-5
120832,9.312360000000001E-5
121088,8.86096E-5
121344,8.78896E-5
121600,8.783959999999997E-5
121856,8.745359999999997E-5
122112,8.745359999999997E-5
122368,8.745359999999997E-5
122624,8.745359999999997E-5
122880,8.706859999999997E-5
123136,8.706859999999997E-5
123392,8.706859999999997E-5
123648,8.661359999999997E-5
123904,8.629759999999998E-5
124160,8.629759999999998E-5
124416,8.591159999999997E-5
124672,8.591159999999997E-5
124928,8.47286E-5
125184,8.398459999999999E-5
125440,8.398459999999999E-5
125696,8.398459999999999E-5
125952,8.398459999999999E-5
126208,8.398459999999999E-5
126464,8.398459999999999E-5
126720,8.398459999999999E-5
126976,8.398459999999999E-5
127232,8.398459999999999E-5
127488,8.398459999999999E-5
127744,8.359859999999998E-5
128000,8.359859999999998E-5
128256,8.284359999999997E-5
128512,8.28286E-5
128768,8.28286E-5
129024,8.28286E-5
129280,8.28286E-5
129536,8.28286E-5
129792,8.28286E-5
130048,8.28286E-5
130304,8.28286E-5
130560,8.24426E-5
130816,8.24426E-5
131072,8.17336E-5
131328,8.142159999999997E-5
131584,8.114059999999999E-5
131840,8.085759999999998E-5
132096,8.051560000000001E-5
132352,8.051560000000001E-5
132608,8.051560000000001E-5
132864,8.051560000000001E-5
133120,8.051560000000001E-5
133376,8.051560000000001E-5
133632,8.051560000000001E-5
133888,8.051560000000001E-5
134144,8.01296E-5
134400,8.01296E-5
134656,7.974460000000002E-5
134912,7.681259999999998E-5
135168,7.522859999999998E-5
135424,7.511859999999998E-5
135680,7.49236E-5
135936,7.434759999999999E-5
136192,7.434759999999999E-5
136448,7.412560000000001E-5
136704,7.357659999999999E-5
136960,7.35256E-5
137216,7.31916E-5
137472,7.31916E-5
137728,7.31916E-5
137984,7.31916E-5
138240,7.31916E-5
138496,7.31916E-5
138752,7.31916E-5
139008,7.31916E-5
139264,7.31916E-5
139520,7.31916E-5
139776,7.31916E-5
140032,7.31916E-5
140288,7.280660000000001E-5
140544,7.24206E-5
140800,7.20866E-5
141056,7.16496E-5
141312,7.147659999999999E-5
141568,7.126460000000002E-5
141824,7.087860000000001E-5
142080,7.087860000000001E-5
142336,7.063460000000002E-5
142592,7.049359999999996E-5
142848,7.049359999999996E-5
143104,7.049359999999996E-5
143360,7.049359999999996E-5
143616,7.049359999999996E-5
143872,7.010760000000001E-5
144128,7.010760000000001E-5
144384,7.010760000000001E-5
144640,7.010760000000001E-5
144896,7.010760000000001E-5
145152,6.938259999999998E-5
145408,6.875859999999997E-5
145664,6.779559999999998E-5
145920,6.745459999999998E-5
146176,6.702459999999999E-5
146432,6.702459999999999E-5
146688,6.702459999999999E-5
146944,6.695759999999996E-5
147200,6.663859999999998E-5
147456,6.663859999999998E-5
147712,6.663859999999998E-5
147968,6.645659999999999E-5
148224,6.625359999999999E-5
