cache_lines,MRC
256,0.0233297
512,0.0059567
768,0.00252434
1024,0.00130526
1280,0.000790349
1536,0.000547846
1792,0.000417782
2048,0.00033753
2304,0.000277786
2560,0.000227999
2816,0.000182829
3072,0.000131384
3328,8.67273e-05
3584,5.36749e-05
3840,3.1e-05
4096,1.84032e-05
4352,1.10349e-05
4608,8.75623e-06
4864,7.42924e-06
5120,5.94887e-06
5376,4.4944e-06
5632,3.33774e-06
5888,2.27058e-06
6144,2.06623e-06
6400,1.79376e-06
6656,1.65753e-06
6912,1.58941e-06
7168,1.544e-06
7424,1.544e-06
7680,1.544e-06
7936,1.5213e-06
8192,1.49859e-06
8448,1.49859e-06
8704,1.47589e-06
8960,1.47589e-06
9216,1.45318e-06
9472,1.45318e-06
9728,1.45318e-06
9984,1.45318e-06
10240,1.45318e-06
10496,1.45318e-06
10752,1.45318e-06
11008,1.45318e-06
11264,1.45318e-06
11520,1.45318e-06
11776,1.45318e-06
12032,1.45318e-06
12288,1.45318e-06
12544,1.45318e-06
12800,1.45318e-06
13056,1.45318e-06
13312,1.45318e-06
13568,1.45318e-06
13824,1.45318e-06
14080,1.45318e-06
14336,1.45318e-06
14592,1.45318e-06
14848,1.45318e-06
15104,1.45318e-06
15360,1.43047e-06
15616,1.43047e-06
15872,1.43047e-06
16128,1.43047e-06
16384,1.43047e-06
16640,1.43047e-06
16896,1.43047e-06
17152,1.43047e-06
17408,1.43047e-06
17664,1.43047e-06
17920,1.43047e-06
18176,1.43047e-06
18432,1.43047e-06
18688,1.43047e-06
18944,1.40777e-06
19200,1.40777e-06
19456,1.40777e-06
19712,1.40777e-06
19968,1.40777e-06
20224,1.40777e-06
20480,1.40777e-06
20736,1.38506e-06
20992,1.38506e-06
21248,1.38506e-06
21504,1.38506e-06
21760,1.38506e-06
22016,1.38506e-06
22272,1.36236e-06
22528,1.36236e-06
22784,1.36236e-06
23040,1.36236e-06
23296,1.36236e-06
23552,1.36236e-06
23808,1.36236e-06
24064,1.36236e-06
24320,1.36236e-06
24576,1.36236e-06
24832,1.36236e-06
25088,1.36236e-06
25344,1.10875e-06
25600,6.58486e-07
25856,6.58486e-07
26112,6.58486e-07
26368,6.58486e-07
26624,6.35781e-07
26880,3.17903e-07
27136,3.17903e-07
27392,2.27081e-07
27648,2.27081e-07
27904,2.27081e-07
28160,2.27081e-07
28416,2.27081e-07
28672,2.27081e-07
28928,2.27081e-07
29184,2.27081e-07
29440,2.27081e-07
29696,2.27081e-07
29952,2.27081e-07
30208,2.27081e-07
30464,2.27081e-07
30720,2.27081e-07
30976,2.27081e-07
31232,2.1955e-07
31488,2.04376e-07
31744,2.04376e-07
32000,2.04376e-07
32256,2.04376e-07
32512,2.04376e-07
32768,2.04376e-07
33024,2.04376e-07
33280,2.04376e-07
33536,2.04376e-07
33792,2.04376e-07
34048,2.04376e-07
34304,2.04376e-07
34560,2.04376e-07
34816,2.04376e-07
35072,2.04376e-07
35328,2.04376e-07
35584,2.04376e-07
35840,2.04376e-07
36096,2.04376e-07
36352,2.04376e-07
36608,2.04376e-07
36864,2.04376e-07
37120,2.04376e-07
37376,2.04376e-07
37632,2.04376e-07
37888,2.04376e-07
38144,2.04376e-07
38400,2.04376e-07
38656,2.04376e-07
38912,2.04376e-07
39168,2.04376e-07
39424,2.04376e-07
39680,2.04376e-07
39936,2.04376e-07
40192,2.04376e-07
40448,2.04376e-07
40704,2.04376e-07
40960,2.04376e-07
41216,2.04376e-07
41472,2.04376e-07
41728,2.04376e-07
41984,2.04376e-07
42240,2.04376e-07
42496,2.04376e-07
42752,2.04376e-07
43008,2.04376e-07
43264,2.04376e-07
43520,2.04376e-07
43776,2.04376e-07
44032,2.04376e-07
44288,2.04376e-07
44544,2.04376e-07
44800,2.04376e-07
45056,2.04376e-07
45312,2.04376e-07
45568,2.04376e-07
45824,2.04376e-07
46080,2.04376e-07
46336,2.04376e-07
46592,2.04376e-07
46848,2.04376e-07
47104,2.04376e-07
47360,2.04376e-07
47616,2.04376e-07
47872,2.04376e-07
48128,2.04376e-07
48384,2.04376e-07
48640,2.04376e-07
48896,2.04376e-07
49152,2.04376e-07
49408,2.04376e-07
49664,2.04376e-07
49920,2.04376e-07
50176,2.04376e-07
50432,2.04376e-07
50688,2.04376e-07
50944,2.04376e-07
51200,2.04376e-07
51456,2.04376e-07
51712,2.04376e-07
51968,2.04376e-07
52224,2.04376e-07
52480,2.04376e-07
52736,2.04376e-07
52992,2.04376e-07
53248,2.04376e-07
53504,2.04376e-07
53760,2.04376e-07
54016,2.04376e-07
54272,2.04376e-07
54528,2.04376e-07
54784,2.04376e-07
55040,2.04376e-07
55296,2.04376e-07
55552,2.04376e-07
55808,2.04376e-07
56064,2.04376e-07
56320,2.04376e-07
56576,2.04376e-07
56832,2.04376e-07
57088,2.04376e-07
57344,2.04376e-07
57600,2.04376e-07
57856,2.04376e-07
58112,2.04376e-07
58368,2.04376e-07
58624,2.04376e-07
58880,2.04376e-07
59136,2.04376e-07
59392,2.04376e-07
59648,2.04376e-07
59904,2.04376e-07
60160,2.04376e-07
60416,2.04376e-07
60672,2.04376e-07
60928,2.04376e-07
61184,2.04376e-07
61440,2.04376e-07
61696,2.04376e-07
61952,2.04376e-07
62208,2.04376e-07
62464,2.04376e-07
62720,2.04376e-07
62976,2.04376e-07
63232,2.04376e-07
63488,2.04376e-07
63744,2.04376e-07
64000,2.04376e-07
64256,2.04376e-07
64512,2.04376e-07
64768,2.04376e-07
65024,2.04376e-07
65280,2.04376e-07
65536,2.04376e-07
65792,2.04376e-07
66048,2.04376e-07
66304,2.04376e-07
66560,2.04376e-07
66816,2.04376e-07
67072,2.04376e-07
67328,2.04376e-07
67584,2.04376e-07
67840,2.04376e-07
68096,2.04376e-07
68352,2.04376e-07
68608,2.04376e-07
68864,2.04376e-07
69120,2.04376e-07
69376,2.04376e-07
69632,2.04376e-07
69888,2.04376e-07
70144,2.04376e-07
70400,2.04376e-07
70656,2.04376e-07
70912,2.04376e-07
71168,2.04376e-07
71424,2.04376e-07
71680,2.04376e-07
71936,2.04376e-07
72192,2.04376e-07
72448,2.04376e-07
72704,2.04376e-07
72960,2.04376e-07
73216,2.04376e-07
73472,2.04376e-07
73728,2.04376e-07
73984,2.04376e-07
74240,2.04376e-07
74496,2.04376e-07
74752,2.04376e-07
75008,2.04376e-07
75264,2.04376e-07
75520,2.04376e-07
75776,2.04376e-07
76032,2.04376e-07
76288,2.04376e-07
76544,2.04376e-07
76800,2.04376e-07
77056,2.04376e-07
77312,2.04376e-07
77568,2.04376e-07
77824,2.04376e-07
78080,2.04376e-07
78336,2.04376e-07
78592,2.04376e-07
78848,2.04376e-07
79104,2.04376e-07
79360,2.04376e-07
79616,2.04376e-07
79872,2.04376e-07
80128,2.04376e-07
80384,2.04376e-07
80640,2.04376e-07
80896,2.04376e-07
81152,2.04376e-07
81408,2.04376e-07
81664,2.04376e-07
81920,2.04376e-07
82176,2.04376e-07
82432,2.04376e-07
82688,2.04376e-07
82944,2.04376e-07
83200,2.04376e-07
83456,2.04376e-07
83712,2.04376e-07
83968,2.04376e-07
84224,2.04376e-07
84480,2.04376e-07
84736,2.04376e-07
84992,2.04376e-07
85248,2.04376e-07
85504,2.04376e-07
85760,2.04376e-07
86016,2.04376e-07
86272,2.04376e-07
86528,2.04376e-07
86784,2.04376e-07
87040,2.04376e-07
87296,2.04376e-07
87552,2.04376e-07
87808,2.04376e-07
88064,2.04376e-07
88320,2.04376e-07
88576,2.04376e-07
88832,2.04376e-07
89088,2.04376e-07
89344,2.04376e-07
89600,2.04376e-07
89856,2.04376e-07
