cache_lines,MRC
256,0.1104751
512,0.1029351
768,0.09443510000000001
1024,0.0919421
1280,0.0773172
1536,0.0698699
1792,0.0604822
2048,0.04893660000000001
2304,0.04218620000000001
2560,0.0411236
2816,0.033093000000000004
3072,0.029548400000000002
3328,0.0284627
3584,0.027470400000000006
3840,0.026615500000000007
4096,0.025815700000000004
4352,0.0240601
4608,0.022802600000000006
4864,0.021315300000000002
5120,0.0199309
5376,0.018947400000000003
5632,0.0179838
5888,0.0171006
6144,0.0162324
6400,0.015409600000000002
6656,0.014333500000000006
6912,0.013070600000000002
7168,0.009075000000000003
7424,0.007735900000000004
7680,0.005526500000000004
7936,0.004772700000000005
8192,0.004334700000000004
8448,0.003928600000000004
8704,0.003450500000000002
8960,0.002470900000000005
9216,0.0017079000000000052
9472,0.0012833000000000046
9728,7.372000000000038E-4
9984,1.7660000000000245E-4
10240,-3.5189999999999527E-4
10496,-8.626999999999975E-4
10752,-0.0012766999999999952
11008,-0.0015106999999999968
11264,-0.0017623999999999973
11520,-0.0019679999999999975
11776,-0.002169499999999998
12032,0.008792290000000001
12288,0.008597690000000002
12544,0.008354589999999999
12800,0.008065989999999999
13056,0.007724290000000002
13312,0.007446189999999998
13568,0.007256189999999999
13824,0.007057290000000001
14080,0.00692419
14336,0.00671569
14592,0.006611990000000002
14848,0.006477589999999998
15104,0.00636519
15360,0.0062327899999999985
15616,0.00609939
15872,0.00599879
16128,0.00587759
16384,0.005763290000000001
16640,0.005649889999999999
16896,0.005535190000000001
17152,0.00542669
17408,0.005338890000000001
17664,0.00523039
17920,0.00515409
18176,0.00508979
18432,0.00503139
18688,0.00496919
18944,0.00488189
19200,0.004801390000000001
19456,0.00472529
19712,0.00466079
19968,0.00458369
20224,0.004516289999999999
20480,0.004451490000000001
20736,0.004376089999999999
20992,0.004310390000000001
21248,0.004250490000000001
21504,0.0041973900000000005
21760,0.0041342900000000005
22016,0.004058590000000001
22272,0.00398459
22528,0.00390479
22784,0.00383119
23040,0.00374559
23296,0.0036598900000000007
23552,0.00354579
23808,0.006675820000000001
24064,0.006592220000000001
24320,0.0064855200000000016
24576,0.00639292
24832,0.006298620000000001
25088,0.00619922
25344,0.00610832
25600,0.006013620000000001
25856,0.00592702
26112,0.005842420000000001
26368,0.005753620000000001
26624,0.0056938200000000005
26880,0.0056247200000000015
27136,0.005564620000000001
27392,0.005495420000000001
27648,0.005313720000000001
27904,0.005118620000000001
28160,0.0049878200000000004
28416,0.004801320000000001
28672,0.004622320000000001
28928,0.00454942
29184,0.00447552
29440,0.004438920000000001
29696,0.00410222
29952,0.00403972
30208,0.00398362
30464,0.00393782
30720,0.0038825200000000004
30976,0.003835420000000001
31232,0.0037870300000000003
31488,0.0037340900000000007
31744,0.0036903400000000003
32000,0.00365504
32256,0.0036111900000000002
32512,0.00356419
32768,0.003524610000000001
33024,0.0034887600000000005
33280,0.003451280000000001
33536,0.0034139700000000005
33792,0.0033739600000000005
34048,0.0033315800000000007
34304,0.0032979700000000008
34560,0.0032534600000000014
34816,0.0030066400000000014
35072,0.00275301
35328,0.002711720000000001
35584,0.003640390000000001
35840,0.00360759
36096,0.003561860000000001
36352,0.0035236700000000004
36608,0.0034878800000000014
36864,0.003445850000000001
37120,0.0034176400000000004
37376,0.00337595
37632,0.003350040000000001
37888,0.003322320000000001
38144,0.0032923500000000003
38400,0.0032651900000000003
38656,0.003233230000000001
38912,0.0031903700000000005
39168,0.00309229
39424,0.00301901
39680,0.00298308
39936,0.00292316
40192,0.00289922
40448,0.0028752400000000003
40704,0.002850280000000001
40960,0.0028257900000000008
41216,0.00280547
41472,0.00276138
41728,0.0025859000000000004
41984,0.002547830000000001
42240,0.0025067100000000005
42496,0.0024446400000000005
42752,0.0024001100000000004
43008,0.002374630000000001
43264,0.0023492600000000006
43520,0.0023190200000000006
43776,0.0022978800000000004
44032,0.0022548000000000004
44288,0.002209450000000001
44544,0.0021865600000000006
44800,0.0021627500000000006
45056,0.0021290600000000003
45312,0.002101190000000001
45568,0.0018656700000000007
45824,0.0018204200000000005
46080,0.0018004000000000006
46336,0.0017749900000000006
46592,0.0017479700000000006
46848,0.001728050000000001
47104,0.0017186200000000006
47360,0.00263807
47616,0.0026232
47872,0.0026032799999999995
48128,0.00258232
48384,0.00254956
48640,0.0025283199999999997
48896,0.00251046
49152,0.0024913999999999995
49408,0.0024748699999999997
49664,0.00245962
49920,0.0024373299999999997
50176,0.0024161599999999997
50432,0.0024005800000000002
50688,0.00238034
50944,0.0023588999999999997
51200,0.00233107
51456,0.0022798799999999998
51712,0.00225016
51968,0.0022302199999999998
52224,0.00221428
52480,0.0021952199999999995
52736,0.00217524
52992,0.0021420700000000003
53248,0.00209831
53504,0.0020836500000000003
53760,0.00206605
54016,0.0020429000000000003
54272,0.00202894
54528,0.0020154099999999996
54784,0.00200046
55040,0.00198772
55296,0.00196304
55552,0.00194931
55808,0.0019311800000000002
56064,0.0019130299999999996
56320,0.0019001599999999997
56576,0.0018859999999999997
56832,0.0018741399999999998
57088,0.0018615100000000002
57344,0.0018423299999999997
57600,0.0018238400000000002
57856,0.0018055399999999996
58112,0.00179161
58368,0.0017774000000000002
58624,0.0017689899999999998
58880,0.00175667
59136,0.00222997
59392,0.00221406
59648,0.0021924999999999996
59904,0.00217869
60160,0.00216426
60416,0.00214876
60672,0.0021381399999999997
60928,0.00212162
61184,0.00210045
61440,0.0020572599999999996
61696,0.0020400099999999997
61952,0.0020174199999999994
62208,0.0020005899999999996
62464,0.0019808599999999997
62720,0.0019649499999999996
62976,0.0019477700000000001
63232,0.0019269799999999996
63488,0.0019124300000000001
63744,0.00190105
64000,0.0018895599999999998
64256,0.0018797100000000001
64512,0.0018700399999999995
64768,0.0018546999999999995
65024,0.00183432
65280,0.00182
65536,0.0018074799999999998
65792,0.0017981
66048,0.001787
66304,0.0017788599999999997
66560,0.00176115
66816,0.0017540699999999995
67072,0.0017385299999999998
67328,0.0017025099999999995
67584,0.0016947699999999995
67840,0.00168797
68096,0.0016763
68352,0.0016560799999999994
68608,0.0016437999999999995
68864,0.00163509
69120,0.0016263899999999997
69376,0.0016150499999999994
69632,0.0016052299999999996
69888,0.0015968099999999993
70144,0.0015903299999999996
70400,0.0015821999999999993
70656,0.00157596
70912,0.0018797700000000002
71168,0.0018690399999999998
71424,0.0018613500000000003
71680,0.0018528199999999998
71936,0.00184651
72192,0.0018401700000000003
72448,0.0018314000000000004
72704,0.0018224800000000005
72960,0.0018128700000000003
73216,0.0017999700000000006
73472,0.00179041
73728,0.00178211
73984,0.0017732299999999998
74240,0.0017603100000000002
74496,0.0017513400000000005
74752,0.0017386200000000006
75008,0.00173012
75264,0.0017206700000000005
75520,0.0017129900000000002
75776,0.0017025299999999998
76032,0.0016953000000000003
76288,0.0016886000000000002
76544,0.00167623
76800,0.0016661000000000002
77056,0.00165809
77312,0.0016510400000000003
77568,0.0016377600000000003
77824,0.0016251
78080,0.0016157100000000002
78336,0.0016070700000000004
78592,0.00160144
78848,0.00159355
79104,0.0015844400000000003
79360,0.0015781300000000005
79616,0.0015704100000000004
79872,0.00156185
80128,0.0015509399999999998
80384,0.00154184
80640,0.0015337600000000003
80896,0.0015226500000000004
81152,0.00151497
81408,0.0015019999999999999
81664,0.0014922900000000003
81920,0.0014804500000000003
82176,0.0014675800000000004
82432,0.0014543100000000003
82688,0.0017849600000000004
82944,0.00177012
83200,0.0017590600000000007
83456,0.0017455300000000003
83712,0.0017335900000000001
83968,0.0017227100000000006
84224,0.0017107600000000004
84480,0.0017001300000000002
84736,0.0016901200000000007
84992,0.0016777900000000002
85248,0.00166204
85504,0.0016508500000000006
85760,0.0016400900000000003
86016,0.00163211
86272,0.0016257300000000006
86528,0.00161619
86784,0.00160539
87040,0.0015959400000000006
87296,0.00158347
87552,0.0015744900000000004
87808,0.0015679700000000001
88064,0.0015639800000000004
88320,0.0015577000000000004
88576,0.0015514600000000002
88832,0.0015451800000000002
89088,0.0015371300000000003
89344,0.0015315900000000002
89600,0.0015293000000000008
89856,0.0015222400000000002
90112,0.00151715
90368,0.0015080900000000001
90624,0.0015017600000000004
90880,0.0014975500000000003
91136,0.0014935800000000004
91392,0.0014854300000000003
91648,0.0014797000000000005
91904,0.00147174
92160,0.0014659200000000008
92416,0.0014581300000000002
92672,0.0014494800000000004
92928,0.0014443500000000005
93184,0.00143816
93440,0.0014324200000000002
93696,0.0014267400000000001
93952,0.00142224
94208,0.0014155700000000005
94464,0.00154493
94720,0.00154069
94976,0.00153863
95232,0.0015356099999999998
95488,0.00153118
95744,0.0015253200000000001
96000,0.0015191199999999997
96256,0.0015138299999999999
96512,0.0015090199999999998
96768,0.00150651
97024,0.0014991700000000002
97280,0.0014937400000000003
97536,0.00148723
97792,0.0014834599999999998
98048,0.00147935
98304,0.0014763500000000004
98560,0.0014714799999999998
98816,0.0014691900000000004
99072,0.0014669499999999999
99328,0.0014633800000000002
99584,0.0014571899999999997
99840,0.0014481500000000005
100096,0.00144398
100352,0.00144151
100608,0.0014391000000000004
100864,0.0014373299999999997
101120,0.00143568
101376,0.0014272399999999998
101632,0.0014101699999999997
101888,0.0014021600000000004
102144,0.0013941400000000003
102400,0.0013856600000000004
102656,0.0013790900000000004
102912,0.0013737200000000001
103168,0.0013709899999999999
103424,0.0013689799999999997
103680,0.00136485
103936,0.0013626200000000002
104192,0.0013572599999999999
104448,0.0013555800000000003
104704,0.00135257
104960,0.0013521100000000001
105216,0.00134775
105472,0.0013416599999999997
105728,0.0013377500000000004
105984,0.0013341300000000002
106240,0.0014634399999999999
106496,0.0014587000000000003
106752,0.00145598
107008,0.0014514200000000001
107264,0.00144793
107520,0.0014450399999999999
107776,0.0014404500000000002
108032,0.0014356200000000003
108288,0.0014330100000000002
108544,0.00142952
108800,0.0014292000000000003
109056,0.0014240700000000004
109312,0.00142195
109568,0.00141991
109824,0.00141523
110080,0.0014099100000000003
110336,0.0014073699999999998
110592,0.0014018600000000004
110848,0.0013978899999999997
111104,0.0013951300000000005
111360,0.0013923299999999998
111616,0.0013884700000000002
111872,0.0013843199999999996
112128,0.0013818199999999997
112384,0.0013790599999999997
112640,0.0013762900000000005
112896,0.0013711399999999999
113152,0.00136891
113408,0.00136646
113664,0.00136368
113920,0.0013600800000000005
114176,0.0013569699999999999
114432,0.00135518
114688,0.0013537899999999997
114944,0.00135184
115200,0.00134862
115456,0.0013465200000000004
115712,0.0013444299999999998
115968,0.00134234
116224,0.0013402400000000004
116480,0.0013363100000000003
116736,0.0013337900000000005
116992,0.0013306799999999999
117248,0.0013280799999999997
117504,0.0013247700000000003
