cache_lines,MRC
256,0.0472532
512,0.04703644705882353
768,0.046926875259515576
1024,0.04676271678200693
1280,0.04669179394463668
1536,0.04481353408304498
1792,0.04475177543252595
2048,0.04468523546712803
2304,0.044667305536332184
2560,0.04465814134948097
2816,0.04465096937716263
3072,0.044642203633218
3328,0.04453223339100346
3584,0.044527452076124574
3840,0.04452267076124568
4096,0.04451788944636679
4352,0.04451390501730104
4608,0.044509123702422146
4864,0.04450633460207613
5120,0.04450354550173011
5376,0.04450155328719724
5632,0.04449956107266436
5888,0.04449717041522491
6144,0.04449398287197232
6400,0.044491990657439445
6656,0.044393176816608995
6912,0.044391184602076125
7168,0.044389989273356405
7424,0.044387200173010385
7680,0.044384411072664366
7936,0.04438162197231834
8192,0.04437962975778547
8448,0.04437883287197232
8704,0.0443776375432526
8960,0.04437644221453287
9216,0.04437524688581315
9472,0.04437405155709343
9728,0.044366481141868516
9984,0.044362496712802776
10240,0.04435851228373702
10496,0.044353332525951555
10752,0.044350941868512114
11008,0.044350144982698965
11264,0.044349348096885816
11520,0.044348949653979244
11776,0.04434815276816609
12032,0.04434775432525952
12288,0.04434695743944637
12544,0.044346558996539796
12800,0.044346160553633225
13056,0.04434576211072665
13312,0.0443449652249135
13568,0.044344566782006926
13824,0.04434416833910035
14080,0.04434376989619378
14336,0.0443433714532872
14592,0.04434297301038063
14848,0.04434257456747405
15104,0.04434217612456748
15360,0.0443417776816609
15616,0.04434137923875433
15872,0.04434098079584776
16128,0.04434058235294118
16384,0.04434018391003461
16640,0.04434018391003461
16896,0.04433978546712803
17152,0.04433978546712803
17408,0.04433938702422146
17664,0.04433898858131488
17920,0.04433898858131488
18176,0.04433859013840831
18432,0.04433819169550173
18688,0.04433819169550173
18944,0.04433779325259516
19200,0.04433739480968858
19456,0.04433659792387543
19712,0.04433659792387543
19968,0.04433619948096886
20224,0.044335801038062284
20480,0.04433540259515571
20736,0.04433500415224914
20992,0.04433460570934256
21248,0.04433460570934256
21504,0.04433420726643599
21760,0.04433420726643599
22016,0.044333808823529414
22272,0.04433341038062284
22528,0.04433341038062284
22784,0.044333011937716264
23040,0.044333011937716264
23296,0.04433261349480969
23552,0.04433261349480969
23808,0.044332215051903115
24064,0.044332215051903115
24320,0.044332215051903115
24576,0.044331816608996544
24832,0.044331816608996544
25088,0.044331418166089966
25344,0.044331418166089966
25600,0.044331019723183394
25856,0.044331019723183394
26112,0.044330621280276816
26368,0.044330621280276816
26624,0.044330621280276816
26880,0.044330222837370245
27136,0.044330222837370245
27392,0.044329824394463674
27648,0.044329824394463674
27904,0.044329824394463674
28160,0.044329824394463674
28416,0.044329425951557096
28672,0.044329425951557096
28928,0.044329425951557096
29184,0.044329027508650524
29440,0.044329027508650524
29696,0.044328230622837375
29952,0.044328230622837375
30208,0.04431548044982699
30464,0.04431308979238755
30720,0.04429635519031142
30976,0.04429555830449827
31232,0.0442951598615917
31488,0.0442951598615917
31744,0.04429476141868512
32000,0.04429476141868512
32256,0.04429476141868512
32512,0.04429436297577855
32768,0.04429436297577855
33024,0.04429436297577855
33280,0.04429436297577855
33536,0.04429436297577855
33792,0.044293964532871974
34048,0.044293964532871974
34304,0.044293964532871974
34560,0.044293964532871974
34816,0.0442935660899654
35072,0.0442935660899654
35328,0.0442935660899654
35584,0.0442935660899654
35840,0.0442935660899654
36096,0.0442935660899654
36352,0.044293167647058825
36608,0.044293167647058825
36864,0.044293167647058825
37120,0.044293167647058825
37376,0.04429276920415225
37632,0.04429276920415225
37888,0.04429276920415225
38144,0.044292370761245675
38400,0.044292370761245675
38656,0.044292370761245675
38912,0.044292370761245675
39168,0.044291972318339104
39424,0.044291972318339104
39680,0.044291972318339104
39936,0.044291573875432526
40192,0.044291573875432526
40448,0.044291573875432526
40704,0.044291175432525955
40960,0.044291175432525955
41216,0.044291175432525955
41472,0.04429077698961938
41728,0.04429077698961938
41984,0.04429077698961938
42240,0.04429077698961938
42496,0.044290378546712805
42752,0.044290378546712805
43008,0.044290378546712805
43264,0.044290378546712805
43520,0.044289980103806234
43776,0.044289980103806234
44032,0.044289980103806234
44288,0.044289581660899656
44544,0.044289581660899656
44800,0.044289581660899656
45056,0.044289581660899656
45312,0.044289183217993085
45568,0.044289183217993085
45824,0.044289183217993085
46080,0.044289183217993085
46336,0.04428878477508651
46592,0.04428878477508651
46848,0.04428878477508651
47104,0.044288386332179935
47360,0.044288386332179935
47616,0.044288386332179935
47872,0.044288386332179935
48128,0.044288386332179935
48384,0.044288386332179935
48640,0.04428798788927336
48896,0.04428798788927336
49152,0.04428798788927336
49408,0.04428798788927336
49664,0.044287589446366786
49920,0.044287589446366786
50176,0.044287589446366786
50432,0.044287589446366786
50688,0.04428719100346021
50944,0.04428639411764706
51200,0.04428599567474049
51456,0.04428599567474049
51712,0.04428599567474049
51968,0.04428599567474049
52224,0.044285597231833916
52480,0.0442593
52736,0.044249221004566214
52992,0.044249221004566214
53248,0.04424844569722515
53504,0.04424728273621356
53760,0.04424728273621356
54016,0.04424108027748508
54272,0.044190297646645595
54528,0.04418952233930453
54784,0.04418952233930453
55040,0.044189134685634
55296,0.044189134685634
55552,0.044189134685634
55808,0.044189134685634
56064,0.044189134685634
56320,0.044189134685634
56576,0.044188747031963474
56832,0.044188747031963474
57088,0.044188747031963474
57344,0.044188747031963474
57600,0.044188747031963474
57856,0.04418835937829294
58112,0.04418835937829294
58368,0.04418835937829294
58624,0.04418835937829294
58880,0.04418835937829294
59136,0.04418797172462242
59392,0.04418797172462242
59648,0.04418797172462242
59904,0.044187584070951885
60160,0.044187584070951885
60416,0.04418719641728135
60672,0.04418719641728135
60928,0.04418719641728135
61184,0.04418719641728135
61440,0.04418680876361082
61696,0.04418680876361082
61952,0.04418680876361082
62208,0.04418564580259923
62464,0.04418370753424657
62720,0.044181381612223396
62976,0.04417944334387074
63232,0.0441775050755181
63488,0.04417517915349491
63744,0.04417285323147173
64000,0.044170914963119076
64256,0.04416858904109589
64512,0.044166263119072714
64768,0.04416432485072006
65024,0.0441623865823674
65280,0.044160060660344225
65536,0.04415812239199157
65792,0.04415502116262733
66048,0.044148043396557785
66304,0.044139127362135586
66560,0.04413641378644187
66816,0.044134475518089224
67072,0.04413214959606604
67328,0.044129823674042855
67584,0.04412749775201967
67840,0.04412555948366702
68096,0.04412323356164384
68352,0.044120519985950124
68608,0.04411858171759747
68864,0.044116255795574294
69120,0.04411392987355111
69376,0.044111603951527925
69632,0.04410927802950474
69888,0.044107339761152095
70144,0.04410540149279944
70400,0.04410307557077626
70656,0.044101137302423606
70912,0.04409881138040042
71168,0.044096873112047776
71424,0.04409454719002459
71680,0.04409260892167194
71936,0.044090282999648754
72192,0.0440883447312961
72448,0.044086018809272924
72704,0.04408408054092027
72960,0.04408175461889709
73216,0.04407942869687391
73472,0.04407749042852125
73728,0.04407516450649807
73984,0.04407283858447489
74240,0.044070900316122236
74496,0.04406896204776958
74752,0.0440666361257464
75008,0.044064697857393746
75264,0.0440627595890411
75520,0.044060433667017916
75776,0.044058495398665264
76032,0.04405616947664208
76288,0.04405423120828943
76544,0.04405190528626625
76800,0.0440499670179136
77056,0.04404764109589041
77312,0.04404570282753776
77568,0.044043376905514575
77824,0.0440410509834914
78080,0.04403872506146821
78336,0.04403678679311557
78592,0.04403446087109238
78848,0.0440321349490692
79104,0.044030196680716546
79360,0.044028258412363894
79616,0.04402632014401124
79872,0.04402438187565859
80128,0.044022443607305936
80384,0.04402050533895329
80640,0.044018179416930106
80896,0.04401585349490692
81152,0.04401352757288374
81408,0.04401120165086055
81664,0.04400848807516684
81920,0.04400654980681419
82176,0.04400422388479101
82432,0.04400189796276783
82688,0.043999959694415176
82944,0.043998021426062524
83200,0.04399569550403934
83456,0.043993757235686694
83712,0.04399143131366351
83968,0.04398949304531086
84224,0.043987554776958204
84480,0.04398561650860555
84736,0.043983290586582374
84992,0.043981352318229715
85248,0.04397902639620653
85504,0.04397747578152442
85760,0.0439747622058307
86016,0.043972823937478055
86272,0.043970885669125395
86528,0.04396855974710221
86784,0.043966621478749565
87040,0.04396429555672638
87296,0.043962357288373735
87552,0.043960031366350544
87808,0.04395809309799789
88064,0.043955767175974714
88320,0.04395382890762206
88576,0.04395189063926941
88832,0.043949952370916756
89088,0.043948014102564104
89344,0.04394607583421146
89600,0.043943749912188274
89856,0.04394142399016509
90112,0.04393948572181244
90368,0.04393715979978925
90624,0.043935221531436607
90880,0.04393289560941342
91136,0.04391273761854584
91392,0.04390110800842993
91648,0.04389878208640675
91904,0.043896843818054095
92160,0.04389413024236038
92416,0.04345763220934317
92672,0.04242531048472076
92928,0.04217721213558131
93184,0.0421744985598876
93440,0.042172172637864415
93696,0.04216752079381805
93952,0.042151239339655776
94208,0.04213999738321039
94464,0.042137671461187215
94720,0.04213573319283456
94976,0.04213340727081138
95232,0.042131469002458725
95488,0.04212953073410607
95744,0.042127204812082895
96000,0.04212487889005971
96256,0.04212294062170706
96512,0.042120614699683874
96768,0.04211867643133122
97024,0.042116738162978576
97280,0.04211441224095539
97536,0.04211247397260273
97792,0.042110148050579554
98048,0.0421082097822269
98304,0.042105883860203724
98560,0.04210394559185107
98816,0.04210200732349841
99072,0.04210006905514577
99328,0.04209774313312258
99584,0.04209580486476994
99840,0.04209386659641728
100096,0.04209115302072356
100352,0.042089214752370915
100608,0.04208727648401826
100864,0.04208533821566561
101120,0.042083012293642426
101376,0.04208068637161924
101632,0.042078360449596064
101888,0.04207642218124341
102144,0.042074096259220234
102400,0.04207177033719705
102656,0.04206983206884439
102912,0.04206750614682121
103168,0.042064792571127496
103424,0.04206285430277485
103680,0.042060528380751666
103936,0.042058590112399014
104192,0.04205665184404636
104448,0.04205432592202318
104704,0.042052
104960,0.04204997948051948
105216,0.04204755485714285
105472,0.04204513023376623
105728,0.04204270561038961
105984,0.04204068509090909
106240,0.042038260467532465
106496,0.042036239948051946
106752,0.042033815324675323
107008,0.04202694555844155
107264,0.042012397818181814
107520,0.04200714446753247
107776,0.04200471984415584
108032,0.04200229522077922
108288,0.0420002747012987
108544,0.041997850077922075
108800,0.041995829558441555
109056,0.04199340493506493
109312,0.04199098031168831
109568,0.04198895979220779
109824,0.04198693927272727
110080,0.04198491875324675
110336,0.04198249412987013
110592,0.041980473610389604
110848,0.04197804898701298
111104,0.04197562436363636
111360,0.04197360384415584
111616,0.04197117922077922
111872,0.04196875459740259
112128,0.04196673407792208
112384,0.04196430945454545
112640,0.04196188483116883
112896,0.041960268415584416
113152,0.04195784379220779
113408,0.041955823272727275
113664,0.041953398649350646
113920,0.041950974025974024
114176,0.0419485494025974
114432,0.041946528883116875
114688,0.04194370015584416
114944,0.04194167963636363
115200,0.04193925501298701
115456,0.04193723449350649
115712,0.04193480987012987
115968,0.04193278935064935
116224,0.04193076883116883
116480,0.04192874831168831
116736,0.04192672779220779
116992,0.04192430316883117
117248,0.04192228264935065
117504,0.041919858025974026
117760,0.041917837506493506
118016,0.04191581698701299
118272,0.04191339236363636
118528,0.04191096774025974
118784,0.041908947220779216
119040,0.041906926701298704
119296,0.041904906181818184
119552,0.041902481558441555
119808,0.041900461038961036
120064,0.041898036415584414
120320,0.041896015896103894
120576,0.04189359127272727
120832,0.04189157075324675
121088,0.04188914612987013
121344,0.0418867215064935
121600,0.04188429688311689
121856,0.04188187225974026
122112,0.04187823532467533
122368,0.041874598389610385
122624,0.04187015324675324
122880,0.0418657081038961
123136,0.04186166706493506
123392,0.04185681781818181
123648,0.04185237267532467
123904,0.04184792753246753
124160,0.04184348238961039
124416,0.041839037246753245
124672,0.041834996207792206
124928,0.041830551064935065
125184,0.041826510025974026
125440,0.04182246898701299
125696,0.04181802384415584
125952,0.041813174597402594
126208,0.04180832535064935
126464,0.04180388020779221
126720,0.041799030961038965
126976,0.04179498992207792
127232,0.04179054477922078
127488,0.04178650374025974
127744,0.041781654493506494
128000,0.04177680524675325
128256,0.04177236010389611
128512,0.04176791496103896
128768,0.04176346981818182
129024,0.04175902467532468
129280,0.041754579532467535
129536,0.04175053849350649
129792,0.04174609335064935
130048,0.041741648207792206
130304,0.041737203064935065
130560,0.04173275792207792
130816,0.041728312779220775
131072,0.04172386763636363
131328,0.0417198265974026
131584,0.04171538145454545
131840,0.04171093631168831
132096,0.04170649116883117
132352,0.04170204602597403
132608,0.041697600883116887
132864,0.04169355984415585
133120,0.0416891147012987
133376,0.04168466955844156
133632,0.041680224415584416
133888,0.04167618337662338
134144,0.04167173823376623
134400,0.04166729309090909
134656,0.041662847948051945
134912,0.0416579987012987
135168,0.04165395766233766
135424,0.04164951251948052
135680,0.04164506737662338
135936,0.04164102633766234
136192,0.0416365811948052
136448,0.04163213605194806
136704,0.04162769090909091
136960,0.04162324576623377
137216,0.041618800623376626
137472,0.041614355480519484
137728,0.041609910337662336
137984,0.041605465194805194
138240,0.04160102005194805
138496,0.04159657490909091
138752,0.04159212976623377
139008,0.041587280519480525
139264,0.041582431272727274
139520,0.04157798612987013
139776,0.04157354098701299
140032,0.04156909584415585
140288,0.0415646507012987
140544,0.04156020555844156
140800,0.04155576041558442
141056,0.04155091116883117
141312,0.041546466025974026
141568,0.041542020883116884
141824,0.04153757574025974
142080,0.041533534701298704
142336,0.04152908955844156
142592,0.04152504851948052
142848,0.041520603376623375
143104,0.04151615823376623
143360,0.04151171309090909
143616,0.04150726794805195
143872,0.04150282280519481
144128,0.04149837766233766
144384,0.04149393251948052
144640,0.041489083272727274
144896,0.04148463812987013
145152,0.04148019298701299
145408,0.04147574784415584
145664,0.0414708985974026
145920,0.04146645345454546
146176,0.04146241241558442
146432,0.04145796727272728
146688,0.041453118025974026
146944,0.041448672883116884
147200,0.04144382363636364
147456,0.0414397825974026
147712,0.04143533745454546
147968,0.04143089231168831
148224,0.04142604306493507
148480,0.041421597922077925
148736,0.041417152779220784
148992,0.041413111740259745
149248,0.041408666597402596
149504,0.041404221454545455
149760,0.04139937220779221
150016,0.04139492706493507
150272,0.041390077818181825
150528,0.041385228571428574
150784,0.041381187532467535
151040,0.041376742389610394
151296,0.04137229724675325
151552,0.04136785210389611
151808,0.04136340696103896
152064,0.04135896181818182
152320,0.04135451667532468
152576,0.04135007153246754
152832,0.04134522228571429
153088,0.041340777142857145
153344,0.041336332
153600,0.04133188685714286
153856,0.04132703761038961
154112,0.04132299657142858
154368,0.04131855142857143
154624,0.04131451038961039
154880,0.04131006524675325
155136,0.04130602420779221
155392,0.04130117496103897
155648,0.041296325714285716
155904,0.041291880571428574
156160,0.04128743542857143
156416,0.04128299028571429
156672,0.04127854514285715
156928,0.0412741
157184,0.04126986368715084
157440,0.04126562737430168
157696,0.04126139106145252
157952,0.04125715474860336
158208,0.04125291843575419
158464,0.04124868212290503
158720,0.04124444581005587
158976,0.041240209497206706
159232,0.041235973184357545
159488,0.041231736871508384
159744,0.04122750055865922
160000,0.04122287912646014
160256,0.04121864281361098
160512,0.041214406500761816
160768,0.04121017018791265
161024,0.04120554875571356
161280,0.04120092732351448
161536,0.041196691010665316
161792,0.04119283981716608
162048,0.04118860350431691
162304,0.04118436719146775
162560,0.04118013087861859
162816,0.04117589456576943
163072,0.04117165825292027
163328,0.0411674219400711
163584,0.04116318562722194
163840,0.04115894931437278
164096,0.04115509812087354
164352,0.04115086180802438
164608,0.04114662549517522
164864,0.041142004062976134
165120,0.04113776775012697
165376,0.04113353143727781
165632,0.041129295124428644
165888,0.04112544393092941
166144,0.04112120761808025
166400,0.041116971305231086
166656,0.041112734992381925
166912,0.04110849867953276
167168,0.041104262366683596
167424,0.041100026053834435
167680,0.041095789740985274
167936,0.04109155342813611
168192,0.041087317115286945
168448,0.04108269568308786
168704,0.0410784593702387
168960,0.041074223057389544
169216,0.041069986744540384
169472,0.041065750431691216
169728,0.041061514118842055
169984,0.041057277805992894
170240,0.04105304149314373
170496,0.04104880518029457
170752,0.04104495398679533
171008,0.04104071767394617
171264,0.04103686648044693
171520,0.041032245048247845
171776,0.04102800873539868
172032,0.04102415754189944
172288,0.041019536109700355
172544,0.041015299796851194
172800,0.04101067836465211
173056,0.041006056932453024
173312,0.04100182061960386
173568,0.0409975843067547
173824,0.040993733113255465
174080,0.040989496800406304
174336,0.04098564560690706
174592,0.0409814092940579
174848,0.04097717298120874
175104,0.04097293666835958
175360,0.040968700355510416
175616,0.04096446404266125
175872,0.04095984261046216
176128,0.040955606297613
176384,0.04095136998476384
176640,0.04094713367191468
176896,0.04094289735906551
177152,0.040939046165566276
177408,0.040934809852717115
177664,0.040930573539867954
177920,0.04092633722701879
178176,0.04092171579481971
178432,0.040917479481970546
178688,0.04091285804977146
178944,0.0409086217369223
179200,0.04090438542407314
179456,0.040900534230573896
179712,0.04089668303707466
179968,0.04089321696292535
180224,0.040890521127475876
180480,0.04088821041137634
180736,0.040885514575926866
180992,0.0408828187404774
181248,0.04088012290502793
181504,0.04087781218892839
181760,0.04087550147282885
182016,0.0408731907567293
182272,0.04087088004062976
182528,0.04086818420518029
182784,0.04086587348908075
183040,0.04086317765363128
183296,0.04086086693753174
183552,0.040858556221432196
183808,0.04085624550533266
184064,0.04085354966988319
184320,0.04085085383443372
184576,0.040848543118334184
184832,0.04084584728288471
185088,0.040843536566785174
185344,0.040840840731335704
185600,0.04083814489588624
185856,0.04083544906043677
186112,0.04083313834433723
186368,0.04083044250888776
186624,0.04082813179278822
186880,0.040825821076688674
187136,0.04082312524123921
187392,0.04082042940578974
187648,0.04081773357034028
187904,0.04081542285424073
188160,0.04081311213814119
188416,0.040810801422041645
188672,0.0408084907059421
188928,0.04080617998984256
189184,0.040803869273743014
189440,0.04080117343829355
189696,0.04079847760284408
189952,0.04079616688674454
190208,0.04079347105129507
190464,0.04079077521584561
190720,0.040788079380396136
190976,0.0407857686642966
191232,0.040783072828847126
191488,0.04078076211274759
191744,0.040778066277298124
192000,0.04077575556119858
192256,0.040773059725749114
192512,0.040770363890299643
192768,0.04076766805485018
193024,0.04076420198070087
193280,0.04076035078720163
193536,0.04075765495175216
193792,0.040755344235652614
194048,0.04075264840020315
194304,0.040750337684103605
194560,0.040748026968004065
194816,0.040745331132554595
195072,0.040743020416455056
195328,0.04074070970035551
195584,0.040738013864906046
195840,0.04073493291010665
196096,0.04073223707465719
196352,0.04072915611985779
196608,0.040726845403758254
196864,0.04072453468765871
197120,0.04072222397155917
197376,0.04071991325545962
197632,0.04071760253936008
197888,0.04071529182326054
198144,0.040712595987811066
198400,0.04071028527171153
198656,0.040681786439817166
198912,0.04065097689182326
199168,0.04062170782122905
199424,0.04060745840528187
199680,0.04060514768918233
199936,0.040602836973082784
200192,0.04060052625698324
200448,0.0405982155408837
200704,0.04059590482478415
200960,0.04059320898933469
201216,0.04059089827323514
201472,0.04058820243778568
201728,0.04058589172168613
201984,0.040583581005586594
202240,0.04058127028948705
202496,0.040578574454037585
202752,0.04057626373793804
203008,0.04057395302183849
203264,0.04057125718638903
203520,0.04056894647028948
203776,0.04056663575418994
204032,0.0405643250380904
204288,0.04056201432199086
204544,0.04055931848654139
204800,0.040557392889791766
205056,0.040555082173692227
205312,0.04055277145759269
205568,0.04055007562214322
205824,0.04054737978669375
206080,0.040545069070594214
206336,0.04054275835449467
206592,0.04054044763839513
206848,0.04053813692229558
207104,0.04053544108684612
207360,0.04053313037074657
207616,0.04053081965464703
207872,0.04052850893854749
208128,0.04052581310309802
208384,0.040523117267648553
208640,0.04052080655154901
208896,0.04051849583544947
209152,0.0405158
209408,0.04051356854545455
209664,0.04051096518181818
209920,0.04050836181818182
210176,0.040506130363636365
210432,0.040503527
210688,0.04050129554545454
210944,0.04049869218181818
211200,0.040496460727272726
211456,0.04049422927272727
211712,0.040491997818181816
211968,0.040489394454545455
212224,0.040487163
212480,0.040484931545454544
212736,0.040482328181818183
212992,0.04048009672727273
213248,0.04047749336363637
213504,0.04047489
213760,0.040472658545454544
214016,0.04047005518181818
214272,0.04046782372727273
214528,0.04046522036363636
214784,0.040462988909090905
215040,0.04046075745454546
215296,0.04045815409090909
215552,0.04045555072727273
215808,0.04045331927272727
216064,0.04045108781818182
216320,0.04044848445454545
216576,0.040446253
216832,0.040444021545454546
217088,0.04044179009090909
217344,0.04043918672727272
217600,0.040436955272727275
217856,0.04043472381818182
218112,0.04043249236363636
218368,0.040429889
218624,0.04042765754545454
218880,0.04042505418181818
219136,0.040422822727272725
219392,0.040420219363636364
219648,0.04041798790909091
219904,0.04041538454545455
220160,0.040413153090909086
220416,0.040410549727272725
220672,0.04040831827272727
220928,0.04040571490909091
221184,0.04040311154545454
221440,0.040400136272727274
221696,0.04039753290909091
221952,0.04039530145454546
222208,0.04039269809090909
222464,0.040390466636363635
222720,0.04038823518181818
222976,0.040386003727272725
223232,0.04038377227272727
223488,0.040381540818181814
223744,0.040379309363636366
224000,0.040376706
224256,0.04037447454545454
224512,0.04037187118181818
224768,0.04036963972727273
225024,0.04036740827272727
225280,0.04036480490909091
225536,0.040362573454545456
225792,0.04035997009090909
226048,0.04035773863636364
226304,0.04035513527272727
226560,0.040352903818181816
226816,0.040350300454545455
227072,0.04034769709090909
227328,0.04034546563636363
227584,0.04034286227272727
227840,0.040340630818181816
228096,0.040338027454545455
228352,0.04033542409090909
228608,0.04033319263636364
228864,0.040330961181818184
229120,0.04032835781818182
229376,0.04032612636363636
229632,0.040323894909090906
229888,0.040321291545454545
230144,0.04031906009090909
230400,0.04031645672727273
230656,0.04031385336363636
230912,0.04031162190909091
231168,0.040309018545454545
231424,0.040306415181818184
231680,0.04030418372727273
231936,0.04030158036363637
232192,0.040299348909090905
232448,0.040296745545454545
232704,0.04029451409090909
232960,0.04029191072727273
233216,0.04028967927272727
233472,0.04028707590909091
233728,0.04028484445454546
233984,0.040282612999999995
234240,0.040280009636363634
234496,0.04027777818181818
234752,0.04027517481818182
235008,0.04027294336363636
235264,0.04027071190909091
235520,0.040268108545454546
235776,0.04026587709090909
236032,0.04026327372727272
236288,0.040261042272727275
236544,0.04025881081818182
236800,0.04025657936363636
237056,0.040254719818181815
237312,0.04025323218181818
237568,0.04025174454545454
237824,0.040249885
238080,0.040248769272727275
238336,0.04024728163636363
238592,0.040245794
238848,0.040244306363636365
239104,0.04024281872727273
239360,0.04024133109090909
239616,0.040239843454545454
239872,0.04023835581818182
240128,0.04023649627272727
240384,0.04023500863636364
240640,0.040233521
240896,0.040232033363636364
241152,0.04023054572727273
241408,0.04022905809090909
241664,0.04022719854545454
241920,0.040225710909090905
242176,0.04022385136363636
242432,0.040222363727272725
242688,0.04022087609090909
242944,0.040219016545454546
243200,0.04021752890909091
243456,0.04021566936363636
243712,0.04021418172727273
243968,0.04021269409090909
244224,0.040210834545454543
244480,0.040209346909090914
244736,0.04020785927272727
244992,0.04020637163636363
245248,0.040204884
245504,0.040203396363636366
245760,0.04020190872727273
246016,0.040200421090909086
246272,0.040198933454545456
246528,0.04019744581818182
246784,0.04019595818181818
247040,0.040194470545454546
247296,0.04019298290909091
247552,0.04019149527272727
247808,0.040190007636363635
248064,0.04018852
248320,0.040186660454545456
248576,0.04018517281818182
248832,0.04018368518181818
249088,0.040182197545454545
249344,0.040180337999999996
249600,0.040178850363636366
249856,0.04017736272727273
250112,0.04017587509090909
250368,0.04017438745454545
250624,0.04017289981818182
250880,0.04017104027272727
251136,0.04016955263636363
251392,0.040168065
251648,0.040166577363636366
251904,0.040164717818181817
252160,0.04016323018181819
252416,0.04016174254545454
252672,0.040160254909090906
252928,0.04015876727272727
253184,0.04015727963636364
253440,0.04015542009090909
253696,0.04015393245454545
253952,0.040152444818181816
254208,0.04015095718181818
254464,0.04014909763636364
254720,0.04014761
254976,0.04014612236363636
255232,0.040144262818181814
255488,0.040142775181818184
255744,0.04014128754545455
256000,0.04013979990909091
256256,0.04013794036363636
256512,0.04013645272727273
256768,0.04013496509090909
257024,0.04013384936363636
257280,0.040132361727272726
257536,0.040130502181818184
257792,0.04012901454545455
258048,0.04012752690909091
258304,0.040126039272727274
258560,0.04012455163636364
258816,0.040123064
259072,0.04012157636363636
259328,0.040120088727272726
259584,0.04011860109090909
259840,0.04011711345454546
260096,0.04011525390909091
260352,0.04011339436363636
260608,0.04011190672727273
260864,0.04011004718181818
261120,0.040108559545454545
