cache_lines,MRC
256,0.0472532
512,0.04702121724889956
768,0.04689835510204082
1024,0.04673142724889957
1280,0.04666109606242497
1536,0.0448557356722689
1792,0.04477572162665066
2048,0.044709797010804325
2304,0.04468834396958783
2560,0.04467947284713885
2816,0.04467094961184474
3072,0.04466144069627851
3328,0.04459974870748299
3584,0.04454391281912765
3840,0.04453921634253701
4096,0.04453463582833133
4352,0.04453133090036015
4608,0.04452727221688675
4864,0.04452402527010804
5120,0.044521416116446576
5376,0.0445198506242497
5632,0.044517879263705484
5888,0.0445153280912365
6144,0.044512313069227684
6400,0.044511095464185677
6656,0.044414498797519006
6912,0.04441264339935974
7168,0.04441107790716286
7424,0.04440928049019608
7680,0.04440626546818727
7936,0.04440377227691076
8192,0.044401337066826724
8448,0.04440023542416967
8704,0.04439942368747499
8960,0.04439803213885554
9216,0.04439716242096838
9472,0.04439629270308123
9728,0.044395249041616645
9984,0.04438695773109243
10240,0.04438202932973189
10496,0.04437814458983593
10752,0.04437327416966786
11008,0.04437223050820328
11264,0.0443714187715086
11520,0.04437083895958383
11776,0.044370491072428964
12032,0.04436979529811925
12288,0.04436909952380952
12544,0.044368693655462185
12800,0.04436834576830732
13056,0.044367765956382546
13312,0.04436730210684273
13568,0.04436701220088035
13824,0.04436666431372549
14080,0.0443663744077631
14336,0.04436602652060824
14592,0.044365678633453386
14848,0.04436544670868347
15104,0.044365098821528615
15360,0.044364750934373746
15616,0.044364519009603844
15872,0.04436428708483393
16128,0.04436399717887155
16384,0.044363591310524204
16640,0.04436341736694678
16896,0.044363185442176864
17152,0.04436295351740696
17408,0.04436266361144457
17664,0.04436237370548219
17920,0.04436225774309724
18176,0.04436190985594238
18432,0.04436161994997999
18688,0.04436150398759503
18944,0.044361388025210086
19200,0.04436104013805522
19456,0.044360750232092835
19712,0.0443603443637455
19968,0.044359996476590634
20224,0.04435959060824329
20480,0.044359300702280904
20736,0.04435895281512605
20992,0.04435872089035613
21248,0.04435854694677871
21504,0.04435825704081632
21760,0.04435796713485394
22016,0.04435779319127651
22272,0.04435761924769908
22528,0.04435744530412165
22784,0.04435721337935174
23040,0.04435709741696678
23296,0.044356923473389355
23552,0.0443568075110044
23808,0.044356633567426966
24064,0.044356517605042015
24320,0.044356343661464584
24576,0.044356227699079626
24832,0.04435599577430972
25088,0.04435582183073229
25344,0.044355647887154855
25600,0.04435558990596239
25856,0.04435547394357743
26112,0.04435541596238495
26368,0.0443553
26624,0.04435503913043477
26880,0.044354517391304346
27136,0.04435425652173912
27392,0.04435399565217391
27648,0.0443538652173913
27904,0.04435360434782608
28160,0.044353343478260865
28416,0.044353082608695645
28672,0.04435295217391303
28928,0.044352691304347824
29184,0.04435229999999998
29440,0.04435216956521739
29696,0.04435190869565217
29952,0.04435164782608694
30208,0.044350343478260855
30464,0.044342647826086955
30720,0.04432321304347826
30976,0.044304691304347825
31232,0.044280821739130435
31488,0.044280169565217395
31744,0.044279778260869575
32000,0.04427951739130435
32256,0.04427925652173913
32512,0.04427899565217392
32768,0.04427886521739131
33024,0.04427860434782608
33280,0.04427821304347826
33536,0.044278082608695646
33792,0.04427782173913044
34048,0.04427756086956522
34304,0.044277430434782605
34560,0.0442771695652174
34816,0.04427677826086956
35072,0.04427651739130435
35328,0.04427625652173913
35584,0.04427612608695652
35840,0.044275995652173925
36096,0.04427586521739131
36352,0.044275604347826084
36608,0.04427547391304347
36864,0.04427508260869565
37120,0.04427482173913043
37376,0.04427456086956522
37632,0.04427443043478261
37888,0.044274299999999996
38144,0.044273908695652175
38400,0.04427377826086956
38656,0.044273517391304355
38912,0.04427338695652175
39168,0.044273256521739135
39424,0.04427299565217391
39680,0.0442727347826087
39936,0.04427234347826087
40192,0.04427208260869566
40448,0.04427195217391305
40704,0.04427156086956523
40960,0.04427143043478261
41216,0.044271169565217386
41472,0.04427103913043478
41728,0.04427077826086957
41984,0.044270517391304345
42240,0.04427025652173914
42496,0.04426999565217391
42752,0.044269734782608705
43008,0.04426960434782609
43264,0.04426934347826087
43520,0.04426895217391305
43776,0.044268691304347824
44032,0.04426856086956521
44288,0.044268300000000003
44544,0.04426790869565217
44800,0.04426777826086958
45056,0.04426751739130435
45312,0.04426751739130435
45568,0.04426725652173912
45824,0.044266995652173916
46080,0.0442668652173913
46336,0.044266604347826095
46592,0.044266343478260875
46848,0.04426621304347826
47104,0.04426608260869565
47360,0.04426582173913044
47616,0.044265560869565214
47872,0.04426543043478261
48128,0.04426530000000001
48384,0.04426490869565217
48640,0.04426477826086956
48896,0.04426464782608697
49152,0.04426438695652174
49408,0.044264256521739126
49664,0.04426412608695652
49920,0.04426386521739131
50176,0.0442637347826087
50432,0.04426347391304347
50688,0.044263213043478265
50944,0.04426308260869565
51200,0.04426295217391304
51456,0.04426190869565218
51712,0.04425995217391305
51968,0.04425956086956523
52224,0.044259430434782615
52480,0.0442593
52736,0.04425914252303331
52992,0.04425903753838885
53248,0.044227962083628634
53504,0.04422544245216159
53760,0.044225337467517126
54016,0.04422491752893929
54272,0.04422428762107253
54528,0.04422418263642807
54784,0.044218828419560596
55040,0.04417079794472006
55296,0.044170535483108904
55552,0.04417048299078668
55808,0.04417043049846445
56064,0.044170378006142215
56320,0.04417032551381999
56576,0.04417022052917553
56832,0.0441701680368533
57088,0.04417011554453107
57344,0.04417006305220884
57600,0.04417001055988661
57856,0.04416995806756438
58112,0.04416990557524215
58368,0.044169853082919916
58624,0.044169800590597684
58880,0.04416969560595323
59136,0.04416959062130876
59392,0.04416953812898653
59648,0.04416943314434208
59904,0.04416938065201985
60160,0.044169275667375385
60416,0.04416917068273093
60672,0.044169065698086464
60928,0.0441685932671864
61184,0.044168540774864165
61440,0.04416848828254194
61696,0.04416843579021971
61952,0.044168383297897476
62208,0.04416827831325301
62464,0.04416827831325301
62720,0.04416822582093079
62976,0.04416785837467518
63232,0.044166283605008266
63488,0.04416439388140799
63744,0.044162399173163246
64000,0.04416045695724073
64256,0.044158409756673754
64512,0.04415636255610678
64768,0.04415442034018427
65024,0.044152478124261756
65280,0.04415079836995039
65536,0.044149066123316795
65792,0.044147228892038745
66048,0.044145181691471774
66304,0.04414308199858257
66560,0.04414113978266006
66816,0.044138305197259635
67072,0.04412833165603591
67328,0.044122767469879524
67584,0.04412061528466809
67840,0.04411851559177889
68096,0.04411641589888968
68352,0.044114158729033785
68608,0.04411232149775573
68864,0.04411037928183322
69120,0.04410812211197732
69376,0.04410602241908812
69632,0.044104027710843374
69888,0.04410213798724309
70144,0.04410030075596504
70400,0.044098411032364754
70656,0.04409636383179778
70912,0.04409442161587527
71168,0.04409253189227498
71424,0.044090589676352474
71680,0.04408859496810773
71936,0.044086495275218525
72192,0.04408465804394047
72448,0.044082715828017954
72704,0.04408061613512875
72960,0.044078621426884006
73216,0.04407688918025041
73472,0.044074946964327906
73728,0.04407331970233877
73984,0.044071534963382945
74240,0.0440695402551382
74496,0.04406754554689346
74752,0.044065708315615404
75008,0.04406392357665958
75264,0.04406192886841484
75520,0.04405967169855894
75776,0.0440576769903142
76032,0.04405568228206946
76288,0.044053950035435864
76544,0.044052270281124496
76800,0.04405043304984645
77056,0.044048543326246165
77312,0.04404654861800142
77568,0.04404455390975668
77824,0.04404261169383416
78080,0.044040774462556116
78336,0.04403893723127806
78592,0.0440371
78848,0.044034825782856474
79104,0.044032843132013395
79360,0.044030743854650146
79616,0.04402870289054697
79872,0.0440267202397039
80128,0.044024562649080556
80384,0.04402263831149757
80640,0.044020480720874215
80896,0.04401832313025087
81152,0.044016165539627526
81408,0.044013891322484
81664,0.04401167541860056
81920,0.044009692767757486
82176,0.04400753517713413
82432,0.04400537758651078
82688,0.04400316168262735
82944,0.04400106240526409
83200,0.04399896312790084
83456,0.043996863850537575
83712,0.04399476457317432
83968,0.04399289854885142
84224,0.04399103252452853
84480,0.04398904987368545
84736,0.04398683396980201
84992,0.04398496794547911
85248,0.04398281035485577
85504,0.04398053613771224
85760,0.04397826192056871
86016,0.043976104329945365
86272,0.04397377179954175
86528,0.04397190577521885
86784,0.043969923124375775
87040,0.04396776553375243
87296,0.04396566625638917
87552,0.04396356697902592
87808,0.04396140938840257
88064,0.04395931011103931
88320,0.04395721083367605
88576,0.04395516986957288
88832,0.04395312890546972
89088,0.043950913001586274
89344,0.04394875541096293
89600,0.04394671444685976
89856,0.0439446734827566
90112,0.04394251589213325
90368,0.043940358301509906
90624,0.04393802577110628
90880,0.04393598480700312
91136,0.043933943842899954
91392,0.0439317862522766
91648,0.043929453721872985
91904,0.043927179504729456
92160,0.04392490528758593
92416,0.043908344321720236
92672,0.04389242480171553
92928,0.04389032552435228
93184,0.04388805130720875
93440,0.04388577709006522
93696,0.04343040884201869
93952,0.04271257261030492
94208,0.04216617736325715
94464,0.04216396145937371
94720,0.04216151230244992
94976,0.04215923808530639
95232,0.04213964482991599
95488,0.04212920675635979
95744,0.04212699085247635
96000,0.04212477494859291
96256,0.042122559044709476
96512,0.0421205180806063
96768,0.04211836048998296
97024,0.042116377839139886
97280,0.04211433687503671
97536,0.04211217928441337
97792,0.042109963380529934
98048,0.042107747476646494
98304,0.042105473259502965
98560,0.04210331566887962
98816,0.042101274704776454
99072,0.04209917542741319
99328,0.042097017836789846
99584,0.04209491855942658
99840,0.04209293590858351
100096,0.04209077831796017
100352,0.04208856241407673
100608,0.04208657976323365
100864,0.04208453879913048
101120,0.04208220626872687
101376,0.04207987373832325
101632,0.042077774460959984
101888,0.042075500243816455
102144,0.04207322602667293
102400,0.04207106843604958
102656,0.042069027471946414
102912,0.042067044821103336
103168,0.0420648289172199
103424,0.04206278795311674
103680,0.042060572049233295
103936,0.04205847277187004
104192,0.042056373494506784
104448,0.042054099277363255
104704,0.042052
104960,0.04204989105960265
105216,0.042047334768211916
105472,0.042045161920529796
105728,0.04204273344370861
105984,0.04204030496688742
106240,0.042037876490066226
106496,0.04203544801324503
106752,0.0420328917218543
107008,0.042030527152317886
107264,0.042028226490066226
107520,0.042025989735099335
107776,0.042023816887417215
108032,0.04202151622516556
108288,0.0420190238410596
108544,0.04201531721854305
108800,0.041996784105960264
109056,0.04199109635761589
109312,0.0419886678807947
109568,0.04198611158940398
109824,0.041983555298013245
110080,0.04198106291390728
110336,0.04197869834437086
110592,0.041976205960264905
110848,0.041973841390728475
111104,0.04197147682119205
111360,0.04196904834437086
111616,0.04196661986754967
111872,0.04196431920529801
112128,0.04196208245033112
112384,0.04195959006622517
112640,0.04195703377483444
112896,0.041954605298013245
113152,0.041952304635761585
113408,0.041950067880794695
113664,0.04194776721854305
113920,0.04194521092715232
114176,0.041942654635761585
114432,0.04194016225165563
114688,0.0419377976821192
114944,0.041935433112582784
115200,0.041933196357615894
115456,0.04193083178807947
115712,0.04192853112582781
115968,0.04192610264900662
116224,0.041923482450331125
116480,0.0419209261589404
116736,0.04191856158940398
116992,0.04191626092715232
117248,0.041913832450331125
117504,0.04191140397350993
117760,0.04190878377483443
118016,0.041906419205298015
118272,0.04190399072847682
118528,0.04190149834437086
118784,0.04189913377483444
119040,0.04189683311258278
119296,0.041894276821192046
119552,0.04189204006622517
119808,0.04188980331125828
120064,0.04188750264900662
120320,0.04188501026490066
120576,0.041882581788079465
120832,0.04188060066225166
121088,0.04187823609271523
121344,0.04187593543046358
121600,0.04187357086092715
121856,0.04187107847682119
122112,0.04186852218543046
122368,0.041865965894039736
122624,0.041863537417218544
122880,0.04186130066225165
123136,0.041859
123392,0.04185644370860927
123648,0.04185375960264901
123904,0.0418505642384106
124160,0.041846218543046355
124416,0.04184142549668874
124672,0.04183644072847682
124928,0.04183190331125828
125184,0.041826854635761586
125440,0.04182199768211921
125696,0.04181752417218543
125952,0.04181279503311259
126208,0.04180819370860927
126464,0.041803656291390726
126720,0.04179911887417218
126976,0.041794453642384106
127232,0.041789788410596024
127488,0.04178512317880794
127744,0.041780457947019865
128000,0.04177566490066225
128256,0.04177087185430463
128512,0.04176633443708609
128768,0.04176192483443708
129024,0.04175732350993377
129280,0.04175253046357616
129536,0.04174786523178808
129792,0.04174294437086093
130048,0.041738343046357616
130304,0.04173335827814569
130560,0.04172862913907284
130816,0.0417239
131072,0.041719417539197445
131328,0.04171517414297103
131584,0.04171063191602445
131840,0.04170620922136593
132096,0.04170160722827531
132352,0.04169742359819294
132608,0.04169335950039862
132864,0.0416891161041722
133120,0.04168451411108158
133376,0.04168039024714324
133632,0.04167602731862875
133888,0.04167148509168216
134144,0.04166730146159979
134400,0.0416631178315174
134656,0.04165887443529099
134912,0.04165469080520861
135168,0.041650268110550094
135424,0.04164620401275578
135680,0.04164196061652937
135936,0.041637717220302954
136192,0.04163329452564443
136448,0.04162875229869785
136704,0.0416244491363274
136960,0.04162050457082115
137216,0.041616261174594736
137472,0.04161195801222429
137728,0.04160753531756577
137984,0.04160311262290725
138240,0.04159874969439278
138496,0.04159438676587829
138752,0.0415898445389317
139008,0.041585481610417224
139264,0.04158087961732661
139520,0.041576456922668086
139776,0.041572093994153604
140032,0.04156779083178315
140288,0.04156342790326867
140544,0.04155894544246612
140800,0.0415543434493755
141056,0.04154998052086102
141312,0.041545498060058465
141568,0.041541015599255916
141824,0.04153671243688547
142080,0.04153246904065905
142336,0.041528225644432634
142592,0.04152368341748605
142848,0.041519200956683495
143104,0.04151489779431305
143360,0.04151023603507839
143616,0.04150569380813181
143872,0.0415012711134733
144128,0.04149660935423864
144384,0.041492126893436086
144640,0.04148770419877758
144896,0.04148334127026309
145152,0.04147897834174861
145408,0.041474734945522194
145664,0.04147037201700771
145920,0.041465829790061116
146176,0.04146152662769067
146432,0.04145692463460005
146688,0.04145238240765347
146944,0.04144754134998672
147200,0.041442640526175925
147456,0.041437978766941275
147712,0.041433496306138726
147968,0.041429193143768264
148224,0.04142483021525379
148480,0.04142076611745948
148736,0.041416702019665165
148992,0.04141227932500664
149248,0.04140773709806006
149504,0.04140337416954558
149760,0.04139889170874303
150016,0.04139417018336434
150272,0.041389747488705816
150528,0.04138544432633537
150784,0.041381021631676854
151040,0.041376718469306406
151296,0.04137241530693595
151552,0.04136787307998937
151808,0.04136339061918683
152064,0.0413587886260962
152320,0.04135418663300559
152576,0.041349644406059
152832,0.04134528147754451
153088,0.041340799016741966
153344,0.04133613725750731
153600,0.04133171456284879
153856,0.04132782976348658
154112,0.041323526601116135
154368,0.04131910390645761
154624,0.0413146812117991
154880,0.04131031828328462
155136,0.0413058955886261
155392,0.041301413127823546
155648,0.041296930667020997
155904,0.04129268727079458
156160,0.04128826457613606
156416,0.041283363752325275
156672,0.04127852269465852
156928,0.0412741
157184,0.0412704249073584
157440,0.04126669731339333
157696,0.04126275971413446
157952,0.04125908462149285
158208,0.04125488451561673
158464,0.04125063190841716
158720,0.04124653680518793
158976,0.04124249420328216
159232,0.041238504102699844
159488,0.041234619004764425
159744,0.041230681405505565
160000,0.04122663880359979
160256,0.041222543700370574
160512,0.0412185010984648
160768,0.04121445849655903
161024,0.04121052089730016
161280,0.04120663579936474
161536,0.041202750701429335
161792,0.04119897060614082
162048,0.041195190510852304
162304,0.04119130541291689
162560,0.04118731531233457
162816,0.04118332521175225
163072,0.04117933511116993
163328,0.041175345010587616
163584,0.04117151241397565
163840,0.04116767981736368
164096,0.04116400472472208
164352,0.04116032963208047
164608,0.0411564970354685
164864,0.04115250693488619
165120,0.04114856933562732
165376,0.041144579235045
165632,0.04114064163578613
165888,0.041136704036527263
166144,0.04113271393594495
166400,0.04112867133403918
166656,0.041124523729486495
166912,0.04112053362890418
167168,0.04111675353361567
167424,0.041112973438327156
167680,0.0411092458443621
167936,0.04110546574907359
168192,0.04110158065113817
168448,0.04109769555320275
168704,0.04109375795394389
168960,0.04108976785336157
169216,0.0410857252514558
169472,0.041081892654843834
169728,0.04107806005823187
169984,0.04107417496029645
170240,0.04107034236368449
170496,0.04106640476442562
170752,0.041062467165166754
171008,0.04105847706458444
171264,0.04105443446267867
171520,0.041050391860772896
171776,0.04104650676283748
172032,0.041042621664902065
172288,0.0410387890682901
172544,0.041035008973001594
172800,0.04103107137374272
173056,0.04102697627051349
173312,0.04102288116728428
173568,0.04101883856537851
173824,0.04101484846479619
174080,0.04101106836950767
174336,0.041007288274219164
174592,0.0410034556776072
174848,0.04099957057967179
175104,0.04099568548173637
175360,0.04099195788777131
175616,0.0409882827951297
175872,0.04098429269454738
176128,0.04098025009264161
176384,0.040976364994706194
176640,0.04097247989677078
176896,0.04096854229751191
177152,0.04096460469825305
177408,0.040960614597670725
177664,0.04095662449708841
177920,0.04095258189518264
178176,0.04094848679195341
178432,0.04094439168872419
178688,0.04094050659078878
178944,0.040936778996823714
179200,0.0409329989015352
179456,0.040928903798305986
179712,0.04092475619375331
179968,0.04092071359184754
180224,0.040916618488618314
180480,0.040912523385389095
180736,0.04090842828215987
180992,0.0409043856802541
181248,0.04090050058231869
181504,0.04089656298305982
181760,0.0408925728824775
182016,0.04088863528321863
182272,0.04088543270248809
182528,0.04088244012705135
182784,0.04087976255955532
183040,0.0408774
183296,0.040874705863297695
183552,0.0408720117265954
183808,0.040869317589893095
184064,0.040866857725947524
184320,0.040864397862001946
184576,0.04086187942986719
184832,0.04085936099773243
185088,0.04085684256559767
185344,0.04085444126984127
185600,0.040852039974084875
185856,0.040849404405571756
186112,0.04084676883705863
186368,0.04084419183673469
186624,0.04084161483641075
186880,0.04083903783608682
187136,0.040836519403952054
187392,0.040834000971817296
187648,0.04083148253968254
187904,0.04082896410754778
188160,0.0408265042436022
188416,0.04082398581146744
188672,0.04082146737933269
188928,0.040818890379008745
189184,0.040816313378684806
189440,0.040813677810171686
189696,0.040811042241658574
189952,0.04080864094590217
190208,0.04080623965014578
190464,0.040803779786200194
190720,0.040801319922254616
190976,0.04079886005830904
191232,0.04079640019436346
191488,0.04079394033041788
191744,0.04079142189828312
192000,0.040788903466148364
192256,0.04078650217039196
192512,0.04078404230644639
192768,0.04078152387431163
193024,0.04077900544217687
193280,0.04077648701004211
193536,0.040774027146096535
193792,0.04077156728215095
194048,0.04076899028182701
194304,0.0407663547133139
194560,0.04076383628117914
194816,0.04076131784904438
195072,0.04075874084872044
195328,0.040756163848396504
195584,0.04075305973436994
195840,0.040749252802073206
196096,0.04074562157434402
196352,0.04074304457402008
196608,0.04074046757369614
196864,0.04073806627793975
197120,0.040735664982183346
197376,0.040733263686426956
197632,0.04073080382248137
197888,0.04072828539034661
198144,0.0407256498218335
198400,0.04072301425332037
198656,0.04071985157110463
198912,0.04071674745707807
199168,0.04071417045675413
199424,0.04071176916099773
199680,0.04070925072886297
199936,0.04070655659216067
200192,0.04070392102364756
200448,0.040701344023323614
200704,0.040698767022999675
200960,0.04069624859086492
201216,0.04069373015873016
201472,0.04066257188208617
201728,0.04061741580822806
201984,0.04058918594104308
202240,0.0405861403952057
202496,0.0405831534175575
202752,0.04058057641723356
203008,0.040577940848720434
203264,0.04057524671201814
203520,0.04057261114350502
203776,0.040570034143181076
204032,0.040567574279235505
204288,0.040564997278911566
204544,0.040562303142209266
204800,0.04055955043731778
205056,0.04055709057337221
205312,0.04055457214123745
205568,0.04055205370910269
205824,0.04054947670877875
206080,0.040546899708454806
206336,0.04054426413994169
206592,0.040541628571428574
206848,0.04053887586653709
207104,0.04053612316164561
207360,0.04053354616132167
207616,0.04053102772918691
207872,0.04052845072886297
208128,0.04052599086491739
208384,0.040523472432782634
208640,0.040520954000647876
208896,0.04051843556851312
209152,0.0405158
209408,0.04051336369441277
209664,0.040510982759407066
209920,0.040508657194982894
210176,0.040506387001140245
210432,0.040504116807297603
210688,0.04050179124287343
210944,0.0404993549372862
211200,0.04049691863169898
211456,0.04049442695553022
211712,0.04049193527936146
211968,0.040489665085518815
212224,0.040487339521094644
212480,0.040485124697833524
212736,0.040482965245153935
212992,0.040480750421892815
213248,0.0404785355986317
213504,0.040476265404789054
213760,0.04047393984036488
214016,0.040471614275940704
214272,0.04046917797035348
214528,0.04046674166476625
214784,0.04046430535917902
215040,0.04046192442417332
215296,0.04045948811858609
215552,0.040457107183580386
215808,0.040454670877993155
216064,0.04045228994298746
216320,0.04044990900798176
216576,0.040447417331813
216832,0.04044492565564424
217088,0.04044248935005701
217344,0.04044010841505131
217600,0.04043767210946408
217856,0.040435291174458377
218112,0.040432910239452675
218368,0.040430473933865445
218624,0.04042798225769669
218880,0.04042565669327251
219136,0.04042338649942987
219392,0.04042100556442418
219648,0.04041851388825542
219904,0.040416077582668186
220160,0.0404135305359179
220416,0.040410983489167614
220672,0.04040865792474344
220928,0.04040627698973774
221184,0.04040395142531357
221440,0.04040162586088939
221696,0.04039935566704675
221952,0.04039714084378563
222208,0.04039481527936146
222464,0.0403923236031927
222720,0.04038988729760547
222976,0.040387450992018244
223232,0.04038507005701254
223488,0.04038291060433295
223744,0.04038080652223489
224000,0.04037842558722919
224256,0.04037582316989738
224512,0.04037327612314709
224768,0.040371116670467506
225024,0.04036890184720639
225280,0.04036663165336374
225536,0.04036430608893957
225792,0.040361703671607754
226048,0.04035899051311288
226304,0.04035638809578108
226560,0.04035384104903079
226816,0.040351294002280505
227072,0.040348691584948686
227328,0.0403461445381984
227584,0.04034370823261117
227840,0.04034127192702394
228096,0.04033889099201824
228352,0.04033651005701254
228608,0.040334129122006845
228864,0.040331748187001144
229120,0.04032936725199544
229376,0.04032698631698974
229632,0.04032460538198404
229888,0.04032211370581528
230144,0.04031956665906499
230400,0.04031724109464082
230656,0.04031497090079818
230912,0.04031270070695553
231168,0.04031043051311289
231424,0.04030816031927024
231680,0.040305834754846066
231936,0.040303509190421895
232192,0.040301072884834664
232448,0.040298636579247434
232704,0.04029614490307868
232960,0.04029365322690992
233216,0.04029127229190422
233472,0.04028900209806158
233728,0.040286676533637406
233984,0.0402842955986317
234240,0.040281859293044474
234496,0.040279699840364884
234752,0.040277485017103765
235008,0.040275270193842645
235264,0.040273
235520,0.04027084025974026
235776,0.040268575166297116
236032,0.04026625739626227
236288,0.040263676243268924
236544,0.040261147766867275
236800,0.04025877732024074
237056,0.04025640687361419
237312,0.04025403642698765
237568,0.040251718656952803
237824,0.04024934821032626
238080,0.04024703044029142
238336,0.040244712670256574
238592,0.04024244757681343
238848,0.04024018248337029
239104,0.040237759360152045
239360,0.0402353362369338
239616,0.04023312382008236
239872,0.040230964079822615
240128,0.04022906772252138
240384,0.04022748742477036
240640,0.040225959803611024
240896,0.0402244848590434
241152,0.04022306259106747
241408,0.04022169299968325
241664,0.04022032340829902
241920,0.040218901140323095
242176,0.04021742619575546
242432,0.04021584589800444
242688,0.04021421292366171
242944,0.040212685302502375
243200,0.040211263034526455
243456,0.04020984076655052
243712,0.0402084184985746
243968,0.040207048907190374
244224,0.04020557396262275
244480,0.04020415169464682
244736,0.04020262407348749
244992,0.04020104377573646
245248,0.04019951615457713
245504,0.040198146563192906
245760,0.04019682964840038
246016,0.04019546005701616
246272,0.04019409046563193
246528,0.040192615521064304
246784,0.04019114057649668
247040,0.04018966563192905
247296,0.04018824336395312
247552,0.040186821095977196
247808,0.04018539882800127
248064,0.04018402923661704
248320,0.040182448938866015
248576,0.04018092131770669
248832,0.04017944637313906
249088,0.04017791875197973
249344,0.0401764964840038
249600,0.04017512689261958
249856,0.040173757301235354
250112,0.04017238770985112
250368,0.0401709654418752
250624,0.04016949049730757
250880,0.040168015552739945
251136,0.04016654060817231
251392,0.040165065663604685
251648,0.04016353804244536
251904,0.04016206309787773
252160,0.040160588153310105
252416,0.04015916588533418
252672,0.04015779629394996
252928,0.04015637402597402
253184,0.0401549517579981
253440,0.04015342413683877
253696,0.04015194919227114
253952,0.040150421571111816
254208,0.04014889394995249
254464,0.04014741900538486
254720,0.04014594406081723
254976,0.04014452179284131
255232,0.040143152201457075
255488,0.04014183528666456
255744,0.04014025498891353
256000,0.0401387273677542
256256,0.04013709439341147
256512,0.040135408742477036
256768,0.04013393379790941
257024,0.04013266955970859
257280,0.04013135264491606
257536,0.04012993037694013
257792,0.040128508108964206
258048,0.04012703316439658
258304,0.04012550554323725
258560,0.040124030598669626
258816,0.04012255565410199
259072,0.040120922679759266
259328,0.040119184352233134
259584,0.0401174987012987
259840,0.040115865726955975
260096,0.04011428542920494
260352,0.04011286316122902
260608,0.04011149356984479
260864,0.04010991327209376
261120,0.040108280297751035
