cache_lines,MRC
256,0.0472532
512,0.047087285042271
768,0.046971411614829754
1024,0.04479268930427364
1280,0.04468053125727139
1536,0.04465011157992709
1792,0.0446408231288296
2048,0.04460901018382068
2304,0.04458323473202513
2560,0.04457383017528892
2816,0.044567096048243236
3072,0.04456291624524936
3328,0.04455873644225549
3584,0.04455502106181649
3840,0.04455095736446134
4096,0.044510784813464675
4352,0.044507998278135424
4608,0.044504399003335145
4864,0.04450010309470255
5120,0.04449673603117971
5376,0.04449487834096021
5632,0.044492904545102
5888,0.04449058243232762
6144,0.04448419662219809
6400,0.04447827523462344
6656,0.044474327642907
6912,0.04447270216396494
7168,0.0444711927906616
7424,0.044469683417358255
7680,0.04446852236097107
7936,0.04446736130458388
8192,0.044466084142557975
8448,0.04446503919180951
8704,0.044463994241061046
8960,0.04446329760722873
9216,0.04446236876211898
9472,0.044461556022647945
9728,0.044460743283176916
9984,0.0444600466493446
10240,0.04445911780423485
10496,0.044458421170402544
10752,0.044457608430931515
11008,0.044456795691460486
11264,0.04445633126890561
11520,0.044455866846350736
11776,0.04445517021251842
12032,0.04445377694485379
12288,0.04445273199410533
12544,0.044451687043356856
12800,0.04445075819824711
13056,0.04444994545877608
13312,0.04444936493058249
13568,0.04444901661366633
13824,0.044448436085472734
14080,0.04444797166291786
14336,0.04444739113472427
14592,0.0444469267121694
14848,0.04444646228961452
15104,0.04444611397269836
15360,0.044445881761420926
15616,0.04444553344450477
15872,0.04444530123322733
16128,0.044444952916311176
16384,0.04444460459939502
16640,0.04444437238811758
16896,0.04444402407120143
17152,0.04444379185992399
17408,0.044443559648646554
17664,0.044443211331730396
17920,0.04444286301481424
18176,0.04444239859225937
18432,0.0444420502753432
18688,0.04443670941596215
18944,0.044422892844954626
19200,0.044415229872799195
19456,0.04441232723183123
19712,0.04441197891491507
19968,0.044411746703637636
20224,0.04441139838672148
20480,0.04441128228108276
20736,0.04441105006980532
20992,0.044410701752889165
21248,0.04441058564725045
21504,0.04441046954161173
21760,0.044410237330334286
22016,0.04441000511905685
22272,0.044409889013418136
22528,0.044409772907779414
22784,0.04440954069650198
23040,0.044409308485224536
23296,0.04440907627394711
23552,0.044408960168308385
23808,0.04440872795703095
24064,0.04440849574575351
24320,0.04440826353447607
24576,0.044408031323198635
24832,0.0444077991119212
25088,0.044407566900643757
25344,0.04440733468936632
25600,0.044407218583727606
25856,0.04440698637245017
26112,0.04440675416117273
26368,0.044406638055534006
26624,0.04440640584425657
26880,0.044406289738617856
27136,0.04440605752734042
27392,0.04440582531606298
27648,0.04440570921042426
27904,0.04440559310478554
28160,0.044405360893508106
28416,0.04440524478786939
28672,0.04440524478786939
28928,0.04440501257659195
29184,0.04440478036531451
29440,0.04440454815403708
29696,0.04440431594275964
29952,0.04440419983712092
30208,0.0444040837314822
30464,0.04440396762584348
30720,0.04440385152020476
30976,0.04440373541456604
31232,0.044403503203288605
31488,0.04440280656945629
31744,0.04440257435817886
32000,0.0444022260412627
32256,0.04440118109051423
32512,0.04438910610408749
32768,0.04438713230822927
33024,0.04438202366012565
33280,0.04437912101915768
33536,0.04435555157449779
33792,0.04435241672225238
34048,0.04435206840533623
34304,0.04435195229969751
34560,0.04435172008842007
34816,0.04435160398278135
35072,0.04435148787714263
35328,0.04435137177150392
35584,0.044351255665865195
35840,0.04435113956022648
36096,0.04435102345458777
36352,0.044350907348949045
36608,0.044350791243310324
36864,0.0443506751376716
37120,0.04435032682075545
37376,0.04435021071511673
37632,0.044350094609478016
37888,0.04434997850383929
38144,0.04434974629256185
38400,0.04434928187000698
38656,0.04434765639106492
38912,0.04434591480648414
39168,0.04434417322190336
39424,0.044342663848600014
39680,0.044341038369657956
39936,0.04433941289071589
40192,0.044337787411773834
40448,0.044336278038470484
40704,0.044333723714418675
40960,0.044328382855037624
41216,0.04432594463662452
41472,0.044324319157682465
41728,0.044322809784379115
41984,0.044321068199798336
42240,0.04431944272085628
42496,0.044317933347552935
42752,0.04431642397424959
43008,0.04431514681222369
43264,0.04431363743892034
43520,0.044312244171255726
43776,0.04431061869231366
44032,0.04430910931901032
44288,0.04430748384006825
44544,0.044306206678042345
44800,0.044304697304739
45056,0.044303187931435666
45312,0.0443015624524936
45568,0.04429982086791282
45824,0.04429842760024819
46080,0.04429703433258357
46336,0.04429575717055766
46592,0.04429436390289304
46848,0.044292738423950984
47104,0.044291461261925076
47360,0.04428983578298302
47616,0.044288210304040954
47872,0.04428670093073761
48128,0.04428530766307299
48384,0.044283682184130924
48640,0.044282288916466295
48896,0.04428077954316296
49152,0.04427938627549833
49408,0.044277760796556265
49664,0.044276135317614214
49920,0.0442748581555883
50176,0.04427311657100752
50432,0.04427149109206546
50688,0.04426998171876212
50944,0.044268356239820054
51200,0.04426684686651671
51456,0.04426545359885209
51712,0.044263944225548746
51968,0.04426220264096797
52224,0.04426069326766463
52480,0.0442593
52736,0.044258014961934614
52992,0.04425653222570533
53248,0.04425504948947604
53504,0.04425376445141066
53760,0.044252578262427227
54016,0.044251095526197944
54272,0.04424990933721451
54528,0.04424862429914913
54784,0.04424733926108374
55040,0.044246153072100315
55296,0.04424476918495298
55552,0.044243582995969546
55808,0.04424219910882221
56064,0.0442397278817734
56320,0.04422351663233318
56576,0.04421096279892521
56832,0.04420137443797582
57088,0.04380123335423197
57344,0.04267988936856247
57600,0.04251154938199731
57856,0.04250196102104792
58112,0.042467166144200624
58368,0.042455996197939994
58624,0.04245471115987461
58880,0.042453228423645316
59136,0.042451943385579935
59392,0.042450658347514554
59648,0.042449571007613075
59904,0.04244818712046574
60160,0.04244700093148231
60416,0.042445715893416926
60672,0.0424445297044335
60928,0.042443343515450066
61184,0.04244225617554859
61440,0.04244087228840125
61696,0.042439488401253916
61952,0.042438005665024627
62208,0.04243662177787729
62464,0.04243523789072996
62720,0.042433952852664575
62976,0.042432865512763096
63232,0.042431580474697715
63488,0.04243039428571428
63744,0.042429010398566946
64000,0.04242782420958352
64256,0.04242653917151813
64512,0.04242525413345275
64768,0.04242377139722347
65024,0.04241991628302732
65280,0.04241576462158531
65536,0.04241289799820869
65792,0.04240983367666816
66048,0.04240321078817734
66304,0.042399454523063144
66560,0.04239826833407971
66816,0.042396884446932376
67072,0.042395599408866995
67328,0.04239421552171966
67584,0.04239293048365427
67840,0.04239164544558889
68096,0.04239055810568742
68352,0.04238917421854008
68608,0.042387889180474696
68864,0.04238650529332736
69120,0.042385121406180025
69376,0.042383737519032696
69632,0.04238245248096731
69888,0.04238106859381997
70144,0.04237988240483655
70400,0.04237859736677116
70656,0.04237741117778773
70912,0.04237602729064039
71168,0.04237454455441111
71424,0.042373259516345727
71680,0.04237197447828034
71936,0.042370590591133
72192,0.04236930555306762
72448,0.04236811936408419
72704,0.0423666366278549
72960,0.042365252740707564
73216,0.042363868853560235
73472,0.04236258381549485
73728,0.04236149647559337
73984,0.04236031028660994
74240,0.04235882755038065
74496,0.04235754251231527
74752,0.04235645517241379
75008,0.042354873587102555
75264,0.04235260005821764
75520,0.042350227680250783
75776,0.04234745990595611
76032,0.04234469213166144
76288,0.04234212205553068
76544,0.042339650828481866
76800,0.042337278450515
77056,0.042334807223466185
77312,0.04233223714733542
77568,0.042329667071204655
77824,0.042326800447828036
78080,0.04232393382445141
78336,0.0423214625974026
78592,0.04231859597402597
78848,0.04231612474697716
79104,0.04231365351992835
79360,0.04231108344379758
79616,0.04230841451858486
79872,0.042305844442454096
80128,0.04230347206448724
80384,0.042300704290192566
80640,0.04229803536497985
80896,0.04229546528884908
81152,0.04229289521271832
81408,0.04229032513658755
81664,0.04228755736229288
81920,0.04228498728616211
82176,0.04228241721003135
82432,0.04227974828481863
82688,0.04227707935960591
82944,0.04227431158531124
83200,0.04227154381101657
83456,0.042268973734885806
83712,0.04226630480967308
83968,0.04226383358262427
84224,0.04226146120465741
84480,0.04225889112852665
84736,0.04225641990147783
84992,0.042253849825347065
85248,0.04225078550380654
85504,0.042248116578593814
85760,0.04224515110613525
86016,0.04224258103000447
86272,0.042240109802955665
86528,0.04223744087774294
86784,0.042234771952530226
87040,0.042232201876399464
87296,0.042229631800268695
87552,0.04222706172413793
87808,0.042224491648007165
88064,0.0422219215718764
88320,0.04221964804299149
88576,0.04221707796686072
88832,0.04221450789072996
89088,0.042212036663681146
89344,0.04220956543663233
89600,0.04220699536050157
89856,0.042204524133452756
90112,0.04220195405732199
90368,0.042199383981191226
90624,0.04219661620689655
90880,0.04219374958351993
91136,0.042191080658307206
91392,0.042188510582176444
91648,0.042185742807881774
91904,0.04218307388266905
92160,0.04218030610837439
92416,0.04217783488132557
92672,0.0421750671070309
92928,0.04217239818181818
93184,0.04216972925660546
93440,0.0421671591804747
93696,0.042164687953425886
93952,0.04216211787729512
94208,0.04215974549932826
94464,0.04215687887595163
94720,0.04215450649798477
94976,0.042151837572772057
95232,0.04214906979847738
95488,0.042146104326018806
95744,0.04214353424988804
96000,0.042140964173757275
96256,0.04213839409762651
96512,0.04213562632333184
96768,0.04213275969995522
97024,0.04212999192566055
97280,0.042127224151365876
97536,0.04212435752798925
97792,0.04212198515002239
98048,0.04211951392297358
98304,0.042116943846842815
98560,0.042114373770712046
98816,0.042111803694581285
99072,0.04210943131661442
99328,0.04210666354231975
99584,0.04210399461710703
99840,0.04210142454097626
100096,0.042098755615763546
100352,0.04209608669055083
100608,0.04209351661442006
100864,0.0420909465382893
101120,0.04208817876399462
101376,0.04208560868786386
101632,0.04208303861173309
101888,0.04208046853560233
102144,0.042077997308553515
102400,0.04207513068517689
102656,0.04207256060904612
102912,0.042069891683833405
103168,0.042067123909538734
103424,0.04206455383340797
103680,0.04206218145544111
103936,0.042059809077474246
104192,0.042057239001343484
104448,0.04205457007613077
104704,0.042052
104960,0.04204728325559702
105216,0.04204256651119403
105472,0.04203784976679104
105728,0.04203331443563432
105984,0.04202877910447761
106240,0.04202388094682835
106496,0.04201934561567164
106752,0.04201444745802239
107008,0.04200936788712687
107264,0.04200446972947761
107520,0.04199957157182836
107776,0.04199449200093283
108032,0.04198959384328358
108288,0.04198523992537314
108544,0.041979978941231344
108800,0.041974717957089555
109056,0.041969638386194025
109312,0.041964921641791046
109568,0.04196020489738806
109824,0.041955488152985075
110080,0.04195095282182836
110336,0.04194714314365671
110592,0.04194333346548507
110848,0.0419397052005597
111104,0.04193607693563433
111360,0.04193281149720149
111616,0.04192936464552239
111872,0.04192591779384328
112128,0.04192247094216418
112384,0.04191902409048508
112640,0.04191557723880598
112896,0.041912130387126864
113152,0.04190868353544776
113408,0.04190505527052239
113664,0.04190124559235075
113920,0.04189761732742538
114176,0.041894351888992536
114432,0.04189072362406717
114688,0.04188691394589552
114944,0.041883104267723875
115200,0.04187929458955224
115456,0.04187584773787313
115712,0.04187185664645522
115968,0.041868409794776115
116224,0.04186514435634329
116480,0.04186133467817164
116736,0.04185770641324627
116992,0.041854259561567166
117248,0.04185044988339553
117504,0.041847003031716415
117760,0.04184337476679105
118016,0.041839565088619406
118272,0.04183502975746269
118528,0.04183085725279851
118784,0.04182722898787314
119040,0.04182378213619403
119296,0.04182033528451493
119552,0.041816707019589554
119808,0.041813078754664175
120064,0.04180908766324627
120320,0.04180545939832089
120576,0.04180183113339552
120832,0.04179856569496269
121088,0.041794937430037316
121344,0.04179076492537313
121600,0.04177461914645522
121856,0.041744867374067164
122112,0.04172418626399254
122368,0.04171783680037313
122624,0.041714208535447765
122880,0.04171094309701493
123136,0.04170731483208955
123392,0.04170368656716419
123648,0.041700239715485074
123904,0.0416966114505597
124160,0.04169352742537314
124416,0.041690080573694034
124672,0.041686089482276124
124928,0.04168264263059702
125184,0.04167919577891792
125440,0.04167593034048508
125696,0.04167248348880597
125952,0.0416688552238806
126208,0.041664864132462696
126464,0.04166141728078358
126720,0.04165760760261194
126976,0.041653979337686574
127232,0.04165016965951492
127488,0.04164654139458956
127744,0.04164255030317164
128000,0.041638922038246276
128256,0.04163547518656716
128512,0.04163166550839552
128768,0.04162803724347015
129024,0.041624227565298516
129280,0.0416207807136194
129536,0.04161697103544776
129792,0.04161370559701493
130048,0.04161044015858209
130304,0.04160681189365672
130560,0.04160336504197761
130816,0.04159973677705223
131072,0.04159574568563433
131328,0.04159211742070896
131584,0.041588851982276125
131840,0.04158522371735075
132096,0.041581776865671646
132352,0.041578511427238805
132608,0.041574883162313434
132864,0.04157143631063433
133120,0.0415681708722015
133376,0.04156454260727612
133632,0.04156109575559702
133888,0.04155783031716418
134144,0.0415542020522388
134400,0.04155111802705224
134656,0.041547852588619406
134912,0.04154458715018657
135168,0.041540958885261194
135424,0.041537512033582094
135680,0.04153406518190299
135936,0.04153043691697761
136192,0.041526445825559706
136448,0.04152245473414179
136704,0.041518463642723887
136960,0.041514835377798515
137216,0.041511207112873136
137472,0.04150776026119403
137728,0.04150431340951493
137984,0.04150122938432836
138240,0.04149778253264926
138496,0.04149397285447761
138752,0.041490526002798504
139008,0.0414865349113806
139264,0.041482725233208964
139520,0.04147945979477612
139776,0.041475831529850744
140032,0.041472928917910455
140288,0.041469300652985076
140544,0.04146585380130598
140800,0.04146240694962687
141056,0.0414587786847015
141312,0.041454969006529854
141568,0.04145115932835822
141824,0.0414471682369403
142080,0.04144335855876866
142336,0.041439911707089556
142592,0.04143610202891792
142848,0.0414321109375
143104,0.041428664085820896
143360,0.041425217234141797
143616,0.04142140755597016
143872,0.04141741646455224
144128,0.041413788199626864
144384,0.0414101599347015
144640,0.04140671308302239
144896,0.04140326623134328
145152,0.04139981937966418
145408,0.04139637252798507
145664,0.04139328850279851
145920,0.04139056730410448
146176,0.04138802751865672
146432,0.04138530631996269
146688,0.04138240370802239
146944,0.041379682509328365
147200,0.041376961310634335
147456,0.04137442152518657
147712,0.04137188173973881
147968,0.041369341954291046
148224,0.041366802168843295
148480,0.04136444379664179
148736,0.04136190401119404
148992,0.0413591828125
149248,0.04135664302705225
149504,0.04135410324160448
149760,0.04135138204291045
150016,0.041348842257462694
150272,0.04134630247201493
150528,0.0413435812733209
150784,0.041340860074626874
151040,0.04133795746268657
151296,0.04133505485074627
151552,0.04133215223880598
151808,0.041329249626865676
152064,0.041326165601679114
152320,0.04132326298973881
152576,0.041320723204291046
152832,0.04131818341884328
153088,0.04131564363339553
153344,0.04131292243470149
153600,0.0413100198227612
153856,0.0413071172108209
154112,0.0413042145988806
154368,0.04130131198694031
154624,0.04129877220149254
154880,0.04129623241604478
155136,0.041293511217350753
155392,0.04129097143190299
155648,0.041288068819962685
155904,0.041285166208022396
156160,0.04128226359608209
156416,0.04127936098414179
156672,0.041276639785447766
156928,0.0412741
157184,0.04127057770404779
157440,0.04126680381552754
157696,0.041263029927007304
157952,0.04125925603848707
158208,0.04125573374253484
158464,0.041252211446582615
158720,0.04124894074319841
158976,0.041245418447246184
159232,0.04124189615129397
159488,0.041238373855341744
159744,0.04123485155938952
160000,0.04123107767086928
160256,0.041227303782349047
160512,0.0412235298938288
160768,0.04121975600530856
161024,0.04121598211678833
161280,0.04121220822826809
161536,0.04120818274717983
161792,0.04120415726609157
162048,0.04120013178500333
162304,0.04119635789648308
162560,0.041192835600530865
162816,0.04118931330457864
163072,0.04118579100862641
163328,0.041182268712674185
163584,0.04117849482415395
163840,0.04117497252820172
164096,0.04117145023224951
164352,0.04116792793629728
164608,0.04116415404777705
164864,0.0411603801592568
165120,0.041156354678168555
165376,0.04115258078964832
165632,0.04114905849369609
165888,0.041145536197743866
166144,0.04114151071665561
166400,0.04113773682813537
166656,0.04113371134704711
166912,0.041129937458526875
167168,0.04112616357000664
167424,0.041122389681486404
167680,0.041119118978102186
167936,0.04111584827471798
168192,0.041111822793629724
168448,0.04110779731254148
168704,0.04110377183145322
168960,0.04109999794293299
169216,0.041096224054412746
169472,0.0410924501658925
169728,0.04108867627737226
169984,0.041085153981420035
170240,0.04108112850033179
170496,0.04107735461181154
170752,0.04107358072329131
171008,0.04106980683477107
171264,0.04106603294625084
171520,0.04106251065029861
171776,0.04105823357664234
172032,0.04105420809555408
172288,0.04105068579960185
172544,0.04104691191108162
172800,0.04104338961512939
173056,0.04104011891174519
173312,0.04103634502322495
173568,0.041032571134704716
173824,0.04102879724618447
174080,0.04102502335766423
174336,0.041021501061712005
174592,0.0410182303583278
174848,0.041014456469807566
175104,0.04101068258128733
175360,0.04100690869276708
175616,0.041003134804246846
175872,0.04099936091572661
176128,0.040995335434638354
176384,0.04099181313868614
176640,0.040988290842733914
176896,0.04098426536164565
177152,0.040980491473125415
177408,0.04097722076974122
177664,0.04097420165892502
177920,0.040970427770404785
178176,0.040966653881884536
178432,0.040962376808228264
178688,0.04095835132714001
178944,0.04095457743861977
179200,0.040951055142667545
179456,0.04094677806901128
179712,0.040942249402787
179968,0.04093847551426675
180224,0.040934701625746514
180480,0.04093092773722628
180736,0.040927153848706044
180992,0.040923379960185795
181248,0.04091985766423358
181504,0.040915832183145324
181760,0.04091180670205706
182016,0.04090778122096882
182272,0.04090375573988056
182528,0.0408997302587923
182784,0.04089595637027207
183040,0.040892182481751825
183296,0.040888408593231576
183552,0.04088463470471134
183808,0.040880860816191106
184064,0.04087708692767087
184320,0.04087306144658261
184576,0.04086928755806238
184832,0.04086576526211015
185088,0.040861991373589916
185344,0.04085821748506968
185600,0.04085444359654943
185856,0.04085066970802919
186112,0.04084664422694093
186368,0.0408428703384207
186624,0.04083934804246847
186880,0.04083582574651626
187136,0.04083230345056403
187392,0.040828529562043796
187648,0.04082475567352355
187904,0.04082098178500331
188160,0.0408174594890511
188416,0.04081368560053085
188672,0.040809660119442606
188928,0.04080563463835435
189184,0.04080186074983411
189440,0.040798590046449895
189696,0.04079506775049768
189952,0.040791545454545455
190208,0.04078802315859323
190464,0.04078424927007299
190720,0.040780726974120766
190976,0.04077695308560053
191232,0.040773179197080296
191488,0.04076965690112807
191744,0.040766386197743865
192000,0.04076286390179164
192256,0.04075959319840743
192512,0.040755819309887184
192768,0.04075229701393497
193024,0.040748774717982744
193280,0.04074525242203052
193536,0.04074198171864631
193792,0.040738459422694086
194048,0.04073468553417385
194304,0.040730911645653615
194560,0.04072688616456536
194816,0.04072260909090909
195072,0.04071883520238885
195328,0.040715312906436624
195584,0.04071153901791639
195840,0.04070776512939614
196096,0.040703739648307896
196352,0.04069996575978765
196608,0.040696443463835434
196864,0.040692669575315185
197120,0.04068914727936297
197376,0.040685624983410745
197632,0.04068185109489051
197888,0.04067807720637026
198144,0.040674806502986056
198400,0.04067103261446582
198656,0.040667258725945586
198912,0.04066323324485733
199168,0.0406597109489051
199424,0.04065618865295289
199680,0.04065266635700066
199936,0.04064889246848043
200192,0.04064511857996018
200448,0.04064134469143994
200704,0.040637822395487716
200960,0.0406343000995355
201216,0.040630526211015254
201472,0.04062700391506304
201728,0.040623230026542785
201984,0.04061970773059058
202240,0.040615179064366284
202496,0.04061090199071002
202752,0.04060737969475779
203008,0.040603857398805565
203264,0.04059958032514929
203520,0.040595554844061035
203776,0.04059228414067683
204032,0.040588761844724604
204288,0.04058523954877239
204544,0.04058171725282017
204800,0.040578194956867944
205056,0.0405744210683477
205312,0.04057064717982747
205568,0.04056687329130722
205824,0.04056309940278698
206080,0.04055932551426675
206336,0.04055580321831452
206592,0.040552532514930316
206848,0.04054850703384206
207104,0.040544733145321823
207360,0.04054146244193762
207616,0.040538191738553414
207872,0.0405349210351692
208128,0.040531398739216976
208384,0.040527373258128725
208640,0.04052334777704047
208896,0.04051957388852023
209152,0.0405158
209408,0.04051239839246119
209664,0.04050877001108647
209920,0.040505595177383585
210176,0.0405024203436807
210432,0.0404990187361419
210688,0.0404956171286031
210944,0.04049221552106429
211200,0.04048858713968957
211456,0.040485185532150775
211712,0.040481783924611964
211968,0.04047815554323725
212224,0.04047475393569844
212480,0.0404708987804878
212736,0.04046727039911307
212992,0.04046386879157427
213248,0.040460693957871385
213504,0.040459106541019946
213760,0.040457745898004424
214016,0.04045661202882483
214272,0.04045570493348115
214528,0.04045457106430154
214784,0.04045366396895787
215040,0.04045275687361419
215296,0.04045184977827051
215552,0.04045094268292683
215808,0.040450035587583144
216064,0.040449128492239465
216320,0.04044822139689578
216576,0.0404473143015521
216832,0.040446180432372504
217088,0.040445273337028825
217344,0.04044436624168514
217600,0.04044368592017737
217856,0.04044277882483369
218112,0.04044187172949001
218368,0.04044096463414634
218624,0.04044005753880266
218880,0.040439377217294896
219136,0.04043847012195121
219392,0.040437789800443456
219648,0.04043688270509978
219904,0.04043620238359201
220160,0.04043529528824834
220416,0.04043438819290466
220672,0.040433481097560973
220928,0.040432574002217295
221184,0.040431440133037684
221440,0.040430533037694005
221696,0.04042962594235032
221952,0.04042849207317072
222208,0.040427584977827044
222464,0.040426677882483365
222720,0.04042599756097561
222976,0.040425317239467844
223232,0.04042441014412416
223488,0.04042327627494456
223744,0.04042259595343681
224000,0.04042191563192904
224256,0.04042100853658536
224512,0.040420101441241675
224768,0.040419194345897996
225024,0.04041828725055432
225280,0.04041760692904656
225536,0.04041692660753879
225792,0.040416246286031035
226048,0.040415339190687356
226304,0.0404146588691796
226560,0.04041375177383592
226816,0.04041307145232815
227072,0.040412391130820395
227328,0.040411484035476716
227584,0.04041057694013303
227840,0.04040966984478935
228096,0.04040876274944567
228352,0.04040785565410199
228608,0.04040694855875831
228864,0.04040604146341462
229120,0.04040490759423503
229376,0.04040400049889135
229632,0.04040309340354767
229888,0.04040218630820398
230144,0.040401279212860304
230400,0.040400372117516625
230656,0.04039923824833703
230912,0.04039855792682926
231168,0.04039787760532151
231424,0.04039697050997782
231680,0.040395836640798224
231936,0.040394929545454546
232192,0.040393795676274935
232448,0.04039311535476718
232704,0.0403922082594235
232960,0.04039130116407982
233216,0.04039062084257206
233472,0.040389713747228384
233728,0.0403888066518847
233984,0.04038789955654102
234240,0.04038699246119734
234496,0.04038585859201773
234752,0.04038495149667406
235008,0.040383817627494455
235264,0.04038268375831486
235520,0.0403697576496674
235776,0.040352296064301546
236032,0.04033256674057649
236288,0.04031193032150776
236544,0.04030512710643015
236800,0.04030353968957871
237056,0.04030240582039911
237312,0.04030149872505543
237568,0.040300591629711745
237824,0.040299457760532155
238080,0.04029877743902439
238336,0.040298097117516626
238592,0.040297416796008866
238848,0.04029650970066519
239104,0.04029560260532151
239360,0.04029469550997782
239616,0.04029378841463415
239872,0.040292881319290465
240128,0.040291974223946786
240384,0.0402910671286031
240640,0.04029016003325942
240896,0.04028947971175166
241152,0.04028857261640798
241408,0.040287665521064296
241664,0.040286758425720624
241920,0.04028585133037694
242176,0.04028471746119734
242432,0.040283810365853656
242688,0.04028290327050998
242944,0.04028199617516629
243200,0.04028131585365853
243456,0.04028040875831486
243712,0.0402797284368071
243968,0.04027882134146341
244224,0.04027814101995565
244480,0.04027723392461197
244736,0.04027655360310421
244992,0.040275646507760526
245248,0.04027451263858094
245504,0.04027360554323725
245760,0.04027292522172949
246016,0.04027201812638581
246272,0.04027133780487805
246528,0.040270430709534365
246784,0.040269523614190686
247040,0.04026838974501109
247296,0.040266575554323725
247552,0.04026453458980044
247808,0.040261813303769406
248064,0.040259092017738356
248320,0.040255917184035477
248576,0.04025251557649667
248832,0.04024979429046563
249088,0.04024707300443459
249344,0.040244124944567625
249600,0.04024117688470066
249856,0.0402382288248337
250112,0.04023528076496674
250368,0.04023233270509978
250624,0.04022938464523282
250880,0.04022643658536585
251136,0.04022326175166297
251392,0.04022031369179601
251648,0.04021736563192905
251904,0.040214644345898005
252160,0.04021192305986697
252416,0.04020920177383592
252672,0.040206480487804876
252928,0.04020375920177384
253184,0.040201037915742796
253440,0.040198089855875835
253696,0.04019514179600887
253952,0.04019196696230599
254208,0.0401887921286031
254464,0.04018584406873615
254720,0.04018289600886918
254976,0.04018017472283814
255232,0.040177226662971174
255488,0.04017427860310421
255744,0.04017155731707317
256000,0.04016860925720621
256256,0.04016566119733925
256512,0.04016316668514412
256768,0.040160445399113086
257024,0.04015772411308204
257280,0.04015477605321508
257536,0.04015182799334812
257792,0.04014887993348116
258048,0.04014570509977827
258304,0.040142530266075394
258560,0.04013935543237251
258816,0.040136407372505546
259072,0.04013300576496674
259328,0.04012983093126386
259584,0.0401268828713969
259840,0.040123934811529934
260096,0.0401212135254989
260352,0.04011849223946785
260608,0.04011554417960089
260864,0.040112596119733925
261120,0.04010964805986697
