cache_lines,MRC
256,0.0472532
512,0.0470112060103627
768,0.046882641973966896
1024,0.04670685959812967
1280,0.046645188209275885
1536,0.0457907935447997
1792,0.0447388234247441
2048,0.04467813575129534
2304,0.04466670951851384
2560,0.04465694803487931
2816,0.044649683674965246
3072,0.044643932723366614
3328,0.044531637826361686
3584,0.04452664357892076
3840,0.044521119638569445
4096,0.044517184776949326
4352,0.044514687653228864
4608,0.044511131143687606
4864,0.044507801645393655
5120,0.044506212566662456
5376,0.044504396476683944
5632,0.04450167234171617
5888,0.04449894820674839
6144,0.04449796449134336
6400,0.0443998199620877
6656,0.04439800387210919
6912,0.044396490463793764
7168,0.04439512839630987
7424,0.04439270694300518
7680,0.04439013414886895
7936,0.044387939706811576
8192,0.04438718300265387
8448,0.04438619928724883
8704,0.044385291242259574
8960,0.044384156186023004
9216,0.04438324814103374
9472,0.04437454604322002
9728,0.04437030849993681
9984,0.04436599528623784
10240,0.04436107670921269
10496,0.044358655255908
10752,0.0443575958700872
11008,0.0443570661771768
11264,0.04435661215468217
11520,0.044356006791356
11776,0.04435525008719828
12032,0.044354947405535194
12288,0.044354493383040566
12544,0.04435403936054594
12800,0.04435358533805131
13056,0.044353358326803996
13312,0.04435290430430936
13568,0.04435252595223051
13824,0.04435207192973588
14080,0.044351844918488564
14336,0.044351390895993936
14592,0.04435101254391508
14848,0.04435078553266776
15104,0.04435063419183622
15360,0.044350255839757366
15616,0.04434980181726273
15872,0.044349423465183876
16128,0.04434927212435233
16384,0.04434896944268925
16640,0.04434851542019461
16896,0.044348288408947306
17152,0.04434806139769999
17408,0.044347758716036904
17664,0.04434753170478959
17920,0.044347304693542276
18176,0.044347077682294955
18432,0.04434685067104764
18688,0.04434639664855301
18944,0.04434609396688993
19200,0.044345791285226845
19456,0.04434548860356376
19712,0.0443451102514849
19968,0.044344807569821815
20224,0.0443445805585745
20480,0.04434427787691141
20736,0.044343975195248325
20992,0.044343823854416785
21248,0.04434374818400101
21504,0.0443435211727537
21760,0.04434329416150638
22016,0.04434314282067484
22272,0.0443429914798433
22528,0.04434268879818021
22784,0.04434261312776444
23040,0.0443424617869329
23296,0.04434231044610135
23552,0.04434208343485404
23808,0.04434193209402249
24064,0.044341856423606725
24320,0.044341553741943644
24576,0.0443414024011121
24832,0.04434132673069632
25088,0.04434125106028055
25344,0.04434109971944901
25600,0.044341024049033236
25856,0.044340872708201695
26112,0.04434079703778593
26368,0.044340721367370155
26624,0.04434057002653861
26880,0.044340494356122834
27136,0.04434041868570707
27392,0.04434026734487553
27648,0.04434011600404398
27904,0.04433996466321244
28160,0.044339888992796665
28416,0.04433966198154935
28672,0.044339056618223176
28928,0.04432800873752054
29184,0.04432657099962088
29440,0.04430750205484646
29696,0.044307426384430686
29952,0.044307048032351824
30208,0.04430697236193606
30464,0.044306896691520284
30720,0.044306745350688743
30976,0.04430666968027297
31232,0.04430651833944142
31488,0.04430651833944142
31744,0.04430636699860988
32000,0.044306291328194115
32256,0.04430621565777834
32512,0.0443060643169468
32768,0.04430598864653103
33024,0.044305912976115254
33280,0.044305761635283714
33536,0.044305610294452166
33792,0.044305458953620626
34048,0.04430538328320486
34304,0.044305307612789085
34560,0.04430515627195754
34816,0.044305004931126
35072,0.044304929260710224
35328,0.044304929260710224
35584,0.044304777919878684
35840,0.04430462657904714
36096,0.04430455090863137
36352,0.04430439956779982
36608,0.04430424822696828
36864,0.04430409688613674
37120,0.04430402121572097
37376,0.044303945545305194
37632,0.04430386987488943
37888,0.044303794204473654
38144,0.04430371853405788
38400,0.044303642863642106
38656,0.044303491522810566
38912,0.044303340181979026
39168,0.04430326451156325
39424,0.04430311317073171
39680,0.04430303750031594
39936,0.044302961829900164
40192,0.04430288615948439
40448,0.04430273481865285
40704,0.04430258347782131
40960,0.04430243213698977
41216,0.044302356466573996
41472,0.04430228079615822
41728,0.044302129455326675
41984,0.044301978114495134
42240,0.044301978114495134
42496,0.04430190244407937
42752,0.044301826773663594
43008,0.04430175110324782
43264,0.04430159976241628
43520,0.04430144842158473
43776,0.04430144842158473
44032,0.044301372751168966
44288,0.04430129708075319
44544,0.04430107006950588
44800,0.044300994399090105
45056,0.04430091872867434
45312,0.04430084305825856
45568,0.04430076738784279
45824,0.04430061604701125
46080,0.04430061604701125
46336,0.044300540376595476
46592,0.04430046470617971
46848,0.044300389035763936
47104,0.044300237694932396
47360,0.04430008635410085
47616,0.04430008635410085
47872,0.0442999350132693
48128,0.044299859342853534
48384,0.04429978367243776
48640,0.044299708002021994
48896,0.04429963233160622
49152,0.04429955666119045
49408,0.04429879995703273
49664,0.04429796758245924
49920,0.04429796758245924
50176,0.0442978162416277
50432,0.04429766490079616
50688,0.04429766490079616
50944,0.044294789424996844
51200,0.0442608890787312
51456,0.04426073773789966
51712,0.044260510726652345
51968,0.04425945134083154
52224,0.044259375670415775
52480,0.0442593
52736,0.044201893267613215
52992,0.04419988811654667
53248,0.04419973958683803
53504,0.04419966532198372
53760,0.04419966532198372
54016,0.04419951679227509
54272,0.044199442527420765
54528,0.04419936826256645
54784,0.044199219732857814
55040,0.044199219732857814
55296,0.0441991454680035
55552,0.044199071203149184
55808,0.04419899693829486
56064,0.04419899693829486
56320,0.04419884840858623
56576,0.04419884840858623
56832,0.04419877414373192
57088,0.0441986998788776
57344,0.04419862561402329
57600,0.04419862561402329
57856,0.044198477084314645
58112,0.044198180024897386
58368,0.04419803149518875
58624,0.044197957230334435
58880,0.04419788296548012
59136,0.04419788296548012
59392,0.0441978087006258
59648,0.044197734435771484
59904,0.04419766017091717
60160,0.04419751164120853
60416,0.044196991787228315
60672,0.044194912371307446
60928,0.044192684425677954
61184,0.04419053074490277
61440,0.04418822853441895
61696,0.0441857777942265
61952,0.044183624113451316
62208,0.04418147043267613
62464,0.04417939101675527
62720,0.044177237335980085
62976,0.04417500939035058
63232,0.04417263291501245
63488,0.04417018217482
63744,0.044167434375210285
64000,0.0441594880357984
64256,0.044150650518134715
64512,0.04414716006998184
64768,0.04414485785949802
65024,0.04414240711930557
65280,0.044140104908821746
65536,0.04413757990377498
65792,0.044135203428436846
66048,0.04413267842339008
66304,0.044130079153489
66560,0.0441274056187336
66816,0.04412547473252137
67072,0.0441233953166005
67328,0.04412109310611668
67584,0.04411908795505013
67840,0.04411700853912927
68096,0.044115003388062714
68352,0.04411284970728753
68608,0.04411039896709508
68864,0.0441082452863199
69120,0.044106165870399026
69376,0.044104160719332486
69632,0.044102229833120246
69888,0.044100150417199384
70144,0.0440979967364242
70400,0.044095991585357645
70656,0.04409391216943678
70912,0.04409160995895297
71168,0.044089382013323464
71424,0.0440873025974026
71680,0.04408514891662742
71936,0.04408306950070655
72192,0.04408084155507705
72448,0.0440783908148846
72704,0.0440761628692551
72960,0.04407386065877128
73216,0.04407148418343315
73472,0.04406933050265797
73728,0.04406732535159141
73984,0.0440654687302335
74240,0.04406338931431263
74496,0.04406138416324608
74752,0.044059230482470894
75008,0.04405707680169571
75264,0.04405484885606622
75520,0.04405262091043671
75776,0.04405069002422448
76032,0.044048536343449296
76288,0.0440463083978198
76544,0.04404400618733598
76800,0.04404185250656079
77056,0.0440396245609313
77312,0.04403732235044748
77568,0.044034945875109345
77824,0.04403286645918848
78080,0.044030638513558984
78336,0.04402841056792948
78592,0.04402595982773703
78848,0.044023880411816166
79104,0.04402187526074962
79360,0.04401979584482874
79616,0.04401771642890788
79872,0.04401548848327838
80128,0.04401326053764888
80384,0.0440111068568737
80640,0.044008953176098514
80896,0.044006725230469015
81152,0.044004423019985195
81408,0.04400234360406433
81664,0.04400018992328915
81920,0.04399811050736828
82176,0.04399603109144741
82432,0.04399402594038086
82688,0.04399209505416863
82944,0.043989941373393446
83200,0.04398756489805531
83456,0.04398555974698876
83712,0.043983480331067894
83968,0.0439812523854384
84224,0.043979024439808896
84480,0.043976945023888034
84736,0.043974865607967165
84992,0.04397248913262903
85248,0.04397040971670816
85504,0.0439683303007873
85760,0.04396602809030348
86016,0.04396380014467398
86272,0.043961720728753116
86528,0.04395964131283225
86784,0.04395726483749411
87040,0.04395503689186461
87296,0.04395288321108943
87552,0.04395080379516856
87808,0.04394835305497611
88064,0.04394627363905525
88320,0.04394411995828006
88576,0.04394181774779625
88832,0.043939664067021066
89088,0.043937584651100196
89344,0.04393557950003364
89600,0.04393327728954983
89856,0.043931123608774644
90112,0.04392882139829083
90368,0.04392659345266133
90624,0.043924365507031826
90880,0.04392206329654801
91136,0.04391990961577283
91392,0.043917755934997645
91648,0.04391545372451383
91904,0.04391330004373865
92160,0.04391122062781778
92416,0.04390884415247965
92672,0.04390654194199583
92928,0.043904388261220645
93184,0.043902160315591146
93440,0.04389985810510733
93696,0.04389755589462351
93952,0.04389547647870264
94208,0.04386695877464504
94464,0.043862577148240364
94720,0.043860274937756544
94976,0.043858046992127045
95232,0.04385581904649754
95488,0.04343340055514434
95744,0.042207956194065005
96000,0.04217565098243725
96256,0.042173274507099116
96512,0.0421709722966153
96768,0.042168744350985804
97024,0.04214304871139223
97280,0.04213636487450373
97536,0.04213421119372855
97792,0.0421317604535361
98048,0.042129383978197966
98304,0.04212715603256847
98560,0.042125002351793284
98816,0.0421228486710181
99072,0.042120323665971335
99328,0.04211802145548752
99584,0.042115793509858016
99840,0.04211356556422852
100096,0.04211133761859902
100352,0.042109258202678156
100608,0.04210695599219433
100864,0.042104728046564836
101120,0.04210257436578965
101376,0.04210027215530583
101632,0.04209774715025907
101888,0.04209544493977525
102144,0.042093365523854384
102400,0.0420912118430792
102656,0.04208913242715833
102912,0.0420867559518202
103168,0.04208460227104502
103424,0.042082448590269834
103680,0.042080220644640336
103936,0.0420778441693022
104192,0.042075096369692484
104448,0.04205675295067627
104704,0.042052
104960,0.042049912278347555
105216,0.042047749995207516
105472,0.04204543858909231
105728,0.04204312718297709
105984,0.04204089033834947
106240,0.042038578932234255
106496,0.04203678945653216
106752,0.042034776296367295
107008,0.04203253945173967
107264,0.042030004361161694
107520,0.04202784207802166
107776,0.04202553067190645
108032,0.042023144704303655
108288,0.04202090785967603
108544,0.04201874557653599
108800,0.04201635960893319
109056,0.04201412276430557
109312,0.042011885919677944
109568,0.042009723636537905
109824,0.042007412230422696
110080,0.0420050262628199
110336,0.04200271485670469
110592,0.04200047801207706
110848,0.04199824116744944
111104,0.0419960788843094
111360,0.041993767478194194
111616,0.041991456072078985
111872,0.04198921922745136
112128,0.04198690782133614
112384,0.041984521853733345
112640,0.041982285009105724
112896,0.04197997360299051
113152,0.04197781131985047
113408,0.041975798159685614
113664,0.04197363587654558
113920,0.04197124990894278
114176,0.04196886394133998
114432,0.04196662709671236
114688,0.04196439025208473
114944,0.04196215340745711
115200,0.04195999112431707
115456,0.04195782884117703
115712,0.041955442873574236
115968,0.041953429713409374
116224,0.04195141655324451
116480,0.04194932883159207
116736,0.04194709198696444
116992,0.04194485514233682
117248,0.041942469174734015
117504,0.04193978496118087
117760,0.04193762267804083
118016,0.041935385833413205
118272,0.041933074427297996
118528,0.041930837582670376
118784,0.04192852617655516
119040,0.0419259165244896
119296,0.041922263011597814
119552,0.04191801300680533
119808,0.04191353931755008
120064,0.04190936387424518
120320,0.04190503930796511
120576,0.041900491057222274
120832,0.0418961664909422
121088,0.041892140170612484
121344,0.041887815604332405
121600,0.04188326735358957
121856,0.04187886822582191
122112,0.041874618221029426
122368,0.04187014453177418
122624,0.04186574540400652
122880,0.04186142083772644
123136,0.04185709627144637
123392,0.041852846266653886
123648,0.0418485962618614
123904,0.04184434625706891
124160,0.041840245375251606
124416,0.041836069931946704
124672,0.04183189448864181
124928,0.04182749536087415
125184,0.04182294711013131
125440,0.04181832429790089
125696,0.04181385060864565
125952,0.0418093769193904
126208,0.04180497779162273
126464,0.04180072778683025
126720,0.04179640322055018
126976,0.04179192953129493
127232,0.041787381280552094
127488,0.041782907591296846
127744,0.041778508463529186
128000,0.041774183897249115
128256,0.04177000845394421
128512,0.04176583301063932
128768,0.041761135636921305
129024,0.04175651282469088
129280,0.0417522628198984
129536,0.04174786369213074
129792,0.04174339000287549
130048,0.04173906543659542
130304,0.04173488999329052
130560,0.04173071454998562
130816,0.04172646454519313
131072,0.0417219162944503
131328,0.04171751716668264
131584,0.04171334172337774
131840,0.04170894259561008
132096,0.04170431978337966
132352,0.04169984609412441
132608,0.04169537240486916
132864,0.04169104783858909
133120,0.04168657414933384
133376,0.04168210046007859
133632,0.04167755220933576
133888,0.041673078520080516
134144,0.04166860483082527
134400,0.04166405658008243
134656,0.041659508329339595
134912,0.04165496007859676
135168,0.041650784635291864
135424,0.04164660919198696
135680,0.04164235918719448
135936,0.04163803462091441
136192,0.04163348637017157
136448,0.04162916180389149
136704,0.04162483723761142
136960,0.04162043810984377
137216,0.04161596442058852
137472,0.04161149073133327
137728,0.041607091603565606
137984,0.041602692475797946
138240,0.04159814422505512
138496,0.041593446851337104
138752,0.041589047723569444
139008,0.041584723157289366
139264,0.04158062227547206
139520,0.041576372270679576
139776,0.04157182401993674
140032,0.041567275769193904
140288,0.041562876641426244
140544,0.04155870119812135
140800,0.04155445119332886
141056,0.04155042487299914
141312,0.04154632399118183
141568,0.04154214854787693
141824,0.041537749420109266
142080,0.04153312660787885
142336,0.0415286529186236
142592,0.04152432835234353
142848,0.04152000378606345
143104,0.04151575378127097
143360,0.041511429214990896
143616,0.041507030087223236
143872,0.04150240727499281
144128,0.04149800814722515
144384,0.04149368358094507
144640,0.041489135330202244
144896,0.04148451251797182
145152,0.04148011339020416
145408,0.0414757142624365
145664,0.041470942327230906
145920,0.04146646863797566
146176,0.04146221863318317
146432,0.041457894066903096
146688,0.041453569500623025
146944,0.04144909581136778
147200,0.04144469668360012
147456,0.041440372117320046
147712,0.041436047551039974
147968,0.041431722984759896
148224,0.041427398418479824
148480,0.041422999290712165
148736,0.04141852560145692
148992,0.04141397735071408
149248,0.04140950366145883
149504,0.041404955410715996
149760,0.04140033259848557
150016,0.041395784347742735
150272,0.04139116153551232
150528,0.04138676240774466
150784,0.041382363279977
151040,0.04137781502923416
151296,0.041373341339978914
151552,0.041368867650723666
151808,0.04136439396146842
152064,0.04135984571072558
152320,0.04135544658295792
152576,0.04135119657816543
152832,0.04134694657337295
153088,0.04134262200709288
153344,0.04133814831783763
153600,0.04133360006709479
153856,0.041328977254864376
154112,0.04132442900412154
154368,0.0413198807533787
154624,0.041315407064123455
154880,0.04131085881338062
155136,0.04130638512412537
155392,0.041301762311894946
155648,0.04129713949966453
155904,0.041292516687434104
156160,0.04128796843669127
156416,0.04128327106297326
156672,0.04127864825074283
156928,0.0412741
157184,0.0412695717278512
157440,0.041264820753793445
157696,0.04126044094958394
157952,0.04125628384728341
158208,0.04125190404307391
158464,0.041247450004894756
158720,0.04124277326480666
158976,0.041238319226627504
159232,0.04123408789035732
159488,0.04122993078805678
159744,0.04122562521781693
160000,0.0412214681155164
160256,0.04121723677924621
160512,0.04121278274106706
160768,0.04120825446891826
161024,0.04120387466470876
161280,0.04119942062652961
161536,0.04119481812041116
161792,0.04119028984826236
162048,0.04118576157611356
162304,0.04118130753793441
162560,0.041176853499755264
162816,0.041172325227606464
163072,0.04116764848751835
163328,0.04116297174743025
163584,0.04115844347528145
163840,0.04115391520313265
164096,0.04114953539892315
164352,0.041145081360744004
164608,0.04114047885462555
164864,0.04113587634850709
165120,0.04113112537444934
165376,0.04112667133627019
165632,0.04112236576603035
165888,0.0411179117278512
166144,0.041113457689672055
166400,0.04110907788546255
166656,0.04110462384728341
166912,0.04110024404307391
167168,0.04109579000489476
167424,0.041091187498776306
167680,0.04108680769456681
167936,0.04108235365638766
168192,0.041077602682329906
168448,0.0410729259422418
168704,0.0410682492021537
168960,0.04106372093000489
169216,0.04105919265785609
169472,0.0410548128536466
169728,0.041050507283406756
169984,0.04104612747919725
170240,0.04104167344101811
170496,0.041037293636808615
170752,0.04103298806656877
171008,0.04102875673029858
171264,0.041024525394028385
171520,0.04102014558981889
171776,0.041015617317670096
172032,0.04101108904552129
172288,0.04100663500734214
172544,0.041002180969163
172800,0.040997801164953496
173056,0.04099349559471365
173312,0.040989190024473814
173568,0.04098458751835536
173824,0.040980059246206554
174080,0.0409754567400881
174336,0.040971002701908954
174592,0.04096662289769946
174848,0.04096209462555066
175104,0.040957492119432205
175360,0.04095430005873715
175616,0.0409512564659814
175872,0.04094880674498287
176128,0.04094635702398433
176384,0.040943907302985805
176640,0.04094145758198727
176896,0.04093900786098874
177152,0.04093640967205091
177408,0.04093388571708272
177664,0.040931658697993145
177920,0.04092913474302496
178176,0.04092653655408712
178432,0.04092393836514929
178688,0.0409212659422418
178944,0.04091881622124327
179200,0.04091621803230543
179456,0.040913619843367596
179712,0.04091094742046011
179968,0.04090827499755262
180224,0.04090575104258443
180480,0.0409033013215859
180736,0.040900851600587367
180992,0.04089832764561918
181248,0.04089565522271169
181504,0.04089305703377386
181760,0.04089060731277533
182016,0.04088823182574645
182272,0.04088585633871757
182528,0.04088348085168869
182784,0.04088103113069016
183040,0.04087858140969163
183296,0.04087613168869309
183552,0.04087375620166422
183808,0.04087115801272638
184064,0.040868634057758195
184320,0.04086611010279001
184576,0.04086351191385218
184832,0.04086076525697503
185088,0.04085824130200685
185344,0.04085586581497797
185600,0.04085334186000979
185856,0.04085074367107195
186112,0.04084836818404307
186368,0.04084591846304454
186624,0.04084354297601566
186880,0.040840053979441994
187136,0.04083589687714146
187392,0.04083307598629467
187648,0.04083047779735682
187904,0.0408280280763583
188160,0.04082550412139011
188416,0.04082298016642193
188672,0.04082038197748409
188928,0.04081778378854625
189184,0.04081511136563876
189440,0.04081236470876162
189696,0.040808801478218304
189952,0.040805609417523245
190208,0.040803011228585415
190464,0.040800338805677926
190720,0.04079766638277043
190976,0.0407950681938326
191232,0.040792470004894756
191488,0.04078994604992658
191744,0.04078742209495839
192000,0.040784823906020555
192256,0.040771610259422414
192512,0.040753051767009295
192768,0.04071274272148801
193024,0.04067763005384239
193280,0.040675180332843855
193536,0.04067265637787567
193792,0.04066998395496818
194048,0.040667459999999996
194304,0.04066501027900147
194560,0.04066233785609398
194816,0.040659739667156136
195072,0.040657438414096914
195328,0.04065491445912873
195584,0.040652093568281936
195840,0.04064956961331375
196096,0.04064719412628487
196352,0.04064459593734704
196608,0.040642071982378854
196864,0.04063962226138032
197120,0.04063702407244248
197376,0.04063427741556534
197632,0.040631679226627505
197888,0.040629006803720016
198144,0.04062633438081253
198400,0.04062373619187469
198656,0.040621212236906505
198912,0.04061868828193833
199168,0.04061609009300049
199424,0.040613417670093
199680,0.04061074524718551
199936,0.040607998590308364
200192,0.04060525193343123
200448,0.040602727978463045
200704,0.04060020402349486
200960,0.04059753160058737
201216,0.04059485917767988
201472,0.04059218675477239
201728,0.04058981126774351
201984,0.040587287312775326
202240,0.04058476335780714
202496,0.04058209093489966
202752,0.04057934427802251
203008,0.040576894557023985
203264,0.0405743706020558
203520,0.04057169817914831
203776,0.04056902575624082
204032,0.04056635333333333
204288,0.04056382937836515
204544,0.04056130542339696
204800,0.040558707234459125
205056,0.04055610904552129
205312,0.04055351085658345
205568,0.04055106113558492
205824,0.04054861141458639
206080,0.040546013225648554
206336,0.04054341503671072
206592,0.04054074261380323
206848,0.04053814442486539
207104,0.040535546235927554
207360,0.04053302228095937
207616,0.040530572559960835
207872,0.040528345540871265
208128,0.04052604428781204
208384,0.04052352033284386
208640,0.04052099637787567
208896,0.040518398188937835
209152,0.0405158
209408,0.0405132650264261
209664,0.04051058093675961
209920,0.04050797140513942
210176,0.040505361873519226
210432,0.04050267778385274
210688,0.04049991913613996
210944,0.04049723504647348
211200,0.040494550956807
211456,0.040491866867140514
211712,0.040489257335520314
211968,0.04048649868780754
212224,0.04048381459814106
212480,0.04048127962456716
212736,0.04047881920903954
212992,0.040476358793511934
213248,0.04047382381993803
213504,0.040471363404410425
213760,0.0404689775469291
214016,0.0404664425733552
214272,0.040463758483688717
214528,0.04046129806816111
214784,0.0404588376526335
215040,0.04045645179515218
215296,0.04045376770548569
215552,0.04045093449972662
215808,0.04044839952615272
216064,0.04044586455257882
216320,0.040443404137051206
216576,0.04044079460543102
216832,0.04043818507381082
217088,0.04043565010023692
217344,0.04043304056861673
217600,0.04043065471113541
217856,0.0404281197375615
218112,0.04042551020594132
218368,0.04042290067432112
218624,0.04042029114270093
218880,0.040417756169127024
219136,0.04041514663750683
219392,0.04041268622197922
219648,0.040410225806451615
219904,0.040407616274831415
220160,0.040405081301257514
220416,0.040402620885729906
220672,0.040400235028248584
220928,0.04039784917076727
221184,0.04039561242937853
221440,0.04039322657189721
221696,0.040390393366138144
221952,0.040387858392564244
222208,0.04038539797703663
222464,0.040382564771277565
222720,0.04037988068161108
222976,0.040377420266083465
223232,0.04037473617641699
223488,0.040371902970657916
223744,0.040369367997084016
224000,0.040367056697648986
224256,0.04036444716602879
224512,0.04036191219245489
224768,0.040359526334973576
225024,0.04035706591944596
225280,0.04035445638782577
225536,0.04035192141425187
225792,0.04034938644067797
226048,0.04034685146710406
226304,0.04034431649353016
226560,0.04034193063604884
226816,0.040339395662474936
227072,0.04033671157280845
227328,0.04033417659923455
227584,0.04033156706761436
227840,0.04032888297794788
228096,0.04032627344632768
228352,0.040323589356661194
228608,0.04032097982504101
228864,0.04031851940951339
229120,0.040316282668124655
229376,0.04031389681064334
229632,0.04031113816293057
229888,0.04030860318935666
230144,0.040306142773829046
230400,0.04030375691634773
230656,0.04030152017495899
230912,0.04029987989794059
231168,0.04029823962092218
231424,0.040296748459996354
231680,0.04029518274102424
231936,0.04029346790595954
232192,0.04029190218698742
232448,0.04029033646801531
232704,0.0402886961909969
232960,0.040287130472024785
233216,0.04028556475305267
233472,0.04028399903408055
233728,0.04028243331510844
233984,0.04028064392199745
234240,0.04027892908693275
234496,0.04027721425186805
234752,0.040275499416803355
235008,0.04027363546564607
235264,0.040271920630581375
235520,0.04027020579551668
235776,0.040268640076544564
236032,0.040267148915618736
236288,0.04026558319664662
236544,0.04026394291962821
236800,0.040262302642609805
237056,0.0402606623655914
237312,0.04025902208857299
237568,0.0402573072535083
237824,0.04025559241844359
238080,0.0402538030253326
238336,0.040252311864406774
238592,0.040250820703480954
238848,0.04024932954255513
239104,0.040247838381629306
239360,0.040246347220703485
239616,0.04024485605977766
239872,0.04024336489885183
240128,0.04024165006378713
240384,0.040239935228722434
240640,0.040238220393657737
240896,0.04023650555859304
241152,0.04023471616548205
241408,0.04023300133041735
241664,0.04023128649535265
241920,0.04022964621833424
242176,0.04022800594131584
242432,0.04022629110625114
242688,0.04022465082923273
242944,0.040223010552214326
243200,0.04022129571714963
243456,0.040219655440131216
243712,0.04021801516311281
243968,0.0402164494441407
244224,0.040214883725168585
244480,0.04021339256424276
244736,0.04021190140331693
244992,0.0402104102423911
245248,0.0402087699653727
245504,0.040207055130308
245760,0.04020534029524331
246016,0.0402036254601786
246272,0.0402019851831602
246528,0.040200344906141786
246784,0.04019870462912338
247040,0.040197064352104975
247296,0.04019542407508657
247552,0.040193783798068164
247808,0.04019214352104975
248064,0.040190503244031346
248320,0.04018886296701294
248576,0.04018714813194824
248832,0.04018550785492984
249088,0.040183867577911425
249344,0.04018215274284673
249600,0.04018051246582832
249856,0.04017872307271733
250112,0.04017693367960634
250368,0.040175218844541644
250624,0.04017357856752324
250880,0.04017208740659741
251136,0.0401705216876253
251392,0.040168955968653185
251648,0.04016746480772736
251904,0.04016597364680153
252160,0.04016448248587571
252416,0.040162842208857304
252672,0.04016120193183889
252928,0.040159561654820486
253184,0.04015799593584837
253440,0.04015643021687625
253696,0.04015478993985785
253952,0.04015322422088573
254208,0.04015143482777474
254464,0.040149719992710046
254720,0.04014800515764534
254976,0.040146364880626936
255232,0.04014479916165482
255488,0.04014315888463641
255744,0.0401415931656643
256000,0.04013995288864589
256256,0.04013838716967378
256512,0.04013674689265537
256768,0.04013510661563696
257024,0.040133466338618556
257280,0.040131826061600144
257536,0.04013018578458174
257792,0.040128620065609626
258048,0.04012697978859121
258304,0.0401254140696191
258560,0.04012384835064699
258816,0.04012228263167487
259072,0.040120716912702754
259328,0.04011915119373064
259584,0.04011758547475852
259840,0.04011601975578641
260096,0.04011445403681429
260352,0.04011288831784217
260608,0.040111322598870056
260864,0.04010975687989794
261120,0.04010819116092583
