cache_lines,MRC
256,0.0472532
512,0.04702924659719904
768,0.046912686947582986
1024,0.04674372892336889
1280,0.04667905843188248
1536,0.045353618886292156
1792,0.04475753008838672
2048,0.04469795176158429
2304,0.044686748999279546
2560,0.044677684946142084
2816,0.04467045407229085
3072,0.044661440940800226
3328,0.04454859857140347
3584,0.04454406654483474
3840,0.044538770693563406
4096,0.044534187745347835
4352,0.044531132446537454
4608,0.04452741516631816
4864,0.04452415618092042
5120,0.04452242484492787
5376,0.04452038797905428
5632,0.04451774005341862
5888,0.04451529581437031
6144,0.044513920929905644
6400,0.0444145727969214
6656,0.04441273961763517
6912,0.0444116193414047
7168,0.04440968431882479
7424,0.04440693454989545
7680,0.044404184780966104
7936,0.04440255528826723
8192,0.044401689620270954
8448,0.04440062026568733
8704,0.044399703676044205
8960,0.044398481556520056
9216,0.04439746312358326
9472,0.04438941750338259
9728,0.04438508916340122
9984,0.04438025160695144
10240,0.044375923266970076
10496,0.04437454838250541
10752,0.044373631792862286
11008,0.04437281704651286
11264,0.044372205986750776
11520,0.04437139124040134
11776,0.044370576494051905
12032,0.044370118199230354
12288,0.04436971082605563
12544,0.0443691506879404
12800,0.044368743314765674
13056,0.04436828501994412
13312,0.04436777580347572
13568,0.04436736843030101
13824,0.04436691013547945
14080,0.044366706448892096
14336,0.044366299075717375
14592,0.0443659426241895
14848,0.044365637094308456
15104,0.044365331564427415
15360,0.044364975112899545
15616,0.044364567739724824
15872,0.044364211288196946
16128,0.044363905758315905
16384,0.04436360022843487
16640,0.04436329469855383
16896,0.04436314193361331
17152,0.04436283640373227
17408,0.04436253087385124
17664,0.0443622253439702
17920,0.044362072579029674
18176,0.04436186889244232
18432,0.04436166520585496
18688,0.044361257832680245
18944,0.04436079953785869
19200,0.044360392164683966
19456,0.044360086634802925
19712,0.04435978110492189
19968,0.04435957741833454
20224,0.04435922096680665
20480,0.044358864515278776
20736,0.04435860990704458
20992,0.04435845714210406
21248,0.044358202533869864
21504,0.044357998847282504
21760,0.04435789700398882
22016,0.044357642395754626
22272,0.044357540552460946
22528,0.04435738778752042
22784,0.044357133179286225
23040,0.04435698041434571
23296,0.04435682764940519
23552,0.04435672580611151
23808,0.04435662396281784
24064,0.04435652211952415
24320,0.04435626751128995
24576,0.044356114746349436
24832,0.044356012903055755
25088,0.04435586013811524
25344,0.04435575829482156
25600,0.0443555546082342
25856,0.04435545276494052
26112,0.044355350921646844
26368,0.0443553
26624,0.04435519427312776
26880,0.04435512378854625
27136,0.04435501806167401
27392,0.044354877092511014
27648,0.04435484185022027
27904,0.044354806607929516
28160,0.044354771365638763
28416,0.04435448942731278
28672,0.04435381982378855
28928,0.044345643612334805
29184,0.044342013656387666
29440,0.044331828634361234
29696,0.04433161718061674
29952,0.04433144096916299
30208,0.0443313704845815
30464,0.044331300000000004
30720,0.044331194273127754
30976,0.04433115903083701
31232,0.044331088546255504
31488,0.04433105330396476
31744,0.04433098281938326
32000,0.04433094757709251
32256,0.04433087709251102
32512,0.04433080660792952
32768,0.04433070088105727
33024,0.04433063039647577
33280,0.04433059515418502
33536,0.04433052466960353
33792,0.044330489427312776
34048,0.04433041894273128
34304,0.04433034845814978
34560,0.044330313215859035
34816,0.04433024273127753
35072,0.044330207488986785
35328,0.044330101762114535
35584,0.044330031277533044
35840,0.044329960792951546
36096,0.044329855066079296
36352,0.044329749339207046
36608,0.044329678854625555
36864,0.04432960837004405
37120,0.04432953788546255
37376,0.04432943215859031
37632,0.04432936167400881
37888,0.04432925594713656
38144,0.04432915022026432
38400,0.04432904449339207
38656,0.04432897400881058
38912,0.04432890352422907
39168,0.04432879779735683
39424,0.04432872731277533
39680,0.04432869207048458
39936,0.04432862158590309
40192,0.04432851585903084
40448,0.04432841013215859
40704,0.04432837488986784
40960,0.044328304405286345
41216,0.044328198678414095
41472,0.044328128193832604
41728,0.044328022466960354
41984,0.044327951982378856
42240,0.04432788149779736
42496,0.04432781101321586
42752,0.04432774052863436
43008,0.044327670044052865
43264,0.044327564317180615
43520,0.04432749383259912
43776,0.04432745859030837
44032,0.044327388105726874
44288,0.04432735286343612
44544,0.044327317621145376
44800,0.04432724713656388
45056,0.044327211894273126
45312,0.044327141409691635
45568,0.04432707092511013
45824,0.04432700044052863
46080,0.04432696519823789
46336,0.04432685947136564
46592,0.044326788986784146
46848,0.044326788986784146
47104,0.04432671850220264
47360,0.044326648017621144
47616,0.0443266127753304
47872,0.0443265422907489
48128,0.0443264718061674
48384,0.044326401321585905
48640,0.04432633083700441
48896,0.044326295594713655
49152,0.04432573171806167
49408,0.044325273568281934
49664,0.04432520308370044
49920,0.04432516784140969
50176,0.04432506211453745
50432,0.044325026872246695
50688,0.044319775770925114
50944,0.04430025154185022
51200,0.04429891233480176
51456,0.044298736123348025
51712,0.04429820748898679
51968,0.044298066519823785
52224,0.04429767885462555
52480,0.0442593
52736,0.04425499021889721
52992,0.044254928650595736
53248,0.04425480551399281
53504,0.04425474394569134
53760,0.044254682377389866
54016,0.044254559240786924
54272,0.04425449767248546
54528,0.04425437453588252
54784,0.044254312967581054
55040,0.04425425139927958
55296,0.04425418983097812
55552,0.04425406669437518
55808,0.044254005126073706
56064,0.04425388198947078
56320,0.044253758852867836
56576,0.044253635716264894
56832,0.04425357414796343
57088,0.044253389443059024
57344,0.04425332787475755
57600,0.04425326630645609
57856,0.044252773760044335
58112,0.04425271219174287
58368,0.044252589055139936
58624,0.044252527486838465
58880,0.04425240435023553
59136,0.04425234278193406
59392,0.04425234278193406
59648,0.04425221964533112
59904,0.04425221964533112
60160,0.04425135768911056
60416,0.0442493259351621
60672,0.04424655536159601
60928,0.04424372321972846
61184,0.044241014214463845
61440,0.0442383667775007
61696,0.044235965613743426
61952,0.04423350288168468
62208,0.044230917013023
62464,0.044228331144361324
62720,0.04422519116098642
62976,0.044222235882515934
63232,0.04421965001385426
63488,0.0442164484621779
63744,0.044206597533942925
64000,0.04419465328345803
64256,0.04419132859517872
64512,0.04418855802161264
64768,0.04418591058464949
65024,0.044183016874480466
65280,0.04418012316431145
65536,0.044177598863951235
65792,0.04417445888057634
66048,0.04417125732889998
66304,0.04416848675533389
66560,0.044165839318370745
66816,0.044162884039900256
67072,0.044159805624826826
67328,0.0441567272097534
67584,0.04415395663618731
67840,0.044151062926018295
68096,0.044148230784150734
68352,0.04414558334718759
68608,0.044143120615128845
68864,0.04414053474646717
69120,0.0441381335827099
69376,0.04413554771404822
69632,0.04413246929897479
69888,0.04412945245220283
70144,0.04412662031033528
70400,0.0441240344416736
70656,0.044121448573011916
70912,0.04411867799944584
71168,0.04411609213078415
71424,0.04411350626212247
71680,0.04411098196176227
71936,0.04410827295649765
72192,0.044105440814630095
72448,0.04410260867276254
72704,0.04409977653089499
72960,0.044097005957328905
73216,0.04409435852036575
73472,0.044091526378498204
73728,0.044088755804932114
73984,0.044085800526461626
74240,0.04408315308949848
74496,0.044080074674425054
74752,0.0440774272374619
75008,0.044074656663895824
75264,0.044071701385425335
75520,0.044069177085065116
75776,0.04406652964810197
76032,0.044063820642837356
76288,0.04406123477417568
76544,0.04405840263230812
76800,0.044055632058742036
77056,0.044053169326683295
77312,0.04405052188972015
77568,0.04404775131615406
77824,0.04404485760598504
78080,0.04404227173732336
78336,0.04403999371016902
78592,0.0440371
78848,0.04403490193774064
79104,0.04403250405163953
79360,0.04403000625361754
79616,0.04402775823539774
79872,0.04402541030525707
80128,0.04402321224299772
80384,0.04402116404861968
80640,0.04401911585424165
80896,0.04401706765986361
81152,0.04401481964164382
81408,0.0440126715353449
81664,0.0440104235171251
81920,0.04400837532274706
82176,0.044005927480685506
82432,0.04400392924226792
82688,0.0440020309157712
82944,0.0439997828975514
83200,0.043997534879331605
83456,0.043995286861111815
83712,0.04399278906308982
83968,0.04399034122102826
84224,0.043987893378966705
84480,0.04398559540478648
84736,0.043983297430606236
84992,0.04398114932430732
85248,0.04397880139416665
85504,0.04397670324382818
85760,0.04397480491733146
86016,0.04397270676699298
86272,0.04397055866069407
86528,0.043968260686513834
86784,0.04396581284445228
87040,0.04396376465007424
87296,0.04396151663185445
87552,0.04395916870171377
87808,0.043956870727533535
88064,0.04395472262123462
88320,0.043952474603014824
88576,0.043950176628834596
88832,0.04394802852253568
89088,0.04394578050431588
89344,0.043943582442056525
89600,0.04394118455595541
89856,0.04393923627349825
90112,0.04393718807912022
90368,0.04393513988474218
90624,0.04393304173440371
90880,0.04393069380426304
91136,0.04392844578604324
91392,0.043926497503586084
91648,0.043924299441326725
91904,0.04392225124694869
92160,0.04392005318468934
92416,0.0439180049903113
92672,0.04391610666381458
92928,0.04391390860155523
93184,0.043911960319098074
93440,0.04390651511941013
93696,0.043896024367717744
93952,0.043882086654755015
94208,0.043875242688174755
94464,0.04387299466995496
94720,0.0438707966076956
94976,0.04367971505901302
95232,0.04312999967033244
95488,0.042178788227596443
95744,0.04217644029745577
96000,0.042174142323275536
96256,0.04217104505372826
96512,0.042166099413644714
96768,0.042146816412914914
97024,0.04213877350328409
97280,0.04213642557314342
97536,0.04213407764300275
97792,0.04213167975690162
98048,0.04212933182676095
98304,0.04212708380854116
98560,0.04212493570224224
98816,0.042122637728062004
99072,0.04212028979792133
99328,0.04211794186778065
99584,0.04211574380552131
99840,0.042113745567103705
100096,0.04211149754888391
100352,0.042109149618743236
100608,0.04210700151244432
100864,0.042104753494224524
101120,0.042102555431965165
101376,0.04210040732566625
101632,0.04209815930744645
101888,0.042095861333266225
102144,0.04209351340312555
102400,0.042091115517024436
102656,0.04208866767496288
102912,0.04208641965674308
103168,0.04208417163852329
103424,0.04208187366434305
103680,0.04207972555804414
103936,0.04206648722852757
104192,0.04205664590432091
104448,0.04205434793014067
104704,0.042052
104960,0.042049974386387586
105216,0.042047948772775186
105472,0.04204587375395272
105728,0.04204394695076043
105984,0.042041822526727904
106240,0.04203969810269538
106496,0.042037524273452795
106752,0.04203539984942027
107008,0.042033226020177686
107264,0.042030953380514983
107520,0.04202848312001205
107776,0.04202616107513928
108032,0.0420239872458967
108288,0.042021912227074236
108544,0.04201968899262159
108800,0.04201741635295889
109056,0.042015193118506246
109312,0.042012969884053605
109568,0.0420106972443909
109824,0.04200857282035838
110080,0.04200634958590573
110336,0.0420041263514531
110592,0.042002100737840685
110848,0.041999877503388044
111104,0.041997654268935404
111360,0.04199548043969282
111616,0.041993356015660295
111872,0.041991231591627765
112128,0.0419891565728053
112384,0.04198703214877277
112640,0.041984710103900015
112896,0.04198253627465743
113152,0.041980411850624906
113408,0.04197833683180244
113664,0.041976212407769914
113920,0.041973692742056916
114176,0.0419713212919741
114432,0.041969098057521456
114688,0.041966825417858754
114944,0.041964355157355825
115200,0.04196183549164283
115456,0.04195946404156001
115712,0.041957191401897305
115968,0.041954968167444665
116224,0.04195279433820208
116480,0.04195057110374943
116736,0.041948249058876674
116992,0.04194607522963409
117248,0.04194385199518145
117504,0.04194148054509863
117760,0.0419393561210661
118016,0.04193703407619334
118272,0.0419348108417407
118528,0.04193238998644783
118784,0.04192853638006325
119040,0.04192433693720825
119296,0.04192003868393314
119552,0.041915691025447975
119808,0.041911392772172866
120064,0.04190689689805752
120320,0.041902302213522064
120576,0.0418977075289866
120832,0.04189345868092155
121088,0.04188925923806655
121344,0.04188496098479145
121600,0.04188051451588616
121856,0.041876117452190935
122112,0.041871621578075585
122368,0.041867224514380366
122624,0.04186292626110526
122880,0.04185862800783015
123136,0.04185447797018521
123392,0.041850080906489985
123648,0.041845436816744463
123904,0.04184133618430959
124160,0.04183693912061437
124416,0.041832690272549315
124672,0.0418286390453245
124928,0.04182434079204939
125184,0.04182028956482458
125440,0.04181609012196958
125696,0.04181169305827436
125952,0.041807394804999246
126208,0.04180334357777443
126464,0.04179934175575968
126720,0.041795241123324806
126976,0.04179099227525975
127232,0.04178664461677458
127488,0.0417821981478693
127744,0.04177760346333384
128000,0.04177295937358831
128256,0.04176861171510315
128512,0.04176416524619786
128768,0.04175971877729258
129024,0.041755222903177236
129280,0.041750825839482
129536,0.04174647818099684
129792,0.04174208111730161
130048,0.04173743702755609
130304,0.04173284234302063
130560,0.041728297063695234
130816,0.0417239
131072,0.04171950857832382
131328,0.0417149691311979
131584,0.04171047902588854
131840,0.04170608760421238
132096,0.041701548157086446
132352,0.04169720607722686
132608,0.041692962681000444
132864,0.04168866994295744
133120,0.041684475888547616
133376,0.04168013380868802
133632,0.04167574238701185
133888,0.04167130162351909
134144,0.04166720625274243
134400,0.04166276548924967
134656,0.04165812735849057
134912,0.04165343988591488
135168,0.04164909780605529
135424,0.04164445967529619
135680,0.041639870886353667
135936,0.041635331439227735
136192,0.04163084133391839
136448,0.041626301886792456
136704,0.04162195980693287
136960,0.041617716410706454
137216,0.04161342367266345
137472,0.041609229618253626
137728,0.04160473951294427
137984,0.04160005204036858
138240,0.04159551259324265
138496,0.0415910224879333
138752,0.04158648304080737
139008,0.04158194359368144
139264,0.04157735480473892
139520,0.04157271667397982
139776,0.04156832525230364
140032,0.0415641805397104
140288,0.04155983845985081
140544,0.04155564440544099
140800,0.04155149969284774
141056,0.04154730563843791
141312,0.04154291421676174
141568,0.041538621478718736
141824,0.04153442742430891
142080,0.04153018402808249
142336,0.04152594063185608
142592,0.04152145052654673
142848,0.041517009763053975
143104,0.04151256899956121
143360,0.04150822691970163
143616,0.04150363813075911
143872,0.041499098683633176
144128,0.04149465792014041
144384,0.04149026649846424
144640,0.04148582573497148
144896,0.041481483655111895
145152,0.04147689486616937
145408,0.041471911342694165
145664,0.04146751992101799
145920,0.04146312849934182
146176,0.04145873707766565
146432,0.04145439499780606
146688,0.04145005291794647
146944,0.04144566149627029
147200,0.04144131941641071
147456,0.04143702667836771
147712,0.0414327832821413
147968,0.041428194493198775
148224,0.04142370438788943
148480,0.04141936230802984
148736,0.04141516825362001
148992,0.041410727490127246
149248,0.041406188043001314
149504,0.04140169793769197
149760,0.04139740519964897
150016,0.04139276706888987
150272,0.041388326305397106
150528,0.0413840335673541
150784,0.041379592803861345
151040,0.041375398749451515
151296,0.041371155353225095
151552,0.04136671458973234
151808,0.04136202711715665
152064,0.0413578824045634
152320,0.04135349098288724
152576,0.04134900087757788
152832,0.041344560114085126
153088,0.04134026737604212
153344,0.04133597463799912
153600,0.041331484532689776
153856,0.0413267477182975
154112,0.041322257612988154
154368,0.04131786619131198
154624,0.04131342542781922
154880,0.041308984664326455
155136,0.04130474126810004
155392,0.041300300504607285
155648,0.04129581039929794
155904,0.041291369635805174
156160,0.041287076897762176
156416,0.04128283350153576
156672,0.041278491421676174
156928,0.0412741
157184,0.04126963185716114
157440,0.041265062165621404
157696,0.04126069557148343
157952,0.041256430526046335
158208,0.04125175928580571
158464,0.04124724036861641
158720,0.04124277222577755
158976,0.04123820253423781
159232,0.041233480519646745
159488,0.041228910828107
159744,0.041224290362216816
160000,0.04121966989632664
160256,0.041215049430436454
160512,0.041210276641494945
160768,0.041205706949955206
161024,0.04120108648406502
161280,0.04119646601817484
161536,0.04119184555228466
161792,0.041187326635095355
162048,0.041182858492256495
162304,0.041178390349417636
162560,0.04117387143222834
162816,0.04116920019198771
163072,0.04116452895174709
163328,0.041159908485856905
163584,0.041155440343018046
163840,0.04115076910277742
164096,0.04114614863688724
164352,0.0411415789453475
164608,0.04113685693075643
164864,0.04113223646486625
165120,0.04112771754767695
165376,0.04112319863048765
165632,0.04111873048764879
165888,0.04111411002175861
166144,0.04110938800716754
166400,0.04110456444387559
166656,0.041099740880583636
166912,0.0410951711890439
167168,0.04109055072315372
167424,0.04108598103161398
167680,0.04108136056572379
167936,0.04107689242288494
168192,0.041072322731345194
168448,0.04106785458850634
168704,0.04106348799436836
168960,0.0410587659797773
169216,0.04105460248304109
169472,0.04105023588890311
169728,0.04104571697171381
169984,0.041041045731473186
170240,0.04103678068603609
170496,0.04103226176884679
170752,0.04102759052860617
171008,0.041022868514015105
171264,0.041018755791629335
171520,0.04101454152054269
171776,0.04101012415205427
172032,0.04100550368616408
172288,0.04100083244592346
172544,0.040996161205682835
172800,0.0409915915141431
173056,0.040987275694355556
173312,0.04098326452067068
173568,0.040978999475233584
173824,0.040974582106745164
174080,0.04097006318955587
174336,0.04096564582106745
174592,0.04096224393958787
174848,0.04095940057596314
175104,0.04095676030974018
175360,0.040954069269166775
175616,0.040951530551644695
175872,0.04094889028542173
176128,0.040946148470497885
176384,0.04094340665557404
176640,0.040940715615000636
176896,0.04093817689747856
177152,0.04093558740560604
177408,0.04093294713938308
177664,0.040930408421861
177920,0.04092781892998848
178176,0.04092533098681684
178432,0.040922843043645206
178688,0.04092030432612313
178944,0.04091796870600281
179200,0.04091542998848074
179456,0.04091273894790734
179712,0.040910047907333935
179968,0.040907509189811855
180224,0.04090497047228977
180480,0.040902431754767696
180736,0.040899893037245616
180992,0.040897354319723536
181248,0.0408948663765519
181504,0.04089237843338027
181760,0.04088994126455907
182016,0.040887504095737874
182272,0.04088501615256624
182528,0.0408825282093946
182784,0.040879938717522074
183040,0.0408774
183296,0.04087492057048821
183552,0.040872441140976414
183808,0.040869862534284145
184064,0.0408670359846407
184320,0.04086425902358749
184576,0.04086173000548546
184832,0.04085925057597367
185088,0.04085677114646188
185344,0.040854142951179374
185600,0.04085156434448711
185856,0.04084834108612177
186112,0.040844721119034554
186368,0.040841150740537575
186624,0.04083837377948437
186880,0.04083564640702139
187136,0.04083301821173889
187392,0.04083043960504663
187648,0.0408279105869446
187904,0.04082533198025233
188160,0.0408228029621503
188416,0.040820075589687324
188672,0.04081680274273176
188928,0.0408135298957762
189184,0.04081065375754251
189440,0.040808025562260014
189696,0.04080539736697751
189952,0.04080296752605595
190208,0.04080048809654416
190464,0.040798008667032364
190720,0.040795330883159626
190976,0.04079270268787712
191232,0.04078045430608886
191488,0.0407654289632474
191744,0.04074827131102578
192000,0.04072114635216676
192256,0.04069402139330773
192512,0.04068102918266593
192768,0.04067840098738343
193024,0.040675822380691166
193280,0.04067334295117937
193536,0.04067086352166758
193792,0.040668334503565544
194048,0.04066585507405376
194304,0.04066337564454196
194560,0.040660797037849694
194816,0.04065821843115743
195072,0.04065563982446516
195328,0.0406530612177729
195584,0.0406504330224904
195840,0.04064790400438837
196096,0.040645424574876576
196352,0.04064289555677455
196608,0.04064041612726275
196864,0.04063788710916073
197120,0.04063530850246845
197376,0.040632581130005486
197632,0.04062985375754251
197888,0.04062742391662095
198144,0.04062504366428963
198400,0.04062261382336807
198656,0.04062003521667581
198912,0.04061750619857378
199168,0.04061492759188151
199424,0.04061234898518924
199680,0.040609819967087214
199936,0.04060734053757542
200192,0.04060491069665386
200448,0.04060238167855183
200704,0.04059975348326934
200960,0.040597125287986834
201216,0.040594596269884806
201472,0.04059211684037301
201728,0.04058958782227098
201984,0.040587009215578715
202240,0.04058438102029621
202496,0.040581852002194184
202752,0.04057937257268239
203008,0.04057689314317059
203264,0.0405744137136588
203520,0.04057193428414701
203776,0.04056940526604498
204032,0.04056682665935271
204288,0.04056424805266044
204544,0.040561570268787706
204800,0.040558892484914975
205056,0.040556313878222706
205312,0.040553884037301154
205568,0.040551454196379594
205824,0.04054897476686779
206080,0.040546495337356
206336,0.04054401590784421
206592,0.04054143730115194
206848,0.040538858694459674
207104,0.040536329676357646
207360,0.04053389983543609
207616,0.04053142040592429
207872,0.040528891387822265
208128,0.04052641195831047
208384,0.04052383335161821
208640,0.040521155567745465
208896,0.0405184281952825
209152,0.0405158
209408,0.04051312576891106
209664,0.040510501995012466
209920,0.04050802959268495
210176,0.040505557190357436
210432,0.0405029838736492
210688,0.04050036009975062
210944,0.040497685868661676
211200,0.04049511255195345
211456,0.04049248877805486
211712,0.04048981454696591
211968,0.04048708985868662
212224,0.04048431471321695
212480,0.04048174139650873
212736,0.04047921853699085
212992,0.04047659476309227
213248,0.04047387007481296
213504,0.0404710949293433
213760,0.04046847115544472
214016,0.04046589783873649
214272,0.04046337497921862
214528,0.04046085211970074
214784,0.040458329260182876
215040,0.04045570548628429
215296,0.0404530817123857
215552,0.04045040748129675
215808,0.04044788462177889
216064,0.040445412219451374
216320,0.040442889359933495
216576,0.04044036650041563
216832,0.04043784364089775
217088,0.04043537123857024
217344,0.04043289883624272
217600,0.04043042643391521
217856,0.040427802660016623
218112,0.040425229343308396
218368,0.040422555112219455
218624,0.04041993133832086
218880,0.040417257107231916
219136,0.04041463333333333
219392,0.040411959102244384
219648,0.04040928487115544
219904,0.040406610640066495
220160,0.040403936408977555
220416,0.040401413549459676
220672,0.04039894114713217
220928,0.0403964182876143
221184,0.04039394588528678
221440,0.04039142302576891
221696,0.04038884970906068
221952,0.0403862259351621
222208,0.04038355170407315
222464,0.04038087747298421
222720,0.04037820324189526
222976,0.04037562992518703
223232,0.04037315752285952
223488,0.040370685120532004
223744,0.04036811180382377
224000,0.040365588944305905
224256,0.04036306608478803
224512,0.040360543225270155
224768,0.04035807082294264
225024,0.04035539659185369
225280,0.04035272236076475
225536,0.04035009858686617
225792,0.040347575727348296
226048,0.040345052867830425
226304,0.04034258046550291
226560,0.040340108063175395
226816,0.04033763566084788
227072,0.04033496142975893
227328,0.04033228719866999
227584,0.040329562510390694
227840,0.040326787364921034
228096,0.04032406267664173
228352,0.040321438902743145
228608,0.04031881512884456
228864,0.04031619135494596
229120,0.04031356758104738
229376,0.040310943807148794
229632,0.04030897597672486
229888,0.040307109060681634
230144,0.04030534305901912
230400,0.04030372842892768
230656,0.04030211379883624
230912,0.04030044871155445
231168,0.040298733167082296
231424,0.04029701762261014
231680,0.04029530207813799
231936,0.04029358653366583
232192,0.0402919719035744
232448,0.04029045818786368
232704,0.0402888940149626
232960,0.04028727938487116
233216,0.040285664754779724
233472,0.04028410058187864
233728,0.040282637323358274
233984,0.040281123607647545
234240,0.04027955943474647
234496,0.04027794480465503
234752,0.04027633017456359
235008,0.0402746650872818
235264,0.040273
235520,0.040271302042042045
235776,0.04026965402402403
236032,0.04026800600600601
236288,0.04026645786786787
236544,0.04026490972972973
236800,0.04026326171171171
237056,0.040261613693693694
237312,0.04025996567567568
237568,0.04025826771771772
237824,0.0402566196996997
238080,0.040254971681681684
238336,0.04025337360360361
238592,0.04025172558558559
238848,0.04025002762762763
239104,0.04024832966966967
239360,0.040246681651651656
239616,0.04024508357357358
239872,0.040243535435435435
240128,0.04024188741741742
240384,0.0402402393993994
240640,0.04023854144144144
240896,0.04023689342342343
241152,0.040235195465465466
241408,0.04023344756756757
241664,0.04023164972972973
241920,0.0402298518918919
242176,0.04022815393393394
242432,0.040226406036036035
242688,0.04022470807807808
242944,0.04022301012012012
243200,0.04022126222222222
243456,0.040219714084084084
243712,0.04021821588588589
243968,0.04021666774774775
244224,0.04021506966966967
244480,0.040213471591591596
244736,0.04021182357357358
244992,0.04021012561561562
245248,0.0402084775975976
245504,0.04020687951951952
245760,0.04020528144144144
246016,0.040203683363363364
246272,0.04020203534534535
246528,0.04020043726726727
246784,0.040198889129129126
247040,0.040197340990990996
247296,0.04019569297297298
247552,0.04019399501501502
247808,0.04019229705705706
248064,0.040190649039039045
248320,0.04018900102102102
248576,0.04018730306306306
248832,0.040185605105105104
249088,0.04018385720720721
249344,0.04018235900900901
249600,0.04018091075075075
249856,0.04017941255255255
250112,0.04017766465465465
250368,0.04017591675675676
250624,0.04017436861861862
250880,0.04017292036036036
251136,0.040171372222222224
251392,0.040169524444444445
251648,0.04016772660660661
251904,0.040166028648648655
252160,0.04016438063063064
252416,0.04016278255255255
252672,0.040161184474474476
252928,0.04015953645645646
253184,0.04015793837837838
253440,0.040156340300300304
253696,0.04015474222222222
253952,0.04015319408408408
254208,0.040151645945945946
254464,0.04014999792792793
254720,0.04014825003003003
254976,0.04014645219219219
255232,0.040144953993993995
255488,0.04014355567567568
255744,0.040142107417417416
256000,0.040140509339339346
256256,0.04013891126126126
256512,0.040137263243243244
256768,0.04013566516516517
257024,0.04013401714714714
257280,0.04013231918918919
257536,0.040130621231231234
257792,0.04012897321321321
258048,0.04012737513513514
258304,0.04012577705705706
258560,0.040124129039039044
258816,0.04012253096096096
259072,0.04012098282282283
259328,0.04011948462462463
259584,0.04011803636636637
259840,0.04011628846846847
260096,0.04011459051051051
260352,0.04011289255255255
260608,0.04011134441441442
260864,0.040109796276276276
261120,0.04010824813813814
